[2024-10-13T09:27:15.788+0000] {processor.py:156} INFO - Started process (PID=89) to work on /home/airflow/.local/lib/python3.7/site-packages/airflow/example_dags/example_skip_dag.py
[2024-10-13T09:27:15.789+0000] {processor.py:799} INFO - Processing file /home/airflow/.local/lib/python3.7/site-packages/airflow/example_dags/example_skip_dag.py for tasks to queue
[2024-10-13T09:27:15.789+0000] {logging_mixin.py:149} INFO - [2024-10-13T09:27:15.789+0000] {dagbag.py:541} INFO - Filling up the DagBag from /home/airflow/.local/lib/python3.7/site-packages/airflow/example_dags/example_skip_dag.py
[2024-10-13T09:27:15.798+0000] {processor.py:809} INFO - DAG(s) dict_keys(['example_skip_dag']) retrieved from /home/airflow/.local/lib/python3.7/site-packages/airflow/example_dags/example_skip_dag.py
[2024-10-13T09:27:15.928+0000] {logging_mixin.py:149} INFO - [2024-10-13T09:27:15.928+0000] {manager.py:504} INFO - Created Permission View: can edit on DAG:example_skip_dag
[2024-10-13T09:27:15.938+0000] {logging_mixin.py:149} INFO - [2024-10-13T09:27:15.938+0000] {manager.py:504} INFO - Created Permission View: can read on DAG:example_skip_dag
[2024-10-13T09:27:15.945+0000] {logging_mixin.py:149} INFO - [2024-10-13T09:27:15.945+0000] {manager.py:504} INFO - Created Permission View: can delete on DAG:example_skip_dag
[2024-10-13T09:27:15.946+0000] {logging_mixin.py:149} INFO - [2024-10-13T09:27:15.946+0000] {dag.py:2726} INFO - Sync 1 DAGs
[2024-10-13T09:27:15.960+0000] {logging_mixin.py:149} INFO - [2024-10-13T09:27:15.960+0000] {dag.py:2747} INFO - Creating ORM DAG for example_skip_dag
[2024-10-13T09:27:15.972+0000] {logging_mixin.py:149} INFO - [2024-10-13T09:27:15.972+0000] {dag.py:3490} INFO - Setting next_dagrun for example_skip_dag to 2024-10-12T09:27:15.972633+00:00, run_after=2024-10-13T09:27:15.972633+00:00
[2024-10-13T09:27:15.993+0000] {processor.py:178} INFO - Processing /home/airflow/.local/lib/python3.7/site-packages/airflow/example_dags/example_skip_dag.py took 0.209 seconds
[2024-10-13T09:27:46.672+0000] {processor.py:156} INFO - Started process (PID=150) to work on /home/airflow/.local/lib/python3.7/site-packages/airflow/example_dags/example_skip_dag.py
[2024-10-13T09:27:46.673+0000] {processor.py:799} INFO - Processing file /home/airflow/.local/lib/python3.7/site-packages/airflow/example_dags/example_skip_dag.py for tasks to queue
[2024-10-13T09:27:46.674+0000] {logging_mixin.py:149} INFO - [2024-10-13T09:27:46.674+0000] {dagbag.py:541} INFO - Filling up the DagBag from /home/airflow/.local/lib/python3.7/site-packages/airflow/example_dags/example_skip_dag.py
[2024-10-13T09:27:46.681+0000] {processor.py:809} INFO - DAG(s) dict_keys(['example_skip_dag']) retrieved from /home/airflow/.local/lib/python3.7/site-packages/airflow/example_dags/example_skip_dag.py
[2024-10-13T09:27:46.708+0000] {logging_mixin.py:149} INFO - [2024-10-13T09:27:46.708+0000] {dag.py:2726} INFO - Sync 1 DAGs
[2024-10-13T09:27:46.736+0000] {logging_mixin.py:149} INFO - [2024-10-13T09:27:46.735+0000] {dag.py:3490} INFO - Setting next_dagrun for example_skip_dag to 2024-10-12T09:27:46.735660+00:00, run_after=2024-10-13T09:27:46.735660+00:00
[2024-10-13T09:27:46.754+0000] {processor.py:178} INFO - Processing /home/airflow/.local/lib/python3.7/site-packages/airflow/example_dags/example_skip_dag.py took 0.085 seconds
[2024-10-13T09:28:17.119+0000] {processor.py:156} INFO - Started process (PID=211) to work on /home/airflow/.local/lib/python3.7/site-packages/airflow/example_dags/example_skip_dag.py
[2024-10-13T09:28:17.120+0000] {processor.py:799} INFO - Processing file /home/airflow/.local/lib/python3.7/site-packages/airflow/example_dags/example_skip_dag.py for tasks to queue
[2024-10-13T09:28:17.121+0000] {logging_mixin.py:149} INFO - [2024-10-13T09:28:17.120+0000] {dagbag.py:541} INFO - Filling up the DagBag from /home/airflow/.local/lib/python3.7/site-packages/airflow/example_dags/example_skip_dag.py
[2024-10-13T09:28:17.128+0000] {processor.py:809} INFO - DAG(s) dict_keys(['example_skip_dag']) retrieved from /home/airflow/.local/lib/python3.7/site-packages/airflow/example_dags/example_skip_dag.py
[2024-10-13T09:28:17.166+0000] {logging_mixin.py:149} INFO - [2024-10-13T09:28:17.166+0000] {dag.py:2726} INFO - Sync 1 DAGs
[2024-10-13T09:28:17.195+0000] {logging_mixin.py:149} INFO - [2024-10-13T09:28:17.195+0000] {dag.py:3490} INFO - Setting next_dagrun for example_skip_dag to 2024-10-12T09:28:17.194969+00:00, run_after=2024-10-13T09:28:17.194969+00:00
[2024-10-13T09:28:17.213+0000] {processor.py:178} INFO - Processing /home/airflow/.local/lib/python3.7/site-packages/airflow/example_dags/example_skip_dag.py took 0.098 seconds
[2024-10-13T09:28:47.333+0000] {processor.py:156} INFO - Started process (PID=272) to work on /home/airflow/.local/lib/python3.7/site-packages/airflow/example_dags/example_skip_dag.py
[2024-10-13T09:28:47.334+0000] {processor.py:799} INFO - Processing file /home/airflow/.local/lib/python3.7/site-packages/airflow/example_dags/example_skip_dag.py for tasks to queue
[2024-10-13T09:28:47.334+0000] {logging_mixin.py:149} INFO - [2024-10-13T09:28:47.334+0000] {dagbag.py:541} INFO - Filling up the DagBag from /home/airflow/.local/lib/python3.7/site-packages/airflow/example_dags/example_skip_dag.py
[2024-10-13T09:28:47.343+0000] {processor.py:809} INFO - DAG(s) dict_keys(['example_skip_dag']) retrieved from /home/airflow/.local/lib/python3.7/site-packages/airflow/example_dags/example_skip_dag.py
[2024-10-13T09:28:47.376+0000] {logging_mixin.py:149} INFO - [2024-10-13T09:28:47.376+0000] {dag.py:2726} INFO - Sync 1 DAGs
[2024-10-13T09:28:47.413+0000] {logging_mixin.py:149} INFO - [2024-10-13T09:28:47.413+0000] {dag.py:3490} INFO - Setting next_dagrun for example_skip_dag to 2024-10-12T09:28:47.413024+00:00, run_after=2024-10-13T09:28:47.413024+00:00
[2024-10-13T09:28:47.441+0000] {processor.py:178} INFO - Processing /home/airflow/.local/lib/python3.7/site-packages/airflow/example_dags/example_skip_dag.py took 0.113 seconds
[2024-10-13T09:29:17.932+0000] {processor.py:156} INFO - Started process (PID=333) to work on /home/airflow/.local/lib/python3.7/site-packages/airflow/example_dags/example_skip_dag.py
[2024-10-13T09:29:17.933+0000] {processor.py:799} INFO - Processing file /home/airflow/.local/lib/python3.7/site-packages/airflow/example_dags/example_skip_dag.py for tasks to queue
[2024-10-13T09:29:17.934+0000] {logging_mixin.py:149} INFO - [2024-10-13T09:29:17.934+0000] {dagbag.py:541} INFO - Filling up the DagBag from /home/airflow/.local/lib/python3.7/site-packages/airflow/example_dags/example_skip_dag.py
[2024-10-13T09:29:17.942+0000] {processor.py:809} INFO - DAG(s) dict_keys(['example_skip_dag']) retrieved from /home/airflow/.local/lib/python3.7/site-packages/airflow/example_dags/example_skip_dag.py
[2024-10-13T09:29:17.975+0000] {logging_mixin.py:149} INFO - [2024-10-13T09:29:17.975+0000] {dag.py:2726} INFO - Sync 1 DAGs
[2024-10-13T09:29:18.016+0000] {logging_mixin.py:149} INFO - [2024-10-13T09:29:18.016+0000] {dag.py:3490} INFO - Setting next_dagrun for example_skip_dag to 2024-10-12T09:29:18.015737+00:00, run_after=2024-10-13T09:29:18.015737+00:00
[2024-10-13T09:29:18.045+0000] {processor.py:178} INFO - Processing /home/airflow/.local/lib/python3.7/site-packages/airflow/example_dags/example_skip_dag.py took 0.117 seconds
[2024-10-13T09:29:48.307+0000] {processor.py:156} INFO - Started process (PID=394) to work on /home/airflow/.local/lib/python3.7/site-packages/airflow/example_dags/example_skip_dag.py
[2024-10-13T09:29:48.308+0000] {processor.py:799} INFO - Processing file /home/airflow/.local/lib/python3.7/site-packages/airflow/example_dags/example_skip_dag.py for tasks to queue
[2024-10-13T09:29:48.309+0000] {logging_mixin.py:149} INFO - [2024-10-13T09:29:48.308+0000] {dagbag.py:541} INFO - Filling up the DagBag from /home/airflow/.local/lib/python3.7/site-packages/airflow/example_dags/example_skip_dag.py
[2024-10-13T09:29:48.317+0000] {processor.py:809} INFO - DAG(s) dict_keys(['example_skip_dag']) retrieved from /home/airflow/.local/lib/python3.7/site-packages/airflow/example_dags/example_skip_dag.py
[2024-10-13T09:29:48.345+0000] {logging_mixin.py:149} INFO - [2024-10-13T09:29:48.345+0000] {dag.py:2726} INFO - Sync 1 DAGs
[2024-10-13T09:29:48.373+0000] {logging_mixin.py:149} INFO - [2024-10-13T09:29:48.373+0000] {dag.py:3490} INFO - Setting next_dagrun for example_skip_dag to 2024-10-12T09:29:48.373293+00:00, run_after=2024-10-13T09:29:48.373293+00:00
[2024-10-13T09:29:48.398+0000] {processor.py:178} INFO - Processing /home/airflow/.local/lib/python3.7/site-packages/airflow/example_dags/example_skip_dag.py took 0.096 seconds
[2024-10-13T09:30:18.855+0000] {processor.py:156} INFO - Started process (PID=455) to work on /home/airflow/.local/lib/python3.7/site-packages/airflow/example_dags/example_skip_dag.py
[2024-10-13T09:30:18.856+0000] {processor.py:799} INFO - Processing file /home/airflow/.local/lib/python3.7/site-packages/airflow/example_dags/example_skip_dag.py for tasks to queue
[2024-10-13T09:30:18.857+0000] {logging_mixin.py:149} INFO - [2024-10-13T09:30:18.857+0000] {dagbag.py:541} INFO - Filling up the DagBag from /home/airflow/.local/lib/python3.7/site-packages/airflow/example_dags/example_skip_dag.py
[2024-10-13T09:30:18.866+0000] {processor.py:809} INFO - DAG(s) dict_keys(['example_skip_dag']) retrieved from /home/airflow/.local/lib/python3.7/site-packages/airflow/example_dags/example_skip_dag.py
[2024-10-13T09:30:18.904+0000] {logging_mixin.py:149} INFO - [2024-10-13T09:30:18.903+0000] {dag.py:2726} INFO - Sync 1 DAGs
[2024-10-13T09:30:18.946+0000] {logging_mixin.py:149} INFO - [2024-10-13T09:30:18.945+0000] {dag.py:3490} INFO - Setting next_dagrun for example_skip_dag to 2024-10-12T09:30:18.945384+00:00, run_after=2024-10-13T09:30:18.945384+00:00
[2024-10-13T09:30:18.974+0000] {processor.py:178} INFO - Processing /home/airflow/.local/lib/python3.7/site-packages/airflow/example_dags/example_skip_dag.py took 0.123 seconds
[2024-10-13T09:30:49.649+0000] {processor.py:156} INFO - Started process (PID=516) to work on /home/airflow/.local/lib/python3.7/site-packages/airflow/example_dags/example_skip_dag.py
[2024-10-13T09:30:49.651+0000] {processor.py:799} INFO - Processing file /home/airflow/.local/lib/python3.7/site-packages/airflow/example_dags/example_skip_dag.py for tasks to queue
[2024-10-13T09:30:49.652+0000] {logging_mixin.py:149} INFO - [2024-10-13T09:30:49.652+0000] {dagbag.py:541} INFO - Filling up the DagBag from /home/airflow/.local/lib/python3.7/site-packages/airflow/example_dags/example_skip_dag.py
[2024-10-13T09:30:49.665+0000] {processor.py:809} INFO - DAG(s) dict_keys(['example_skip_dag']) retrieved from /home/airflow/.local/lib/python3.7/site-packages/airflow/example_dags/example_skip_dag.py
[2024-10-13T09:30:49.704+0000] {logging_mixin.py:149} INFO - [2024-10-13T09:30:49.703+0000] {dag.py:2726} INFO - Sync 1 DAGs
[2024-10-13T09:30:49.754+0000] {logging_mixin.py:149} INFO - [2024-10-13T09:30:49.754+0000] {dag.py:3490} INFO - Setting next_dagrun for example_skip_dag to 2024-10-12T09:30:49.754496+00:00, run_after=2024-10-13T09:30:49.754496+00:00
[2024-10-13T09:30:49.789+0000] {processor.py:178} INFO - Processing /home/airflow/.local/lib/python3.7/site-packages/airflow/example_dags/example_skip_dag.py took 0.146 seconds
[2024-10-13T09:31:20.176+0000] {processor.py:156} INFO - Started process (PID=577) to work on /home/airflow/.local/lib/python3.7/site-packages/airflow/example_dags/example_skip_dag.py
[2024-10-13T09:31:20.177+0000] {processor.py:799} INFO - Processing file /home/airflow/.local/lib/python3.7/site-packages/airflow/example_dags/example_skip_dag.py for tasks to queue
[2024-10-13T09:31:20.178+0000] {logging_mixin.py:149} INFO - [2024-10-13T09:31:20.178+0000] {dagbag.py:541} INFO - Filling up the DagBag from /home/airflow/.local/lib/python3.7/site-packages/airflow/example_dags/example_skip_dag.py
[2024-10-13T09:31:20.188+0000] {processor.py:809} INFO - DAG(s) dict_keys(['example_skip_dag']) retrieved from /home/airflow/.local/lib/python3.7/site-packages/airflow/example_dags/example_skip_dag.py
[2024-10-13T09:31:20.223+0000] {logging_mixin.py:149} INFO - [2024-10-13T09:31:20.223+0000] {dag.py:2726} INFO - Sync 1 DAGs
[2024-10-13T09:31:20.269+0000] {logging_mixin.py:149} INFO - [2024-10-13T09:31:20.268+0000] {dag.py:3490} INFO - Setting next_dagrun for example_skip_dag to 2024-10-12T09:31:20.268474+00:00, run_after=2024-10-13T09:31:20.268474+00:00
[2024-10-13T09:31:20.299+0000] {processor.py:178} INFO - Processing /home/airflow/.local/lib/python3.7/site-packages/airflow/example_dags/example_skip_dag.py took 0.126 seconds
[2024-10-13T09:31:51.154+0000] {processor.py:156} INFO - Started process (PID=638) to work on /home/airflow/.local/lib/python3.7/site-packages/airflow/example_dags/example_skip_dag.py
[2024-10-13T09:31:51.155+0000] {processor.py:799} INFO - Processing file /home/airflow/.local/lib/python3.7/site-packages/airflow/example_dags/example_skip_dag.py for tasks to queue
[2024-10-13T09:31:51.156+0000] {logging_mixin.py:149} INFO - [2024-10-13T09:31:51.155+0000] {dagbag.py:541} INFO - Filling up the DagBag from /home/airflow/.local/lib/python3.7/site-packages/airflow/example_dags/example_skip_dag.py
[2024-10-13T09:31:51.164+0000] {processor.py:809} INFO - DAG(s) dict_keys(['example_skip_dag']) retrieved from /home/airflow/.local/lib/python3.7/site-packages/airflow/example_dags/example_skip_dag.py
[2024-10-13T09:31:51.191+0000] {logging_mixin.py:149} INFO - [2024-10-13T09:31:51.191+0000] {dag.py:2726} INFO - Sync 1 DAGs
[2024-10-13T09:31:51.219+0000] {logging_mixin.py:149} INFO - [2024-10-13T09:31:51.219+0000] {dag.py:3490} INFO - Setting next_dagrun for example_skip_dag to 2024-10-12T09:31:51.218869+00:00, run_after=2024-10-13T09:31:51.218869+00:00
[2024-10-13T09:31:51.241+0000] {processor.py:178} INFO - Processing /home/airflow/.local/lib/python3.7/site-packages/airflow/example_dags/example_skip_dag.py took 0.091 seconds
[2024-10-13T09:32:21.541+0000] {processor.py:156} INFO - Started process (PID=699) to work on /home/airflow/.local/lib/python3.7/site-packages/airflow/example_dags/example_skip_dag.py
[2024-10-13T09:32:21.541+0000] {processor.py:799} INFO - Processing file /home/airflow/.local/lib/python3.7/site-packages/airflow/example_dags/example_skip_dag.py for tasks to queue
[2024-10-13T09:32:21.542+0000] {logging_mixin.py:149} INFO - [2024-10-13T09:32:21.542+0000] {dagbag.py:541} INFO - Filling up the DagBag from /home/airflow/.local/lib/python3.7/site-packages/airflow/example_dags/example_skip_dag.py
[2024-10-13T09:32:21.551+0000] {processor.py:809} INFO - DAG(s) dict_keys(['example_skip_dag']) retrieved from /home/airflow/.local/lib/python3.7/site-packages/airflow/example_dags/example_skip_dag.py
[2024-10-13T09:32:21.580+0000] {logging_mixin.py:149} INFO - [2024-10-13T09:32:21.580+0000] {dag.py:2726} INFO - Sync 1 DAGs
[2024-10-13T09:32:21.609+0000] {logging_mixin.py:149} INFO - [2024-10-13T09:32:21.609+0000] {dag.py:3490} INFO - Setting next_dagrun for example_skip_dag to 2024-10-12T09:32:21.608918+00:00, run_after=2024-10-13T09:32:21.608918+00:00
[2024-10-13T09:32:21.629+0000] {processor.py:178} INFO - Processing /home/airflow/.local/lib/python3.7/site-packages/airflow/example_dags/example_skip_dag.py took 0.091 seconds
[2024-10-13T09:32:52.335+0000] {processor.py:156} INFO - Started process (PID=760) to work on /home/airflow/.local/lib/python3.7/site-packages/airflow/example_dags/example_skip_dag.py
[2024-10-13T09:32:52.336+0000] {processor.py:799} INFO - Processing file /home/airflow/.local/lib/python3.7/site-packages/airflow/example_dags/example_skip_dag.py for tasks to queue
[2024-10-13T09:32:52.337+0000] {logging_mixin.py:149} INFO - [2024-10-13T09:32:52.336+0000] {dagbag.py:541} INFO - Filling up the DagBag from /home/airflow/.local/lib/python3.7/site-packages/airflow/example_dags/example_skip_dag.py
[2024-10-13T09:32:52.346+0000] {processor.py:809} INFO - DAG(s) dict_keys(['example_skip_dag']) retrieved from /home/airflow/.local/lib/python3.7/site-packages/airflow/example_dags/example_skip_dag.py
[2024-10-13T09:32:52.381+0000] {logging_mixin.py:149} INFO - [2024-10-13T09:32:52.380+0000] {dag.py:2726} INFO - Sync 1 DAGs
[2024-10-13T09:32:52.428+0000] {logging_mixin.py:149} INFO - [2024-10-13T09:32:52.428+0000] {dag.py:3490} INFO - Setting next_dagrun for example_skip_dag to 2024-10-12T09:32:52.428314+00:00, run_after=2024-10-13T09:32:52.428314+00:00
[2024-10-13T09:32:52.456+0000] {processor.py:178} INFO - Processing /home/airflow/.local/lib/python3.7/site-packages/airflow/example_dags/example_skip_dag.py took 0.125 seconds
[2024-10-13T09:33:23.079+0000] {processor.py:156} INFO - Started process (PID=821) to work on /home/airflow/.local/lib/python3.7/site-packages/airflow/example_dags/example_skip_dag.py
[2024-10-13T09:33:23.080+0000] {processor.py:799} INFO - Processing file /home/airflow/.local/lib/python3.7/site-packages/airflow/example_dags/example_skip_dag.py for tasks to queue
[2024-10-13T09:33:23.080+0000] {logging_mixin.py:149} INFO - [2024-10-13T09:33:23.080+0000] {dagbag.py:541} INFO - Filling up the DagBag from /home/airflow/.local/lib/python3.7/site-packages/airflow/example_dags/example_skip_dag.py
[2024-10-13T09:33:23.089+0000] {processor.py:809} INFO - DAG(s) dict_keys(['example_skip_dag']) retrieved from /home/airflow/.local/lib/python3.7/site-packages/airflow/example_dags/example_skip_dag.py
[2024-10-13T09:33:23.128+0000] {logging_mixin.py:149} INFO - [2024-10-13T09:33:23.128+0000] {dag.py:2726} INFO - Sync 1 DAGs
[2024-10-13T09:33:23.175+0000] {logging_mixin.py:149} INFO - [2024-10-13T09:33:23.174+0000] {dag.py:3490} INFO - Setting next_dagrun for example_skip_dag to 2024-10-12T09:33:23.174422+00:00, run_after=2024-10-13T09:33:23.174422+00:00
[2024-10-13T09:33:23.203+0000] {processor.py:178} INFO - Processing /home/airflow/.local/lib/python3.7/site-packages/airflow/example_dags/example_skip_dag.py took 0.129 seconds
[2024-10-13T09:33:53.637+0000] {processor.py:156} INFO - Started process (PID=883) to work on /home/airflow/.local/lib/python3.7/site-packages/airflow/example_dags/example_skip_dag.py
[2024-10-13T09:33:53.638+0000] {processor.py:799} INFO - Processing file /home/airflow/.local/lib/python3.7/site-packages/airflow/example_dags/example_skip_dag.py for tasks to queue
[2024-10-13T09:33:53.639+0000] {logging_mixin.py:149} INFO - [2024-10-13T09:33:53.639+0000] {dagbag.py:541} INFO - Filling up the DagBag from /home/airflow/.local/lib/python3.7/site-packages/airflow/example_dags/example_skip_dag.py
[2024-10-13T09:33:53.646+0000] {processor.py:809} INFO - DAG(s) dict_keys(['example_skip_dag']) retrieved from /home/airflow/.local/lib/python3.7/site-packages/airflow/example_dags/example_skip_dag.py
[2024-10-13T09:33:53.675+0000] {logging_mixin.py:149} INFO - [2024-10-13T09:33:53.674+0000] {dag.py:2726} INFO - Sync 1 DAGs
[2024-10-13T09:33:53.706+0000] {logging_mixin.py:149} INFO - [2024-10-13T09:33:53.705+0000] {dag.py:3490} INFO - Setting next_dagrun for example_skip_dag to 2024-10-12T09:33:53.705476+00:00, run_after=2024-10-13T09:33:53.705476+00:00
[2024-10-13T09:33:53.727+0000] {processor.py:178} INFO - Processing /home/airflow/.local/lib/python3.7/site-packages/airflow/example_dags/example_skip_dag.py took 0.093 seconds
[2024-10-13T09:34:24.305+0000] {processor.py:156} INFO - Started process (PID=944) to work on /home/airflow/.local/lib/python3.7/site-packages/airflow/example_dags/example_skip_dag.py
[2024-10-13T09:34:24.306+0000] {processor.py:799} INFO - Processing file /home/airflow/.local/lib/python3.7/site-packages/airflow/example_dags/example_skip_dag.py for tasks to queue
[2024-10-13T09:34:24.306+0000] {logging_mixin.py:149} INFO - [2024-10-13T09:34:24.306+0000] {dagbag.py:541} INFO - Filling up the DagBag from /home/airflow/.local/lib/python3.7/site-packages/airflow/example_dags/example_skip_dag.py
[2024-10-13T09:34:24.314+0000] {processor.py:809} INFO - DAG(s) dict_keys(['example_skip_dag']) retrieved from /home/airflow/.local/lib/python3.7/site-packages/airflow/example_dags/example_skip_dag.py
[2024-10-13T09:34:24.342+0000] {logging_mixin.py:149} INFO - [2024-10-13T09:34:24.342+0000] {dag.py:2726} INFO - Sync 1 DAGs
[2024-10-13T09:34:24.372+0000] {logging_mixin.py:149} INFO - [2024-10-13T09:34:24.372+0000] {dag.py:3490} INFO - Setting next_dagrun for example_skip_dag to 2024-10-12T09:34:24.372139+00:00, run_after=2024-10-13T09:34:24.372139+00:00
[2024-10-13T09:34:24.391+0000] {processor.py:178} INFO - Processing /home/airflow/.local/lib/python3.7/site-packages/airflow/example_dags/example_skip_dag.py took 0.091 seconds
[2024-10-13T09:34:54.754+0000] {processor.py:156} INFO - Started process (PID=1005) to work on /home/airflow/.local/lib/python3.7/site-packages/airflow/example_dags/example_skip_dag.py
[2024-10-13T09:34:54.755+0000] {processor.py:799} INFO - Processing file /home/airflow/.local/lib/python3.7/site-packages/airflow/example_dags/example_skip_dag.py for tasks to queue
[2024-10-13T09:34:54.756+0000] {logging_mixin.py:149} INFO - [2024-10-13T09:34:54.755+0000] {dagbag.py:541} INFO - Filling up the DagBag from /home/airflow/.local/lib/python3.7/site-packages/airflow/example_dags/example_skip_dag.py
[2024-10-13T09:34:54.764+0000] {processor.py:809} INFO - DAG(s) dict_keys(['example_skip_dag']) retrieved from /home/airflow/.local/lib/python3.7/site-packages/airflow/example_dags/example_skip_dag.py
[2024-10-13T09:34:54.797+0000] {logging_mixin.py:149} INFO - [2024-10-13T09:34:54.797+0000] {dag.py:2726} INFO - Sync 1 DAGs
[2024-10-13T09:34:54.829+0000] {logging_mixin.py:149} INFO - [2024-10-13T09:34:54.829+0000] {dag.py:3490} INFO - Setting next_dagrun for example_skip_dag to 2024-10-12T09:34:54.829552+00:00, run_after=2024-10-13T09:34:54.829552+00:00
[2024-10-13T09:34:54.852+0000] {processor.py:178} INFO - Processing /home/airflow/.local/lib/python3.7/site-packages/airflow/example_dags/example_skip_dag.py took 0.102 seconds
[2024-10-13T09:35:25.849+0000] {processor.py:156} INFO - Started process (PID=1075) to work on /home/airflow/.local/lib/python3.7/site-packages/airflow/example_dags/example_skip_dag.py
[2024-10-13T09:35:25.850+0000] {processor.py:799} INFO - Processing file /home/airflow/.local/lib/python3.7/site-packages/airflow/example_dags/example_skip_dag.py for tasks to queue
[2024-10-13T09:35:25.851+0000] {logging_mixin.py:149} INFO - [2024-10-13T09:35:25.851+0000] {dagbag.py:541} INFO - Filling up the DagBag from /home/airflow/.local/lib/python3.7/site-packages/airflow/example_dags/example_skip_dag.py
[2024-10-13T09:35:25.859+0000] {processor.py:809} INFO - DAG(s) dict_keys(['example_skip_dag']) retrieved from /home/airflow/.local/lib/python3.7/site-packages/airflow/example_dags/example_skip_dag.py
[2024-10-13T09:35:25.893+0000] {logging_mixin.py:149} INFO - [2024-10-13T09:35:25.893+0000] {dag.py:2726} INFO - Sync 1 DAGs
[2024-10-13T09:35:25.926+0000] {logging_mixin.py:149} INFO - [2024-10-13T09:35:25.926+0000] {dag.py:3490} INFO - Setting next_dagrun for example_skip_dag to 2024-10-12T09:35:25.925973+00:00, run_after=2024-10-13T09:35:25.925973+00:00
[2024-10-13T09:35:25.954+0000] {processor.py:178} INFO - Processing /home/airflow/.local/lib/python3.7/site-packages/airflow/example_dags/example_skip_dag.py took 0.108 seconds
[2024-10-13T09:35:56.975+0000] {processor.py:156} INFO - Started process (PID=1136) to work on /home/airflow/.local/lib/python3.7/site-packages/airflow/example_dags/example_skip_dag.py
[2024-10-13T09:35:56.976+0000] {processor.py:799} INFO - Processing file /home/airflow/.local/lib/python3.7/site-packages/airflow/example_dags/example_skip_dag.py for tasks to queue
[2024-10-13T09:35:56.977+0000] {logging_mixin.py:149} INFO - [2024-10-13T09:35:56.977+0000] {dagbag.py:541} INFO - Filling up the DagBag from /home/airflow/.local/lib/python3.7/site-packages/airflow/example_dags/example_skip_dag.py
[2024-10-13T09:35:56.990+0000] {processor.py:809} INFO - DAG(s) dict_keys(['example_skip_dag']) retrieved from /home/airflow/.local/lib/python3.7/site-packages/airflow/example_dags/example_skip_dag.py
[2024-10-13T09:35:57.031+0000] {logging_mixin.py:149} INFO - [2024-10-13T09:35:57.031+0000] {dag.py:2726} INFO - Sync 1 DAGs
[2024-10-13T09:35:57.068+0000] {logging_mixin.py:149} INFO - [2024-10-13T09:35:57.068+0000] {dag.py:3490} INFO - Setting next_dagrun for example_skip_dag to 2024-10-12T09:35:57.068333+00:00, run_after=2024-10-13T09:35:57.068333+00:00
[2024-10-13T09:35:57.096+0000] {processor.py:178} INFO - Processing /home/airflow/.local/lib/python3.7/site-packages/airflow/example_dags/example_skip_dag.py took 0.126 seconds
[2024-10-13T09:36:27.273+0000] {processor.py:156} INFO - Started process (PID=1198) to work on /home/airflow/.local/lib/python3.7/site-packages/airflow/example_dags/example_skip_dag.py
[2024-10-13T09:36:27.274+0000] {processor.py:799} INFO - Processing file /home/airflow/.local/lib/python3.7/site-packages/airflow/example_dags/example_skip_dag.py for tasks to queue
[2024-10-13T09:36:27.275+0000] {logging_mixin.py:149} INFO - [2024-10-13T09:36:27.275+0000] {dagbag.py:541} INFO - Filling up the DagBag from /home/airflow/.local/lib/python3.7/site-packages/airflow/example_dags/example_skip_dag.py
[2024-10-13T09:36:27.283+0000] {processor.py:809} INFO - DAG(s) dict_keys(['example_skip_dag']) retrieved from /home/airflow/.local/lib/python3.7/site-packages/airflow/example_dags/example_skip_dag.py
[2024-10-13T09:36:27.311+0000] {logging_mixin.py:149} INFO - [2024-10-13T09:36:27.311+0000] {dag.py:2726} INFO - Sync 1 DAGs
[2024-10-13T09:36:27.346+0000] {logging_mixin.py:149} INFO - [2024-10-13T09:36:27.346+0000] {dag.py:3490} INFO - Setting next_dagrun for example_skip_dag to 2024-10-12T09:36:27.345909+00:00, run_after=2024-10-13T09:36:27.345909+00:00
[2024-10-13T09:36:27.377+0000] {processor.py:178} INFO - Processing /home/airflow/.local/lib/python3.7/site-packages/airflow/example_dags/example_skip_dag.py took 0.109 seconds
[2024-10-13T09:36:58.144+0000] {processor.py:156} INFO - Started process (PID=1259) to work on /home/airflow/.local/lib/python3.7/site-packages/airflow/example_dags/example_skip_dag.py
[2024-10-13T09:36:58.145+0000] {processor.py:799} INFO - Processing file /home/airflow/.local/lib/python3.7/site-packages/airflow/example_dags/example_skip_dag.py for tasks to queue
[2024-10-13T09:36:58.146+0000] {logging_mixin.py:149} INFO - [2024-10-13T09:36:58.146+0000] {dagbag.py:541} INFO - Filling up the DagBag from /home/airflow/.local/lib/python3.7/site-packages/airflow/example_dags/example_skip_dag.py
[2024-10-13T09:36:58.154+0000] {processor.py:809} INFO - DAG(s) dict_keys(['example_skip_dag']) retrieved from /home/airflow/.local/lib/python3.7/site-packages/airflow/example_dags/example_skip_dag.py
[2024-10-13T09:36:58.182+0000] {logging_mixin.py:149} INFO - [2024-10-13T09:36:58.182+0000] {dag.py:2726} INFO - Sync 1 DAGs
[2024-10-13T09:36:58.214+0000] {logging_mixin.py:149} INFO - [2024-10-13T09:36:58.214+0000] {dag.py:3490} INFO - Setting next_dagrun for example_skip_dag to 2024-10-12T09:36:58.213779+00:00, run_after=2024-10-13T09:36:58.213779+00:00
[2024-10-13T09:36:58.235+0000] {processor.py:178} INFO - Processing /home/airflow/.local/lib/python3.7/site-packages/airflow/example_dags/example_skip_dag.py took 0.095 seconds
[2024-10-13T09:37:28.654+0000] {processor.py:156} INFO - Started process (PID=1321) to work on /home/airflow/.local/lib/python3.7/site-packages/airflow/example_dags/example_skip_dag.py
[2024-10-13T09:37:28.655+0000] {processor.py:799} INFO - Processing file /home/airflow/.local/lib/python3.7/site-packages/airflow/example_dags/example_skip_dag.py for tasks to queue
[2024-10-13T09:37:28.656+0000] {logging_mixin.py:149} INFO - [2024-10-13T09:37:28.656+0000] {dagbag.py:541} INFO - Filling up the DagBag from /home/airflow/.local/lib/python3.7/site-packages/airflow/example_dags/example_skip_dag.py
[2024-10-13T09:37:28.668+0000] {processor.py:809} INFO - DAG(s) dict_keys(['example_skip_dag']) retrieved from /home/airflow/.local/lib/python3.7/site-packages/airflow/example_dags/example_skip_dag.py
[2024-10-13T09:37:28.700+0000] {logging_mixin.py:149} INFO - [2024-10-13T09:37:28.700+0000] {dag.py:2726} INFO - Sync 1 DAGs
[2024-10-13T09:37:28.731+0000] {logging_mixin.py:149} INFO - [2024-10-13T09:37:28.731+0000] {dag.py:3490} INFO - Setting next_dagrun for example_skip_dag to 2024-10-12T09:37:28.730897+00:00, run_after=2024-10-13T09:37:28.730897+00:00
[2024-10-13T09:37:28.754+0000] {processor.py:178} INFO - Processing /home/airflow/.local/lib/python3.7/site-packages/airflow/example_dags/example_skip_dag.py took 0.105 seconds
[2024-10-13T09:37:59.344+0000] {processor.py:156} INFO - Started process (PID=1381) to work on /home/airflow/.local/lib/python3.7/site-packages/airflow/example_dags/example_skip_dag.py
[2024-10-13T09:37:59.345+0000] {processor.py:799} INFO - Processing file /home/airflow/.local/lib/python3.7/site-packages/airflow/example_dags/example_skip_dag.py for tasks to queue
[2024-10-13T09:37:59.346+0000] {logging_mixin.py:149} INFO - [2024-10-13T09:37:59.346+0000] {dagbag.py:541} INFO - Filling up the DagBag from /home/airflow/.local/lib/python3.7/site-packages/airflow/example_dags/example_skip_dag.py
[2024-10-13T09:37:59.354+0000] {processor.py:809} INFO - DAG(s) dict_keys(['example_skip_dag']) retrieved from /home/airflow/.local/lib/python3.7/site-packages/airflow/example_dags/example_skip_dag.py
[2024-10-13T09:37:59.385+0000] {logging_mixin.py:149} INFO - [2024-10-13T09:37:59.385+0000] {dag.py:2726} INFO - Sync 1 DAGs
[2024-10-13T09:37:59.416+0000] {logging_mixin.py:149} INFO - [2024-10-13T09:37:59.416+0000] {dag.py:3490} INFO - Setting next_dagrun for example_skip_dag to 2024-10-12T09:37:59.415787+00:00, run_after=2024-10-13T09:37:59.415787+00:00
[2024-10-13T09:37:59.439+0000] {processor.py:178} INFO - Processing /home/airflow/.local/lib/python3.7/site-packages/airflow/example_dags/example_skip_dag.py took 0.098 seconds
[2024-10-13T09:38:30.002+0000] {processor.py:156} INFO - Started process (PID=1442) to work on /home/airflow/.local/lib/python3.7/site-packages/airflow/example_dags/example_skip_dag.py
[2024-10-13T09:38:30.003+0000] {processor.py:799} INFO - Processing file /home/airflow/.local/lib/python3.7/site-packages/airflow/example_dags/example_skip_dag.py for tasks to queue
[2024-10-13T09:38:30.004+0000] {logging_mixin.py:149} INFO - [2024-10-13T09:38:30.003+0000] {dagbag.py:541} INFO - Filling up the DagBag from /home/airflow/.local/lib/python3.7/site-packages/airflow/example_dags/example_skip_dag.py
[2024-10-13T09:38:30.013+0000] {processor.py:809} INFO - DAG(s) dict_keys(['example_skip_dag']) retrieved from /home/airflow/.local/lib/python3.7/site-packages/airflow/example_dags/example_skip_dag.py
[2024-10-13T09:38:30.054+0000] {logging_mixin.py:149} INFO - [2024-10-13T09:38:30.054+0000] {dag.py:2726} INFO - Sync 1 DAGs
[2024-10-13T09:38:30.095+0000] {logging_mixin.py:149} INFO - [2024-10-13T09:38:30.094+0000] {dag.py:3490} INFO - Setting next_dagrun for example_skip_dag to 2024-10-12T09:38:30.094391+00:00, run_after=2024-10-13T09:38:30.094391+00:00
[2024-10-13T09:38:30.131+0000] {processor.py:178} INFO - Processing /home/airflow/.local/lib/python3.7/site-packages/airflow/example_dags/example_skip_dag.py took 0.135 seconds
[2024-10-13T09:39:00.580+0000] {processor.py:156} INFO - Started process (PID=1503) to work on /home/airflow/.local/lib/python3.7/site-packages/airflow/example_dags/example_skip_dag.py
[2024-10-13T09:39:00.581+0000] {processor.py:799} INFO - Processing file /home/airflow/.local/lib/python3.7/site-packages/airflow/example_dags/example_skip_dag.py for tasks to queue
[2024-10-13T09:39:00.582+0000] {logging_mixin.py:149} INFO - [2024-10-13T09:39:00.581+0000] {dagbag.py:541} INFO - Filling up the DagBag from /home/airflow/.local/lib/python3.7/site-packages/airflow/example_dags/example_skip_dag.py
[2024-10-13T09:39:00.589+0000] {processor.py:809} INFO - DAG(s) dict_keys(['example_skip_dag']) retrieved from /home/airflow/.local/lib/python3.7/site-packages/airflow/example_dags/example_skip_dag.py
[2024-10-13T09:39:00.616+0000] {logging_mixin.py:149} INFO - [2024-10-13T09:39:00.616+0000] {dag.py:2726} INFO - Sync 1 DAGs
[2024-10-13T09:39:00.642+0000] {logging_mixin.py:149} INFO - [2024-10-13T09:39:00.642+0000] {dag.py:3490} INFO - Setting next_dagrun for example_skip_dag to 2024-10-12T09:39:00.642585+00:00, run_after=2024-10-13T09:39:00.642585+00:00
[2024-10-13T09:39:00.661+0000] {processor.py:178} INFO - Processing /home/airflow/.local/lib/python3.7/site-packages/airflow/example_dags/example_skip_dag.py took 0.085 seconds
[2024-10-13T09:39:31.194+0000] {processor.py:156} INFO - Started process (PID=1564) to work on /home/airflow/.local/lib/python3.7/site-packages/airflow/example_dags/example_skip_dag.py
[2024-10-13T09:39:31.195+0000] {processor.py:799} INFO - Processing file /home/airflow/.local/lib/python3.7/site-packages/airflow/example_dags/example_skip_dag.py for tasks to queue
[2024-10-13T09:39:31.196+0000] {logging_mixin.py:149} INFO - [2024-10-13T09:39:31.196+0000] {dagbag.py:541} INFO - Filling up the DagBag from /home/airflow/.local/lib/python3.7/site-packages/airflow/example_dags/example_skip_dag.py
[2024-10-13T09:39:31.204+0000] {processor.py:809} INFO - DAG(s) dict_keys(['example_skip_dag']) retrieved from /home/airflow/.local/lib/python3.7/site-packages/airflow/example_dags/example_skip_dag.py
[2024-10-13T09:39:31.235+0000] {logging_mixin.py:149} INFO - [2024-10-13T09:39:31.235+0000] {dag.py:2726} INFO - Sync 1 DAGs
[2024-10-13T09:39:31.267+0000] {logging_mixin.py:149} INFO - [2024-10-13T09:39:31.267+0000] {dag.py:3490} INFO - Setting next_dagrun for example_skip_dag to 2024-10-12T09:39:31.267014+00:00, run_after=2024-10-13T09:39:31.267014+00:00
[2024-10-13T09:39:31.289+0000] {processor.py:178} INFO - Processing /home/airflow/.local/lib/python3.7/site-packages/airflow/example_dags/example_skip_dag.py took 0.099 seconds
[2024-10-13T09:40:01.573+0000] {processor.py:156} INFO - Started process (PID=1625) to work on /home/airflow/.local/lib/python3.7/site-packages/airflow/example_dags/example_skip_dag.py
[2024-10-13T09:40:01.573+0000] {processor.py:799} INFO - Processing file /home/airflow/.local/lib/python3.7/site-packages/airflow/example_dags/example_skip_dag.py for tasks to queue
[2024-10-13T09:40:01.574+0000] {logging_mixin.py:149} INFO - [2024-10-13T09:40:01.574+0000] {dagbag.py:541} INFO - Filling up the DagBag from /home/airflow/.local/lib/python3.7/site-packages/airflow/example_dags/example_skip_dag.py
[2024-10-13T09:40:01.582+0000] {processor.py:809} INFO - DAG(s) dict_keys(['example_skip_dag']) retrieved from /home/airflow/.local/lib/python3.7/site-packages/airflow/example_dags/example_skip_dag.py
[2024-10-13T09:40:01.609+0000] {logging_mixin.py:149} INFO - [2024-10-13T09:40:01.609+0000] {dag.py:2726} INFO - Sync 1 DAGs
[2024-10-13T09:40:01.640+0000] {logging_mixin.py:149} INFO - [2024-10-13T09:40:01.640+0000] {dag.py:3490} INFO - Setting next_dagrun for example_skip_dag to 2024-10-12T09:40:01.640286+00:00, run_after=2024-10-13T09:40:01.640286+00:00
[2024-10-13T09:40:01.661+0000] {processor.py:178} INFO - Processing /home/airflow/.local/lib/python3.7/site-packages/airflow/example_dags/example_skip_dag.py took 0.092 seconds
[2024-10-13T09:40:32.624+0000] {processor.py:156} INFO - Started process (PID=1686) to work on /home/airflow/.local/lib/python3.7/site-packages/airflow/example_dags/example_skip_dag.py
[2024-10-13T09:40:32.625+0000] {processor.py:799} INFO - Processing file /home/airflow/.local/lib/python3.7/site-packages/airflow/example_dags/example_skip_dag.py for tasks to queue
[2024-10-13T09:40:32.626+0000] {logging_mixin.py:149} INFO - [2024-10-13T09:40:32.626+0000] {dagbag.py:541} INFO - Filling up the DagBag from /home/airflow/.local/lib/python3.7/site-packages/airflow/example_dags/example_skip_dag.py
[2024-10-13T09:40:32.634+0000] {processor.py:809} INFO - DAG(s) dict_keys(['example_skip_dag']) retrieved from /home/airflow/.local/lib/python3.7/site-packages/airflow/example_dags/example_skip_dag.py
[2024-10-13T09:40:32.661+0000] {logging_mixin.py:149} INFO - [2024-10-13T09:40:32.661+0000] {dag.py:2726} INFO - Sync 1 DAGs
[2024-10-13T09:40:32.690+0000] {logging_mixin.py:149} INFO - [2024-10-13T09:40:32.690+0000] {dag.py:3490} INFO - Setting next_dagrun for example_skip_dag to 2024-10-12T09:40:32.690259+00:00, run_after=2024-10-13T09:40:32.690259+00:00
[2024-10-13T09:40:32.715+0000] {processor.py:178} INFO - Processing /home/airflow/.local/lib/python3.7/site-packages/airflow/example_dags/example_skip_dag.py took 0.094 seconds
[2024-10-13T09:41:03.103+0000] {processor.py:156} INFO - Started process (PID=1747) to work on /home/airflow/.local/lib/python3.7/site-packages/airflow/example_dags/example_skip_dag.py
[2024-10-13T09:41:03.104+0000] {processor.py:799} INFO - Processing file /home/airflow/.local/lib/python3.7/site-packages/airflow/example_dags/example_skip_dag.py for tasks to queue
[2024-10-13T09:41:03.104+0000] {logging_mixin.py:149} INFO - [2024-10-13T09:41:03.104+0000] {dagbag.py:541} INFO - Filling up the DagBag from /home/airflow/.local/lib/python3.7/site-packages/airflow/example_dags/example_skip_dag.py
[2024-10-13T09:41:03.112+0000] {processor.py:809} INFO - DAG(s) dict_keys(['example_skip_dag']) retrieved from /home/airflow/.local/lib/python3.7/site-packages/airflow/example_dags/example_skip_dag.py
[2024-10-13T09:41:03.138+0000] {logging_mixin.py:149} INFO - [2024-10-13T09:41:03.137+0000] {dag.py:2726} INFO - Sync 1 DAGs
[2024-10-13T09:41:03.165+0000] {logging_mixin.py:149} INFO - [2024-10-13T09:41:03.165+0000] {dag.py:3490} INFO - Setting next_dagrun for example_skip_dag to 2024-10-12T09:41:03.165059+00:00, run_after=2024-10-13T09:41:03.165059+00:00
[2024-10-13T09:41:03.185+0000] {processor.py:178} INFO - Processing /home/airflow/.local/lib/python3.7/site-packages/airflow/example_dags/example_skip_dag.py took 0.087 seconds
[2024-10-13T09:41:33.646+0000] {processor.py:156} INFO - Started process (PID=1808) to work on /home/airflow/.local/lib/python3.7/site-packages/airflow/example_dags/example_skip_dag.py
[2024-10-13T09:41:33.647+0000] {processor.py:799} INFO - Processing file /home/airflow/.local/lib/python3.7/site-packages/airflow/example_dags/example_skip_dag.py for tasks to queue
[2024-10-13T09:41:33.648+0000] {logging_mixin.py:149} INFO - [2024-10-13T09:41:33.648+0000] {dagbag.py:541} INFO - Filling up the DagBag from /home/airflow/.local/lib/python3.7/site-packages/airflow/example_dags/example_skip_dag.py
[2024-10-13T09:41:33.656+0000] {processor.py:809} INFO - DAG(s) dict_keys(['example_skip_dag']) retrieved from /home/airflow/.local/lib/python3.7/site-packages/airflow/example_dags/example_skip_dag.py
[2024-10-13T09:41:33.684+0000] {logging_mixin.py:149} INFO - [2024-10-13T09:41:33.684+0000] {dag.py:2726} INFO - Sync 1 DAGs
[2024-10-13T09:41:33.713+0000] {logging_mixin.py:149} INFO - [2024-10-13T09:41:33.713+0000] {dag.py:3490} INFO - Setting next_dagrun for example_skip_dag to 2024-10-12T09:41:33.713495+00:00, run_after=2024-10-13T09:41:33.713495+00:00
[2024-10-13T09:41:33.733+0000] {processor.py:178} INFO - Processing /home/airflow/.local/lib/python3.7/site-packages/airflow/example_dags/example_skip_dag.py took 0.090 seconds
[2024-10-13T09:42:04.119+0000] {processor.py:156} INFO - Started process (PID=1869) to work on /home/airflow/.local/lib/python3.7/site-packages/airflow/example_dags/example_skip_dag.py
[2024-10-13T09:42:04.120+0000] {processor.py:799} INFO - Processing file /home/airflow/.local/lib/python3.7/site-packages/airflow/example_dags/example_skip_dag.py for tasks to queue
[2024-10-13T09:42:04.121+0000] {logging_mixin.py:149} INFO - [2024-10-13T09:42:04.121+0000] {dagbag.py:541} INFO - Filling up the DagBag from /home/airflow/.local/lib/python3.7/site-packages/airflow/example_dags/example_skip_dag.py
[2024-10-13T09:42:04.132+0000] {processor.py:809} INFO - DAG(s) dict_keys(['example_skip_dag']) retrieved from /home/airflow/.local/lib/python3.7/site-packages/airflow/example_dags/example_skip_dag.py
[2024-10-13T09:42:04.161+0000] {logging_mixin.py:149} INFO - [2024-10-13T09:42:04.161+0000] {dag.py:2726} INFO - Sync 1 DAGs
[2024-10-13T09:42:04.189+0000] {logging_mixin.py:149} INFO - [2024-10-13T09:42:04.189+0000] {dag.py:3490} INFO - Setting next_dagrun for example_skip_dag to 2024-10-12T09:42:04.189259+00:00, run_after=2024-10-13T09:42:04.189259+00:00
[2024-10-13T09:42:04.212+0000] {processor.py:178} INFO - Processing /home/airflow/.local/lib/python3.7/site-packages/airflow/example_dags/example_skip_dag.py took 0.096 seconds
[2024-10-13T09:42:34.748+0000] {processor.py:156} INFO - Started process (PID=1930) to work on /home/airflow/.local/lib/python3.7/site-packages/airflow/example_dags/example_skip_dag.py
[2024-10-13T09:42:34.749+0000] {processor.py:799} INFO - Processing file /home/airflow/.local/lib/python3.7/site-packages/airflow/example_dags/example_skip_dag.py for tasks to queue
[2024-10-13T09:42:34.750+0000] {logging_mixin.py:149} INFO - [2024-10-13T09:42:34.750+0000] {dagbag.py:541} INFO - Filling up the DagBag from /home/airflow/.local/lib/python3.7/site-packages/airflow/example_dags/example_skip_dag.py
[2024-10-13T09:42:34.758+0000] {processor.py:809} INFO - DAG(s) dict_keys(['example_skip_dag']) retrieved from /home/airflow/.local/lib/python3.7/site-packages/airflow/example_dags/example_skip_dag.py
[2024-10-13T09:42:34.792+0000] {logging_mixin.py:149} INFO - [2024-10-13T09:42:34.792+0000] {dag.py:2726} INFO - Sync 1 DAGs
[2024-10-13T09:42:34.824+0000] {logging_mixin.py:149} INFO - [2024-10-13T09:42:34.824+0000] {dag.py:3490} INFO - Setting next_dagrun for example_skip_dag to 2024-10-12T09:42:34.823909+00:00, run_after=2024-10-13T09:42:34.823909+00:00
[2024-10-13T09:42:34.843+0000] {processor.py:178} INFO - Processing /home/airflow/.local/lib/python3.7/site-packages/airflow/example_dags/example_skip_dag.py took 0.098 seconds
[2024-10-13T09:43:05.989+0000] {processor.py:156} INFO - Started process (PID=1991) to work on /home/airflow/.local/lib/python3.7/site-packages/airflow/example_dags/example_skip_dag.py
[2024-10-13T09:43:05.990+0000] {processor.py:799} INFO - Processing file /home/airflow/.local/lib/python3.7/site-packages/airflow/example_dags/example_skip_dag.py for tasks to queue
[2024-10-13T09:43:05.990+0000] {logging_mixin.py:149} INFO - [2024-10-13T09:43:05.990+0000] {dagbag.py:541} INFO - Filling up the DagBag from /home/airflow/.local/lib/python3.7/site-packages/airflow/example_dags/example_skip_dag.py
[2024-10-13T09:43:05.999+0000] {processor.py:809} INFO - DAG(s) dict_keys(['example_skip_dag']) retrieved from /home/airflow/.local/lib/python3.7/site-packages/airflow/example_dags/example_skip_dag.py
[2024-10-13T09:43:06.026+0000] {logging_mixin.py:149} INFO - [2024-10-13T09:43:06.026+0000] {dag.py:2726} INFO - Sync 1 DAGs
[2024-10-13T09:43:06.055+0000] {logging_mixin.py:149} INFO - [2024-10-13T09:43:06.055+0000] {dag.py:3490} INFO - Setting next_dagrun for example_skip_dag to 2024-10-12T09:43:06.055209+00:00, run_after=2024-10-13T09:43:06.055209+00:00
[2024-10-13T09:43:06.082+0000] {processor.py:178} INFO - Processing /home/airflow/.local/lib/python3.7/site-packages/airflow/example_dags/example_skip_dag.py took 0.097 seconds
[2024-10-13T09:43:37.041+0000] {processor.py:156} INFO - Started process (PID=2052) to work on /home/airflow/.local/lib/python3.7/site-packages/airflow/example_dags/example_skip_dag.py
[2024-10-13T09:43:37.042+0000] {processor.py:799} INFO - Processing file /home/airflow/.local/lib/python3.7/site-packages/airflow/example_dags/example_skip_dag.py for tasks to queue
[2024-10-13T09:43:37.043+0000] {logging_mixin.py:149} INFO - [2024-10-13T09:43:37.043+0000] {dagbag.py:541} INFO - Filling up the DagBag from /home/airflow/.local/lib/python3.7/site-packages/airflow/example_dags/example_skip_dag.py
[2024-10-13T09:43:37.051+0000] {processor.py:809} INFO - DAG(s) dict_keys(['example_skip_dag']) retrieved from /home/airflow/.local/lib/python3.7/site-packages/airflow/example_dags/example_skip_dag.py
[2024-10-13T09:43:37.090+0000] {logging_mixin.py:149} INFO - [2024-10-13T09:43:37.090+0000] {dag.py:2726} INFO - Sync 1 DAGs
[2024-10-13T09:43:37.131+0000] {logging_mixin.py:149} INFO - [2024-10-13T09:43:37.131+0000] {dag.py:3490} INFO - Setting next_dagrun for example_skip_dag to 2024-10-12T09:43:37.131498+00:00, run_after=2024-10-13T09:43:37.131498+00:00
[2024-10-13T09:43:37.153+0000] {processor.py:178} INFO - Processing /home/airflow/.local/lib/python3.7/site-packages/airflow/example_dags/example_skip_dag.py took 0.115 seconds
[2024-10-13T09:44:07.583+0000] {processor.py:156} INFO - Started process (PID=2113) to work on /home/airflow/.local/lib/python3.7/site-packages/airflow/example_dags/example_skip_dag.py
[2024-10-13T09:44:07.584+0000] {processor.py:799} INFO - Processing file /home/airflow/.local/lib/python3.7/site-packages/airflow/example_dags/example_skip_dag.py for tasks to queue
[2024-10-13T09:44:07.585+0000] {logging_mixin.py:149} INFO - [2024-10-13T09:44:07.585+0000] {dagbag.py:541} INFO - Filling up the DagBag from /home/airflow/.local/lib/python3.7/site-packages/airflow/example_dags/example_skip_dag.py
[2024-10-13T09:44:07.592+0000] {processor.py:809} INFO - DAG(s) dict_keys(['example_skip_dag']) retrieved from /home/airflow/.local/lib/python3.7/site-packages/airflow/example_dags/example_skip_dag.py
[2024-10-13T09:44:07.618+0000] {logging_mixin.py:149} INFO - [2024-10-13T09:44:07.618+0000] {dag.py:2726} INFO - Sync 1 DAGs
[2024-10-13T09:44:07.645+0000] {logging_mixin.py:149} INFO - [2024-10-13T09:44:07.645+0000] {dag.py:3490} INFO - Setting next_dagrun for example_skip_dag to 2024-10-12T09:44:07.644886+00:00, run_after=2024-10-13T09:44:07.644886+00:00
[2024-10-13T09:44:07.664+0000] {processor.py:178} INFO - Processing /home/airflow/.local/lib/python3.7/site-packages/airflow/example_dags/example_skip_dag.py took 0.084 seconds
[2024-10-13T09:44:37.888+0000] {processor.py:156} INFO - Started process (PID=2174) to work on /home/airflow/.local/lib/python3.7/site-packages/airflow/example_dags/example_skip_dag.py
[2024-10-13T09:44:37.889+0000] {processor.py:799} INFO - Processing file /home/airflow/.local/lib/python3.7/site-packages/airflow/example_dags/example_skip_dag.py for tasks to queue
[2024-10-13T09:44:37.890+0000] {logging_mixin.py:149} INFO - [2024-10-13T09:44:37.890+0000] {dagbag.py:541} INFO - Filling up the DagBag from /home/airflow/.local/lib/python3.7/site-packages/airflow/example_dags/example_skip_dag.py
[2024-10-13T09:44:37.897+0000] {processor.py:809} INFO - DAG(s) dict_keys(['example_skip_dag']) retrieved from /home/airflow/.local/lib/python3.7/site-packages/airflow/example_dags/example_skip_dag.py
[2024-10-13T09:44:37.926+0000] {logging_mixin.py:149} INFO - [2024-10-13T09:44:37.926+0000] {dag.py:2726} INFO - Sync 1 DAGs
[2024-10-13T09:44:37.955+0000] {logging_mixin.py:149} INFO - [2024-10-13T09:44:37.955+0000] {dag.py:3490} INFO - Setting next_dagrun for example_skip_dag to 2024-10-12T09:44:37.955057+00:00, run_after=2024-10-13T09:44:37.955057+00:00
[2024-10-13T09:44:37.975+0000] {processor.py:178} INFO - Processing /home/airflow/.local/lib/python3.7/site-packages/airflow/example_dags/example_skip_dag.py took 0.091 seconds
[2024-10-13T09:45:08.317+0000] {processor.py:156} INFO - Started process (PID=2235) to work on /home/airflow/.local/lib/python3.7/site-packages/airflow/example_dags/example_skip_dag.py
[2024-10-13T09:45:08.318+0000] {processor.py:799} INFO - Processing file /home/airflow/.local/lib/python3.7/site-packages/airflow/example_dags/example_skip_dag.py for tasks to queue
[2024-10-13T09:45:08.318+0000] {logging_mixin.py:149} INFO - [2024-10-13T09:45:08.318+0000] {dagbag.py:541} INFO - Filling up the DagBag from /home/airflow/.local/lib/python3.7/site-packages/airflow/example_dags/example_skip_dag.py
[2024-10-13T09:45:08.326+0000] {processor.py:809} INFO - DAG(s) dict_keys(['example_skip_dag']) retrieved from /home/airflow/.local/lib/python3.7/site-packages/airflow/example_dags/example_skip_dag.py
[2024-10-13T09:45:08.352+0000] {logging_mixin.py:149} INFO - [2024-10-13T09:45:08.352+0000] {dag.py:2726} INFO - Sync 1 DAGs
[2024-10-13T09:45:08.380+0000] {logging_mixin.py:149} INFO - [2024-10-13T09:45:08.379+0000] {dag.py:3490} INFO - Setting next_dagrun for example_skip_dag to 2024-10-12T09:45:08.379731+00:00, run_after=2024-10-13T09:45:08.379731+00:00
[2024-10-13T09:45:08.399+0000] {processor.py:178} INFO - Processing /home/airflow/.local/lib/python3.7/site-packages/airflow/example_dags/example_skip_dag.py took 0.086 seconds
[2024-10-13T09:45:38.835+0000] {processor.py:156} INFO - Started process (PID=2296) to work on /home/airflow/.local/lib/python3.7/site-packages/airflow/example_dags/example_skip_dag.py
[2024-10-13T09:45:38.835+0000] {processor.py:799} INFO - Processing file /home/airflow/.local/lib/python3.7/site-packages/airflow/example_dags/example_skip_dag.py for tasks to queue
[2024-10-13T09:45:38.836+0000] {logging_mixin.py:149} INFO - [2024-10-13T09:45:38.836+0000] {dagbag.py:541} INFO - Filling up the DagBag from /home/airflow/.local/lib/python3.7/site-packages/airflow/example_dags/example_skip_dag.py
[2024-10-13T09:45:38.843+0000] {processor.py:809} INFO - DAG(s) dict_keys(['example_skip_dag']) retrieved from /home/airflow/.local/lib/python3.7/site-packages/airflow/example_dags/example_skip_dag.py
[2024-10-13T09:45:38.868+0000] {logging_mixin.py:149} INFO - [2024-10-13T09:45:38.868+0000] {dag.py:2726} INFO - Sync 1 DAGs
[2024-10-13T09:45:38.893+0000] {logging_mixin.py:149} INFO - [2024-10-13T09:45:38.893+0000] {dag.py:3490} INFO - Setting next_dagrun for example_skip_dag to 2024-10-12T09:45:38.893195+00:00, run_after=2024-10-13T09:45:38.893195+00:00
[2024-10-13T09:45:38.911+0000] {processor.py:178} INFO - Processing /home/airflow/.local/lib/python3.7/site-packages/airflow/example_dags/example_skip_dag.py took 0.080 seconds
[2024-10-13T09:46:09.855+0000] {processor.py:156} INFO - Started process (PID=2357) to work on /home/airflow/.local/lib/python3.7/site-packages/airflow/example_dags/example_skip_dag.py
[2024-10-13T09:46:09.856+0000] {processor.py:799} INFO - Processing file /home/airflow/.local/lib/python3.7/site-packages/airflow/example_dags/example_skip_dag.py for tasks to queue
[2024-10-13T09:46:09.856+0000] {logging_mixin.py:149} INFO - [2024-10-13T09:46:09.856+0000] {dagbag.py:541} INFO - Filling up the DagBag from /home/airflow/.local/lib/python3.7/site-packages/airflow/example_dags/example_skip_dag.py
[2024-10-13T09:46:09.864+0000] {processor.py:809} INFO - DAG(s) dict_keys(['example_skip_dag']) retrieved from /home/airflow/.local/lib/python3.7/site-packages/airflow/example_dags/example_skip_dag.py
[2024-10-13T09:46:09.890+0000] {logging_mixin.py:149} INFO - [2024-10-13T09:46:09.890+0000] {dag.py:2726} INFO - Sync 1 DAGs
[2024-10-13T09:46:09.918+0000] {logging_mixin.py:149} INFO - [2024-10-13T09:46:09.917+0000] {dag.py:3490} INFO - Setting next_dagrun for example_skip_dag to 2024-10-12T09:46:09.917604+00:00, run_after=2024-10-13T09:46:09.917604+00:00
[2024-10-13T09:46:09.939+0000] {processor.py:178} INFO - Processing /home/airflow/.local/lib/python3.7/site-packages/airflow/example_dags/example_skip_dag.py took 0.087 seconds
[2024-10-13T09:46:40.276+0000] {processor.py:156} INFO - Started process (PID=2418) to work on /home/airflow/.local/lib/python3.7/site-packages/airflow/example_dags/example_skip_dag.py
[2024-10-13T09:46:40.277+0000] {processor.py:799} INFO - Processing file /home/airflow/.local/lib/python3.7/site-packages/airflow/example_dags/example_skip_dag.py for tasks to queue
[2024-10-13T09:46:40.277+0000] {logging_mixin.py:149} INFO - [2024-10-13T09:46:40.277+0000] {dagbag.py:541} INFO - Filling up the DagBag from /home/airflow/.local/lib/python3.7/site-packages/airflow/example_dags/example_skip_dag.py
[2024-10-13T09:46:40.285+0000] {processor.py:809} INFO - DAG(s) dict_keys(['example_skip_dag']) retrieved from /home/airflow/.local/lib/python3.7/site-packages/airflow/example_dags/example_skip_dag.py
[2024-10-13T09:46:40.311+0000] {logging_mixin.py:149} INFO - [2024-10-13T09:46:40.311+0000] {dag.py:2726} INFO - Sync 1 DAGs
[2024-10-13T09:46:40.341+0000] {logging_mixin.py:149} INFO - [2024-10-13T09:46:40.340+0000] {dag.py:3490} INFO - Setting next_dagrun for example_skip_dag to 2024-10-12T09:46:40.340460+00:00, run_after=2024-10-13T09:46:40.340460+00:00
[2024-10-13T09:46:40.367+0000] {processor.py:178} INFO - Processing /home/airflow/.local/lib/python3.7/site-packages/airflow/example_dags/example_skip_dag.py took 0.094 seconds
[2024-10-13T09:47:10.858+0000] {processor.py:156} INFO - Started process (PID=2479) to work on /home/airflow/.local/lib/python3.7/site-packages/airflow/example_dags/example_skip_dag.py
[2024-10-13T09:47:10.859+0000] {processor.py:799} INFO - Processing file /home/airflow/.local/lib/python3.7/site-packages/airflow/example_dags/example_skip_dag.py for tasks to queue
[2024-10-13T09:47:10.860+0000] {logging_mixin.py:149} INFO - [2024-10-13T09:47:10.860+0000] {dagbag.py:541} INFO - Filling up the DagBag from /home/airflow/.local/lib/python3.7/site-packages/airflow/example_dags/example_skip_dag.py
[2024-10-13T09:47:10.868+0000] {processor.py:809} INFO - DAG(s) dict_keys(['example_skip_dag']) retrieved from /home/airflow/.local/lib/python3.7/site-packages/airflow/example_dags/example_skip_dag.py
[2024-10-13T09:47:10.897+0000] {logging_mixin.py:149} INFO - [2024-10-13T09:47:10.897+0000] {dag.py:2726} INFO - Sync 1 DAGs
[2024-10-13T09:47:10.928+0000] {logging_mixin.py:149} INFO - [2024-10-13T09:47:10.928+0000] {dag.py:3490} INFO - Setting next_dagrun for example_skip_dag to 2024-10-12T09:47:10.928149+00:00, run_after=2024-10-13T09:47:10.928149+00:00
[2024-10-13T09:47:10.949+0000] {processor.py:178} INFO - Processing /home/airflow/.local/lib/python3.7/site-packages/airflow/example_dags/example_skip_dag.py took 0.094 seconds
[2024-10-13T09:47:41.322+0000] {processor.py:156} INFO - Started process (PID=2540) to work on /home/airflow/.local/lib/python3.7/site-packages/airflow/example_dags/example_skip_dag.py
[2024-10-13T09:47:41.322+0000] {processor.py:799} INFO - Processing file /home/airflow/.local/lib/python3.7/site-packages/airflow/example_dags/example_skip_dag.py for tasks to queue
[2024-10-13T09:47:41.323+0000] {logging_mixin.py:149} INFO - [2024-10-13T09:47:41.323+0000] {dagbag.py:541} INFO - Filling up the DagBag from /home/airflow/.local/lib/python3.7/site-packages/airflow/example_dags/example_skip_dag.py
[2024-10-13T09:47:41.330+0000] {processor.py:809} INFO - DAG(s) dict_keys(['example_skip_dag']) retrieved from /home/airflow/.local/lib/python3.7/site-packages/airflow/example_dags/example_skip_dag.py
[2024-10-13T09:47:41.355+0000] {logging_mixin.py:149} INFO - [2024-10-13T09:47:41.355+0000] {dag.py:2726} INFO - Sync 1 DAGs
[2024-10-13T09:47:41.383+0000] {logging_mixin.py:149} INFO - [2024-10-13T09:47:41.383+0000] {dag.py:3490} INFO - Setting next_dagrun for example_skip_dag to 2024-10-12T09:47:41.382948+00:00, run_after=2024-10-13T09:47:41.382948+00:00
[2024-10-13T09:47:41.403+0000] {processor.py:178} INFO - Processing /home/airflow/.local/lib/python3.7/site-packages/airflow/example_dags/example_skip_dag.py took 0.085 seconds
[2024-10-13T09:48:11.977+0000] {processor.py:156} INFO - Started process (PID=2601) to work on /home/airflow/.local/lib/python3.7/site-packages/airflow/example_dags/example_skip_dag.py
[2024-10-13T09:48:11.978+0000] {processor.py:799} INFO - Processing file /home/airflow/.local/lib/python3.7/site-packages/airflow/example_dags/example_skip_dag.py for tasks to queue
[2024-10-13T09:48:11.979+0000] {logging_mixin.py:149} INFO - [2024-10-13T09:48:11.978+0000] {dagbag.py:541} INFO - Filling up the DagBag from /home/airflow/.local/lib/python3.7/site-packages/airflow/example_dags/example_skip_dag.py
[2024-10-13T09:48:11.986+0000] {processor.py:809} INFO - DAG(s) dict_keys(['example_skip_dag']) retrieved from /home/airflow/.local/lib/python3.7/site-packages/airflow/example_dags/example_skip_dag.py
[2024-10-13T09:48:12.013+0000] {logging_mixin.py:149} INFO - [2024-10-13T09:48:12.012+0000] {dag.py:2726} INFO - Sync 1 DAGs
[2024-10-13T09:48:12.046+0000] {logging_mixin.py:149} INFO - [2024-10-13T09:48:12.046+0000] {dag.py:3490} INFO - Setting next_dagrun for example_skip_dag to 2024-10-12T09:48:12.046046+00:00, run_after=2024-10-13T09:48:12.046046+00:00
[2024-10-13T09:48:12.075+0000] {processor.py:178} INFO - Processing /home/airflow/.local/lib/python3.7/site-packages/airflow/example_dags/example_skip_dag.py took 0.101 seconds
[2024-10-13T09:48:42.486+0000] {processor.py:156} INFO - Started process (PID=2662) to work on /home/airflow/.local/lib/python3.7/site-packages/airflow/example_dags/example_skip_dag.py
[2024-10-13T09:48:42.487+0000] {processor.py:799} INFO - Processing file /home/airflow/.local/lib/python3.7/site-packages/airflow/example_dags/example_skip_dag.py for tasks to queue
[2024-10-13T09:48:42.488+0000] {logging_mixin.py:149} INFO - [2024-10-13T09:48:42.487+0000] {dagbag.py:541} INFO - Filling up the DagBag from /home/airflow/.local/lib/python3.7/site-packages/airflow/example_dags/example_skip_dag.py
[2024-10-13T09:48:42.496+0000] {processor.py:809} INFO - DAG(s) dict_keys(['example_skip_dag']) retrieved from /home/airflow/.local/lib/python3.7/site-packages/airflow/example_dags/example_skip_dag.py
[2024-10-13T09:48:42.521+0000] {logging_mixin.py:149} INFO - [2024-10-13T09:48:42.521+0000] {dag.py:2726} INFO - Sync 1 DAGs
[2024-10-13T09:48:42.548+0000] {logging_mixin.py:149} INFO - [2024-10-13T09:48:42.548+0000] {dag.py:3490} INFO - Setting next_dagrun for example_skip_dag to 2024-10-12T09:48:42.548334+00:00, run_after=2024-10-13T09:48:42.548334+00:00
[2024-10-13T09:48:42.567+0000] {processor.py:178} INFO - Processing /home/airflow/.local/lib/python3.7/site-packages/airflow/example_dags/example_skip_dag.py took 0.085 seconds
[2024-10-13T09:49:13.367+0000] {processor.py:156} INFO - Started process (PID=2723) to work on /home/airflow/.local/lib/python3.7/site-packages/airflow/example_dags/example_skip_dag.py
[2024-10-13T09:49:13.368+0000] {processor.py:799} INFO - Processing file /home/airflow/.local/lib/python3.7/site-packages/airflow/example_dags/example_skip_dag.py for tasks to queue
[2024-10-13T09:49:13.369+0000] {logging_mixin.py:149} INFO - [2024-10-13T09:49:13.368+0000] {dagbag.py:541} INFO - Filling up the DagBag from /home/airflow/.local/lib/python3.7/site-packages/airflow/example_dags/example_skip_dag.py
[2024-10-13T09:49:13.376+0000] {processor.py:809} INFO - DAG(s) dict_keys(['example_skip_dag']) retrieved from /home/airflow/.local/lib/python3.7/site-packages/airflow/example_dags/example_skip_dag.py
[2024-10-13T09:49:13.411+0000] {logging_mixin.py:149} INFO - [2024-10-13T09:49:13.411+0000] {dag.py:2726} INFO - Sync 1 DAGs
[2024-10-13T09:49:13.450+0000] {logging_mixin.py:149} INFO - [2024-10-13T09:49:13.450+0000] {dag.py:3490} INFO - Setting next_dagrun for example_skip_dag to 2024-10-12T09:49:13.450052+00:00, run_after=2024-10-13T09:49:13.450052+00:00
[2024-10-13T09:49:13.472+0000] {processor.py:178} INFO - Processing /home/airflow/.local/lib/python3.7/site-packages/airflow/example_dags/example_skip_dag.py took 0.109 seconds
[2024-10-13T09:49:44.026+0000] {processor.py:156} INFO - Started process (PID=2784) to work on /home/airflow/.local/lib/python3.7/site-packages/airflow/example_dags/example_skip_dag.py
[2024-10-13T09:49:44.026+0000] {processor.py:799} INFO - Processing file /home/airflow/.local/lib/python3.7/site-packages/airflow/example_dags/example_skip_dag.py for tasks to queue
[2024-10-13T09:49:44.027+0000] {logging_mixin.py:149} INFO - [2024-10-13T09:49:44.027+0000] {dagbag.py:541} INFO - Filling up the DagBag from /home/airflow/.local/lib/python3.7/site-packages/airflow/example_dags/example_skip_dag.py
[2024-10-13T09:49:44.034+0000] {processor.py:809} INFO - DAG(s) dict_keys(['example_skip_dag']) retrieved from /home/airflow/.local/lib/python3.7/site-packages/airflow/example_dags/example_skip_dag.py
[2024-10-13T09:49:44.060+0000] {logging_mixin.py:149} INFO - [2024-10-13T09:49:44.060+0000] {dag.py:2726} INFO - Sync 1 DAGs
[2024-10-13T09:49:44.085+0000] {logging_mixin.py:149} INFO - [2024-10-13T09:49:44.085+0000] {dag.py:3490} INFO - Setting next_dagrun for example_skip_dag to 2024-10-12T09:49:44.085330+00:00, run_after=2024-10-13T09:49:44.085330+00:00
[2024-10-13T09:49:44.103+0000] {processor.py:178} INFO - Processing /home/airflow/.local/lib/python3.7/site-packages/airflow/example_dags/example_skip_dag.py took 0.081 seconds
[2024-10-13T09:50:15.144+0000] {processor.py:156} INFO - Started process (PID=2845) to work on /home/airflow/.local/lib/python3.7/site-packages/airflow/example_dags/example_skip_dag.py
[2024-10-13T09:50:15.145+0000] {processor.py:799} INFO - Processing file /home/airflow/.local/lib/python3.7/site-packages/airflow/example_dags/example_skip_dag.py for tasks to queue
[2024-10-13T09:50:15.146+0000] {logging_mixin.py:149} INFO - [2024-10-13T09:50:15.146+0000] {dagbag.py:541} INFO - Filling up the DagBag from /home/airflow/.local/lib/python3.7/site-packages/airflow/example_dags/example_skip_dag.py
[2024-10-13T09:50:15.157+0000] {processor.py:809} INFO - DAG(s) dict_keys(['example_skip_dag']) retrieved from /home/airflow/.local/lib/python3.7/site-packages/airflow/example_dags/example_skip_dag.py
[2024-10-13T09:50:15.192+0000] {logging_mixin.py:149} INFO - [2024-10-13T09:50:15.192+0000] {dag.py:2726} INFO - Sync 1 DAGs
[2024-10-13T09:50:15.221+0000] {logging_mixin.py:149} INFO - [2024-10-13T09:50:15.221+0000] {dag.py:3490} INFO - Setting next_dagrun for example_skip_dag to 2024-10-12T09:50:15.220819+00:00, run_after=2024-10-13T09:50:15.220819+00:00
[2024-10-13T09:50:15.241+0000] {processor.py:178} INFO - Processing /home/airflow/.local/lib/python3.7/site-packages/airflow/example_dags/example_skip_dag.py took 0.102 seconds
[2024-10-13T09:50:45.702+0000] {processor.py:156} INFO - Started process (PID=2906) to work on /home/airflow/.local/lib/python3.7/site-packages/airflow/example_dags/example_skip_dag.py
[2024-10-13T09:50:45.703+0000] {processor.py:799} INFO - Processing file /home/airflow/.local/lib/python3.7/site-packages/airflow/example_dags/example_skip_dag.py for tasks to queue
[2024-10-13T09:50:45.703+0000] {logging_mixin.py:149} INFO - [2024-10-13T09:50:45.703+0000] {dagbag.py:541} INFO - Filling up the DagBag from /home/airflow/.local/lib/python3.7/site-packages/airflow/example_dags/example_skip_dag.py
[2024-10-13T09:50:45.711+0000] {processor.py:809} INFO - DAG(s) dict_keys(['example_skip_dag']) retrieved from /home/airflow/.local/lib/python3.7/site-packages/airflow/example_dags/example_skip_dag.py
[2024-10-13T09:50:45.737+0000] {logging_mixin.py:149} INFO - [2024-10-13T09:50:45.737+0000] {dag.py:2726} INFO - Sync 1 DAGs
[2024-10-13T09:50:45.772+0000] {logging_mixin.py:149} INFO - [2024-10-13T09:50:45.772+0000] {dag.py:3490} INFO - Setting next_dagrun for example_skip_dag to 2024-10-12T09:50:45.772243+00:00, run_after=2024-10-13T09:50:45.772243+00:00
[2024-10-13T09:50:45.795+0000] {processor.py:178} INFO - Processing /home/airflow/.local/lib/python3.7/site-packages/airflow/example_dags/example_skip_dag.py took 0.096 seconds
[2024-10-13T09:51:16.075+0000] {processor.py:156} INFO - Started process (PID=2967) to work on /home/airflow/.local/lib/python3.7/site-packages/airflow/example_dags/example_skip_dag.py
[2024-10-13T09:51:16.076+0000] {processor.py:799} INFO - Processing file /home/airflow/.local/lib/python3.7/site-packages/airflow/example_dags/example_skip_dag.py for tasks to queue
[2024-10-13T09:51:16.076+0000] {logging_mixin.py:149} INFO - [2024-10-13T09:51:16.076+0000] {dagbag.py:541} INFO - Filling up the DagBag from /home/airflow/.local/lib/python3.7/site-packages/airflow/example_dags/example_skip_dag.py
[2024-10-13T09:51:16.084+0000] {processor.py:809} INFO - DAG(s) dict_keys(['example_skip_dag']) retrieved from /home/airflow/.local/lib/python3.7/site-packages/airflow/example_dags/example_skip_dag.py
[2024-10-13T09:51:16.110+0000] {logging_mixin.py:149} INFO - [2024-10-13T09:51:16.109+0000] {dag.py:2726} INFO - Sync 1 DAGs
[2024-10-13T09:51:16.136+0000] {logging_mixin.py:149} INFO - [2024-10-13T09:51:16.136+0000] {dag.py:3490} INFO - Setting next_dagrun for example_skip_dag to 2024-10-12T09:51:16.136368+00:00, run_after=2024-10-13T09:51:16.136368+00:00
[2024-10-13T09:51:16.156+0000] {processor.py:178} INFO - Processing /home/airflow/.local/lib/python3.7/site-packages/airflow/example_dags/example_skip_dag.py took 0.085 seconds
[2024-10-13T09:51:46.929+0000] {processor.py:156} INFO - Started process (PID=3028) to work on /home/airflow/.local/lib/python3.7/site-packages/airflow/example_dags/example_skip_dag.py
[2024-10-13T09:51:46.929+0000] {processor.py:799} INFO - Processing file /home/airflow/.local/lib/python3.7/site-packages/airflow/example_dags/example_skip_dag.py for tasks to queue
[2024-10-13T09:51:46.930+0000] {logging_mixin.py:149} INFO - [2024-10-13T09:51:46.930+0000] {dagbag.py:541} INFO - Filling up the DagBag from /home/airflow/.local/lib/python3.7/site-packages/airflow/example_dags/example_skip_dag.py
[2024-10-13T09:51:46.937+0000] {processor.py:809} INFO - DAG(s) dict_keys(['example_skip_dag']) retrieved from /home/airflow/.local/lib/python3.7/site-packages/airflow/example_dags/example_skip_dag.py
[2024-10-13T09:51:46.963+0000] {logging_mixin.py:149} INFO - [2024-10-13T09:51:46.963+0000] {dag.py:2726} INFO - Sync 1 DAGs
[2024-10-13T09:51:46.990+0000] {logging_mixin.py:149} INFO - [2024-10-13T09:51:46.990+0000] {dag.py:3490} INFO - Setting next_dagrun for example_skip_dag to 2024-10-12T09:51:46.989857+00:00, run_after=2024-10-13T09:51:46.989857+00:00
[2024-10-13T09:51:47.009+0000] {processor.py:178} INFO - Processing /home/airflow/.local/lib/python3.7/site-packages/airflow/example_dags/example_skip_dag.py took 0.084 seconds
[2024-10-13T09:52:17.433+0000] {processor.py:156} INFO - Started process (PID=3089) to work on /home/airflow/.local/lib/python3.7/site-packages/airflow/example_dags/example_skip_dag.py
[2024-10-13T09:52:17.435+0000] {processor.py:799} INFO - Processing file /home/airflow/.local/lib/python3.7/site-packages/airflow/example_dags/example_skip_dag.py for tasks to queue
[2024-10-13T09:52:17.435+0000] {logging_mixin.py:149} INFO - [2024-10-13T09:52:17.435+0000] {dagbag.py:541} INFO - Filling up the DagBag from /home/airflow/.local/lib/python3.7/site-packages/airflow/example_dags/example_skip_dag.py
[2024-10-13T09:52:17.446+0000] {processor.py:809} INFO - DAG(s) dict_keys(['example_skip_dag']) retrieved from /home/airflow/.local/lib/python3.7/site-packages/airflow/example_dags/example_skip_dag.py
[2024-10-13T09:52:17.475+0000] {logging_mixin.py:149} INFO - [2024-10-13T09:52:17.475+0000] {dag.py:2726} INFO - Sync 1 DAGs
[2024-10-13T09:52:17.503+0000] {logging_mixin.py:149} INFO - [2024-10-13T09:52:17.503+0000] {dag.py:3490} INFO - Setting next_dagrun for example_skip_dag to 2024-10-12T09:52:17.503265+00:00, run_after=2024-10-13T09:52:17.503265+00:00
[2024-10-13T09:52:17.524+0000] {processor.py:178} INFO - Processing /home/airflow/.local/lib/python3.7/site-packages/airflow/example_dags/example_skip_dag.py took 0.096 seconds
[2024-10-13T09:52:47.974+0000] {processor.py:156} INFO - Started process (PID=3150) to work on /home/airflow/.local/lib/python3.7/site-packages/airflow/example_dags/example_skip_dag.py
[2024-10-13T09:52:47.975+0000] {processor.py:799} INFO - Processing file /home/airflow/.local/lib/python3.7/site-packages/airflow/example_dags/example_skip_dag.py for tasks to queue
[2024-10-13T09:52:47.976+0000] {logging_mixin.py:149} INFO - [2024-10-13T09:52:47.975+0000] {dagbag.py:541} INFO - Filling up the DagBag from /home/airflow/.local/lib/python3.7/site-packages/airflow/example_dags/example_skip_dag.py
[2024-10-13T09:52:47.983+0000] {processor.py:809} INFO - DAG(s) dict_keys(['example_skip_dag']) retrieved from /home/airflow/.local/lib/python3.7/site-packages/airflow/example_dags/example_skip_dag.py
[2024-10-13T09:52:48.009+0000] {logging_mixin.py:149} INFO - [2024-10-13T09:52:48.009+0000] {dag.py:2726} INFO - Sync 1 DAGs
[2024-10-13T09:52:48.036+0000] {logging_mixin.py:149} INFO - [2024-10-13T09:52:48.036+0000] {dag.py:3490} INFO - Setting next_dagrun for example_skip_dag to 2024-10-12T09:52:48.035895+00:00, run_after=2024-10-13T09:52:48.035895+00:00
[2024-10-13T09:52:48.056+0000] {processor.py:178} INFO - Processing /home/airflow/.local/lib/python3.7/site-packages/airflow/example_dags/example_skip_dag.py took 0.086 seconds
[2024-10-13T09:53:18.575+0000] {processor.py:156} INFO - Started process (PID=3211) to work on /home/airflow/.local/lib/python3.7/site-packages/airflow/example_dags/example_skip_dag.py
[2024-10-13T09:53:18.576+0000] {processor.py:799} INFO - Processing file /home/airflow/.local/lib/python3.7/site-packages/airflow/example_dags/example_skip_dag.py for tasks to queue
[2024-10-13T09:53:18.577+0000] {logging_mixin.py:149} INFO - [2024-10-13T09:53:18.577+0000] {dagbag.py:541} INFO - Filling up the DagBag from /home/airflow/.local/lib/python3.7/site-packages/airflow/example_dags/example_skip_dag.py
[2024-10-13T09:53:18.584+0000] {processor.py:809} INFO - DAG(s) dict_keys(['example_skip_dag']) retrieved from /home/airflow/.local/lib/python3.7/site-packages/airflow/example_dags/example_skip_dag.py
[2024-10-13T09:53:18.611+0000] {logging_mixin.py:149} INFO - [2024-10-13T09:53:18.610+0000] {dag.py:2726} INFO - Sync 1 DAGs
[2024-10-13T09:53:18.637+0000] {logging_mixin.py:149} INFO - [2024-10-13T09:53:18.637+0000] {dag.py:3490} INFO - Setting next_dagrun for example_skip_dag to 2024-10-12T09:53:18.636970+00:00, run_after=2024-10-13T09:53:18.636970+00:00
[2024-10-13T09:53:18.655+0000] {processor.py:178} INFO - Processing /home/airflow/.local/lib/python3.7/site-packages/airflow/example_dags/example_skip_dag.py took 0.083 seconds
[2024-10-13T09:53:49.027+0000] {processor.py:156} INFO - Started process (PID=3272) to work on /home/airflow/.local/lib/python3.7/site-packages/airflow/example_dags/example_skip_dag.py
[2024-10-13T09:53:49.027+0000] {processor.py:799} INFO - Processing file /home/airflow/.local/lib/python3.7/site-packages/airflow/example_dags/example_skip_dag.py for tasks to queue
[2024-10-13T09:53:49.028+0000] {logging_mixin.py:149} INFO - [2024-10-13T09:53:49.028+0000] {dagbag.py:541} INFO - Filling up the DagBag from /home/airflow/.local/lib/python3.7/site-packages/airflow/example_dags/example_skip_dag.py
[2024-10-13T09:53:49.035+0000] {processor.py:809} INFO - DAG(s) dict_keys(['example_skip_dag']) retrieved from /home/airflow/.local/lib/python3.7/site-packages/airflow/example_dags/example_skip_dag.py
[2024-10-13T09:53:49.063+0000] {logging_mixin.py:149} INFO - [2024-10-13T09:53:49.063+0000] {dag.py:2726} INFO - Sync 1 DAGs
[2024-10-13T09:53:49.091+0000] {logging_mixin.py:149} INFO - [2024-10-13T09:53:49.091+0000] {dag.py:3490} INFO - Setting next_dagrun for example_skip_dag to 2024-10-12T09:53:49.090868+00:00, run_after=2024-10-13T09:53:49.090868+00:00
[2024-10-13T09:53:49.109+0000] {processor.py:178} INFO - Processing /home/airflow/.local/lib/python3.7/site-packages/airflow/example_dags/example_skip_dag.py took 0.086 seconds
[2024-10-13T09:54:20.124+0000] {processor.py:156} INFO - Started process (PID=3333) to work on /home/airflow/.local/lib/python3.7/site-packages/airflow/example_dags/example_skip_dag.py
[2024-10-13T09:54:20.125+0000] {processor.py:799} INFO - Processing file /home/airflow/.local/lib/python3.7/site-packages/airflow/example_dags/example_skip_dag.py for tasks to queue
[2024-10-13T09:54:20.125+0000] {logging_mixin.py:149} INFO - [2024-10-13T09:54:20.125+0000] {dagbag.py:541} INFO - Filling up the DagBag from /home/airflow/.local/lib/python3.7/site-packages/airflow/example_dags/example_skip_dag.py
[2024-10-13T09:54:20.133+0000] {processor.py:809} INFO - DAG(s) dict_keys(['example_skip_dag']) retrieved from /home/airflow/.local/lib/python3.7/site-packages/airflow/example_dags/example_skip_dag.py
[2024-10-13T09:54:20.162+0000] {logging_mixin.py:149} INFO - [2024-10-13T09:54:20.161+0000] {dag.py:2726} INFO - Sync 1 DAGs
[2024-10-13T09:54:20.188+0000] {logging_mixin.py:149} INFO - [2024-10-13T09:54:20.188+0000] {dag.py:3490} INFO - Setting next_dagrun for example_skip_dag to 2024-10-12T09:54:20.188160+00:00, run_after=2024-10-13T09:54:20.188160+00:00
[2024-10-13T09:54:20.209+0000] {processor.py:178} INFO - Processing /home/airflow/.local/lib/python3.7/site-packages/airflow/example_dags/example_skip_dag.py took 0.089 seconds
[2024-10-13T09:54:51.285+0000] {processor.py:156} INFO - Started process (PID=3394) to work on /home/airflow/.local/lib/python3.7/site-packages/airflow/example_dags/example_skip_dag.py
[2024-10-13T09:54:51.286+0000] {processor.py:799} INFO - Processing file /home/airflow/.local/lib/python3.7/site-packages/airflow/example_dags/example_skip_dag.py for tasks to queue
[2024-10-13T09:54:51.286+0000] {logging_mixin.py:149} INFO - [2024-10-13T09:54:51.286+0000] {dagbag.py:541} INFO - Filling up the DagBag from /home/airflow/.local/lib/python3.7/site-packages/airflow/example_dags/example_skip_dag.py
[2024-10-13T09:54:51.294+0000] {processor.py:809} INFO - DAG(s) dict_keys(['example_skip_dag']) retrieved from /home/airflow/.local/lib/python3.7/site-packages/airflow/example_dags/example_skip_dag.py
[2024-10-13T09:54:51.321+0000] {logging_mixin.py:149} INFO - [2024-10-13T09:54:51.321+0000] {dag.py:2726} INFO - Sync 1 DAGs
[2024-10-13T09:54:51.347+0000] {logging_mixin.py:149} INFO - [2024-10-13T09:54:51.347+0000] {dag.py:3490} INFO - Setting next_dagrun for example_skip_dag to 2024-10-12T09:54:51.347462+00:00, run_after=2024-10-13T09:54:51.347462+00:00
[2024-10-13T09:54:51.371+0000] {processor.py:178} INFO - Processing /home/airflow/.local/lib/python3.7/site-packages/airflow/example_dags/example_skip_dag.py took 0.090 seconds
[2024-10-13T09:55:21.927+0000] {processor.py:156} INFO - Started process (PID=3455) to work on /home/airflow/.local/lib/python3.7/site-packages/airflow/example_dags/example_skip_dag.py
[2024-10-13T09:55:21.928+0000] {processor.py:799} INFO - Processing file /home/airflow/.local/lib/python3.7/site-packages/airflow/example_dags/example_skip_dag.py for tasks to queue
[2024-10-13T09:55:21.929+0000] {logging_mixin.py:149} INFO - [2024-10-13T09:55:21.929+0000] {dagbag.py:541} INFO - Filling up the DagBag from /home/airflow/.local/lib/python3.7/site-packages/airflow/example_dags/example_skip_dag.py
[2024-10-13T09:55:21.936+0000] {processor.py:809} INFO - DAG(s) dict_keys(['example_skip_dag']) retrieved from /home/airflow/.local/lib/python3.7/site-packages/airflow/example_dags/example_skip_dag.py
[2024-10-13T09:55:21.962+0000] {logging_mixin.py:149} INFO - [2024-10-13T09:55:21.962+0000] {dag.py:2726} INFO - Sync 1 DAGs
[2024-10-13T09:55:21.988+0000] {logging_mixin.py:149} INFO - [2024-10-13T09:55:21.988+0000] {dag.py:3490} INFO - Setting next_dagrun for example_skip_dag to 2024-10-12T09:55:21.988287+00:00, run_after=2024-10-13T09:55:21.988287+00:00
[2024-10-13T09:55:22.007+0000] {processor.py:178} INFO - Processing /home/airflow/.local/lib/python3.7/site-packages/airflow/example_dags/example_skip_dag.py took 0.082 seconds
[2024-10-13T09:55:52.446+0000] {processor.py:156} INFO - Started process (PID=3516) to work on /home/airflow/.local/lib/python3.7/site-packages/airflow/example_dags/example_skip_dag.py
[2024-10-13T09:55:52.447+0000] {processor.py:799} INFO - Processing file /home/airflow/.local/lib/python3.7/site-packages/airflow/example_dags/example_skip_dag.py for tasks to queue
[2024-10-13T09:55:52.448+0000] {logging_mixin.py:149} INFO - [2024-10-13T09:55:52.448+0000] {dagbag.py:541} INFO - Filling up the DagBag from /home/airflow/.local/lib/python3.7/site-packages/airflow/example_dags/example_skip_dag.py
[2024-10-13T09:55:52.455+0000] {processor.py:809} INFO - DAG(s) dict_keys(['example_skip_dag']) retrieved from /home/airflow/.local/lib/python3.7/site-packages/airflow/example_dags/example_skip_dag.py
[2024-10-13T09:55:52.490+0000] {logging_mixin.py:149} INFO - [2024-10-13T09:55:52.490+0000] {dag.py:2726} INFO - Sync 1 DAGs
[2024-10-13T09:55:52.518+0000] {logging_mixin.py:149} INFO - [2024-10-13T09:55:52.518+0000] {dag.py:3490} INFO - Setting next_dagrun for example_skip_dag to 2024-10-12T09:55:52.517900+00:00, run_after=2024-10-13T09:55:52.517900+00:00
[2024-10-13T09:55:52.537+0000] {processor.py:178} INFO - Processing /home/airflow/.local/lib/python3.7/site-packages/airflow/example_dags/example_skip_dag.py took 0.094 seconds
[2024-10-13T09:56:22.805+0000] {processor.py:156} INFO - Started process (PID=3577) to work on /home/airflow/.local/lib/python3.7/site-packages/airflow/example_dags/example_skip_dag.py
[2024-10-13T09:56:22.806+0000] {processor.py:799} INFO - Processing file /home/airflow/.local/lib/python3.7/site-packages/airflow/example_dags/example_skip_dag.py for tasks to queue
[2024-10-13T09:56:22.807+0000] {logging_mixin.py:149} INFO - [2024-10-13T09:56:22.807+0000] {dagbag.py:541} INFO - Filling up the DagBag from /home/airflow/.local/lib/python3.7/site-packages/airflow/example_dags/example_skip_dag.py
[2024-10-13T09:56:22.814+0000] {processor.py:809} INFO - DAG(s) dict_keys(['example_skip_dag']) retrieved from /home/airflow/.local/lib/python3.7/site-packages/airflow/example_dags/example_skip_dag.py
[2024-10-13T09:56:22.841+0000] {logging_mixin.py:149} INFO - [2024-10-13T09:56:22.840+0000] {dag.py:2726} INFO - Sync 1 DAGs
[2024-10-13T09:56:22.868+0000] {logging_mixin.py:149} INFO - [2024-10-13T09:56:22.868+0000] {dag.py:3490} INFO - Setting next_dagrun for example_skip_dag to 2024-10-12T09:56:22.867919+00:00, run_after=2024-10-13T09:56:22.867919+00:00
[2024-10-13T09:56:22.886+0000] {processor.py:178} INFO - Processing /home/airflow/.local/lib/python3.7/site-packages/airflow/example_dags/example_skip_dag.py took 0.085 seconds
[2024-10-13T09:56:53.416+0000] {processor.py:156} INFO - Started process (PID=3638) to work on /home/airflow/.local/lib/python3.7/site-packages/airflow/example_dags/example_skip_dag.py
[2024-10-13T09:56:53.417+0000] {processor.py:799} INFO - Processing file /home/airflow/.local/lib/python3.7/site-packages/airflow/example_dags/example_skip_dag.py for tasks to queue
[2024-10-13T09:56:53.417+0000] {logging_mixin.py:149} INFO - [2024-10-13T09:56:53.417+0000] {dagbag.py:541} INFO - Filling up the DagBag from /home/airflow/.local/lib/python3.7/site-packages/airflow/example_dags/example_skip_dag.py
[2024-10-13T09:56:53.425+0000] {processor.py:809} INFO - DAG(s) dict_keys(['example_skip_dag']) retrieved from /home/airflow/.local/lib/python3.7/site-packages/airflow/example_dags/example_skip_dag.py
[2024-10-13T09:56:53.453+0000] {logging_mixin.py:149} INFO - [2024-10-13T09:56:53.453+0000] {dag.py:2726} INFO - Sync 1 DAGs
[2024-10-13T09:56:53.484+0000] {logging_mixin.py:149} INFO - [2024-10-13T09:56:53.483+0000] {dag.py:3490} INFO - Setting next_dagrun for example_skip_dag to 2024-10-12T09:56:53.483719+00:00, run_after=2024-10-13T09:56:53.483719+00:00
[2024-10-13T09:56:53.503+0000] {processor.py:178} INFO - Processing /home/airflow/.local/lib/python3.7/site-packages/airflow/example_dags/example_skip_dag.py took 0.091 seconds
[2024-10-13T09:57:24.148+0000] {processor.py:156} INFO - Started process (PID=3699) to work on /home/airflow/.local/lib/python3.7/site-packages/airflow/example_dags/example_skip_dag.py
[2024-10-13T09:57:24.149+0000] {processor.py:799} INFO - Processing file /home/airflow/.local/lib/python3.7/site-packages/airflow/example_dags/example_skip_dag.py for tasks to queue
[2024-10-13T09:57:24.149+0000] {logging_mixin.py:149} INFO - [2024-10-13T09:57:24.149+0000] {dagbag.py:541} INFO - Filling up the DagBag from /home/airflow/.local/lib/python3.7/site-packages/airflow/example_dags/example_skip_dag.py
[2024-10-13T09:57:24.157+0000] {processor.py:809} INFO - DAG(s) dict_keys(['example_skip_dag']) retrieved from /home/airflow/.local/lib/python3.7/site-packages/airflow/example_dags/example_skip_dag.py
[2024-10-13T09:57:24.185+0000] {logging_mixin.py:149} INFO - [2024-10-13T09:57:24.185+0000] {dag.py:2726} INFO - Sync 1 DAGs
[2024-10-13T09:57:24.212+0000] {logging_mixin.py:149} INFO - [2024-10-13T09:57:24.212+0000] {dag.py:3490} INFO - Setting next_dagrun for example_skip_dag to 2024-10-12T09:57:24.212412+00:00, run_after=2024-10-13T09:57:24.212412+00:00
[2024-10-13T09:57:24.241+0000] {processor.py:178} INFO - Processing /home/airflow/.local/lib/python3.7/site-packages/airflow/example_dags/example_skip_dag.py took 0.097 seconds
[2024-10-13T09:57:55.011+0000] {processor.py:156} INFO - Started process (PID=3760) to work on /home/airflow/.local/lib/python3.7/site-packages/airflow/example_dags/example_skip_dag.py
[2024-10-13T09:57:55.012+0000] {processor.py:799} INFO - Processing file /home/airflow/.local/lib/python3.7/site-packages/airflow/example_dags/example_skip_dag.py for tasks to queue
[2024-10-13T09:57:55.013+0000] {logging_mixin.py:149} INFO - [2024-10-13T09:57:55.012+0000] {dagbag.py:541} INFO - Filling up the DagBag from /home/airflow/.local/lib/python3.7/site-packages/airflow/example_dags/example_skip_dag.py
[2024-10-13T09:57:55.027+0000] {processor.py:809} INFO - DAG(s) dict_keys(['example_skip_dag']) retrieved from /home/airflow/.local/lib/python3.7/site-packages/airflow/example_dags/example_skip_dag.py
[2024-10-13T09:57:55.072+0000] {logging_mixin.py:149} INFO - [2024-10-13T09:57:55.072+0000] {dag.py:2726} INFO - Sync 1 DAGs
[2024-10-13T09:57:55.129+0000] {logging_mixin.py:149} INFO - [2024-10-13T09:57:55.129+0000] {dag.py:3490} INFO - Setting next_dagrun for example_skip_dag to 2024-10-12T09:57:55.128690+00:00, run_after=2024-10-13T09:57:55.128690+00:00
[2024-10-13T09:57:55.169+0000] {processor.py:178} INFO - Processing /home/airflow/.local/lib/python3.7/site-packages/airflow/example_dags/example_skip_dag.py took 0.163 seconds
[2024-10-13T14:18:53.059+0000] {processor.py:156} INFO - Started process (PID=90) to work on /home/airflow/.local/lib/python3.7/site-packages/airflow/example_dags/example_skip_dag.py
[2024-10-13T14:18:53.060+0000] {processor.py:799} INFO - Processing file /home/airflow/.local/lib/python3.7/site-packages/airflow/example_dags/example_skip_dag.py for tasks to queue
[2024-10-13T14:18:53.061+0000] {logging_mixin.py:149} INFO - [2024-10-13T14:18:53.061+0000] {dagbag.py:541} INFO - Filling up the DagBag from /home/airflow/.local/lib/python3.7/site-packages/airflow/example_dags/example_skip_dag.py
[2024-10-13T14:18:53.070+0000] {processor.py:809} INFO - DAG(s) dict_keys(['example_skip_dag']) retrieved from /home/airflow/.local/lib/python3.7/site-packages/airflow/example_dags/example_skip_dag.py
[2024-10-13T14:18:53.085+0000] {logging_mixin.py:149} INFO - [2024-10-13T14:18:53.085+0000] {dag.py:2726} INFO - Sync 1 DAGs
[2024-10-13T14:18:53.132+0000] {logging_mixin.py:149} INFO - [2024-10-13T14:18:53.132+0000] {dag.py:3490} INFO - Setting next_dagrun for example_skip_dag to 2024-10-12T14:18:53.132245+00:00, run_after=2024-10-13T14:18:53.132245+00:00
[2024-10-13T14:18:53.160+0000] {processor.py:178} INFO - Processing /home/airflow/.local/lib/python3.7/site-packages/airflow/example_dags/example_skip_dag.py took 0.105 seconds
[2024-10-13T14:19:23.688+0000] {processor.py:156} INFO - Started process (PID=151) to work on /home/airflow/.local/lib/python3.7/site-packages/airflow/example_dags/example_skip_dag.py
[2024-10-13T14:19:23.689+0000] {processor.py:799} INFO - Processing file /home/airflow/.local/lib/python3.7/site-packages/airflow/example_dags/example_skip_dag.py for tasks to queue
[2024-10-13T14:19:23.689+0000] {logging_mixin.py:149} INFO - [2024-10-13T14:19:23.689+0000] {dagbag.py:541} INFO - Filling up the DagBag from /home/airflow/.local/lib/python3.7/site-packages/airflow/example_dags/example_skip_dag.py
[2024-10-13T14:19:23.698+0000] {processor.py:809} INFO - DAG(s) dict_keys(['example_skip_dag']) retrieved from /home/airflow/.local/lib/python3.7/site-packages/airflow/example_dags/example_skip_dag.py
[2024-10-13T14:19:23.730+0000] {logging_mixin.py:149} INFO - [2024-10-13T14:19:23.730+0000] {dag.py:2726} INFO - Sync 1 DAGs
[2024-10-13T14:19:23.764+0000] {logging_mixin.py:149} INFO - [2024-10-13T14:19:23.764+0000] {dag.py:3490} INFO - Setting next_dagrun for example_skip_dag to 2024-10-12T14:19:23.764104+00:00, run_after=2024-10-13T14:19:23.764104+00:00
[2024-10-13T14:19:23.787+0000] {processor.py:178} INFO - Processing /home/airflow/.local/lib/python3.7/site-packages/airflow/example_dags/example_skip_dag.py took 0.103 seconds
[2024-10-13T14:19:54.209+0000] {processor.py:156} INFO - Started process (PID=212) to work on /home/airflow/.local/lib/python3.7/site-packages/airflow/example_dags/example_skip_dag.py
[2024-10-13T14:19:54.214+0000] {processor.py:799} INFO - Processing file /home/airflow/.local/lib/python3.7/site-packages/airflow/example_dags/example_skip_dag.py for tasks to queue
[2024-10-13T14:19:54.215+0000] {logging_mixin.py:149} INFO - [2024-10-13T14:19:54.215+0000] {dagbag.py:541} INFO - Filling up the DagBag from /home/airflow/.local/lib/python3.7/site-packages/airflow/example_dags/example_skip_dag.py
[2024-10-13T14:19:54.226+0000] {processor.py:809} INFO - DAG(s) dict_keys(['example_skip_dag']) retrieved from /home/airflow/.local/lib/python3.7/site-packages/airflow/example_dags/example_skip_dag.py
[2024-10-13T14:19:54.257+0000] {logging_mixin.py:149} INFO - [2024-10-13T14:19:54.257+0000] {dag.py:2726} INFO - Sync 1 DAGs
[2024-10-13T14:19:54.285+0000] {logging_mixin.py:149} INFO - [2024-10-13T14:19:54.285+0000] {dag.py:3490} INFO - Setting next_dagrun for example_skip_dag to 2024-10-12T14:19:54.285178+00:00, run_after=2024-10-13T14:19:54.285178+00:00
[2024-10-13T14:19:54.307+0000] {processor.py:178} INFO - Processing /home/airflow/.local/lib/python3.7/site-packages/airflow/example_dags/example_skip_dag.py took 0.103 seconds
[2024-10-13T14:20:24.644+0000] {processor.py:156} INFO - Started process (PID=273) to work on /home/airflow/.local/lib/python3.7/site-packages/airflow/example_dags/example_skip_dag.py
[2024-10-13T14:20:24.645+0000] {processor.py:799} INFO - Processing file /home/airflow/.local/lib/python3.7/site-packages/airflow/example_dags/example_skip_dag.py for tasks to queue
[2024-10-13T14:20:24.646+0000] {logging_mixin.py:149} INFO - [2024-10-13T14:20:24.645+0000] {dagbag.py:541} INFO - Filling up the DagBag from /home/airflow/.local/lib/python3.7/site-packages/airflow/example_dags/example_skip_dag.py
[2024-10-13T14:20:24.653+0000] {processor.py:809} INFO - DAG(s) dict_keys(['example_skip_dag']) retrieved from /home/airflow/.local/lib/python3.7/site-packages/airflow/example_dags/example_skip_dag.py
[2024-10-13T14:20:24.679+0000] {logging_mixin.py:149} INFO - [2024-10-13T14:20:24.679+0000] {dag.py:2726} INFO - Sync 1 DAGs
[2024-10-13T14:20:24.707+0000] {logging_mixin.py:149} INFO - [2024-10-13T14:20:24.706+0000] {dag.py:3490} INFO - Setting next_dagrun for example_skip_dag to 2024-10-12T14:20:24.706618+00:00, run_after=2024-10-13T14:20:24.706618+00:00
[2024-10-13T14:20:24.734+0000] {processor.py:178} INFO - Processing /home/airflow/.local/lib/python3.7/site-packages/airflow/example_dags/example_skip_dag.py took 0.094 seconds
[2024-10-13T14:20:55.215+0000] {processor.py:156} INFO - Started process (PID=333) to work on /home/airflow/.local/lib/python3.7/site-packages/airflow/example_dags/example_skip_dag.py
[2024-10-13T14:20:55.216+0000] {processor.py:799} INFO - Processing file /home/airflow/.local/lib/python3.7/site-packages/airflow/example_dags/example_skip_dag.py for tasks to queue
[2024-10-13T14:20:55.216+0000] {logging_mixin.py:149} INFO - [2024-10-13T14:20:55.216+0000] {dagbag.py:541} INFO - Filling up the DagBag from /home/airflow/.local/lib/python3.7/site-packages/airflow/example_dags/example_skip_dag.py
[2024-10-13T14:20:55.224+0000] {processor.py:809} INFO - DAG(s) dict_keys(['example_skip_dag']) retrieved from /home/airflow/.local/lib/python3.7/site-packages/airflow/example_dags/example_skip_dag.py
[2024-10-13T14:20:55.251+0000] {logging_mixin.py:149} INFO - [2024-10-13T14:20:55.251+0000] {dag.py:2726} INFO - Sync 1 DAGs
[2024-10-13T14:20:55.277+0000] {logging_mixin.py:149} INFO - [2024-10-13T14:20:55.277+0000] {dag.py:3490} INFO - Setting next_dagrun for example_skip_dag to 2024-10-12T14:20:55.277472+00:00, run_after=2024-10-13T14:20:55.277472+00:00
[2024-10-13T14:20:55.297+0000] {processor.py:178} INFO - Processing /home/airflow/.local/lib/python3.7/site-packages/airflow/example_dags/example_skip_dag.py took 0.086 seconds
[2024-10-13T14:21:26.525+0000] {processor.py:156} INFO - Started process (PID=394) to work on /home/airflow/.local/lib/python3.7/site-packages/airflow/example_dags/example_skip_dag.py
[2024-10-13T14:21:26.526+0000] {processor.py:799} INFO - Processing file /home/airflow/.local/lib/python3.7/site-packages/airflow/example_dags/example_skip_dag.py for tasks to queue
[2024-10-13T14:21:26.527+0000] {logging_mixin.py:149} INFO - [2024-10-13T14:21:26.527+0000] {dagbag.py:541} INFO - Filling up the DagBag from /home/airflow/.local/lib/python3.7/site-packages/airflow/example_dags/example_skip_dag.py
[2024-10-13T14:21:26.535+0000] {processor.py:809} INFO - DAG(s) dict_keys(['example_skip_dag']) retrieved from /home/airflow/.local/lib/python3.7/site-packages/airflow/example_dags/example_skip_dag.py
[2024-10-13T14:21:26.566+0000] {logging_mixin.py:149} INFO - [2024-10-13T14:21:26.566+0000] {dag.py:2726} INFO - Sync 1 DAGs
[2024-10-13T14:21:26.599+0000] {logging_mixin.py:149} INFO - [2024-10-13T14:21:26.599+0000] {dag.py:3490} INFO - Setting next_dagrun for example_skip_dag to 2024-10-12T14:21:26.599012+00:00, run_after=2024-10-13T14:21:26.599012+00:00
[2024-10-13T14:21:26.623+0000] {processor.py:178} INFO - Processing /home/airflow/.local/lib/python3.7/site-packages/airflow/example_dags/example_skip_dag.py took 0.103 seconds
[2024-10-13T14:21:57.480+0000] {processor.py:156} INFO - Started process (PID=455) to work on /home/airflow/.local/lib/python3.7/site-packages/airflow/example_dags/example_skip_dag.py
[2024-10-13T14:21:57.481+0000] {processor.py:799} INFO - Processing file /home/airflow/.local/lib/python3.7/site-packages/airflow/example_dags/example_skip_dag.py for tasks to queue
[2024-10-13T14:21:57.482+0000] {logging_mixin.py:149} INFO - [2024-10-13T14:21:57.482+0000] {dagbag.py:541} INFO - Filling up the DagBag from /home/airflow/.local/lib/python3.7/site-packages/airflow/example_dags/example_skip_dag.py
[2024-10-13T14:21:57.490+0000] {processor.py:809} INFO - DAG(s) dict_keys(['example_skip_dag']) retrieved from /home/airflow/.local/lib/python3.7/site-packages/airflow/example_dags/example_skip_dag.py
[2024-10-13T14:21:57.521+0000] {logging_mixin.py:149} INFO - [2024-10-13T14:21:57.521+0000] {dag.py:2726} INFO - Sync 1 DAGs
[2024-10-13T14:21:57.557+0000] {logging_mixin.py:149} INFO - [2024-10-13T14:21:57.556+0000] {dag.py:3490} INFO - Setting next_dagrun for example_skip_dag to 2024-10-12T14:21:57.556382+00:00, run_after=2024-10-13T14:21:57.556382+00:00
[2024-10-13T14:21:57.591+0000] {processor.py:178} INFO - Processing /home/airflow/.local/lib/python3.7/site-packages/airflow/example_dags/example_skip_dag.py took 0.115 seconds
[2024-10-13T14:22:27.954+0000] {processor.py:156} INFO - Started process (PID=516) to work on /home/airflow/.local/lib/python3.7/site-packages/airflow/example_dags/example_skip_dag.py
[2024-10-13T14:22:27.956+0000] {processor.py:799} INFO - Processing file /home/airflow/.local/lib/python3.7/site-packages/airflow/example_dags/example_skip_dag.py for tasks to queue
[2024-10-13T14:22:27.957+0000] {logging_mixin.py:149} INFO - [2024-10-13T14:22:27.956+0000] {dagbag.py:541} INFO - Filling up the DagBag from /home/airflow/.local/lib/python3.7/site-packages/airflow/example_dags/example_skip_dag.py
[2024-10-13T14:22:27.971+0000] {processor.py:809} INFO - DAG(s) dict_keys(['example_skip_dag']) retrieved from /home/airflow/.local/lib/python3.7/site-packages/airflow/example_dags/example_skip_dag.py
[2024-10-13T14:22:28.003+0000] {logging_mixin.py:149} INFO - [2024-10-13T14:22:28.003+0000] {dag.py:2726} INFO - Sync 1 DAGs
[2024-10-13T14:22:28.037+0000] {logging_mixin.py:149} INFO - [2024-10-13T14:22:28.037+0000] {dag.py:3490} INFO - Setting next_dagrun for example_skip_dag to 2024-10-12T14:22:28.036748+00:00, run_after=2024-10-13T14:22:28.036748+00:00
[2024-10-13T14:22:28.058+0000] {processor.py:178} INFO - Processing /home/airflow/.local/lib/python3.7/site-packages/airflow/example_dags/example_skip_dag.py took 0.107 seconds
[2024-10-13T14:22:58.779+0000] {processor.py:156} INFO - Started process (PID=577) to work on /home/airflow/.local/lib/python3.7/site-packages/airflow/example_dags/example_skip_dag.py
[2024-10-13T14:22:58.780+0000] {processor.py:799} INFO - Processing file /home/airflow/.local/lib/python3.7/site-packages/airflow/example_dags/example_skip_dag.py for tasks to queue
[2024-10-13T14:22:58.780+0000] {logging_mixin.py:149} INFO - [2024-10-13T14:22:58.780+0000] {dagbag.py:541} INFO - Filling up the DagBag from /home/airflow/.local/lib/python3.7/site-packages/airflow/example_dags/example_skip_dag.py
[2024-10-13T14:22:58.787+0000] {processor.py:809} INFO - DAG(s) dict_keys(['example_skip_dag']) retrieved from /home/airflow/.local/lib/python3.7/site-packages/airflow/example_dags/example_skip_dag.py
[2024-10-13T14:22:58.814+0000] {logging_mixin.py:149} INFO - [2024-10-13T14:22:58.813+0000] {dag.py:2726} INFO - Sync 1 DAGs
[2024-10-13T14:22:58.844+0000] {logging_mixin.py:149} INFO - [2024-10-13T14:22:58.843+0000] {dag.py:3490} INFO - Setting next_dagrun for example_skip_dag to 2024-10-12T14:22:58.843735+00:00, run_after=2024-10-13T14:22:58.843735+00:00
[2024-10-13T14:22:58.865+0000] {processor.py:178} INFO - Processing /home/airflow/.local/lib/python3.7/site-packages/airflow/example_dags/example_skip_dag.py took 0.090 seconds
[2024-10-13T14:23:29.916+0000] {processor.py:156} INFO - Started process (PID=638) to work on /home/airflow/.local/lib/python3.7/site-packages/airflow/example_dags/example_skip_dag.py
[2024-10-13T14:23:29.917+0000] {processor.py:799} INFO - Processing file /home/airflow/.local/lib/python3.7/site-packages/airflow/example_dags/example_skip_dag.py for tasks to queue
[2024-10-13T14:23:29.918+0000] {logging_mixin.py:149} INFO - [2024-10-13T14:23:29.918+0000] {dagbag.py:541} INFO - Filling up the DagBag from /home/airflow/.local/lib/python3.7/site-packages/airflow/example_dags/example_skip_dag.py
[2024-10-13T14:23:29.926+0000] {processor.py:809} INFO - DAG(s) dict_keys(['example_skip_dag']) retrieved from /home/airflow/.local/lib/python3.7/site-packages/airflow/example_dags/example_skip_dag.py
[2024-10-13T14:23:29.956+0000] {logging_mixin.py:149} INFO - [2024-10-13T14:23:29.956+0000] {dag.py:2726} INFO - Sync 1 DAGs
[2024-10-13T14:23:29.989+0000] {logging_mixin.py:149} INFO - [2024-10-13T14:23:29.989+0000] {dag.py:3490} INFO - Setting next_dagrun for example_skip_dag to 2024-10-12T14:23:29.989004+00:00, run_after=2024-10-13T14:23:29.989004+00:00
[2024-10-13T14:23:30.012+0000] {processor.py:178} INFO - Processing /home/airflow/.local/lib/python3.7/site-packages/airflow/example_dags/example_skip_dag.py took 0.100 seconds
