[2024-10-13T09:27:15.317+0000] {processor.py:156} INFO - Started process (PID=86) to work on /home/airflow/.local/lib/python3.7/site-packages/airflow/example_dags/example_bash_operator.py
[2024-10-13T09:27:15.318+0000] {processor.py:799} INFO - Processing file /home/airflow/.local/lib/python3.7/site-packages/airflow/example_dags/example_bash_operator.py for tasks to queue
[2024-10-13T09:27:15.319+0000] {logging_mixin.py:149} INFO - [2024-10-13T09:27:15.318+0000] {dagbag.py:541} INFO - Filling up the DagBag from /home/airflow/.local/lib/python3.7/site-packages/airflow/example_dags/example_bash_operator.py
[2024-10-13T09:27:15.344+0000] {processor.py:809} INFO - DAG(s) dict_keys(['example_bash_operator']) retrieved from /home/airflow/.local/lib/python3.7/site-packages/airflow/example_dags/example_bash_operator.py
[2024-10-13T09:27:15.526+0000] {logging_mixin.py:149} INFO - [2024-10-13T09:27:15.526+0000] {manager.py:504} INFO - Created Permission View: can edit on DAG:example_bash_operator
[2024-10-13T09:27:15.535+0000] {logging_mixin.py:149} INFO - [2024-10-13T09:27:15.535+0000] {manager.py:504} INFO - Created Permission View: can read on DAG:example_bash_operator
[2024-10-13T09:27:15.543+0000] {logging_mixin.py:149} INFO - [2024-10-13T09:27:15.542+0000] {manager.py:504} INFO - Created Permission View: can delete on DAG:example_bash_operator
[2024-10-13T09:27:15.543+0000] {logging_mixin.py:149} INFO - [2024-10-13T09:27:15.543+0000] {dag.py:2726} INFO - Sync 1 DAGs
[2024-10-13T09:27:15.557+0000] {logging_mixin.py:149} INFO - [2024-10-13T09:27:15.557+0000] {dag.py:2747} INFO - Creating ORM DAG for example_bash_operator
[2024-10-13T09:27:15.573+0000] {logging_mixin.py:149} INFO - [2024-10-13T09:27:15.573+0000] {dag.py:3490} INFO - Setting next_dagrun for example_bash_operator to 2024-10-12T00:00:00+00:00, run_after=2024-10-13T00:00:00+00:00
[2024-10-13T09:27:15.598+0000] {processor.py:178} INFO - Processing /home/airflow/.local/lib/python3.7/site-packages/airflow/example_dags/example_bash_operator.py took 0.286 seconds
[2024-10-13T09:27:46.470+0000] {processor.py:156} INFO - Started process (PID=147) to work on /home/airflow/.local/lib/python3.7/site-packages/airflow/example_dags/example_bash_operator.py
[2024-10-13T09:27:46.471+0000] {processor.py:799} INFO - Processing file /home/airflow/.local/lib/python3.7/site-packages/airflow/example_dags/example_bash_operator.py for tasks to queue
[2024-10-13T09:27:46.471+0000] {logging_mixin.py:149} INFO - [2024-10-13T09:27:46.471+0000] {dagbag.py:541} INFO - Filling up the DagBag from /home/airflow/.local/lib/python3.7/site-packages/airflow/example_dags/example_bash_operator.py
[2024-10-13T09:27:46.487+0000] {processor.py:809} INFO - DAG(s) dict_keys(['example_bash_operator']) retrieved from /home/airflow/.local/lib/python3.7/site-packages/airflow/example_dags/example_bash_operator.py
[2024-10-13T09:27:46.527+0000] {logging_mixin.py:149} INFO - [2024-10-13T09:27:46.527+0000] {dag.py:2726} INFO - Sync 1 DAGs
[2024-10-13T09:27:46.553+0000] {logging_mixin.py:149} INFO - [2024-10-13T09:27:46.553+0000] {dag.py:3490} INFO - Setting next_dagrun for example_bash_operator to 2024-10-12T00:00:00+00:00, run_after=2024-10-13T00:00:00+00:00
[2024-10-13T09:27:46.573+0000] {processor.py:178} INFO - Processing /home/airflow/.local/lib/python3.7/site-packages/airflow/example_dags/example_bash_operator.py took 0.107 seconds
[2024-10-13T09:28:16.904+0000] {processor.py:156} INFO - Started process (PID=208) to work on /home/airflow/.local/lib/python3.7/site-packages/airflow/example_dags/example_bash_operator.py
[2024-10-13T09:28:16.905+0000] {processor.py:799} INFO - Processing file /home/airflow/.local/lib/python3.7/site-packages/airflow/example_dags/example_bash_operator.py for tasks to queue
[2024-10-13T09:28:16.906+0000] {logging_mixin.py:149} INFO - [2024-10-13T09:28:16.906+0000] {dagbag.py:541} INFO - Filling up the DagBag from /home/airflow/.local/lib/python3.7/site-packages/airflow/example_dags/example_bash_operator.py
[2024-10-13T09:28:16.922+0000] {processor.py:809} INFO - DAG(s) dict_keys(['example_bash_operator']) retrieved from /home/airflow/.local/lib/python3.7/site-packages/airflow/example_dags/example_bash_operator.py
[2024-10-13T09:28:16.963+0000] {logging_mixin.py:149} INFO - [2024-10-13T09:28:16.963+0000] {dag.py:2726} INFO - Sync 1 DAGs
[2024-10-13T09:28:16.993+0000] {logging_mixin.py:149} INFO - [2024-10-13T09:28:16.993+0000] {dag.py:3490} INFO - Setting next_dagrun for example_bash_operator to 2024-10-12T00:00:00+00:00, run_after=2024-10-13T00:00:00+00:00
[2024-10-13T09:28:17.015+0000] {processor.py:178} INFO - Processing /home/airflow/.local/lib/python3.7/site-packages/airflow/example_dags/example_bash_operator.py took 0.115 seconds
[2024-10-13T09:28:47.153+0000] {processor.py:156} INFO - Started process (PID=269) to work on /home/airflow/.local/lib/python3.7/site-packages/airflow/example_dags/example_bash_operator.py
[2024-10-13T09:28:47.154+0000] {processor.py:799} INFO - Processing file /home/airflow/.local/lib/python3.7/site-packages/airflow/example_dags/example_bash_operator.py for tasks to queue
[2024-10-13T09:28:47.155+0000] {logging_mixin.py:149} INFO - [2024-10-13T09:28:47.155+0000] {dagbag.py:541} INFO - Filling up the DagBag from /home/airflow/.local/lib/python3.7/site-packages/airflow/example_dags/example_bash_operator.py
[2024-10-13T09:28:47.175+0000] {processor.py:809} INFO - DAG(s) dict_keys(['example_bash_operator']) retrieved from /home/airflow/.local/lib/python3.7/site-packages/airflow/example_dags/example_bash_operator.py
[2024-10-13T09:28:47.237+0000] {logging_mixin.py:149} INFO - [2024-10-13T09:28:47.237+0000] {dag.py:2726} INFO - Sync 1 DAGs
[2024-10-13T09:28:47.273+0000] {logging_mixin.py:149} INFO - [2024-10-13T09:28:47.273+0000] {dag.py:3490} INFO - Setting next_dagrun for example_bash_operator to 2024-10-12T00:00:00+00:00, run_after=2024-10-13T00:00:00+00:00
[2024-10-13T09:28:47.293+0000] {processor.py:178} INFO - Processing /home/airflow/.local/lib/python3.7/site-packages/airflow/example_dags/example_bash_operator.py took 0.144 seconds
[2024-10-13T09:29:17.701+0000] {processor.py:156} INFO - Started process (PID=330) to work on /home/airflow/.local/lib/python3.7/site-packages/airflow/example_dags/example_bash_operator.py
[2024-10-13T09:29:17.702+0000] {processor.py:799} INFO - Processing file /home/airflow/.local/lib/python3.7/site-packages/airflow/example_dags/example_bash_operator.py for tasks to queue
[2024-10-13T09:29:17.703+0000] {logging_mixin.py:149} INFO - [2024-10-13T09:29:17.702+0000] {dagbag.py:541} INFO - Filling up the DagBag from /home/airflow/.local/lib/python3.7/site-packages/airflow/example_dags/example_bash_operator.py
[2024-10-13T09:29:17.720+0000] {processor.py:809} INFO - DAG(s) dict_keys(['example_bash_operator']) retrieved from /home/airflow/.local/lib/python3.7/site-packages/airflow/example_dags/example_bash_operator.py
[2024-10-13T09:29:17.770+0000] {logging_mixin.py:149} INFO - [2024-10-13T09:29:17.770+0000] {dag.py:2726} INFO - Sync 1 DAGs
[2024-10-13T09:29:17.822+0000] {logging_mixin.py:149} INFO - [2024-10-13T09:29:17.822+0000] {dag.py:3490} INFO - Setting next_dagrun for example_bash_operator to 2024-10-12T00:00:00+00:00, run_after=2024-10-13T00:00:00+00:00
[2024-10-13T09:29:17.847+0000] {processor.py:178} INFO - Processing /home/airflow/.local/lib/python3.7/site-packages/airflow/example_dags/example_bash_operator.py took 0.150 seconds
[2024-10-13T09:29:48.117+0000] {processor.py:156} INFO - Started process (PID=391) to work on /home/airflow/.local/lib/python3.7/site-packages/airflow/example_dags/example_bash_operator.py
[2024-10-13T09:29:48.118+0000] {processor.py:799} INFO - Processing file /home/airflow/.local/lib/python3.7/site-packages/airflow/example_dags/example_bash_operator.py for tasks to queue
[2024-10-13T09:29:48.118+0000] {logging_mixin.py:149} INFO - [2024-10-13T09:29:48.118+0000] {dagbag.py:541} INFO - Filling up the DagBag from /home/airflow/.local/lib/python3.7/site-packages/airflow/example_dags/example_bash_operator.py
[2024-10-13T09:29:48.135+0000] {processor.py:809} INFO - DAG(s) dict_keys(['example_bash_operator']) retrieved from /home/airflow/.local/lib/python3.7/site-packages/airflow/example_dags/example_bash_operator.py
[2024-10-13T09:29:48.188+0000] {logging_mixin.py:149} INFO - [2024-10-13T09:29:48.187+0000] {dag.py:2726} INFO - Sync 1 DAGs
[2024-10-13T09:29:48.222+0000] {logging_mixin.py:149} INFO - [2024-10-13T09:29:48.222+0000] {dag.py:3490} INFO - Setting next_dagrun for example_bash_operator to 2024-10-12T00:00:00+00:00, run_after=2024-10-13T00:00:00+00:00
[2024-10-13T09:29:48.248+0000] {processor.py:178} INFO - Processing /home/airflow/.local/lib/python3.7/site-packages/airflow/example_dags/example_bash_operator.py took 0.135 seconds
[2024-10-13T09:30:18.625+0000] {processor.py:156} INFO - Started process (PID=452) to work on /home/airflow/.local/lib/python3.7/site-packages/airflow/example_dags/example_bash_operator.py
[2024-10-13T09:30:18.626+0000] {processor.py:799} INFO - Processing file /home/airflow/.local/lib/python3.7/site-packages/airflow/example_dags/example_bash_operator.py for tasks to queue
[2024-10-13T09:30:18.627+0000] {logging_mixin.py:149} INFO - [2024-10-13T09:30:18.627+0000] {dagbag.py:541} INFO - Filling up the DagBag from /home/airflow/.local/lib/python3.7/site-packages/airflow/example_dags/example_bash_operator.py
[2024-10-13T09:30:18.645+0000] {processor.py:809} INFO - DAG(s) dict_keys(['example_bash_operator']) retrieved from /home/airflow/.local/lib/python3.7/site-packages/airflow/example_dags/example_bash_operator.py
[2024-10-13T09:30:18.692+0000] {logging_mixin.py:149} INFO - [2024-10-13T09:30:18.691+0000] {dag.py:2726} INFO - Sync 1 DAGs
[2024-10-13T09:30:18.724+0000] {logging_mixin.py:149} INFO - [2024-10-13T09:30:18.724+0000] {dag.py:3490} INFO - Setting next_dagrun for example_bash_operator to 2024-10-12T00:00:00+00:00, run_after=2024-10-13T00:00:00+00:00
[2024-10-13T09:30:18.746+0000] {processor.py:178} INFO - Processing /home/airflow/.local/lib/python3.7/site-packages/airflow/example_dags/example_bash_operator.py took 0.124 seconds
[2024-10-13T09:30:49.381+0000] {processor.py:156} INFO - Started process (PID=513) to work on /home/airflow/.local/lib/python3.7/site-packages/airflow/example_dags/example_bash_operator.py
[2024-10-13T09:30:49.382+0000] {processor.py:799} INFO - Processing file /home/airflow/.local/lib/python3.7/site-packages/airflow/example_dags/example_bash_operator.py for tasks to queue
[2024-10-13T09:30:49.383+0000] {logging_mixin.py:149} INFO - [2024-10-13T09:30:49.382+0000] {dagbag.py:541} INFO - Filling up the DagBag from /home/airflow/.local/lib/python3.7/site-packages/airflow/example_dags/example_bash_operator.py
[2024-10-13T09:30:49.404+0000] {processor.py:809} INFO - DAG(s) dict_keys(['example_bash_operator']) retrieved from /home/airflow/.local/lib/python3.7/site-packages/airflow/example_dags/example_bash_operator.py
[2024-10-13T09:30:49.475+0000] {logging_mixin.py:149} INFO - [2024-10-13T09:30:49.474+0000] {dag.py:2726} INFO - Sync 1 DAGs
[2024-10-13T09:30:49.525+0000] {logging_mixin.py:149} INFO - [2024-10-13T09:30:49.525+0000] {dag.py:3490} INFO - Setting next_dagrun for example_bash_operator to 2024-10-12T00:00:00+00:00, run_after=2024-10-13T00:00:00+00:00
[2024-10-13T09:30:49.555+0000] {processor.py:178} INFO - Processing /home/airflow/.local/lib/python3.7/site-packages/airflow/example_dags/example_bash_operator.py took 0.179 seconds
[2024-10-13T09:31:19.964+0000] {processor.py:156} INFO - Started process (PID=574) to work on /home/airflow/.local/lib/python3.7/site-packages/airflow/example_dags/example_bash_operator.py
[2024-10-13T09:31:19.965+0000] {processor.py:799} INFO - Processing file /home/airflow/.local/lib/python3.7/site-packages/airflow/example_dags/example_bash_operator.py for tasks to queue
[2024-10-13T09:31:19.966+0000] {logging_mixin.py:149} INFO - [2024-10-13T09:31:19.966+0000] {dagbag.py:541} INFO - Filling up the DagBag from /home/airflow/.local/lib/python3.7/site-packages/airflow/example_dags/example_bash_operator.py
[2024-10-13T09:31:19.987+0000] {processor.py:809} INFO - DAG(s) dict_keys(['example_bash_operator']) retrieved from /home/airflow/.local/lib/python3.7/site-packages/airflow/example_dags/example_bash_operator.py
[2024-10-13T09:31:20.040+0000] {logging_mixin.py:149} INFO - [2024-10-13T09:31:20.040+0000] {dag.py:2726} INFO - Sync 1 DAGs
[2024-10-13T09:31:20.077+0000] {logging_mixin.py:149} INFO - [2024-10-13T09:31:20.077+0000] {dag.py:3490} INFO - Setting next_dagrun for example_bash_operator to 2024-10-12T00:00:00+00:00, run_after=2024-10-13T00:00:00+00:00
[2024-10-13T09:31:20.103+0000] {processor.py:178} INFO - Processing /home/airflow/.local/lib/python3.7/site-packages/airflow/example_dags/example_bash_operator.py took 0.143 seconds
[2024-10-13T09:31:51.011+0000] {processor.py:156} INFO - Started process (PID=635) to work on /home/airflow/.local/lib/python3.7/site-packages/airflow/example_dags/example_bash_operator.py
[2024-10-13T09:31:51.012+0000] {processor.py:799} INFO - Processing file /home/airflow/.local/lib/python3.7/site-packages/airflow/example_dags/example_bash_operator.py for tasks to queue
[2024-10-13T09:31:51.013+0000] {logging_mixin.py:149} INFO - [2024-10-13T09:31:51.013+0000] {dagbag.py:541} INFO - Filling up the DagBag from /home/airflow/.local/lib/python3.7/site-packages/airflow/example_dags/example_bash_operator.py
[2024-10-13T09:31:51.031+0000] {processor.py:809} INFO - DAG(s) dict_keys(['example_bash_operator']) retrieved from /home/airflow/.local/lib/python3.7/site-packages/airflow/example_dags/example_bash_operator.py
[2024-10-13T09:31:51.076+0000] {logging_mixin.py:149} INFO - [2024-10-13T09:31:51.076+0000] {dag.py:2726} INFO - Sync 1 DAGs
[2024-10-13T09:31:51.106+0000] {logging_mixin.py:149} INFO - [2024-10-13T09:31:51.106+0000] {dag.py:3490} INFO - Setting next_dagrun for example_bash_operator to 2024-10-12T00:00:00+00:00, run_after=2024-10-13T00:00:00+00:00
[2024-10-13T09:31:51.126+0000] {processor.py:178} INFO - Processing /home/airflow/.local/lib/python3.7/site-packages/airflow/example_dags/example_bash_operator.py took 0.119 seconds
[2024-10-13T09:32:21.391+0000] {processor.py:156} INFO - Started process (PID=697) to work on /home/airflow/.local/lib/python3.7/site-packages/airflow/example_dags/example_bash_operator.py
[2024-10-13T09:32:21.392+0000] {processor.py:799} INFO - Processing file /home/airflow/.local/lib/python3.7/site-packages/airflow/example_dags/example_bash_operator.py for tasks to queue
[2024-10-13T09:32:21.393+0000] {logging_mixin.py:149} INFO - [2024-10-13T09:32:21.392+0000] {dagbag.py:541} INFO - Filling up the DagBag from /home/airflow/.local/lib/python3.7/site-packages/airflow/example_dags/example_bash_operator.py
[2024-10-13T09:32:21.418+0000] {processor.py:809} INFO - DAG(s) dict_keys(['example_bash_operator']) retrieved from /home/airflow/.local/lib/python3.7/site-packages/airflow/example_dags/example_bash_operator.py
[2024-10-13T09:32:21.470+0000] {logging_mixin.py:149} INFO - [2024-10-13T09:32:21.469+0000] {dag.py:2726} INFO - Sync 1 DAGs
[2024-10-13T09:32:21.498+0000] {logging_mixin.py:149} INFO - [2024-10-13T09:32:21.498+0000] {dag.py:3490} INFO - Setting next_dagrun for example_bash_operator to 2024-10-12T00:00:00+00:00, run_after=2024-10-13T00:00:00+00:00
[2024-10-13T09:32:21.516+0000] {processor.py:178} INFO - Processing /home/airflow/.local/lib/python3.7/site-packages/airflow/example_dags/example_bash_operator.py took 0.130 seconds
[2024-10-13T09:32:51.985+0000] {processor.py:156} INFO - Started process (PID=757) to work on /home/airflow/.local/lib/python3.7/site-packages/airflow/example_dags/example_bash_operator.py
[2024-10-13T09:32:51.987+0000] {processor.py:799} INFO - Processing file /home/airflow/.local/lib/python3.7/site-packages/airflow/example_dags/example_bash_operator.py for tasks to queue
[2024-10-13T09:32:51.989+0000] {logging_mixin.py:149} INFO - [2024-10-13T09:32:51.988+0000] {dagbag.py:541} INFO - Filling up the DagBag from /home/airflow/.local/lib/python3.7/site-packages/airflow/example_dags/example_bash_operator.py
[2024-10-13T09:32:52.021+0000] {processor.py:809} INFO - DAG(s) dict_keys(['example_bash_operator']) retrieved from /home/airflow/.local/lib/python3.7/site-packages/airflow/example_dags/example_bash_operator.py
[2024-10-13T09:32:52.091+0000] {logging_mixin.py:149} INFO - [2024-10-13T09:32:52.091+0000] {dag.py:2726} INFO - Sync 1 DAGs
[2024-10-13T09:32:52.174+0000] {logging_mixin.py:149} INFO - [2024-10-13T09:32:52.173+0000] {dag.py:3490} INFO - Setting next_dagrun for example_bash_operator to 2024-10-12T00:00:00+00:00, run_after=2024-10-13T00:00:00+00:00
[2024-10-13T09:32:52.227+0000] {processor.py:178} INFO - Processing /home/airflow/.local/lib/python3.7/site-packages/airflow/example_dags/example_bash_operator.py took 0.248 seconds
[2024-10-13T09:33:22.881+0000] {processor.py:156} INFO - Started process (PID=818) to work on /home/airflow/.local/lib/python3.7/site-packages/airflow/example_dags/example_bash_operator.py
[2024-10-13T09:33:22.882+0000] {processor.py:799} INFO - Processing file /home/airflow/.local/lib/python3.7/site-packages/airflow/example_dags/example_bash_operator.py for tasks to queue
[2024-10-13T09:33:22.882+0000] {logging_mixin.py:149} INFO - [2024-10-13T09:33:22.882+0000] {dagbag.py:541} INFO - Filling up the DagBag from /home/airflow/.local/lib/python3.7/site-packages/airflow/example_dags/example_bash_operator.py
[2024-10-13T09:33:22.901+0000] {processor.py:809} INFO - DAG(s) dict_keys(['example_bash_operator']) retrieved from /home/airflow/.local/lib/python3.7/site-packages/airflow/example_dags/example_bash_operator.py
[2024-10-13T09:33:22.958+0000] {logging_mixin.py:149} INFO - [2024-10-13T09:33:22.958+0000] {dag.py:2726} INFO - Sync 1 DAGs
[2024-10-13T09:33:22.998+0000] {logging_mixin.py:149} INFO - [2024-10-13T09:33:22.998+0000] {dag.py:3490} INFO - Setting next_dagrun for example_bash_operator to 2024-10-12T00:00:00+00:00, run_after=2024-10-13T00:00:00+00:00
[2024-10-13T09:33:23.021+0000] {processor.py:178} INFO - Processing /home/airflow/.local/lib/python3.7/site-packages/airflow/example_dags/example_bash_operator.py took 0.144 seconds
[2024-10-13T09:33:53.352+0000] {processor.py:156} INFO - Started process (PID=880) to work on /home/airflow/.local/lib/python3.7/site-packages/airflow/example_dags/example_bash_operator.py
[2024-10-13T09:33:53.353+0000] {processor.py:799} INFO - Processing file /home/airflow/.local/lib/python3.7/site-packages/airflow/example_dags/example_bash_operator.py for tasks to queue
[2024-10-13T09:33:53.354+0000] {logging_mixin.py:149} INFO - [2024-10-13T09:33:53.354+0000] {dagbag.py:541} INFO - Filling up the DagBag from /home/airflow/.local/lib/python3.7/site-packages/airflow/example_dags/example_bash_operator.py
[2024-10-13T09:33:53.372+0000] {processor.py:809} INFO - DAG(s) dict_keys(['example_bash_operator']) retrieved from /home/airflow/.local/lib/python3.7/site-packages/airflow/example_dags/example_bash_operator.py
[2024-10-13T09:33:53.420+0000] {logging_mixin.py:149} INFO - [2024-10-13T09:33:53.420+0000] {dag.py:2726} INFO - Sync 1 DAGs
[2024-10-13T09:33:53.451+0000] {logging_mixin.py:149} INFO - [2024-10-13T09:33:53.450+0000] {dag.py:3490} INFO - Setting next_dagrun for example_bash_operator to 2024-10-12T00:00:00+00:00, run_after=2024-10-13T00:00:00+00:00
[2024-10-13T09:33:53.471+0000] {processor.py:178} INFO - Processing /home/airflow/.local/lib/python3.7/site-packages/airflow/example_dags/example_bash_operator.py took 0.122 seconds
[2024-10-13T09:34:24.029+0000] {processor.py:156} INFO - Started process (PID=941) to work on /home/airflow/.local/lib/python3.7/site-packages/airflow/example_dags/example_bash_operator.py
[2024-10-13T09:34:24.030+0000] {processor.py:799} INFO - Processing file /home/airflow/.local/lib/python3.7/site-packages/airflow/example_dags/example_bash_operator.py for tasks to queue
[2024-10-13T09:34:24.031+0000] {logging_mixin.py:149} INFO - [2024-10-13T09:34:24.031+0000] {dagbag.py:541} INFO - Filling up the DagBag from /home/airflow/.local/lib/python3.7/site-packages/airflow/example_dags/example_bash_operator.py
[2024-10-13T09:34:24.049+0000] {processor.py:809} INFO - DAG(s) dict_keys(['example_bash_operator']) retrieved from /home/airflow/.local/lib/python3.7/site-packages/airflow/example_dags/example_bash_operator.py
[2024-10-13T09:34:24.106+0000] {logging_mixin.py:149} INFO - [2024-10-13T09:34:24.106+0000] {dag.py:2726} INFO - Sync 1 DAGs
[2024-10-13T09:34:24.140+0000] {logging_mixin.py:149} INFO - [2024-10-13T09:34:24.140+0000] {dag.py:3490} INFO - Setting next_dagrun for example_bash_operator to 2024-10-12T00:00:00+00:00, run_after=2024-10-13T00:00:00+00:00
[2024-10-13T09:34:24.169+0000] {processor.py:178} INFO - Processing /home/airflow/.local/lib/python3.7/site-packages/airflow/example_dags/example_bash_operator.py took 0.144 seconds
[2024-10-13T09:34:54.551+0000] {processor.py:156} INFO - Started process (PID=1002) to work on /home/airflow/.local/lib/python3.7/site-packages/airflow/example_dags/example_bash_operator.py
[2024-10-13T09:34:54.552+0000] {processor.py:799} INFO - Processing file /home/airflow/.local/lib/python3.7/site-packages/airflow/example_dags/example_bash_operator.py for tasks to queue
[2024-10-13T09:34:54.553+0000] {logging_mixin.py:149} INFO - [2024-10-13T09:34:54.553+0000] {dagbag.py:541} INFO - Filling up the DagBag from /home/airflow/.local/lib/python3.7/site-packages/airflow/example_dags/example_bash_operator.py
[2024-10-13T09:34:54.571+0000] {processor.py:809} INFO - DAG(s) dict_keys(['example_bash_operator']) retrieved from /home/airflow/.local/lib/python3.7/site-packages/airflow/example_dags/example_bash_operator.py
[2024-10-13T09:34:54.624+0000] {logging_mixin.py:149} INFO - [2024-10-13T09:34:54.624+0000] {dag.py:2726} INFO - Sync 1 DAGs
[2024-10-13T09:34:54.659+0000] {logging_mixin.py:149} INFO - [2024-10-13T09:34:54.659+0000] {dag.py:3490} INFO - Setting next_dagrun for example_bash_operator to 2024-10-12T00:00:00+00:00, run_after=2024-10-13T00:00:00+00:00
[2024-10-13T09:34:54.681+0000] {processor.py:178} INFO - Processing /home/airflow/.local/lib/python3.7/site-packages/airflow/example_dags/example_bash_operator.py took 0.134 seconds
[2024-10-13T09:35:25.679+0000] {processor.py:156} INFO - Started process (PID=1072) to work on /home/airflow/.local/lib/python3.7/site-packages/airflow/example_dags/example_bash_operator.py
[2024-10-13T09:35:25.680+0000] {processor.py:799} INFO - Processing file /home/airflow/.local/lib/python3.7/site-packages/airflow/example_dags/example_bash_operator.py for tasks to queue
[2024-10-13T09:35:25.680+0000] {logging_mixin.py:149} INFO - [2024-10-13T09:35:25.680+0000] {dagbag.py:541} INFO - Filling up the DagBag from /home/airflow/.local/lib/python3.7/site-packages/airflow/example_dags/example_bash_operator.py
[2024-10-13T09:35:25.696+0000] {processor.py:809} INFO - DAG(s) dict_keys(['example_bash_operator']) retrieved from /home/airflow/.local/lib/python3.7/site-packages/airflow/example_dags/example_bash_operator.py
[2024-10-13T09:35:25.744+0000] {logging_mixin.py:149} INFO - [2024-10-13T09:35:25.744+0000] {dag.py:2726} INFO - Sync 1 DAGs
[2024-10-13T09:35:25.777+0000] {logging_mixin.py:149} INFO - [2024-10-13T09:35:25.777+0000] {dag.py:3490} INFO - Setting next_dagrun for example_bash_operator to 2024-10-12T00:00:00+00:00, run_after=2024-10-13T00:00:00+00:00
[2024-10-13T09:35:25.798+0000] {processor.py:178} INFO - Processing /home/airflow/.local/lib/python3.7/site-packages/airflow/example_dags/example_bash_operator.py took 0.123 seconds
[2024-10-13T09:35:56.623+0000] {processor.py:156} INFO - Started process (PID=1133) to work on /home/airflow/.local/lib/python3.7/site-packages/airflow/example_dags/example_bash_operator.py
[2024-10-13T09:35:56.624+0000] {processor.py:799} INFO - Processing file /home/airflow/.local/lib/python3.7/site-packages/airflow/example_dags/example_bash_operator.py for tasks to queue
[2024-10-13T09:35:56.625+0000] {logging_mixin.py:149} INFO - [2024-10-13T09:35:56.625+0000] {dagbag.py:541} INFO - Filling up the DagBag from /home/airflow/.local/lib/python3.7/site-packages/airflow/example_dags/example_bash_operator.py
[2024-10-13T09:35:56.648+0000] {processor.py:809} INFO - DAG(s) dict_keys(['example_bash_operator']) retrieved from /home/airflow/.local/lib/python3.7/site-packages/airflow/example_dags/example_bash_operator.py
[2024-10-13T09:35:56.720+0000] {logging_mixin.py:149} INFO - [2024-10-13T09:35:56.720+0000] {dag.py:2726} INFO - Sync 1 DAGs
[2024-10-13T09:35:56.766+0000] {logging_mixin.py:149} INFO - [2024-10-13T09:35:56.766+0000] {dag.py:3490} INFO - Setting next_dagrun for example_bash_operator to 2024-10-12T00:00:00+00:00, run_after=2024-10-13T00:00:00+00:00
[2024-10-13T09:35:56.800+0000] {processor.py:178} INFO - Processing /home/airflow/.local/lib/python3.7/site-packages/airflow/example_dags/example_bash_operator.py took 0.182 seconds
[2024-10-13T09:36:27.054+0000] {processor.py:156} INFO - Started process (PID=1195) to work on /home/airflow/.local/lib/python3.7/site-packages/airflow/example_dags/example_bash_operator.py
[2024-10-13T09:36:27.055+0000] {processor.py:799} INFO - Processing file /home/airflow/.local/lib/python3.7/site-packages/airflow/example_dags/example_bash_operator.py for tasks to queue
[2024-10-13T09:36:27.055+0000] {logging_mixin.py:149} INFO - [2024-10-13T09:36:27.055+0000] {dagbag.py:541} INFO - Filling up the DagBag from /home/airflow/.local/lib/python3.7/site-packages/airflow/example_dags/example_bash_operator.py
[2024-10-13T09:36:27.073+0000] {processor.py:809} INFO - DAG(s) dict_keys(['example_bash_operator']) retrieved from /home/airflow/.local/lib/python3.7/site-packages/airflow/example_dags/example_bash_operator.py
[2024-10-13T09:36:27.129+0000] {logging_mixin.py:149} INFO - [2024-10-13T09:36:27.129+0000] {dag.py:2726} INFO - Sync 1 DAGs
[2024-10-13T09:36:27.169+0000] {logging_mixin.py:149} INFO - [2024-10-13T09:36:27.169+0000] {dag.py:3490} INFO - Setting next_dagrun for example_bash_operator to 2024-10-12T00:00:00+00:00, run_after=2024-10-13T00:00:00+00:00
[2024-10-13T09:36:27.209+0000] {processor.py:178} INFO - Processing /home/airflow/.local/lib/python3.7/site-packages/airflow/example_dags/example_bash_operator.py took 0.159 seconds
[2024-10-13T09:36:57.967+0000] {processor.py:156} INFO - Started process (PID=1256) to work on /home/airflow/.local/lib/python3.7/site-packages/airflow/example_dags/example_bash_operator.py
[2024-10-13T09:36:57.968+0000] {processor.py:799} INFO - Processing file /home/airflow/.local/lib/python3.7/site-packages/airflow/example_dags/example_bash_operator.py for tasks to queue
[2024-10-13T09:36:57.968+0000] {logging_mixin.py:149} INFO - [2024-10-13T09:36:57.968+0000] {dagbag.py:541} INFO - Filling up the DagBag from /home/airflow/.local/lib/python3.7/site-packages/airflow/example_dags/example_bash_operator.py
[2024-10-13T09:36:57.992+0000] {processor.py:809} INFO - DAG(s) dict_keys(['example_bash_operator']) retrieved from /home/airflow/.local/lib/python3.7/site-packages/airflow/example_dags/example_bash_operator.py
[2024-10-13T09:36:58.038+0000] {logging_mixin.py:149} INFO - [2024-10-13T09:36:58.038+0000] {dag.py:2726} INFO - Sync 1 DAGs
[2024-10-13T09:36:58.069+0000] {logging_mixin.py:149} INFO - [2024-10-13T09:36:58.069+0000] {dag.py:3490} INFO - Setting next_dagrun for example_bash_operator to 2024-10-12T00:00:00+00:00, run_after=2024-10-13T00:00:00+00:00
[2024-10-13T09:36:58.091+0000] {processor.py:178} INFO - Processing /home/airflow/.local/lib/python3.7/site-packages/airflow/example_dags/example_bash_operator.py took 0.128 seconds
[2024-10-13T09:37:28.477+0000] {processor.py:156} INFO - Started process (PID=1318) to work on /home/airflow/.local/lib/python3.7/site-packages/airflow/example_dags/example_bash_operator.py
[2024-10-13T09:37:28.478+0000] {processor.py:799} INFO - Processing file /home/airflow/.local/lib/python3.7/site-packages/airflow/example_dags/example_bash_operator.py for tasks to queue
[2024-10-13T09:37:28.479+0000] {logging_mixin.py:149} INFO - [2024-10-13T09:37:28.478+0000] {dagbag.py:541} INFO - Filling up the DagBag from /home/airflow/.local/lib/python3.7/site-packages/airflow/example_dags/example_bash_operator.py
[2024-10-13T09:37:28.506+0000] {processor.py:809} INFO - DAG(s) dict_keys(['example_bash_operator']) retrieved from /home/airflow/.local/lib/python3.7/site-packages/airflow/example_dags/example_bash_operator.py
[2024-10-13T09:37:28.551+0000] {logging_mixin.py:149} INFO - [2024-10-13T09:37:28.551+0000] {dag.py:2726} INFO - Sync 1 DAGs
[2024-10-13T09:37:28.585+0000] {logging_mixin.py:149} INFO - [2024-10-13T09:37:28.585+0000] {dag.py:3490} INFO - Setting next_dagrun for example_bash_operator to 2024-10-12T00:00:00+00:00, run_after=2024-10-13T00:00:00+00:00
[2024-10-13T09:37:28.619+0000] {processor.py:178} INFO - Processing /home/airflow/.local/lib/python3.7/site-packages/airflow/example_dags/example_bash_operator.py took 0.147 seconds
[2024-10-13T09:37:59.062+0000] {processor.py:156} INFO - Started process (PID=1378) to work on /home/airflow/.local/lib/python3.7/site-packages/airflow/example_dags/example_bash_operator.py
[2024-10-13T09:37:59.062+0000] {processor.py:799} INFO - Processing file /home/airflow/.local/lib/python3.7/site-packages/airflow/example_dags/example_bash_operator.py for tasks to queue
[2024-10-13T09:37:59.063+0000] {logging_mixin.py:149} INFO - [2024-10-13T09:37:59.063+0000] {dagbag.py:541} INFO - Filling up the DagBag from /home/airflow/.local/lib/python3.7/site-packages/airflow/example_dags/example_bash_operator.py
[2024-10-13T09:37:59.081+0000] {processor.py:809} INFO - DAG(s) dict_keys(['example_bash_operator']) retrieved from /home/airflow/.local/lib/python3.7/site-packages/airflow/example_dags/example_bash_operator.py
[2024-10-13T09:37:59.130+0000] {logging_mixin.py:149} INFO - [2024-10-13T09:37:59.129+0000] {dag.py:2726} INFO - Sync 1 DAGs
[2024-10-13T09:37:59.165+0000] {logging_mixin.py:149} INFO - [2024-10-13T09:37:59.165+0000] {dag.py:3490} INFO - Setting next_dagrun for example_bash_operator to 2024-10-12T00:00:00+00:00, run_after=2024-10-13T00:00:00+00:00
[2024-10-13T09:37:59.189+0000] {processor.py:178} INFO - Processing /home/airflow/.local/lib/python3.7/site-packages/airflow/example_dags/example_bash_operator.py took 0.131 seconds
[2024-10-13T09:38:29.752+0000] {processor.py:156} INFO - Started process (PID=1439) to work on /home/airflow/.local/lib/python3.7/site-packages/airflow/example_dags/example_bash_operator.py
[2024-10-13T09:38:29.754+0000] {processor.py:799} INFO - Processing file /home/airflow/.local/lib/python3.7/site-packages/airflow/example_dags/example_bash_operator.py for tasks to queue
[2024-10-13T09:38:29.755+0000] {logging_mixin.py:149} INFO - [2024-10-13T09:38:29.755+0000] {dagbag.py:541} INFO - Filling up the DagBag from /home/airflow/.local/lib/python3.7/site-packages/airflow/example_dags/example_bash_operator.py
[2024-10-13T09:38:29.786+0000] {processor.py:809} INFO - DAG(s) dict_keys(['example_bash_operator']) retrieved from /home/airflow/.local/lib/python3.7/site-packages/airflow/example_dags/example_bash_operator.py
[2024-10-13T09:38:29.870+0000] {logging_mixin.py:149} INFO - [2024-10-13T09:38:29.870+0000] {dag.py:2726} INFO - Sync 1 DAGs
[2024-10-13T09:38:29.927+0000] {logging_mixin.py:149} INFO - [2024-10-13T09:38:29.926+0000] {dag.py:3490} INFO - Setting next_dagrun for example_bash_operator to 2024-10-12T00:00:00+00:00, run_after=2024-10-13T00:00:00+00:00
[2024-10-13T09:38:29.961+0000] {processor.py:178} INFO - Processing /home/airflow/.local/lib/python3.7/site-packages/airflow/example_dags/example_bash_operator.py took 0.214 seconds
[2024-10-13T09:39:00.338+0000] {processor.py:156} INFO - Started process (PID=1500) to work on /home/airflow/.local/lib/python3.7/site-packages/airflow/example_dags/example_bash_operator.py
[2024-10-13T09:39:00.339+0000] {processor.py:799} INFO - Processing file /home/airflow/.local/lib/python3.7/site-packages/airflow/example_dags/example_bash_operator.py for tasks to queue
[2024-10-13T09:39:00.339+0000] {logging_mixin.py:149} INFO - [2024-10-13T09:39:00.339+0000] {dagbag.py:541} INFO - Filling up the DagBag from /home/airflow/.local/lib/python3.7/site-packages/airflow/example_dags/example_bash_operator.py
[2024-10-13T09:39:00.358+0000] {processor.py:809} INFO - DAG(s) dict_keys(['example_bash_operator']) retrieved from /home/airflow/.local/lib/python3.7/site-packages/airflow/example_dags/example_bash_operator.py
[2024-10-13T09:39:00.396+0000] {logging_mixin.py:149} INFO - [2024-10-13T09:39:00.396+0000] {dag.py:2726} INFO - Sync 1 DAGs
[2024-10-13T09:39:00.424+0000] {logging_mixin.py:149} INFO - [2024-10-13T09:39:00.424+0000] {dag.py:3490} INFO - Setting next_dagrun for example_bash_operator to 2024-10-12T00:00:00+00:00, run_after=2024-10-13T00:00:00+00:00
[2024-10-13T09:39:00.442+0000] {processor.py:178} INFO - Processing /home/airflow/.local/lib/python3.7/site-packages/airflow/example_dags/example_bash_operator.py took 0.108 seconds
[2024-10-13T09:39:30.941+0000] {processor.py:156} INFO - Started process (PID=1561) to work on /home/airflow/.local/lib/python3.7/site-packages/airflow/example_dags/example_bash_operator.py
[2024-10-13T09:39:30.942+0000] {processor.py:799} INFO - Processing file /home/airflow/.local/lib/python3.7/site-packages/airflow/example_dags/example_bash_operator.py for tasks to queue
[2024-10-13T09:39:30.942+0000] {logging_mixin.py:149} INFO - [2024-10-13T09:39:30.942+0000] {dagbag.py:541} INFO - Filling up the DagBag from /home/airflow/.local/lib/python3.7/site-packages/airflow/example_dags/example_bash_operator.py
[2024-10-13T09:39:30.958+0000] {processor.py:809} INFO - DAG(s) dict_keys(['example_bash_operator']) retrieved from /home/airflow/.local/lib/python3.7/site-packages/airflow/example_dags/example_bash_operator.py
[2024-10-13T09:39:31.016+0000] {logging_mixin.py:149} INFO - [2024-10-13T09:39:31.016+0000] {dag.py:2726} INFO - Sync 1 DAGs
[2024-10-13T09:39:31.045+0000] {logging_mixin.py:149} INFO - [2024-10-13T09:39:31.045+0000] {dag.py:3490} INFO - Setting next_dagrun for example_bash_operator to 2024-10-12T00:00:00+00:00, run_after=2024-10-13T00:00:00+00:00
[2024-10-13T09:39:31.068+0000] {processor.py:178} INFO - Processing /home/airflow/.local/lib/python3.7/site-packages/airflow/example_dags/example_bash_operator.py took 0.131 seconds
[2024-10-13T09:40:01.375+0000] {processor.py:156} INFO - Started process (PID=1622) to work on /home/airflow/.local/lib/python3.7/site-packages/airflow/example_dags/example_bash_operator.py
[2024-10-13T09:40:01.375+0000] {processor.py:799} INFO - Processing file /home/airflow/.local/lib/python3.7/site-packages/airflow/example_dags/example_bash_operator.py for tasks to queue
[2024-10-13T09:40:01.376+0000] {logging_mixin.py:149} INFO - [2024-10-13T09:40:01.376+0000] {dagbag.py:541} INFO - Filling up the DagBag from /home/airflow/.local/lib/python3.7/site-packages/airflow/example_dags/example_bash_operator.py
[2024-10-13T09:40:01.391+0000] {processor.py:809} INFO - DAG(s) dict_keys(['example_bash_operator']) retrieved from /home/airflow/.local/lib/python3.7/site-packages/airflow/example_dags/example_bash_operator.py
[2024-10-13T09:40:01.432+0000] {logging_mixin.py:149} INFO - [2024-10-13T09:40:01.432+0000] {dag.py:2726} INFO - Sync 1 DAGs
[2024-10-13T09:40:01.465+0000] {logging_mixin.py:149} INFO - [2024-10-13T09:40:01.465+0000] {dag.py:3490} INFO - Setting next_dagrun for example_bash_operator to 2024-10-12T00:00:00+00:00, run_after=2024-10-13T00:00:00+00:00
[2024-10-13T09:40:01.491+0000] {processor.py:178} INFO - Processing /home/airflow/.local/lib/python3.7/site-packages/airflow/example_dags/example_bash_operator.py took 0.120 seconds
[2024-10-13T09:40:32.427+0000] {processor.py:156} INFO - Started process (PID=1683) to work on /home/airflow/.local/lib/python3.7/site-packages/airflow/example_dags/example_bash_operator.py
[2024-10-13T09:40:32.428+0000] {processor.py:799} INFO - Processing file /home/airflow/.local/lib/python3.7/site-packages/airflow/example_dags/example_bash_operator.py for tasks to queue
[2024-10-13T09:40:32.429+0000] {logging_mixin.py:149} INFO - [2024-10-13T09:40:32.429+0000] {dagbag.py:541} INFO - Filling up the DagBag from /home/airflow/.local/lib/python3.7/site-packages/airflow/example_dags/example_bash_operator.py
[2024-10-13T09:40:32.447+0000] {processor.py:809} INFO - DAG(s) dict_keys(['example_bash_operator']) retrieved from /home/airflow/.local/lib/python3.7/site-packages/airflow/example_dags/example_bash_operator.py
[2024-10-13T09:40:32.498+0000] {logging_mixin.py:149} INFO - [2024-10-13T09:40:32.497+0000] {dag.py:2726} INFO - Sync 1 DAGs
[2024-10-13T09:40:32.535+0000] {logging_mixin.py:149} INFO - [2024-10-13T09:40:32.535+0000] {dag.py:3490} INFO - Setting next_dagrun for example_bash_operator to 2024-10-12T00:00:00+00:00, run_after=2024-10-13T00:00:00+00:00
[2024-10-13T09:40:32.555+0000] {processor.py:178} INFO - Processing /home/airflow/.local/lib/python3.7/site-packages/airflow/example_dags/example_bash_operator.py took 0.132 seconds
[2024-10-13T09:41:02.955+0000] {processor.py:156} INFO - Started process (PID=1744) to work on /home/airflow/.local/lib/python3.7/site-packages/airflow/example_dags/example_bash_operator.py
[2024-10-13T09:41:02.956+0000] {processor.py:799} INFO - Processing file /home/airflow/.local/lib/python3.7/site-packages/airflow/example_dags/example_bash_operator.py for tasks to queue
[2024-10-13T09:41:02.956+0000] {logging_mixin.py:149} INFO - [2024-10-13T09:41:02.956+0000] {dagbag.py:541} INFO - Filling up the DagBag from /home/airflow/.local/lib/python3.7/site-packages/airflow/example_dags/example_bash_operator.py
[2024-10-13T09:41:02.971+0000] {processor.py:809} INFO - DAG(s) dict_keys(['example_bash_operator']) retrieved from /home/airflow/.local/lib/python3.7/site-packages/airflow/example_dags/example_bash_operator.py
[2024-10-13T09:41:03.012+0000] {logging_mixin.py:149} INFO - [2024-10-13T09:41:03.012+0000] {dag.py:2726} INFO - Sync 1 DAGs
[2024-10-13T09:41:03.041+0000] {logging_mixin.py:149} INFO - [2024-10-13T09:41:03.040+0000] {dag.py:3490} INFO - Setting next_dagrun for example_bash_operator to 2024-10-12T00:00:00+00:00, run_after=2024-10-13T00:00:00+00:00
[2024-10-13T09:41:03.059+0000] {processor.py:178} INFO - Processing /home/airflow/.local/lib/python3.7/site-packages/airflow/example_dags/example_bash_operator.py took 0.108 seconds
[2024-10-13T09:41:33.444+0000] {processor.py:156} INFO - Started process (PID=1805) to work on /home/airflow/.local/lib/python3.7/site-packages/airflow/example_dags/example_bash_operator.py
[2024-10-13T09:41:33.445+0000] {processor.py:799} INFO - Processing file /home/airflow/.local/lib/python3.7/site-packages/airflow/example_dags/example_bash_operator.py for tasks to queue
[2024-10-13T09:41:33.446+0000] {logging_mixin.py:149} INFO - [2024-10-13T09:41:33.446+0000] {dagbag.py:541} INFO - Filling up the DagBag from /home/airflow/.local/lib/python3.7/site-packages/airflow/example_dags/example_bash_operator.py
[2024-10-13T09:41:33.463+0000] {processor.py:809} INFO - DAG(s) dict_keys(['example_bash_operator']) retrieved from /home/airflow/.local/lib/python3.7/site-packages/airflow/example_dags/example_bash_operator.py
[2024-10-13T09:41:33.504+0000] {logging_mixin.py:149} INFO - [2024-10-13T09:41:33.504+0000] {dag.py:2726} INFO - Sync 1 DAGs
[2024-10-13T09:41:33.532+0000] {logging_mixin.py:149} INFO - [2024-10-13T09:41:33.532+0000] {dag.py:3490} INFO - Setting next_dagrun for example_bash_operator to 2024-10-12T00:00:00+00:00, run_after=2024-10-13T00:00:00+00:00
[2024-10-13T09:41:33.552+0000] {processor.py:178} INFO - Processing /home/airflow/.local/lib/python3.7/site-packages/airflow/example_dags/example_bash_operator.py took 0.112 seconds
[2024-10-13T09:42:03.965+0000] {processor.py:156} INFO - Started process (PID=1866) to work on /home/airflow/.local/lib/python3.7/site-packages/airflow/example_dags/example_bash_operator.py
[2024-10-13T09:42:03.966+0000] {processor.py:799} INFO - Processing file /home/airflow/.local/lib/python3.7/site-packages/airflow/example_dags/example_bash_operator.py for tasks to queue
[2024-10-13T09:42:03.967+0000] {logging_mixin.py:149} INFO - [2024-10-13T09:42:03.967+0000] {dagbag.py:541} INFO - Filling up the DagBag from /home/airflow/.local/lib/python3.7/site-packages/airflow/example_dags/example_bash_operator.py
[2024-10-13T09:42:03.983+0000] {processor.py:809} INFO - DAG(s) dict_keys(['example_bash_operator']) retrieved from /home/airflow/.local/lib/python3.7/site-packages/airflow/example_dags/example_bash_operator.py
[2024-10-13T09:42:04.036+0000] {logging_mixin.py:149} INFO - [2024-10-13T09:42:04.036+0000] {dag.py:2726} INFO - Sync 1 DAGs
[2024-10-13T09:42:04.066+0000] {logging_mixin.py:149} INFO - [2024-10-13T09:42:04.066+0000] {dag.py:3490} INFO - Setting next_dagrun for example_bash_operator to 2024-10-12T00:00:00+00:00, run_after=2024-10-13T00:00:00+00:00
[2024-10-13T09:42:04.085+0000] {processor.py:178} INFO - Processing /home/airflow/.local/lib/python3.7/site-packages/airflow/example_dags/example_bash_operator.py took 0.123 seconds
[2024-10-13T09:42:34.586+0000] {processor.py:156} INFO - Started process (PID=1927) to work on /home/airflow/.local/lib/python3.7/site-packages/airflow/example_dags/example_bash_operator.py
[2024-10-13T09:42:34.587+0000] {processor.py:799} INFO - Processing file /home/airflow/.local/lib/python3.7/site-packages/airflow/example_dags/example_bash_operator.py for tasks to queue
[2024-10-13T09:42:34.588+0000] {logging_mixin.py:149} INFO - [2024-10-13T09:42:34.588+0000] {dagbag.py:541} INFO - Filling up the DagBag from /home/airflow/.local/lib/python3.7/site-packages/airflow/example_dags/example_bash_operator.py
[2024-10-13T09:42:34.604+0000] {processor.py:809} INFO - DAG(s) dict_keys(['example_bash_operator']) retrieved from /home/airflow/.local/lib/python3.7/site-packages/airflow/example_dags/example_bash_operator.py
[2024-10-13T09:42:34.645+0000] {logging_mixin.py:149} INFO - [2024-10-13T09:42:34.645+0000] {dag.py:2726} INFO - Sync 1 DAGs
[2024-10-13T09:42:34.673+0000] {logging_mixin.py:149} INFO - [2024-10-13T09:42:34.673+0000] {dag.py:3490} INFO - Setting next_dagrun for example_bash_operator to 2024-10-12T00:00:00+00:00, run_after=2024-10-13T00:00:00+00:00
[2024-10-13T09:42:34.691+0000] {processor.py:178} INFO - Processing /home/airflow/.local/lib/python3.7/site-packages/airflow/example_dags/example_bash_operator.py took 0.109 seconds
[2024-10-13T09:43:05.851+0000] {processor.py:156} INFO - Started process (PID=1988) to work on /home/airflow/.local/lib/python3.7/site-packages/airflow/example_dags/example_bash_operator.py
[2024-10-13T09:43:05.851+0000] {processor.py:799} INFO - Processing file /home/airflow/.local/lib/python3.7/site-packages/airflow/example_dags/example_bash_operator.py for tasks to queue
[2024-10-13T09:43:05.852+0000] {logging_mixin.py:149} INFO - [2024-10-13T09:43:05.852+0000] {dagbag.py:541} INFO - Filling up the DagBag from /home/airflow/.local/lib/python3.7/site-packages/airflow/example_dags/example_bash_operator.py
[2024-10-13T09:43:05.868+0000] {processor.py:809} INFO - DAG(s) dict_keys(['example_bash_operator']) retrieved from /home/airflow/.local/lib/python3.7/site-packages/airflow/example_dags/example_bash_operator.py
[2024-10-13T09:43:05.909+0000] {logging_mixin.py:149} INFO - [2024-10-13T09:43:05.909+0000] {dag.py:2726} INFO - Sync 1 DAGs
[2024-10-13T09:43:05.938+0000] {logging_mixin.py:149} INFO - [2024-10-13T09:43:05.937+0000] {dag.py:3490} INFO - Setting next_dagrun for example_bash_operator to 2024-10-12T00:00:00+00:00, run_after=2024-10-13T00:00:00+00:00
[2024-10-13T09:43:05.963+0000] {processor.py:178} INFO - Processing /home/airflow/.local/lib/python3.7/site-packages/airflow/example_dags/example_bash_operator.py took 0.116 seconds
[2024-10-13T09:43:36.871+0000] {processor.py:156} INFO - Started process (PID=2049) to work on /home/airflow/.local/lib/python3.7/site-packages/airflow/example_dags/example_bash_operator.py
[2024-10-13T09:43:36.872+0000] {processor.py:799} INFO - Processing file /home/airflow/.local/lib/python3.7/site-packages/airflow/example_dags/example_bash_operator.py for tasks to queue
[2024-10-13T09:43:36.873+0000] {logging_mixin.py:149} INFO - [2024-10-13T09:43:36.873+0000] {dagbag.py:541} INFO - Filling up the DagBag from /home/airflow/.local/lib/python3.7/site-packages/airflow/example_dags/example_bash_operator.py
[2024-10-13T09:43:36.888+0000] {processor.py:809} INFO - DAG(s) dict_keys(['example_bash_operator']) retrieved from /home/airflow/.local/lib/python3.7/site-packages/airflow/example_dags/example_bash_operator.py
[2024-10-13T09:43:36.950+0000] {logging_mixin.py:149} INFO - [2024-10-13T09:43:36.949+0000] {dag.py:2726} INFO - Sync 1 DAGs
[2024-10-13T09:43:36.983+0000] {logging_mixin.py:149} INFO - [2024-10-13T09:43:36.982+0000] {dag.py:3490} INFO - Setting next_dagrun for example_bash_operator to 2024-10-12T00:00:00+00:00, run_after=2024-10-13T00:00:00+00:00
[2024-10-13T09:43:37.002+0000] {processor.py:178} INFO - Processing /home/airflow/.local/lib/python3.7/site-packages/airflow/example_dags/example_bash_operator.py took 0.134 seconds
[2024-10-13T09:44:07.331+0000] {processor.py:156} INFO - Started process (PID=2110) to work on /home/airflow/.local/lib/python3.7/site-packages/airflow/example_dags/example_bash_operator.py
[2024-10-13T09:44:07.332+0000] {processor.py:799} INFO - Processing file /home/airflow/.local/lib/python3.7/site-packages/airflow/example_dags/example_bash_operator.py for tasks to queue
[2024-10-13T09:44:07.333+0000] {logging_mixin.py:149} INFO - [2024-10-13T09:44:07.333+0000] {dagbag.py:541} INFO - Filling up the DagBag from /home/airflow/.local/lib/python3.7/site-packages/airflow/example_dags/example_bash_operator.py
[2024-10-13T09:44:07.347+0000] {processor.py:809} INFO - DAG(s) dict_keys(['example_bash_operator']) retrieved from /home/airflow/.local/lib/python3.7/site-packages/airflow/example_dags/example_bash_operator.py
[2024-10-13T09:44:07.396+0000] {logging_mixin.py:149} INFO - [2024-10-13T09:44:07.396+0000] {dag.py:2726} INFO - Sync 1 DAGs
[2024-10-13T09:44:07.435+0000] {logging_mixin.py:149} INFO - [2024-10-13T09:44:07.435+0000] {dag.py:3490} INFO - Setting next_dagrun for example_bash_operator to 2024-10-12T00:00:00+00:00, run_after=2024-10-13T00:00:00+00:00
[2024-10-13T09:44:07.455+0000] {processor.py:178} INFO - Processing /home/airflow/.local/lib/python3.7/site-packages/airflow/example_dags/example_bash_operator.py took 0.127 seconds
[2024-10-13T09:44:37.756+0000] {processor.py:156} INFO - Started process (PID=2171) to work on /home/airflow/.local/lib/python3.7/site-packages/airflow/example_dags/example_bash_operator.py
[2024-10-13T09:44:37.756+0000] {processor.py:799} INFO - Processing file /home/airflow/.local/lib/python3.7/site-packages/airflow/example_dags/example_bash_operator.py for tasks to queue
[2024-10-13T09:44:37.757+0000] {logging_mixin.py:149} INFO - [2024-10-13T09:44:37.757+0000] {dagbag.py:541} INFO - Filling up the DagBag from /home/airflow/.local/lib/python3.7/site-packages/airflow/example_dags/example_bash_operator.py
[2024-10-13T09:44:37.773+0000] {processor.py:809} INFO - DAG(s) dict_keys(['example_bash_operator']) retrieved from /home/airflow/.local/lib/python3.7/site-packages/airflow/example_dags/example_bash_operator.py
[2024-10-13T09:44:37.812+0000] {logging_mixin.py:149} INFO - [2024-10-13T09:44:37.812+0000] {dag.py:2726} INFO - Sync 1 DAGs
[2024-10-13T09:44:37.840+0000] {logging_mixin.py:149} INFO - [2024-10-13T09:44:37.839+0000] {dag.py:3490} INFO - Setting next_dagrun for example_bash_operator to 2024-10-12T00:00:00+00:00, run_after=2024-10-13T00:00:00+00:00
[2024-10-13T09:44:37.864+0000] {processor.py:178} INFO - Processing /home/airflow/.local/lib/python3.7/site-packages/airflow/example_dags/example_bash_operator.py took 0.112 seconds
[2024-10-13T09:45:08.156+0000] {processor.py:156} INFO - Started process (PID=2232) to work on /home/airflow/.local/lib/python3.7/site-packages/airflow/example_dags/example_bash_operator.py
[2024-10-13T09:45:08.157+0000] {processor.py:799} INFO - Processing file /home/airflow/.local/lib/python3.7/site-packages/airflow/example_dags/example_bash_operator.py for tasks to queue
[2024-10-13T09:45:08.158+0000] {logging_mixin.py:149} INFO - [2024-10-13T09:45:08.157+0000] {dagbag.py:541} INFO - Filling up the DagBag from /home/airflow/.local/lib/python3.7/site-packages/airflow/example_dags/example_bash_operator.py
[2024-10-13T09:45:08.177+0000] {processor.py:809} INFO - DAG(s) dict_keys(['example_bash_operator']) retrieved from /home/airflow/.local/lib/python3.7/site-packages/airflow/example_dags/example_bash_operator.py
[2024-10-13T09:45:08.221+0000] {logging_mixin.py:149} INFO - [2024-10-13T09:45:08.220+0000] {dag.py:2726} INFO - Sync 1 DAGs
[2024-10-13T09:45:08.250+0000] {logging_mixin.py:149} INFO - [2024-10-13T09:45:08.250+0000] {dag.py:3490} INFO - Setting next_dagrun for example_bash_operator to 2024-10-12T00:00:00+00:00, run_after=2024-10-13T00:00:00+00:00
[2024-10-13T09:45:08.268+0000] {processor.py:178} INFO - Processing /home/airflow/.local/lib/python3.7/site-packages/airflow/example_dags/example_bash_operator.py took 0.115 seconds
[2024-10-13T09:45:38.616+0000] {processor.py:156} INFO - Started process (PID=2293) to work on /home/airflow/.local/lib/python3.7/site-packages/airflow/example_dags/example_bash_operator.py
[2024-10-13T09:45:38.617+0000] {processor.py:799} INFO - Processing file /home/airflow/.local/lib/python3.7/site-packages/airflow/example_dags/example_bash_operator.py for tasks to queue
[2024-10-13T09:45:38.618+0000] {logging_mixin.py:149} INFO - [2024-10-13T09:45:38.617+0000] {dagbag.py:541} INFO - Filling up the DagBag from /home/airflow/.local/lib/python3.7/site-packages/airflow/example_dags/example_bash_operator.py
[2024-10-13T09:45:38.632+0000] {processor.py:809} INFO - DAG(s) dict_keys(['example_bash_operator']) retrieved from /home/airflow/.local/lib/python3.7/site-packages/airflow/example_dags/example_bash_operator.py
[2024-10-13T09:45:38.670+0000] {logging_mixin.py:149} INFO - [2024-10-13T09:45:38.670+0000] {dag.py:2726} INFO - Sync 1 DAGs
[2024-10-13T09:45:38.699+0000] {logging_mixin.py:149} INFO - [2024-10-13T09:45:38.698+0000] {dag.py:3490} INFO - Setting next_dagrun for example_bash_operator to 2024-10-12T00:00:00+00:00, run_after=2024-10-13T00:00:00+00:00
[2024-10-13T09:45:38.717+0000] {processor.py:178} INFO - Processing /home/airflow/.local/lib/python3.7/site-packages/airflow/example_dags/example_bash_operator.py took 0.104 seconds
[2024-10-13T09:46:09.674+0000] {processor.py:156} INFO - Started process (PID=2354) to work on /home/airflow/.local/lib/python3.7/site-packages/airflow/example_dags/example_bash_operator.py
[2024-10-13T09:46:09.675+0000] {processor.py:799} INFO - Processing file /home/airflow/.local/lib/python3.7/site-packages/airflow/example_dags/example_bash_operator.py for tasks to queue
[2024-10-13T09:46:09.675+0000] {logging_mixin.py:149} INFO - [2024-10-13T09:46:09.675+0000] {dagbag.py:541} INFO - Filling up the DagBag from /home/airflow/.local/lib/python3.7/site-packages/airflow/example_dags/example_bash_operator.py
[2024-10-13T09:46:09.690+0000] {processor.py:809} INFO - DAG(s) dict_keys(['example_bash_operator']) retrieved from /home/airflow/.local/lib/python3.7/site-packages/airflow/example_dags/example_bash_operator.py
[2024-10-13T09:46:09.746+0000] {logging_mixin.py:149} INFO - [2024-10-13T09:46:09.746+0000] {dag.py:2726} INFO - Sync 1 DAGs
[2024-10-13T09:46:09.774+0000] {logging_mixin.py:149} INFO - [2024-10-13T09:46:09.774+0000] {dag.py:3490} INFO - Setting next_dagrun for example_bash_operator to 2024-10-12T00:00:00+00:00, run_after=2024-10-13T00:00:00+00:00
[2024-10-13T09:46:09.793+0000] {processor.py:178} INFO - Processing /home/airflow/.local/lib/python3.7/site-packages/airflow/example_dags/example_bash_operator.py took 0.123 seconds
[2024-10-13T09:46:40.135+0000] {processor.py:156} INFO - Started process (PID=2415) to work on /home/airflow/.local/lib/python3.7/site-packages/airflow/example_dags/example_bash_operator.py
[2024-10-13T09:46:40.136+0000] {processor.py:799} INFO - Processing file /home/airflow/.local/lib/python3.7/site-packages/airflow/example_dags/example_bash_operator.py for tasks to queue
[2024-10-13T09:46:40.137+0000] {logging_mixin.py:149} INFO - [2024-10-13T09:46:40.137+0000] {dagbag.py:541} INFO - Filling up the DagBag from /home/airflow/.local/lib/python3.7/site-packages/airflow/example_dags/example_bash_operator.py
[2024-10-13T09:46:40.151+0000] {processor.py:809} INFO - DAG(s) dict_keys(['example_bash_operator']) retrieved from /home/airflow/.local/lib/python3.7/site-packages/airflow/example_dags/example_bash_operator.py
[2024-10-13T09:46:40.193+0000] {logging_mixin.py:149} INFO - [2024-10-13T09:46:40.193+0000] {dag.py:2726} INFO - Sync 1 DAGs
[2024-10-13T09:46:40.223+0000] {logging_mixin.py:149} INFO - [2024-10-13T09:46:40.223+0000] {dag.py:3490} INFO - Setting next_dagrun for example_bash_operator to 2024-10-12T00:00:00+00:00, run_after=2024-10-13T00:00:00+00:00
[2024-10-13T09:46:40.240+0000] {processor.py:178} INFO - Processing /home/airflow/.local/lib/python3.7/site-packages/airflow/example_dags/example_bash_operator.py took 0.108 seconds
[2024-10-13T09:47:10.674+0000] {processor.py:156} INFO - Started process (PID=2476) to work on /home/airflow/.local/lib/python3.7/site-packages/airflow/example_dags/example_bash_operator.py
[2024-10-13T09:47:10.675+0000] {processor.py:799} INFO - Processing file /home/airflow/.local/lib/python3.7/site-packages/airflow/example_dags/example_bash_operator.py for tasks to queue
[2024-10-13T09:47:10.675+0000] {logging_mixin.py:149} INFO - [2024-10-13T09:47:10.675+0000] {dagbag.py:541} INFO - Filling up the DagBag from /home/airflow/.local/lib/python3.7/site-packages/airflow/example_dags/example_bash_operator.py
[2024-10-13T09:47:10.690+0000] {processor.py:809} INFO - DAG(s) dict_keys(['example_bash_operator']) retrieved from /home/airflow/.local/lib/python3.7/site-packages/airflow/example_dags/example_bash_operator.py
[2024-10-13T09:47:10.737+0000] {logging_mixin.py:149} INFO - [2024-10-13T09:47:10.736+0000] {dag.py:2726} INFO - Sync 1 DAGs
[2024-10-13T09:47:10.768+0000] {logging_mixin.py:149} INFO - [2024-10-13T09:47:10.768+0000] {dag.py:3490} INFO - Setting next_dagrun for example_bash_operator to 2024-10-12T00:00:00+00:00, run_after=2024-10-13T00:00:00+00:00
[2024-10-13T09:47:10.788+0000] {processor.py:178} INFO - Processing /home/airflow/.local/lib/python3.7/site-packages/airflow/example_dags/example_bash_operator.py took 0.117 seconds
[2024-10-13T09:47:41.131+0000] {processor.py:156} INFO - Started process (PID=2537) to work on /home/airflow/.local/lib/python3.7/site-packages/airflow/example_dags/example_bash_operator.py
[2024-10-13T09:47:41.132+0000] {processor.py:799} INFO - Processing file /home/airflow/.local/lib/python3.7/site-packages/airflow/example_dags/example_bash_operator.py for tasks to queue
[2024-10-13T09:47:41.132+0000] {logging_mixin.py:149} INFO - [2024-10-13T09:47:41.132+0000] {dagbag.py:541} INFO - Filling up the DagBag from /home/airflow/.local/lib/python3.7/site-packages/airflow/example_dags/example_bash_operator.py
[2024-10-13T09:47:41.147+0000] {processor.py:809} INFO - DAG(s) dict_keys(['example_bash_operator']) retrieved from /home/airflow/.local/lib/python3.7/site-packages/airflow/example_dags/example_bash_operator.py
[2024-10-13T09:47:41.205+0000] {logging_mixin.py:149} INFO - [2024-10-13T09:47:41.205+0000] {dag.py:2726} INFO - Sync 1 DAGs
[2024-10-13T09:47:41.234+0000] {logging_mixin.py:149} INFO - [2024-10-13T09:47:41.234+0000] {dag.py:3490} INFO - Setting next_dagrun for example_bash_operator to 2024-10-12T00:00:00+00:00, run_after=2024-10-13T00:00:00+00:00
[2024-10-13T09:47:41.256+0000] {processor.py:178} INFO - Processing /home/airflow/.local/lib/python3.7/site-packages/airflow/example_dags/example_bash_operator.py took 0.128 seconds
[2024-10-13T09:48:11.818+0000] {processor.py:156} INFO - Started process (PID=2598) to work on /home/airflow/.local/lib/python3.7/site-packages/airflow/example_dags/example_bash_operator.py
[2024-10-13T09:48:11.819+0000] {processor.py:799} INFO - Processing file /home/airflow/.local/lib/python3.7/site-packages/airflow/example_dags/example_bash_operator.py for tasks to queue
[2024-10-13T09:48:11.820+0000] {logging_mixin.py:149} INFO - [2024-10-13T09:48:11.819+0000] {dagbag.py:541} INFO - Filling up the DagBag from /home/airflow/.local/lib/python3.7/site-packages/airflow/example_dags/example_bash_operator.py
[2024-10-13T09:48:11.835+0000] {processor.py:809} INFO - DAG(s) dict_keys(['example_bash_operator']) retrieved from /home/airflow/.local/lib/python3.7/site-packages/airflow/example_dags/example_bash_operator.py
[2024-10-13T09:48:11.880+0000] {logging_mixin.py:149} INFO - [2024-10-13T09:48:11.880+0000] {dag.py:2726} INFO - Sync 1 DAGs
[2024-10-13T09:48:11.911+0000] {logging_mixin.py:149} INFO - [2024-10-13T09:48:11.911+0000] {dag.py:3490} INFO - Setting next_dagrun for example_bash_operator to 2024-10-12T00:00:00+00:00, run_after=2024-10-13T00:00:00+00:00
[2024-10-13T09:48:11.933+0000] {processor.py:178} INFO - Processing /home/airflow/.local/lib/python3.7/site-packages/airflow/example_dags/example_bash_operator.py took 0.119 seconds
[2024-10-13T09:48:42.358+0000] {processor.py:156} INFO - Started process (PID=2659) to work on /home/airflow/.local/lib/python3.7/site-packages/airflow/example_dags/example_bash_operator.py
[2024-10-13T09:48:42.359+0000] {processor.py:799} INFO - Processing file /home/airflow/.local/lib/python3.7/site-packages/airflow/example_dags/example_bash_operator.py for tasks to queue
[2024-10-13T09:48:42.359+0000] {logging_mixin.py:149} INFO - [2024-10-13T09:48:42.359+0000] {dagbag.py:541} INFO - Filling up the DagBag from /home/airflow/.local/lib/python3.7/site-packages/airflow/example_dags/example_bash_operator.py
[2024-10-13T09:48:42.374+0000] {processor.py:809} INFO - DAG(s) dict_keys(['example_bash_operator']) retrieved from /home/airflow/.local/lib/python3.7/site-packages/airflow/example_dags/example_bash_operator.py
[2024-10-13T09:48:42.413+0000] {logging_mixin.py:149} INFO - [2024-10-13T09:48:42.413+0000] {dag.py:2726} INFO - Sync 1 DAGs
[2024-10-13T09:48:42.440+0000] {logging_mixin.py:149} INFO - [2024-10-13T09:48:42.440+0000] {dag.py:3490} INFO - Setting next_dagrun for example_bash_operator to 2024-10-12T00:00:00+00:00, run_after=2024-10-13T00:00:00+00:00
[2024-10-13T09:48:42.464+0000] {processor.py:178} INFO - Processing /home/airflow/.local/lib/python3.7/site-packages/airflow/example_dags/example_bash_operator.py took 0.109 seconds
[2024-10-13T09:49:13.218+0000] {processor.py:156} INFO - Started process (PID=2720) to work on /home/airflow/.local/lib/python3.7/site-packages/airflow/example_dags/example_bash_operator.py
[2024-10-13T09:49:13.219+0000] {processor.py:799} INFO - Processing file /home/airflow/.local/lib/python3.7/site-packages/airflow/example_dags/example_bash_operator.py for tasks to queue
[2024-10-13T09:49:13.220+0000] {logging_mixin.py:149} INFO - [2024-10-13T09:49:13.220+0000] {dagbag.py:541} INFO - Filling up the DagBag from /home/airflow/.local/lib/python3.7/site-packages/airflow/example_dags/example_bash_operator.py
[2024-10-13T09:49:13.235+0000] {processor.py:809} INFO - DAG(s) dict_keys(['example_bash_operator']) retrieved from /home/airflow/.local/lib/python3.7/site-packages/airflow/example_dags/example_bash_operator.py
[2024-10-13T09:49:13.276+0000] {logging_mixin.py:149} INFO - [2024-10-13T09:49:13.276+0000] {dag.py:2726} INFO - Sync 1 DAGs
[2024-10-13T09:49:13.305+0000] {logging_mixin.py:149} INFO - [2024-10-13T09:49:13.305+0000] {dag.py:3490} INFO - Setting next_dagrun for example_bash_operator to 2024-10-12T00:00:00+00:00, run_after=2024-10-13T00:00:00+00:00
[2024-10-13T09:49:13.324+0000] {processor.py:178} INFO - Processing /home/airflow/.local/lib/python3.7/site-packages/airflow/example_dags/example_bash_operator.py took 0.109 seconds
[2024-10-13T09:49:43.811+0000] {processor.py:156} INFO - Started process (PID=2781) to work on /home/airflow/.local/lib/python3.7/site-packages/airflow/example_dags/example_bash_operator.py
[2024-10-13T09:49:43.811+0000] {processor.py:799} INFO - Processing file /home/airflow/.local/lib/python3.7/site-packages/airflow/example_dags/example_bash_operator.py for tasks to queue
[2024-10-13T09:49:43.812+0000] {logging_mixin.py:149} INFO - [2024-10-13T09:49:43.812+0000] {dagbag.py:541} INFO - Filling up the DagBag from /home/airflow/.local/lib/python3.7/site-packages/airflow/example_dags/example_bash_operator.py
[2024-10-13T09:49:43.827+0000] {processor.py:809} INFO - DAG(s) dict_keys(['example_bash_operator']) retrieved from /home/airflow/.local/lib/python3.7/site-packages/airflow/example_dags/example_bash_operator.py
[2024-10-13T09:49:43.865+0000] {logging_mixin.py:149} INFO - [2024-10-13T09:49:43.865+0000] {dag.py:2726} INFO - Sync 1 DAGs
[2024-10-13T09:49:43.890+0000] {logging_mixin.py:149} INFO - [2024-10-13T09:49:43.890+0000] {dag.py:3490} INFO - Setting next_dagrun for example_bash_operator to 2024-10-12T00:00:00+00:00, run_after=2024-10-13T00:00:00+00:00
[2024-10-13T09:49:43.908+0000] {processor.py:178} INFO - Processing /home/airflow/.local/lib/python3.7/site-packages/airflow/example_dags/example_bash_operator.py took 0.101 seconds
[2024-10-13T09:50:15.005+0000] {processor.py:156} INFO - Started process (PID=2842) to work on /home/airflow/.local/lib/python3.7/site-packages/airflow/example_dags/example_bash_operator.py
[2024-10-13T09:50:15.005+0000] {processor.py:799} INFO - Processing file /home/airflow/.local/lib/python3.7/site-packages/airflow/example_dags/example_bash_operator.py for tasks to queue
[2024-10-13T09:50:15.006+0000] {logging_mixin.py:149} INFO - [2024-10-13T09:50:15.006+0000] {dagbag.py:541} INFO - Filling up the DagBag from /home/airflow/.local/lib/python3.7/site-packages/airflow/example_dags/example_bash_operator.py
[2024-10-13T09:50:15.022+0000] {processor.py:809} INFO - DAG(s) dict_keys(['example_bash_operator']) retrieved from /home/airflow/.local/lib/python3.7/site-packages/airflow/example_dags/example_bash_operator.py
[2024-10-13T09:50:15.062+0000] {logging_mixin.py:149} INFO - [2024-10-13T09:50:15.062+0000] {dag.py:2726} INFO - Sync 1 DAGs
[2024-10-13T09:50:15.091+0000] {logging_mixin.py:149} INFO - [2024-10-13T09:50:15.090+0000] {dag.py:3490} INFO - Setting next_dagrun for example_bash_operator to 2024-10-12T00:00:00+00:00, run_after=2024-10-13T00:00:00+00:00
[2024-10-13T09:50:15.108+0000] {processor.py:178} INFO - Processing /home/airflow/.local/lib/python3.7/site-packages/airflow/example_dags/example_bash_operator.py took 0.107 seconds
[2024-10-13T09:50:45.476+0000] {processor.py:156} INFO - Started process (PID=2903) to work on /home/airflow/.local/lib/python3.7/site-packages/airflow/example_dags/example_bash_operator.py
[2024-10-13T09:50:45.477+0000] {processor.py:799} INFO - Processing file /home/airflow/.local/lib/python3.7/site-packages/airflow/example_dags/example_bash_operator.py for tasks to queue
[2024-10-13T09:50:45.478+0000] {logging_mixin.py:149} INFO - [2024-10-13T09:50:45.477+0000] {dagbag.py:541} INFO - Filling up the DagBag from /home/airflow/.local/lib/python3.7/site-packages/airflow/example_dags/example_bash_operator.py
[2024-10-13T09:50:45.492+0000] {processor.py:809} INFO - DAG(s) dict_keys(['example_bash_operator']) retrieved from /home/airflow/.local/lib/python3.7/site-packages/airflow/example_dags/example_bash_operator.py
[2024-10-13T09:50:45.531+0000] {logging_mixin.py:149} INFO - [2024-10-13T09:50:45.531+0000] {dag.py:2726} INFO - Sync 1 DAGs
[2024-10-13T09:50:45.562+0000] {logging_mixin.py:149} INFO - [2024-10-13T09:50:45.561+0000] {dag.py:3490} INFO - Setting next_dagrun for example_bash_operator to 2024-10-12T00:00:00+00:00, run_after=2024-10-13T00:00:00+00:00
[2024-10-13T09:50:45.580+0000] {processor.py:178} INFO - Processing /home/airflow/.local/lib/python3.7/site-packages/airflow/example_dags/example_bash_operator.py took 0.108 seconds
[2024-10-13T09:51:15.948+0000] {processor.py:156} INFO - Started process (PID=2964) to work on /home/airflow/.local/lib/python3.7/site-packages/airflow/example_dags/example_bash_operator.py
[2024-10-13T09:51:15.949+0000] {processor.py:799} INFO - Processing file /home/airflow/.local/lib/python3.7/site-packages/airflow/example_dags/example_bash_operator.py for tasks to queue
[2024-10-13T09:51:15.950+0000] {logging_mixin.py:149} INFO - [2024-10-13T09:51:15.950+0000] {dagbag.py:541} INFO - Filling up the DagBag from /home/airflow/.local/lib/python3.7/site-packages/airflow/example_dags/example_bash_operator.py
[2024-10-13T09:51:15.965+0000] {processor.py:809} INFO - DAG(s) dict_keys(['example_bash_operator']) retrieved from /home/airflow/.local/lib/python3.7/site-packages/airflow/example_dags/example_bash_operator.py
[2024-10-13T09:51:16.004+0000] {logging_mixin.py:149} INFO - [2024-10-13T09:51:16.004+0000] {dag.py:2726} INFO - Sync 1 DAGs
[2024-10-13T09:51:16.030+0000] {logging_mixin.py:149} INFO - [2024-10-13T09:51:16.030+0000] {dag.py:3490} INFO - Setting next_dagrun for example_bash_operator to 2024-10-12T00:00:00+00:00, run_after=2024-10-13T00:00:00+00:00
[2024-10-13T09:51:16.053+0000] {processor.py:178} INFO - Processing /home/airflow/.local/lib/python3.7/site-packages/airflow/example_dags/example_bash_operator.py took 0.108 seconds
[2024-10-13T09:51:46.773+0000] {processor.py:156} INFO - Started process (PID=3025) to work on /home/airflow/.local/lib/python3.7/site-packages/airflow/example_dags/example_bash_operator.py
[2024-10-13T09:51:46.774+0000] {processor.py:799} INFO - Processing file /home/airflow/.local/lib/python3.7/site-packages/airflow/example_dags/example_bash_operator.py for tasks to queue
[2024-10-13T09:51:46.774+0000] {logging_mixin.py:149} INFO - [2024-10-13T09:51:46.774+0000] {dagbag.py:541} INFO - Filling up the DagBag from /home/airflow/.local/lib/python3.7/site-packages/airflow/example_dags/example_bash_operator.py
[2024-10-13T09:51:46.790+0000] {processor.py:809} INFO - DAG(s) dict_keys(['example_bash_operator']) retrieved from /home/airflow/.local/lib/python3.7/site-packages/airflow/example_dags/example_bash_operator.py
[2024-10-13T09:51:46.830+0000] {logging_mixin.py:149} INFO - [2024-10-13T09:51:46.829+0000] {dag.py:2726} INFO - Sync 1 DAGs
[2024-10-13T09:51:46.858+0000] {logging_mixin.py:149} INFO - [2024-10-13T09:51:46.857+0000] {dag.py:3490} INFO - Setting next_dagrun for example_bash_operator to 2024-10-12T00:00:00+00:00, run_after=2024-10-13T00:00:00+00:00
[2024-10-13T09:51:46.876+0000] {processor.py:178} INFO - Processing /home/airflow/.local/lib/python3.7/site-packages/airflow/example_dags/example_bash_operator.py took 0.106 seconds
[2024-10-13T09:52:17.255+0000] {processor.py:156} INFO - Started process (PID=3086) to work on /home/airflow/.local/lib/python3.7/site-packages/airflow/example_dags/example_bash_operator.py
[2024-10-13T09:52:17.256+0000] {processor.py:799} INFO - Processing file /home/airflow/.local/lib/python3.7/site-packages/airflow/example_dags/example_bash_operator.py for tasks to queue
[2024-10-13T09:52:17.257+0000] {logging_mixin.py:149} INFO - [2024-10-13T09:52:17.256+0000] {dagbag.py:541} INFO - Filling up the DagBag from /home/airflow/.local/lib/python3.7/site-packages/airflow/example_dags/example_bash_operator.py
[2024-10-13T09:52:17.273+0000] {processor.py:809} INFO - DAG(s) dict_keys(['example_bash_operator']) retrieved from /home/airflow/.local/lib/python3.7/site-packages/airflow/example_dags/example_bash_operator.py
[2024-10-13T09:52:17.314+0000] {logging_mixin.py:149} INFO - [2024-10-13T09:52:17.314+0000] {dag.py:2726} INFO - Sync 1 DAGs
[2024-10-13T09:52:17.344+0000] {logging_mixin.py:149} INFO - [2024-10-13T09:52:17.344+0000] {dag.py:3490} INFO - Setting next_dagrun for example_bash_operator to 2024-10-12T00:00:00+00:00, run_after=2024-10-13T00:00:00+00:00
[2024-10-13T09:52:17.366+0000] {processor.py:178} INFO - Processing /home/airflow/.local/lib/python3.7/site-packages/airflow/example_dags/example_bash_operator.py took 0.115 seconds
[2024-10-13T09:52:47.836+0000] {processor.py:156} INFO - Started process (PID=3147) to work on /home/airflow/.local/lib/python3.7/site-packages/airflow/example_dags/example_bash_operator.py
[2024-10-13T09:52:47.837+0000] {processor.py:799} INFO - Processing file /home/airflow/.local/lib/python3.7/site-packages/airflow/example_dags/example_bash_operator.py for tasks to queue
[2024-10-13T09:52:47.837+0000] {logging_mixin.py:149} INFO - [2024-10-13T09:52:47.837+0000] {dagbag.py:541} INFO - Filling up the DagBag from /home/airflow/.local/lib/python3.7/site-packages/airflow/example_dags/example_bash_operator.py
[2024-10-13T09:52:47.856+0000] {processor.py:809} INFO - DAG(s) dict_keys(['example_bash_operator']) retrieved from /home/airflow/.local/lib/python3.7/site-packages/airflow/example_dags/example_bash_operator.py
[2024-10-13T09:52:47.900+0000] {logging_mixin.py:149} INFO - [2024-10-13T09:52:47.900+0000] {dag.py:2726} INFO - Sync 1 DAGs
[2024-10-13T09:52:47.930+0000] {logging_mixin.py:149} INFO - [2024-10-13T09:52:47.930+0000] {dag.py:3490} INFO - Setting next_dagrun for example_bash_operator to 2024-10-12T00:00:00+00:00, run_after=2024-10-13T00:00:00+00:00
[2024-10-13T09:52:47.950+0000] {processor.py:178} INFO - Processing /home/airflow/.local/lib/python3.7/site-packages/airflow/example_dags/example_bash_operator.py took 0.118 seconds
[2024-10-13T09:53:18.356+0000] {processor.py:156} INFO - Started process (PID=3208) to work on /home/airflow/.local/lib/python3.7/site-packages/airflow/example_dags/example_bash_operator.py
[2024-10-13T09:53:18.357+0000] {processor.py:799} INFO - Processing file /home/airflow/.local/lib/python3.7/site-packages/airflow/example_dags/example_bash_operator.py for tasks to queue
[2024-10-13T09:53:18.358+0000] {logging_mixin.py:149} INFO - [2024-10-13T09:53:18.358+0000] {dagbag.py:541} INFO - Filling up the DagBag from /home/airflow/.local/lib/python3.7/site-packages/airflow/example_dags/example_bash_operator.py
[2024-10-13T09:53:18.374+0000] {processor.py:809} INFO - DAG(s) dict_keys(['example_bash_operator']) retrieved from /home/airflow/.local/lib/python3.7/site-packages/airflow/example_dags/example_bash_operator.py
[2024-10-13T09:53:18.414+0000] {logging_mixin.py:149} INFO - [2024-10-13T09:53:18.414+0000] {dag.py:2726} INFO - Sync 1 DAGs
[2024-10-13T09:53:18.441+0000] {logging_mixin.py:149} INFO - [2024-10-13T09:53:18.441+0000] {dag.py:3490} INFO - Setting next_dagrun for example_bash_operator to 2024-10-12T00:00:00+00:00, run_after=2024-10-13T00:00:00+00:00
[2024-10-13T09:53:18.459+0000] {processor.py:178} INFO - Processing /home/airflow/.local/lib/python3.7/site-packages/airflow/example_dags/example_bash_operator.py took 0.106 seconds
[2024-10-13T09:53:48.882+0000] {processor.py:156} INFO - Started process (PID=3269) to work on /home/airflow/.local/lib/python3.7/site-packages/airflow/example_dags/example_bash_operator.py
[2024-10-13T09:53:48.883+0000] {processor.py:799} INFO - Processing file /home/airflow/.local/lib/python3.7/site-packages/airflow/example_dags/example_bash_operator.py for tasks to queue
[2024-10-13T09:53:48.884+0000] {logging_mixin.py:149} INFO - [2024-10-13T09:53:48.884+0000] {dagbag.py:541} INFO - Filling up the DagBag from /home/airflow/.local/lib/python3.7/site-packages/airflow/example_dags/example_bash_operator.py
[2024-10-13T09:53:48.899+0000] {processor.py:809} INFO - DAG(s) dict_keys(['example_bash_operator']) retrieved from /home/airflow/.local/lib/python3.7/site-packages/airflow/example_dags/example_bash_operator.py
[2024-10-13T09:53:48.939+0000] {logging_mixin.py:149} INFO - [2024-10-13T09:53:48.939+0000] {dag.py:2726} INFO - Sync 1 DAGs
[2024-10-13T09:53:48.967+0000] {logging_mixin.py:149} INFO - [2024-10-13T09:53:48.967+0000] {dag.py:3490} INFO - Setting next_dagrun for example_bash_operator to 2024-10-12T00:00:00+00:00, run_after=2024-10-13T00:00:00+00:00
[2024-10-13T09:53:48.985+0000] {processor.py:178} INFO - Processing /home/airflow/.local/lib/python3.7/site-packages/airflow/example_dags/example_bash_operator.py took 0.106 seconds
[2024-10-13T09:54:19.977+0000] {processor.py:156} INFO - Started process (PID=3330) to work on /home/airflow/.local/lib/python3.7/site-packages/airflow/example_dags/example_bash_operator.py
[2024-10-13T09:54:19.978+0000] {processor.py:799} INFO - Processing file /home/airflow/.local/lib/python3.7/site-packages/airflow/example_dags/example_bash_operator.py for tasks to queue
[2024-10-13T09:54:19.979+0000] {logging_mixin.py:149} INFO - [2024-10-13T09:54:19.979+0000] {dagbag.py:541} INFO - Filling up the DagBag from /home/airflow/.local/lib/python3.7/site-packages/airflow/example_dags/example_bash_operator.py
[2024-10-13T09:54:19.995+0000] {processor.py:809} INFO - DAG(s) dict_keys(['example_bash_operator']) retrieved from /home/airflow/.local/lib/python3.7/site-packages/airflow/example_dags/example_bash_operator.py
[2024-10-13T09:54:20.038+0000] {logging_mixin.py:149} INFO - [2024-10-13T09:54:20.038+0000] {dag.py:2726} INFO - Sync 1 DAGs
[2024-10-13T09:54:20.067+0000] {logging_mixin.py:149} INFO - [2024-10-13T09:54:20.067+0000] {dag.py:3490} INFO - Setting next_dagrun for example_bash_operator to 2024-10-12T00:00:00+00:00, run_after=2024-10-13T00:00:00+00:00
[2024-10-13T09:54:20.085+0000] {processor.py:178} INFO - Processing /home/airflow/.local/lib/python3.7/site-packages/airflow/example_dags/example_bash_operator.py took 0.111 seconds
[2024-10-13T09:54:51.133+0000] {processor.py:156} INFO - Started process (PID=3391) to work on /home/airflow/.local/lib/python3.7/site-packages/airflow/example_dags/example_bash_operator.py
[2024-10-13T09:54:51.134+0000] {processor.py:799} INFO - Processing file /home/airflow/.local/lib/python3.7/site-packages/airflow/example_dags/example_bash_operator.py for tasks to queue
[2024-10-13T09:54:51.134+0000] {logging_mixin.py:149} INFO - [2024-10-13T09:54:51.134+0000] {dagbag.py:541} INFO - Filling up the DagBag from /home/airflow/.local/lib/python3.7/site-packages/airflow/example_dags/example_bash_operator.py
[2024-10-13T09:54:51.149+0000] {processor.py:809} INFO - DAG(s) dict_keys(['example_bash_operator']) retrieved from /home/airflow/.local/lib/python3.7/site-packages/airflow/example_dags/example_bash_operator.py
[2024-10-13T09:54:51.194+0000] {logging_mixin.py:149} INFO - [2024-10-13T09:54:51.193+0000] {dag.py:2726} INFO - Sync 1 DAGs
[2024-10-13T09:54:51.224+0000] {logging_mixin.py:149} INFO - [2024-10-13T09:54:51.224+0000] {dag.py:3490} INFO - Setting next_dagrun for example_bash_operator to 2024-10-12T00:00:00+00:00, run_after=2024-10-13T00:00:00+00:00
[2024-10-13T09:54:51.249+0000] {processor.py:178} INFO - Processing /home/airflow/.local/lib/python3.7/site-packages/airflow/example_dags/example_bash_operator.py took 0.120 seconds
[2024-10-13T09:55:21.706+0000] {processor.py:156} INFO - Started process (PID=3452) to work on /home/airflow/.local/lib/python3.7/site-packages/airflow/example_dags/example_bash_operator.py
[2024-10-13T09:55:21.707+0000] {processor.py:799} INFO - Processing file /home/airflow/.local/lib/python3.7/site-packages/airflow/example_dags/example_bash_operator.py for tasks to queue
[2024-10-13T09:55:21.708+0000] {logging_mixin.py:149} INFO - [2024-10-13T09:55:21.708+0000] {dagbag.py:541} INFO - Filling up the DagBag from /home/airflow/.local/lib/python3.7/site-packages/airflow/example_dags/example_bash_operator.py
[2024-10-13T09:55:21.723+0000] {processor.py:809} INFO - DAG(s) dict_keys(['example_bash_operator']) retrieved from /home/airflow/.local/lib/python3.7/site-packages/airflow/example_dags/example_bash_operator.py
[2024-10-13T09:55:21.765+0000] {logging_mixin.py:149} INFO - [2024-10-13T09:55:21.765+0000] {dag.py:2726} INFO - Sync 1 DAGs
[2024-10-13T09:55:21.793+0000] {logging_mixin.py:149} INFO - [2024-10-13T09:55:21.793+0000] {dag.py:3490} INFO - Setting next_dagrun for example_bash_operator to 2024-10-12T00:00:00+00:00, run_after=2024-10-13T00:00:00+00:00
[2024-10-13T09:55:21.811+0000] {processor.py:178} INFO - Processing /home/airflow/.local/lib/python3.7/site-packages/airflow/example_dags/example_bash_operator.py took 0.108 seconds
[2024-10-13T09:55:52.313+0000] {processor.py:156} INFO - Started process (PID=3513) to work on /home/airflow/.local/lib/python3.7/site-packages/airflow/example_dags/example_bash_operator.py
[2024-10-13T09:55:52.314+0000] {processor.py:799} INFO - Processing file /home/airflow/.local/lib/python3.7/site-packages/airflow/example_dags/example_bash_operator.py for tasks to queue
[2024-10-13T09:55:52.314+0000] {logging_mixin.py:149} INFO - [2024-10-13T09:55:52.314+0000] {dagbag.py:541} INFO - Filling up the DagBag from /home/airflow/.local/lib/python3.7/site-packages/airflow/example_dags/example_bash_operator.py
[2024-10-13T09:55:52.330+0000] {processor.py:809} INFO - DAG(s) dict_keys(['example_bash_operator']) retrieved from /home/airflow/.local/lib/python3.7/site-packages/airflow/example_dags/example_bash_operator.py
[2024-10-13T09:55:52.373+0000] {logging_mixin.py:149} INFO - [2024-10-13T09:55:52.373+0000] {dag.py:2726} INFO - Sync 1 DAGs
[2024-10-13T09:55:52.403+0000] {logging_mixin.py:149} INFO - [2024-10-13T09:55:52.403+0000] {dag.py:3490} INFO - Setting next_dagrun for example_bash_operator to 2024-10-12T00:00:00+00:00, run_after=2024-10-13T00:00:00+00:00
[2024-10-13T09:55:52.423+0000] {processor.py:178} INFO - Processing /home/airflow/.local/lib/python3.7/site-packages/airflow/example_dags/example_bash_operator.py took 0.114 seconds
[2024-10-13T09:56:22.612+0000] {processor.py:156} INFO - Started process (PID=3574) to work on /home/airflow/.local/lib/python3.7/site-packages/airflow/example_dags/example_bash_operator.py
[2024-10-13T09:56:22.613+0000] {processor.py:799} INFO - Processing file /home/airflow/.local/lib/python3.7/site-packages/airflow/example_dags/example_bash_operator.py for tasks to queue
[2024-10-13T09:56:22.614+0000] {logging_mixin.py:149} INFO - [2024-10-13T09:56:22.613+0000] {dagbag.py:541} INFO - Filling up the DagBag from /home/airflow/.local/lib/python3.7/site-packages/airflow/example_dags/example_bash_operator.py
[2024-10-13T09:56:22.629+0000] {processor.py:809} INFO - DAG(s) dict_keys(['example_bash_operator']) retrieved from /home/airflow/.local/lib/python3.7/site-packages/airflow/example_dags/example_bash_operator.py
[2024-10-13T09:56:22.668+0000] {logging_mixin.py:149} INFO - [2024-10-13T09:56:22.668+0000] {dag.py:2726} INFO - Sync 1 DAGs
[2024-10-13T09:56:22.696+0000] {logging_mixin.py:149} INFO - [2024-10-13T09:56:22.695+0000] {dag.py:3490} INFO - Setting next_dagrun for example_bash_operator to 2024-10-12T00:00:00+00:00, run_after=2024-10-13T00:00:00+00:00
[2024-10-13T09:56:22.716+0000] {processor.py:178} INFO - Processing /home/airflow/.local/lib/python3.7/site-packages/airflow/example_dags/example_bash_operator.py took 0.108 seconds
[2024-10-13T09:56:53.272+0000] {processor.py:156} INFO - Started process (PID=3635) to work on /home/airflow/.local/lib/python3.7/site-packages/airflow/example_dags/example_bash_operator.py
[2024-10-13T09:56:53.273+0000] {processor.py:799} INFO - Processing file /home/airflow/.local/lib/python3.7/site-packages/airflow/example_dags/example_bash_operator.py for tasks to queue
[2024-10-13T09:56:53.274+0000] {logging_mixin.py:149} INFO - [2024-10-13T09:56:53.273+0000] {dagbag.py:541} INFO - Filling up the DagBag from /home/airflow/.local/lib/python3.7/site-packages/airflow/example_dags/example_bash_operator.py
[2024-10-13T09:56:53.289+0000] {processor.py:809} INFO - DAG(s) dict_keys(['example_bash_operator']) retrieved from /home/airflow/.local/lib/python3.7/site-packages/airflow/example_dags/example_bash_operator.py
[2024-10-13T09:56:53.330+0000] {logging_mixin.py:149} INFO - [2024-10-13T09:56:53.330+0000] {dag.py:2726} INFO - Sync 1 DAGs
[2024-10-13T09:56:53.357+0000] {logging_mixin.py:149} INFO - [2024-10-13T09:56:53.357+0000] {dag.py:3490} INFO - Setting next_dagrun for example_bash_operator to 2024-10-12T00:00:00+00:00, run_after=2024-10-13T00:00:00+00:00
[2024-10-13T09:56:53.375+0000] {processor.py:178} INFO - Processing /home/airflow/.local/lib/python3.7/site-packages/airflow/example_dags/example_bash_operator.py took 0.106 seconds
[2024-10-13T09:57:23.984+0000] {processor.py:156} INFO - Started process (PID=3696) to work on /home/airflow/.local/lib/python3.7/site-packages/airflow/example_dags/example_bash_operator.py
[2024-10-13T09:57:23.985+0000] {processor.py:799} INFO - Processing file /home/airflow/.local/lib/python3.7/site-packages/airflow/example_dags/example_bash_operator.py for tasks to queue
[2024-10-13T09:57:23.987+0000] {logging_mixin.py:149} INFO - [2024-10-13T09:57:23.986+0000] {dagbag.py:541} INFO - Filling up the DagBag from /home/airflow/.local/lib/python3.7/site-packages/airflow/example_dags/example_bash_operator.py
[2024-10-13T09:57:24.008+0000] {processor.py:809} INFO - DAG(s) dict_keys(['example_bash_operator']) retrieved from /home/airflow/.local/lib/python3.7/site-packages/airflow/example_dags/example_bash_operator.py
[2024-10-13T09:57:24.072+0000] {logging_mixin.py:149} INFO - [2024-10-13T09:57:24.072+0000] {dag.py:2726} INFO - Sync 1 DAGs
[2024-10-13T09:57:24.103+0000] {logging_mixin.py:149} INFO - [2024-10-13T09:57:24.103+0000] {dag.py:3490} INFO - Setting next_dagrun for example_bash_operator to 2024-10-12T00:00:00+00:00, run_after=2024-10-13T00:00:00+00:00
[2024-10-13T09:57:24.123+0000] {processor.py:178} INFO - Processing /home/airflow/.local/lib/python3.7/site-packages/airflow/example_dags/example_bash_operator.py took 0.145 seconds
[2024-10-13T09:57:54.806+0000] {processor.py:156} INFO - Started process (PID=3757) to work on /home/airflow/.local/lib/python3.7/site-packages/airflow/example_dags/example_bash_operator.py
[2024-10-13T09:57:54.807+0000] {processor.py:799} INFO - Processing file /home/airflow/.local/lib/python3.7/site-packages/airflow/example_dags/example_bash_operator.py for tasks to queue
[2024-10-13T09:57:54.808+0000] {logging_mixin.py:149} INFO - [2024-10-13T09:57:54.807+0000] {dagbag.py:541} INFO - Filling up the DagBag from /home/airflow/.local/lib/python3.7/site-packages/airflow/example_dags/example_bash_operator.py
[2024-10-13T09:57:54.827+0000] {processor.py:809} INFO - DAG(s) dict_keys(['example_bash_operator']) retrieved from /home/airflow/.local/lib/python3.7/site-packages/airflow/example_dags/example_bash_operator.py
[2024-10-13T09:57:54.907+0000] {logging_mixin.py:149} INFO - [2024-10-13T09:57:54.907+0000] {dag.py:2726} INFO - Sync 1 DAGs
[2024-10-13T09:57:54.945+0000] {logging_mixin.py:149} INFO - [2024-10-13T09:57:54.945+0000] {dag.py:3490} INFO - Setting next_dagrun for example_bash_operator to 2024-10-12T00:00:00+00:00, run_after=2024-10-13T00:00:00+00:00
[2024-10-13T09:57:54.975+0000] {processor.py:178} INFO - Processing /home/airflow/.local/lib/python3.7/site-packages/airflow/example_dags/example_bash_operator.py took 0.173 seconds
[2024-10-13T14:18:52.893+0000] {processor.py:156} INFO - Started process (PID=87) to work on /home/airflow/.local/lib/python3.7/site-packages/airflow/example_dags/example_bash_operator.py
[2024-10-13T14:18:52.895+0000] {processor.py:799} INFO - Processing file /home/airflow/.local/lib/python3.7/site-packages/airflow/example_dags/example_bash_operator.py for tasks to queue
[2024-10-13T14:18:52.895+0000] {logging_mixin.py:149} INFO - [2024-10-13T14:18:52.895+0000] {dagbag.py:541} INFO - Filling up the DagBag from /home/airflow/.local/lib/python3.7/site-packages/airflow/example_dags/example_bash_operator.py
[2024-10-13T14:18:52.912+0000] {processor.py:809} INFO - DAG(s) dict_keys(['example_bash_operator']) retrieved from /home/airflow/.local/lib/python3.7/site-packages/airflow/example_dags/example_bash_operator.py
[2024-10-13T14:18:52.927+0000] {logging_mixin.py:149} INFO - [2024-10-13T14:18:52.927+0000] {dag.py:2726} INFO - Sync 1 DAGs
[2024-10-13T14:18:52.963+0000] {logging_mixin.py:149} INFO - [2024-10-13T14:18:52.963+0000] {dag.py:3490} INFO - Setting next_dagrun for example_bash_operator to 2024-10-12T00:00:00+00:00, run_after=2024-10-13T00:00:00+00:00
[2024-10-13T14:18:52.987+0000] {processor.py:178} INFO - Processing /home/airflow/.local/lib/python3.7/site-packages/airflow/example_dags/example_bash_operator.py took 0.097 seconds
[2024-10-13T14:19:23.496+0000] {processor.py:156} INFO - Started process (PID=148) to work on /home/airflow/.local/lib/python3.7/site-packages/airflow/example_dags/example_bash_operator.py
[2024-10-13T14:19:23.497+0000] {processor.py:799} INFO - Processing file /home/airflow/.local/lib/python3.7/site-packages/airflow/example_dags/example_bash_operator.py for tasks to queue
[2024-10-13T14:19:23.499+0000] {logging_mixin.py:149} INFO - [2024-10-13T14:19:23.498+0000] {dagbag.py:541} INFO - Filling up the DagBag from /home/airflow/.local/lib/python3.7/site-packages/airflow/example_dags/example_bash_operator.py
[2024-10-13T14:19:23.525+0000] {processor.py:809} INFO - DAG(s) dict_keys(['example_bash_operator']) retrieved from /home/airflow/.local/lib/python3.7/site-packages/airflow/example_dags/example_bash_operator.py
[2024-10-13T14:19:23.588+0000] {logging_mixin.py:149} INFO - [2024-10-13T14:19:23.588+0000] {dag.py:2726} INFO - Sync 1 DAGs
[2024-10-13T14:19:23.634+0000] {logging_mixin.py:149} INFO - [2024-10-13T14:19:23.634+0000] {dag.py:3490} INFO - Setting next_dagrun for example_bash_operator to 2024-10-12T00:00:00+00:00, run_after=2024-10-13T00:00:00+00:00
[2024-10-13T14:19:23.662+0000] {processor.py:178} INFO - Processing /home/airflow/.local/lib/python3.7/site-packages/airflow/example_dags/example_bash_operator.py took 0.169 seconds
[2024-10-13T14:19:54.047+0000] {processor.py:156} INFO - Started process (PID=209) to work on /home/airflow/.local/lib/python3.7/site-packages/airflow/example_dags/example_bash_operator.py
[2024-10-13T14:19:54.048+0000] {processor.py:799} INFO - Processing file /home/airflow/.local/lib/python3.7/site-packages/airflow/example_dags/example_bash_operator.py for tasks to queue
[2024-10-13T14:19:54.049+0000] {logging_mixin.py:149} INFO - [2024-10-13T14:19:54.049+0000] {dagbag.py:541} INFO - Filling up the DagBag from /home/airflow/.local/lib/python3.7/site-packages/airflow/example_dags/example_bash_operator.py
[2024-10-13T14:19:54.065+0000] {processor.py:809} INFO - DAG(s) dict_keys(['example_bash_operator']) retrieved from /home/airflow/.local/lib/python3.7/site-packages/airflow/example_dags/example_bash_operator.py
[2024-10-13T14:19:54.123+0000] {logging_mixin.py:149} INFO - [2024-10-13T14:19:54.123+0000] {dag.py:2726} INFO - Sync 1 DAGs
[2024-10-13T14:19:54.160+0000] {logging_mixin.py:149} INFO - [2024-10-13T14:19:54.160+0000] {dag.py:3490} INFO - Setting next_dagrun for example_bash_operator to 2024-10-12T00:00:00+00:00, run_after=2024-10-13T00:00:00+00:00
[2024-10-13T14:19:54.183+0000] {processor.py:178} INFO - Processing /home/airflow/.local/lib/python3.7/site-packages/airflow/example_dags/example_bash_operator.py took 0.139 seconds
[2024-10-13T14:20:24.493+0000] {processor.py:156} INFO - Started process (PID=270) to work on /home/airflow/.local/lib/python3.7/site-packages/airflow/example_dags/example_bash_operator.py
[2024-10-13T14:20:24.494+0000] {processor.py:799} INFO - Processing file /home/airflow/.local/lib/python3.7/site-packages/airflow/example_dags/example_bash_operator.py for tasks to queue
[2024-10-13T14:20:24.495+0000] {logging_mixin.py:149} INFO - [2024-10-13T14:20:24.495+0000] {dagbag.py:541} INFO - Filling up the DagBag from /home/airflow/.local/lib/python3.7/site-packages/airflow/example_dags/example_bash_operator.py
[2024-10-13T14:20:24.515+0000] {processor.py:809} INFO - DAG(s) dict_keys(['example_bash_operator']) retrieved from /home/airflow/.local/lib/python3.7/site-packages/airflow/example_dags/example_bash_operator.py
[2024-10-13T14:20:24.561+0000] {logging_mixin.py:149} INFO - [2024-10-13T14:20:24.561+0000] {dag.py:2726} INFO - Sync 1 DAGs
[2024-10-13T14:20:24.593+0000] {logging_mixin.py:149} INFO - [2024-10-13T14:20:24.593+0000] {dag.py:3490} INFO - Setting next_dagrun for example_bash_operator to 2024-10-12T00:00:00+00:00, run_after=2024-10-13T00:00:00+00:00
[2024-10-13T14:20:24.620+0000] {processor.py:178} INFO - Processing /home/airflow/.local/lib/python3.7/site-packages/airflow/example_dags/example_bash_operator.py took 0.132 seconds
[2024-10-13T14:20:54.984+0000] {processor.py:156} INFO - Started process (PID=330) to work on /home/airflow/.local/lib/python3.7/site-packages/airflow/example_dags/example_bash_operator.py
[2024-10-13T14:20:54.985+0000] {processor.py:799} INFO - Processing file /home/airflow/.local/lib/python3.7/site-packages/airflow/example_dags/example_bash_operator.py for tasks to queue
[2024-10-13T14:20:54.985+0000] {logging_mixin.py:149} INFO - [2024-10-13T14:20:54.985+0000] {dagbag.py:541} INFO - Filling up the DagBag from /home/airflow/.local/lib/python3.7/site-packages/airflow/example_dags/example_bash_operator.py
[2024-10-13T14:20:55.003+0000] {processor.py:809} INFO - DAG(s) dict_keys(['example_bash_operator']) retrieved from /home/airflow/.local/lib/python3.7/site-packages/airflow/example_dags/example_bash_operator.py
[2024-10-13T14:20:55.046+0000] {logging_mixin.py:149} INFO - [2024-10-13T14:20:55.046+0000] {dag.py:2726} INFO - Sync 1 DAGs
[2024-10-13T14:20:55.075+0000] {logging_mixin.py:149} INFO - [2024-10-13T14:20:55.075+0000] {dag.py:3490} INFO - Setting next_dagrun for example_bash_operator to 2024-10-12T00:00:00+00:00, run_after=2024-10-13T00:00:00+00:00
[2024-10-13T14:20:55.095+0000] {processor.py:178} INFO - Processing /home/airflow/.local/lib/python3.7/site-packages/airflow/example_dags/example_bash_operator.py took 0.114 seconds
[2024-10-13T14:21:26.190+0000] {processor.py:156} INFO - Started process (PID=391) to work on /home/airflow/.local/lib/python3.7/site-packages/airflow/example_dags/example_bash_operator.py
[2024-10-13T14:21:26.243+0000] {processor.py:799} INFO - Processing file /home/airflow/.local/lib/python3.7/site-packages/airflow/example_dags/example_bash_operator.py for tasks to queue
[2024-10-13T14:21:26.243+0000] {logging_mixin.py:149} INFO - [2024-10-13T14:21:26.243+0000] {dagbag.py:541} INFO - Filling up the DagBag from /home/airflow/.local/lib/python3.7/site-packages/airflow/example_dags/example_bash_operator.py
[2024-10-13T14:21:26.259+0000] {processor.py:809} INFO - DAG(s) dict_keys(['example_bash_operator']) retrieved from /home/airflow/.local/lib/python3.7/site-packages/airflow/example_dags/example_bash_operator.py
[2024-10-13T14:21:26.315+0000] {logging_mixin.py:149} INFO - [2024-10-13T14:21:26.314+0000] {dag.py:2726} INFO - Sync 1 DAGs
[2024-10-13T14:21:26.358+0000] {logging_mixin.py:149} INFO - [2024-10-13T14:21:26.357+0000] {dag.py:3490} INFO - Setting next_dagrun for example_bash_operator to 2024-10-12T00:00:00+00:00, run_after=2024-10-13T00:00:00+00:00
[2024-10-13T14:21:26.382+0000] {processor.py:178} INFO - Processing /home/airflow/.local/lib/python3.7/site-packages/airflow/example_dags/example_bash_operator.py took 0.196 seconds
[2024-10-13T14:21:57.309+0000] {processor.py:156} INFO - Started process (PID=452) to work on /home/airflow/.local/lib/python3.7/site-packages/airflow/example_dags/example_bash_operator.py
[2024-10-13T14:21:57.310+0000] {processor.py:799} INFO - Processing file /home/airflow/.local/lib/python3.7/site-packages/airflow/example_dags/example_bash_operator.py for tasks to queue
[2024-10-13T14:21:57.310+0000] {logging_mixin.py:149} INFO - [2024-10-13T14:21:57.310+0000] {dagbag.py:541} INFO - Filling up the DagBag from /home/airflow/.local/lib/python3.7/site-packages/airflow/example_dags/example_bash_operator.py
[2024-10-13T14:21:57.326+0000] {processor.py:809} INFO - DAG(s) dict_keys(['example_bash_operator']) retrieved from /home/airflow/.local/lib/python3.7/site-packages/airflow/example_dags/example_bash_operator.py
[2024-10-13T14:21:57.369+0000] {logging_mixin.py:149} INFO - [2024-10-13T14:21:57.369+0000] {dag.py:2726} INFO - Sync 1 DAGs
[2024-10-13T14:21:57.400+0000] {logging_mixin.py:149} INFO - [2024-10-13T14:21:57.400+0000] {dag.py:3490} INFO - Setting next_dagrun for example_bash_operator to 2024-10-12T00:00:00+00:00, run_after=2024-10-13T00:00:00+00:00
[2024-10-13T14:21:57.420+0000] {processor.py:178} INFO - Processing /home/airflow/.local/lib/python3.7/site-packages/airflow/example_dags/example_bash_operator.py took 0.115 seconds
[2024-10-13T14:22:27.696+0000] {processor.py:156} INFO - Started process (PID=513) to work on /home/airflow/.local/lib/python3.7/site-packages/airflow/example_dags/example_bash_operator.py
[2024-10-13T14:22:27.698+0000] {processor.py:799} INFO - Processing file /home/airflow/.local/lib/python3.7/site-packages/airflow/example_dags/example_bash_operator.py for tasks to queue
[2024-10-13T14:22:27.699+0000] {logging_mixin.py:149} INFO - [2024-10-13T14:22:27.698+0000] {dagbag.py:541} INFO - Filling up the DagBag from /home/airflow/.local/lib/python3.7/site-packages/airflow/example_dags/example_bash_operator.py
[2024-10-13T14:22:27.723+0000] {processor.py:809} INFO - DAG(s) dict_keys(['example_bash_operator']) retrieved from /home/airflow/.local/lib/python3.7/site-packages/airflow/example_dags/example_bash_operator.py
[2024-10-13T14:22:27.763+0000] {logging_mixin.py:149} INFO - [2024-10-13T14:22:27.763+0000] {dag.py:2726} INFO - Sync 1 DAGs
[2024-10-13T14:22:27.799+0000] {logging_mixin.py:149} INFO - [2024-10-13T14:22:27.799+0000] {dag.py:3490} INFO - Setting next_dagrun for example_bash_operator to 2024-10-12T00:00:00+00:00, run_after=2024-10-13T00:00:00+00:00
[2024-10-13T14:22:27.824+0000] {processor.py:178} INFO - Processing /home/airflow/.local/lib/python3.7/site-packages/airflow/example_dags/example_bash_operator.py took 0.132 seconds
[2024-10-13T14:22:58.555+0000] {processor.py:156} INFO - Started process (PID=574) to work on /home/airflow/.local/lib/python3.7/site-packages/airflow/example_dags/example_bash_operator.py
[2024-10-13T14:22:58.556+0000] {processor.py:799} INFO - Processing file /home/airflow/.local/lib/python3.7/site-packages/airflow/example_dags/example_bash_operator.py for tasks to queue
[2024-10-13T14:22:58.556+0000] {logging_mixin.py:149} INFO - [2024-10-13T14:22:58.556+0000] {dagbag.py:541} INFO - Filling up the DagBag from /home/airflow/.local/lib/python3.7/site-packages/airflow/example_dags/example_bash_operator.py
[2024-10-13T14:22:58.575+0000] {processor.py:809} INFO - DAG(s) dict_keys(['example_bash_operator']) retrieved from /home/airflow/.local/lib/python3.7/site-packages/airflow/example_dags/example_bash_operator.py
[2024-10-13T14:22:58.647+0000] {logging_mixin.py:149} INFO - [2024-10-13T14:22:58.646+0000] {dag.py:2726} INFO - Sync 1 DAGs
[2024-10-13T14:22:58.686+0000] {logging_mixin.py:149} INFO - [2024-10-13T14:22:58.686+0000] {dag.py:3490} INFO - Setting next_dagrun for example_bash_operator to 2024-10-12T00:00:00+00:00, run_after=2024-10-13T00:00:00+00:00
[2024-10-13T14:22:58.706+0000] {processor.py:178} INFO - Processing /home/airflow/.local/lib/python3.7/site-packages/airflow/example_dags/example_bash_operator.py took 0.155 seconds
[2024-10-13T14:23:29.746+0000] {processor.py:156} INFO - Started process (PID=635) to work on /home/airflow/.local/lib/python3.7/site-packages/airflow/example_dags/example_bash_operator.py
[2024-10-13T14:23:29.747+0000] {processor.py:799} INFO - Processing file /home/airflow/.local/lib/python3.7/site-packages/airflow/example_dags/example_bash_operator.py for tasks to queue
[2024-10-13T14:23:29.748+0000] {logging_mixin.py:149} INFO - [2024-10-13T14:23:29.748+0000] {dagbag.py:541} INFO - Filling up the DagBag from /home/airflow/.local/lib/python3.7/site-packages/airflow/example_dags/example_bash_operator.py
[2024-10-13T14:23:29.766+0000] {processor.py:809} INFO - DAG(s) dict_keys(['example_bash_operator']) retrieved from /home/airflow/.local/lib/python3.7/site-packages/airflow/example_dags/example_bash_operator.py
[2024-10-13T14:23:29.814+0000] {logging_mixin.py:149} INFO - [2024-10-13T14:23:29.814+0000] {dag.py:2726} INFO - Sync 1 DAGs
[2024-10-13T14:23:29.850+0000] {logging_mixin.py:149} INFO - [2024-10-13T14:23:29.849+0000] {dag.py:3490} INFO - Setting next_dagrun for example_bash_operator to 2024-10-12T00:00:00+00:00, run_after=2024-10-13T00:00:00+00:00
[2024-10-13T14:23:29.870+0000] {processor.py:178} INFO - Processing /home/airflow/.local/lib/python3.7/site-packages/airflow/example_dags/example_bash_operator.py took 0.127 seconds
