[2024-10-13T09:27:10.252+0000] {processor.py:156} INFO - Started process (PID=65) to work on /home/airflow/.local/lib/python3.7/site-packages/airflow/example_dags/example_nested_branch_dag.py
[2024-10-13T09:27:10.253+0000] {processor.py:799} INFO - Processing file /home/airflow/.local/lib/python3.7/site-packages/airflow/example_dags/example_nested_branch_dag.py for tasks to queue
[2024-10-13T09:27:10.254+0000] {logging_mixin.py:149} INFO - [2024-10-13T09:27:10.254+0000] {dagbag.py:541} INFO - Filling up the DagBag from /home/airflow/.local/lib/python3.7/site-packages/airflow/example_dags/example_nested_branch_dag.py
[2024-10-13T09:27:10.273+0000] {processor.py:809} INFO - DAG(s) dict_keys(['example_nested_branch_dag']) retrieved from /home/airflow/.local/lib/python3.7/site-packages/airflow/example_dags/example_nested_branch_dag.py
[2024-10-13T09:27:10.505+0000] {logging_mixin.py:149} INFO - [2024-10-13T09:27:10.505+0000] {manager.py:504} INFO - Created Permission View: can edit on DAG:example_nested_branch_dag
[2024-10-13T09:27:10.520+0000] {logging_mixin.py:149} INFO - [2024-10-13T09:27:10.520+0000] {manager.py:504} INFO - Created Permission View: can read on DAG:example_nested_branch_dag
[2024-10-13T09:27:10.531+0000] {logging_mixin.py:149} INFO - [2024-10-13T09:27:10.530+0000] {manager.py:504} INFO - Created Permission View: can delete on DAG:example_nested_branch_dag
[2024-10-13T09:27:10.531+0000] {logging_mixin.py:149} INFO - [2024-10-13T09:27:10.531+0000] {dag.py:2726} INFO - Sync 1 DAGs
[2024-10-13T09:27:10.556+0000] {logging_mixin.py:149} INFO - [2024-10-13T09:27:10.556+0000] {dag.py:2747} INFO - Creating ORM DAG for example_nested_branch_dag
[2024-10-13T09:27:10.580+0000] {logging_mixin.py:149} INFO - [2024-10-13T09:27:10.579+0000] {dag.py:3490} INFO - Setting next_dagrun for example_nested_branch_dag to 2024-10-12T00:00:00+00:00, run_after=2024-10-13T00:00:00+00:00
[2024-10-13T09:27:10.611+0000] {processor.py:178} INFO - Processing /home/airflow/.local/lib/python3.7/site-packages/airflow/example_dags/example_nested_branch_dag.py took 0.365 seconds
[2024-10-13T09:27:40.784+0000] {processor.py:156} INFO - Started process (PID=126) to work on /home/airflow/.local/lib/python3.7/site-packages/airflow/example_dags/example_nested_branch_dag.py
[2024-10-13T09:27:40.785+0000] {processor.py:799} INFO - Processing file /home/airflow/.local/lib/python3.7/site-packages/airflow/example_dags/example_nested_branch_dag.py for tasks to queue
[2024-10-13T09:27:40.786+0000] {logging_mixin.py:149} INFO - [2024-10-13T09:27:40.786+0000] {dagbag.py:541} INFO - Filling up the DagBag from /home/airflow/.local/lib/python3.7/site-packages/airflow/example_dags/example_nested_branch_dag.py
[2024-10-13T09:27:40.796+0000] {processor.py:809} INFO - DAG(s) dict_keys(['example_nested_branch_dag']) retrieved from /home/airflow/.local/lib/python3.7/site-packages/airflow/example_dags/example_nested_branch_dag.py
[2024-10-13T09:27:40.826+0000] {logging_mixin.py:149} INFO - [2024-10-13T09:27:40.825+0000] {dag.py:2726} INFO - Sync 1 DAGs
[2024-10-13T09:27:40.857+0000] {logging_mixin.py:149} INFO - [2024-10-13T09:27:40.857+0000] {dag.py:3490} INFO - Setting next_dagrun for example_nested_branch_dag to 2024-10-12T00:00:00+00:00, run_after=2024-10-13T00:00:00+00:00
[2024-10-13T09:27:40.877+0000] {processor.py:178} INFO - Processing /home/airflow/.local/lib/python3.7/site-packages/airflow/example_dags/example_nested_branch_dag.py took 0.096 seconds
[2024-10-13T09:28:11.131+0000] {processor.py:156} INFO - Started process (PID=187) to work on /home/airflow/.local/lib/python3.7/site-packages/airflow/example_dags/example_nested_branch_dag.py
[2024-10-13T09:28:11.131+0000] {processor.py:799} INFO - Processing file /home/airflow/.local/lib/python3.7/site-packages/airflow/example_dags/example_nested_branch_dag.py for tasks to queue
[2024-10-13T09:28:11.132+0000] {logging_mixin.py:149} INFO - [2024-10-13T09:28:11.132+0000] {dagbag.py:541} INFO - Filling up the DagBag from /home/airflow/.local/lib/python3.7/site-packages/airflow/example_dags/example_nested_branch_dag.py
[2024-10-13T09:28:11.144+0000] {processor.py:809} INFO - DAG(s) dict_keys(['example_nested_branch_dag']) retrieved from /home/airflow/.local/lib/python3.7/site-packages/airflow/example_dags/example_nested_branch_dag.py
[2024-10-13T09:28:11.187+0000] {logging_mixin.py:149} INFO - [2024-10-13T09:28:11.187+0000] {dag.py:2726} INFO - Sync 1 DAGs
[2024-10-13T09:28:11.221+0000] {logging_mixin.py:149} INFO - [2024-10-13T09:28:11.220+0000] {dag.py:3490} INFO - Setting next_dagrun for example_nested_branch_dag to 2024-10-12T00:00:00+00:00, run_after=2024-10-13T00:00:00+00:00
[2024-10-13T09:28:11.249+0000] {processor.py:178} INFO - Processing /home/airflow/.local/lib/python3.7/site-packages/airflow/example_dags/example_nested_branch_dag.py took 0.123 seconds
[2024-10-13T09:28:41.507+0000] {processor.py:156} INFO - Started process (PID=248) to work on /home/airflow/.local/lib/python3.7/site-packages/airflow/example_dags/example_nested_branch_dag.py
[2024-10-13T09:28:41.508+0000] {processor.py:799} INFO - Processing file /home/airflow/.local/lib/python3.7/site-packages/airflow/example_dags/example_nested_branch_dag.py for tasks to queue
[2024-10-13T09:28:41.509+0000] {logging_mixin.py:149} INFO - [2024-10-13T09:28:41.509+0000] {dagbag.py:541} INFO - Filling up the DagBag from /home/airflow/.local/lib/python3.7/site-packages/airflow/example_dags/example_nested_branch_dag.py
[2024-10-13T09:28:41.524+0000] {processor.py:809} INFO - DAG(s) dict_keys(['example_nested_branch_dag']) retrieved from /home/airflow/.local/lib/python3.7/site-packages/airflow/example_dags/example_nested_branch_dag.py
[2024-10-13T09:28:41.564+0000] {logging_mixin.py:149} INFO - [2024-10-13T09:28:41.564+0000] {dag.py:2726} INFO - Sync 1 DAGs
[2024-10-13T09:28:41.606+0000] {logging_mixin.py:149} INFO - [2024-10-13T09:28:41.606+0000] {dag.py:3490} INFO - Setting next_dagrun for example_nested_branch_dag to 2024-10-12T00:00:00+00:00, run_after=2024-10-13T00:00:00+00:00
[2024-10-13T09:28:41.631+0000] {processor.py:178} INFO - Processing /home/airflow/.local/lib/python3.7/site-packages/airflow/example_dags/example_nested_branch_dag.py took 0.130 seconds
[2024-10-13T09:29:11.822+0000] {processor.py:156} INFO - Started process (PID=309) to work on /home/airflow/.local/lib/python3.7/site-packages/airflow/example_dags/example_nested_branch_dag.py
[2024-10-13T09:29:11.823+0000] {processor.py:799} INFO - Processing file /home/airflow/.local/lib/python3.7/site-packages/airflow/example_dags/example_nested_branch_dag.py for tasks to queue
[2024-10-13T09:29:11.824+0000] {logging_mixin.py:149} INFO - [2024-10-13T09:29:11.823+0000] {dagbag.py:541} INFO - Filling up the DagBag from /home/airflow/.local/lib/python3.7/site-packages/airflow/example_dags/example_nested_branch_dag.py
[2024-10-13T09:29:11.836+0000] {processor.py:809} INFO - DAG(s) dict_keys(['example_nested_branch_dag']) retrieved from /home/airflow/.local/lib/python3.7/site-packages/airflow/example_dags/example_nested_branch_dag.py
[2024-10-13T09:29:11.874+0000] {logging_mixin.py:149} INFO - [2024-10-13T09:29:11.874+0000] {dag.py:2726} INFO - Sync 1 DAGs
[2024-10-13T09:29:11.920+0000] {logging_mixin.py:149} INFO - [2024-10-13T09:29:11.920+0000] {dag.py:3490} INFO - Setting next_dagrun for example_nested_branch_dag to 2024-10-12T00:00:00+00:00, run_after=2024-10-13T00:00:00+00:00
[2024-10-13T09:29:11.943+0000] {processor.py:178} INFO - Processing /home/airflow/.local/lib/python3.7/site-packages/airflow/example_dags/example_nested_branch_dag.py took 0.125 seconds
[2024-10-13T09:29:42.452+0000] {processor.py:156} INFO - Started process (PID=370) to work on /home/airflow/.local/lib/python3.7/site-packages/airflow/example_dags/example_nested_branch_dag.py
[2024-10-13T09:29:42.453+0000] {processor.py:799} INFO - Processing file /home/airflow/.local/lib/python3.7/site-packages/airflow/example_dags/example_nested_branch_dag.py for tasks to queue
[2024-10-13T09:29:42.453+0000] {logging_mixin.py:149} INFO - [2024-10-13T09:29:42.453+0000] {dagbag.py:541} INFO - Filling up the DagBag from /home/airflow/.local/lib/python3.7/site-packages/airflow/example_dags/example_nested_branch_dag.py
[2024-10-13T09:29:42.466+0000] {processor.py:809} INFO - DAG(s) dict_keys(['example_nested_branch_dag']) retrieved from /home/airflow/.local/lib/python3.7/site-packages/airflow/example_dags/example_nested_branch_dag.py
[2024-10-13T09:29:42.509+0000] {logging_mixin.py:149} INFO - [2024-10-13T09:29:42.508+0000] {dag.py:2726} INFO - Sync 1 DAGs
[2024-10-13T09:29:42.557+0000] {logging_mixin.py:149} INFO - [2024-10-13T09:29:42.557+0000] {dag.py:3490} INFO - Setting next_dagrun for example_nested_branch_dag to 2024-10-12T00:00:00+00:00, run_after=2024-10-13T00:00:00+00:00
[2024-10-13T09:29:42.579+0000] {processor.py:178} INFO - Processing /home/airflow/.local/lib/python3.7/site-packages/airflow/example_dags/example_nested_branch_dag.py took 0.131 seconds
[2024-10-13T09:30:12.642+0000] {processor.py:156} INFO - Started process (PID=431) to work on /home/airflow/.local/lib/python3.7/site-packages/airflow/example_dags/example_nested_branch_dag.py
[2024-10-13T09:30:12.642+0000] {processor.py:799} INFO - Processing file /home/airflow/.local/lib/python3.7/site-packages/airflow/example_dags/example_nested_branch_dag.py for tasks to queue
[2024-10-13T09:30:12.643+0000] {logging_mixin.py:149} INFO - [2024-10-13T09:30:12.643+0000] {dagbag.py:541} INFO - Filling up the DagBag from /home/airflow/.local/lib/python3.7/site-packages/airflow/example_dags/example_nested_branch_dag.py
[2024-10-13T09:30:12.654+0000] {processor.py:809} INFO - DAG(s) dict_keys(['example_nested_branch_dag']) retrieved from /home/airflow/.local/lib/python3.7/site-packages/airflow/example_dags/example_nested_branch_dag.py
[2024-10-13T09:30:12.682+0000] {logging_mixin.py:149} INFO - [2024-10-13T09:30:12.682+0000] {dag.py:2726} INFO - Sync 1 DAGs
[2024-10-13T09:30:12.712+0000] {logging_mixin.py:149} INFO - [2024-10-13T09:30:12.712+0000] {dag.py:3490} INFO - Setting next_dagrun for example_nested_branch_dag to 2024-10-12T00:00:00+00:00, run_after=2024-10-13T00:00:00+00:00
[2024-10-13T09:30:12.733+0000] {processor.py:178} INFO - Processing /home/airflow/.local/lib/python3.7/site-packages/airflow/example_dags/example_nested_branch_dag.py took 0.095 seconds
[2024-10-13T09:30:43.282+0000] {processor.py:156} INFO - Started process (PID=492) to work on /home/airflow/.local/lib/python3.7/site-packages/airflow/example_dags/example_nested_branch_dag.py
[2024-10-13T09:30:43.283+0000] {processor.py:799} INFO - Processing file /home/airflow/.local/lib/python3.7/site-packages/airflow/example_dags/example_nested_branch_dag.py for tasks to queue
[2024-10-13T09:30:43.284+0000] {logging_mixin.py:149} INFO - [2024-10-13T09:30:43.284+0000] {dagbag.py:541} INFO - Filling up the DagBag from /home/airflow/.local/lib/python3.7/site-packages/airflow/example_dags/example_nested_branch_dag.py
[2024-10-13T09:30:43.295+0000] {processor.py:809} INFO - DAG(s) dict_keys(['example_nested_branch_dag']) retrieved from /home/airflow/.local/lib/python3.7/site-packages/airflow/example_dags/example_nested_branch_dag.py
[2024-10-13T09:30:43.324+0000] {logging_mixin.py:149} INFO - [2024-10-13T09:30:43.324+0000] {dag.py:2726} INFO - Sync 1 DAGs
[2024-10-13T09:30:43.355+0000] {logging_mixin.py:149} INFO - [2024-10-13T09:30:43.355+0000] {dag.py:3490} INFO - Setting next_dagrun for example_nested_branch_dag to 2024-10-12T00:00:00+00:00, run_after=2024-10-13T00:00:00+00:00
[2024-10-13T09:30:43.385+0000] {processor.py:178} INFO - Processing /home/airflow/.local/lib/python3.7/site-packages/airflow/example_dags/example_nested_branch_dag.py took 0.107 seconds
[2024-10-13T09:31:13.926+0000] {processor.py:156} INFO - Started process (PID=553) to work on /home/airflow/.local/lib/python3.7/site-packages/airflow/example_dags/example_nested_branch_dag.py
[2024-10-13T09:31:13.928+0000] {processor.py:799} INFO - Processing file /home/airflow/.local/lib/python3.7/site-packages/airflow/example_dags/example_nested_branch_dag.py for tasks to queue
[2024-10-13T09:31:13.929+0000] {logging_mixin.py:149} INFO - [2024-10-13T09:31:13.929+0000] {dagbag.py:541} INFO - Filling up the DagBag from /home/airflow/.local/lib/python3.7/site-packages/airflow/example_dags/example_nested_branch_dag.py
[2024-10-13T09:31:13.944+0000] {processor.py:809} INFO - DAG(s) dict_keys(['example_nested_branch_dag']) retrieved from /home/airflow/.local/lib/python3.7/site-packages/airflow/example_dags/example_nested_branch_dag.py
[2024-10-13T09:31:13.994+0000] {logging_mixin.py:149} INFO - [2024-10-13T09:31:13.994+0000] {dag.py:2726} INFO - Sync 1 DAGs
[2024-10-13T09:31:14.051+0000] {logging_mixin.py:149} INFO - [2024-10-13T09:31:14.051+0000] {dag.py:3490} INFO - Setting next_dagrun for example_nested_branch_dag to 2024-10-12T00:00:00+00:00, run_after=2024-10-13T00:00:00+00:00
[2024-10-13T09:31:14.081+0000] {processor.py:178} INFO - Processing /home/airflow/.local/lib/python3.7/site-packages/airflow/example_dags/example_nested_branch_dag.py took 0.162 seconds
[2024-10-13T09:31:44.328+0000] {processor.py:156} INFO - Started process (PID=614) to work on /home/airflow/.local/lib/python3.7/site-packages/airflow/example_dags/example_nested_branch_dag.py
[2024-10-13T09:31:44.329+0000] {processor.py:799} INFO - Processing file /home/airflow/.local/lib/python3.7/site-packages/airflow/example_dags/example_nested_branch_dag.py for tasks to queue
[2024-10-13T09:31:44.330+0000] {logging_mixin.py:149} INFO - [2024-10-13T09:31:44.330+0000] {dagbag.py:541} INFO - Filling up the DagBag from /home/airflow/.local/lib/python3.7/site-packages/airflow/example_dags/example_nested_branch_dag.py
[2024-10-13T09:31:44.343+0000] {processor.py:809} INFO - DAG(s) dict_keys(['example_nested_branch_dag']) retrieved from /home/airflow/.local/lib/python3.7/site-packages/airflow/example_dags/example_nested_branch_dag.py
[2024-10-13T09:31:44.376+0000] {logging_mixin.py:149} INFO - [2024-10-13T09:31:44.376+0000] {dag.py:2726} INFO - Sync 1 DAGs
[2024-10-13T09:31:44.426+0000] {logging_mixin.py:149} INFO - [2024-10-13T09:31:44.426+0000] {dag.py:3490} INFO - Setting next_dagrun for example_nested_branch_dag to 2024-10-12T00:00:00+00:00, run_after=2024-10-13T00:00:00+00:00
[2024-10-13T09:31:44.449+0000] {processor.py:178} INFO - Processing /home/airflow/.local/lib/python3.7/site-packages/airflow/example_dags/example_nested_branch_dag.py took 0.125 seconds
[2024-10-13T09:32:14.746+0000] {processor.py:156} INFO - Started process (PID=675) to work on /home/airflow/.local/lib/python3.7/site-packages/airflow/example_dags/example_nested_branch_dag.py
[2024-10-13T09:32:14.747+0000] {processor.py:799} INFO - Processing file /home/airflow/.local/lib/python3.7/site-packages/airflow/example_dags/example_nested_branch_dag.py for tasks to queue
[2024-10-13T09:32:14.748+0000] {logging_mixin.py:149} INFO - [2024-10-13T09:32:14.748+0000] {dagbag.py:541} INFO - Filling up the DagBag from /home/airflow/.local/lib/python3.7/site-packages/airflow/example_dags/example_nested_branch_dag.py
[2024-10-13T09:32:14.760+0000] {processor.py:809} INFO - DAG(s) dict_keys(['example_nested_branch_dag']) retrieved from /home/airflow/.local/lib/python3.7/site-packages/airflow/example_dags/example_nested_branch_dag.py
[2024-10-13T09:32:14.790+0000] {logging_mixin.py:149} INFO - [2024-10-13T09:32:14.789+0000] {dag.py:2726} INFO - Sync 1 DAGs
[2024-10-13T09:32:14.818+0000] {logging_mixin.py:149} INFO - [2024-10-13T09:32:14.818+0000] {dag.py:3490} INFO - Setting next_dagrun for example_nested_branch_dag to 2024-10-12T00:00:00+00:00, run_after=2024-10-13T00:00:00+00:00
[2024-10-13T09:32:14.838+0000] {processor.py:178} INFO - Processing /home/airflow/.local/lib/python3.7/site-packages/airflow/example_dags/example_nested_branch_dag.py took 0.096 seconds
[2024-10-13T09:32:44.873+0000] {processor.py:156} INFO - Started process (PID=736) to work on /home/airflow/.local/lib/python3.7/site-packages/airflow/example_dags/example_nested_branch_dag.py
[2024-10-13T09:32:44.874+0000] {processor.py:799} INFO - Processing file /home/airflow/.local/lib/python3.7/site-packages/airflow/example_dags/example_nested_branch_dag.py for tasks to queue
[2024-10-13T09:32:44.875+0000] {logging_mixin.py:149} INFO - [2024-10-13T09:32:44.875+0000] {dagbag.py:541} INFO - Filling up the DagBag from /home/airflow/.local/lib/python3.7/site-packages/airflow/example_dags/example_nested_branch_dag.py
[2024-10-13T09:32:44.885+0000] {processor.py:809} INFO - DAG(s) dict_keys(['example_nested_branch_dag']) retrieved from /home/airflow/.local/lib/python3.7/site-packages/airflow/example_dags/example_nested_branch_dag.py
[2024-10-13T09:32:44.915+0000] {logging_mixin.py:149} INFO - [2024-10-13T09:32:44.915+0000] {dag.py:2726} INFO - Sync 1 DAGs
[2024-10-13T09:32:44.946+0000] {logging_mixin.py:149} INFO - [2024-10-13T09:32:44.945+0000] {dag.py:3490} INFO - Setting next_dagrun for example_nested_branch_dag to 2024-10-12T00:00:00+00:00, run_after=2024-10-13T00:00:00+00:00
[2024-10-13T09:32:44.964+0000] {processor.py:178} INFO - Processing /home/airflow/.local/lib/python3.7/site-packages/airflow/example_dags/example_nested_branch_dag.py took 0.095 seconds
[2024-10-13T09:33:15.672+0000] {processor.py:156} INFO - Started process (PID=797) to work on /home/airflow/.local/lib/python3.7/site-packages/airflow/example_dags/example_nested_branch_dag.py
[2024-10-13T09:33:15.673+0000] {processor.py:799} INFO - Processing file /home/airflow/.local/lib/python3.7/site-packages/airflow/example_dags/example_nested_branch_dag.py for tasks to queue
[2024-10-13T09:33:15.674+0000] {logging_mixin.py:149} INFO - [2024-10-13T09:33:15.674+0000] {dagbag.py:541} INFO - Filling up the DagBag from /home/airflow/.local/lib/python3.7/site-packages/airflow/example_dags/example_nested_branch_dag.py
[2024-10-13T09:33:15.697+0000] {processor.py:809} INFO - DAG(s) dict_keys(['example_nested_branch_dag']) retrieved from /home/airflow/.local/lib/python3.7/site-packages/airflow/example_dags/example_nested_branch_dag.py
[2024-10-13T09:33:15.753+0000] {logging_mixin.py:149} INFO - [2024-10-13T09:33:15.752+0000] {dag.py:2726} INFO - Sync 1 DAGs
[2024-10-13T09:33:15.816+0000] {logging_mixin.py:149} INFO - [2024-10-13T09:33:15.816+0000] {dag.py:3490} INFO - Setting next_dagrun for example_nested_branch_dag to 2024-10-12T00:00:00+00:00, run_after=2024-10-13T00:00:00+00:00
[2024-10-13T09:33:15.851+0000] {processor.py:178} INFO - Processing /home/airflow/.local/lib/python3.7/site-packages/airflow/example_dags/example_nested_branch_dag.py took 0.186 seconds
[2024-10-13T09:33:46.632+0000] {processor.py:156} INFO - Started process (PID=859) to work on /home/airflow/.local/lib/python3.7/site-packages/airflow/example_dags/example_nested_branch_dag.py
[2024-10-13T09:33:46.633+0000] {processor.py:799} INFO - Processing file /home/airflow/.local/lib/python3.7/site-packages/airflow/example_dags/example_nested_branch_dag.py for tasks to queue
[2024-10-13T09:33:46.634+0000] {logging_mixin.py:149} INFO - [2024-10-13T09:33:46.634+0000] {dagbag.py:541} INFO - Filling up the DagBag from /home/airflow/.local/lib/python3.7/site-packages/airflow/example_dags/example_nested_branch_dag.py
[2024-10-13T09:33:46.645+0000] {processor.py:809} INFO - DAG(s) dict_keys(['example_nested_branch_dag']) retrieved from /home/airflow/.local/lib/python3.7/site-packages/airflow/example_dags/example_nested_branch_dag.py
[2024-10-13T09:33:46.678+0000] {logging_mixin.py:149} INFO - [2024-10-13T09:33:46.677+0000] {dag.py:2726} INFO - Sync 1 DAGs
[2024-10-13T09:33:46.710+0000] {logging_mixin.py:149} INFO - [2024-10-13T09:33:46.710+0000] {dag.py:3490} INFO - Setting next_dagrun for example_nested_branch_dag to 2024-10-12T00:00:00+00:00, run_after=2024-10-13T00:00:00+00:00
[2024-10-13T09:33:46.732+0000] {processor.py:178} INFO - Processing /home/airflow/.local/lib/python3.7/site-packages/airflow/example_dags/example_nested_branch_dag.py took 0.104 seconds
[2024-10-13T09:34:17.273+0000] {processor.py:156} INFO - Started process (PID=920) to work on /home/airflow/.local/lib/python3.7/site-packages/airflow/example_dags/example_nested_branch_dag.py
[2024-10-13T09:34:17.274+0000] {processor.py:799} INFO - Processing file /home/airflow/.local/lib/python3.7/site-packages/airflow/example_dags/example_nested_branch_dag.py for tasks to queue
[2024-10-13T09:34:17.275+0000] {logging_mixin.py:149} INFO - [2024-10-13T09:34:17.275+0000] {dagbag.py:541} INFO - Filling up the DagBag from /home/airflow/.local/lib/python3.7/site-packages/airflow/example_dags/example_nested_branch_dag.py
[2024-10-13T09:34:17.287+0000] {processor.py:809} INFO - DAG(s) dict_keys(['example_nested_branch_dag']) retrieved from /home/airflow/.local/lib/python3.7/site-packages/airflow/example_dags/example_nested_branch_dag.py
[2024-10-13T09:34:17.317+0000] {logging_mixin.py:149} INFO - [2024-10-13T09:34:17.317+0000] {dag.py:2726} INFO - Sync 1 DAGs
[2024-10-13T09:34:17.348+0000] {logging_mixin.py:149} INFO - [2024-10-13T09:34:17.348+0000] {dag.py:3490} INFO - Setting next_dagrun for example_nested_branch_dag to 2024-10-12T00:00:00+00:00, run_after=2024-10-13T00:00:00+00:00
[2024-10-13T09:34:17.372+0000] {processor.py:178} INFO - Processing /home/airflow/.local/lib/python3.7/site-packages/airflow/example_dags/example_nested_branch_dag.py took 0.103 seconds
[2024-10-13T09:34:47.676+0000] {processor.py:156} INFO - Started process (PID=981) to work on /home/airflow/.local/lib/python3.7/site-packages/airflow/example_dags/example_nested_branch_dag.py
[2024-10-13T09:34:47.679+0000] {processor.py:799} INFO - Processing file /home/airflow/.local/lib/python3.7/site-packages/airflow/example_dags/example_nested_branch_dag.py for tasks to queue
[2024-10-13T09:34:47.680+0000] {logging_mixin.py:149} INFO - [2024-10-13T09:34:47.680+0000] {dagbag.py:541} INFO - Filling up the DagBag from /home/airflow/.local/lib/python3.7/site-packages/airflow/example_dags/example_nested_branch_dag.py
[2024-10-13T09:34:47.690+0000] {processor.py:809} INFO - DAG(s) dict_keys(['example_nested_branch_dag']) retrieved from /home/airflow/.local/lib/python3.7/site-packages/airflow/example_dags/example_nested_branch_dag.py
[2024-10-13T09:34:47.718+0000] {logging_mixin.py:149} INFO - [2024-10-13T09:34:47.718+0000] {dag.py:2726} INFO - Sync 1 DAGs
[2024-10-13T09:34:47.757+0000] {logging_mixin.py:149} INFO - [2024-10-13T09:34:47.757+0000] {dag.py:3490} INFO - Setting next_dagrun for example_nested_branch_dag to 2024-10-12T00:00:00+00:00, run_after=2024-10-13T00:00:00+00:00
[2024-10-13T09:34:47.790+0000] {processor.py:178} INFO - Processing /home/airflow/.local/lib/python3.7/site-packages/airflow/example_dags/example_nested_branch_dag.py took 0.118 seconds
[2024-10-13T09:35:18.220+0000] {processor.py:156} INFO - Started process (PID=1051) to work on /home/airflow/.local/lib/python3.7/site-packages/airflow/example_dags/example_nested_branch_dag.py
[2024-10-13T09:35:18.221+0000] {processor.py:799} INFO - Processing file /home/airflow/.local/lib/python3.7/site-packages/airflow/example_dags/example_nested_branch_dag.py for tasks to queue
[2024-10-13T09:35:18.222+0000] {logging_mixin.py:149} INFO - [2024-10-13T09:35:18.221+0000] {dagbag.py:541} INFO - Filling up the DagBag from /home/airflow/.local/lib/python3.7/site-packages/airflow/example_dags/example_nested_branch_dag.py
[2024-10-13T09:35:18.235+0000] {processor.py:809} INFO - DAG(s) dict_keys(['example_nested_branch_dag']) retrieved from /home/airflow/.local/lib/python3.7/site-packages/airflow/example_dags/example_nested_branch_dag.py
[2024-10-13T09:35:18.265+0000] {logging_mixin.py:149} INFO - [2024-10-13T09:35:18.265+0000] {dag.py:2726} INFO - Sync 1 DAGs
[2024-10-13T09:35:18.294+0000] {logging_mixin.py:149} INFO - [2024-10-13T09:35:18.294+0000] {dag.py:3490} INFO - Setting next_dagrun for example_nested_branch_dag to 2024-10-12T00:00:00+00:00, run_after=2024-10-13T00:00:00+00:00
[2024-10-13T09:35:18.313+0000] {processor.py:178} INFO - Processing /home/airflow/.local/lib/python3.7/site-packages/airflow/example_dags/example_nested_branch_dag.py took 0.097 seconds
[2024-10-13T09:35:48.413+0000] {processor.py:156} INFO - Started process (PID=1112) to work on /home/airflow/.local/lib/python3.7/site-packages/airflow/example_dags/example_nested_branch_dag.py
[2024-10-13T09:35:48.414+0000] {processor.py:799} INFO - Processing file /home/airflow/.local/lib/python3.7/site-packages/airflow/example_dags/example_nested_branch_dag.py for tasks to queue
[2024-10-13T09:35:48.415+0000] {logging_mixin.py:149} INFO - [2024-10-13T09:35:48.414+0000] {dagbag.py:541} INFO - Filling up the DagBag from /home/airflow/.local/lib/python3.7/site-packages/airflow/example_dags/example_nested_branch_dag.py
[2024-10-13T09:35:48.429+0000] {processor.py:809} INFO - DAG(s) dict_keys(['example_nested_branch_dag']) retrieved from /home/airflow/.local/lib/python3.7/site-packages/airflow/example_dags/example_nested_branch_dag.py
[2024-10-13T09:35:48.462+0000] {logging_mixin.py:149} INFO - [2024-10-13T09:35:48.462+0000] {dag.py:2726} INFO - Sync 1 DAGs
[2024-10-13T09:35:48.492+0000] {logging_mixin.py:149} INFO - [2024-10-13T09:35:48.492+0000] {dag.py:3490} INFO - Setting next_dagrun for example_nested_branch_dag to 2024-10-12T00:00:00+00:00, run_after=2024-10-13T00:00:00+00:00
[2024-10-13T09:35:48.512+0000] {processor.py:178} INFO - Processing /home/airflow/.local/lib/python3.7/site-packages/airflow/example_dags/example_nested_branch_dag.py took 0.104 seconds
[2024-10-13T09:36:19.008+0000] {processor.py:156} INFO - Started process (PID=1174) to work on /home/airflow/.local/lib/python3.7/site-packages/airflow/example_dags/example_nested_branch_dag.py
[2024-10-13T09:36:19.009+0000] {processor.py:799} INFO - Processing file /home/airflow/.local/lib/python3.7/site-packages/airflow/example_dags/example_nested_branch_dag.py for tasks to queue
[2024-10-13T09:36:19.010+0000] {logging_mixin.py:149} INFO - [2024-10-13T09:36:19.010+0000] {dagbag.py:541} INFO - Filling up the DagBag from /home/airflow/.local/lib/python3.7/site-packages/airflow/example_dags/example_nested_branch_dag.py
[2024-10-13T09:36:19.024+0000] {processor.py:809} INFO - DAG(s) dict_keys(['example_nested_branch_dag']) retrieved from /home/airflow/.local/lib/python3.7/site-packages/airflow/example_dags/example_nested_branch_dag.py
[2024-10-13T09:36:19.074+0000] {logging_mixin.py:149} INFO - [2024-10-13T09:36:19.073+0000] {dag.py:2726} INFO - Sync 1 DAGs
[2024-10-13T09:36:19.121+0000] {logging_mixin.py:149} INFO - [2024-10-13T09:36:19.121+0000] {dag.py:3490} INFO - Setting next_dagrun for example_nested_branch_dag to 2024-10-12T00:00:00+00:00, run_after=2024-10-13T00:00:00+00:00
[2024-10-13T09:36:19.143+0000] {processor.py:178} INFO - Processing /home/airflow/.local/lib/python3.7/site-packages/airflow/example_dags/example_nested_branch_dag.py took 0.138 seconds
[2024-10-13T09:36:49.355+0000] {processor.py:156} INFO - Started process (PID=1235) to work on /home/airflow/.local/lib/python3.7/site-packages/airflow/example_dags/example_nested_branch_dag.py
[2024-10-13T09:36:49.356+0000] {processor.py:799} INFO - Processing file /home/airflow/.local/lib/python3.7/site-packages/airflow/example_dags/example_nested_branch_dag.py for tasks to queue
[2024-10-13T09:36:49.357+0000] {logging_mixin.py:149} INFO - [2024-10-13T09:36:49.357+0000] {dagbag.py:541} INFO - Filling up the DagBag from /home/airflow/.local/lib/python3.7/site-packages/airflow/example_dags/example_nested_branch_dag.py
[2024-10-13T09:36:49.369+0000] {processor.py:809} INFO - DAG(s) dict_keys(['example_nested_branch_dag']) retrieved from /home/airflow/.local/lib/python3.7/site-packages/airflow/example_dags/example_nested_branch_dag.py
[2024-10-13T09:36:49.401+0000] {logging_mixin.py:149} INFO - [2024-10-13T09:36:49.400+0000] {dag.py:2726} INFO - Sync 1 DAGs
[2024-10-13T09:36:49.431+0000] {logging_mixin.py:149} INFO - [2024-10-13T09:36:49.431+0000] {dag.py:3490} INFO - Setting next_dagrun for example_nested_branch_dag to 2024-10-12T00:00:00+00:00, run_after=2024-10-13T00:00:00+00:00
[2024-10-13T09:36:49.469+0000] {processor.py:178} INFO - Processing /home/airflow/.local/lib/python3.7/site-packages/airflow/example_dags/example_nested_branch_dag.py took 0.118 seconds
[2024-10-13T09:37:19.494+0000] {processor.py:156} INFO - Started process (PID=1297) to work on /home/airflow/.local/lib/python3.7/site-packages/airflow/example_dags/example_nested_branch_dag.py
[2024-10-13T09:37:19.495+0000] {processor.py:799} INFO - Processing file /home/airflow/.local/lib/python3.7/site-packages/airflow/example_dags/example_nested_branch_dag.py for tasks to queue
[2024-10-13T09:37:19.496+0000] {logging_mixin.py:149} INFO - [2024-10-13T09:37:19.496+0000] {dagbag.py:541} INFO - Filling up the DagBag from /home/airflow/.local/lib/python3.7/site-packages/airflow/example_dags/example_nested_branch_dag.py
[2024-10-13T09:37:19.508+0000] {processor.py:809} INFO - DAG(s) dict_keys(['example_nested_branch_dag']) retrieved from /home/airflow/.local/lib/python3.7/site-packages/airflow/example_dags/example_nested_branch_dag.py
[2024-10-13T09:37:19.539+0000] {logging_mixin.py:149} INFO - [2024-10-13T09:37:19.539+0000] {dag.py:2726} INFO - Sync 1 DAGs
[2024-10-13T09:37:19.573+0000] {logging_mixin.py:149} INFO - [2024-10-13T09:37:19.573+0000] {dag.py:3490} INFO - Setting next_dagrun for example_nested_branch_dag to 2024-10-12T00:00:00+00:00, run_after=2024-10-13T00:00:00+00:00
[2024-10-13T09:37:19.594+0000] {processor.py:178} INFO - Processing /home/airflow/.local/lib/python3.7/site-packages/airflow/example_dags/example_nested_branch_dag.py took 0.103 seconds
[2024-10-13T09:37:50.210+0000] {processor.py:156} INFO - Started process (PID=1357) to work on /home/airflow/.local/lib/python3.7/site-packages/airflow/example_dags/example_nested_branch_dag.py
[2024-10-13T09:37:50.211+0000] {processor.py:799} INFO - Processing file /home/airflow/.local/lib/python3.7/site-packages/airflow/example_dags/example_nested_branch_dag.py for tasks to queue
[2024-10-13T09:37:50.212+0000] {logging_mixin.py:149} INFO - [2024-10-13T09:37:50.212+0000] {dagbag.py:541} INFO - Filling up the DagBag from /home/airflow/.local/lib/python3.7/site-packages/airflow/example_dags/example_nested_branch_dag.py
[2024-10-13T09:37:50.229+0000] {processor.py:809} INFO - DAG(s) dict_keys(['example_nested_branch_dag']) retrieved from /home/airflow/.local/lib/python3.7/site-packages/airflow/example_dags/example_nested_branch_dag.py
[2024-10-13T09:37:50.279+0000] {logging_mixin.py:149} INFO - [2024-10-13T09:37:50.279+0000] {dag.py:2726} INFO - Sync 1 DAGs
[2024-10-13T09:37:50.312+0000] {logging_mixin.py:149} INFO - [2024-10-13T09:37:50.312+0000] {dag.py:3490} INFO - Setting next_dagrun for example_nested_branch_dag to 2024-10-12T00:00:00+00:00, run_after=2024-10-13T00:00:00+00:00
[2024-10-13T09:37:50.335+0000] {processor.py:178} INFO - Processing /home/airflow/.local/lib/python3.7/site-packages/airflow/example_dags/example_nested_branch_dag.py took 0.130 seconds
[2024-10-13T09:38:20.923+0000] {processor.py:156} INFO - Started process (PID=1418) to work on /home/airflow/.local/lib/python3.7/site-packages/airflow/example_dags/example_nested_branch_dag.py
[2024-10-13T09:38:20.924+0000] {processor.py:799} INFO - Processing file /home/airflow/.local/lib/python3.7/site-packages/airflow/example_dags/example_nested_branch_dag.py for tasks to queue
[2024-10-13T09:38:20.925+0000] {logging_mixin.py:149} INFO - [2024-10-13T09:38:20.925+0000] {dagbag.py:541} INFO - Filling up the DagBag from /home/airflow/.local/lib/python3.7/site-packages/airflow/example_dags/example_nested_branch_dag.py
[2024-10-13T09:38:20.936+0000] {processor.py:809} INFO - DAG(s) dict_keys(['example_nested_branch_dag']) retrieved from /home/airflow/.local/lib/python3.7/site-packages/airflow/example_dags/example_nested_branch_dag.py
[2024-10-13T09:38:20.969+0000] {logging_mixin.py:149} INFO - [2024-10-13T09:38:20.969+0000] {dag.py:2726} INFO - Sync 1 DAGs
[2024-10-13T09:38:21.006+0000] {logging_mixin.py:149} INFO - [2024-10-13T09:38:21.006+0000] {dag.py:3490} INFO - Setting next_dagrun for example_nested_branch_dag to 2024-10-12T00:00:00+00:00, run_after=2024-10-13T00:00:00+00:00
[2024-10-13T09:38:21.029+0000] {processor.py:178} INFO - Processing /home/airflow/.local/lib/python3.7/site-packages/airflow/example_dags/example_nested_branch_dag.py took 0.110 seconds
[2024-10-13T09:38:51.623+0000] {processor.py:156} INFO - Started process (PID=1479) to work on /home/airflow/.local/lib/python3.7/site-packages/airflow/example_dags/example_nested_branch_dag.py
[2024-10-13T09:38:51.624+0000] {processor.py:799} INFO - Processing file /home/airflow/.local/lib/python3.7/site-packages/airflow/example_dags/example_nested_branch_dag.py for tasks to queue
[2024-10-13T09:38:51.625+0000] {logging_mixin.py:149} INFO - [2024-10-13T09:38:51.625+0000] {dagbag.py:541} INFO - Filling up the DagBag from /home/airflow/.local/lib/python3.7/site-packages/airflow/example_dags/example_nested_branch_dag.py
[2024-10-13T09:38:51.636+0000] {processor.py:809} INFO - DAG(s) dict_keys(['example_nested_branch_dag']) retrieved from /home/airflow/.local/lib/python3.7/site-packages/airflow/example_dags/example_nested_branch_dag.py
[2024-10-13T09:38:51.668+0000] {logging_mixin.py:149} INFO - [2024-10-13T09:38:51.668+0000] {dag.py:2726} INFO - Sync 1 DAGs
[2024-10-13T09:38:51.698+0000] {logging_mixin.py:149} INFO - [2024-10-13T09:38:51.697+0000] {dag.py:3490} INFO - Setting next_dagrun for example_nested_branch_dag to 2024-10-12T00:00:00+00:00, run_after=2024-10-13T00:00:00+00:00
[2024-10-13T09:38:51.716+0000] {processor.py:178} INFO - Processing /home/airflow/.local/lib/python3.7/site-packages/airflow/example_dags/example_nested_branch_dag.py took 0.097 seconds
[2024-10-13T09:39:22.160+0000] {processor.py:156} INFO - Started process (PID=1540) to work on /home/airflow/.local/lib/python3.7/site-packages/airflow/example_dags/example_nested_branch_dag.py
[2024-10-13T09:39:22.160+0000] {processor.py:799} INFO - Processing file /home/airflow/.local/lib/python3.7/site-packages/airflow/example_dags/example_nested_branch_dag.py for tasks to queue
[2024-10-13T09:39:22.161+0000] {logging_mixin.py:149} INFO - [2024-10-13T09:39:22.161+0000] {dagbag.py:541} INFO - Filling up the DagBag from /home/airflow/.local/lib/python3.7/site-packages/airflow/example_dags/example_nested_branch_dag.py
[2024-10-13T09:39:22.174+0000] {processor.py:809} INFO - DAG(s) dict_keys(['example_nested_branch_dag']) retrieved from /home/airflow/.local/lib/python3.7/site-packages/airflow/example_dags/example_nested_branch_dag.py
[2024-10-13T09:39:22.208+0000] {logging_mixin.py:149} INFO - [2024-10-13T09:39:22.208+0000] {dag.py:2726} INFO - Sync 1 DAGs
[2024-10-13T09:39:22.247+0000] {logging_mixin.py:149} INFO - [2024-10-13T09:39:22.247+0000] {dag.py:3490} INFO - Setting next_dagrun for example_nested_branch_dag to 2024-10-12T00:00:00+00:00, run_after=2024-10-13T00:00:00+00:00
[2024-10-13T09:39:22.272+0000] {processor.py:178} INFO - Processing /home/airflow/.local/lib/python3.7/site-packages/airflow/example_dags/example_nested_branch_dag.py took 0.116 seconds
[2024-10-13T09:39:52.596+0000] {processor.py:156} INFO - Started process (PID=1601) to work on /home/airflow/.local/lib/python3.7/site-packages/airflow/example_dags/example_nested_branch_dag.py
[2024-10-13T09:39:52.597+0000] {processor.py:799} INFO - Processing file /home/airflow/.local/lib/python3.7/site-packages/airflow/example_dags/example_nested_branch_dag.py for tasks to queue
[2024-10-13T09:39:52.598+0000] {logging_mixin.py:149} INFO - [2024-10-13T09:39:52.598+0000] {dagbag.py:541} INFO - Filling up the DagBag from /home/airflow/.local/lib/python3.7/site-packages/airflow/example_dags/example_nested_branch_dag.py
[2024-10-13T09:39:52.609+0000] {processor.py:809} INFO - DAG(s) dict_keys(['example_nested_branch_dag']) retrieved from /home/airflow/.local/lib/python3.7/site-packages/airflow/example_dags/example_nested_branch_dag.py
[2024-10-13T09:39:52.639+0000] {logging_mixin.py:149} INFO - [2024-10-13T09:39:52.638+0000] {dag.py:2726} INFO - Sync 1 DAGs
[2024-10-13T09:39:52.667+0000] {logging_mixin.py:149} INFO - [2024-10-13T09:39:52.667+0000] {dag.py:3490} INFO - Setting next_dagrun for example_nested_branch_dag to 2024-10-12T00:00:00+00:00, run_after=2024-10-13T00:00:00+00:00
[2024-10-13T09:39:52.688+0000] {processor.py:178} INFO - Processing /home/airflow/.local/lib/python3.7/site-packages/airflow/example_dags/example_nested_branch_dag.py took 0.097 seconds
[2024-10-13T09:40:22.933+0000] {processor.py:156} INFO - Started process (PID=1662) to work on /home/airflow/.local/lib/python3.7/site-packages/airflow/example_dags/example_nested_branch_dag.py
[2024-10-13T09:40:22.934+0000] {processor.py:799} INFO - Processing file /home/airflow/.local/lib/python3.7/site-packages/airflow/example_dags/example_nested_branch_dag.py for tasks to queue
[2024-10-13T09:40:22.935+0000] {logging_mixin.py:149} INFO - [2024-10-13T09:40:22.934+0000] {dagbag.py:541} INFO - Filling up the DagBag from /home/airflow/.local/lib/python3.7/site-packages/airflow/example_dags/example_nested_branch_dag.py
[2024-10-13T09:40:22.945+0000] {processor.py:809} INFO - DAG(s) dict_keys(['example_nested_branch_dag']) retrieved from /home/airflow/.local/lib/python3.7/site-packages/airflow/example_dags/example_nested_branch_dag.py
[2024-10-13T09:40:22.974+0000] {logging_mixin.py:149} INFO - [2024-10-13T09:40:22.973+0000] {dag.py:2726} INFO - Sync 1 DAGs
[2024-10-13T09:40:23.002+0000] {logging_mixin.py:149} INFO - [2024-10-13T09:40:23.002+0000] {dag.py:3490} INFO - Setting next_dagrun for example_nested_branch_dag to 2024-10-12T00:00:00+00:00, run_after=2024-10-13T00:00:00+00:00
[2024-10-13T09:40:23.021+0000] {processor.py:178} INFO - Processing /home/airflow/.local/lib/python3.7/site-packages/airflow/example_dags/example_nested_branch_dag.py took 0.091 seconds
[2024-10-13T09:40:53.374+0000] {processor.py:156} INFO - Started process (PID=1723) to work on /home/airflow/.local/lib/python3.7/site-packages/airflow/example_dags/example_nested_branch_dag.py
[2024-10-13T09:40:53.375+0000] {processor.py:799} INFO - Processing file /home/airflow/.local/lib/python3.7/site-packages/airflow/example_dags/example_nested_branch_dag.py for tasks to queue
[2024-10-13T09:40:53.375+0000] {logging_mixin.py:149} INFO - [2024-10-13T09:40:53.375+0000] {dagbag.py:541} INFO - Filling up the DagBag from /home/airflow/.local/lib/python3.7/site-packages/airflow/example_dags/example_nested_branch_dag.py
[2024-10-13T09:40:53.386+0000] {processor.py:809} INFO - DAG(s) dict_keys(['example_nested_branch_dag']) retrieved from /home/airflow/.local/lib/python3.7/site-packages/airflow/example_dags/example_nested_branch_dag.py
[2024-10-13T09:40:53.414+0000] {logging_mixin.py:149} INFO - [2024-10-13T09:40:53.413+0000] {dag.py:2726} INFO - Sync 1 DAGs
[2024-10-13T09:40:53.443+0000] {logging_mixin.py:149} INFO - [2024-10-13T09:40:53.443+0000] {dag.py:3490} INFO - Setting next_dagrun for example_nested_branch_dag to 2024-10-12T00:00:00+00:00, run_after=2024-10-13T00:00:00+00:00
[2024-10-13T09:40:53.463+0000] {processor.py:178} INFO - Processing /home/airflow/.local/lib/python3.7/site-packages/airflow/example_dags/example_nested_branch_dag.py took 0.092 seconds
[2024-10-13T09:41:23.793+0000] {processor.py:156} INFO - Started process (PID=1784) to work on /home/airflow/.local/lib/python3.7/site-packages/airflow/example_dags/example_nested_branch_dag.py
[2024-10-13T09:41:23.794+0000] {processor.py:799} INFO - Processing file /home/airflow/.local/lib/python3.7/site-packages/airflow/example_dags/example_nested_branch_dag.py for tasks to queue
[2024-10-13T09:41:23.795+0000] {logging_mixin.py:149} INFO - [2024-10-13T09:41:23.795+0000] {dagbag.py:541} INFO - Filling up the DagBag from /home/airflow/.local/lib/python3.7/site-packages/airflow/example_dags/example_nested_branch_dag.py
[2024-10-13T09:41:23.804+0000] {processor.py:809} INFO - DAG(s) dict_keys(['example_nested_branch_dag']) retrieved from /home/airflow/.local/lib/python3.7/site-packages/airflow/example_dags/example_nested_branch_dag.py
[2024-10-13T09:41:23.830+0000] {logging_mixin.py:149} INFO - [2024-10-13T09:41:23.830+0000] {dag.py:2726} INFO - Sync 1 DAGs
[2024-10-13T09:41:23.857+0000] {logging_mixin.py:149} INFO - [2024-10-13T09:41:23.857+0000] {dag.py:3490} INFO - Setting next_dagrun for example_nested_branch_dag to 2024-10-12T00:00:00+00:00, run_after=2024-10-13T00:00:00+00:00
[2024-10-13T09:41:23.879+0000] {processor.py:178} INFO - Processing /home/airflow/.local/lib/python3.7/site-packages/airflow/example_dags/example_nested_branch_dag.py took 0.089 seconds
[2024-10-13T09:41:54.399+0000] {processor.py:156} INFO - Started process (PID=1845) to work on /home/airflow/.local/lib/python3.7/site-packages/airflow/example_dags/example_nested_branch_dag.py
[2024-10-13T09:41:54.400+0000] {processor.py:799} INFO - Processing file /home/airflow/.local/lib/python3.7/site-packages/airflow/example_dags/example_nested_branch_dag.py for tasks to queue
[2024-10-13T09:41:54.401+0000] {logging_mixin.py:149} INFO - [2024-10-13T09:41:54.401+0000] {dagbag.py:541} INFO - Filling up the DagBag from /home/airflow/.local/lib/python3.7/site-packages/airflow/example_dags/example_nested_branch_dag.py
[2024-10-13T09:41:54.411+0000] {processor.py:809} INFO - DAG(s) dict_keys(['example_nested_branch_dag']) retrieved from /home/airflow/.local/lib/python3.7/site-packages/airflow/example_dags/example_nested_branch_dag.py
[2024-10-13T09:41:54.439+0000] {logging_mixin.py:149} INFO - [2024-10-13T09:41:54.439+0000] {dag.py:2726} INFO - Sync 1 DAGs
[2024-10-13T09:41:54.471+0000] {logging_mixin.py:149} INFO - [2024-10-13T09:41:54.471+0000] {dag.py:3490} INFO - Setting next_dagrun for example_nested_branch_dag to 2024-10-12T00:00:00+00:00, run_after=2024-10-13T00:00:00+00:00
[2024-10-13T09:41:54.491+0000] {processor.py:178} INFO - Processing /home/airflow/.local/lib/python3.7/site-packages/airflow/example_dags/example_nested_branch_dag.py took 0.095 seconds
[2024-10-13T09:42:24.894+0000] {processor.py:156} INFO - Started process (PID=1906) to work on /home/airflow/.local/lib/python3.7/site-packages/airflow/example_dags/example_nested_branch_dag.py
[2024-10-13T09:42:24.895+0000] {processor.py:799} INFO - Processing file /home/airflow/.local/lib/python3.7/site-packages/airflow/example_dags/example_nested_branch_dag.py for tasks to queue
[2024-10-13T09:42:24.895+0000] {logging_mixin.py:149} INFO - [2024-10-13T09:42:24.895+0000] {dagbag.py:541} INFO - Filling up the DagBag from /home/airflow/.local/lib/python3.7/site-packages/airflow/example_dags/example_nested_branch_dag.py
[2024-10-13T09:42:24.905+0000] {processor.py:809} INFO - DAG(s) dict_keys(['example_nested_branch_dag']) retrieved from /home/airflow/.local/lib/python3.7/site-packages/airflow/example_dags/example_nested_branch_dag.py
[2024-10-13T09:42:24.933+0000] {logging_mixin.py:149} INFO - [2024-10-13T09:42:24.933+0000] {dag.py:2726} INFO - Sync 1 DAGs
[2024-10-13T09:42:24.961+0000] {logging_mixin.py:149} INFO - [2024-10-13T09:42:24.961+0000] {dag.py:3490} INFO - Setting next_dagrun for example_nested_branch_dag to 2024-10-12T00:00:00+00:00, run_after=2024-10-13T00:00:00+00:00
[2024-10-13T09:42:24.979+0000] {processor.py:178} INFO - Processing /home/airflow/.local/lib/python3.7/site-packages/airflow/example_dags/example_nested_branch_dag.py took 0.089 seconds
[2024-10-13T09:42:55.115+0000] {processor.py:156} INFO - Started process (PID=1967) to work on /home/airflow/.local/lib/python3.7/site-packages/airflow/example_dags/example_nested_branch_dag.py
[2024-10-13T09:42:55.116+0000] {processor.py:799} INFO - Processing file /home/airflow/.local/lib/python3.7/site-packages/airflow/example_dags/example_nested_branch_dag.py for tasks to queue
[2024-10-13T09:42:55.117+0000] {logging_mixin.py:149} INFO - [2024-10-13T09:42:55.116+0000] {dagbag.py:541} INFO - Filling up the DagBag from /home/airflow/.local/lib/python3.7/site-packages/airflow/example_dags/example_nested_branch_dag.py
[2024-10-13T09:42:55.127+0000] {processor.py:809} INFO - DAG(s) dict_keys(['example_nested_branch_dag']) retrieved from /home/airflow/.local/lib/python3.7/site-packages/airflow/example_dags/example_nested_branch_dag.py
[2024-10-13T09:42:55.154+0000] {logging_mixin.py:149} INFO - [2024-10-13T09:42:55.154+0000] {dag.py:2726} INFO - Sync 1 DAGs
[2024-10-13T09:42:55.187+0000] {logging_mixin.py:149} INFO - [2024-10-13T09:42:55.187+0000] {dag.py:3490} INFO - Setting next_dagrun for example_nested_branch_dag to 2024-10-12T00:00:00+00:00, run_after=2024-10-13T00:00:00+00:00
[2024-10-13T09:42:55.211+0000] {processor.py:178} INFO - Processing /home/airflow/.local/lib/python3.7/site-packages/airflow/example_dags/example_nested_branch_dag.py took 0.100 seconds
[2024-10-13T09:43:25.437+0000] {processor.py:156} INFO - Started process (PID=2028) to work on /home/airflow/.local/lib/python3.7/site-packages/airflow/example_dags/example_nested_branch_dag.py
[2024-10-13T09:43:25.438+0000] {processor.py:799} INFO - Processing file /home/airflow/.local/lib/python3.7/site-packages/airflow/example_dags/example_nested_branch_dag.py for tasks to queue
[2024-10-13T09:43:25.439+0000] {logging_mixin.py:149} INFO - [2024-10-13T09:43:25.439+0000] {dagbag.py:541} INFO - Filling up the DagBag from /home/airflow/.local/lib/python3.7/site-packages/airflow/example_dags/example_nested_branch_dag.py
[2024-10-13T09:43:25.449+0000] {processor.py:809} INFO - DAG(s) dict_keys(['example_nested_branch_dag']) retrieved from /home/airflow/.local/lib/python3.7/site-packages/airflow/example_dags/example_nested_branch_dag.py
[2024-10-13T09:43:25.475+0000] {logging_mixin.py:149} INFO - [2024-10-13T09:43:25.475+0000] {dag.py:2726} INFO - Sync 1 DAGs
[2024-10-13T09:43:25.501+0000] {logging_mixin.py:149} INFO - [2024-10-13T09:43:25.501+0000] {dag.py:3490} INFO - Setting next_dagrun for example_nested_branch_dag to 2024-10-12T00:00:00+00:00, run_after=2024-10-13T00:00:00+00:00
[2024-10-13T09:43:25.518+0000] {processor.py:178} INFO - Processing /home/airflow/.local/lib/python3.7/site-packages/airflow/example_dags/example_nested_branch_dag.py took 0.084 seconds
[2024-10-13T09:43:55.772+0000] {processor.py:156} INFO - Started process (PID=2089) to work on /home/airflow/.local/lib/python3.7/site-packages/airflow/example_dags/example_nested_branch_dag.py
[2024-10-13T09:43:55.773+0000] {processor.py:799} INFO - Processing file /home/airflow/.local/lib/python3.7/site-packages/airflow/example_dags/example_nested_branch_dag.py for tasks to queue
[2024-10-13T09:43:55.774+0000] {logging_mixin.py:149} INFO - [2024-10-13T09:43:55.773+0000] {dagbag.py:541} INFO - Filling up the DagBag from /home/airflow/.local/lib/python3.7/site-packages/airflow/example_dags/example_nested_branch_dag.py
[2024-10-13T09:43:55.784+0000] {processor.py:809} INFO - DAG(s) dict_keys(['example_nested_branch_dag']) retrieved from /home/airflow/.local/lib/python3.7/site-packages/airflow/example_dags/example_nested_branch_dag.py
[2024-10-13T09:43:55.814+0000] {logging_mixin.py:149} INFO - [2024-10-13T09:43:55.814+0000] {dag.py:2726} INFO - Sync 1 DAGs
[2024-10-13T09:43:55.843+0000] {logging_mixin.py:149} INFO - [2024-10-13T09:43:55.842+0000] {dag.py:3490} INFO - Setting next_dagrun for example_nested_branch_dag to 2024-10-12T00:00:00+00:00, run_after=2024-10-13T00:00:00+00:00
[2024-10-13T09:43:55.860+0000] {processor.py:178} INFO - Processing /home/airflow/.local/lib/python3.7/site-packages/airflow/example_dags/example_nested_branch_dag.py took 0.092 seconds
[2024-10-13T09:44:26.147+0000] {processor.py:156} INFO - Started process (PID=2150) to work on /home/airflow/.local/lib/python3.7/site-packages/airflow/example_dags/example_nested_branch_dag.py
[2024-10-13T09:44:26.147+0000] {processor.py:799} INFO - Processing file /home/airflow/.local/lib/python3.7/site-packages/airflow/example_dags/example_nested_branch_dag.py for tasks to queue
[2024-10-13T09:44:26.148+0000] {logging_mixin.py:149} INFO - [2024-10-13T09:44:26.148+0000] {dagbag.py:541} INFO - Filling up the DagBag from /home/airflow/.local/lib/python3.7/site-packages/airflow/example_dags/example_nested_branch_dag.py
[2024-10-13T09:44:26.158+0000] {processor.py:809} INFO - DAG(s) dict_keys(['example_nested_branch_dag']) retrieved from /home/airflow/.local/lib/python3.7/site-packages/airflow/example_dags/example_nested_branch_dag.py
[2024-10-13T09:44:26.188+0000] {logging_mixin.py:149} INFO - [2024-10-13T09:44:26.188+0000] {dag.py:2726} INFO - Sync 1 DAGs
[2024-10-13T09:44:26.219+0000] {logging_mixin.py:149} INFO - [2024-10-13T09:44:26.219+0000] {dag.py:3490} INFO - Setting next_dagrun for example_nested_branch_dag to 2024-10-12T00:00:00+00:00, run_after=2024-10-13T00:00:00+00:00
[2024-10-13T09:44:26.239+0000] {processor.py:178} INFO - Processing /home/airflow/.local/lib/python3.7/site-packages/airflow/example_dags/example_nested_branch_dag.py took 0.097 seconds
[2024-10-13T09:44:56.525+0000] {processor.py:156} INFO - Started process (PID=2211) to work on /home/airflow/.local/lib/python3.7/site-packages/airflow/example_dags/example_nested_branch_dag.py
[2024-10-13T09:44:56.526+0000] {processor.py:799} INFO - Processing file /home/airflow/.local/lib/python3.7/site-packages/airflow/example_dags/example_nested_branch_dag.py for tasks to queue
[2024-10-13T09:44:56.526+0000] {logging_mixin.py:149} INFO - [2024-10-13T09:44:56.526+0000] {dagbag.py:541} INFO - Filling up the DagBag from /home/airflow/.local/lib/python3.7/site-packages/airflow/example_dags/example_nested_branch_dag.py
[2024-10-13T09:44:56.536+0000] {processor.py:809} INFO - DAG(s) dict_keys(['example_nested_branch_dag']) retrieved from /home/airflow/.local/lib/python3.7/site-packages/airflow/example_dags/example_nested_branch_dag.py
[2024-10-13T09:44:56.564+0000] {logging_mixin.py:149} INFO - [2024-10-13T09:44:56.564+0000] {dag.py:2726} INFO - Sync 1 DAGs
[2024-10-13T09:44:56.594+0000] {logging_mixin.py:149} INFO - [2024-10-13T09:44:56.594+0000] {dag.py:3490} INFO - Setting next_dagrun for example_nested_branch_dag to 2024-10-12T00:00:00+00:00, run_after=2024-10-13T00:00:00+00:00
[2024-10-13T09:44:56.614+0000] {processor.py:178} INFO - Processing /home/airflow/.local/lib/python3.7/site-packages/airflow/example_dags/example_nested_branch_dag.py took 0.093 seconds
[2024-10-13T09:45:26.975+0000] {processor.py:156} INFO - Started process (PID=2272) to work on /home/airflow/.local/lib/python3.7/site-packages/airflow/example_dags/example_nested_branch_dag.py
[2024-10-13T09:45:26.976+0000] {processor.py:799} INFO - Processing file /home/airflow/.local/lib/python3.7/site-packages/airflow/example_dags/example_nested_branch_dag.py for tasks to queue
[2024-10-13T09:45:26.977+0000] {logging_mixin.py:149} INFO - [2024-10-13T09:45:26.977+0000] {dagbag.py:541} INFO - Filling up the DagBag from /home/airflow/.local/lib/python3.7/site-packages/airflow/example_dags/example_nested_branch_dag.py
[2024-10-13T09:45:26.988+0000] {processor.py:809} INFO - DAG(s) dict_keys(['example_nested_branch_dag']) retrieved from /home/airflow/.local/lib/python3.7/site-packages/airflow/example_dags/example_nested_branch_dag.py
[2024-10-13T09:45:27.019+0000] {logging_mixin.py:149} INFO - [2024-10-13T09:45:27.019+0000] {dag.py:2726} INFO - Sync 1 DAGs
[2024-10-13T09:45:27.061+0000] {logging_mixin.py:149} INFO - [2024-10-13T09:45:27.061+0000] {dag.py:3490} INFO - Setting next_dagrun for example_nested_branch_dag to 2024-10-12T00:00:00+00:00, run_after=2024-10-13T00:00:00+00:00
[2024-10-13T09:45:27.082+0000] {processor.py:178} INFO - Processing /home/airflow/.local/lib/python3.7/site-packages/airflow/example_dags/example_nested_branch_dag.py took 0.111 seconds
[2024-10-13T09:45:57.186+0000] {processor.py:156} INFO - Started process (PID=2334) to work on /home/airflow/.local/lib/python3.7/site-packages/airflow/example_dags/example_nested_branch_dag.py
[2024-10-13T09:45:57.186+0000] {processor.py:799} INFO - Processing file /home/airflow/.local/lib/python3.7/site-packages/airflow/example_dags/example_nested_branch_dag.py for tasks to queue
[2024-10-13T09:45:57.187+0000] {logging_mixin.py:149} INFO - [2024-10-13T09:45:57.187+0000] {dagbag.py:541} INFO - Filling up the DagBag from /home/airflow/.local/lib/python3.7/site-packages/airflow/example_dags/example_nested_branch_dag.py
[2024-10-13T09:45:57.198+0000] {processor.py:809} INFO - DAG(s) dict_keys(['example_nested_branch_dag']) retrieved from /home/airflow/.local/lib/python3.7/site-packages/airflow/example_dags/example_nested_branch_dag.py
[2024-10-13T09:45:57.226+0000] {logging_mixin.py:149} INFO - [2024-10-13T09:45:57.225+0000] {dag.py:2726} INFO - Sync 1 DAGs
[2024-10-13T09:45:57.257+0000] {logging_mixin.py:149} INFO - [2024-10-13T09:45:57.256+0000] {dag.py:3490} INFO - Setting next_dagrun for example_nested_branch_dag to 2024-10-12T00:00:00+00:00, run_after=2024-10-13T00:00:00+00:00
[2024-10-13T09:45:57.300+0000] {processor.py:178} INFO - Processing /home/airflow/.local/lib/python3.7/site-packages/airflow/example_dags/example_nested_branch_dag.py took 0.118 seconds
[2024-10-13T09:46:27.555+0000] {processor.py:156} INFO - Started process (PID=2395) to work on /home/airflow/.local/lib/python3.7/site-packages/airflow/example_dags/example_nested_branch_dag.py
[2024-10-13T09:46:27.556+0000] {processor.py:799} INFO - Processing file /home/airflow/.local/lib/python3.7/site-packages/airflow/example_dags/example_nested_branch_dag.py for tasks to queue
[2024-10-13T09:46:27.557+0000] {logging_mixin.py:149} INFO - [2024-10-13T09:46:27.557+0000] {dagbag.py:541} INFO - Filling up the DagBag from /home/airflow/.local/lib/python3.7/site-packages/airflow/example_dags/example_nested_branch_dag.py
[2024-10-13T09:46:27.567+0000] {processor.py:809} INFO - DAG(s) dict_keys(['example_nested_branch_dag']) retrieved from /home/airflow/.local/lib/python3.7/site-packages/airflow/example_dags/example_nested_branch_dag.py
[2024-10-13T09:46:27.595+0000] {logging_mixin.py:149} INFO - [2024-10-13T09:46:27.595+0000] {dag.py:2726} INFO - Sync 1 DAGs
[2024-10-13T09:46:27.622+0000] {logging_mixin.py:149} INFO - [2024-10-13T09:46:27.622+0000] {dag.py:3490} INFO - Setting next_dagrun for example_nested_branch_dag to 2024-10-12T00:00:00+00:00, run_after=2024-10-13T00:00:00+00:00
[2024-10-13T09:46:27.640+0000] {processor.py:178} INFO - Processing /home/airflow/.local/lib/python3.7/site-packages/airflow/example_dags/example_nested_branch_dag.py took 0.089 seconds
[2024-10-13T09:46:58.128+0000] {processor.py:156} INFO - Started process (PID=2455) to work on /home/airflow/.local/lib/python3.7/site-packages/airflow/example_dags/example_nested_branch_dag.py
[2024-10-13T09:46:58.129+0000] {processor.py:799} INFO - Processing file /home/airflow/.local/lib/python3.7/site-packages/airflow/example_dags/example_nested_branch_dag.py for tasks to queue
[2024-10-13T09:46:58.129+0000] {logging_mixin.py:149} INFO - [2024-10-13T09:46:58.129+0000] {dagbag.py:541} INFO - Filling up the DagBag from /home/airflow/.local/lib/python3.7/site-packages/airflow/example_dags/example_nested_branch_dag.py
[2024-10-13T09:46:58.141+0000] {processor.py:809} INFO - DAG(s) dict_keys(['example_nested_branch_dag']) retrieved from /home/airflow/.local/lib/python3.7/site-packages/airflow/example_dags/example_nested_branch_dag.py
[2024-10-13T09:46:58.167+0000] {logging_mixin.py:149} INFO - [2024-10-13T09:46:58.167+0000] {dag.py:2726} INFO - Sync 1 DAGs
[2024-10-13T09:46:58.193+0000] {logging_mixin.py:149} INFO - [2024-10-13T09:46:58.193+0000] {dag.py:3490} INFO - Setting next_dagrun for example_nested_branch_dag to 2024-10-12T00:00:00+00:00, run_after=2024-10-13T00:00:00+00:00
[2024-10-13T09:46:58.212+0000] {processor.py:178} INFO - Processing /home/airflow/.local/lib/python3.7/site-packages/airflow/example_dags/example_nested_branch_dag.py took 0.088 seconds
[2024-10-13T09:47:28.592+0000] {processor.py:156} INFO - Started process (PID=2516) to work on /home/airflow/.local/lib/python3.7/site-packages/airflow/example_dags/example_nested_branch_dag.py
[2024-10-13T09:47:28.593+0000] {processor.py:799} INFO - Processing file /home/airflow/.local/lib/python3.7/site-packages/airflow/example_dags/example_nested_branch_dag.py for tasks to queue
[2024-10-13T09:47:28.593+0000] {logging_mixin.py:149} INFO - [2024-10-13T09:47:28.593+0000] {dagbag.py:541} INFO - Filling up the DagBag from /home/airflow/.local/lib/python3.7/site-packages/airflow/example_dags/example_nested_branch_dag.py
[2024-10-13T09:47:28.604+0000] {processor.py:809} INFO - DAG(s) dict_keys(['example_nested_branch_dag']) retrieved from /home/airflow/.local/lib/python3.7/site-packages/airflow/example_dags/example_nested_branch_dag.py
[2024-10-13T09:47:28.631+0000] {logging_mixin.py:149} INFO - [2024-10-13T09:47:28.631+0000] {dag.py:2726} INFO - Sync 1 DAGs
[2024-10-13T09:47:28.662+0000] {logging_mixin.py:149} INFO - [2024-10-13T09:47:28.661+0000] {dag.py:3490} INFO - Setting next_dagrun for example_nested_branch_dag to 2024-10-12T00:00:00+00:00, run_after=2024-10-13T00:00:00+00:00
[2024-10-13T09:47:28.681+0000] {processor.py:178} INFO - Processing /home/airflow/.local/lib/python3.7/site-packages/airflow/example_dags/example_nested_branch_dag.py took 0.093 seconds
[2024-10-13T09:47:59.160+0000] {processor.py:156} INFO - Started process (PID=2577) to work on /home/airflow/.local/lib/python3.7/site-packages/airflow/example_dags/example_nested_branch_dag.py
[2024-10-13T09:47:59.161+0000] {processor.py:799} INFO - Processing file /home/airflow/.local/lib/python3.7/site-packages/airflow/example_dags/example_nested_branch_dag.py for tasks to queue
[2024-10-13T09:47:59.162+0000] {logging_mixin.py:149} INFO - [2024-10-13T09:47:59.162+0000] {dagbag.py:541} INFO - Filling up the DagBag from /home/airflow/.local/lib/python3.7/site-packages/airflow/example_dags/example_nested_branch_dag.py
[2024-10-13T09:47:59.172+0000] {processor.py:809} INFO - DAG(s) dict_keys(['example_nested_branch_dag']) retrieved from /home/airflow/.local/lib/python3.7/site-packages/airflow/example_dags/example_nested_branch_dag.py
[2024-10-13T09:47:59.199+0000] {logging_mixin.py:149} INFO - [2024-10-13T09:47:59.199+0000] {dag.py:2726} INFO - Sync 1 DAGs
[2024-10-13T09:47:59.227+0000] {logging_mixin.py:149} INFO - [2024-10-13T09:47:59.227+0000] {dag.py:3490} INFO - Setting next_dagrun for example_nested_branch_dag to 2024-10-12T00:00:00+00:00, run_after=2024-10-13T00:00:00+00:00
[2024-10-13T09:47:59.246+0000] {processor.py:178} INFO - Processing /home/airflow/.local/lib/python3.7/site-packages/airflow/example_dags/example_nested_branch_dag.py took 0.089 seconds
[2024-10-13T09:48:29.416+0000] {processor.py:156} INFO - Started process (PID=2638) to work on /home/airflow/.local/lib/python3.7/site-packages/airflow/example_dags/example_nested_branch_dag.py
[2024-10-13T09:48:29.417+0000] {processor.py:799} INFO - Processing file /home/airflow/.local/lib/python3.7/site-packages/airflow/example_dags/example_nested_branch_dag.py for tasks to queue
[2024-10-13T09:48:29.418+0000] {logging_mixin.py:149} INFO - [2024-10-13T09:48:29.418+0000] {dagbag.py:541} INFO - Filling up the DagBag from /home/airflow/.local/lib/python3.7/site-packages/airflow/example_dags/example_nested_branch_dag.py
[2024-10-13T09:48:29.428+0000] {processor.py:809} INFO - DAG(s) dict_keys(['example_nested_branch_dag']) retrieved from /home/airflow/.local/lib/python3.7/site-packages/airflow/example_dags/example_nested_branch_dag.py
[2024-10-13T09:48:29.456+0000] {logging_mixin.py:149} INFO - [2024-10-13T09:48:29.456+0000] {dag.py:2726} INFO - Sync 1 DAGs
[2024-10-13T09:48:29.486+0000] {logging_mixin.py:149} INFO - [2024-10-13T09:48:29.486+0000] {dag.py:3490} INFO - Setting next_dagrun for example_nested_branch_dag to 2024-10-12T00:00:00+00:00, run_after=2024-10-13T00:00:00+00:00
[2024-10-13T09:48:29.504+0000] {processor.py:178} INFO - Processing /home/airflow/.local/lib/python3.7/site-packages/airflow/example_dags/example_nested_branch_dag.py took 0.091 seconds
[2024-10-13T09:48:59.698+0000] {processor.py:156} INFO - Started process (PID=2699) to work on /home/airflow/.local/lib/python3.7/site-packages/airflow/example_dags/example_nested_branch_dag.py
[2024-10-13T09:48:59.699+0000] {processor.py:799} INFO - Processing file /home/airflow/.local/lib/python3.7/site-packages/airflow/example_dags/example_nested_branch_dag.py for tasks to queue
[2024-10-13T09:48:59.699+0000] {logging_mixin.py:149} INFO - [2024-10-13T09:48:59.699+0000] {dagbag.py:541} INFO - Filling up the DagBag from /home/airflow/.local/lib/python3.7/site-packages/airflow/example_dags/example_nested_branch_dag.py
[2024-10-13T09:48:59.709+0000] {processor.py:809} INFO - DAG(s) dict_keys(['example_nested_branch_dag']) retrieved from /home/airflow/.local/lib/python3.7/site-packages/airflow/example_dags/example_nested_branch_dag.py
[2024-10-13T09:48:59.743+0000] {logging_mixin.py:149} INFO - [2024-10-13T09:48:59.742+0000] {dag.py:2726} INFO - Sync 1 DAGs
[2024-10-13T09:48:59.778+0000] {logging_mixin.py:149} INFO - [2024-10-13T09:48:59.778+0000] {dag.py:3490} INFO - Setting next_dagrun for example_nested_branch_dag to 2024-10-12T00:00:00+00:00, run_after=2024-10-13T00:00:00+00:00
[2024-10-13T09:48:59.796+0000] {processor.py:178} INFO - Processing /home/airflow/.local/lib/python3.7/site-packages/airflow/example_dags/example_nested_branch_dag.py took 0.104 seconds
[2024-10-13T09:49:30.175+0000] {processor.py:156} INFO - Started process (PID=2760) to work on /home/airflow/.local/lib/python3.7/site-packages/airflow/example_dags/example_nested_branch_dag.py
[2024-10-13T09:49:30.176+0000] {processor.py:799} INFO - Processing file /home/airflow/.local/lib/python3.7/site-packages/airflow/example_dags/example_nested_branch_dag.py for tasks to queue
[2024-10-13T09:49:30.176+0000] {logging_mixin.py:149} INFO - [2024-10-13T09:49:30.176+0000] {dagbag.py:541} INFO - Filling up the DagBag from /home/airflow/.local/lib/python3.7/site-packages/airflow/example_dags/example_nested_branch_dag.py
[2024-10-13T09:49:30.186+0000] {processor.py:809} INFO - DAG(s) dict_keys(['example_nested_branch_dag']) retrieved from /home/airflow/.local/lib/python3.7/site-packages/airflow/example_dags/example_nested_branch_dag.py
[2024-10-13T09:49:30.214+0000] {logging_mixin.py:149} INFO - [2024-10-13T09:49:30.214+0000] {dag.py:2726} INFO - Sync 1 DAGs
[2024-10-13T09:49:30.242+0000] {logging_mixin.py:149} INFO - [2024-10-13T09:49:30.242+0000] {dag.py:3490} INFO - Setting next_dagrun for example_nested_branch_dag to 2024-10-12T00:00:00+00:00, run_after=2024-10-13T00:00:00+00:00
[2024-10-13T09:49:30.264+0000] {processor.py:178} INFO - Processing /home/airflow/.local/lib/python3.7/site-packages/airflow/example_dags/example_nested_branch_dag.py took 0.093 seconds
[2024-10-13T09:50:00.368+0000] {processor.py:156} INFO - Started process (PID=2821) to work on /home/airflow/.local/lib/python3.7/site-packages/airflow/example_dags/example_nested_branch_dag.py
[2024-10-13T09:50:00.368+0000] {processor.py:799} INFO - Processing file /home/airflow/.local/lib/python3.7/site-packages/airflow/example_dags/example_nested_branch_dag.py for tasks to queue
[2024-10-13T09:50:00.369+0000] {logging_mixin.py:149} INFO - [2024-10-13T09:50:00.369+0000] {dagbag.py:541} INFO - Filling up the DagBag from /home/airflow/.local/lib/python3.7/site-packages/airflow/example_dags/example_nested_branch_dag.py
[2024-10-13T09:50:00.379+0000] {processor.py:809} INFO - DAG(s) dict_keys(['example_nested_branch_dag']) retrieved from /home/airflow/.local/lib/python3.7/site-packages/airflow/example_dags/example_nested_branch_dag.py
[2024-10-13T09:50:00.406+0000] {logging_mixin.py:149} INFO - [2024-10-13T09:50:00.406+0000] {dag.py:2726} INFO - Sync 1 DAGs
[2024-10-13T09:50:00.434+0000] {logging_mixin.py:149} INFO - [2024-10-13T09:50:00.434+0000] {dag.py:3490} INFO - Setting next_dagrun for example_nested_branch_dag to 2024-10-12T00:00:00+00:00, run_after=2024-10-13T00:00:00+00:00
[2024-10-13T09:50:00.453+0000] {processor.py:178} INFO - Processing /home/airflow/.local/lib/python3.7/site-packages/airflow/example_dags/example_nested_branch_dag.py took 0.089 seconds
[2024-10-13T09:50:30.594+0000] {processor.py:156} INFO - Started process (PID=2882) to work on /home/airflow/.local/lib/python3.7/site-packages/airflow/example_dags/example_nested_branch_dag.py
[2024-10-13T09:50:30.595+0000] {processor.py:799} INFO - Processing file /home/airflow/.local/lib/python3.7/site-packages/airflow/example_dags/example_nested_branch_dag.py for tasks to queue
[2024-10-13T09:50:30.595+0000] {logging_mixin.py:149} INFO - [2024-10-13T09:50:30.595+0000] {dagbag.py:541} INFO - Filling up the DagBag from /home/airflow/.local/lib/python3.7/site-packages/airflow/example_dags/example_nested_branch_dag.py
[2024-10-13T09:50:30.606+0000] {processor.py:809} INFO - DAG(s) dict_keys(['example_nested_branch_dag']) retrieved from /home/airflow/.local/lib/python3.7/site-packages/airflow/example_dags/example_nested_branch_dag.py
[2024-10-13T09:50:30.634+0000] {logging_mixin.py:149} INFO - [2024-10-13T09:50:30.633+0000] {dag.py:2726} INFO - Sync 1 DAGs
[2024-10-13T09:50:30.661+0000] {logging_mixin.py:149} INFO - [2024-10-13T09:50:30.661+0000] {dag.py:3490} INFO - Setting next_dagrun for example_nested_branch_dag to 2024-10-12T00:00:00+00:00, run_after=2024-10-13T00:00:00+00:00
[2024-10-13T09:50:30.679+0000] {processor.py:178} INFO - Processing /home/airflow/.local/lib/python3.7/site-packages/airflow/example_dags/example_nested_branch_dag.py took 0.089 seconds
[2024-10-13T09:51:00.995+0000] {processor.py:156} INFO - Started process (PID=2943) to work on /home/airflow/.local/lib/python3.7/site-packages/airflow/example_dags/example_nested_branch_dag.py
[2024-10-13T09:51:00.996+0000] {processor.py:799} INFO - Processing file /home/airflow/.local/lib/python3.7/site-packages/airflow/example_dags/example_nested_branch_dag.py for tasks to queue
[2024-10-13T09:51:00.997+0000] {logging_mixin.py:149} INFO - [2024-10-13T09:51:00.997+0000] {dagbag.py:541} INFO - Filling up the DagBag from /home/airflow/.local/lib/python3.7/site-packages/airflow/example_dags/example_nested_branch_dag.py
[2024-10-13T09:51:01.007+0000] {processor.py:809} INFO - DAG(s) dict_keys(['example_nested_branch_dag']) retrieved from /home/airflow/.local/lib/python3.7/site-packages/airflow/example_dags/example_nested_branch_dag.py
[2024-10-13T09:51:01.034+0000] {logging_mixin.py:149} INFO - [2024-10-13T09:51:01.034+0000] {dag.py:2726} INFO - Sync 1 DAGs
[2024-10-13T09:51:01.062+0000] {logging_mixin.py:149} INFO - [2024-10-13T09:51:01.062+0000] {dag.py:3490} INFO - Setting next_dagrun for example_nested_branch_dag to 2024-10-12T00:00:00+00:00, run_after=2024-10-13T00:00:00+00:00
[2024-10-13T09:51:01.080+0000] {processor.py:178} INFO - Processing /home/airflow/.local/lib/python3.7/site-packages/airflow/example_dags/example_nested_branch_dag.py took 0.088 seconds
[2024-10-13T09:51:31.342+0000] {processor.py:156} INFO - Started process (PID=3004) to work on /home/airflow/.local/lib/python3.7/site-packages/airflow/example_dags/example_nested_branch_dag.py
[2024-10-13T09:51:31.343+0000] {processor.py:799} INFO - Processing file /home/airflow/.local/lib/python3.7/site-packages/airflow/example_dags/example_nested_branch_dag.py for tasks to queue
[2024-10-13T09:51:31.343+0000] {logging_mixin.py:149} INFO - [2024-10-13T09:51:31.343+0000] {dagbag.py:541} INFO - Filling up the DagBag from /home/airflow/.local/lib/python3.7/site-packages/airflow/example_dags/example_nested_branch_dag.py
[2024-10-13T09:51:31.353+0000] {processor.py:809} INFO - DAG(s) dict_keys(['example_nested_branch_dag']) retrieved from /home/airflow/.local/lib/python3.7/site-packages/airflow/example_dags/example_nested_branch_dag.py
[2024-10-13T09:51:31.381+0000] {logging_mixin.py:149} INFO - [2024-10-13T09:51:31.380+0000] {dag.py:2726} INFO - Sync 1 DAGs
[2024-10-13T09:51:31.408+0000] {logging_mixin.py:149} INFO - [2024-10-13T09:51:31.408+0000] {dag.py:3490} INFO - Setting next_dagrun for example_nested_branch_dag to 2024-10-12T00:00:00+00:00, run_after=2024-10-13T00:00:00+00:00
[2024-10-13T09:51:31.427+0000] {processor.py:178} INFO - Processing /home/airflow/.local/lib/python3.7/site-packages/airflow/example_dags/example_nested_branch_dag.py took 0.088 seconds
[2024-10-13T09:52:01.738+0000] {processor.py:156} INFO - Started process (PID=3065) to work on /home/airflow/.local/lib/python3.7/site-packages/airflow/example_dags/example_nested_branch_dag.py
[2024-10-13T09:52:01.738+0000] {processor.py:799} INFO - Processing file /home/airflow/.local/lib/python3.7/site-packages/airflow/example_dags/example_nested_branch_dag.py for tasks to queue
[2024-10-13T09:52:01.739+0000] {logging_mixin.py:149} INFO - [2024-10-13T09:52:01.739+0000] {dagbag.py:541} INFO - Filling up the DagBag from /home/airflow/.local/lib/python3.7/site-packages/airflow/example_dags/example_nested_branch_dag.py
[2024-10-13T09:52:01.749+0000] {processor.py:809} INFO - DAG(s) dict_keys(['example_nested_branch_dag']) retrieved from /home/airflow/.local/lib/python3.7/site-packages/airflow/example_dags/example_nested_branch_dag.py
[2024-10-13T09:52:01.776+0000] {logging_mixin.py:149} INFO - [2024-10-13T09:52:01.776+0000] {dag.py:2726} INFO - Sync 1 DAGs
[2024-10-13T09:52:01.805+0000] {logging_mixin.py:149} INFO - [2024-10-13T09:52:01.805+0000] {dag.py:3490} INFO - Setting next_dagrun for example_nested_branch_dag to 2024-10-12T00:00:00+00:00, run_after=2024-10-13T00:00:00+00:00
[2024-10-13T09:52:01.824+0000] {processor.py:178} INFO - Processing /home/airflow/.local/lib/python3.7/site-packages/airflow/example_dags/example_nested_branch_dag.py took 0.090 seconds
[2024-10-13T09:52:32.310+0000] {processor.py:156} INFO - Started process (PID=3126) to work on /home/airflow/.local/lib/python3.7/site-packages/airflow/example_dags/example_nested_branch_dag.py
[2024-10-13T09:52:32.311+0000] {processor.py:799} INFO - Processing file /home/airflow/.local/lib/python3.7/site-packages/airflow/example_dags/example_nested_branch_dag.py for tasks to queue
[2024-10-13T09:52:32.311+0000] {logging_mixin.py:149} INFO - [2024-10-13T09:52:32.311+0000] {dagbag.py:541} INFO - Filling up the DagBag from /home/airflow/.local/lib/python3.7/site-packages/airflow/example_dags/example_nested_branch_dag.py
[2024-10-13T09:52:32.322+0000] {processor.py:809} INFO - DAG(s) dict_keys(['example_nested_branch_dag']) retrieved from /home/airflow/.local/lib/python3.7/site-packages/airflow/example_dags/example_nested_branch_dag.py
[2024-10-13T09:52:32.350+0000] {logging_mixin.py:149} INFO - [2024-10-13T09:52:32.349+0000] {dag.py:2726} INFO - Sync 1 DAGs
[2024-10-13T09:52:32.383+0000] {logging_mixin.py:149} INFO - [2024-10-13T09:52:32.383+0000] {dag.py:3490} INFO - Setting next_dagrun for example_nested_branch_dag to 2024-10-12T00:00:00+00:00, run_after=2024-10-13T00:00:00+00:00
[2024-10-13T09:52:32.401+0000] {processor.py:178} INFO - Processing /home/airflow/.local/lib/python3.7/site-packages/airflow/example_dags/example_nested_branch_dag.py took 0.095 seconds
[2024-10-13T09:53:02.699+0000] {processor.py:156} INFO - Started process (PID=3187) to work on /home/airflow/.local/lib/python3.7/site-packages/airflow/example_dags/example_nested_branch_dag.py
[2024-10-13T09:53:02.700+0000] {processor.py:799} INFO - Processing file /home/airflow/.local/lib/python3.7/site-packages/airflow/example_dags/example_nested_branch_dag.py for tasks to queue
[2024-10-13T09:53:02.701+0000] {logging_mixin.py:149} INFO - [2024-10-13T09:53:02.701+0000] {dagbag.py:541} INFO - Filling up the DagBag from /home/airflow/.local/lib/python3.7/site-packages/airflow/example_dags/example_nested_branch_dag.py
[2024-10-13T09:53:02.711+0000] {processor.py:809} INFO - DAG(s) dict_keys(['example_nested_branch_dag']) retrieved from /home/airflow/.local/lib/python3.7/site-packages/airflow/example_dags/example_nested_branch_dag.py
[2024-10-13T09:53:02.741+0000] {logging_mixin.py:149} INFO - [2024-10-13T09:53:02.740+0000] {dag.py:2726} INFO - Sync 1 DAGs
[2024-10-13T09:53:02.772+0000] {logging_mixin.py:149} INFO - [2024-10-13T09:53:02.772+0000] {dag.py:3490} INFO - Setting next_dagrun for example_nested_branch_dag to 2024-10-12T00:00:00+00:00, run_after=2024-10-13T00:00:00+00:00
[2024-10-13T09:53:02.797+0000] {processor.py:178} INFO - Processing /home/airflow/.local/lib/python3.7/site-packages/airflow/example_dags/example_nested_branch_dag.py took 0.101 seconds
[2024-10-13T09:53:33.046+0000] {processor.py:156} INFO - Started process (PID=3249) to work on /home/airflow/.local/lib/python3.7/site-packages/airflow/example_dags/example_nested_branch_dag.py
[2024-10-13T09:53:33.047+0000] {processor.py:799} INFO - Processing file /home/airflow/.local/lib/python3.7/site-packages/airflow/example_dags/example_nested_branch_dag.py for tasks to queue
[2024-10-13T09:53:33.047+0000] {logging_mixin.py:149} INFO - [2024-10-13T09:53:33.047+0000] {dagbag.py:541} INFO - Filling up the DagBag from /home/airflow/.local/lib/python3.7/site-packages/airflow/example_dags/example_nested_branch_dag.py
[2024-10-13T09:53:33.058+0000] {processor.py:809} INFO - DAG(s) dict_keys(['example_nested_branch_dag']) retrieved from /home/airflow/.local/lib/python3.7/site-packages/airflow/example_dags/example_nested_branch_dag.py
[2024-10-13T09:53:33.087+0000] {logging_mixin.py:149} INFO - [2024-10-13T09:53:33.087+0000] {dag.py:2726} INFO - Sync 1 DAGs
[2024-10-13T09:53:33.115+0000] {logging_mixin.py:149} INFO - [2024-10-13T09:53:33.115+0000] {dag.py:3490} INFO - Setting next_dagrun for example_nested_branch_dag to 2024-10-12T00:00:00+00:00, run_after=2024-10-13T00:00:00+00:00
[2024-10-13T09:53:33.134+0000] {processor.py:178} INFO - Processing /home/airflow/.local/lib/python3.7/site-packages/airflow/example_dags/example_nested_branch_dag.py took 0.091 seconds
[2024-10-13T09:54:03.308+0000] {processor.py:156} INFO - Started process (PID=3309) to work on /home/airflow/.local/lib/python3.7/site-packages/airflow/example_dags/example_nested_branch_dag.py
[2024-10-13T09:54:03.311+0000] {processor.py:799} INFO - Processing file /home/airflow/.local/lib/python3.7/site-packages/airflow/example_dags/example_nested_branch_dag.py for tasks to queue
[2024-10-13T09:54:03.312+0000] {logging_mixin.py:149} INFO - [2024-10-13T09:54:03.312+0000] {dagbag.py:541} INFO - Filling up the DagBag from /home/airflow/.local/lib/python3.7/site-packages/airflow/example_dags/example_nested_branch_dag.py
[2024-10-13T09:54:03.323+0000] {processor.py:809} INFO - DAG(s) dict_keys(['example_nested_branch_dag']) retrieved from /home/airflow/.local/lib/python3.7/site-packages/airflow/example_dags/example_nested_branch_dag.py
[2024-10-13T09:54:03.349+0000] {logging_mixin.py:149} INFO - [2024-10-13T09:54:03.348+0000] {dag.py:2726} INFO - Sync 1 DAGs
[2024-10-13T09:54:03.376+0000] {logging_mixin.py:149} INFO - [2024-10-13T09:54:03.375+0000] {dag.py:3490} INFO - Setting next_dagrun for example_nested_branch_dag to 2024-10-12T00:00:00+00:00, run_after=2024-10-13T00:00:00+00:00
[2024-10-13T09:54:03.394+0000] {processor.py:178} INFO - Processing /home/airflow/.local/lib/python3.7/site-packages/airflow/example_dags/example_nested_branch_dag.py took 0.099 seconds
[2024-10-13T09:54:33.448+0000] {processor.py:156} INFO - Started process (PID=3362) to work on /home/airflow/.local/lib/python3.7/site-packages/airflow/example_dags/example_nested_branch_dag.py
[2024-10-13T09:54:33.449+0000] {processor.py:799} INFO - Processing file /home/airflow/.local/lib/python3.7/site-packages/airflow/example_dags/example_nested_branch_dag.py for tasks to queue
[2024-10-13T09:54:33.449+0000] {logging_mixin.py:149} INFO - [2024-10-13T09:54:33.449+0000] {dagbag.py:541} INFO - Filling up the DagBag from /home/airflow/.local/lib/python3.7/site-packages/airflow/example_dags/example_nested_branch_dag.py
[2024-10-13T09:54:33.458+0000] {processor.py:809} INFO - DAG(s) dict_keys(['example_nested_branch_dag']) retrieved from /home/airflow/.local/lib/python3.7/site-packages/airflow/example_dags/example_nested_branch_dag.py
[2024-10-13T09:54:33.484+0000] {logging_mixin.py:149} INFO - [2024-10-13T09:54:33.484+0000] {dag.py:2726} INFO - Sync 1 DAGs
[2024-10-13T09:54:33.510+0000] {logging_mixin.py:149} INFO - [2024-10-13T09:54:33.510+0000] {dag.py:3490} INFO - Setting next_dagrun for example_nested_branch_dag to 2024-10-12T00:00:00+00:00, run_after=2024-10-13T00:00:00+00:00
[2024-10-13T09:54:33.530+0000] {processor.py:178} INFO - Processing /home/airflow/.local/lib/python3.7/site-packages/airflow/example_dags/example_nested_branch_dag.py took 0.085 seconds
[2024-10-13T09:55:03.637+0000] {processor.py:156} INFO - Started process (PID=3422) to work on /home/airflow/.local/lib/python3.7/site-packages/airflow/example_dags/example_nested_branch_dag.py
[2024-10-13T09:55:03.638+0000] {processor.py:799} INFO - Processing file /home/airflow/.local/lib/python3.7/site-packages/airflow/example_dags/example_nested_branch_dag.py for tasks to queue
[2024-10-13T09:55:03.638+0000] {logging_mixin.py:149} INFO - [2024-10-13T09:55:03.638+0000] {dagbag.py:541} INFO - Filling up the DagBag from /home/airflow/.local/lib/python3.7/site-packages/airflow/example_dags/example_nested_branch_dag.py
[2024-10-13T09:55:03.648+0000] {processor.py:809} INFO - DAG(s) dict_keys(['example_nested_branch_dag']) retrieved from /home/airflow/.local/lib/python3.7/site-packages/airflow/example_dags/example_nested_branch_dag.py
[2024-10-13T09:55:03.674+0000] {logging_mixin.py:149} INFO - [2024-10-13T09:55:03.674+0000] {dag.py:2726} INFO - Sync 1 DAGs
[2024-10-13T09:55:03.707+0000] {logging_mixin.py:149} INFO - [2024-10-13T09:55:03.706+0000] {dag.py:3490} INFO - Setting next_dagrun for example_nested_branch_dag to 2024-10-12T00:00:00+00:00, run_after=2024-10-13T00:00:00+00:00
[2024-10-13T09:55:03.729+0000] {processor.py:178} INFO - Processing /home/airflow/.local/lib/python3.7/site-packages/airflow/example_dags/example_nested_branch_dag.py took 0.095 seconds
[2024-10-13T09:55:34.168+0000] {processor.py:156} INFO - Started process (PID=3483) to work on /home/airflow/.local/lib/python3.7/site-packages/airflow/example_dags/example_nested_branch_dag.py
[2024-10-13T09:55:34.169+0000] {processor.py:799} INFO - Processing file /home/airflow/.local/lib/python3.7/site-packages/airflow/example_dags/example_nested_branch_dag.py for tasks to queue
[2024-10-13T09:55:34.169+0000] {logging_mixin.py:149} INFO - [2024-10-13T09:55:34.169+0000] {dagbag.py:541} INFO - Filling up the DagBag from /home/airflow/.local/lib/python3.7/site-packages/airflow/example_dags/example_nested_branch_dag.py
[2024-10-13T09:55:34.179+0000] {processor.py:809} INFO - DAG(s) dict_keys(['example_nested_branch_dag']) retrieved from /home/airflow/.local/lib/python3.7/site-packages/airflow/example_dags/example_nested_branch_dag.py
[2024-10-13T09:55:34.204+0000] {logging_mixin.py:149} INFO - [2024-10-13T09:55:34.204+0000] {dag.py:2726} INFO - Sync 1 DAGs
[2024-10-13T09:55:34.232+0000] {logging_mixin.py:149} INFO - [2024-10-13T09:55:34.232+0000] {dag.py:3490} INFO - Setting next_dagrun for example_nested_branch_dag to 2024-10-12T00:00:00+00:00, run_after=2024-10-13T00:00:00+00:00
[2024-10-13T09:55:34.251+0000] {processor.py:178} INFO - Processing /home/airflow/.local/lib/python3.7/site-packages/airflow/example_dags/example_nested_branch_dag.py took 0.087 seconds
[2024-10-13T09:56:04.672+0000] {processor.py:156} INFO - Started process (PID=3544) to work on /home/airflow/.local/lib/python3.7/site-packages/airflow/example_dags/example_nested_branch_dag.py
[2024-10-13T09:56:04.673+0000] {processor.py:799} INFO - Processing file /home/airflow/.local/lib/python3.7/site-packages/airflow/example_dags/example_nested_branch_dag.py for tasks to queue
[2024-10-13T09:56:04.673+0000] {logging_mixin.py:149} INFO - [2024-10-13T09:56:04.673+0000] {dagbag.py:541} INFO - Filling up the DagBag from /home/airflow/.local/lib/python3.7/site-packages/airflow/example_dags/example_nested_branch_dag.py
[2024-10-13T09:56:04.684+0000] {processor.py:809} INFO - DAG(s) dict_keys(['example_nested_branch_dag']) retrieved from /home/airflow/.local/lib/python3.7/site-packages/airflow/example_dags/example_nested_branch_dag.py
[2024-10-13T09:56:04.711+0000] {logging_mixin.py:149} INFO - [2024-10-13T09:56:04.711+0000] {dag.py:2726} INFO - Sync 1 DAGs
[2024-10-13T09:56:04.739+0000] {logging_mixin.py:149} INFO - [2024-10-13T09:56:04.738+0000] {dag.py:3490} INFO - Setting next_dagrun for example_nested_branch_dag to 2024-10-12T00:00:00+00:00, run_after=2024-10-13T00:00:00+00:00
[2024-10-13T09:56:04.759+0000] {processor.py:178} INFO - Processing /home/airflow/.local/lib/python3.7/site-packages/airflow/example_dags/example_nested_branch_dag.py took 0.091 seconds
[2024-10-13T09:56:35.069+0000] {processor.py:156} INFO - Started process (PID=3605) to work on /home/airflow/.local/lib/python3.7/site-packages/airflow/example_dags/example_nested_branch_dag.py
[2024-10-13T09:56:35.070+0000] {processor.py:799} INFO - Processing file /home/airflow/.local/lib/python3.7/site-packages/airflow/example_dags/example_nested_branch_dag.py for tasks to queue
[2024-10-13T09:56:35.071+0000] {logging_mixin.py:149} INFO - [2024-10-13T09:56:35.071+0000] {dagbag.py:541} INFO - Filling up the DagBag from /home/airflow/.local/lib/python3.7/site-packages/airflow/example_dags/example_nested_branch_dag.py
[2024-10-13T09:56:35.081+0000] {processor.py:809} INFO - DAG(s) dict_keys(['example_nested_branch_dag']) retrieved from /home/airflow/.local/lib/python3.7/site-packages/airflow/example_dags/example_nested_branch_dag.py
[2024-10-13T09:56:35.109+0000] {logging_mixin.py:149} INFO - [2024-10-13T09:56:35.109+0000] {dag.py:2726} INFO - Sync 1 DAGs
[2024-10-13T09:56:35.145+0000] {logging_mixin.py:149} INFO - [2024-10-13T09:56:35.145+0000] {dag.py:3490} INFO - Setting next_dagrun for example_nested_branch_dag to 2024-10-12T00:00:00+00:00, run_after=2024-10-13T00:00:00+00:00
[2024-10-13T09:56:35.165+0000] {processor.py:178} INFO - Processing /home/airflow/.local/lib/python3.7/site-packages/airflow/example_dags/example_nested_branch_dag.py took 0.099 seconds
[2024-10-13T09:57:05.679+0000] {processor.py:156} INFO - Started process (PID=3666) to work on /home/airflow/.local/lib/python3.7/site-packages/airflow/example_dags/example_nested_branch_dag.py
[2024-10-13T09:57:05.680+0000] {processor.py:799} INFO - Processing file /home/airflow/.local/lib/python3.7/site-packages/airflow/example_dags/example_nested_branch_dag.py for tasks to queue
[2024-10-13T09:57:05.681+0000] {logging_mixin.py:149} INFO - [2024-10-13T09:57:05.681+0000] {dagbag.py:541} INFO - Filling up the DagBag from /home/airflow/.local/lib/python3.7/site-packages/airflow/example_dags/example_nested_branch_dag.py
[2024-10-13T09:57:05.691+0000] {processor.py:809} INFO - DAG(s) dict_keys(['example_nested_branch_dag']) retrieved from /home/airflow/.local/lib/python3.7/site-packages/airflow/example_dags/example_nested_branch_dag.py
[2024-10-13T09:57:05.718+0000] {logging_mixin.py:149} INFO - [2024-10-13T09:57:05.718+0000] {dag.py:2726} INFO - Sync 1 DAGs
[2024-10-13T09:57:05.747+0000] {logging_mixin.py:149} INFO - [2024-10-13T09:57:05.747+0000] {dag.py:3490} INFO - Setting next_dagrun for example_nested_branch_dag to 2024-10-12T00:00:00+00:00, run_after=2024-10-13T00:00:00+00:00
[2024-10-13T09:57:05.766+0000] {processor.py:178} INFO - Processing /home/airflow/.local/lib/python3.7/site-packages/airflow/example_dags/example_nested_branch_dag.py took 0.091 seconds
[2024-10-13T09:57:36.522+0000] {processor.py:156} INFO - Started process (PID=3727) to work on /home/airflow/.local/lib/python3.7/site-packages/airflow/example_dags/example_nested_branch_dag.py
[2024-10-13T09:57:36.523+0000] {processor.py:799} INFO - Processing file /home/airflow/.local/lib/python3.7/site-packages/airflow/example_dags/example_nested_branch_dag.py for tasks to queue
[2024-10-13T09:57:36.524+0000] {logging_mixin.py:149} INFO - [2024-10-13T09:57:36.524+0000] {dagbag.py:541} INFO - Filling up the DagBag from /home/airflow/.local/lib/python3.7/site-packages/airflow/example_dags/example_nested_branch_dag.py
[2024-10-13T09:57:36.534+0000] {processor.py:809} INFO - DAG(s) dict_keys(['example_nested_branch_dag']) retrieved from /home/airflow/.local/lib/python3.7/site-packages/airflow/example_dags/example_nested_branch_dag.py
[2024-10-13T09:57:36.563+0000] {logging_mixin.py:149} INFO - [2024-10-13T09:57:36.563+0000] {dag.py:2726} INFO - Sync 1 DAGs
[2024-10-13T09:57:36.593+0000] {logging_mixin.py:149} INFO - [2024-10-13T09:57:36.592+0000] {dag.py:3490} INFO - Setting next_dagrun for example_nested_branch_dag to 2024-10-12T00:00:00+00:00, run_after=2024-10-13T00:00:00+00:00
[2024-10-13T09:57:36.614+0000] {processor.py:178} INFO - Processing /home/airflow/.local/lib/python3.7/site-packages/airflow/example_dags/example_nested_branch_dag.py took 0.095 seconds
[2024-10-13T14:18:49.423+0000] {processor.py:156} INFO - Started process (PID=59) to work on /home/airflow/.local/lib/python3.7/site-packages/airflow/example_dags/example_nested_branch_dag.py
[2024-10-13T14:18:49.425+0000] {processor.py:799} INFO - Processing file /home/airflow/.local/lib/python3.7/site-packages/airflow/example_dags/example_nested_branch_dag.py for tasks to queue
[2024-10-13T14:18:49.426+0000] {logging_mixin.py:149} INFO - [2024-10-13T14:18:49.426+0000] {dagbag.py:541} INFO - Filling up the DagBag from /home/airflow/.local/lib/python3.7/site-packages/airflow/example_dags/example_nested_branch_dag.py
[2024-10-13T14:18:49.449+0000] {processor.py:809} INFO - DAG(s) dict_keys(['example_nested_branch_dag']) retrieved from /home/airflow/.local/lib/python3.7/site-packages/airflow/example_dags/example_nested_branch_dag.py
[2024-10-13T14:18:49.470+0000] {logging_mixin.py:149} INFO - [2024-10-13T14:18:49.470+0000] {dag.py:2726} INFO - Sync 1 DAGs
[2024-10-13T14:18:49.545+0000] {logging_mixin.py:149} INFO - [2024-10-13T14:18:49.545+0000] {dag.py:3490} INFO - Setting next_dagrun for example_nested_branch_dag to 2024-10-12T00:00:00+00:00, run_after=2024-10-13T00:00:00+00:00
[2024-10-13T14:18:49.588+0000] {processor.py:178} INFO - Processing /home/airflow/.local/lib/python3.7/site-packages/airflow/example_dags/example_nested_branch_dag.py took 0.173 seconds
[2024-10-13T14:19:19.684+0000] {processor.py:156} INFO - Started process (PID=120) to work on /home/airflow/.local/lib/python3.7/site-packages/airflow/example_dags/example_nested_branch_dag.py
[2024-10-13T14:19:19.686+0000] {processor.py:799} INFO - Processing file /home/airflow/.local/lib/python3.7/site-packages/airflow/example_dags/example_nested_branch_dag.py for tasks to queue
[2024-10-13T14:19:19.686+0000] {logging_mixin.py:149} INFO - [2024-10-13T14:19:19.686+0000] {dagbag.py:541} INFO - Filling up the DagBag from /home/airflow/.local/lib/python3.7/site-packages/airflow/example_dags/example_nested_branch_dag.py
[2024-10-13T14:19:19.697+0000] {processor.py:809} INFO - DAG(s) dict_keys(['example_nested_branch_dag']) retrieved from /home/airflow/.local/lib/python3.7/site-packages/airflow/example_dags/example_nested_branch_dag.py
[2024-10-13T14:19:19.726+0000] {logging_mixin.py:149} INFO - [2024-10-13T14:19:19.726+0000] {dag.py:2726} INFO - Sync 1 DAGs
[2024-10-13T14:19:19.753+0000] {logging_mixin.py:149} INFO - [2024-10-13T14:19:19.753+0000] {dag.py:3490} INFO - Setting next_dagrun for example_nested_branch_dag to 2024-10-12T00:00:00+00:00, run_after=2024-10-13T00:00:00+00:00
[2024-10-13T14:19:19.771+0000] {processor.py:178} INFO - Processing /home/airflow/.local/lib/python3.7/site-packages/airflow/example_dags/example_nested_branch_dag.py took 0.090 seconds
[2024-10-13T14:19:49.808+0000] {processor.py:156} INFO - Started process (PID=181) to work on /home/airflow/.local/lib/python3.7/site-packages/airflow/example_dags/example_nested_branch_dag.py
[2024-10-13T14:19:49.809+0000] {processor.py:799} INFO - Processing file /home/airflow/.local/lib/python3.7/site-packages/airflow/example_dags/example_nested_branch_dag.py for tasks to queue
[2024-10-13T14:19:49.809+0000] {logging_mixin.py:149} INFO - [2024-10-13T14:19:49.809+0000] {dagbag.py:541} INFO - Filling up the DagBag from /home/airflow/.local/lib/python3.7/site-packages/airflow/example_dags/example_nested_branch_dag.py
[2024-10-13T14:19:49.820+0000] {processor.py:809} INFO - DAG(s) dict_keys(['example_nested_branch_dag']) retrieved from /home/airflow/.local/lib/python3.7/site-packages/airflow/example_dags/example_nested_branch_dag.py
[2024-10-13T14:19:49.852+0000] {logging_mixin.py:149} INFO - [2024-10-13T14:19:49.851+0000] {dag.py:2726} INFO - Sync 1 DAGs
[2024-10-13T14:19:49.887+0000] {logging_mixin.py:149} INFO - [2024-10-13T14:19:49.887+0000] {dag.py:3490} INFO - Setting next_dagrun for example_nested_branch_dag to 2024-10-12T00:00:00+00:00, run_after=2024-10-13T00:00:00+00:00
[2024-10-13T14:19:49.908+0000] {processor.py:178} INFO - Processing /home/airflow/.local/lib/python3.7/site-packages/airflow/example_dags/example_nested_branch_dag.py took 0.103 seconds
[2024-10-13T14:20:20.083+0000] {processor.py:156} INFO - Started process (PID=243) to work on /home/airflow/.local/lib/python3.7/site-packages/airflow/example_dags/example_nested_branch_dag.py
[2024-10-13T14:20:20.084+0000] {processor.py:799} INFO - Processing file /home/airflow/.local/lib/python3.7/site-packages/airflow/example_dags/example_nested_branch_dag.py for tasks to queue
[2024-10-13T14:20:20.085+0000] {logging_mixin.py:149} INFO - [2024-10-13T14:20:20.085+0000] {dagbag.py:541} INFO - Filling up the DagBag from /home/airflow/.local/lib/python3.7/site-packages/airflow/example_dags/example_nested_branch_dag.py
[2024-10-13T14:20:20.095+0000] {processor.py:809} INFO - DAG(s) dict_keys(['example_nested_branch_dag']) retrieved from /home/airflow/.local/lib/python3.7/site-packages/airflow/example_dags/example_nested_branch_dag.py
[2024-10-13T14:20:20.129+0000] {logging_mixin.py:149} INFO - [2024-10-13T14:20:20.129+0000] {dag.py:2726} INFO - Sync 1 DAGs
[2024-10-13T14:20:20.179+0000] {logging_mixin.py:149} INFO - [2024-10-13T14:20:20.179+0000] {dag.py:3490} INFO - Setting next_dagrun for example_nested_branch_dag to 2024-10-12T00:00:00+00:00, run_after=2024-10-13T00:00:00+00:00
[2024-10-13T14:20:20.206+0000] {processor.py:178} INFO - Processing /home/airflow/.local/lib/python3.7/site-packages/airflow/example_dags/example_nested_branch_dag.py took 0.126 seconds
[2024-10-13T14:20:50.582+0000] {processor.py:156} INFO - Started process (PID=309) to work on /home/airflow/.local/lib/python3.7/site-packages/airflow/example_dags/example_nested_branch_dag.py
[2024-10-13T14:20:50.582+0000] {processor.py:799} INFO - Processing file /home/airflow/.local/lib/python3.7/site-packages/airflow/example_dags/example_nested_branch_dag.py for tasks to queue
[2024-10-13T14:20:50.583+0000] {logging_mixin.py:149} INFO - [2024-10-13T14:20:50.583+0000] {dagbag.py:541} INFO - Filling up the DagBag from /home/airflow/.local/lib/python3.7/site-packages/airflow/example_dags/example_nested_branch_dag.py
[2024-10-13T14:20:50.593+0000] {processor.py:809} INFO - DAG(s) dict_keys(['example_nested_branch_dag']) retrieved from /home/airflow/.local/lib/python3.7/site-packages/airflow/example_dags/example_nested_branch_dag.py
[2024-10-13T14:20:50.620+0000] {logging_mixin.py:149} INFO - [2024-10-13T14:20:50.620+0000] {dag.py:2726} INFO - Sync 1 DAGs
[2024-10-13T14:20:50.650+0000] {logging_mixin.py:149} INFO - [2024-10-13T14:20:50.650+0000] {dag.py:3490} INFO - Setting next_dagrun for example_nested_branch_dag to 2024-10-12T00:00:00+00:00, run_after=2024-10-13T00:00:00+00:00
[2024-10-13T14:20:50.672+0000] {processor.py:178} INFO - Processing /home/airflow/.local/lib/python3.7/site-packages/airflow/example_dags/example_nested_branch_dag.py took 0.094 seconds
[2024-10-13T14:21:21.221+0000] {processor.py:156} INFO - Started process (PID=370) to work on /home/airflow/.local/lib/python3.7/site-packages/airflow/example_dags/example_nested_branch_dag.py
[2024-10-13T14:21:21.222+0000] {processor.py:799} INFO - Processing file /home/airflow/.local/lib/python3.7/site-packages/airflow/example_dags/example_nested_branch_dag.py for tasks to queue
[2024-10-13T14:21:21.223+0000] {logging_mixin.py:149} INFO - [2024-10-13T14:21:21.223+0000] {dagbag.py:541} INFO - Filling up the DagBag from /home/airflow/.local/lib/python3.7/site-packages/airflow/example_dags/example_nested_branch_dag.py
[2024-10-13T14:21:21.235+0000] {processor.py:809} INFO - DAG(s) dict_keys(['example_nested_branch_dag']) retrieved from /home/airflow/.local/lib/python3.7/site-packages/airflow/example_dags/example_nested_branch_dag.py
[2024-10-13T14:21:21.276+0000] {logging_mixin.py:149} INFO - [2024-10-13T14:21:21.276+0000] {dag.py:2726} INFO - Sync 1 DAGs
[2024-10-13T14:21:21.325+0000] {logging_mixin.py:149} INFO - [2024-10-13T14:21:21.325+0000] {dag.py:3490} INFO - Setting next_dagrun for example_nested_branch_dag to 2024-10-12T00:00:00+00:00, run_after=2024-10-13T00:00:00+00:00
[2024-10-13T14:21:21.351+0000] {processor.py:178} INFO - Processing /home/airflow/.local/lib/python3.7/site-packages/airflow/example_dags/example_nested_branch_dag.py took 0.134 seconds
[2024-10-13T14:21:51.642+0000] {processor.py:156} INFO - Started process (PID=431) to work on /home/airflow/.local/lib/python3.7/site-packages/airflow/example_dags/example_nested_branch_dag.py
[2024-10-13T14:21:51.643+0000] {processor.py:799} INFO - Processing file /home/airflow/.local/lib/python3.7/site-packages/airflow/example_dags/example_nested_branch_dag.py for tasks to queue
[2024-10-13T14:21:51.644+0000] {logging_mixin.py:149} INFO - [2024-10-13T14:21:51.643+0000] {dagbag.py:541} INFO - Filling up the DagBag from /home/airflow/.local/lib/python3.7/site-packages/airflow/example_dags/example_nested_branch_dag.py
[2024-10-13T14:21:51.654+0000] {processor.py:809} INFO - DAG(s) dict_keys(['example_nested_branch_dag']) retrieved from /home/airflow/.local/lib/python3.7/site-packages/airflow/example_dags/example_nested_branch_dag.py
[2024-10-13T14:21:51.680+0000] {logging_mixin.py:149} INFO - [2024-10-13T14:21:51.680+0000] {dag.py:2726} INFO - Sync 1 DAGs
[2024-10-13T14:21:51.708+0000] {logging_mixin.py:149} INFO - [2024-10-13T14:21:51.708+0000] {dag.py:3490} INFO - Setting next_dagrun for example_nested_branch_dag to 2024-10-12T00:00:00+00:00, run_after=2024-10-13T00:00:00+00:00
[2024-10-13T14:21:51.726+0000] {processor.py:178} INFO - Processing /home/airflow/.local/lib/python3.7/site-packages/airflow/example_dags/example_nested_branch_dag.py took 0.088 seconds
[2024-10-13T14:22:22.158+0000] {processor.py:156} INFO - Started process (PID=492) to work on /home/airflow/.local/lib/python3.7/site-packages/airflow/example_dags/example_nested_branch_dag.py
[2024-10-13T14:22:22.159+0000] {processor.py:799} INFO - Processing file /home/airflow/.local/lib/python3.7/site-packages/airflow/example_dags/example_nested_branch_dag.py for tasks to queue
[2024-10-13T14:22:22.159+0000] {logging_mixin.py:149} INFO - [2024-10-13T14:22:22.159+0000] {dagbag.py:541} INFO - Filling up the DagBag from /home/airflow/.local/lib/python3.7/site-packages/airflow/example_dags/example_nested_branch_dag.py
[2024-10-13T14:22:22.170+0000] {processor.py:809} INFO - DAG(s) dict_keys(['example_nested_branch_dag']) retrieved from /home/airflow/.local/lib/python3.7/site-packages/airflow/example_dags/example_nested_branch_dag.py
[2024-10-13T14:22:22.203+0000] {logging_mixin.py:149} INFO - [2024-10-13T14:22:22.203+0000] {dag.py:2726} INFO - Sync 1 DAGs
[2024-10-13T14:22:22.233+0000] {logging_mixin.py:149} INFO - [2024-10-13T14:22:22.232+0000] {dag.py:3490} INFO - Setting next_dagrun for example_nested_branch_dag to 2024-10-12T00:00:00+00:00, run_after=2024-10-13T00:00:00+00:00
[2024-10-13T14:22:22.255+0000] {processor.py:178} INFO - Processing /home/airflow/.local/lib/python3.7/site-packages/airflow/example_dags/example_nested_branch_dag.py took 0.101 seconds
[2024-10-13T14:22:52.619+0000] {processor.py:156} INFO - Started process (PID=553) to work on /home/airflow/.local/lib/python3.7/site-packages/airflow/example_dags/example_nested_branch_dag.py
[2024-10-13T14:22:52.624+0000] {processor.py:799} INFO - Processing file /home/airflow/.local/lib/python3.7/site-packages/airflow/example_dags/example_nested_branch_dag.py for tasks to queue
[2024-10-13T14:22:52.625+0000] {logging_mixin.py:149} INFO - [2024-10-13T14:22:52.625+0000] {dagbag.py:541} INFO - Filling up the DagBag from /home/airflow/.local/lib/python3.7/site-packages/airflow/example_dags/example_nested_branch_dag.py
[2024-10-13T14:22:52.645+0000] {processor.py:809} INFO - DAG(s) dict_keys(['example_nested_branch_dag']) retrieved from /home/airflow/.local/lib/python3.7/site-packages/airflow/example_dags/example_nested_branch_dag.py
[2024-10-13T14:22:52.705+0000] {logging_mixin.py:149} INFO - [2024-10-13T14:22:52.705+0000] {dag.py:2726} INFO - Sync 1 DAGs
[2024-10-13T14:22:52.766+0000] {logging_mixin.py:149} INFO - [2024-10-13T14:22:52.765+0000] {dag.py:3490} INFO - Setting next_dagrun for example_nested_branch_dag to 2024-10-12T00:00:00+00:00, run_after=2024-10-13T00:00:00+00:00
[2024-10-13T14:22:52.798+0000] {processor.py:178} INFO - Processing /home/airflow/.local/lib/python3.7/site-packages/airflow/example_dags/example_nested_branch_dag.py took 0.193 seconds
[2024-10-13T14:23:22.834+0000] {processor.py:156} INFO - Started process (PID=614) to work on /home/airflow/.local/lib/python3.7/site-packages/airflow/example_dags/example_nested_branch_dag.py
[2024-10-13T14:23:22.835+0000] {processor.py:799} INFO - Processing file /home/airflow/.local/lib/python3.7/site-packages/airflow/example_dags/example_nested_branch_dag.py for tasks to queue
[2024-10-13T14:23:22.836+0000] {logging_mixin.py:149} INFO - [2024-10-13T14:23:22.836+0000] {dagbag.py:541} INFO - Filling up the DagBag from /home/airflow/.local/lib/python3.7/site-packages/airflow/example_dags/example_nested_branch_dag.py
[2024-10-13T14:23:22.846+0000] {processor.py:809} INFO - DAG(s) dict_keys(['example_nested_branch_dag']) retrieved from /home/airflow/.local/lib/python3.7/site-packages/airflow/example_dags/example_nested_branch_dag.py
[2024-10-13T14:23:22.873+0000] {logging_mixin.py:149} INFO - [2024-10-13T14:23:22.873+0000] {dag.py:2726} INFO - Sync 1 DAGs
[2024-10-13T14:23:22.906+0000] {logging_mixin.py:149} INFO - [2024-10-13T14:23:22.906+0000] {dag.py:3490} INFO - Setting next_dagrun for example_nested_branch_dag to 2024-10-12T00:00:00+00:00, run_after=2024-10-13T00:00:00+00:00
[2024-10-13T14:23:22.939+0000] {processor.py:178} INFO - Processing /home/airflow/.local/lib/python3.7/site-packages/airflow/example_dags/example_nested_branch_dag.py took 0.108 seconds
