[2024-10-13T09:27:15.310+0000] {processor.py:156} INFO - Started process (PID=85) to work on /home/airflow/.local/lib/python3.7/site-packages/airflow/example_dags/example_branch_operator.py
[2024-10-13T09:27:15.310+0000] {processor.py:799} INFO - Processing file /home/airflow/.local/lib/python3.7/site-packages/airflow/example_dags/example_branch_operator.py for tasks to queue
[2024-10-13T09:27:15.311+0000] {logging_mixin.py:149} INFO - [2024-10-13T09:27:15.311+0000] {dagbag.py:541} INFO - Filling up the DagBag from /home/airflow/.local/lib/python3.7/site-packages/airflow/example_dags/example_branch_operator.py
[2024-10-13T09:27:15.321+0000] {processor.py:809} INFO - DAG(s) dict_keys(['example_branch_operator']) retrieved from /home/airflow/.local/lib/python3.7/site-packages/airflow/example_dags/example_branch_operator.py
[2024-10-13T09:27:15.459+0000] {logging_mixin.py:149} INFO - [2024-10-13T09:27:15.458+0000] {manager.py:504} INFO - Created Permission View: can edit on DAG:example_branch_operator
[2024-10-13T09:27:15.468+0000] {logging_mixin.py:149} INFO - [2024-10-13T09:27:15.468+0000] {manager.py:504} INFO - Created Permission View: can read on DAG:example_branch_operator
[2024-10-13T09:27:15.482+0000] {logging_mixin.py:149} INFO - [2024-10-13T09:27:15.482+0000] {manager.py:504} INFO - Created Permission View: can delete on DAG:example_branch_operator
[2024-10-13T09:27:15.482+0000] {logging_mixin.py:149} INFO - [2024-10-13T09:27:15.482+0000] {dag.py:2726} INFO - Sync 1 DAGs
[2024-10-13T09:27:15.506+0000] {logging_mixin.py:149} INFO - [2024-10-13T09:27:15.506+0000] {dag.py:2747} INFO - Creating ORM DAG for example_branch_operator
[2024-10-13T09:27:15.523+0000] {logging_mixin.py:149} INFO - [2024-10-13T09:27:15.522+0000] {dag.py:3490} INFO - Setting next_dagrun for example_branch_operator to 2024-10-12T00:00:00+00:00, run_after=2024-10-13T00:00:00+00:00
[2024-10-13T09:27:15.545+0000] {processor.py:178} INFO - Processing /home/airflow/.local/lib/python3.7/site-packages/airflow/example_dags/example_branch_operator.py took 0.241 seconds
[2024-10-13T09:27:46.464+0000] {processor.py:156} INFO - Started process (PID=146) to work on /home/airflow/.local/lib/python3.7/site-packages/airflow/example_dags/example_branch_operator.py
[2024-10-13T09:27:46.465+0000] {processor.py:799} INFO - Processing file /home/airflow/.local/lib/python3.7/site-packages/airflow/example_dags/example_branch_operator.py for tasks to queue
[2024-10-13T09:27:46.465+0000] {logging_mixin.py:149} INFO - [2024-10-13T09:27:46.465+0000] {dagbag.py:541} INFO - Filling up the DagBag from /home/airflow/.local/lib/python3.7/site-packages/airflow/example_dags/example_branch_operator.py
[2024-10-13T09:27:46.476+0000] {processor.py:809} INFO - DAG(s) dict_keys(['example_branch_operator']) retrieved from /home/airflow/.local/lib/python3.7/site-packages/airflow/example_dags/example_branch_operator.py
[2024-10-13T09:27:46.506+0000] {logging_mixin.py:149} INFO - [2024-10-13T09:27:46.506+0000] {dag.py:2726} INFO - Sync 1 DAGs
[2024-10-13T09:27:46.533+0000] {logging_mixin.py:149} INFO - [2024-10-13T09:27:46.533+0000] {dag.py:3490} INFO - Setting next_dagrun for example_branch_operator to 2024-10-12T00:00:00+00:00, run_after=2024-10-13T00:00:00+00:00
[2024-10-13T09:27:46.550+0000] {processor.py:178} INFO - Processing /home/airflow/.local/lib/python3.7/site-packages/airflow/example_dags/example_branch_operator.py took 0.090 seconds
[2024-10-13T09:28:16.897+0000] {processor.py:156} INFO - Started process (PID=207) to work on /home/airflow/.local/lib/python3.7/site-packages/airflow/example_dags/example_branch_operator.py
[2024-10-13T09:28:16.898+0000] {processor.py:799} INFO - Processing file /home/airflow/.local/lib/python3.7/site-packages/airflow/example_dags/example_branch_operator.py for tasks to queue
[2024-10-13T09:28:16.899+0000] {logging_mixin.py:149} INFO - [2024-10-13T09:28:16.899+0000] {dagbag.py:541} INFO - Filling up the DagBag from /home/airflow/.local/lib/python3.7/site-packages/airflow/example_dags/example_branch_operator.py
[2024-10-13T09:28:16.909+0000] {processor.py:809} INFO - DAG(s) dict_keys(['example_branch_operator']) retrieved from /home/airflow/.local/lib/python3.7/site-packages/airflow/example_dags/example_branch_operator.py
[2024-10-13T09:28:16.938+0000] {logging_mixin.py:149} INFO - [2024-10-13T09:28:16.938+0000] {dag.py:2726} INFO - Sync 1 DAGs
[2024-10-13T09:28:16.968+0000] {logging_mixin.py:149} INFO - [2024-10-13T09:28:16.968+0000] {dag.py:3490} INFO - Setting next_dagrun for example_branch_operator to 2024-10-12T00:00:00+00:00, run_after=2024-10-13T00:00:00+00:00
[2024-10-13T09:28:16.988+0000] {processor.py:178} INFO - Processing /home/airflow/.local/lib/python3.7/site-packages/airflow/example_dags/example_branch_operator.py took 0.094 seconds
[2024-10-13T09:28:47.078+0000] {processor.py:156} INFO - Started process (PID=268) to work on /home/airflow/.local/lib/python3.7/site-packages/airflow/example_dags/example_branch_operator.py
[2024-10-13T09:28:47.079+0000] {processor.py:799} INFO - Processing file /home/airflow/.local/lib/python3.7/site-packages/airflow/example_dags/example_branch_operator.py for tasks to queue
[2024-10-13T09:28:47.079+0000] {logging_mixin.py:149} INFO - [2024-10-13T09:28:47.079+0000] {dagbag.py:541} INFO - Filling up the DagBag from /home/airflow/.local/lib/python3.7/site-packages/airflow/example_dags/example_branch_operator.py
[2024-10-13T09:28:47.090+0000] {processor.py:809} INFO - DAG(s) dict_keys(['example_branch_operator']) retrieved from /home/airflow/.local/lib/python3.7/site-packages/airflow/example_dags/example_branch_operator.py
[2024-10-13T09:28:47.122+0000] {logging_mixin.py:149} INFO - [2024-10-13T09:28:47.122+0000] {dag.py:2726} INFO - Sync 1 DAGs
[2024-10-13T09:28:47.167+0000] {logging_mixin.py:149} INFO - [2024-10-13T09:28:47.167+0000] {dag.py:3490} INFO - Setting next_dagrun for example_branch_operator to 2024-10-12T00:00:00+00:00, run_after=2024-10-13T00:00:00+00:00
[2024-10-13T09:28:47.193+0000] {processor.py:178} INFO - Processing /home/airflow/.local/lib/python3.7/site-packages/airflow/example_dags/example_branch_operator.py took 0.119 seconds
[2024-10-13T09:29:17.661+0000] {processor.py:156} INFO - Started process (PID=329) to work on /home/airflow/.local/lib/python3.7/site-packages/airflow/example_dags/example_branch_operator.py
[2024-10-13T09:29:17.662+0000] {processor.py:799} INFO - Processing file /home/airflow/.local/lib/python3.7/site-packages/airflow/example_dags/example_branch_operator.py for tasks to queue
[2024-10-13T09:29:17.663+0000] {logging_mixin.py:149} INFO - [2024-10-13T09:29:17.663+0000] {dagbag.py:541} INFO - Filling up the DagBag from /home/airflow/.local/lib/python3.7/site-packages/airflow/example_dags/example_branch_operator.py
[2024-10-13T09:29:17.674+0000] {processor.py:809} INFO - DAG(s) dict_keys(['example_branch_operator']) retrieved from /home/airflow/.local/lib/python3.7/site-packages/airflow/example_dags/example_branch_operator.py
[2024-10-13T09:29:17.711+0000] {logging_mixin.py:149} INFO - [2024-10-13T09:29:17.711+0000] {dag.py:2726} INFO - Sync 1 DAGs
[2024-10-13T09:29:17.747+0000] {logging_mixin.py:149} INFO - [2024-10-13T09:29:17.747+0000] {dag.py:3490} INFO - Setting next_dagrun for example_branch_operator to 2024-10-12T00:00:00+00:00, run_after=2024-10-13T00:00:00+00:00
[2024-10-13T09:29:17.769+0000] {processor.py:178} INFO - Processing /home/airflow/.local/lib/python3.7/site-packages/airflow/example_dags/example_branch_operator.py took 0.112 seconds
[2024-10-13T09:29:48.043+0000] {processor.py:156} INFO - Started process (PID=390) to work on /home/airflow/.local/lib/python3.7/site-packages/airflow/example_dags/example_branch_operator.py
[2024-10-13T09:29:48.044+0000] {processor.py:799} INFO - Processing file /home/airflow/.local/lib/python3.7/site-packages/airflow/example_dags/example_branch_operator.py for tasks to queue
[2024-10-13T09:29:48.044+0000] {logging_mixin.py:149} INFO - [2024-10-13T09:29:48.044+0000] {dagbag.py:541} INFO - Filling up the DagBag from /home/airflow/.local/lib/python3.7/site-packages/airflow/example_dags/example_branch_operator.py
[2024-10-13T09:29:48.054+0000] {processor.py:809} INFO - DAG(s) dict_keys(['example_branch_operator']) retrieved from /home/airflow/.local/lib/python3.7/site-packages/airflow/example_dags/example_branch_operator.py
[2024-10-13T09:29:48.095+0000] {logging_mixin.py:149} INFO - [2024-10-13T09:29:48.095+0000] {dag.py:2726} INFO - Sync 1 DAGs
[2024-10-13T09:29:48.135+0000] {logging_mixin.py:149} INFO - [2024-10-13T09:29:48.135+0000] {dag.py:3490} INFO - Setting next_dagrun for example_branch_operator to 2024-10-12T00:00:00+00:00, run_after=2024-10-13T00:00:00+00:00
[2024-10-13T09:29:48.158+0000] {processor.py:178} INFO - Processing /home/airflow/.local/lib/python3.7/site-packages/airflow/example_dags/example_branch_operator.py took 0.119 seconds
[2024-10-13T09:30:18.619+0000] {processor.py:156} INFO - Started process (PID=451) to work on /home/airflow/.local/lib/python3.7/site-packages/airflow/example_dags/example_branch_operator.py
[2024-10-13T09:30:18.619+0000] {processor.py:799} INFO - Processing file /home/airflow/.local/lib/python3.7/site-packages/airflow/example_dags/example_branch_operator.py for tasks to queue
[2024-10-13T09:30:18.620+0000] {logging_mixin.py:149} INFO - [2024-10-13T09:30:18.620+0000] {dagbag.py:541} INFO - Filling up the DagBag from /home/airflow/.local/lib/python3.7/site-packages/airflow/example_dags/example_branch_operator.py
[2024-10-13T09:30:18.630+0000] {processor.py:809} INFO - DAG(s) dict_keys(['example_branch_operator']) retrieved from /home/airflow/.local/lib/python3.7/site-packages/airflow/example_dags/example_branch_operator.py
[2024-10-13T09:30:18.661+0000] {logging_mixin.py:149} INFO - [2024-10-13T09:30:18.661+0000] {dag.py:2726} INFO - Sync 1 DAGs
[2024-10-13T09:30:18.692+0000] {logging_mixin.py:149} INFO - [2024-10-13T09:30:18.692+0000] {dag.py:3490} INFO - Setting next_dagrun for example_branch_operator to 2024-10-12T00:00:00+00:00, run_after=2024-10-13T00:00:00+00:00
[2024-10-13T09:30:18.712+0000] {processor.py:178} INFO - Processing /home/airflow/.local/lib/python3.7/site-packages/airflow/example_dags/example_branch_operator.py took 0.097 seconds
[2024-10-13T09:30:49.294+0000] {processor.py:156} INFO - Started process (PID=512) to work on /home/airflow/.local/lib/python3.7/site-packages/airflow/example_dags/example_branch_operator.py
[2024-10-13T09:30:49.296+0000] {processor.py:799} INFO - Processing file /home/airflow/.local/lib/python3.7/site-packages/airflow/example_dags/example_branch_operator.py for tasks to queue
[2024-10-13T09:30:49.296+0000] {logging_mixin.py:149} INFO - [2024-10-13T09:30:49.296+0000] {dagbag.py:541} INFO - Filling up the DagBag from /home/airflow/.local/lib/python3.7/site-packages/airflow/example_dags/example_branch_operator.py
[2024-10-13T09:30:49.310+0000] {processor.py:809} INFO - DAG(s) dict_keys(['example_branch_operator']) retrieved from /home/airflow/.local/lib/python3.7/site-packages/airflow/example_dags/example_branch_operator.py
[2024-10-13T09:30:49.354+0000] {logging_mixin.py:149} INFO - [2024-10-13T09:30:49.354+0000] {dag.py:2726} INFO - Sync 1 DAGs
[2024-10-13T09:30:49.407+0000] {logging_mixin.py:149} INFO - [2024-10-13T09:30:49.407+0000] {dag.py:3490} INFO - Setting next_dagrun for example_branch_operator to 2024-10-12T00:00:00+00:00, run_after=2024-10-13T00:00:00+00:00
[2024-10-13T09:30:49.444+0000] {processor.py:178} INFO - Processing /home/airflow/.local/lib/python3.7/site-packages/airflow/example_dags/example_branch_operator.py took 0.154 seconds
[2024-10-13T09:31:19.898+0000] {processor.py:156} INFO - Started process (PID=573) to work on /home/airflow/.local/lib/python3.7/site-packages/airflow/example_dags/example_branch_operator.py
[2024-10-13T09:31:19.899+0000] {processor.py:799} INFO - Processing file /home/airflow/.local/lib/python3.7/site-packages/airflow/example_dags/example_branch_operator.py for tasks to queue
[2024-10-13T09:31:19.900+0000] {logging_mixin.py:149} INFO - [2024-10-13T09:31:19.900+0000] {dagbag.py:541} INFO - Filling up the DagBag from /home/airflow/.local/lib/python3.7/site-packages/airflow/example_dags/example_branch_operator.py
[2024-10-13T09:31:19.913+0000] {processor.py:809} INFO - DAG(s) dict_keys(['example_branch_operator']) retrieved from /home/airflow/.local/lib/python3.7/site-packages/airflow/example_dags/example_branch_operator.py
[2024-10-13T09:31:19.958+0000] {logging_mixin.py:149} INFO - [2024-10-13T09:31:19.958+0000] {dag.py:2726} INFO - Sync 1 DAGs
[2024-10-13T09:31:19.998+0000] {logging_mixin.py:149} INFO - [2024-10-13T09:31:19.998+0000] {dag.py:3490} INFO - Setting next_dagrun for example_branch_operator to 2024-10-12T00:00:00+00:00, run_after=2024-10-13T00:00:00+00:00
[2024-10-13T09:31:20.024+0000] {processor.py:178} INFO - Processing /home/airflow/.local/lib/python3.7/site-packages/airflow/example_dags/example_branch_operator.py took 0.129 seconds
[2024-10-13T09:31:50.884+0000] {processor.py:156} INFO - Started process (PID=634) to work on /home/airflow/.local/lib/python3.7/site-packages/airflow/example_dags/example_branch_operator.py
[2024-10-13T09:31:50.885+0000] {processor.py:799} INFO - Processing file /home/airflow/.local/lib/python3.7/site-packages/airflow/example_dags/example_branch_operator.py for tasks to queue
[2024-10-13T09:31:50.885+0000] {logging_mixin.py:149} INFO - [2024-10-13T09:31:50.885+0000] {dagbag.py:541} INFO - Filling up the DagBag from /home/airflow/.local/lib/python3.7/site-packages/airflow/example_dags/example_branch_operator.py
[2024-10-13T09:31:50.896+0000] {processor.py:809} INFO - DAG(s) dict_keys(['example_branch_operator']) retrieved from /home/airflow/.local/lib/python3.7/site-packages/airflow/example_dags/example_branch_operator.py
[2024-10-13T09:31:50.929+0000] {logging_mixin.py:149} INFO - [2024-10-13T09:31:50.929+0000] {dag.py:2726} INFO - Sync 1 DAGs
[2024-10-13T09:31:50.962+0000] {logging_mixin.py:149} INFO - [2024-10-13T09:31:50.962+0000] {dag.py:3490} INFO - Setting next_dagrun for example_branch_operator to 2024-10-12T00:00:00+00:00, run_after=2024-10-13T00:00:00+00:00
[2024-10-13T09:31:50.986+0000] {processor.py:178} INFO - Processing /home/airflow/.local/lib/python3.7/site-packages/airflow/example_dags/example_branch_operator.py took 0.106 seconds
[2024-10-13T09:32:21.277+0000] {processor.py:156} INFO - Started process (PID=695) to work on /home/airflow/.local/lib/python3.7/site-packages/airflow/example_dags/example_branch_operator.py
[2024-10-13T09:32:21.278+0000] {processor.py:799} INFO - Processing file /home/airflow/.local/lib/python3.7/site-packages/airflow/example_dags/example_branch_operator.py for tasks to queue
[2024-10-13T09:32:21.278+0000] {logging_mixin.py:149} INFO - [2024-10-13T09:32:21.278+0000] {dagbag.py:541} INFO - Filling up the DagBag from /home/airflow/.local/lib/python3.7/site-packages/airflow/example_dags/example_branch_operator.py
[2024-10-13T09:32:21.288+0000] {processor.py:809} INFO - DAG(s) dict_keys(['example_branch_operator']) retrieved from /home/airflow/.local/lib/python3.7/site-packages/airflow/example_dags/example_branch_operator.py
[2024-10-13T09:32:21.316+0000] {logging_mixin.py:149} INFO - [2024-10-13T09:32:21.316+0000] {dag.py:2726} INFO - Sync 1 DAGs
[2024-10-13T09:32:21.347+0000] {logging_mixin.py:149} INFO - [2024-10-13T09:32:21.347+0000] {dag.py:3490} INFO - Setting next_dagrun for example_branch_operator to 2024-10-12T00:00:00+00:00, run_after=2024-10-13T00:00:00+00:00
[2024-10-13T09:32:21.366+0000] {processor.py:178} INFO - Processing /home/airflow/.local/lib/python3.7/site-packages/airflow/example_dags/example_branch_operator.py took 0.093 seconds
[2024-10-13T09:32:51.975+0000] {processor.py:156} INFO - Started process (PID=756) to work on /home/airflow/.local/lib/python3.7/site-packages/airflow/example_dags/example_branch_operator.py
[2024-10-13T09:32:51.977+0000] {processor.py:799} INFO - Processing file /home/airflow/.local/lib/python3.7/site-packages/airflow/example_dags/example_branch_operator.py for tasks to queue
[2024-10-13T09:32:51.978+0000] {logging_mixin.py:149} INFO - [2024-10-13T09:32:51.978+0000] {dagbag.py:541} INFO - Filling up the DagBag from /home/airflow/.local/lib/python3.7/site-packages/airflow/example_dags/example_branch_operator.py
[2024-10-13T09:32:52.000+0000] {processor.py:809} INFO - DAG(s) dict_keys(['example_branch_operator']) retrieved from /home/airflow/.local/lib/python3.7/site-packages/airflow/example_dags/example_branch_operator.py
[2024-10-13T09:32:52.042+0000] {logging_mixin.py:149} INFO - [2024-10-13T09:32:52.042+0000] {dag.py:2726} INFO - Sync 1 DAGs
[2024-10-13T09:32:52.090+0000] {logging_mixin.py:149} INFO - [2024-10-13T09:32:52.090+0000] {dag.py:3490} INFO - Setting next_dagrun for example_branch_operator to 2024-10-12T00:00:00+00:00, run_after=2024-10-13T00:00:00+00:00
[2024-10-13T09:32:52.132+0000] {processor.py:178} INFO - Processing /home/airflow/.local/lib/python3.7/site-packages/airflow/example_dags/example_branch_operator.py took 0.164 seconds
[2024-10-13T09:33:22.802+0000] {processor.py:156} INFO - Started process (PID=817) to work on /home/airflow/.local/lib/python3.7/site-packages/airflow/example_dags/example_branch_operator.py
[2024-10-13T09:33:22.802+0000] {processor.py:799} INFO - Processing file /home/airflow/.local/lib/python3.7/site-packages/airflow/example_dags/example_branch_operator.py for tasks to queue
[2024-10-13T09:33:22.803+0000] {logging_mixin.py:149} INFO - [2024-10-13T09:33:22.803+0000] {dagbag.py:541} INFO - Filling up the DagBag from /home/airflow/.local/lib/python3.7/site-packages/airflow/example_dags/example_branch_operator.py
[2024-10-13T09:33:22.813+0000] {processor.py:809} INFO - DAG(s) dict_keys(['example_branch_operator']) retrieved from /home/airflow/.local/lib/python3.7/site-packages/airflow/example_dags/example_branch_operator.py
[2024-10-13T09:33:22.853+0000] {logging_mixin.py:149} INFO - [2024-10-13T09:33:22.852+0000] {dag.py:2726} INFO - Sync 1 DAGs
[2024-10-13T09:33:22.895+0000] {logging_mixin.py:149} INFO - [2024-10-13T09:33:22.895+0000] {dag.py:3490} INFO - Setting next_dagrun for example_branch_operator to 2024-10-12T00:00:00+00:00, run_after=2024-10-13T00:00:00+00:00
[2024-10-13T09:33:22.919+0000] {processor.py:178} INFO - Processing /home/airflow/.local/lib/python3.7/site-packages/airflow/example_dags/example_branch_operator.py took 0.122 seconds
[2024-10-13T09:33:53.218+0000] {processor.py:156} INFO - Started process (PID=879) to work on /home/airflow/.local/lib/python3.7/site-packages/airflow/example_dags/example_branch_operator.py
[2024-10-13T09:33:53.219+0000] {processor.py:799} INFO - Processing file /home/airflow/.local/lib/python3.7/site-packages/airflow/example_dags/example_branch_operator.py for tasks to queue
[2024-10-13T09:33:53.220+0000] {logging_mixin.py:149} INFO - [2024-10-13T09:33:53.220+0000] {dagbag.py:541} INFO - Filling up the DagBag from /home/airflow/.local/lib/python3.7/site-packages/airflow/example_dags/example_branch_operator.py
[2024-10-13T09:33:53.231+0000] {processor.py:809} INFO - DAG(s) dict_keys(['example_branch_operator']) retrieved from /home/airflow/.local/lib/python3.7/site-packages/airflow/example_dags/example_branch_operator.py
[2024-10-13T09:33:53.274+0000] {logging_mixin.py:149} INFO - [2024-10-13T09:33:53.274+0000] {dag.py:2726} INFO - Sync 1 DAGs
[2024-10-13T09:33:53.308+0000] {logging_mixin.py:149} INFO - [2024-10-13T09:33:53.308+0000] {dag.py:3490} INFO - Setting next_dagrun for example_branch_operator to 2024-10-12T00:00:00+00:00, run_after=2024-10-13T00:00:00+00:00
[2024-10-13T09:33:53.330+0000] {processor.py:178} INFO - Processing /home/airflow/.local/lib/python3.7/site-packages/airflow/example_dags/example_branch_operator.py took 0.116 seconds
[2024-10-13T09:34:24.023+0000] {processor.py:156} INFO - Started process (PID=940) to work on /home/airflow/.local/lib/python3.7/site-packages/airflow/example_dags/example_branch_operator.py
[2024-10-13T09:34:24.024+0000] {processor.py:799} INFO - Processing file /home/airflow/.local/lib/python3.7/site-packages/airflow/example_dags/example_branch_operator.py for tasks to queue
[2024-10-13T09:34:24.025+0000] {logging_mixin.py:149} INFO - [2024-10-13T09:34:24.024+0000] {dagbag.py:541} INFO - Filling up the DagBag from /home/airflow/.local/lib/python3.7/site-packages/airflow/example_dags/example_branch_operator.py
[2024-10-13T09:34:24.038+0000] {processor.py:809} INFO - DAG(s) dict_keys(['example_branch_operator']) retrieved from /home/airflow/.local/lib/python3.7/site-packages/airflow/example_dags/example_branch_operator.py
[2024-10-13T09:34:24.074+0000] {logging_mixin.py:149} INFO - [2024-10-13T09:34:24.074+0000] {dag.py:2726} INFO - Sync 1 DAGs
[2024-10-13T09:34:24.116+0000] {logging_mixin.py:149} INFO - [2024-10-13T09:34:24.116+0000] {dag.py:3490} INFO - Setting next_dagrun for example_branch_operator to 2024-10-12T00:00:00+00:00, run_after=2024-10-13T00:00:00+00:00
[2024-10-13T09:34:24.140+0000] {processor.py:178} INFO - Processing /home/airflow/.local/lib/python3.7/site-packages/airflow/example_dags/example_branch_operator.py took 0.121 seconds
[2024-10-13T09:34:54.482+0000] {processor.py:156} INFO - Started process (PID=1001) to work on /home/airflow/.local/lib/python3.7/site-packages/airflow/example_dags/example_branch_operator.py
[2024-10-13T09:34:54.483+0000] {processor.py:799} INFO - Processing file /home/airflow/.local/lib/python3.7/site-packages/airflow/example_dags/example_branch_operator.py for tasks to queue
[2024-10-13T09:34:54.484+0000] {logging_mixin.py:149} INFO - [2024-10-13T09:34:54.484+0000] {dagbag.py:541} INFO - Filling up the DagBag from /home/airflow/.local/lib/python3.7/site-packages/airflow/example_dags/example_branch_operator.py
[2024-10-13T09:34:54.495+0000] {processor.py:809} INFO - DAG(s) dict_keys(['example_branch_operator']) retrieved from /home/airflow/.local/lib/python3.7/site-packages/airflow/example_dags/example_branch_operator.py
[2024-10-13T09:34:54.537+0000] {logging_mixin.py:149} INFO - [2024-10-13T09:34:54.537+0000] {dag.py:2726} INFO - Sync 1 DAGs
[2024-10-13T09:34:54.570+0000] {logging_mixin.py:149} INFO - [2024-10-13T09:34:54.570+0000] {dag.py:3490} INFO - Setting next_dagrun for example_branch_operator to 2024-10-12T00:00:00+00:00, run_after=2024-10-13T00:00:00+00:00
[2024-10-13T09:34:54.595+0000] {processor.py:178} INFO - Processing /home/airflow/.local/lib/python3.7/site-packages/airflow/example_dags/example_branch_operator.py took 0.116 seconds
[2024-10-13T09:35:25.608+0000] {processor.py:156} INFO - Started process (PID=1071) to work on /home/airflow/.local/lib/python3.7/site-packages/airflow/example_dags/example_branch_operator.py
[2024-10-13T09:35:25.609+0000] {processor.py:799} INFO - Processing file /home/airflow/.local/lib/python3.7/site-packages/airflow/example_dags/example_branch_operator.py for tasks to queue
[2024-10-13T09:35:25.610+0000] {logging_mixin.py:149} INFO - [2024-10-13T09:35:25.610+0000] {dagbag.py:541} INFO - Filling up the DagBag from /home/airflow/.local/lib/python3.7/site-packages/airflow/example_dags/example_branch_operator.py
[2024-10-13T09:35:25.620+0000] {processor.py:809} INFO - DAG(s) dict_keys(['example_branch_operator']) retrieved from /home/airflow/.local/lib/python3.7/site-packages/airflow/example_dags/example_branch_operator.py
[2024-10-13T09:35:25.651+0000] {logging_mixin.py:149} INFO - [2024-10-13T09:35:25.651+0000] {dag.py:2726} INFO - Sync 1 DAGs
[2024-10-13T09:35:25.687+0000] {logging_mixin.py:149} INFO - [2024-10-13T09:35:25.687+0000] {dag.py:3490} INFO - Setting next_dagrun for example_branch_operator to 2024-10-12T00:00:00+00:00, run_after=2024-10-13T00:00:00+00:00
[2024-10-13T09:35:25.709+0000] {processor.py:178} INFO - Processing /home/airflow/.local/lib/python3.7/site-packages/airflow/example_dags/example_branch_operator.py took 0.105 seconds
[2024-10-13T09:35:56.467+0000] {processor.py:156} INFO - Started process (PID=1132) to work on /home/airflow/.local/lib/python3.7/site-packages/airflow/example_dags/example_branch_operator.py
[2024-10-13T09:35:56.468+0000] {processor.py:799} INFO - Processing file /home/airflow/.local/lib/python3.7/site-packages/airflow/example_dags/example_branch_operator.py for tasks to queue
[2024-10-13T09:35:56.468+0000] {logging_mixin.py:149} INFO - [2024-10-13T09:35:56.468+0000] {dagbag.py:541} INFO - Filling up the DagBag from /home/airflow/.local/lib/python3.7/site-packages/airflow/example_dags/example_branch_operator.py
[2024-10-13T09:35:56.479+0000] {processor.py:809} INFO - DAG(s) dict_keys(['example_branch_operator']) retrieved from /home/airflow/.local/lib/python3.7/site-packages/airflow/example_dags/example_branch_operator.py
[2024-10-13T09:35:56.519+0000] {logging_mixin.py:149} INFO - [2024-10-13T09:35:56.519+0000] {dag.py:2726} INFO - Sync 1 DAGs
[2024-10-13T09:35:56.566+0000] {logging_mixin.py:149} INFO - [2024-10-13T09:35:56.566+0000] {dag.py:3490} INFO - Setting next_dagrun for example_branch_operator to 2024-10-12T00:00:00+00:00, run_after=2024-10-13T00:00:00+00:00
[2024-10-13T09:35:56.603+0000] {processor.py:178} INFO - Processing /home/airflow/.local/lib/python3.7/site-packages/airflow/example_dags/example_branch_operator.py took 0.140 seconds
[2024-10-13T09:36:26.966+0000] {processor.py:156} INFO - Started process (PID=1194) to work on /home/airflow/.local/lib/python3.7/site-packages/airflow/example_dags/example_branch_operator.py
[2024-10-13T09:36:26.967+0000] {processor.py:799} INFO - Processing file /home/airflow/.local/lib/python3.7/site-packages/airflow/example_dags/example_branch_operator.py for tasks to queue
[2024-10-13T09:36:26.967+0000] {logging_mixin.py:149} INFO - [2024-10-13T09:36:26.967+0000] {dagbag.py:541} INFO - Filling up the DagBag from /home/airflow/.local/lib/python3.7/site-packages/airflow/example_dags/example_branch_operator.py
[2024-10-13T09:36:26.980+0000] {processor.py:809} INFO - DAG(s) dict_keys(['example_branch_operator']) retrieved from /home/airflow/.local/lib/python3.7/site-packages/airflow/example_dags/example_branch_operator.py
[2024-10-13T09:36:27.013+0000] {logging_mixin.py:149} INFO - [2024-10-13T09:36:27.013+0000] {dag.py:2726} INFO - Sync 1 DAGs
[2024-10-13T09:36:27.051+0000] {logging_mixin.py:149} INFO - [2024-10-13T09:36:27.051+0000] {dag.py:3490} INFO - Setting next_dagrun for example_branch_operator to 2024-10-12T00:00:00+00:00, run_after=2024-10-13T00:00:00+00:00
[2024-10-13T09:36:27.074+0000] {processor.py:178} INFO - Processing /home/airflow/.local/lib/python3.7/site-packages/airflow/example_dags/example_branch_operator.py took 0.113 seconds
[2024-10-13T09:36:57.895+0000] {processor.py:156} INFO - Started process (PID=1255) to work on /home/airflow/.local/lib/python3.7/site-packages/airflow/example_dags/example_branch_operator.py
[2024-10-13T09:36:57.896+0000] {processor.py:799} INFO - Processing file /home/airflow/.local/lib/python3.7/site-packages/airflow/example_dags/example_branch_operator.py for tasks to queue
[2024-10-13T09:36:57.897+0000] {logging_mixin.py:149} INFO - [2024-10-13T09:36:57.896+0000] {dagbag.py:541} INFO - Filling up the DagBag from /home/airflow/.local/lib/python3.7/site-packages/airflow/example_dags/example_branch_operator.py
[2024-10-13T09:36:57.907+0000] {processor.py:809} INFO - DAG(s) dict_keys(['example_branch_operator']) retrieved from /home/airflow/.local/lib/python3.7/site-packages/airflow/example_dags/example_branch_operator.py
[2024-10-13T09:36:57.950+0000] {logging_mixin.py:149} INFO - [2024-10-13T09:36:57.949+0000] {dag.py:2726} INFO - Sync 1 DAGs
[2024-10-13T09:36:57.986+0000] {logging_mixin.py:149} INFO - [2024-10-13T09:36:57.985+0000] {dag.py:3490} INFO - Setting next_dagrun for example_branch_operator to 2024-10-12T00:00:00+00:00, run_after=2024-10-13T00:00:00+00:00
[2024-10-13T09:36:58.014+0000] {processor.py:178} INFO - Processing /home/airflow/.local/lib/python3.7/site-packages/airflow/example_dags/example_branch_operator.py took 0.123 seconds
[2024-10-13T09:37:28.358+0000] {processor.py:156} INFO - Started process (PID=1317) to work on /home/airflow/.local/lib/python3.7/site-packages/airflow/example_dags/example_branch_operator.py
[2024-10-13T09:37:28.359+0000] {processor.py:799} INFO - Processing file /home/airflow/.local/lib/python3.7/site-packages/airflow/example_dags/example_branch_operator.py for tasks to queue
[2024-10-13T09:37:28.359+0000] {logging_mixin.py:149} INFO - [2024-10-13T09:37:28.359+0000] {dagbag.py:541} INFO - Filling up the DagBag from /home/airflow/.local/lib/python3.7/site-packages/airflow/example_dags/example_branch_operator.py
[2024-10-13T09:37:28.374+0000] {processor.py:809} INFO - DAG(s) dict_keys(['example_branch_operator']) retrieved from /home/airflow/.local/lib/python3.7/site-packages/airflow/example_dags/example_branch_operator.py
[2024-10-13T09:37:28.408+0000] {logging_mixin.py:149} INFO - [2024-10-13T09:37:28.408+0000] {dag.py:2726} INFO - Sync 1 DAGs
[2024-10-13T09:37:28.441+0000] {logging_mixin.py:149} INFO - [2024-10-13T09:37:28.441+0000] {dag.py:3490} INFO - Setting next_dagrun for example_branch_operator to 2024-10-12T00:00:00+00:00, run_after=2024-10-13T00:00:00+00:00
[2024-10-13T09:37:28.468+0000] {processor.py:178} INFO - Processing /home/airflow/.local/lib/python3.7/site-packages/airflow/example_dags/example_branch_operator.py took 0.114 seconds
[2024-10-13T09:37:58.903+0000] {processor.py:156} INFO - Started process (PID=1377) to work on /home/airflow/.local/lib/python3.7/site-packages/airflow/example_dags/example_branch_operator.py
[2024-10-13T09:37:58.904+0000] {processor.py:799} INFO - Processing file /home/airflow/.local/lib/python3.7/site-packages/airflow/example_dags/example_branch_operator.py for tasks to queue
[2024-10-13T09:37:58.905+0000] {logging_mixin.py:149} INFO - [2024-10-13T09:37:58.905+0000] {dagbag.py:541} INFO - Filling up the DagBag from /home/airflow/.local/lib/python3.7/site-packages/airflow/example_dags/example_branch_operator.py
[2024-10-13T09:37:58.920+0000] {processor.py:809} INFO - DAG(s) dict_keys(['example_branch_operator']) retrieved from /home/airflow/.local/lib/python3.7/site-packages/airflow/example_dags/example_branch_operator.py
[2024-10-13T09:37:58.974+0000] {logging_mixin.py:149} INFO - [2024-10-13T09:37:58.974+0000] {dag.py:2726} INFO - Sync 1 DAGs
[2024-10-13T09:37:59.014+0000] {logging_mixin.py:149} INFO - [2024-10-13T09:37:59.014+0000] {dag.py:3490} INFO - Setting next_dagrun for example_branch_operator to 2024-10-12T00:00:00+00:00, run_after=2024-10-13T00:00:00+00:00
[2024-10-13T09:37:59.039+0000] {processor.py:178} INFO - Processing /home/airflow/.local/lib/python3.7/site-packages/airflow/example_dags/example_branch_operator.py took 0.140 seconds
[2024-10-13T09:38:29.637+0000] {processor.py:156} INFO - Started process (PID=1438) to work on /home/airflow/.local/lib/python3.7/site-packages/airflow/example_dags/example_branch_operator.py
[2024-10-13T09:38:29.638+0000] {processor.py:799} INFO - Processing file /home/airflow/.local/lib/python3.7/site-packages/airflow/example_dags/example_branch_operator.py for tasks to queue
[2024-10-13T09:38:29.638+0000] {logging_mixin.py:149} INFO - [2024-10-13T09:38:29.638+0000] {dagbag.py:541} INFO - Filling up the DagBag from /home/airflow/.local/lib/python3.7/site-packages/airflow/example_dags/example_branch_operator.py
[2024-10-13T09:38:29.649+0000] {processor.py:809} INFO - DAG(s) dict_keys(['example_branch_operator']) retrieved from /home/airflow/.local/lib/python3.7/site-packages/airflow/example_dags/example_branch_operator.py
[2024-10-13T09:38:29.688+0000] {logging_mixin.py:149} INFO - [2024-10-13T09:38:29.688+0000] {dag.py:2726} INFO - Sync 1 DAGs
[2024-10-13T09:38:29.722+0000] {logging_mixin.py:149} INFO - [2024-10-13T09:38:29.721+0000] {dag.py:3490} INFO - Setting next_dagrun for example_branch_operator to 2024-10-12T00:00:00+00:00, run_after=2024-10-13T00:00:00+00:00
[2024-10-13T09:38:29.747+0000] {processor.py:178} INFO - Processing /home/airflow/.local/lib/python3.7/site-packages/airflow/example_dags/example_branch_operator.py took 0.114 seconds
[2024-10-13T09:39:00.221+0000] {processor.py:156} INFO - Started process (PID=1499) to work on /home/airflow/.local/lib/python3.7/site-packages/airflow/example_dags/example_branch_operator.py
[2024-10-13T09:39:00.222+0000] {processor.py:799} INFO - Processing file /home/airflow/.local/lib/python3.7/site-packages/airflow/example_dags/example_branch_operator.py for tasks to queue
[2024-10-13T09:39:00.223+0000] {logging_mixin.py:149} INFO - [2024-10-13T09:39:00.223+0000] {dagbag.py:541} INFO - Filling up the DagBag from /home/airflow/.local/lib/python3.7/site-packages/airflow/example_dags/example_branch_operator.py
[2024-10-13T09:39:00.232+0000] {processor.py:809} INFO - DAG(s) dict_keys(['example_branch_operator']) retrieved from /home/airflow/.local/lib/python3.7/site-packages/airflow/example_dags/example_branch_operator.py
[2024-10-13T09:39:00.264+0000] {logging_mixin.py:149} INFO - [2024-10-13T09:39:00.263+0000] {dag.py:2726} INFO - Sync 1 DAGs
[2024-10-13T09:39:00.291+0000] {logging_mixin.py:149} INFO - [2024-10-13T09:39:00.291+0000] {dag.py:3490} INFO - Setting next_dagrun for example_branch_operator to 2024-10-12T00:00:00+00:00, run_after=2024-10-13T00:00:00+00:00
[2024-10-13T09:39:00.323+0000] {processor.py:178} INFO - Processing /home/airflow/.local/lib/python3.7/site-packages/airflow/example_dags/example_branch_operator.py took 0.105 seconds
[2024-10-13T09:39:30.935+0000] {processor.py:156} INFO - Started process (PID=1560) to work on /home/airflow/.local/lib/python3.7/site-packages/airflow/example_dags/example_branch_operator.py
[2024-10-13T09:39:30.935+0000] {processor.py:799} INFO - Processing file /home/airflow/.local/lib/python3.7/site-packages/airflow/example_dags/example_branch_operator.py for tasks to queue
[2024-10-13T09:39:30.936+0000] {logging_mixin.py:149} INFO - [2024-10-13T09:39:30.936+0000] {dagbag.py:541} INFO - Filling up the DagBag from /home/airflow/.local/lib/python3.7/site-packages/airflow/example_dags/example_branch_operator.py
[2024-10-13T09:39:30.946+0000] {processor.py:809} INFO - DAG(s) dict_keys(['example_branch_operator']) retrieved from /home/airflow/.local/lib/python3.7/site-packages/airflow/example_dags/example_branch_operator.py
[2024-10-13T09:39:30.979+0000] {logging_mixin.py:149} INFO - [2024-10-13T09:39:30.979+0000] {dag.py:2726} INFO - Sync 1 DAGs
[2024-10-13T09:39:31.014+0000] {logging_mixin.py:149} INFO - [2024-10-13T09:39:31.014+0000] {dag.py:3490} INFO - Setting next_dagrun for example_branch_operator to 2024-10-12T00:00:00+00:00, run_after=2024-10-13T00:00:00+00:00
[2024-10-13T09:39:31.035+0000] {processor.py:178} INFO - Processing /home/airflow/.local/lib/python3.7/site-packages/airflow/example_dags/example_branch_operator.py took 0.104 seconds
[2024-10-13T09:40:01.340+0000] {processor.py:156} INFO - Started process (PID=1621) to work on /home/airflow/.local/lib/python3.7/site-packages/airflow/example_dags/example_branch_operator.py
[2024-10-13T09:40:01.340+0000] {processor.py:799} INFO - Processing file /home/airflow/.local/lib/python3.7/site-packages/airflow/example_dags/example_branch_operator.py for tasks to queue
[2024-10-13T09:40:01.341+0000] {logging_mixin.py:149} INFO - [2024-10-13T09:40:01.341+0000] {dagbag.py:541} INFO - Filling up the DagBag from /home/airflow/.local/lib/python3.7/site-packages/airflow/example_dags/example_branch_operator.py
[2024-10-13T09:40:01.351+0000] {processor.py:809} INFO - DAG(s) dict_keys(['example_branch_operator']) retrieved from /home/airflow/.local/lib/python3.7/site-packages/airflow/example_dags/example_branch_operator.py
[2024-10-13T09:40:01.383+0000] {logging_mixin.py:149} INFO - [2024-10-13T09:40:01.383+0000] {dag.py:2726} INFO - Sync 1 DAGs
[2024-10-13T09:40:01.413+0000] {logging_mixin.py:149} INFO - [2024-10-13T09:40:01.413+0000] {dag.py:3490} INFO - Setting next_dagrun for example_branch_operator to 2024-10-12T00:00:00+00:00, run_after=2024-10-13T00:00:00+00:00
[2024-10-13T09:40:01.432+0000] {processor.py:178} INFO - Processing /home/airflow/.local/lib/python3.7/site-packages/airflow/example_dags/example_branch_operator.py took 0.096 seconds
[2024-10-13T09:40:32.384+0000] {processor.py:156} INFO - Started process (PID=1682) to work on /home/airflow/.local/lib/python3.7/site-packages/airflow/example_dags/example_branch_operator.py
[2024-10-13T09:40:32.385+0000] {processor.py:799} INFO - Processing file /home/airflow/.local/lib/python3.7/site-packages/airflow/example_dags/example_branch_operator.py for tasks to queue
[2024-10-13T09:40:32.385+0000] {logging_mixin.py:149} INFO - [2024-10-13T09:40:32.385+0000] {dagbag.py:541} INFO - Filling up the DagBag from /home/airflow/.local/lib/python3.7/site-packages/airflow/example_dags/example_branch_operator.py
[2024-10-13T09:40:32.397+0000] {processor.py:809} INFO - DAG(s) dict_keys(['example_branch_operator']) retrieved from /home/airflow/.local/lib/python3.7/site-packages/airflow/example_dags/example_branch_operator.py
[2024-10-13T09:40:32.430+0000] {logging_mixin.py:149} INFO - [2024-10-13T09:40:32.430+0000] {dag.py:2726} INFO - Sync 1 DAGs
[2024-10-13T09:40:32.463+0000] {logging_mixin.py:149} INFO - [2024-10-13T09:40:32.463+0000] {dag.py:3490} INFO - Setting next_dagrun for example_branch_operator to 2024-10-12T00:00:00+00:00, run_after=2024-10-13T00:00:00+00:00
[2024-10-13T09:40:32.485+0000] {processor.py:178} INFO - Processing /home/airflow/.local/lib/python3.7/site-packages/airflow/example_dags/example_branch_operator.py took 0.105 seconds
[2024-10-13T09:41:02.894+0000] {processor.py:156} INFO - Started process (PID=1743) to work on /home/airflow/.local/lib/python3.7/site-packages/airflow/example_dags/example_branch_operator.py
[2024-10-13T09:41:02.895+0000] {processor.py:799} INFO - Processing file /home/airflow/.local/lib/python3.7/site-packages/airflow/example_dags/example_branch_operator.py for tasks to queue
[2024-10-13T09:41:02.895+0000] {logging_mixin.py:149} INFO - [2024-10-13T09:41:02.895+0000] {dagbag.py:541} INFO - Filling up the DagBag from /home/airflow/.local/lib/python3.7/site-packages/airflow/example_dags/example_branch_operator.py
[2024-10-13T09:41:02.905+0000] {processor.py:809} INFO - DAG(s) dict_keys(['example_branch_operator']) retrieved from /home/airflow/.local/lib/python3.7/site-packages/airflow/example_dags/example_branch_operator.py
[2024-10-13T09:41:02.933+0000] {logging_mixin.py:149} INFO - [2024-10-13T09:41:02.933+0000] {dag.py:2726} INFO - Sync 1 DAGs
[2024-10-13T09:41:02.962+0000] {logging_mixin.py:149} INFO - [2024-10-13T09:41:02.962+0000] {dag.py:3490} INFO - Setting next_dagrun for example_branch_operator to 2024-10-12T00:00:00+00:00, run_after=2024-10-13T00:00:00+00:00
[2024-10-13T09:41:02.982+0000] {processor.py:178} INFO - Processing /home/airflow/.local/lib/python3.7/site-packages/airflow/example_dags/example_branch_operator.py took 0.091 seconds
[2024-10-13T09:41:33.428+0000] {processor.py:156} INFO - Started process (PID=1804) to work on /home/airflow/.local/lib/python3.7/site-packages/airflow/example_dags/example_branch_operator.py
[2024-10-13T09:41:33.429+0000] {processor.py:799} INFO - Processing file /home/airflow/.local/lib/python3.7/site-packages/airflow/example_dags/example_branch_operator.py for tasks to queue
[2024-10-13T09:41:33.429+0000] {logging_mixin.py:149} INFO - [2024-10-13T09:41:33.429+0000] {dagbag.py:541} INFO - Filling up the DagBag from /home/airflow/.local/lib/python3.7/site-packages/airflow/example_dags/example_branch_operator.py
[2024-10-13T09:41:33.441+0000] {processor.py:809} INFO - DAG(s) dict_keys(['example_branch_operator']) retrieved from /home/airflow/.local/lib/python3.7/site-packages/airflow/example_dags/example_branch_operator.py
[2024-10-13T09:41:33.472+0000] {logging_mixin.py:149} INFO - [2024-10-13T09:41:33.472+0000] {dag.py:2726} INFO - Sync 1 DAGs
[2024-10-13T09:41:33.501+0000] {logging_mixin.py:149} INFO - [2024-10-13T09:41:33.501+0000] {dag.py:3490} INFO - Setting next_dagrun for example_branch_operator to 2024-10-12T00:00:00+00:00, run_after=2024-10-13T00:00:00+00:00
[2024-10-13T09:41:33.519+0000] {processor.py:178} INFO - Processing /home/airflow/.local/lib/python3.7/site-packages/airflow/example_dags/example_branch_operator.py took 0.095 seconds
[2024-10-13T09:42:03.895+0000] {processor.py:156} INFO - Started process (PID=1865) to work on /home/airflow/.local/lib/python3.7/site-packages/airflow/example_dags/example_branch_operator.py
[2024-10-13T09:42:03.896+0000] {processor.py:799} INFO - Processing file /home/airflow/.local/lib/python3.7/site-packages/airflow/example_dags/example_branch_operator.py for tasks to queue
[2024-10-13T09:42:03.897+0000] {logging_mixin.py:149} INFO - [2024-10-13T09:42:03.897+0000] {dagbag.py:541} INFO - Filling up the DagBag from /home/airflow/.local/lib/python3.7/site-packages/airflow/example_dags/example_branch_operator.py
[2024-10-13T09:42:03.908+0000] {processor.py:809} INFO - DAG(s) dict_keys(['example_branch_operator']) retrieved from /home/airflow/.local/lib/python3.7/site-packages/airflow/example_dags/example_branch_operator.py
[2024-10-13T09:42:03.937+0000] {logging_mixin.py:149} INFO - [2024-10-13T09:42:03.937+0000] {dag.py:2726} INFO - Sync 1 DAGs
[2024-10-13T09:42:03.968+0000] {logging_mixin.py:149} INFO - [2024-10-13T09:42:03.968+0000] {dag.py:3490} INFO - Setting next_dagrun for example_branch_operator to 2024-10-12T00:00:00+00:00, run_after=2024-10-13T00:00:00+00:00
[2024-10-13T09:42:03.990+0000] {processor.py:178} INFO - Processing /home/airflow/.local/lib/python3.7/site-packages/airflow/example_dags/example_branch_operator.py took 0.099 seconds
[2024-10-13T09:42:34.516+0000] {processor.py:156} INFO - Started process (PID=1926) to work on /home/airflow/.local/lib/python3.7/site-packages/airflow/example_dags/example_branch_operator.py
[2024-10-13T09:42:34.516+0000] {processor.py:799} INFO - Processing file /home/airflow/.local/lib/python3.7/site-packages/airflow/example_dags/example_branch_operator.py for tasks to queue
[2024-10-13T09:42:34.517+0000] {logging_mixin.py:149} INFO - [2024-10-13T09:42:34.517+0000] {dagbag.py:541} INFO - Filling up the DagBag from /home/airflow/.local/lib/python3.7/site-packages/airflow/example_dags/example_branch_operator.py
[2024-10-13T09:42:34.527+0000] {processor.py:809} INFO - DAG(s) dict_keys(['example_branch_operator']) retrieved from /home/airflow/.local/lib/python3.7/site-packages/airflow/example_dags/example_branch_operator.py
[2024-10-13T09:42:34.554+0000] {logging_mixin.py:149} INFO - [2024-10-13T09:42:34.554+0000] {dag.py:2726} INFO - Sync 1 DAGs
[2024-10-13T09:42:34.595+0000] {logging_mixin.py:149} INFO - [2024-10-13T09:42:34.595+0000] {dag.py:3490} INFO - Setting next_dagrun for example_branch_operator to 2024-10-12T00:00:00+00:00, run_after=2024-10-13T00:00:00+00:00
[2024-10-13T09:42:34.614+0000] {processor.py:178} INFO - Processing /home/airflow/.local/lib/python3.7/site-packages/airflow/example_dags/example_branch_operator.py took 0.102 seconds
[2024-10-13T09:43:05.739+0000] {processor.py:156} INFO - Started process (PID=1987) to work on /home/airflow/.local/lib/python3.7/site-packages/airflow/example_dags/example_branch_operator.py
[2024-10-13T09:43:05.740+0000] {processor.py:799} INFO - Processing file /home/airflow/.local/lib/python3.7/site-packages/airflow/example_dags/example_branch_operator.py for tasks to queue
[2024-10-13T09:43:05.740+0000] {logging_mixin.py:149} INFO - [2024-10-13T09:43:05.740+0000] {dagbag.py:541} INFO - Filling up the DagBag from /home/airflow/.local/lib/python3.7/site-packages/airflow/example_dags/example_branch_operator.py
[2024-10-13T09:43:05.750+0000] {processor.py:809} INFO - DAG(s) dict_keys(['example_branch_operator']) retrieved from /home/airflow/.local/lib/python3.7/site-packages/airflow/example_dags/example_branch_operator.py
[2024-10-13T09:43:05.784+0000] {logging_mixin.py:149} INFO - [2024-10-13T09:43:05.784+0000] {dag.py:2726} INFO - Sync 1 DAGs
[2024-10-13T09:43:05.810+0000] {logging_mixin.py:149} INFO - [2024-10-13T09:43:05.810+0000] {dag.py:3490} INFO - Setting next_dagrun for example_branch_operator to 2024-10-12T00:00:00+00:00, run_after=2024-10-13T00:00:00+00:00
[2024-10-13T09:43:05.830+0000] {processor.py:178} INFO - Processing /home/airflow/.local/lib/python3.7/site-packages/airflow/example_dags/example_branch_operator.py took 0.094 seconds
[2024-10-13T09:43:36.802+0000] {processor.py:156} INFO - Started process (PID=2048) to work on /home/airflow/.local/lib/python3.7/site-packages/airflow/example_dags/example_branch_operator.py
[2024-10-13T09:43:36.803+0000] {processor.py:799} INFO - Processing file /home/airflow/.local/lib/python3.7/site-packages/airflow/example_dags/example_branch_operator.py for tasks to queue
[2024-10-13T09:43:36.804+0000] {logging_mixin.py:149} INFO - [2024-10-13T09:43:36.804+0000] {dagbag.py:541} INFO - Filling up the DagBag from /home/airflow/.local/lib/python3.7/site-packages/airflow/example_dags/example_branch_operator.py
[2024-10-13T09:43:36.813+0000] {processor.py:809} INFO - DAG(s) dict_keys(['example_branch_operator']) retrieved from /home/airflow/.local/lib/python3.7/site-packages/airflow/example_dags/example_branch_operator.py
[2024-10-13T09:43:36.844+0000] {logging_mixin.py:149} INFO - [2024-10-13T09:43:36.843+0000] {dag.py:2726} INFO - Sync 1 DAGs
[2024-10-13T09:43:36.874+0000] {logging_mixin.py:149} INFO - [2024-10-13T09:43:36.874+0000] {dag.py:3490} INFO - Setting next_dagrun for example_branch_operator to 2024-10-12T00:00:00+00:00, run_after=2024-10-13T00:00:00+00:00
[2024-10-13T09:43:36.894+0000] {processor.py:178} INFO - Processing /home/airflow/.local/lib/python3.7/site-packages/airflow/example_dags/example_branch_operator.py took 0.096 seconds
[2024-10-13T09:44:07.248+0000] {processor.py:156} INFO - Started process (PID=2109) to work on /home/airflow/.local/lib/python3.7/site-packages/airflow/example_dags/example_branch_operator.py
[2024-10-13T09:44:07.249+0000] {processor.py:799} INFO - Processing file /home/airflow/.local/lib/python3.7/site-packages/airflow/example_dags/example_branch_operator.py for tasks to queue
[2024-10-13T09:44:07.250+0000] {logging_mixin.py:149} INFO - [2024-10-13T09:44:07.250+0000] {dagbag.py:541} INFO - Filling up the DagBag from /home/airflow/.local/lib/python3.7/site-packages/airflow/example_dags/example_branch_operator.py
[2024-10-13T09:44:07.259+0000] {processor.py:809} INFO - DAG(s) dict_keys(['example_branch_operator']) retrieved from /home/airflow/.local/lib/python3.7/site-packages/airflow/example_dags/example_branch_operator.py
[2024-10-13T09:44:07.295+0000] {logging_mixin.py:149} INFO - [2024-10-13T09:44:07.294+0000] {dag.py:2726} INFO - Sync 1 DAGs
[2024-10-13T09:44:07.332+0000] {logging_mixin.py:149} INFO - [2024-10-13T09:44:07.331+0000] {dag.py:3490} INFO - Setting next_dagrun for example_branch_operator to 2024-10-12T00:00:00+00:00, run_after=2024-10-13T00:00:00+00:00
[2024-10-13T09:44:07.350+0000] {processor.py:178} INFO - Processing /home/airflow/.local/lib/python3.7/site-packages/airflow/example_dags/example_branch_operator.py took 0.105 seconds
[2024-10-13T09:44:37.655+0000] {processor.py:156} INFO - Started process (PID=2170) to work on /home/airflow/.local/lib/python3.7/site-packages/airflow/example_dags/example_branch_operator.py
[2024-10-13T09:44:37.656+0000] {processor.py:799} INFO - Processing file /home/airflow/.local/lib/python3.7/site-packages/airflow/example_dags/example_branch_operator.py for tasks to queue
[2024-10-13T09:44:37.656+0000] {logging_mixin.py:149} INFO - [2024-10-13T09:44:37.656+0000] {dagbag.py:541} INFO - Filling up the DagBag from /home/airflow/.local/lib/python3.7/site-packages/airflow/example_dags/example_branch_operator.py
[2024-10-13T09:44:37.666+0000] {processor.py:809} INFO - DAG(s) dict_keys(['example_branch_operator']) retrieved from /home/airflow/.local/lib/python3.7/site-packages/airflow/example_dags/example_branch_operator.py
[2024-10-13T09:44:37.695+0000] {logging_mixin.py:149} INFO - [2024-10-13T09:44:37.695+0000] {dag.py:2726} INFO - Sync 1 DAGs
[2024-10-13T09:44:37.727+0000] {logging_mixin.py:149} INFO - [2024-10-13T09:44:37.727+0000] {dag.py:3490} INFO - Setting next_dagrun for example_branch_operator to 2024-10-12T00:00:00+00:00, run_after=2024-10-13T00:00:00+00:00
[2024-10-13T09:44:37.746+0000] {processor.py:178} INFO - Processing /home/airflow/.local/lib/python3.7/site-packages/airflow/example_dags/example_branch_operator.py took 0.095 seconds
[2024-10-13T09:45:08.099+0000] {processor.py:156} INFO - Started process (PID=2231) to work on /home/airflow/.local/lib/python3.7/site-packages/airflow/example_dags/example_branch_operator.py
[2024-10-13T09:45:08.100+0000] {processor.py:799} INFO - Processing file /home/airflow/.local/lib/python3.7/site-packages/airflow/example_dags/example_branch_operator.py for tasks to queue
[2024-10-13T09:45:08.100+0000] {logging_mixin.py:149} INFO - [2024-10-13T09:45:08.100+0000] {dagbag.py:541} INFO - Filling up the DagBag from /home/airflow/.local/lib/python3.7/site-packages/airflow/example_dags/example_branch_operator.py
[2024-10-13T09:45:08.110+0000] {processor.py:809} INFO - DAG(s) dict_keys(['example_branch_operator']) retrieved from /home/airflow/.local/lib/python3.7/site-packages/airflow/example_dags/example_branch_operator.py
[2024-10-13T09:45:08.138+0000] {logging_mixin.py:149} INFO - [2024-10-13T09:45:08.138+0000] {dag.py:2726} INFO - Sync 1 DAGs
[2024-10-13T09:45:08.169+0000] {logging_mixin.py:149} INFO - [2024-10-13T09:45:08.169+0000] {dag.py:3490} INFO - Setting next_dagrun for example_branch_operator to 2024-10-12T00:00:00+00:00, run_after=2024-10-13T00:00:00+00:00
[2024-10-13T09:45:08.192+0000] {processor.py:178} INFO - Processing /home/airflow/.local/lib/python3.7/site-packages/airflow/example_dags/example_branch_operator.py took 0.096 seconds
[2024-10-13T09:45:38.512+0000] {processor.py:156} INFO - Started process (PID=2292) to work on /home/airflow/.local/lib/python3.7/site-packages/airflow/example_dags/example_branch_operator.py
[2024-10-13T09:45:38.512+0000] {processor.py:799} INFO - Processing file /home/airflow/.local/lib/python3.7/site-packages/airflow/example_dags/example_branch_operator.py for tasks to queue
[2024-10-13T09:45:38.513+0000] {logging_mixin.py:149} INFO - [2024-10-13T09:45:38.513+0000] {dagbag.py:541} INFO - Filling up the DagBag from /home/airflow/.local/lib/python3.7/site-packages/airflow/example_dags/example_branch_operator.py
[2024-10-13T09:45:38.524+0000] {processor.py:809} INFO - DAG(s) dict_keys(['example_branch_operator']) retrieved from /home/airflow/.local/lib/python3.7/site-packages/airflow/example_dags/example_branch_operator.py
[2024-10-13T09:45:38.552+0000] {logging_mixin.py:149} INFO - [2024-10-13T09:45:38.552+0000] {dag.py:2726} INFO - Sync 1 DAGs
[2024-10-13T09:45:38.579+0000] {logging_mixin.py:149} INFO - [2024-10-13T09:45:38.579+0000] {dag.py:3490} INFO - Setting next_dagrun for example_branch_operator to 2024-10-12T00:00:00+00:00, run_after=2024-10-13T00:00:00+00:00
[2024-10-13T09:45:38.596+0000] {processor.py:178} INFO - Processing /home/airflow/.local/lib/python3.7/site-packages/airflow/example_dags/example_branch_operator.py took 0.088 seconds
[2024-10-13T09:46:09.623+0000] {processor.py:156} INFO - Started process (PID=2353) to work on /home/airflow/.local/lib/python3.7/site-packages/airflow/example_dags/example_branch_operator.py
[2024-10-13T09:46:09.624+0000] {processor.py:799} INFO - Processing file /home/airflow/.local/lib/python3.7/site-packages/airflow/example_dags/example_branch_operator.py for tasks to queue
[2024-10-13T09:46:09.625+0000] {logging_mixin.py:149} INFO - [2024-10-13T09:46:09.625+0000] {dagbag.py:541} INFO - Filling up the DagBag from /home/airflow/.local/lib/python3.7/site-packages/airflow/example_dags/example_branch_operator.py
[2024-10-13T09:46:09.639+0000] {processor.py:809} INFO - DAG(s) dict_keys(['example_branch_operator']) retrieved from /home/airflow/.local/lib/python3.7/site-packages/airflow/example_dags/example_branch_operator.py
[2024-10-13T09:46:09.674+0000] {logging_mixin.py:149} INFO - [2024-10-13T09:46:09.674+0000] {dag.py:2726} INFO - Sync 1 DAGs
[2024-10-13T09:46:09.706+0000] {logging_mixin.py:149} INFO - [2024-10-13T09:46:09.706+0000] {dag.py:3490} INFO - Setting next_dagrun for example_branch_operator to 2024-10-12T00:00:00+00:00, run_after=2024-10-13T00:00:00+00:00
[2024-10-13T09:46:09.730+0000] {processor.py:178} INFO - Processing /home/airflow/.local/lib/python3.7/site-packages/airflow/example_dags/example_branch_operator.py took 0.113 seconds
[2024-10-13T09:46:40.070+0000] {processor.py:156} INFO - Started process (PID=2414) to work on /home/airflow/.local/lib/python3.7/site-packages/airflow/example_dags/example_branch_operator.py
[2024-10-13T09:46:40.071+0000] {processor.py:799} INFO - Processing file /home/airflow/.local/lib/python3.7/site-packages/airflow/example_dags/example_branch_operator.py for tasks to queue
[2024-10-13T09:46:40.071+0000] {logging_mixin.py:149} INFO - [2024-10-13T09:46:40.071+0000] {dagbag.py:541} INFO - Filling up the DagBag from /home/airflow/.local/lib/python3.7/site-packages/airflow/example_dags/example_branch_operator.py
[2024-10-13T09:46:40.081+0000] {processor.py:809} INFO - DAG(s) dict_keys(['example_branch_operator']) retrieved from /home/airflow/.local/lib/python3.7/site-packages/airflow/example_dags/example_branch_operator.py
[2024-10-13T09:46:40.108+0000] {logging_mixin.py:149} INFO - [2024-10-13T09:46:40.108+0000] {dag.py:2726} INFO - Sync 1 DAGs
[2024-10-13T09:46:40.138+0000] {logging_mixin.py:149} INFO - [2024-10-13T09:46:40.137+0000] {dag.py:3490} INFO - Setting next_dagrun for example_branch_operator to 2024-10-12T00:00:00+00:00, run_after=2024-10-13T00:00:00+00:00
[2024-10-13T09:46:40.156+0000] {processor.py:178} INFO - Processing /home/airflow/.local/lib/python3.7/site-packages/airflow/example_dags/example_branch_operator.py took 0.090 seconds
[2024-10-13T09:47:10.641+0000] {processor.py:156} INFO - Started process (PID=2475) to work on /home/airflow/.local/lib/python3.7/site-packages/airflow/example_dags/example_branch_operator.py
[2024-10-13T09:47:10.642+0000] {processor.py:799} INFO - Processing file /home/airflow/.local/lib/python3.7/site-packages/airflow/example_dags/example_branch_operator.py for tasks to queue
[2024-10-13T09:47:10.643+0000] {logging_mixin.py:149} INFO - [2024-10-13T09:47:10.643+0000] {dagbag.py:541} INFO - Filling up the DagBag from /home/airflow/.local/lib/python3.7/site-packages/airflow/example_dags/example_branch_operator.py
[2024-10-13T09:47:10.652+0000] {processor.py:809} INFO - DAG(s) dict_keys(['example_branch_operator']) retrieved from /home/airflow/.local/lib/python3.7/site-packages/airflow/example_dags/example_branch_operator.py
[2024-10-13T09:47:10.681+0000] {logging_mixin.py:149} INFO - [2024-10-13T09:47:10.681+0000] {dag.py:2726} INFO - Sync 1 DAGs
[2024-10-13T09:47:10.711+0000] {logging_mixin.py:149} INFO - [2024-10-13T09:47:10.711+0000] {dag.py:3490} INFO - Setting next_dagrun for example_branch_operator to 2024-10-12T00:00:00+00:00, run_after=2024-10-13T00:00:00+00:00
[2024-10-13T09:47:10.732+0000] {processor.py:178} INFO - Processing /home/airflow/.local/lib/python3.7/site-packages/airflow/example_dags/example_branch_operator.py took 0.094 seconds
[2024-10-13T09:47:41.097+0000] {processor.py:156} INFO - Started process (PID=2536) to work on /home/airflow/.local/lib/python3.7/site-packages/airflow/example_dags/example_branch_operator.py
[2024-10-13T09:47:41.098+0000] {processor.py:799} INFO - Processing file /home/airflow/.local/lib/python3.7/site-packages/airflow/example_dags/example_branch_operator.py for tasks to queue
[2024-10-13T09:47:41.098+0000] {logging_mixin.py:149} INFO - [2024-10-13T09:47:41.098+0000] {dagbag.py:541} INFO - Filling up the DagBag from /home/airflow/.local/lib/python3.7/site-packages/airflow/example_dags/example_branch_operator.py
[2024-10-13T09:47:41.108+0000] {processor.py:809} INFO - DAG(s) dict_keys(['example_branch_operator']) retrieved from /home/airflow/.local/lib/python3.7/site-packages/airflow/example_dags/example_branch_operator.py
[2024-10-13T09:47:41.137+0000] {logging_mixin.py:149} INFO - [2024-10-13T09:47:41.137+0000] {dag.py:2726} INFO - Sync 1 DAGs
[2024-10-13T09:47:41.172+0000] {logging_mixin.py:149} INFO - [2024-10-13T09:47:41.172+0000] {dag.py:3490} INFO - Setting next_dagrun for example_branch_operator to 2024-10-12T00:00:00+00:00, run_after=2024-10-13T00:00:00+00:00
[2024-10-13T09:47:41.194+0000] {processor.py:178} INFO - Processing /home/airflow/.local/lib/python3.7/site-packages/airflow/example_dags/example_branch_operator.py took 0.100 seconds
[2024-10-13T09:48:11.750+0000] {processor.py:156} INFO - Started process (PID=2597) to work on /home/airflow/.local/lib/python3.7/site-packages/airflow/example_dags/example_branch_operator.py
[2024-10-13T09:48:11.751+0000] {processor.py:799} INFO - Processing file /home/airflow/.local/lib/python3.7/site-packages/airflow/example_dags/example_branch_operator.py for tasks to queue
[2024-10-13T09:48:11.752+0000] {logging_mixin.py:149} INFO - [2024-10-13T09:48:11.752+0000] {dagbag.py:541} INFO - Filling up the DagBag from /home/airflow/.local/lib/python3.7/site-packages/airflow/example_dags/example_branch_operator.py
[2024-10-13T09:48:11.761+0000] {processor.py:809} INFO - DAG(s) dict_keys(['example_branch_operator']) retrieved from /home/airflow/.local/lib/python3.7/site-packages/airflow/example_dags/example_branch_operator.py
[2024-10-13T09:48:11.789+0000] {logging_mixin.py:149} INFO - [2024-10-13T09:48:11.789+0000] {dag.py:2726} INFO - Sync 1 DAGs
[2024-10-13T09:48:11.819+0000] {logging_mixin.py:149} INFO - [2024-10-13T09:48:11.819+0000] {dag.py:3490} INFO - Setting next_dagrun for example_branch_operator to 2024-10-12T00:00:00+00:00, run_after=2024-10-13T00:00:00+00:00
[2024-10-13T09:48:11.840+0000] {processor.py:178} INFO - Processing /home/airflow/.local/lib/python3.7/site-packages/airflow/example_dags/example_branch_operator.py took 0.093 seconds
[2024-10-13T09:48:42.255+0000] {processor.py:156} INFO - Started process (PID=2658) to work on /home/airflow/.local/lib/python3.7/site-packages/airflow/example_dags/example_branch_operator.py
[2024-10-13T09:48:42.256+0000] {processor.py:799} INFO - Processing file /home/airflow/.local/lib/python3.7/site-packages/airflow/example_dags/example_branch_operator.py for tasks to queue
[2024-10-13T09:48:42.257+0000] {logging_mixin.py:149} INFO - [2024-10-13T09:48:42.257+0000] {dagbag.py:541} INFO - Filling up the DagBag from /home/airflow/.local/lib/python3.7/site-packages/airflow/example_dags/example_branch_operator.py
[2024-10-13T09:48:42.266+0000] {processor.py:809} INFO - DAG(s) dict_keys(['example_branch_operator']) retrieved from /home/airflow/.local/lib/python3.7/site-packages/airflow/example_dags/example_branch_operator.py
[2024-10-13T09:48:42.293+0000] {logging_mixin.py:149} INFO - [2024-10-13T09:48:42.293+0000] {dag.py:2726} INFO - Sync 1 DAGs
[2024-10-13T09:48:42.320+0000] {logging_mixin.py:149} INFO - [2024-10-13T09:48:42.320+0000] {dag.py:3490} INFO - Setting next_dagrun for example_branch_operator to 2024-10-12T00:00:00+00:00, run_after=2024-10-13T00:00:00+00:00
[2024-10-13T09:48:42.338+0000] {processor.py:178} INFO - Processing /home/airflow/.local/lib/python3.7/site-packages/airflow/example_dags/example_branch_operator.py took 0.086 seconds
[2024-10-13T09:49:13.152+0000] {processor.py:156} INFO - Started process (PID=2719) to work on /home/airflow/.local/lib/python3.7/site-packages/airflow/example_dags/example_branch_operator.py
[2024-10-13T09:49:13.153+0000] {processor.py:799} INFO - Processing file /home/airflow/.local/lib/python3.7/site-packages/airflow/example_dags/example_branch_operator.py for tasks to queue
[2024-10-13T09:49:13.153+0000] {logging_mixin.py:149} INFO - [2024-10-13T09:49:13.153+0000] {dagbag.py:541} INFO - Filling up the DagBag from /home/airflow/.local/lib/python3.7/site-packages/airflow/example_dags/example_branch_operator.py
[2024-10-13T09:49:13.163+0000] {processor.py:809} INFO - DAG(s) dict_keys(['example_branch_operator']) retrieved from /home/airflow/.local/lib/python3.7/site-packages/airflow/example_dags/example_branch_operator.py
[2024-10-13T09:49:13.190+0000] {logging_mixin.py:149} INFO - [2024-10-13T09:49:13.190+0000] {dag.py:2726} INFO - Sync 1 DAGs
[2024-10-13T09:49:13.221+0000] {logging_mixin.py:149} INFO - [2024-10-13T09:49:13.220+0000] {dag.py:3490} INFO - Setting next_dagrun for example_branch_operator to 2024-10-12T00:00:00+00:00, run_after=2024-10-13T00:00:00+00:00
[2024-10-13T09:49:13.241+0000] {processor.py:178} INFO - Processing /home/airflow/.local/lib/python3.7/site-packages/airflow/example_dags/example_branch_operator.py took 0.092 seconds
[2024-10-13T09:49:43.701+0000] {processor.py:156} INFO - Started process (PID=2780) to work on /home/airflow/.local/lib/python3.7/site-packages/airflow/example_dags/example_branch_operator.py
[2024-10-13T09:49:43.702+0000] {processor.py:799} INFO - Processing file /home/airflow/.local/lib/python3.7/site-packages/airflow/example_dags/example_branch_operator.py for tasks to queue
[2024-10-13T09:49:43.703+0000] {logging_mixin.py:149} INFO - [2024-10-13T09:49:43.702+0000] {dagbag.py:541} INFO - Filling up the DagBag from /home/airflow/.local/lib/python3.7/site-packages/airflow/example_dags/example_branch_operator.py
[2024-10-13T09:49:43.712+0000] {processor.py:809} INFO - DAG(s) dict_keys(['example_branch_operator']) retrieved from /home/airflow/.local/lib/python3.7/site-packages/airflow/example_dags/example_branch_operator.py
[2024-10-13T09:49:43.741+0000] {logging_mixin.py:149} INFO - [2024-10-13T09:49:43.741+0000] {dag.py:2726} INFO - Sync 1 DAGs
[2024-10-13T09:49:43.770+0000] {logging_mixin.py:149} INFO - [2024-10-13T09:49:43.770+0000] {dag.py:3490} INFO - Setting next_dagrun for example_branch_operator to 2024-10-12T00:00:00+00:00, run_after=2024-10-13T00:00:00+00:00
[2024-10-13T09:49:43.789+0000] {processor.py:178} INFO - Processing /home/airflow/.local/lib/python3.7/site-packages/airflow/example_dags/example_branch_operator.py took 0.092 seconds
[2024-10-13T09:50:14.926+0000] {processor.py:156} INFO - Started process (PID=2841) to work on /home/airflow/.local/lib/python3.7/site-packages/airflow/example_dags/example_branch_operator.py
[2024-10-13T09:50:14.927+0000] {processor.py:799} INFO - Processing file /home/airflow/.local/lib/python3.7/site-packages/airflow/example_dags/example_branch_operator.py for tasks to queue
[2024-10-13T09:50:14.928+0000] {logging_mixin.py:149} INFO - [2024-10-13T09:50:14.928+0000] {dagbag.py:541} INFO - Filling up the DagBag from /home/airflow/.local/lib/python3.7/site-packages/airflow/example_dags/example_branch_operator.py
[2024-10-13T09:50:14.939+0000] {processor.py:809} INFO - DAG(s) dict_keys(['example_branch_operator']) retrieved from /home/airflow/.local/lib/python3.7/site-packages/airflow/example_dags/example_branch_operator.py
[2024-10-13T09:50:14.968+0000] {logging_mixin.py:149} INFO - [2024-10-13T09:50:14.968+0000] {dag.py:2726} INFO - Sync 1 DAGs
[2024-10-13T09:50:15.001+0000] {logging_mixin.py:149} INFO - [2024-10-13T09:50:15.000+0000] {dag.py:3490} INFO - Setting next_dagrun for example_branch_operator to 2024-10-12T00:00:00+00:00, run_after=2024-10-13T00:00:00+00:00
[2024-10-13T09:50:15.019+0000] {processor.py:178} INFO - Processing /home/airflow/.local/lib/python3.7/site-packages/airflow/example_dags/example_branch_operator.py took 0.096 seconds
[2024-10-13T09:50:45.450+0000] {processor.py:156} INFO - Started process (PID=2902) to work on /home/airflow/.local/lib/python3.7/site-packages/airflow/example_dags/example_branch_operator.py
[2024-10-13T09:50:45.450+0000] {processor.py:799} INFO - Processing file /home/airflow/.local/lib/python3.7/site-packages/airflow/example_dags/example_branch_operator.py for tasks to queue
[2024-10-13T09:50:45.451+0000] {logging_mixin.py:149} INFO - [2024-10-13T09:50:45.451+0000] {dagbag.py:541} INFO - Filling up the DagBag from /home/airflow/.local/lib/python3.7/site-packages/airflow/example_dags/example_branch_operator.py
[2024-10-13T09:50:45.464+0000] {processor.py:809} INFO - DAG(s) dict_keys(['example_branch_operator']) retrieved from /home/airflow/.local/lib/python3.7/site-packages/airflow/example_dags/example_branch_operator.py
[2024-10-13T09:50:45.504+0000] {logging_mixin.py:149} INFO - [2024-10-13T09:50:45.504+0000] {dag.py:2726} INFO - Sync 1 DAGs
[2024-10-13T09:50:45.553+0000] {logging_mixin.py:149} INFO - [2024-10-13T09:50:45.552+0000] {dag.py:3490} INFO - Setting next_dagrun for example_branch_operator to 2024-10-12T00:00:00+00:00, run_after=2024-10-13T00:00:00+00:00
[2024-10-13T09:50:45.580+0000] {processor.py:178} INFO - Processing /home/airflow/.local/lib/python3.7/site-packages/airflow/example_dags/example_branch_operator.py took 0.134 seconds
[2024-10-13T09:51:15.844+0000] {processor.py:156} INFO - Started process (PID=2963) to work on /home/airflow/.local/lib/python3.7/site-packages/airflow/example_dags/example_branch_operator.py
[2024-10-13T09:51:15.845+0000] {processor.py:799} INFO - Processing file /home/airflow/.local/lib/python3.7/site-packages/airflow/example_dags/example_branch_operator.py for tasks to queue
[2024-10-13T09:51:15.845+0000] {logging_mixin.py:149} INFO - [2024-10-13T09:51:15.845+0000] {dagbag.py:541} INFO - Filling up the DagBag from /home/airflow/.local/lib/python3.7/site-packages/airflow/example_dags/example_branch_operator.py
[2024-10-13T09:51:15.855+0000] {processor.py:809} INFO - DAG(s) dict_keys(['example_branch_operator']) retrieved from /home/airflow/.local/lib/python3.7/site-packages/airflow/example_dags/example_branch_operator.py
[2024-10-13T09:51:15.884+0000] {logging_mixin.py:149} INFO - [2024-10-13T09:51:15.884+0000] {dag.py:2726} INFO - Sync 1 DAGs
[2024-10-13T09:51:15.911+0000] {logging_mixin.py:149} INFO - [2024-10-13T09:51:15.911+0000] {dag.py:3490} INFO - Setting next_dagrun for example_branch_operator to 2024-10-12T00:00:00+00:00, run_after=2024-10-13T00:00:00+00:00
[2024-10-13T09:51:15.929+0000] {processor.py:178} INFO - Processing /home/airflow/.local/lib/python3.7/site-packages/airflow/example_dags/example_branch_operator.py took 0.089 seconds
[2024-10-13T09:51:46.721+0000] {processor.py:156} INFO - Started process (PID=3024) to work on /home/airflow/.local/lib/python3.7/site-packages/airflow/example_dags/example_branch_operator.py
[2024-10-13T09:51:46.722+0000] {processor.py:799} INFO - Processing file /home/airflow/.local/lib/python3.7/site-packages/airflow/example_dags/example_branch_operator.py for tasks to queue
[2024-10-13T09:51:46.722+0000] {logging_mixin.py:149} INFO - [2024-10-13T09:51:46.722+0000] {dagbag.py:541} INFO - Filling up the DagBag from /home/airflow/.local/lib/python3.7/site-packages/airflow/example_dags/example_branch_operator.py
[2024-10-13T09:51:46.732+0000] {processor.py:809} INFO - DAG(s) dict_keys(['example_branch_operator']) retrieved from /home/airflow/.local/lib/python3.7/site-packages/airflow/example_dags/example_branch_operator.py
[2024-10-13T09:51:46.760+0000] {logging_mixin.py:149} INFO - [2024-10-13T09:51:46.760+0000] {dag.py:2726} INFO - Sync 1 DAGs
[2024-10-13T09:51:46.790+0000] {logging_mixin.py:149} INFO - [2024-10-13T09:51:46.790+0000] {dag.py:3490} INFO - Setting next_dagrun for example_branch_operator to 2024-10-12T00:00:00+00:00, run_after=2024-10-13T00:00:00+00:00
[2024-10-13T09:51:46.810+0000] {processor.py:178} INFO - Processing /home/airflow/.local/lib/python3.7/site-packages/airflow/example_dags/example_branch_operator.py took 0.092 seconds
[2024-10-13T09:52:17.196+0000] {processor.py:156} INFO - Started process (PID=3085) to work on /home/airflow/.local/lib/python3.7/site-packages/airflow/example_dags/example_branch_operator.py
[2024-10-13T09:52:17.197+0000] {processor.py:799} INFO - Processing file /home/airflow/.local/lib/python3.7/site-packages/airflow/example_dags/example_branch_operator.py for tasks to queue
[2024-10-13T09:52:17.198+0000] {logging_mixin.py:149} INFO - [2024-10-13T09:52:17.198+0000] {dagbag.py:541} INFO - Filling up the DagBag from /home/airflow/.local/lib/python3.7/site-packages/airflow/example_dags/example_branch_operator.py
[2024-10-13T09:52:17.208+0000] {processor.py:809} INFO - DAG(s) dict_keys(['example_branch_operator']) retrieved from /home/airflow/.local/lib/python3.7/site-packages/airflow/example_dags/example_branch_operator.py
[2024-10-13T09:52:17.239+0000] {logging_mixin.py:149} INFO - [2024-10-13T09:52:17.239+0000] {dag.py:2726} INFO - Sync 1 DAGs
[2024-10-13T09:52:17.269+0000] {logging_mixin.py:149} INFO - [2024-10-13T09:52:17.269+0000] {dag.py:3490} INFO - Setting next_dagrun for example_branch_operator to 2024-10-12T00:00:00+00:00, run_after=2024-10-13T00:00:00+00:00
[2024-10-13T09:52:17.290+0000] {processor.py:178} INFO - Processing /home/airflow/.local/lib/python3.7/site-packages/airflow/example_dags/example_branch_operator.py took 0.098 seconds
[2024-10-13T09:52:47.733+0000] {processor.py:156} INFO - Started process (PID=3146) to work on /home/airflow/.local/lib/python3.7/site-packages/airflow/example_dags/example_branch_operator.py
[2024-10-13T09:52:47.733+0000] {processor.py:799} INFO - Processing file /home/airflow/.local/lib/python3.7/site-packages/airflow/example_dags/example_branch_operator.py for tasks to queue
[2024-10-13T09:52:47.734+0000] {logging_mixin.py:149} INFO - [2024-10-13T09:52:47.734+0000] {dagbag.py:541} INFO - Filling up the DagBag from /home/airflow/.local/lib/python3.7/site-packages/airflow/example_dags/example_branch_operator.py
[2024-10-13T09:52:47.744+0000] {processor.py:809} INFO - DAG(s) dict_keys(['example_branch_operator']) retrieved from /home/airflow/.local/lib/python3.7/site-packages/airflow/example_dags/example_branch_operator.py
[2024-10-13T09:52:47.779+0000] {logging_mixin.py:149} INFO - [2024-10-13T09:52:47.779+0000] {dag.py:2726} INFO - Sync 1 DAGs
[2024-10-13T09:52:47.807+0000] {logging_mixin.py:149} INFO - [2024-10-13T09:52:47.807+0000] {dag.py:3490} INFO - Setting next_dagrun for example_branch_operator to 2024-10-12T00:00:00+00:00, run_after=2024-10-13T00:00:00+00:00
[2024-10-13T09:52:47.826+0000] {processor.py:178} INFO - Processing /home/airflow/.local/lib/python3.7/site-packages/airflow/example_dags/example_branch_operator.py took 0.097 seconds
[2024-10-13T09:53:18.267+0000] {processor.py:156} INFO - Started process (PID=3207) to work on /home/airflow/.local/lib/python3.7/site-packages/airflow/example_dags/example_branch_operator.py
[2024-10-13T09:53:18.268+0000] {processor.py:799} INFO - Processing file /home/airflow/.local/lib/python3.7/site-packages/airflow/example_dags/example_branch_operator.py for tasks to queue
[2024-10-13T09:53:18.269+0000] {logging_mixin.py:149} INFO - [2024-10-13T09:53:18.269+0000] {dagbag.py:541} INFO - Filling up the DagBag from /home/airflow/.local/lib/python3.7/site-packages/airflow/example_dags/example_branch_operator.py
[2024-10-13T09:53:18.279+0000] {processor.py:809} INFO - DAG(s) dict_keys(['example_branch_operator']) retrieved from /home/airflow/.local/lib/python3.7/site-packages/airflow/example_dags/example_branch_operator.py
[2024-10-13T09:53:18.307+0000] {logging_mixin.py:149} INFO - [2024-10-13T09:53:18.307+0000] {dag.py:2726} INFO - Sync 1 DAGs
[2024-10-13T09:53:18.335+0000] {logging_mixin.py:149} INFO - [2024-10-13T09:53:18.335+0000] {dag.py:3490} INFO - Setting next_dagrun for example_branch_operator to 2024-10-12T00:00:00+00:00, run_after=2024-10-13T00:00:00+00:00
[2024-10-13T09:53:18.355+0000] {processor.py:178} INFO - Processing /home/airflow/.local/lib/python3.7/site-packages/airflow/example_dags/example_branch_operator.py took 0.091 seconds
[2024-10-13T09:53:48.819+0000] {processor.py:156} INFO - Started process (PID=3268) to work on /home/airflow/.local/lib/python3.7/site-packages/airflow/example_dags/example_branch_operator.py
[2024-10-13T09:53:48.819+0000] {processor.py:799} INFO - Processing file /home/airflow/.local/lib/python3.7/site-packages/airflow/example_dags/example_branch_operator.py for tasks to queue
[2024-10-13T09:53:48.820+0000] {logging_mixin.py:149} INFO - [2024-10-13T09:53:48.820+0000] {dagbag.py:541} INFO - Filling up the DagBag from /home/airflow/.local/lib/python3.7/site-packages/airflow/example_dags/example_branch_operator.py
[2024-10-13T09:53:48.829+0000] {processor.py:809} INFO - DAG(s) dict_keys(['example_branch_operator']) retrieved from /home/airflow/.local/lib/python3.7/site-packages/airflow/example_dags/example_branch_operator.py
[2024-10-13T09:53:48.857+0000] {logging_mixin.py:149} INFO - [2024-10-13T09:53:48.857+0000] {dag.py:2726} INFO - Sync 1 DAGs
[2024-10-13T09:53:48.888+0000] {logging_mixin.py:149} INFO - [2024-10-13T09:53:48.888+0000] {dag.py:3490} INFO - Setting next_dagrun for example_branch_operator to 2024-10-12T00:00:00+00:00, run_after=2024-10-13T00:00:00+00:00
[2024-10-13T09:53:48.907+0000] {processor.py:178} INFO - Processing /home/airflow/.local/lib/python3.7/site-packages/airflow/example_dags/example_branch_operator.py took 0.091 seconds
[2024-10-13T09:54:19.911+0000] {processor.py:156} INFO - Started process (PID=3329) to work on /home/airflow/.local/lib/python3.7/site-packages/airflow/example_dags/example_branch_operator.py
[2024-10-13T09:54:19.912+0000] {processor.py:799} INFO - Processing file /home/airflow/.local/lib/python3.7/site-packages/airflow/example_dags/example_branch_operator.py for tasks to queue
[2024-10-13T09:54:19.912+0000] {logging_mixin.py:149} INFO - [2024-10-13T09:54:19.912+0000] {dagbag.py:541} INFO - Filling up the DagBag from /home/airflow/.local/lib/python3.7/site-packages/airflow/example_dags/example_branch_operator.py
[2024-10-13T09:54:19.922+0000] {processor.py:809} INFO - DAG(s) dict_keys(['example_branch_operator']) retrieved from /home/airflow/.local/lib/python3.7/site-packages/airflow/example_dags/example_branch_operator.py
[2024-10-13T09:54:19.949+0000] {logging_mixin.py:149} INFO - [2024-10-13T09:54:19.949+0000] {dag.py:2726} INFO - Sync 1 DAGs
[2024-10-13T09:54:19.979+0000] {logging_mixin.py:149} INFO - [2024-10-13T09:54:19.978+0000] {dag.py:3490} INFO - Setting next_dagrun for example_branch_operator to 2024-10-12T00:00:00+00:00, run_after=2024-10-13T00:00:00+00:00
[2024-10-13T09:54:19.999+0000] {processor.py:178} INFO - Processing /home/airflow/.local/lib/python3.7/site-packages/airflow/example_dags/example_branch_operator.py took 0.091 seconds
[2024-10-13T09:54:51.068+0000] {processor.py:156} INFO - Started process (PID=3390) to work on /home/airflow/.local/lib/python3.7/site-packages/airflow/example_dags/example_branch_operator.py
[2024-10-13T09:54:51.069+0000] {processor.py:799} INFO - Processing file /home/airflow/.local/lib/python3.7/site-packages/airflow/example_dags/example_branch_operator.py for tasks to queue
[2024-10-13T09:54:51.069+0000] {logging_mixin.py:149} INFO - [2024-10-13T09:54:51.069+0000] {dagbag.py:541} INFO - Filling up the DagBag from /home/airflow/.local/lib/python3.7/site-packages/airflow/example_dags/example_branch_operator.py
[2024-10-13T09:54:51.079+0000] {processor.py:809} INFO - DAG(s) dict_keys(['example_branch_operator']) retrieved from /home/airflow/.local/lib/python3.7/site-packages/airflow/example_dags/example_branch_operator.py
[2024-10-13T09:54:51.106+0000] {logging_mixin.py:149} INFO - [2024-10-13T09:54:51.106+0000] {dag.py:2726} INFO - Sync 1 DAGs
[2024-10-13T09:54:51.136+0000] {logging_mixin.py:149} INFO - [2024-10-13T09:54:51.135+0000] {dag.py:3490} INFO - Setting next_dagrun for example_branch_operator to 2024-10-12T00:00:00+00:00, run_after=2024-10-13T00:00:00+00:00
[2024-10-13T09:54:51.155+0000] {processor.py:178} INFO - Processing /home/airflow/.local/lib/python3.7/site-packages/airflow/example_dags/example_branch_operator.py took 0.090 seconds
[2024-10-13T09:55:21.628+0000] {processor.py:156} INFO - Started process (PID=3451) to work on /home/airflow/.local/lib/python3.7/site-packages/airflow/example_dags/example_branch_operator.py
[2024-10-13T09:55:21.629+0000] {processor.py:799} INFO - Processing file /home/airflow/.local/lib/python3.7/site-packages/airflow/example_dags/example_branch_operator.py for tasks to queue
[2024-10-13T09:55:21.629+0000] {logging_mixin.py:149} INFO - [2024-10-13T09:55:21.629+0000] {dagbag.py:541} INFO - Filling up the DagBag from /home/airflow/.local/lib/python3.7/site-packages/airflow/example_dags/example_branch_operator.py
[2024-10-13T09:55:21.639+0000] {processor.py:809} INFO - DAG(s) dict_keys(['example_branch_operator']) retrieved from /home/airflow/.local/lib/python3.7/site-packages/airflow/example_dags/example_branch_operator.py
[2024-10-13T09:55:21.667+0000] {logging_mixin.py:149} INFO - [2024-10-13T09:55:21.667+0000] {dag.py:2726} INFO - Sync 1 DAGs
[2024-10-13T09:55:21.698+0000] {logging_mixin.py:149} INFO - [2024-10-13T09:55:21.698+0000] {dag.py:3490} INFO - Setting next_dagrun for example_branch_operator to 2024-10-12T00:00:00+00:00, run_after=2024-10-13T00:00:00+00:00
[2024-10-13T09:55:21.718+0000] {processor.py:178} INFO - Processing /home/airflow/.local/lib/python3.7/site-packages/airflow/example_dags/example_branch_operator.py took 0.094 seconds
[2024-10-13T09:55:52.210+0000] {processor.py:156} INFO - Started process (PID=3512) to work on /home/airflow/.local/lib/python3.7/site-packages/airflow/example_dags/example_branch_operator.py
[2024-10-13T09:55:52.211+0000] {processor.py:799} INFO - Processing file /home/airflow/.local/lib/python3.7/site-packages/airflow/example_dags/example_branch_operator.py for tasks to queue
[2024-10-13T09:55:52.211+0000] {logging_mixin.py:149} INFO - [2024-10-13T09:55:52.211+0000] {dagbag.py:541} INFO - Filling up the DagBag from /home/airflow/.local/lib/python3.7/site-packages/airflow/example_dags/example_branch_operator.py
[2024-10-13T09:55:52.221+0000] {processor.py:809} INFO - DAG(s) dict_keys(['example_branch_operator']) retrieved from /home/airflow/.local/lib/python3.7/site-packages/airflow/example_dags/example_branch_operator.py
[2024-10-13T09:55:52.248+0000] {logging_mixin.py:149} INFO - [2024-10-13T09:55:52.248+0000] {dag.py:2726} INFO - Sync 1 DAGs
[2024-10-13T09:55:52.275+0000] {logging_mixin.py:149} INFO - [2024-10-13T09:55:52.275+0000] {dag.py:3490} INFO - Setting next_dagrun for example_branch_operator to 2024-10-12T00:00:00+00:00, run_after=2024-10-13T00:00:00+00:00
[2024-10-13T09:55:52.293+0000] {processor.py:178} INFO - Processing /home/airflow/.local/lib/python3.7/site-packages/airflow/example_dags/example_branch_operator.py took 0.087 seconds
[2024-10-13T09:56:22.598+0000] {processor.py:156} INFO - Started process (PID=3573) to work on /home/airflow/.local/lib/python3.7/site-packages/airflow/example_dags/example_branch_operator.py
[2024-10-13T09:56:22.599+0000] {processor.py:799} INFO - Processing file /home/airflow/.local/lib/python3.7/site-packages/airflow/example_dags/example_branch_operator.py for tasks to queue
[2024-10-13T09:56:22.600+0000] {logging_mixin.py:149} INFO - [2024-10-13T09:56:22.600+0000] {dagbag.py:541} INFO - Filling up the DagBag from /home/airflow/.local/lib/python3.7/site-packages/airflow/example_dags/example_branch_operator.py
[2024-10-13T09:56:22.610+0000] {processor.py:809} INFO - DAG(s) dict_keys(['example_branch_operator']) retrieved from /home/airflow/.local/lib/python3.7/site-packages/airflow/example_dags/example_branch_operator.py
[2024-10-13T09:56:22.638+0000] {logging_mixin.py:149} INFO - [2024-10-13T09:56:22.638+0000] {dag.py:2726} INFO - Sync 1 DAGs
[2024-10-13T09:56:22.666+0000] {logging_mixin.py:149} INFO - [2024-10-13T09:56:22.666+0000] {dag.py:3490} INFO - Setting next_dagrun for example_branch_operator to 2024-10-12T00:00:00+00:00, run_after=2024-10-13T00:00:00+00:00
[2024-10-13T09:56:22.684+0000] {processor.py:178} INFO - Processing /home/airflow/.local/lib/python3.7/site-packages/airflow/example_dags/example_branch_operator.py took 0.089 seconds
[2024-10-13T09:56:53.207+0000] {processor.py:156} INFO - Started process (PID=3634) to work on /home/airflow/.local/lib/python3.7/site-packages/airflow/example_dags/example_branch_operator.py
[2024-10-13T09:56:53.208+0000] {processor.py:799} INFO - Processing file /home/airflow/.local/lib/python3.7/site-packages/airflow/example_dags/example_branch_operator.py for tasks to queue
[2024-10-13T09:56:53.209+0000] {logging_mixin.py:149} INFO - [2024-10-13T09:56:53.209+0000] {dagbag.py:541} INFO - Filling up the DagBag from /home/airflow/.local/lib/python3.7/site-packages/airflow/example_dags/example_branch_operator.py
[2024-10-13T09:56:53.218+0000] {processor.py:809} INFO - DAG(s) dict_keys(['example_branch_operator']) retrieved from /home/airflow/.local/lib/python3.7/site-packages/airflow/example_dags/example_branch_operator.py
[2024-10-13T09:56:53.246+0000] {logging_mixin.py:149} INFO - [2024-10-13T09:56:53.246+0000] {dag.py:2726} INFO - Sync 1 DAGs
[2024-10-13T09:56:53.275+0000] {logging_mixin.py:149} INFO - [2024-10-13T09:56:53.275+0000] {dag.py:3490} INFO - Setting next_dagrun for example_branch_operator to 2024-10-12T00:00:00+00:00, run_after=2024-10-13T00:00:00+00:00
[2024-10-13T09:56:53.295+0000] {processor.py:178} INFO - Processing /home/airflow/.local/lib/python3.7/site-packages/airflow/example_dags/example_branch_operator.py took 0.091 seconds
[2024-10-13T09:57:23.880+0000] {processor.py:156} INFO - Started process (PID=3695) to work on /home/airflow/.local/lib/python3.7/site-packages/airflow/example_dags/example_branch_operator.py
[2024-10-13T09:57:23.881+0000] {processor.py:799} INFO - Processing file /home/airflow/.local/lib/python3.7/site-packages/airflow/example_dags/example_branch_operator.py for tasks to queue
[2024-10-13T09:57:23.882+0000] {logging_mixin.py:149} INFO - [2024-10-13T09:57:23.882+0000] {dagbag.py:541} INFO - Filling up the DagBag from /home/airflow/.local/lib/python3.7/site-packages/airflow/example_dags/example_branch_operator.py
[2024-10-13T09:57:23.892+0000] {processor.py:809} INFO - DAG(s) dict_keys(['example_branch_operator']) retrieved from /home/airflow/.local/lib/python3.7/site-packages/airflow/example_dags/example_branch_operator.py
[2024-10-13T09:57:23.921+0000] {logging_mixin.py:149} INFO - [2024-10-13T09:57:23.920+0000] {dag.py:2726} INFO - Sync 1 DAGs
[2024-10-13T09:57:23.948+0000] {logging_mixin.py:149} INFO - [2024-10-13T09:57:23.948+0000] {dag.py:3490} INFO - Setting next_dagrun for example_branch_operator to 2024-10-12T00:00:00+00:00, run_after=2024-10-13T00:00:00+00:00
[2024-10-13T09:57:23.978+0000] {processor.py:178} INFO - Processing /home/airflow/.local/lib/python3.7/site-packages/airflow/example_dags/example_branch_operator.py took 0.101 seconds
[2024-10-13T09:57:54.661+0000] {processor.py:156} INFO - Started process (PID=3756) to work on /home/airflow/.local/lib/python3.7/site-packages/airflow/example_dags/example_branch_operator.py
[2024-10-13T09:57:54.662+0000] {processor.py:799} INFO - Processing file /home/airflow/.local/lib/python3.7/site-packages/airflow/example_dags/example_branch_operator.py for tasks to queue
[2024-10-13T09:57:54.663+0000] {logging_mixin.py:149} INFO - [2024-10-13T09:57:54.663+0000] {dagbag.py:541} INFO - Filling up the DagBag from /home/airflow/.local/lib/python3.7/site-packages/airflow/example_dags/example_branch_operator.py
[2024-10-13T09:57:54.676+0000] {processor.py:809} INFO - DAG(s) dict_keys(['example_branch_operator']) retrieved from /home/airflow/.local/lib/python3.7/site-packages/airflow/example_dags/example_branch_operator.py
[2024-10-13T09:57:54.713+0000] {logging_mixin.py:149} INFO - [2024-10-13T09:57:54.713+0000] {dag.py:2726} INFO - Sync 1 DAGs
[2024-10-13T09:57:54.750+0000] {logging_mixin.py:149} INFO - [2024-10-13T09:57:54.750+0000] {dag.py:3490} INFO - Setting next_dagrun for example_branch_operator to 2024-10-12T00:00:00+00:00, run_after=2024-10-13T00:00:00+00:00
[2024-10-13T09:57:54.775+0000] {processor.py:178} INFO - Processing /home/airflow/.local/lib/python3.7/site-packages/airflow/example_dags/example_branch_operator.py took 0.118 seconds
[2024-10-13T14:18:52.843+0000] {processor.py:156} INFO - Started process (PID=86) to work on /home/airflow/.local/lib/python3.7/site-packages/airflow/example_dags/example_branch_operator.py
[2024-10-13T14:18:52.844+0000] {processor.py:799} INFO - Processing file /home/airflow/.local/lib/python3.7/site-packages/airflow/example_dags/example_branch_operator.py for tasks to queue
[2024-10-13T14:18:52.845+0000] {logging_mixin.py:149} INFO - [2024-10-13T14:18:52.844+0000] {dagbag.py:541} INFO - Filling up the DagBag from /home/airflow/.local/lib/python3.7/site-packages/airflow/example_dags/example_branch_operator.py
[2024-10-13T14:18:52.857+0000] {processor.py:809} INFO - DAG(s) dict_keys(['example_branch_operator']) retrieved from /home/airflow/.local/lib/python3.7/site-packages/airflow/example_dags/example_branch_operator.py
[2024-10-13T14:18:52.872+0000] {logging_mixin.py:149} INFO - [2024-10-13T14:18:52.872+0000] {dag.py:2726} INFO - Sync 1 DAGs
[2024-10-13T14:18:52.907+0000] {logging_mixin.py:149} INFO - [2024-10-13T14:18:52.907+0000] {dag.py:3490} INFO - Setting next_dagrun for example_branch_operator to 2024-10-12T00:00:00+00:00, run_after=2024-10-13T00:00:00+00:00
[2024-10-13T14:18:52.930+0000] {processor.py:178} INFO - Processing /home/airflow/.local/lib/python3.7/site-packages/airflow/example_dags/example_branch_operator.py took 0.092 seconds
[2024-10-13T14:19:23.389+0000] {processor.py:156} INFO - Started process (PID=147) to work on /home/airflow/.local/lib/python3.7/site-packages/airflow/example_dags/example_branch_operator.py
[2024-10-13T14:19:23.390+0000] {processor.py:799} INFO - Processing file /home/airflow/.local/lib/python3.7/site-packages/airflow/example_dags/example_branch_operator.py for tasks to queue
[2024-10-13T14:19:23.390+0000] {logging_mixin.py:149} INFO - [2024-10-13T14:19:23.390+0000] {dagbag.py:541} INFO - Filling up the DagBag from /home/airflow/.local/lib/python3.7/site-packages/airflow/example_dags/example_branch_operator.py
[2024-10-13T14:19:23.400+0000] {processor.py:809} INFO - DAG(s) dict_keys(['example_branch_operator']) retrieved from /home/airflow/.local/lib/python3.7/site-packages/airflow/example_dags/example_branch_operator.py
[2024-10-13T14:19:23.428+0000] {logging_mixin.py:149} INFO - [2024-10-13T14:19:23.428+0000] {dag.py:2726} INFO - Sync 1 DAGs
[2024-10-13T14:19:23.456+0000] {logging_mixin.py:149} INFO - [2024-10-13T14:19:23.455+0000] {dag.py:3490} INFO - Setting next_dagrun for example_branch_operator to 2024-10-12T00:00:00+00:00, run_after=2024-10-13T00:00:00+00:00
[2024-10-13T14:19:23.474+0000] {processor.py:178} INFO - Processing /home/airflow/.local/lib/python3.7/site-packages/airflow/example_dags/example_branch_operator.py took 0.089 seconds
[2024-10-13T14:19:53.943+0000] {processor.py:156} INFO - Started process (PID=208) to work on /home/airflow/.local/lib/python3.7/site-packages/airflow/example_dags/example_branch_operator.py
[2024-10-13T14:19:53.944+0000] {processor.py:799} INFO - Processing file /home/airflow/.local/lib/python3.7/site-packages/airflow/example_dags/example_branch_operator.py for tasks to queue
[2024-10-13T14:19:53.945+0000] {logging_mixin.py:149} INFO - [2024-10-13T14:19:53.944+0000] {dagbag.py:541} INFO - Filling up the DagBag from /home/airflow/.local/lib/python3.7/site-packages/airflow/example_dags/example_branch_operator.py
[2024-10-13T14:19:53.954+0000] {processor.py:809} INFO - DAG(s) dict_keys(['example_branch_operator']) retrieved from /home/airflow/.local/lib/python3.7/site-packages/airflow/example_dags/example_branch_operator.py
[2024-10-13T14:19:53.980+0000] {logging_mixin.py:149} INFO - [2024-10-13T14:19:53.980+0000] {dag.py:2726} INFO - Sync 1 DAGs
[2024-10-13T14:19:54.006+0000] {logging_mixin.py:149} INFO - [2024-10-13T14:19:54.006+0000] {dag.py:3490} INFO - Setting next_dagrun for example_branch_operator to 2024-10-12T00:00:00+00:00, run_after=2024-10-13T00:00:00+00:00
[2024-10-13T14:19:54.024+0000] {processor.py:178} INFO - Processing /home/airflow/.local/lib/python3.7/site-packages/airflow/example_dags/example_branch_operator.py took 0.084 seconds
[2024-10-13T14:20:24.384+0000] {processor.py:156} INFO - Started process (PID=269) to work on /home/airflow/.local/lib/python3.7/site-packages/airflow/example_dags/example_branch_operator.py
[2024-10-13T14:20:24.385+0000] {processor.py:799} INFO - Processing file /home/airflow/.local/lib/python3.7/site-packages/airflow/example_dags/example_branch_operator.py for tasks to queue
[2024-10-13T14:20:24.386+0000] {logging_mixin.py:149} INFO - [2024-10-13T14:20:24.386+0000] {dagbag.py:541} INFO - Filling up the DagBag from /home/airflow/.local/lib/python3.7/site-packages/airflow/example_dags/example_branch_operator.py
[2024-10-13T14:20:24.396+0000] {processor.py:809} INFO - DAG(s) dict_keys(['example_branch_operator']) retrieved from /home/airflow/.local/lib/python3.7/site-packages/airflow/example_dags/example_branch_operator.py
[2024-10-13T14:20:24.423+0000] {logging_mixin.py:149} INFO - [2024-10-13T14:20:24.423+0000] {dag.py:2726} INFO - Sync 1 DAGs
[2024-10-13T14:20:24.453+0000] {logging_mixin.py:149} INFO - [2024-10-13T14:20:24.452+0000] {dag.py:3490} INFO - Setting next_dagrun for example_branch_operator to 2024-10-12T00:00:00+00:00, run_after=2024-10-13T00:00:00+00:00
[2024-10-13T14:20:24.477+0000] {processor.py:178} INFO - Processing /home/airflow/.local/lib/python3.7/site-packages/airflow/example_dags/example_branch_operator.py took 0.096 seconds
[2024-10-13T14:20:54.892+0000] {processor.py:156} INFO - Started process (PID=329) to work on /home/airflow/.local/lib/python3.7/site-packages/airflow/example_dags/example_branch_operator.py
[2024-10-13T14:20:54.893+0000] {processor.py:799} INFO - Processing file /home/airflow/.local/lib/python3.7/site-packages/airflow/example_dags/example_branch_operator.py for tasks to queue
[2024-10-13T14:20:54.893+0000] {logging_mixin.py:149} INFO - [2024-10-13T14:20:54.893+0000] {dagbag.py:541} INFO - Filling up the DagBag from /home/airflow/.local/lib/python3.7/site-packages/airflow/example_dags/example_branch_operator.py
[2024-10-13T14:20:54.903+0000] {processor.py:809} INFO - DAG(s) dict_keys(['example_branch_operator']) retrieved from /home/airflow/.local/lib/python3.7/site-packages/airflow/example_dags/example_branch_operator.py
[2024-10-13T14:20:54.940+0000] {logging_mixin.py:149} INFO - [2024-10-13T14:20:54.940+0000] {dag.py:2726} INFO - Sync 1 DAGs
[2024-10-13T14:20:54.973+0000] {logging_mixin.py:149} INFO - [2024-10-13T14:20:54.973+0000] {dag.py:3490} INFO - Setting next_dagrun for example_branch_operator to 2024-10-12T00:00:00+00:00, run_after=2024-10-13T00:00:00+00:00
[2024-10-13T14:20:54.994+0000] {processor.py:178} INFO - Processing /home/airflow/.local/lib/python3.7/site-packages/airflow/example_dags/example_branch_operator.py took 0.106 seconds
[2024-10-13T14:21:26.089+0000] {processor.py:156} INFO - Started process (PID=390) to work on /home/airflow/.local/lib/python3.7/site-packages/airflow/example_dags/example_branch_operator.py
[2024-10-13T14:21:26.091+0000] {processor.py:799} INFO - Processing file /home/airflow/.local/lib/python3.7/site-packages/airflow/example_dags/example_branch_operator.py for tasks to queue
[2024-10-13T14:21:26.092+0000] {logging_mixin.py:149} INFO - [2024-10-13T14:21:26.092+0000] {dagbag.py:541} INFO - Filling up the DagBag from /home/airflow/.local/lib/python3.7/site-packages/airflow/example_dags/example_branch_operator.py
[2024-10-13T14:21:26.107+0000] {processor.py:809} INFO - DAG(s) dict_keys(['example_branch_operator']) retrieved from /home/airflow/.local/lib/python3.7/site-packages/airflow/example_dags/example_branch_operator.py
[2024-10-13T14:21:26.148+0000] {logging_mixin.py:149} INFO - [2024-10-13T14:21:26.148+0000] {dag.py:2726} INFO - Sync 1 DAGs
[2024-10-13T14:21:26.191+0000] {logging_mixin.py:149} INFO - [2024-10-13T14:21:26.190+0000] {dag.py:3490} INFO - Setting next_dagrun for example_branch_operator to 2024-10-12T00:00:00+00:00, run_after=2024-10-13T00:00:00+00:00
[2024-10-13T14:21:26.253+0000] {processor.py:178} INFO - Processing /home/airflow/.local/lib/python3.7/site-packages/airflow/example_dags/example_branch_operator.py took 0.169 seconds
[2024-10-13T14:21:57.232+0000] {processor.py:156} INFO - Started process (PID=451) to work on /home/airflow/.local/lib/python3.7/site-packages/airflow/example_dags/example_branch_operator.py
[2024-10-13T14:21:57.233+0000] {processor.py:799} INFO - Processing file /home/airflow/.local/lib/python3.7/site-packages/airflow/example_dags/example_branch_operator.py for tasks to queue
[2024-10-13T14:21:57.234+0000] {logging_mixin.py:149} INFO - [2024-10-13T14:21:57.234+0000] {dagbag.py:541} INFO - Filling up the DagBag from /home/airflow/.local/lib/python3.7/site-packages/airflow/example_dags/example_branch_operator.py
[2024-10-13T14:21:57.245+0000] {processor.py:809} INFO - DAG(s) dict_keys(['example_branch_operator']) retrieved from /home/airflow/.local/lib/python3.7/site-packages/airflow/example_dags/example_branch_operator.py
[2024-10-13T14:21:57.279+0000] {logging_mixin.py:149} INFO - [2024-10-13T14:21:57.279+0000] {dag.py:2726} INFO - Sync 1 DAGs
[2024-10-13T14:21:57.312+0000] {logging_mixin.py:149} INFO - [2024-10-13T14:21:57.312+0000] {dag.py:3490} INFO - Setting next_dagrun for example_branch_operator to 2024-10-12T00:00:00+00:00, run_after=2024-10-13T00:00:00+00:00
[2024-10-13T14:21:57.334+0000] {processor.py:178} INFO - Processing /home/airflow/.local/lib/python3.7/site-packages/airflow/example_dags/example_branch_operator.py took 0.105 seconds
[2024-10-13T14:22:27.670+0000] {processor.py:156} INFO - Started process (PID=512) to work on /home/airflow/.local/lib/python3.7/site-packages/airflow/example_dags/example_branch_operator.py
[2024-10-13T14:22:27.670+0000] {processor.py:799} INFO - Processing file /home/airflow/.local/lib/python3.7/site-packages/airflow/example_dags/example_branch_operator.py for tasks to queue
[2024-10-13T14:22:27.671+0000] {logging_mixin.py:149} INFO - [2024-10-13T14:22:27.671+0000] {dagbag.py:541} INFO - Filling up the DagBag from /home/airflow/.local/lib/python3.7/site-packages/airflow/example_dags/example_branch_operator.py
[2024-10-13T14:22:27.689+0000] {processor.py:809} INFO - DAG(s) dict_keys(['example_branch_operator']) retrieved from /home/airflow/.local/lib/python3.7/site-packages/airflow/example_dags/example_branch_operator.py
[2024-10-13T14:22:27.730+0000] {logging_mixin.py:149} INFO - [2024-10-13T14:22:27.730+0000] {dag.py:2726} INFO - Sync 1 DAGs
[2024-10-13T14:22:27.760+0000] {logging_mixin.py:149} INFO - [2024-10-13T14:22:27.760+0000] {dag.py:3490} INFO - Setting next_dagrun for example_branch_operator to 2024-10-12T00:00:00+00:00, run_after=2024-10-13T00:00:00+00:00
[2024-10-13T14:22:27.781+0000] {processor.py:178} INFO - Processing /home/airflow/.local/lib/python3.7/site-packages/airflow/example_dags/example_branch_operator.py took 0.115 seconds
[2024-10-13T14:22:58.542+0000] {processor.py:156} INFO - Started process (PID=573) to work on /home/airflow/.local/lib/python3.7/site-packages/airflow/example_dags/example_branch_operator.py
[2024-10-13T14:22:58.543+0000] {processor.py:799} INFO - Processing file /home/airflow/.local/lib/python3.7/site-packages/airflow/example_dags/example_branch_operator.py for tasks to queue
[2024-10-13T14:22:58.544+0000] {logging_mixin.py:149} INFO - [2024-10-13T14:22:58.544+0000] {dagbag.py:541} INFO - Filling up the DagBag from /home/airflow/.local/lib/python3.7/site-packages/airflow/example_dags/example_branch_operator.py
[2024-10-13T14:22:58.554+0000] {processor.py:809} INFO - DAG(s) dict_keys(['example_branch_operator']) retrieved from /home/airflow/.local/lib/python3.7/site-packages/airflow/example_dags/example_branch_operator.py
[2024-10-13T14:22:58.597+0000] {logging_mixin.py:149} INFO - [2024-10-13T14:22:58.597+0000] {dag.py:2726} INFO - Sync 1 DAGs
[2024-10-13T14:22:58.631+0000] {logging_mixin.py:149} INFO - [2024-10-13T14:22:58.631+0000] {dag.py:3490} INFO - Setting next_dagrun for example_branch_operator to 2024-10-12T00:00:00+00:00, run_after=2024-10-13T00:00:00+00:00
[2024-10-13T14:22:58.652+0000] {processor.py:178} INFO - Processing /home/airflow/.local/lib/python3.7/site-packages/airflow/example_dags/example_branch_operator.py took 0.113 seconds
[2024-10-13T14:23:29.673+0000] {processor.py:156} INFO - Started process (PID=634) to work on /home/airflow/.local/lib/python3.7/site-packages/airflow/example_dags/example_branch_operator.py
[2024-10-13T14:23:29.674+0000] {processor.py:799} INFO - Processing file /home/airflow/.local/lib/python3.7/site-packages/airflow/example_dags/example_branch_operator.py for tasks to queue
[2024-10-13T14:23:29.675+0000] {logging_mixin.py:149} INFO - [2024-10-13T14:23:29.674+0000] {dagbag.py:541} INFO - Filling up the DagBag from /home/airflow/.local/lib/python3.7/site-packages/airflow/example_dags/example_branch_operator.py
[2024-10-13T14:23:29.688+0000] {processor.py:809} INFO - DAG(s) dict_keys(['example_branch_operator']) retrieved from /home/airflow/.local/lib/python3.7/site-packages/airflow/example_dags/example_branch_operator.py
[2024-10-13T14:23:29.721+0000] {logging_mixin.py:149} INFO - [2024-10-13T14:23:29.721+0000] {dag.py:2726} INFO - Sync 1 DAGs
[2024-10-13T14:23:29.757+0000] {logging_mixin.py:149} INFO - [2024-10-13T14:23:29.756+0000] {dag.py:3490} INFO - Setting next_dagrun for example_branch_operator to 2024-10-12T00:00:00+00:00, run_after=2024-10-13T00:00:00+00:00
[2024-10-13T14:23:29.781+0000] {processor.py:178} INFO - Processing /home/airflow/.local/lib/python3.7/site-packages/airflow/example_dags/example_branch_operator.py took 0.112 seconds
