[2024-10-13T09:27:08.990+0000] {processor.py:156} INFO - Started process (PID=53) to work on /home/airflow/.local/lib/python3.7/site-packages/airflow/example_dags/example_task_group.py
[2024-10-13T09:27:08.992+0000] {processor.py:799} INFO - Processing file /home/airflow/.local/lib/python3.7/site-packages/airflow/example_dags/example_task_group.py for tasks to queue
[2024-10-13T09:27:08.994+0000] {logging_mixin.py:149} INFO - [2024-10-13T09:27:08.994+0000] {dagbag.py:541} INFO - Filling up the DagBag from /home/airflow/.local/lib/python3.7/site-packages/airflow/example_dags/example_task_group.py
[2024-10-13T09:27:09.011+0000] {processor.py:809} INFO - DAG(s) dict_keys(['example_task_group']) retrieved from /home/airflow/.local/lib/python3.7/site-packages/airflow/example_dags/example_task_group.py
[2024-10-13T09:27:09.226+0000] {logging_mixin.py:149} INFO - [2024-10-13T09:27:09.226+0000] {manager.py:504} INFO - Created Permission View: can edit on DAG:example_task_group
[2024-10-13T09:27:09.244+0000] {logging_mixin.py:149} INFO - [2024-10-13T09:27:09.243+0000] {manager.py:504} INFO - Created Permission View: can read on DAG:example_task_group
[2024-10-13T09:27:09.257+0000] {logging_mixin.py:149} INFO - [2024-10-13T09:27:09.257+0000] {manager.py:504} INFO - Created Permission View: can delete on DAG:example_task_group
[2024-10-13T09:27:09.258+0000] {logging_mixin.py:149} INFO - [2024-10-13T09:27:09.257+0000] {dag.py:2726} INFO - Sync 1 DAGs
[2024-10-13T09:27:09.283+0000] {logging_mixin.py:149} INFO - [2024-10-13T09:27:09.282+0000] {dag.py:2747} INFO - Creating ORM DAG for example_task_group
[2024-10-13T09:27:09.309+0000] {logging_mixin.py:149} INFO - [2024-10-13T09:27:09.309+0000] {dag.py:3490} INFO - Setting next_dagrun for example_task_group to 2024-10-12T09:27:09.308723+00:00, run_after=2024-10-13T09:27:09.308723+00:00
[2024-10-13T09:27:09.347+0000] {processor.py:178} INFO - Processing /home/airflow/.local/lib/python3.7/site-packages/airflow/example_dags/example_task_group.py took 0.362 seconds
[2024-10-13T09:27:39.429+0000] {processor.py:156} INFO - Started process (PID=114) to work on /home/airflow/.local/lib/python3.7/site-packages/airflow/example_dags/example_task_group.py
[2024-10-13T09:27:39.430+0000] {processor.py:799} INFO - Processing file /home/airflow/.local/lib/python3.7/site-packages/airflow/example_dags/example_task_group.py for tasks to queue
[2024-10-13T09:27:39.430+0000] {logging_mixin.py:149} INFO - [2024-10-13T09:27:39.430+0000] {dagbag.py:541} INFO - Filling up the DagBag from /home/airflow/.local/lib/python3.7/site-packages/airflow/example_dags/example_task_group.py
[2024-10-13T09:27:39.439+0000] {processor.py:809} INFO - DAG(s) dict_keys(['example_task_group']) retrieved from /home/airflow/.local/lib/python3.7/site-packages/airflow/example_dags/example_task_group.py
[2024-10-13T09:27:39.468+0000] {logging_mixin.py:149} INFO - [2024-10-13T09:27:39.468+0000] {dag.py:2726} INFO - Sync 1 DAGs
[2024-10-13T09:27:39.497+0000] {logging_mixin.py:149} INFO - [2024-10-13T09:27:39.497+0000] {dag.py:3490} INFO - Setting next_dagrun for example_task_group to 2024-10-12T09:27:39.497363+00:00, run_after=2024-10-13T09:27:39.497363+00:00
[2024-10-13T09:27:39.518+0000] {processor.py:178} INFO - Processing /home/airflow/.local/lib/python3.7/site-packages/airflow/example_dags/example_task_group.py took 0.093 seconds
[2024-10-13T09:28:09.851+0000] {processor.py:156} INFO - Started process (PID=175) to work on /home/airflow/.local/lib/python3.7/site-packages/airflow/example_dags/example_task_group.py
[2024-10-13T09:28:09.852+0000] {processor.py:799} INFO - Processing file /home/airflow/.local/lib/python3.7/site-packages/airflow/example_dags/example_task_group.py for tasks to queue
[2024-10-13T09:28:09.853+0000] {logging_mixin.py:149} INFO - [2024-10-13T09:28:09.852+0000] {dagbag.py:541} INFO - Filling up the DagBag from /home/airflow/.local/lib/python3.7/site-packages/airflow/example_dags/example_task_group.py
[2024-10-13T09:28:09.863+0000] {processor.py:809} INFO - DAG(s) dict_keys(['example_task_group']) retrieved from /home/airflow/.local/lib/python3.7/site-packages/airflow/example_dags/example_task_group.py
[2024-10-13T09:28:09.891+0000] {logging_mixin.py:149} INFO - [2024-10-13T09:28:09.891+0000] {dag.py:2726} INFO - Sync 1 DAGs
[2024-10-13T09:28:09.930+0000] {logging_mixin.py:149} INFO - [2024-10-13T09:28:09.930+0000] {dag.py:3490} INFO - Setting next_dagrun for example_task_group to 2024-10-12T09:28:09.929622+00:00, run_after=2024-10-13T09:28:09.929622+00:00
[2024-10-13T09:28:09.956+0000] {processor.py:178} INFO - Processing /home/airflow/.local/lib/python3.7/site-packages/airflow/example_dags/example_task_group.py took 0.109 seconds
[2024-10-13T09:28:40.174+0000] {processor.py:156} INFO - Started process (PID=243) to work on /home/airflow/.local/lib/python3.7/site-packages/airflow/example_dags/example_task_group.py
[2024-10-13T09:28:40.175+0000] {processor.py:799} INFO - Processing file /home/airflow/.local/lib/python3.7/site-packages/airflow/example_dags/example_task_group.py for tasks to queue
[2024-10-13T09:28:40.176+0000] {logging_mixin.py:149} INFO - [2024-10-13T09:28:40.175+0000] {dagbag.py:541} INFO - Filling up the DagBag from /home/airflow/.local/lib/python3.7/site-packages/airflow/example_dags/example_task_group.py
[2024-10-13T09:28:40.187+0000] {processor.py:809} INFO - DAG(s) dict_keys(['example_task_group']) retrieved from /home/airflow/.local/lib/python3.7/site-packages/airflow/example_dags/example_task_group.py
[2024-10-13T09:28:40.217+0000] {logging_mixin.py:149} INFO - [2024-10-13T09:28:40.217+0000] {dag.py:2726} INFO - Sync 1 DAGs
[2024-10-13T09:28:40.248+0000] {logging_mixin.py:149} INFO - [2024-10-13T09:28:40.247+0000] {dag.py:3490} INFO - Setting next_dagrun for example_task_group to 2024-10-12T09:28:40.247494+00:00, run_after=2024-10-13T09:28:40.247494+00:00
[2024-10-13T09:28:40.271+0000] {processor.py:178} INFO - Processing /home/airflow/.local/lib/python3.7/site-packages/airflow/example_dags/example_task_group.py took 0.103 seconds
[2024-10-13T09:29:10.460+0000] {processor.py:156} INFO - Started process (PID=304) to work on /home/airflow/.local/lib/python3.7/site-packages/airflow/example_dags/example_task_group.py
[2024-10-13T09:29:10.461+0000] {processor.py:799} INFO - Processing file /home/airflow/.local/lib/python3.7/site-packages/airflow/example_dags/example_task_group.py for tasks to queue
[2024-10-13T09:29:10.462+0000] {logging_mixin.py:149} INFO - [2024-10-13T09:29:10.462+0000] {dagbag.py:541} INFO - Filling up the DagBag from /home/airflow/.local/lib/python3.7/site-packages/airflow/example_dags/example_task_group.py
[2024-10-13T09:29:10.473+0000] {processor.py:809} INFO - DAG(s) dict_keys(['example_task_group']) retrieved from /home/airflow/.local/lib/python3.7/site-packages/airflow/example_dags/example_task_group.py
[2024-10-13T09:29:10.500+0000] {logging_mixin.py:149} INFO - [2024-10-13T09:29:10.499+0000] {dag.py:2726} INFO - Sync 1 DAGs
[2024-10-13T09:29:10.526+0000] {logging_mixin.py:149} INFO - [2024-10-13T09:29:10.525+0000] {dag.py:3490} INFO - Setting next_dagrun for example_task_group to 2024-10-12T09:29:10.525693+00:00, run_after=2024-10-13T09:29:10.525693+00:00
[2024-10-13T09:29:10.544+0000] {processor.py:178} INFO - Processing /home/airflow/.local/lib/python3.7/site-packages/airflow/example_dags/example_task_group.py took 0.088 seconds
[2024-10-13T09:29:41.044+0000] {processor.py:156} INFO - Started process (PID=365) to work on /home/airflow/.local/lib/python3.7/site-packages/airflow/example_dags/example_task_group.py
[2024-10-13T09:29:41.046+0000] {processor.py:799} INFO - Processing file /home/airflow/.local/lib/python3.7/site-packages/airflow/example_dags/example_task_group.py for tasks to queue
[2024-10-13T09:29:41.046+0000] {logging_mixin.py:149} INFO - [2024-10-13T09:29:41.046+0000] {dagbag.py:541} INFO - Filling up the DagBag from /home/airflow/.local/lib/python3.7/site-packages/airflow/example_dags/example_task_group.py
[2024-10-13T09:29:41.057+0000] {processor.py:809} INFO - DAG(s) dict_keys(['example_task_group']) retrieved from /home/airflow/.local/lib/python3.7/site-packages/airflow/example_dags/example_task_group.py
[2024-10-13T09:29:41.094+0000] {logging_mixin.py:149} INFO - [2024-10-13T09:29:41.094+0000] {dag.py:2726} INFO - Sync 1 DAGs
[2024-10-13T09:29:41.134+0000] {logging_mixin.py:149} INFO - [2024-10-13T09:29:41.134+0000] {dag.py:3490} INFO - Setting next_dagrun for example_task_group to 2024-10-12T09:29:41.134223+00:00, run_after=2024-10-13T09:29:41.134223+00:00
[2024-10-13T09:29:41.163+0000] {processor.py:178} INFO - Processing /home/airflow/.local/lib/python3.7/site-packages/airflow/example_dags/example_task_group.py took 0.122 seconds
[2024-10-13T09:30:11.374+0000] {processor.py:156} INFO - Started process (PID=426) to work on /home/airflow/.local/lib/python3.7/site-packages/airflow/example_dags/example_task_group.py
[2024-10-13T09:30:11.375+0000] {processor.py:799} INFO - Processing file /home/airflow/.local/lib/python3.7/site-packages/airflow/example_dags/example_task_group.py for tasks to queue
[2024-10-13T09:30:11.376+0000] {logging_mixin.py:149} INFO - [2024-10-13T09:30:11.375+0000] {dagbag.py:541} INFO - Filling up the DagBag from /home/airflow/.local/lib/python3.7/site-packages/airflow/example_dags/example_task_group.py
[2024-10-13T09:30:11.384+0000] {processor.py:809} INFO - DAG(s) dict_keys(['example_task_group']) retrieved from /home/airflow/.local/lib/python3.7/site-packages/airflow/example_dags/example_task_group.py
[2024-10-13T09:30:11.413+0000] {logging_mixin.py:149} INFO - [2024-10-13T09:30:11.412+0000] {dag.py:2726} INFO - Sync 1 DAGs
[2024-10-13T09:30:11.439+0000] {logging_mixin.py:149} INFO - [2024-10-13T09:30:11.439+0000] {dag.py:3490} INFO - Setting next_dagrun for example_task_group to 2024-10-12T09:30:11.439579+00:00, run_after=2024-10-13T09:30:11.439579+00:00
[2024-10-13T09:30:11.461+0000] {processor.py:178} INFO - Processing /home/airflow/.local/lib/python3.7/site-packages/airflow/example_dags/example_task_group.py took 0.091 seconds
[2024-10-13T09:30:42.019+0000] {processor.py:156} INFO - Started process (PID=487) to work on /home/airflow/.local/lib/python3.7/site-packages/airflow/example_dags/example_task_group.py
[2024-10-13T09:30:42.020+0000] {processor.py:799} INFO - Processing file /home/airflow/.local/lib/python3.7/site-packages/airflow/example_dags/example_task_group.py for tasks to queue
[2024-10-13T09:30:42.021+0000] {logging_mixin.py:149} INFO - [2024-10-13T09:30:42.020+0000] {dagbag.py:541} INFO - Filling up the DagBag from /home/airflow/.local/lib/python3.7/site-packages/airflow/example_dags/example_task_group.py
[2024-10-13T09:30:42.029+0000] {processor.py:809} INFO - DAG(s) dict_keys(['example_task_group']) retrieved from /home/airflow/.local/lib/python3.7/site-packages/airflow/example_dags/example_task_group.py
[2024-10-13T09:30:42.057+0000] {logging_mixin.py:149} INFO - [2024-10-13T09:30:42.056+0000] {dag.py:2726} INFO - Sync 1 DAGs
[2024-10-13T09:30:42.085+0000] {logging_mixin.py:149} INFO - [2024-10-13T09:30:42.085+0000] {dag.py:3490} INFO - Setting next_dagrun for example_task_group to 2024-10-12T09:30:42.085334+00:00, run_after=2024-10-13T09:30:42.085334+00:00
[2024-10-13T09:30:42.104+0000] {processor.py:178} INFO - Processing /home/airflow/.local/lib/python3.7/site-packages/airflow/example_dags/example_task_group.py took 0.089 seconds
[2024-10-13T09:31:12.559+0000] {processor.py:156} INFO - Started process (PID=548) to work on /home/airflow/.local/lib/python3.7/site-packages/airflow/example_dags/example_task_group.py
[2024-10-13T09:31:12.560+0000] {processor.py:799} INFO - Processing file /home/airflow/.local/lib/python3.7/site-packages/airflow/example_dags/example_task_group.py for tasks to queue
[2024-10-13T09:31:12.561+0000] {logging_mixin.py:149} INFO - [2024-10-13T09:31:12.561+0000] {dagbag.py:541} INFO - Filling up the DagBag from /home/airflow/.local/lib/python3.7/site-packages/airflow/example_dags/example_task_group.py
[2024-10-13T09:31:12.575+0000] {processor.py:809} INFO - DAG(s) dict_keys(['example_task_group']) retrieved from /home/airflow/.local/lib/python3.7/site-packages/airflow/example_dags/example_task_group.py
[2024-10-13T09:31:12.612+0000] {logging_mixin.py:149} INFO - [2024-10-13T09:31:12.611+0000] {dag.py:2726} INFO - Sync 1 DAGs
[2024-10-13T09:31:12.654+0000] {logging_mixin.py:149} INFO - [2024-10-13T09:31:12.654+0000] {dag.py:3490} INFO - Setting next_dagrun for example_task_group to 2024-10-12T09:31:12.653482+00:00, run_after=2024-10-13T09:31:12.653482+00:00
[2024-10-13T09:31:12.690+0000] {processor.py:178} INFO - Processing /home/airflow/.local/lib/python3.7/site-packages/airflow/example_dags/example_task_group.py took 0.137 seconds
[2024-10-13T09:31:42.923+0000] {processor.py:156} INFO - Started process (PID=609) to work on /home/airflow/.local/lib/python3.7/site-packages/airflow/example_dags/example_task_group.py
[2024-10-13T09:31:42.924+0000] {processor.py:799} INFO - Processing file /home/airflow/.local/lib/python3.7/site-packages/airflow/example_dags/example_task_group.py for tasks to queue
[2024-10-13T09:31:42.925+0000] {logging_mixin.py:149} INFO - [2024-10-13T09:31:42.925+0000] {dagbag.py:541} INFO - Filling up the DagBag from /home/airflow/.local/lib/python3.7/site-packages/airflow/example_dags/example_task_group.py
[2024-10-13T09:31:42.934+0000] {processor.py:809} INFO - DAG(s) dict_keys(['example_task_group']) retrieved from /home/airflow/.local/lib/python3.7/site-packages/airflow/example_dags/example_task_group.py
[2024-10-13T09:31:42.963+0000] {logging_mixin.py:149} INFO - [2024-10-13T09:31:42.963+0000] {dag.py:2726} INFO - Sync 1 DAGs
[2024-10-13T09:31:42.999+0000] {logging_mixin.py:149} INFO - [2024-10-13T09:31:42.998+0000] {dag.py:3490} INFO - Setting next_dagrun for example_task_group to 2024-10-12T09:31:42.998562+00:00, run_after=2024-10-13T09:31:42.998562+00:00
[2024-10-13T09:31:43.022+0000] {processor.py:178} INFO - Processing /home/airflow/.local/lib/python3.7/site-packages/airflow/example_dags/example_task_group.py took 0.102 seconds
[2024-10-13T09:32:13.244+0000] {processor.py:156} INFO - Started process (PID=670) to work on /home/airflow/.local/lib/python3.7/site-packages/airflow/example_dags/example_task_group.py
[2024-10-13T09:32:13.245+0000] {processor.py:799} INFO - Processing file /home/airflow/.local/lib/python3.7/site-packages/airflow/example_dags/example_task_group.py for tasks to queue
[2024-10-13T09:32:13.246+0000] {logging_mixin.py:149} INFO - [2024-10-13T09:32:13.246+0000] {dagbag.py:541} INFO - Filling up the DagBag from /home/airflow/.local/lib/python3.7/site-packages/airflow/example_dags/example_task_group.py
[2024-10-13T09:32:13.256+0000] {processor.py:809} INFO - DAG(s) dict_keys(['example_task_group']) retrieved from /home/airflow/.local/lib/python3.7/site-packages/airflow/example_dags/example_task_group.py
[2024-10-13T09:32:13.286+0000] {logging_mixin.py:149} INFO - [2024-10-13T09:32:13.285+0000] {dag.py:2726} INFO - Sync 1 DAGs
[2024-10-13T09:32:13.318+0000] {logging_mixin.py:149} INFO - [2024-10-13T09:32:13.318+0000] {dag.py:3490} INFO - Setting next_dagrun for example_task_group to 2024-10-12T09:32:13.317869+00:00, run_after=2024-10-13T09:32:13.317869+00:00
[2024-10-13T09:32:13.339+0000] {processor.py:178} INFO - Processing /home/airflow/.local/lib/python3.7/site-packages/airflow/example_dags/example_task_group.py took 0.099 seconds
[2024-10-13T09:32:43.525+0000] {processor.py:156} INFO - Started process (PID=731) to work on /home/airflow/.local/lib/python3.7/site-packages/airflow/example_dags/example_task_group.py
[2024-10-13T09:32:43.526+0000] {processor.py:799} INFO - Processing file /home/airflow/.local/lib/python3.7/site-packages/airflow/example_dags/example_task_group.py for tasks to queue
[2024-10-13T09:32:43.527+0000] {logging_mixin.py:149} INFO - [2024-10-13T09:32:43.526+0000] {dagbag.py:541} INFO - Filling up the DagBag from /home/airflow/.local/lib/python3.7/site-packages/airflow/example_dags/example_task_group.py
[2024-10-13T09:32:43.535+0000] {processor.py:809} INFO - DAG(s) dict_keys(['example_task_group']) retrieved from /home/airflow/.local/lib/python3.7/site-packages/airflow/example_dags/example_task_group.py
[2024-10-13T09:32:43.563+0000] {logging_mixin.py:149} INFO - [2024-10-13T09:32:43.563+0000] {dag.py:2726} INFO - Sync 1 DAGs
[2024-10-13T09:32:43.590+0000] {logging_mixin.py:149} INFO - [2024-10-13T09:32:43.590+0000] {dag.py:3490} INFO - Setting next_dagrun for example_task_group to 2024-10-12T09:32:43.590142+00:00, run_after=2024-10-13T09:32:43.590142+00:00
[2024-10-13T09:32:43.610+0000] {processor.py:178} INFO - Processing /home/airflow/.local/lib/python3.7/site-packages/airflow/example_dags/example_task_group.py took 0.088 seconds
[2024-10-13T09:33:14.241+0000] {processor.py:156} INFO - Started process (PID=792) to work on /home/airflow/.local/lib/python3.7/site-packages/airflow/example_dags/example_task_group.py
[2024-10-13T09:33:14.243+0000] {processor.py:799} INFO - Processing file /home/airflow/.local/lib/python3.7/site-packages/airflow/example_dags/example_task_group.py for tasks to queue
[2024-10-13T09:33:14.243+0000] {logging_mixin.py:149} INFO - [2024-10-13T09:33:14.243+0000] {dagbag.py:541} INFO - Filling up the DagBag from /home/airflow/.local/lib/python3.7/site-packages/airflow/example_dags/example_task_group.py
[2024-10-13T09:33:14.254+0000] {processor.py:809} INFO - DAG(s) dict_keys(['example_task_group']) retrieved from /home/airflow/.local/lib/python3.7/site-packages/airflow/example_dags/example_task_group.py
[2024-10-13T09:33:14.291+0000] {logging_mixin.py:149} INFO - [2024-10-13T09:33:14.291+0000] {dag.py:2726} INFO - Sync 1 DAGs
[2024-10-13T09:33:14.338+0000] {logging_mixin.py:149} INFO - [2024-10-13T09:33:14.337+0000] {dag.py:3490} INFO - Setting next_dagrun for example_task_group to 2024-10-12T09:33:14.337544+00:00, run_after=2024-10-13T09:33:14.337544+00:00
[2024-10-13T09:33:14.378+0000] {processor.py:178} INFO - Processing /home/airflow/.local/lib/python3.7/site-packages/airflow/example_dags/example_task_group.py took 0.141 seconds
[2024-10-13T09:33:45.279+0000] {processor.py:156} INFO - Started process (PID=854) to work on /home/airflow/.local/lib/python3.7/site-packages/airflow/example_dags/example_task_group.py
[2024-10-13T09:33:45.286+0000] {processor.py:799} INFO - Processing file /home/airflow/.local/lib/python3.7/site-packages/airflow/example_dags/example_task_group.py for tasks to queue
[2024-10-13T09:33:45.288+0000] {logging_mixin.py:149} INFO - [2024-10-13T09:33:45.287+0000] {dagbag.py:541} INFO - Filling up the DagBag from /home/airflow/.local/lib/python3.7/site-packages/airflow/example_dags/example_task_group.py
[2024-10-13T09:33:45.302+0000] {processor.py:809} INFO - DAG(s) dict_keys(['example_task_group']) retrieved from /home/airflow/.local/lib/python3.7/site-packages/airflow/example_dags/example_task_group.py
[2024-10-13T09:33:45.332+0000] {logging_mixin.py:149} INFO - [2024-10-13T09:33:45.332+0000] {dag.py:2726} INFO - Sync 1 DAGs
[2024-10-13T09:33:45.373+0000] {logging_mixin.py:149} INFO - [2024-10-13T09:33:45.372+0000] {dag.py:3490} INFO - Setting next_dagrun for example_task_group to 2024-10-12T09:33:45.372673+00:00, run_after=2024-10-13T09:33:45.372673+00:00
[2024-10-13T09:33:45.407+0000] {processor.py:178} INFO - Processing /home/airflow/.local/lib/python3.7/site-packages/airflow/example_dags/example_task_group.py took 0.140 seconds
[2024-10-13T09:34:15.877+0000] {processor.py:156} INFO - Started process (PID=915) to work on /home/airflow/.local/lib/python3.7/site-packages/airflow/example_dags/example_task_group.py
[2024-10-13T09:34:15.878+0000] {processor.py:799} INFO - Processing file /home/airflow/.local/lib/python3.7/site-packages/airflow/example_dags/example_task_group.py for tasks to queue
[2024-10-13T09:34:15.879+0000] {logging_mixin.py:149} INFO - [2024-10-13T09:34:15.879+0000] {dagbag.py:541} INFO - Filling up the DagBag from /home/airflow/.local/lib/python3.7/site-packages/airflow/example_dags/example_task_group.py
[2024-10-13T09:34:15.891+0000] {processor.py:809} INFO - DAG(s) dict_keys(['example_task_group']) retrieved from /home/airflow/.local/lib/python3.7/site-packages/airflow/example_dags/example_task_group.py
[2024-10-13T09:34:15.931+0000] {logging_mixin.py:149} INFO - [2024-10-13T09:34:15.931+0000] {dag.py:2726} INFO - Sync 1 DAGs
[2024-10-13T09:34:15.975+0000] {logging_mixin.py:149} INFO - [2024-10-13T09:34:15.974+0000] {dag.py:3490} INFO - Setting next_dagrun for example_task_group to 2024-10-12T09:34:15.974494+00:00, run_after=2024-10-13T09:34:15.974494+00:00
[2024-10-13T09:34:16.005+0000] {processor.py:178} INFO - Processing /home/airflow/.local/lib/python3.7/site-packages/airflow/example_dags/example_task_group.py took 0.132 seconds
[2024-10-13T09:34:46.436+0000] {processor.py:156} INFO - Started process (PID=976) to work on /home/airflow/.local/lib/python3.7/site-packages/airflow/example_dags/example_task_group.py
[2024-10-13T09:34:46.437+0000] {processor.py:799} INFO - Processing file /home/airflow/.local/lib/python3.7/site-packages/airflow/example_dags/example_task_group.py for tasks to queue
[2024-10-13T09:34:46.438+0000] {logging_mixin.py:149} INFO - [2024-10-13T09:34:46.438+0000] {dagbag.py:541} INFO - Filling up the DagBag from /home/airflow/.local/lib/python3.7/site-packages/airflow/example_dags/example_task_group.py
[2024-10-13T09:34:46.447+0000] {processor.py:809} INFO - DAG(s) dict_keys(['example_task_group']) retrieved from /home/airflow/.local/lib/python3.7/site-packages/airflow/example_dags/example_task_group.py
[2024-10-13T09:34:46.475+0000] {logging_mixin.py:149} INFO - [2024-10-13T09:34:46.475+0000] {dag.py:2726} INFO - Sync 1 DAGs
[2024-10-13T09:34:46.504+0000] {logging_mixin.py:149} INFO - [2024-10-13T09:34:46.504+0000] {dag.py:3490} INFO - Setting next_dagrun for example_task_group to 2024-10-12T09:34:46.504298+00:00, run_after=2024-10-13T09:34:46.504298+00:00
[2024-10-13T09:34:46.525+0000] {processor.py:178} INFO - Processing /home/airflow/.local/lib/python3.7/site-packages/airflow/example_dags/example_task_group.py took 0.094 seconds
[2024-10-13T09:35:16.857+0000] {processor.py:156} INFO - Started process (PID=1046) to work on /home/airflow/.local/lib/python3.7/site-packages/airflow/example_dags/example_task_group.py
[2024-10-13T09:35:16.858+0000] {processor.py:799} INFO - Processing file /home/airflow/.local/lib/python3.7/site-packages/airflow/example_dags/example_task_group.py for tasks to queue
[2024-10-13T09:35:16.859+0000] {logging_mixin.py:149} INFO - [2024-10-13T09:35:16.859+0000] {dagbag.py:541} INFO - Filling up the DagBag from /home/airflow/.local/lib/python3.7/site-packages/airflow/example_dags/example_task_group.py
[2024-10-13T09:35:16.868+0000] {processor.py:809} INFO - DAG(s) dict_keys(['example_task_group']) retrieved from /home/airflow/.local/lib/python3.7/site-packages/airflow/example_dags/example_task_group.py
[2024-10-13T09:35:16.899+0000] {logging_mixin.py:149} INFO - [2024-10-13T09:35:16.898+0000] {dag.py:2726} INFO - Sync 1 DAGs
[2024-10-13T09:35:16.930+0000] {logging_mixin.py:149} INFO - [2024-10-13T09:35:16.930+0000] {dag.py:3490} INFO - Setting next_dagrun for example_task_group to 2024-10-12T09:35:16.930356+00:00, run_after=2024-10-13T09:35:16.930356+00:00
[2024-10-13T09:35:16.951+0000] {processor.py:178} INFO - Processing /home/airflow/.local/lib/python3.7/site-packages/airflow/example_dags/example_task_group.py took 0.097 seconds
[2024-10-13T09:35:47.087+0000] {processor.py:156} INFO - Started process (PID=1107) to work on /home/airflow/.local/lib/python3.7/site-packages/airflow/example_dags/example_task_group.py
[2024-10-13T09:35:47.088+0000] {processor.py:799} INFO - Processing file /home/airflow/.local/lib/python3.7/site-packages/airflow/example_dags/example_task_group.py for tasks to queue
[2024-10-13T09:35:47.089+0000] {logging_mixin.py:149} INFO - [2024-10-13T09:35:47.089+0000] {dagbag.py:541} INFO - Filling up the DagBag from /home/airflow/.local/lib/python3.7/site-packages/airflow/example_dags/example_task_group.py
[2024-10-13T09:35:47.098+0000] {processor.py:809} INFO - DAG(s) dict_keys(['example_task_group']) retrieved from /home/airflow/.local/lib/python3.7/site-packages/airflow/example_dags/example_task_group.py
[2024-10-13T09:35:47.132+0000] {logging_mixin.py:149} INFO - [2024-10-13T09:35:47.132+0000] {dag.py:2726} INFO - Sync 1 DAGs
[2024-10-13T09:35:47.168+0000] {logging_mixin.py:149} INFO - [2024-10-13T09:35:47.168+0000] {dag.py:3490} INFO - Setting next_dagrun for example_task_group to 2024-10-12T09:35:47.167925+00:00, run_after=2024-10-13T09:35:47.167925+00:00
[2024-10-13T09:35:47.198+0000] {processor.py:178} INFO - Processing /home/airflow/.local/lib/python3.7/site-packages/airflow/example_dags/example_task_group.py took 0.115 seconds
[2024-10-13T09:36:17.705+0000] {processor.py:156} INFO - Started process (PID=1169) to work on /home/airflow/.local/lib/python3.7/site-packages/airflow/example_dags/example_task_group.py
[2024-10-13T09:36:17.711+0000] {processor.py:799} INFO - Processing file /home/airflow/.local/lib/python3.7/site-packages/airflow/example_dags/example_task_group.py for tasks to queue
[2024-10-13T09:36:17.712+0000] {logging_mixin.py:149} INFO - [2024-10-13T09:36:17.712+0000] {dagbag.py:541} INFO - Filling up the DagBag from /home/airflow/.local/lib/python3.7/site-packages/airflow/example_dags/example_task_group.py
[2024-10-13T09:36:17.721+0000] {processor.py:809} INFO - DAG(s) dict_keys(['example_task_group']) retrieved from /home/airflow/.local/lib/python3.7/site-packages/airflow/example_dags/example_task_group.py
[2024-10-13T09:36:17.747+0000] {logging_mixin.py:149} INFO - [2024-10-13T09:36:17.747+0000] {dag.py:2726} INFO - Sync 1 DAGs
[2024-10-13T09:36:17.775+0000] {logging_mixin.py:149} INFO - [2024-10-13T09:36:17.775+0000] {dag.py:3490} INFO - Setting next_dagrun for example_task_group to 2024-10-12T09:36:17.775316+00:00, run_after=2024-10-13T09:36:17.775316+00:00
[2024-10-13T09:36:17.796+0000] {processor.py:178} INFO - Processing /home/airflow/.local/lib/python3.7/site-packages/airflow/example_dags/example_task_group.py took 0.095 seconds
[2024-10-13T09:36:47.978+0000] {processor.py:156} INFO - Started process (PID=1230) to work on /home/airflow/.local/lib/python3.7/site-packages/airflow/example_dags/example_task_group.py
[2024-10-13T09:36:47.980+0000] {processor.py:799} INFO - Processing file /home/airflow/.local/lib/python3.7/site-packages/airflow/example_dags/example_task_group.py for tasks to queue
[2024-10-13T09:36:47.981+0000] {logging_mixin.py:149} INFO - [2024-10-13T09:36:47.981+0000] {dagbag.py:541} INFO - Filling up the DagBag from /home/airflow/.local/lib/python3.7/site-packages/airflow/example_dags/example_task_group.py
[2024-10-13T09:36:47.996+0000] {processor.py:809} INFO - DAG(s) dict_keys(['example_task_group']) retrieved from /home/airflow/.local/lib/python3.7/site-packages/airflow/example_dags/example_task_group.py
[2024-10-13T09:36:48.028+0000] {logging_mixin.py:149} INFO - [2024-10-13T09:36:48.028+0000] {dag.py:2726} INFO - Sync 1 DAGs
[2024-10-13T09:36:48.058+0000] {logging_mixin.py:149} INFO - [2024-10-13T09:36:48.058+0000] {dag.py:3490} INFO - Setting next_dagrun for example_task_group to 2024-10-12T09:36:48.058205+00:00, run_after=2024-10-13T09:36:48.058205+00:00
[2024-10-13T09:36:48.079+0000] {processor.py:178} INFO - Processing /home/airflow/.local/lib/python3.7/site-packages/airflow/example_dags/example_task_group.py took 0.109 seconds
[2024-10-13T09:37:18.234+0000] {processor.py:156} INFO - Started process (PID=1292) to work on /home/airflow/.local/lib/python3.7/site-packages/airflow/example_dags/example_task_group.py
[2024-10-13T09:37:18.235+0000] {processor.py:799} INFO - Processing file /home/airflow/.local/lib/python3.7/site-packages/airflow/example_dags/example_task_group.py for tasks to queue
[2024-10-13T09:37:18.236+0000] {logging_mixin.py:149} INFO - [2024-10-13T09:37:18.236+0000] {dagbag.py:541} INFO - Filling up the DagBag from /home/airflow/.local/lib/python3.7/site-packages/airflow/example_dags/example_task_group.py
[2024-10-13T09:37:18.246+0000] {processor.py:809} INFO - DAG(s) dict_keys(['example_task_group']) retrieved from /home/airflow/.local/lib/python3.7/site-packages/airflow/example_dags/example_task_group.py
[2024-10-13T09:37:18.273+0000] {logging_mixin.py:149} INFO - [2024-10-13T09:37:18.273+0000] {dag.py:2726} INFO - Sync 1 DAGs
[2024-10-13T09:37:18.302+0000] {logging_mixin.py:149} INFO - [2024-10-13T09:37:18.302+0000] {dag.py:3490} INFO - Setting next_dagrun for example_task_group to 2024-10-12T09:37:18.301923+00:00, run_after=2024-10-13T09:37:18.301923+00:00
[2024-10-13T09:37:18.323+0000] {processor.py:178} INFO - Processing /home/airflow/.local/lib/python3.7/site-packages/airflow/example_dags/example_task_group.py took 0.093 seconds
[2024-10-13T09:37:48.828+0000] {processor.py:156} INFO - Started process (PID=1352) to work on /home/airflow/.local/lib/python3.7/site-packages/airflow/example_dags/example_task_group.py
[2024-10-13T09:37:48.834+0000] {processor.py:799} INFO - Processing file /home/airflow/.local/lib/python3.7/site-packages/airflow/example_dags/example_task_group.py for tasks to queue
[2024-10-13T09:37:48.834+0000] {logging_mixin.py:149} INFO - [2024-10-13T09:37:48.834+0000] {dagbag.py:541} INFO - Filling up the DagBag from /home/airflow/.local/lib/python3.7/site-packages/airflow/example_dags/example_task_group.py
[2024-10-13T09:37:48.843+0000] {processor.py:809} INFO - DAG(s) dict_keys(['example_task_group']) retrieved from /home/airflow/.local/lib/python3.7/site-packages/airflow/example_dags/example_task_group.py
[2024-10-13T09:37:48.872+0000] {logging_mixin.py:149} INFO - [2024-10-13T09:37:48.872+0000] {dag.py:2726} INFO - Sync 1 DAGs
[2024-10-13T09:37:48.899+0000] {logging_mixin.py:149} INFO - [2024-10-13T09:37:48.899+0000] {dag.py:3490} INFO - Setting next_dagrun for example_task_group to 2024-10-12T09:37:48.899596+00:00, run_after=2024-10-13T09:37:48.899596+00:00
[2024-10-13T09:37:48.919+0000] {processor.py:178} INFO - Processing /home/airflow/.local/lib/python3.7/site-packages/airflow/example_dags/example_task_group.py took 0.095 seconds
[2024-10-13T09:38:19.530+0000] {processor.py:156} INFO - Started process (PID=1413) to work on /home/airflow/.local/lib/python3.7/site-packages/airflow/example_dags/example_task_group.py
[2024-10-13T09:38:19.531+0000] {processor.py:799} INFO - Processing file /home/airflow/.local/lib/python3.7/site-packages/airflow/example_dags/example_task_group.py for tasks to queue
[2024-10-13T09:38:19.532+0000] {logging_mixin.py:149} INFO - [2024-10-13T09:38:19.531+0000] {dagbag.py:541} INFO - Filling up the DagBag from /home/airflow/.local/lib/python3.7/site-packages/airflow/example_dags/example_task_group.py
[2024-10-13T09:38:19.541+0000] {processor.py:809} INFO - DAG(s) dict_keys(['example_task_group']) retrieved from /home/airflow/.local/lib/python3.7/site-packages/airflow/example_dags/example_task_group.py
[2024-10-13T09:38:19.578+0000] {logging_mixin.py:149} INFO - [2024-10-13T09:38:19.578+0000] {dag.py:2726} INFO - Sync 1 DAGs
[2024-10-13T09:38:19.610+0000] {logging_mixin.py:149} INFO - [2024-10-13T09:38:19.610+0000] {dag.py:3490} INFO - Setting next_dagrun for example_task_group to 2024-10-12T09:38:19.610239+00:00, run_after=2024-10-13T09:38:19.610239+00:00
[2024-10-13T09:38:19.637+0000] {processor.py:178} INFO - Processing /home/airflow/.local/lib/python3.7/site-packages/airflow/example_dags/example_task_group.py took 0.110 seconds
[2024-10-13T09:38:50.225+0000] {processor.py:156} INFO - Started process (PID=1474) to work on /home/airflow/.local/lib/python3.7/site-packages/airflow/example_dags/example_task_group.py
[2024-10-13T09:38:50.231+0000] {processor.py:799} INFO - Processing file /home/airflow/.local/lib/python3.7/site-packages/airflow/example_dags/example_task_group.py for tasks to queue
[2024-10-13T09:38:50.232+0000] {logging_mixin.py:149} INFO - [2024-10-13T09:38:50.232+0000] {dagbag.py:541} INFO - Filling up the DagBag from /home/airflow/.local/lib/python3.7/site-packages/airflow/example_dags/example_task_group.py
[2024-10-13T09:38:50.243+0000] {processor.py:809} INFO - DAG(s) dict_keys(['example_task_group']) retrieved from /home/airflow/.local/lib/python3.7/site-packages/airflow/example_dags/example_task_group.py
[2024-10-13T09:38:50.286+0000] {logging_mixin.py:149} INFO - [2024-10-13T09:38:50.286+0000] {dag.py:2726} INFO - Sync 1 DAGs
[2024-10-13T09:38:50.318+0000] {logging_mixin.py:149} INFO - [2024-10-13T09:38:50.318+0000] {dag.py:3490} INFO - Setting next_dagrun for example_task_group to 2024-10-12T09:38:50.317912+00:00, run_after=2024-10-13T09:38:50.317912+00:00
[2024-10-13T09:38:50.339+0000] {processor.py:178} INFO - Processing /home/airflow/.local/lib/python3.7/site-packages/airflow/example_dags/example_task_group.py took 0.118 seconds
[2024-10-13T09:39:20.869+0000] {processor.py:156} INFO - Started process (PID=1535) to work on /home/airflow/.local/lib/python3.7/site-packages/airflow/example_dags/example_task_group.py
[2024-10-13T09:39:20.871+0000] {processor.py:799} INFO - Processing file /home/airflow/.local/lib/python3.7/site-packages/airflow/example_dags/example_task_group.py for tasks to queue
[2024-10-13T09:39:20.873+0000] {logging_mixin.py:149} INFO - [2024-10-13T09:39:20.873+0000] {dagbag.py:541} INFO - Filling up the DagBag from /home/airflow/.local/lib/python3.7/site-packages/airflow/example_dags/example_task_group.py
[2024-10-13T09:39:20.892+0000] {processor.py:809} INFO - DAG(s) dict_keys(['example_task_group']) retrieved from /home/airflow/.local/lib/python3.7/site-packages/airflow/example_dags/example_task_group.py
[2024-10-13T09:39:20.921+0000] {logging_mixin.py:149} INFO - [2024-10-13T09:39:20.921+0000] {dag.py:2726} INFO - Sync 1 DAGs
[2024-10-13T09:39:20.948+0000] {logging_mixin.py:149} INFO - [2024-10-13T09:39:20.948+0000] {dag.py:3490} INFO - Setting next_dagrun for example_task_group to 2024-10-12T09:39:20.948537+00:00, run_after=2024-10-13T09:39:20.948537+00:00
[2024-10-13T09:39:20.969+0000] {processor.py:178} INFO - Processing /home/airflow/.local/lib/python3.7/site-packages/airflow/example_dags/example_task_group.py took 0.111 seconds
[2024-10-13T09:39:51.252+0000] {processor.py:156} INFO - Started process (PID=1596) to work on /home/airflow/.local/lib/python3.7/site-packages/airflow/example_dags/example_task_group.py
[2024-10-13T09:39:51.253+0000] {processor.py:799} INFO - Processing file /home/airflow/.local/lib/python3.7/site-packages/airflow/example_dags/example_task_group.py for tasks to queue
[2024-10-13T09:39:51.253+0000] {logging_mixin.py:149} INFO - [2024-10-13T09:39:51.253+0000] {dagbag.py:541} INFO - Filling up the DagBag from /home/airflow/.local/lib/python3.7/site-packages/airflow/example_dags/example_task_group.py
[2024-10-13T09:39:51.262+0000] {processor.py:809} INFO - DAG(s) dict_keys(['example_task_group']) retrieved from /home/airflow/.local/lib/python3.7/site-packages/airflow/example_dags/example_task_group.py
[2024-10-13T09:39:51.291+0000] {logging_mixin.py:149} INFO - [2024-10-13T09:39:51.291+0000] {dag.py:2726} INFO - Sync 1 DAGs
[2024-10-13T09:39:51.318+0000] {logging_mixin.py:149} INFO - [2024-10-13T09:39:51.318+0000] {dag.py:3490} INFO - Setting next_dagrun for example_task_group to 2024-10-12T09:39:51.317845+00:00, run_after=2024-10-13T09:39:51.317845+00:00
[2024-10-13T09:39:51.335+0000] {processor.py:178} INFO - Processing /home/airflow/.local/lib/python3.7/site-packages/airflow/example_dags/example_task_group.py took 0.088 seconds
[2024-10-13T09:40:21.600+0000] {processor.py:156} INFO - Started process (PID=1657) to work on /home/airflow/.local/lib/python3.7/site-packages/airflow/example_dags/example_task_group.py
[2024-10-13T09:40:21.601+0000] {processor.py:799} INFO - Processing file /home/airflow/.local/lib/python3.7/site-packages/airflow/example_dags/example_task_group.py for tasks to queue
[2024-10-13T09:40:21.602+0000] {logging_mixin.py:149} INFO - [2024-10-13T09:40:21.602+0000] {dagbag.py:541} INFO - Filling up the DagBag from /home/airflow/.local/lib/python3.7/site-packages/airflow/example_dags/example_task_group.py
[2024-10-13T09:40:21.611+0000] {processor.py:809} INFO - DAG(s) dict_keys(['example_task_group']) retrieved from /home/airflow/.local/lib/python3.7/site-packages/airflow/example_dags/example_task_group.py
[2024-10-13T09:40:21.640+0000] {logging_mixin.py:149} INFO - [2024-10-13T09:40:21.640+0000] {dag.py:2726} INFO - Sync 1 DAGs
[2024-10-13T09:40:21.667+0000] {logging_mixin.py:149} INFO - [2024-10-13T09:40:21.667+0000] {dag.py:3490} INFO - Setting next_dagrun for example_task_group to 2024-10-12T09:40:21.666796+00:00, run_after=2024-10-13T09:40:21.666796+00:00
[2024-10-13T09:40:21.686+0000] {processor.py:178} INFO - Processing /home/airflow/.local/lib/python3.7/site-packages/airflow/example_dags/example_task_group.py took 0.089 seconds
[2024-10-13T09:40:52.127+0000] {processor.py:156} INFO - Started process (PID=1718) to work on /home/airflow/.local/lib/python3.7/site-packages/airflow/example_dags/example_task_group.py
[2024-10-13T09:40:52.128+0000] {processor.py:799} INFO - Processing file /home/airflow/.local/lib/python3.7/site-packages/airflow/example_dags/example_task_group.py for tasks to queue
[2024-10-13T09:40:52.129+0000] {logging_mixin.py:149} INFO - [2024-10-13T09:40:52.129+0000] {dagbag.py:541} INFO - Filling up the DagBag from /home/airflow/.local/lib/python3.7/site-packages/airflow/example_dags/example_task_group.py
[2024-10-13T09:40:52.136+0000] {processor.py:809} INFO - DAG(s) dict_keys(['example_task_group']) retrieved from /home/airflow/.local/lib/python3.7/site-packages/airflow/example_dags/example_task_group.py
[2024-10-13T09:40:52.163+0000] {logging_mixin.py:149} INFO - [2024-10-13T09:40:52.163+0000] {dag.py:2726} INFO - Sync 1 DAGs
[2024-10-13T09:40:52.190+0000] {logging_mixin.py:149} INFO - [2024-10-13T09:40:52.189+0000] {dag.py:3490} INFO - Setting next_dagrun for example_task_group to 2024-10-12T09:40:52.189681+00:00, run_after=2024-10-13T09:40:52.189681+00:00
[2024-10-13T09:40:52.208+0000] {processor.py:178} INFO - Processing /home/airflow/.local/lib/python3.7/site-packages/airflow/example_dags/example_task_group.py took 0.083 seconds
[2024-10-13T09:41:22.551+0000] {processor.py:156} INFO - Started process (PID=1779) to work on /home/airflow/.local/lib/python3.7/site-packages/airflow/example_dags/example_task_group.py
[2024-10-13T09:41:22.557+0000] {processor.py:799} INFO - Processing file /home/airflow/.local/lib/python3.7/site-packages/airflow/example_dags/example_task_group.py for tasks to queue
[2024-10-13T09:41:22.558+0000] {logging_mixin.py:149} INFO - [2024-10-13T09:41:22.557+0000] {dagbag.py:541} INFO - Filling up the DagBag from /home/airflow/.local/lib/python3.7/site-packages/airflow/example_dags/example_task_group.py
[2024-10-13T09:41:22.566+0000] {processor.py:809} INFO - DAG(s) dict_keys(['example_task_group']) retrieved from /home/airflow/.local/lib/python3.7/site-packages/airflow/example_dags/example_task_group.py
[2024-10-13T09:41:22.592+0000] {logging_mixin.py:149} INFO - [2024-10-13T09:41:22.592+0000] {dag.py:2726} INFO - Sync 1 DAGs
[2024-10-13T09:41:22.619+0000] {logging_mixin.py:149} INFO - [2024-10-13T09:41:22.619+0000] {dag.py:3490} INFO - Setting next_dagrun for example_task_group to 2024-10-12T09:41:22.618929+00:00, run_after=2024-10-13T09:41:22.618929+00:00
[2024-10-13T09:41:22.637+0000] {processor.py:178} INFO - Processing /home/airflow/.local/lib/python3.7/site-packages/airflow/example_dags/example_task_group.py took 0.089 seconds
[2024-10-13T09:41:53.129+0000] {processor.py:156} INFO - Started process (PID=1840) to work on /home/airflow/.local/lib/python3.7/site-packages/airflow/example_dags/example_task_group.py
[2024-10-13T09:41:53.131+0000] {processor.py:799} INFO - Processing file /home/airflow/.local/lib/python3.7/site-packages/airflow/example_dags/example_task_group.py for tasks to queue
[2024-10-13T09:41:53.132+0000] {logging_mixin.py:149} INFO - [2024-10-13T09:41:53.132+0000] {dagbag.py:541} INFO - Filling up the DagBag from /home/airflow/.local/lib/python3.7/site-packages/airflow/example_dags/example_task_group.py
[2024-10-13T09:41:53.143+0000] {processor.py:809} INFO - DAG(s) dict_keys(['example_task_group']) retrieved from /home/airflow/.local/lib/python3.7/site-packages/airflow/example_dags/example_task_group.py
[2024-10-13T09:41:53.172+0000] {logging_mixin.py:149} INFO - [2024-10-13T09:41:53.171+0000] {dag.py:2726} INFO - Sync 1 DAGs
[2024-10-13T09:41:53.198+0000] {logging_mixin.py:149} INFO - [2024-10-13T09:41:53.197+0000] {dag.py:3490} INFO - Setting next_dagrun for example_task_group to 2024-10-12T09:41:53.197689+00:00, run_after=2024-10-13T09:41:53.197689+00:00
[2024-10-13T09:41:53.216+0000] {processor.py:178} INFO - Processing /home/airflow/.local/lib/python3.7/site-packages/airflow/example_dags/example_task_group.py took 0.095 seconds
[2024-10-13T09:42:23.612+0000] {processor.py:156} INFO - Started process (PID=1901) to work on /home/airflow/.local/lib/python3.7/site-packages/airflow/example_dags/example_task_group.py
[2024-10-13T09:42:23.618+0000] {processor.py:799} INFO - Processing file /home/airflow/.local/lib/python3.7/site-packages/airflow/example_dags/example_task_group.py for tasks to queue
[2024-10-13T09:42:23.619+0000] {logging_mixin.py:149} INFO - [2024-10-13T09:42:23.619+0000] {dagbag.py:541} INFO - Filling up the DagBag from /home/airflow/.local/lib/python3.7/site-packages/airflow/example_dags/example_task_group.py
[2024-10-13T09:42:23.631+0000] {processor.py:809} INFO - DAG(s) dict_keys(['example_task_group']) retrieved from /home/airflow/.local/lib/python3.7/site-packages/airflow/example_dags/example_task_group.py
[2024-10-13T09:42:23.662+0000] {logging_mixin.py:149} INFO - [2024-10-13T09:42:23.662+0000] {dag.py:2726} INFO - Sync 1 DAGs
[2024-10-13T09:42:23.689+0000] {logging_mixin.py:149} INFO - [2024-10-13T09:42:23.689+0000] {dag.py:3490} INFO - Setting next_dagrun for example_task_group to 2024-10-12T09:42:23.689147+00:00, run_after=2024-10-13T09:42:23.689147+00:00
[2024-10-13T09:42:23.708+0000] {processor.py:178} INFO - Processing /home/airflow/.local/lib/python3.7/site-packages/airflow/example_dags/example_task_group.py took 0.104 seconds
[2024-10-13T09:42:53.737+0000] {processor.py:156} INFO - Started process (PID=1962) to work on /home/airflow/.local/lib/python3.7/site-packages/airflow/example_dags/example_task_group.py
[2024-10-13T09:42:53.738+0000] {processor.py:799} INFO - Processing file /home/airflow/.local/lib/python3.7/site-packages/airflow/example_dags/example_task_group.py for tasks to queue
[2024-10-13T09:42:53.739+0000] {logging_mixin.py:149} INFO - [2024-10-13T09:42:53.739+0000] {dagbag.py:541} INFO - Filling up the DagBag from /home/airflow/.local/lib/python3.7/site-packages/airflow/example_dags/example_task_group.py
[2024-10-13T09:42:53.747+0000] {processor.py:809} INFO - DAG(s) dict_keys(['example_task_group']) retrieved from /home/airflow/.local/lib/python3.7/site-packages/airflow/example_dags/example_task_group.py
[2024-10-13T09:42:53.777+0000] {logging_mixin.py:149} INFO - [2024-10-13T09:42:53.777+0000] {dag.py:2726} INFO - Sync 1 DAGs
[2024-10-13T09:42:53.805+0000] {logging_mixin.py:149} INFO - [2024-10-13T09:42:53.805+0000] {dag.py:3490} INFO - Setting next_dagrun for example_task_group to 2024-10-12T09:42:53.805020+00:00, run_after=2024-10-13T09:42:53.805020+00:00
[2024-10-13T09:42:53.824+0000] {processor.py:178} INFO - Processing /home/airflow/.local/lib/python3.7/site-packages/airflow/example_dags/example_task_group.py took 0.091 seconds
[2024-10-13T09:43:24.085+0000] {processor.py:156} INFO - Started process (PID=2023) to work on /home/airflow/.local/lib/python3.7/site-packages/airflow/example_dags/example_task_group.py
[2024-10-13T09:43:24.087+0000] {processor.py:799} INFO - Processing file /home/airflow/.local/lib/python3.7/site-packages/airflow/example_dags/example_task_group.py for tasks to queue
[2024-10-13T09:43:24.089+0000] {logging_mixin.py:149} INFO - [2024-10-13T09:43:24.088+0000] {dagbag.py:541} INFO - Filling up the DagBag from /home/airflow/.local/lib/python3.7/site-packages/airflow/example_dags/example_task_group.py
[2024-10-13T09:43:24.104+0000] {processor.py:809} INFO - DAG(s) dict_keys(['example_task_group']) retrieved from /home/airflow/.local/lib/python3.7/site-packages/airflow/example_dags/example_task_group.py
[2024-10-13T09:43:24.133+0000] {logging_mixin.py:149} INFO - [2024-10-13T09:43:24.133+0000] {dag.py:2726} INFO - Sync 1 DAGs
[2024-10-13T09:43:24.158+0000] {logging_mixin.py:149} INFO - [2024-10-13T09:43:24.158+0000] {dag.py:3490} INFO - Setting next_dagrun for example_task_group to 2024-10-12T09:43:24.158316+00:00, run_after=2024-10-13T09:43:24.158316+00:00
[2024-10-13T09:43:24.181+0000] {processor.py:178} INFO - Processing /home/airflow/.local/lib/python3.7/site-packages/airflow/example_dags/example_task_group.py took 0.107 seconds
[2024-10-13T09:43:54.503+0000] {processor.py:156} INFO - Started process (PID=2084) to work on /home/airflow/.local/lib/python3.7/site-packages/airflow/example_dags/example_task_group.py
[2024-10-13T09:43:54.504+0000] {processor.py:799} INFO - Processing file /home/airflow/.local/lib/python3.7/site-packages/airflow/example_dags/example_task_group.py for tasks to queue
[2024-10-13T09:43:54.505+0000] {logging_mixin.py:149} INFO - [2024-10-13T09:43:54.505+0000] {dagbag.py:541} INFO - Filling up the DagBag from /home/airflow/.local/lib/python3.7/site-packages/airflow/example_dags/example_task_group.py
[2024-10-13T09:43:54.513+0000] {processor.py:809} INFO - DAG(s) dict_keys(['example_task_group']) retrieved from /home/airflow/.local/lib/python3.7/site-packages/airflow/example_dags/example_task_group.py
[2024-10-13T09:43:54.543+0000] {logging_mixin.py:149} INFO - [2024-10-13T09:43:54.542+0000] {dag.py:2726} INFO - Sync 1 DAGs
[2024-10-13T09:43:54.569+0000] {logging_mixin.py:149} INFO - [2024-10-13T09:43:54.569+0000] {dag.py:3490} INFO - Setting next_dagrun for example_task_group to 2024-10-12T09:43:54.569191+00:00, run_after=2024-10-13T09:43:54.569191+00:00
[2024-10-13T09:43:54.587+0000] {processor.py:178} INFO - Processing /home/airflow/.local/lib/python3.7/site-packages/airflow/example_dags/example_task_group.py took 0.087 seconds
[2024-10-13T09:44:24.890+0000] {processor.py:156} INFO - Started process (PID=2145) to work on /home/airflow/.local/lib/python3.7/site-packages/airflow/example_dags/example_task_group.py
[2024-10-13T09:44:24.891+0000] {processor.py:799} INFO - Processing file /home/airflow/.local/lib/python3.7/site-packages/airflow/example_dags/example_task_group.py for tasks to queue
[2024-10-13T09:44:24.891+0000] {logging_mixin.py:149} INFO - [2024-10-13T09:44:24.891+0000] {dagbag.py:541} INFO - Filling up the DagBag from /home/airflow/.local/lib/python3.7/site-packages/airflow/example_dags/example_task_group.py
[2024-10-13T09:44:24.899+0000] {processor.py:809} INFO - DAG(s) dict_keys(['example_task_group']) retrieved from /home/airflow/.local/lib/python3.7/site-packages/airflow/example_dags/example_task_group.py
[2024-10-13T09:44:24.926+0000] {logging_mixin.py:149} INFO - [2024-10-13T09:44:24.926+0000] {dag.py:2726} INFO - Sync 1 DAGs
[2024-10-13T09:44:24.953+0000] {logging_mixin.py:149} INFO - [2024-10-13T09:44:24.952+0000] {dag.py:3490} INFO - Setting next_dagrun for example_task_group to 2024-10-12T09:44:24.952740+00:00, run_after=2024-10-13T09:44:24.952740+00:00
[2024-10-13T09:44:24.970+0000] {processor.py:178} INFO - Processing /home/airflow/.local/lib/python3.7/site-packages/airflow/example_dags/example_task_group.py took 0.083 seconds
[2024-10-13T09:44:55.273+0000] {processor.py:156} INFO - Started process (PID=2206) to work on /home/airflow/.local/lib/python3.7/site-packages/airflow/example_dags/example_task_group.py
[2024-10-13T09:44:55.275+0000] {processor.py:799} INFO - Processing file /home/airflow/.local/lib/python3.7/site-packages/airflow/example_dags/example_task_group.py for tasks to queue
[2024-10-13T09:44:55.277+0000] {logging_mixin.py:149} INFO - [2024-10-13T09:44:55.277+0000] {dagbag.py:541} INFO - Filling up the DagBag from /home/airflow/.local/lib/python3.7/site-packages/airflow/example_dags/example_task_group.py
[2024-10-13T09:44:55.293+0000] {processor.py:809} INFO - DAG(s) dict_keys(['example_task_group']) retrieved from /home/airflow/.local/lib/python3.7/site-packages/airflow/example_dags/example_task_group.py
[2024-10-13T09:44:55.319+0000] {logging_mixin.py:149} INFO - [2024-10-13T09:44:55.319+0000] {dag.py:2726} INFO - Sync 1 DAGs
[2024-10-13T09:44:55.344+0000] {logging_mixin.py:149} INFO - [2024-10-13T09:44:55.344+0000] {dag.py:3490} INFO - Setting next_dagrun for example_task_group to 2024-10-12T09:44:55.344588+00:00, run_after=2024-10-13T09:44:55.344588+00:00
[2024-10-13T09:44:55.361+0000] {processor.py:178} INFO - Processing /home/airflow/.local/lib/python3.7/site-packages/airflow/example_dags/example_task_group.py took 0.099 seconds
[2024-10-13T09:45:25.613+0000] {processor.py:156} INFO - Started process (PID=2267) to work on /home/airflow/.local/lib/python3.7/site-packages/airflow/example_dags/example_task_group.py
[2024-10-13T09:45:25.619+0000] {processor.py:799} INFO - Processing file /home/airflow/.local/lib/python3.7/site-packages/airflow/example_dags/example_task_group.py for tasks to queue
[2024-10-13T09:45:25.619+0000] {logging_mixin.py:149} INFO - [2024-10-13T09:45:25.619+0000] {dagbag.py:541} INFO - Filling up the DagBag from /home/airflow/.local/lib/python3.7/site-packages/airflow/example_dags/example_task_group.py
[2024-10-13T09:45:25.627+0000] {processor.py:809} INFO - DAG(s) dict_keys(['example_task_group']) retrieved from /home/airflow/.local/lib/python3.7/site-packages/airflow/example_dags/example_task_group.py
[2024-10-13T09:45:25.654+0000] {logging_mixin.py:149} INFO - [2024-10-13T09:45:25.654+0000] {dag.py:2726} INFO - Sync 1 DAGs
[2024-10-13T09:45:25.679+0000] {logging_mixin.py:149} INFO - [2024-10-13T09:45:25.679+0000] {dag.py:3490} INFO - Setting next_dagrun for example_task_group to 2024-10-12T09:45:25.678882+00:00, run_after=2024-10-13T09:45:25.678882+00:00
[2024-10-13T09:45:25.697+0000] {processor.py:178} INFO - Processing /home/airflow/.local/lib/python3.7/site-packages/airflow/example_dags/example_task_group.py took 0.087 seconds
[2024-10-13T09:45:55.859+0000] {processor.py:156} INFO - Started process (PID=2328) to work on /home/airflow/.local/lib/python3.7/site-packages/airflow/example_dags/example_task_group.py
[2024-10-13T09:45:55.859+0000] {processor.py:799} INFO - Processing file /home/airflow/.local/lib/python3.7/site-packages/airflow/example_dags/example_task_group.py for tasks to queue
[2024-10-13T09:45:55.860+0000] {logging_mixin.py:149} INFO - [2024-10-13T09:45:55.860+0000] {dagbag.py:541} INFO - Filling up the DagBag from /home/airflow/.local/lib/python3.7/site-packages/airflow/example_dags/example_task_group.py
[2024-10-13T09:45:55.869+0000] {processor.py:809} INFO - DAG(s) dict_keys(['example_task_group']) retrieved from /home/airflow/.local/lib/python3.7/site-packages/airflow/example_dags/example_task_group.py
[2024-10-13T09:45:55.897+0000] {logging_mixin.py:149} INFO - [2024-10-13T09:45:55.897+0000] {dag.py:2726} INFO - Sync 1 DAGs
[2024-10-13T09:45:55.926+0000] {logging_mixin.py:149} INFO - [2024-10-13T09:45:55.926+0000] {dag.py:3490} INFO - Setting next_dagrun for example_task_group to 2024-10-12T09:45:55.926141+00:00, run_after=2024-10-13T09:45:55.926141+00:00
[2024-10-13T09:45:55.946+0000] {processor.py:178} INFO - Processing /home/airflow/.local/lib/python3.7/site-packages/airflow/example_dags/example_task_group.py took 0.091 seconds
[2024-10-13T09:46:26.193+0000] {processor.py:156} INFO - Started process (PID=2389) to work on /home/airflow/.local/lib/python3.7/site-packages/airflow/example_dags/example_task_group.py
[2024-10-13T09:46:26.194+0000] {processor.py:799} INFO - Processing file /home/airflow/.local/lib/python3.7/site-packages/airflow/example_dags/example_task_group.py for tasks to queue
[2024-10-13T09:46:26.194+0000] {logging_mixin.py:149} INFO - [2024-10-13T09:46:26.194+0000] {dagbag.py:541} INFO - Filling up the DagBag from /home/airflow/.local/lib/python3.7/site-packages/airflow/example_dags/example_task_group.py
[2024-10-13T09:46:26.203+0000] {processor.py:809} INFO - DAG(s) dict_keys(['example_task_group']) retrieved from /home/airflow/.local/lib/python3.7/site-packages/airflow/example_dags/example_task_group.py
[2024-10-13T09:46:26.235+0000] {logging_mixin.py:149} INFO - [2024-10-13T09:46:26.235+0000] {dag.py:2726} INFO - Sync 1 DAGs
[2024-10-13T09:46:26.261+0000] {logging_mixin.py:149} INFO - [2024-10-13T09:46:26.261+0000] {dag.py:3490} INFO - Setting next_dagrun for example_task_group to 2024-10-12T09:46:26.260962+00:00, run_after=2024-10-13T09:46:26.260962+00:00
[2024-10-13T09:46:26.281+0000] {processor.py:178} INFO - Processing /home/airflow/.local/lib/python3.7/site-packages/airflow/example_dags/example_task_group.py took 0.092 seconds
[2024-10-13T09:46:56.805+0000] {processor.py:156} INFO - Started process (PID=2450) to work on /home/airflow/.local/lib/python3.7/site-packages/airflow/example_dags/example_task_group.py
[2024-10-13T09:46:56.807+0000] {processor.py:799} INFO - Processing file /home/airflow/.local/lib/python3.7/site-packages/airflow/example_dags/example_task_group.py for tasks to queue
[2024-10-13T09:46:56.807+0000] {logging_mixin.py:149} INFO - [2024-10-13T09:46:56.807+0000] {dagbag.py:541} INFO - Filling up the DagBag from /home/airflow/.local/lib/python3.7/site-packages/airflow/example_dags/example_task_group.py
[2024-10-13T09:46:56.816+0000] {processor.py:809} INFO - DAG(s) dict_keys(['example_task_group']) retrieved from /home/airflow/.local/lib/python3.7/site-packages/airflow/example_dags/example_task_group.py
[2024-10-13T09:46:56.844+0000] {logging_mixin.py:149} INFO - [2024-10-13T09:46:56.844+0000] {dag.py:2726} INFO - Sync 1 DAGs
[2024-10-13T09:46:56.870+0000] {logging_mixin.py:149} INFO - [2024-10-13T09:46:56.870+0000] {dag.py:3490} INFO - Setting next_dagrun for example_task_group to 2024-10-12T09:46:56.870265+00:00, run_after=2024-10-13T09:46:56.870265+00:00
[2024-10-13T09:46:56.890+0000] {processor.py:178} INFO - Processing /home/airflow/.local/lib/python3.7/site-packages/airflow/example_dags/example_task_group.py took 0.089 seconds
[2024-10-13T09:47:27.329+0000] {processor.py:156} INFO - Started process (PID=2511) to work on /home/airflow/.local/lib/python3.7/site-packages/airflow/example_dags/example_task_group.py
[2024-10-13T09:47:27.330+0000] {processor.py:799} INFO - Processing file /home/airflow/.local/lib/python3.7/site-packages/airflow/example_dags/example_task_group.py for tasks to queue
[2024-10-13T09:47:27.330+0000] {logging_mixin.py:149} INFO - [2024-10-13T09:47:27.330+0000] {dagbag.py:541} INFO - Filling up the DagBag from /home/airflow/.local/lib/python3.7/site-packages/airflow/example_dags/example_task_group.py
[2024-10-13T09:47:27.340+0000] {processor.py:809} INFO - DAG(s) dict_keys(['example_task_group']) retrieved from /home/airflow/.local/lib/python3.7/site-packages/airflow/example_dags/example_task_group.py
[2024-10-13T09:47:27.369+0000] {logging_mixin.py:149} INFO - [2024-10-13T09:47:27.369+0000] {dag.py:2726} INFO - Sync 1 DAGs
[2024-10-13T09:47:27.394+0000] {logging_mixin.py:149} INFO - [2024-10-13T09:47:27.394+0000] {dag.py:3490} INFO - Setting next_dagrun for example_task_group to 2024-10-12T09:47:27.393945+00:00, run_after=2024-10-13T09:47:27.393945+00:00
[2024-10-13T09:47:27.411+0000] {processor.py:178} INFO - Processing /home/airflow/.local/lib/python3.7/site-packages/airflow/example_dags/example_task_group.py took 0.086 seconds
[2024-10-13T09:47:57.829+0000] {processor.py:156} INFO - Started process (PID=2572) to work on /home/airflow/.local/lib/python3.7/site-packages/airflow/example_dags/example_task_group.py
[2024-10-13T09:47:57.830+0000] {processor.py:799} INFO - Processing file /home/airflow/.local/lib/python3.7/site-packages/airflow/example_dags/example_task_group.py for tasks to queue
[2024-10-13T09:47:57.831+0000] {logging_mixin.py:149} INFO - [2024-10-13T09:47:57.831+0000] {dagbag.py:541} INFO - Filling up the DagBag from /home/airflow/.local/lib/python3.7/site-packages/airflow/example_dags/example_task_group.py
[2024-10-13T09:47:57.841+0000] {processor.py:809} INFO - DAG(s) dict_keys(['example_task_group']) retrieved from /home/airflow/.local/lib/python3.7/site-packages/airflow/example_dags/example_task_group.py
[2024-10-13T09:47:57.874+0000] {logging_mixin.py:149} INFO - [2024-10-13T09:47:57.874+0000] {dag.py:2726} INFO - Sync 1 DAGs
[2024-10-13T09:47:57.901+0000] {logging_mixin.py:149} INFO - [2024-10-13T09:47:57.901+0000] {dag.py:3490} INFO - Setting next_dagrun for example_task_group to 2024-10-12T09:47:57.900796+00:00, run_after=2024-10-13T09:47:57.900796+00:00
[2024-10-13T09:47:57.919+0000] {processor.py:178} INFO - Processing /home/airflow/.local/lib/python3.7/site-packages/airflow/example_dags/example_task_group.py took 0.094 seconds
[2024-10-13T09:48:28.099+0000] {processor.py:156} INFO - Started process (PID=2633) to work on /home/airflow/.local/lib/python3.7/site-packages/airflow/example_dags/example_task_group.py
[2024-10-13T09:48:28.099+0000] {processor.py:799} INFO - Processing file /home/airflow/.local/lib/python3.7/site-packages/airflow/example_dags/example_task_group.py for tasks to queue
[2024-10-13T09:48:28.100+0000] {logging_mixin.py:149} INFO - [2024-10-13T09:48:28.100+0000] {dagbag.py:541} INFO - Filling up the DagBag from /home/airflow/.local/lib/python3.7/site-packages/airflow/example_dags/example_task_group.py
[2024-10-13T09:48:28.107+0000] {processor.py:809} INFO - DAG(s) dict_keys(['example_task_group']) retrieved from /home/airflow/.local/lib/python3.7/site-packages/airflow/example_dags/example_task_group.py
[2024-10-13T09:48:28.134+0000] {logging_mixin.py:149} INFO - [2024-10-13T09:48:28.134+0000] {dag.py:2726} INFO - Sync 1 DAGs
[2024-10-13T09:48:28.160+0000] {logging_mixin.py:149} INFO - [2024-10-13T09:48:28.160+0000] {dag.py:3490} INFO - Setting next_dagrun for example_task_group to 2024-10-12T09:48:28.160588+00:00, run_after=2024-10-13T09:48:28.160588+00:00
[2024-10-13T09:48:28.179+0000] {processor.py:178} INFO - Processing /home/airflow/.local/lib/python3.7/site-packages/airflow/example_dags/example_task_group.py took 0.083 seconds
[2024-10-13T09:48:58.439+0000] {processor.py:156} INFO - Started process (PID=2694) to work on /home/airflow/.local/lib/python3.7/site-packages/airflow/example_dags/example_task_group.py
[2024-10-13T09:48:58.440+0000] {processor.py:799} INFO - Processing file /home/airflow/.local/lib/python3.7/site-packages/airflow/example_dags/example_task_group.py for tasks to queue
[2024-10-13T09:48:58.441+0000] {logging_mixin.py:149} INFO - [2024-10-13T09:48:58.440+0000] {dagbag.py:541} INFO - Filling up the DagBag from /home/airflow/.local/lib/python3.7/site-packages/airflow/example_dags/example_task_group.py
[2024-10-13T09:48:58.450+0000] {processor.py:809} INFO - DAG(s) dict_keys(['example_task_group']) retrieved from /home/airflow/.local/lib/python3.7/site-packages/airflow/example_dags/example_task_group.py
[2024-10-13T09:48:58.475+0000] {logging_mixin.py:149} INFO - [2024-10-13T09:48:58.475+0000] {dag.py:2726} INFO - Sync 1 DAGs
[2024-10-13T09:48:58.500+0000] {logging_mixin.py:149} INFO - [2024-10-13T09:48:58.500+0000] {dag.py:3490} INFO - Setting next_dagrun for example_task_group to 2024-10-12T09:48:58.499882+00:00, run_after=2024-10-13T09:48:58.499882+00:00
[2024-10-13T09:48:58.518+0000] {processor.py:178} INFO - Processing /home/airflow/.local/lib/python3.7/site-packages/airflow/example_dags/example_task_group.py took 0.082 seconds
[2024-10-13T09:49:28.872+0000] {processor.py:156} INFO - Started process (PID=2755) to work on /home/airflow/.local/lib/python3.7/site-packages/airflow/example_dags/example_task_group.py
[2024-10-13T09:49:28.875+0000] {processor.py:799} INFO - Processing file /home/airflow/.local/lib/python3.7/site-packages/airflow/example_dags/example_task_group.py for tasks to queue
[2024-10-13T09:49:28.877+0000] {logging_mixin.py:149} INFO - [2024-10-13T09:49:28.876+0000] {dagbag.py:541} INFO - Filling up the DagBag from /home/airflow/.local/lib/python3.7/site-packages/airflow/example_dags/example_task_group.py
[2024-10-13T09:49:28.893+0000] {processor.py:809} INFO - DAG(s) dict_keys(['example_task_group']) retrieved from /home/airflow/.local/lib/python3.7/site-packages/airflow/example_dags/example_task_group.py
[2024-10-13T09:49:28.921+0000] {logging_mixin.py:149} INFO - [2024-10-13T09:49:28.921+0000] {dag.py:2726} INFO - Sync 1 DAGs
[2024-10-13T09:49:28.947+0000] {logging_mixin.py:149} INFO - [2024-10-13T09:49:28.947+0000] {dag.py:3490} INFO - Setting next_dagrun for example_task_group to 2024-10-12T09:49:28.947364+00:00, run_after=2024-10-13T09:49:28.947364+00:00
[2024-10-13T09:49:28.965+0000] {processor.py:178} INFO - Processing /home/airflow/.local/lib/python3.7/site-packages/airflow/example_dags/example_task_group.py took 0.105 seconds
[2024-10-13T09:49:59.108+0000] {processor.py:156} INFO - Started process (PID=2816) to work on /home/airflow/.local/lib/python3.7/site-packages/airflow/example_dags/example_task_group.py
[2024-10-13T09:49:59.108+0000] {processor.py:799} INFO - Processing file /home/airflow/.local/lib/python3.7/site-packages/airflow/example_dags/example_task_group.py for tasks to queue
[2024-10-13T09:49:59.109+0000] {logging_mixin.py:149} INFO - [2024-10-13T09:49:59.109+0000] {dagbag.py:541} INFO - Filling up the DagBag from /home/airflow/.local/lib/python3.7/site-packages/airflow/example_dags/example_task_group.py
[2024-10-13T09:49:59.117+0000] {processor.py:809} INFO - DAG(s) dict_keys(['example_task_group']) retrieved from /home/airflow/.local/lib/python3.7/site-packages/airflow/example_dags/example_task_group.py
[2024-10-13T09:49:59.144+0000] {logging_mixin.py:149} INFO - [2024-10-13T09:49:59.144+0000] {dag.py:2726} INFO - Sync 1 DAGs
[2024-10-13T09:49:59.169+0000] {logging_mixin.py:149} INFO - [2024-10-13T09:49:59.168+0000] {dag.py:3490} INFO - Setting next_dagrun for example_task_group to 2024-10-12T09:49:59.168717+00:00, run_after=2024-10-13T09:49:59.168717+00:00
[2024-10-13T09:49:59.186+0000] {processor.py:178} INFO - Processing /home/airflow/.local/lib/python3.7/site-packages/airflow/example_dags/example_task_group.py took 0.082 seconds
[2024-10-13T09:50:29.282+0000] {processor.py:156} INFO - Started process (PID=2877) to work on /home/airflow/.local/lib/python3.7/site-packages/airflow/example_dags/example_task_group.py
[2024-10-13T09:50:29.283+0000] {processor.py:799} INFO - Processing file /home/airflow/.local/lib/python3.7/site-packages/airflow/example_dags/example_task_group.py for tasks to queue
[2024-10-13T09:50:29.284+0000] {logging_mixin.py:149} INFO - [2024-10-13T09:50:29.284+0000] {dagbag.py:541} INFO - Filling up the DagBag from /home/airflow/.local/lib/python3.7/site-packages/airflow/example_dags/example_task_group.py
[2024-10-13T09:50:29.294+0000] {processor.py:809} INFO - DAG(s) dict_keys(['example_task_group']) retrieved from /home/airflow/.local/lib/python3.7/site-packages/airflow/example_dags/example_task_group.py
[2024-10-13T09:50:29.323+0000] {logging_mixin.py:149} INFO - [2024-10-13T09:50:29.323+0000] {dag.py:2726} INFO - Sync 1 DAGs
[2024-10-13T09:50:29.350+0000] {logging_mixin.py:149} INFO - [2024-10-13T09:50:29.350+0000] {dag.py:3490} INFO - Setting next_dagrun for example_task_group to 2024-10-12T09:50:29.350417+00:00, run_after=2024-10-13T09:50:29.350417+00:00
[2024-10-13T09:50:29.369+0000] {processor.py:178} INFO - Processing /home/airflow/.local/lib/python3.7/site-packages/airflow/example_dags/example_task_group.py took 0.092 seconds
[2024-10-13T09:50:59.728+0000] {processor.py:156} INFO - Started process (PID=2938) to work on /home/airflow/.local/lib/python3.7/site-packages/airflow/example_dags/example_task_group.py
[2024-10-13T09:50:59.730+0000] {processor.py:799} INFO - Processing file /home/airflow/.local/lib/python3.7/site-packages/airflow/example_dags/example_task_group.py for tasks to queue
[2024-10-13T09:50:59.730+0000] {logging_mixin.py:149} INFO - [2024-10-13T09:50:59.730+0000] {dagbag.py:541} INFO - Filling up the DagBag from /home/airflow/.local/lib/python3.7/site-packages/airflow/example_dags/example_task_group.py
[2024-10-13T09:50:59.739+0000] {processor.py:809} INFO - DAG(s) dict_keys(['example_task_group']) retrieved from /home/airflow/.local/lib/python3.7/site-packages/airflow/example_dags/example_task_group.py
[2024-10-13T09:50:59.768+0000] {logging_mixin.py:149} INFO - [2024-10-13T09:50:59.767+0000] {dag.py:2726} INFO - Sync 1 DAGs
[2024-10-13T09:50:59.794+0000] {logging_mixin.py:149} INFO - [2024-10-13T09:50:59.794+0000] {dag.py:3490} INFO - Setting next_dagrun for example_task_group to 2024-10-12T09:50:59.794326+00:00, run_after=2024-10-13T09:50:59.794326+00:00
[2024-10-13T09:50:59.812+0000] {processor.py:178} INFO - Processing /home/airflow/.local/lib/python3.7/site-packages/airflow/example_dags/example_task_group.py took 0.087 seconds
[2024-10-13T09:51:30.097+0000] {processor.py:156} INFO - Started process (PID=2999) to work on /home/airflow/.local/lib/python3.7/site-packages/airflow/example_dags/example_task_group.py
[2024-10-13T09:51:30.099+0000] {processor.py:799} INFO - Processing file /home/airflow/.local/lib/python3.7/site-packages/airflow/example_dags/example_task_group.py for tasks to queue
[2024-10-13T09:51:30.101+0000] {logging_mixin.py:149} INFO - [2024-10-13T09:51:30.100+0000] {dagbag.py:541} INFO - Filling up the DagBag from /home/airflow/.local/lib/python3.7/site-packages/airflow/example_dags/example_task_group.py
[2024-10-13T09:51:30.116+0000] {processor.py:809} INFO - DAG(s) dict_keys(['example_task_group']) retrieved from /home/airflow/.local/lib/python3.7/site-packages/airflow/example_dags/example_task_group.py
[2024-10-13T09:51:30.144+0000] {logging_mixin.py:149} INFO - [2024-10-13T09:51:30.144+0000] {dag.py:2726} INFO - Sync 1 DAGs
[2024-10-13T09:51:30.169+0000] {logging_mixin.py:149} INFO - [2024-10-13T09:51:30.169+0000] {dag.py:3490} INFO - Setting next_dagrun for example_task_group to 2024-10-12T09:51:30.168893+00:00, run_after=2024-10-13T09:51:30.168893+00:00
[2024-10-13T09:51:30.187+0000] {processor.py:178} INFO - Processing /home/airflow/.local/lib/python3.7/site-packages/airflow/example_dags/example_task_group.py took 0.099 seconds
[2024-10-13T09:52:00.486+0000] {processor.py:156} INFO - Started process (PID=3060) to work on /home/airflow/.local/lib/python3.7/site-packages/airflow/example_dags/example_task_group.py
[2024-10-13T09:52:00.487+0000] {processor.py:799} INFO - Processing file /home/airflow/.local/lib/python3.7/site-packages/airflow/example_dags/example_task_group.py for tasks to queue
[2024-10-13T09:52:00.488+0000] {logging_mixin.py:149} INFO - [2024-10-13T09:52:00.488+0000] {dagbag.py:541} INFO - Filling up the DagBag from /home/airflow/.local/lib/python3.7/site-packages/airflow/example_dags/example_task_group.py
[2024-10-13T09:52:00.496+0000] {processor.py:809} INFO - DAG(s) dict_keys(['example_task_group']) retrieved from /home/airflow/.local/lib/python3.7/site-packages/airflow/example_dags/example_task_group.py
[2024-10-13T09:52:00.526+0000] {logging_mixin.py:149} INFO - [2024-10-13T09:52:00.526+0000] {dag.py:2726} INFO - Sync 1 DAGs
[2024-10-13T09:52:00.553+0000] {logging_mixin.py:149} INFO - [2024-10-13T09:52:00.552+0000] {dag.py:3490} INFO - Setting next_dagrun for example_task_group to 2024-10-12T09:52:00.552692+00:00, run_after=2024-10-13T09:52:00.552692+00:00
[2024-10-13T09:52:00.570+0000] {processor.py:178} INFO - Processing /home/airflow/.local/lib/python3.7/site-packages/airflow/example_dags/example_task_group.py took 0.087 seconds
[2024-10-13T09:52:31.015+0000] {processor.py:156} INFO - Started process (PID=3121) to work on /home/airflow/.local/lib/python3.7/site-packages/airflow/example_dags/example_task_group.py
[2024-10-13T09:52:31.016+0000] {processor.py:799} INFO - Processing file /home/airflow/.local/lib/python3.7/site-packages/airflow/example_dags/example_task_group.py for tasks to queue
[2024-10-13T09:52:31.016+0000] {logging_mixin.py:149} INFO - [2024-10-13T09:52:31.016+0000] {dagbag.py:541} INFO - Filling up the DagBag from /home/airflow/.local/lib/python3.7/site-packages/airflow/example_dags/example_task_group.py
[2024-10-13T09:52:31.024+0000] {processor.py:809} INFO - DAG(s) dict_keys(['example_task_group']) retrieved from /home/airflow/.local/lib/python3.7/site-packages/airflow/example_dags/example_task_group.py
[2024-10-13T09:52:31.054+0000] {logging_mixin.py:149} INFO - [2024-10-13T09:52:31.054+0000] {dag.py:2726} INFO - Sync 1 DAGs
[2024-10-13T09:52:31.080+0000] {logging_mixin.py:149} INFO - [2024-10-13T09:52:31.080+0000] {dag.py:3490} INFO - Setting next_dagrun for example_task_group to 2024-10-12T09:52:31.079867+00:00, run_after=2024-10-13T09:52:31.079867+00:00
[2024-10-13T09:52:31.098+0000] {processor.py:178} INFO - Processing /home/airflow/.local/lib/python3.7/site-packages/airflow/example_dags/example_task_group.py took 0.086 seconds
[2024-10-13T09:53:01.469+0000] {processor.py:156} INFO - Started process (PID=3182) to work on /home/airflow/.local/lib/python3.7/site-packages/airflow/example_dags/example_task_group.py
[2024-10-13T09:53:01.470+0000] {processor.py:799} INFO - Processing file /home/airflow/.local/lib/python3.7/site-packages/airflow/example_dags/example_task_group.py for tasks to queue
[2024-10-13T09:53:01.470+0000] {logging_mixin.py:149} INFO - [2024-10-13T09:53:01.470+0000] {dagbag.py:541} INFO - Filling up the DagBag from /home/airflow/.local/lib/python3.7/site-packages/airflow/example_dags/example_task_group.py
[2024-10-13T09:53:01.479+0000] {processor.py:809} INFO - DAG(s) dict_keys(['example_task_group']) retrieved from /home/airflow/.local/lib/python3.7/site-packages/airflow/example_dags/example_task_group.py
[2024-10-13T09:53:01.507+0000] {logging_mixin.py:149} INFO - [2024-10-13T09:53:01.507+0000] {dag.py:2726} INFO - Sync 1 DAGs
[2024-10-13T09:53:01.532+0000] {logging_mixin.py:149} INFO - [2024-10-13T09:53:01.532+0000] {dag.py:3490} INFO - Setting next_dagrun for example_task_group to 2024-10-12T09:53:01.531969+00:00, run_after=2024-10-13T09:53:01.531969+00:00
[2024-10-13T09:53:01.550+0000] {processor.py:178} INFO - Processing /home/airflow/.local/lib/python3.7/site-packages/airflow/example_dags/example_task_group.py took 0.085 seconds
[2024-10-13T09:53:32.449+0000] {processor.py:156} INFO - Started process (PID=3234) to work on /home/airflow/.local/lib/python3.7/site-packages/airflow/example_dags/example_task_group.py
[2024-10-13T09:53:32.450+0000] {processor.py:799} INFO - Processing file /home/airflow/.local/lib/python3.7/site-packages/airflow/example_dags/example_task_group.py for tasks to queue
[2024-10-13T09:53:32.451+0000] {logging_mixin.py:149} INFO - [2024-10-13T09:53:32.451+0000] {dagbag.py:541} INFO - Filling up the DagBag from /home/airflow/.local/lib/python3.7/site-packages/airflow/example_dags/example_task_group.py
[2024-10-13T09:53:32.460+0000] {processor.py:809} INFO - DAG(s) dict_keys(['example_task_group']) retrieved from /home/airflow/.local/lib/python3.7/site-packages/airflow/example_dags/example_task_group.py
[2024-10-13T09:53:32.507+0000] {logging_mixin.py:149} INFO - [2024-10-13T09:53:32.506+0000] {dag.py:2726} INFO - Sync 1 DAGs
[2024-10-13T09:53:32.561+0000] {logging_mixin.py:149} INFO - [2024-10-13T09:53:32.560+0000] {dag.py:3490} INFO - Setting next_dagrun for example_task_group to 2024-10-12T09:53:32.560355+00:00, run_after=2024-10-13T09:53:32.560355+00:00
[2024-10-13T09:53:32.581+0000] {processor.py:178} INFO - Processing /home/airflow/.local/lib/python3.7/site-packages/airflow/example_dags/example_task_group.py took 0.135 seconds
[2024-10-13T09:54:02.933+0000] {processor.py:156} INFO - Started process (PID=3295) to work on /home/airflow/.local/lib/python3.7/site-packages/airflow/example_dags/example_task_group.py
[2024-10-13T09:54:02.934+0000] {processor.py:799} INFO - Processing file /home/airflow/.local/lib/python3.7/site-packages/airflow/example_dags/example_task_group.py for tasks to queue
[2024-10-13T09:54:02.935+0000] {logging_mixin.py:149} INFO - [2024-10-13T09:54:02.935+0000] {dagbag.py:541} INFO - Filling up the DagBag from /home/airflow/.local/lib/python3.7/site-packages/airflow/example_dags/example_task_group.py
[2024-10-13T09:54:02.944+0000] {processor.py:809} INFO - DAG(s) dict_keys(['example_task_group']) retrieved from /home/airflow/.local/lib/python3.7/site-packages/airflow/example_dags/example_task_group.py
[2024-10-13T09:54:02.973+0000] {logging_mixin.py:149} INFO - [2024-10-13T09:54:02.973+0000] {dag.py:2726} INFO - Sync 1 DAGs
[2024-10-13T09:54:03.010+0000] {logging_mixin.py:149} INFO - [2024-10-13T09:54:03.010+0000] {dag.py:3490} INFO - Setting next_dagrun for example_task_group to 2024-10-12T09:54:03.010380+00:00, run_after=2024-10-13T09:54:03.010380+00:00
[2024-10-13T09:54:03.028+0000] {processor.py:178} INFO - Processing /home/airflow/.local/lib/python3.7/site-packages/airflow/example_dags/example_task_group.py took 0.098 seconds
[2024-10-13T09:54:33.105+0000] {processor.py:156} INFO - Started process (PID=3356) to work on /home/airflow/.local/lib/python3.7/site-packages/airflow/example_dags/example_task_group.py
[2024-10-13T09:54:33.106+0000] {processor.py:799} INFO - Processing file /home/airflow/.local/lib/python3.7/site-packages/airflow/example_dags/example_task_group.py for tasks to queue
[2024-10-13T09:54:33.107+0000] {logging_mixin.py:149} INFO - [2024-10-13T09:54:33.107+0000] {dagbag.py:541} INFO - Filling up the DagBag from /home/airflow/.local/lib/python3.7/site-packages/airflow/example_dags/example_task_group.py
[2024-10-13T09:54:33.115+0000] {processor.py:809} INFO - DAG(s) dict_keys(['example_task_group']) retrieved from /home/airflow/.local/lib/python3.7/site-packages/airflow/example_dags/example_task_group.py
[2024-10-13T09:54:33.141+0000] {logging_mixin.py:149} INFO - [2024-10-13T09:54:33.141+0000] {dag.py:2726} INFO - Sync 1 DAGs
[2024-10-13T09:54:33.169+0000] {logging_mixin.py:149} INFO - [2024-10-13T09:54:33.168+0000] {dag.py:3490} INFO - Setting next_dagrun for example_task_group to 2024-10-12T09:54:33.168719+00:00, run_after=2024-10-13T09:54:33.168719+00:00
[2024-10-13T09:54:33.189+0000] {processor.py:178} INFO - Processing /home/airflow/.local/lib/python3.7/site-packages/airflow/example_dags/example_task_group.py took 0.088 seconds
[2024-10-13T09:55:03.379+0000] {processor.py:156} INFO - Started process (PID=3417) to work on /home/airflow/.local/lib/python3.7/site-packages/airflow/example_dags/example_task_group.py
[2024-10-13T09:55:03.380+0000] {processor.py:799} INFO - Processing file /home/airflow/.local/lib/python3.7/site-packages/airflow/example_dags/example_task_group.py for tasks to queue
[2024-10-13T09:55:03.382+0000] {logging_mixin.py:149} INFO - [2024-10-13T09:55:03.382+0000] {dagbag.py:541} INFO - Filling up the DagBag from /home/airflow/.local/lib/python3.7/site-packages/airflow/example_dags/example_task_group.py
[2024-10-13T09:55:03.394+0000] {processor.py:809} INFO - DAG(s) dict_keys(['example_task_group']) retrieved from /home/airflow/.local/lib/python3.7/site-packages/airflow/example_dags/example_task_group.py
[2024-10-13T09:55:03.422+0000] {logging_mixin.py:149} INFO - [2024-10-13T09:55:03.422+0000] {dag.py:2726} INFO - Sync 1 DAGs
[2024-10-13T09:55:03.451+0000] {logging_mixin.py:149} INFO - [2024-10-13T09:55:03.451+0000] {dag.py:3490} INFO - Setting next_dagrun for example_task_group to 2024-10-12T09:55:03.450751+00:00, run_after=2024-10-13T09:55:03.450751+00:00
[2024-10-13T09:55:03.471+0000] {processor.py:178} INFO - Processing /home/airflow/.local/lib/python3.7/site-packages/airflow/example_dags/example_task_group.py took 0.102 seconds
[2024-10-13T09:55:33.929+0000] {processor.py:156} INFO - Started process (PID=3478) to work on /home/airflow/.local/lib/python3.7/site-packages/airflow/example_dags/example_task_group.py
[2024-10-13T09:55:33.930+0000] {processor.py:799} INFO - Processing file /home/airflow/.local/lib/python3.7/site-packages/airflow/example_dags/example_task_group.py for tasks to queue
[2024-10-13T09:55:33.931+0000] {logging_mixin.py:149} INFO - [2024-10-13T09:55:33.931+0000] {dagbag.py:541} INFO - Filling up the DagBag from /home/airflow/.local/lib/python3.7/site-packages/airflow/example_dags/example_task_group.py
[2024-10-13T09:55:33.939+0000] {processor.py:809} INFO - DAG(s) dict_keys(['example_task_group']) retrieved from /home/airflow/.local/lib/python3.7/site-packages/airflow/example_dags/example_task_group.py
[2024-10-13T09:55:33.965+0000] {logging_mixin.py:149} INFO - [2024-10-13T09:55:33.965+0000] {dag.py:2726} INFO - Sync 1 DAGs
[2024-10-13T09:55:33.991+0000] {logging_mixin.py:149} INFO - [2024-10-13T09:55:33.991+0000] {dag.py:3490} INFO - Setting next_dagrun for example_task_group to 2024-10-12T09:55:33.991115+00:00, run_after=2024-10-13T09:55:33.991115+00:00
[2024-10-13T09:55:34.010+0000] {processor.py:178} INFO - Processing /home/airflow/.local/lib/python3.7/site-packages/airflow/example_dags/example_task_group.py took 0.084 seconds
[2024-10-13T09:56:04.436+0000] {processor.py:156} INFO - Started process (PID=3539) to work on /home/airflow/.local/lib/python3.7/site-packages/airflow/example_dags/example_task_group.py
[2024-10-13T09:56:04.437+0000] {processor.py:799} INFO - Processing file /home/airflow/.local/lib/python3.7/site-packages/airflow/example_dags/example_task_group.py for tasks to queue
[2024-10-13T09:56:04.438+0000] {logging_mixin.py:149} INFO - [2024-10-13T09:56:04.438+0000] {dagbag.py:541} INFO - Filling up the DagBag from /home/airflow/.local/lib/python3.7/site-packages/airflow/example_dags/example_task_group.py
[2024-10-13T09:56:04.445+0000] {processor.py:809} INFO - DAG(s) dict_keys(['example_task_group']) retrieved from /home/airflow/.local/lib/python3.7/site-packages/airflow/example_dags/example_task_group.py
[2024-10-13T09:56:04.470+0000] {logging_mixin.py:149} INFO - [2024-10-13T09:56:04.470+0000] {dag.py:2726} INFO - Sync 1 DAGs
[2024-10-13T09:56:04.497+0000] {logging_mixin.py:149} INFO - [2024-10-13T09:56:04.497+0000] {dag.py:3490} INFO - Setting next_dagrun for example_task_group to 2024-10-12T09:56:04.497024+00:00, run_after=2024-10-13T09:56:04.497024+00:00
[2024-10-13T09:56:04.516+0000] {processor.py:178} INFO - Processing /home/airflow/.local/lib/python3.7/site-packages/airflow/example_dags/example_task_group.py took 0.083 seconds
[2024-10-13T09:56:34.824+0000] {processor.py:156} INFO - Started process (PID=3600) to work on /home/airflow/.local/lib/python3.7/site-packages/airflow/example_dags/example_task_group.py
[2024-10-13T09:56:34.824+0000] {processor.py:799} INFO - Processing file /home/airflow/.local/lib/python3.7/site-packages/airflow/example_dags/example_task_group.py for tasks to queue
[2024-10-13T09:56:34.825+0000] {logging_mixin.py:149} INFO - [2024-10-13T09:56:34.825+0000] {dagbag.py:541} INFO - Filling up the DagBag from /home/airflow/.local/lib/python3.7/site-packages/airflow/example_dags/example_task_group.py
[2024-10-13T09:56:34.834+0000] {processor.py:809} INFO - DAG(s) dict_keys(['example_task_group']) retrieved from /home/airflow/.local/lib/python3.7/site-packages/airflow/example_dags/example_task_group.py
[2024-10-13T09:56:34.863+0000] {logging_mixin.py:149} INFO - [2024-10-13T09:56:34.863+0000] {dag.py:2726} INFO - Sync 1 DAGs
[2024-10-13T09:56:34.891+0000] {logging_mixin.py:149} INFO - [2024-10-13T09:56:34.891+0000] {dag.py:3490} INFO - Setting next_dagrun for example_task_group to 2024-10-12T09:56:34.891213+00:00, run_after=2024-10-13T09:56:34.891213+00:00
[2024-10-13T09:56:34.911+0000] {processor.py:178} INFO - Processing /home/airflow/.local/lib/python3.7/site-packages/airflow/example_dags/example_task_group.py took 0.091 seconds
[2024-10-13T09:57:05.441+0000] {processor.py:156} INFO - Started process (PID=3661) to work on /home/airflow/.local/lib/python3.7/site-packages/airflow/example_dags/example_task_group.py
[2024-10-13T09:57:05.446+0000] {processor.py:799} INFO - Processing file /home/airflow/.local/lib/python3.7/site-packages/airflow/example_dags/example_task_group.py for tasks to queue
[2024-10-13T09:57:05.447+0000] {logging_mixin.py:149} INFO - [2024-10-13T09:57:05.447+0000] {dagbag.py:541} INFO - Filling up the DagBag from /home/airflow/.local/lib/python3.7/site-packages/airflow/example_dags/example_task_group.py
[2024-10-13T09:57:05.455+0000] {processor.py:809} INFO - DAG(s) dict_keys(['example_task_group']) retrieved from /home/airflow/.local/lib/python3.7/site-packages/airflow/example_dags/example_task_group.py
[2024-10-13T09:57:05.485+0000] {logging_mixin.py:149} INFO - [2024-10-13T09:57:05.485+0000] {dag.py:2726} INFO - Sync 1 DAGs
[2024-10-13T09:57:05.513+0000] {logging_mixin.py:149} INFO - [2024-10-13T09:57:05.513+0000] {dag.py:3490} INFO - Setting next_dagrun for example_task_group to 2024-10-12T09:57:05.513522+00:00, run_after=2024-10-13T09:57:05.513522+00:00
[2024-10-13T09:57:05.532+0000] {processor.py:178} INFO - Processing /home/airflow/.local/lib/python3.7/site-packages/airflow/example_dags/example_task_group.py took 0.095 seconds
[2024-10-13T09:57:36.243+0000] {processor.py:156} INFO - Started process (PID=3722) to work on /home/airflow/.local/lib/python3.7/site-packages/airflow/example_dags/example_task_group.py
[2024-10-13T09:57:36.244+0000] {processor.py:799} INFO - Processing file /home/airflow/.local/lib/python3.7/site-packages/airflow/example_dags/example_task_group.py for tasks to queue
[2024-10-13T09:57:36.245+0000] {logging_mixin.py:149} INFO - [2024-10-13T09:57:36.245+0000] {dagbag.py:541} INFO - Filling up the DagBag from /home/airflow/.local/lib/python3.7/site-packages/airflow/example_dags/example_task_group.py
[2024-10-13T09:57:36.256+0000] {processor.py:809} INFO - DAG(s) dict_keys(['example_task_group']) retrieved from /home/airflow/.local/lib/python3.7/site-packages/airflow/example_dags/example_task_group.py
[2024-10-13T09:57:36.291+0000] {logging_mixin.py:149} INFO - [2024-10-13T09:57:36.290+0000] {dag.py:2726} INFO - Sync 1 DAGs
[2024-10-13T09:57:36.318+0000] {logging_mixin.py:149} INFO - [2024-10-13T09:57:36.318+0000] {dag.py:3490} INFO - Setting next_dagrun for example_task_group to 2024-10-12T09:57:36.318401+00:00, run_after=2024-10-13T09:57:36.318401+00:00
[2024-10-13T09:57:36.340+0000] {processor.py:178} INFO - Processing /home/airflow/.local/lib/python3.7/site-packages/airflow/example_dags/example_task_group.py took 0.101 seconds
[2024-10-13T14:18:48.902+0000] {processor.py:156} INFO - Started process (PID=54) to work on /home/airflow/.local/lib/python3.7/site-packages/airflow/example_dags/example_task_group.py
[2024-10-13T14:18:48.907+0000] {processor.py:799} INFO - Processing file /home/airflow/.local/lib/python3.7/site-packages/airflow/example_dags/example_task_group.py for tasks to queue
[2024-10-13T14:18:48.910+0000] {logging_mixin.py:149} INFO - [2024-10-13T14:18:48.910+0000] {dagbag.py:541} INFO - Filling up the DagBag from /home/airflow/.local/lib/python3.7/site-packages/airflow/example_dags/example_task_group.py
[2024-10-13T14:18:48.925+0000] {processor.py:809} INFO - DAG(s) dict_keys(['example_task_group']) retrieved from /home/airflow/.local/lib/python3.7/site-packages/airflow/example_dags/example_task_group.py
[2024-10-13T14:18:48.949+0000] {logging_mixin.py:149} INFO - [2024-10-13T14:18:48.949+0000] {dag.py:2726} INFO - Sync 1 DAGs
[2024-10-13T14:18:49.005+0000] {logging_mixin.py:149} INFO - [2024-10-13T14:18:49.004+0000] {dag.py:3490} INFO - Setting next_dagrun for example_task_group to 2024-10-12T14:18:49.004425+00:00, run_after=2024-10-13T14:18:49.004425+00:00
[2024-10-13T14:18:49.034+0000] {processor.py:178} INFO - Processing /home/airflow/.local/lib/python3.7/site-packages/airflow/example_dags/example_task_group.py took 0.137 seconds
[2024-10-13T14:19:19.251+0000] {processor.py:156} INFO - Started process (PID=115) to work on /home/airflow/.local/lib/python3.7/site-packages/airflow/example_dags/example_task_group.py
[2024-10-13T14:19:19.252+0000] {processor.py:799} INFO - Processing file /home/airflow/.local/lib/python3.7/site-packages/airflow/example_dags/example_task_group.py for tasks to queue
[2024-10-13T14:19:19.252+0000] {logging_mixin.py:149} INFO - [2024-10-13T14:19:19.252+0000] {dagbag.py:541} INFO - Filling up the DagBag from /home/airflow/.local/lib/python3.7/site-packages/airflow/example_dags/example_task_group.py
[2024-10-13T14:19:19.261+0000] {processor.py:809} INFO - DAG(s) dict_keys(['example_task_group']) retrieved from /home/airflow/.local/lib/python3.7/site-packages/airflow/example_dags/example_task_group.py
[2024-10-13T14:19:19.300+0000] {logging_mixin.py:149} INFO - [2024-10-13T14:19:19.299+0000] {dag.py:2726} INFO - Sync 1 DAGs
[2024-10-13T14:19:19.333+0000] {logging_mixin.py:149} INFO - [2024-10-13T14:19:19.333+0000] {dag.py:3490} INFO - Setting next_dagrun for example_task_group to 2024-10-12T14:19:19.332870+00:00, run_after=2024-10-13T14:19:19.332870+00:00
[2024-10-13T14:19:19.352+0000] {processor.py:178} INFO - Processing /home/airflow/.local/lib/python3.7/site-packages/airflow/example_dags/example_task_group.py took 0.105 seconds
[2024-10-13T14:19:49.510+0000] {processor.py:156} INFO - Started process (PID=176) to work on /home/airflow/.local/lib/python3.7/site-packages/airflow/example_dags/example_task_group.py
[2024-10-13T14:19:49.511+0000] {processor.py:799} INFO - Processing file /home/airflow/.local/lib/python3.7/site-packages/airflow/example_dags/example_task_group.py for tasks to queue
[2024-10-13T14:19:49.512+0000] {logging_mixin.py:149} INFO - [2024-10-13T14:19:49.511+0000] {dagbag.py:541} INFO - Filling up the DagBag from /home/airflow/.local/lib/python3.7/site-packages/airflow/example_dags/example_task_group.py
[2024-10-13T14:19:49.520+0000] {processor.py:809} INFO - DAG(s) dict_keys(['example_task_group']) retrieved from /home/airflow/.local/lib/python3.7/site-packages/airflow/example_dags/example_task_group.py
[2024-10-13T14:19:49.548+0000] {logging_mixin.py:149} INFO - [2024-10-13T14:19:49.548+0000] {dag.py:2726} INFO - Sync 1 DAGs
[2024-10-13T14:19:49.579+0000] {logging_mixin.py:149} INFO - [2024-10-13T14:19:49.578+0000] {dag.py:3490} INFO - Setting next_dagrun for example_task_group to 2024-10-12T14:19:49.578569+00:00, run_after=2024-10-13T14:19:49.578569+00:00
[2024-10-13T14:19:49.606+0000] {processor.py:178} INFO - Processing /home/airflow/.local/lib/python3.7/site-packages/airflow/example_dags/example_task_group.py took 0.099 seconds
[2024-10-13T14:20:19.747+0000] {processor.py:156} INFO - Started process (PID=237) to work on /home/airflow/.local/lib/python3.7/site-packages/airflow/example_dags/example_task_group.py
[2024-10-13T14:20:19.748+0000] {processor.py:799} INFO - Processing file /home/airflow/.local/lib/python3.7/site-packages/airflow/example_dags/example_task_group.py for tasks to queue
[2024-10-13T14:20:19.749+0000] {logging_mixin.py:149} INFO - [2024-10-13T14:20:19.749+0000] {dagbag.py:541} INFO - Filling up the DagBag from /home/airflow/.local/lib/python3.7/site-packages/airflow/example_dags/example_task_group.py
[2024-10-13T14:20:19.758+0000] {processor.py:809} INFO - DAG(s) dict_keys(['example_task_group']) retrieved from /home/airflow/.local/lib/python3.7/site-packages/airflow/example_dags/example_task_group.py
[2024-10-13T14:20:19.786+0000] {logging_mixin.py:149} INFO - [2024-10-13T14:20:19.786+0000] {dag.py:2726} INFO - Sync 1 DAGs
[2024-10-13T14:20:19.815+0000] {logging_mixin.py:149} INFO - [2024-10-13T14:20:19.815+0000] {dag.py:3490} INFO - Setting next_dagrun for example_task_group to 2024-10-12T14:20:19.815237+00:00, run_after=2024-10-13T14:20:19.815237+00:00
[2024-10-13T14:20:19.834+0000] {processor.py:178} INFO - Processing /home/airflow/.local/lib/python3.7/site-packages/airflow/example_dags/example_task_group.py took 0.090 seconds
[2024-10-13T14:20:50.307+0000] {processor.py:156} INFO - Started process (PID=304) to work on /home/airflow/.local/lib/python3.7/site-packages/airflow/example_dags/example_task_group.py
[2024-10-13T14:20:50.308+0000] {processor.py:799} INFO - Processing file /home/airflow/.local/lib/python3.7/site-packages/airflow/example_dags/example_task_group.py for tasks to queue
[2024-10-13T14:20:50.309+0000] {logging_mixin.py:149} INFO - [2024-10-13T14:20:50.308+0000] {dagbag.py:541} INFO - Filling up the DagBag from /home/airflow/.local/lib/python3.7/site-packages/airflow/example_dags/example_task_group.py
[2024-10-13T14:20:50.318+0000] {processor.py:809} INFO - DAG(s) dict_keys(['example_task_group']) retrieved from /home/airflow/.local/lib/python3.7/site-packages/airflow/example_dags/example_task_group.py
[2024-10-13T14:20:50.346+0000] {logging_mixin.py:149} INFO - [2024-10-13T14:20:50.346+0000] {dag.py:2726} INFO - Sync 1 DAGs
[2024-10-13T14:20:50.376+0000] {logging_mixin.py:149} INFO - [2024-10-13T14:20:50.376+0000] {dag.py:3490} INFO - Setting next_dagrun for example_task_group to 2024-10-12T14:20:50.376410+00:00, run_after=2024-10-13T14:20:50.376410+00:00
[2024-10-13T14:20:50.399+0000] {processor.py:178} INFO - Processing /home/airflow/.local/lib/python3.7/site-packages/airflow/example_dags/example_task_group.py took 0.096 seconds
[2024-10-13T14:21:20.913+0000] {processor.py:156} INFO - Started process (PID=365) to work on /home/airflow/.local/lib/python3.7/site-packages/airflow/example_dags/example_task_group.py
[2024-10-13T14:21:20.914+0000] {processor.py:799} INFO - Processing file /home/airflow/.local/lib/python3.7/site-packages/airflow/example_dags/example_task_group.py for tasks to queue
[2024-10-13T14:21:20.915+0000] {logging_mixin.py:149} INFO - [2024-10-13T14:21:20.914+0000] {dagbag.py:541} INFO - Filling up the DagBag from /home/airflow/.local/lib/python3.7/site-packages/airflow/example_dags/example_task_group.py
[2024-10-13T14:21:20.924+0000] {processor.py:809} INFO - DAG(s) dict_keys(['example_task_group']) retrieved from /home/airflow/.local/lib/python3.7/site-packages/airflow/example_dags/example_task_group.py
[2024-10-13T14:21:20.958+0000] {logging_mixin.py:149} INFO - [2024-10-13T14:21:20.958+0000] {dag.py:2726} INFO - Sync 1 DAGs
[2024-10-13T14:21:20.991+0000] {logging_mixin.py:149} INFO - [2024-10-13T14:21:20.991+0000] {dag.py:3490} INFO - Setting next_dagrun for example_task_group to 2024-10-12T14:21:20.990760+00:00, run_after=2024-10-13T14:21:20.990760+00:00
[2024-10-13T14:21:21.019+0000] {processor.py:178} INFO - Processing /home/airflow/.local/lib/python3.7/site-packages/airflow/example_dags/example_task_group.py took 0.110 seconds
[2024-10-13T14:21:51.236+0000] {processor.py:156} INFO - Started process (PID=426) to work on /home/airflow/.local/lib/python3.7/site-packages/airflow/example_dags/example_task_group.py
[2024-10-13T14:21:51.237+0000] {processor.py:799} INFO - Processing file /home/airflow/.local/lib/python3.7/site-packages/airflow/example_dags/example_task_group.py for tasks to queue
[2024-10-13T14:21:51.238+0000] {logging_mixin.py:149} INFO - [2024-10-13T14:21:51.238+0000] {dagbag.py:541} INFO - Filling up the DagBag from /home/airflow/.local/lib/python3.7/site-packages/airflow/example_dags/example_task_group.py
[2024-10-13T14:21:51.251+0000] {processor.py:809} INFO - DAG(s) dict_keys(['example_task_group']) retrieved from /home/airflow/.local/lib/python3.7/site-packages/airflow/example_dags/example_task_group.py
[2024-10-13T14:21:51.287+0000] {logging_mixin.py:149} INFO - [2024-10-13T14:21:51.287+0000] {dag.py:2726} INFO - Sync 1 DAGs
[2024-10-13T14:21:51.328+0000] {logging_mixin.py:149} INFO - [2024-10-13T14:21:51.327+0000] {dag.py:3490} INFO - Setting next_dagrun for example_task_group to 2024-10-12T14:21:51.327697+00:00, run_after=2024-10-13T14:21:51.327697+00:00
[2024-10-13T14:21:51.350+0000] {processor.py:178} INFO - Processing /home/airflow/.local/lib/python3.7/site-packages/airflow/example_dags/example_task_group.py took 0.119 seconds
[2024-10-13T14:22:21.832+0000] {processor.py:156} INFO - Started process (PID=487) to work on /home/airflow/.local/lib/python3.7/site-packages/airflow/example_dags/example_task_group.py
[2024-10-13T14:22:21.833+0000] {processor.py:799} INFO - Processing file /home/airflow/.local/lib/python3.7/site-packages/airflow/example_dags/example_task_group.py for tasks to queue
[2024-10-13T14:22:21.833+0000] {logging_mixin.py:149} INFO - [2024-10-13T14:22:21.833+0000] {dagbag.py:541} INFO - Filling up the DagBag from /home/airflow/.local/lib/python3.7/site-packages/airflow/example_dags/example_task_group.py
[2024-10-13T14:22:21.842+0000] {processor.py:809} INFO - DAG(s) dict_keys(['example_task_group']) retrieved from /home/airflow/.local/lib/python3.7/site-packages/airflow/example_dags/example_task_group.py
[2024-10-13T14:22:21.871+0000] {logging_mixin.py:149} INFO - [2024-10-13T14:22:21.871+0000] {dag.py:2726} INFO - Sync 1 DAGs
[2024-10-13T14:22:21.899+0000] {logging_mixin.py:149} INFO - [2024-10-13T14:22:21.899+0000] {dag.py:3490} INFO - Setting next_dagrun for example_task_group to 2024-10-12T14:22:21.898969+00:00, run_after=2024-10-13T14:22:21.898969+00:00
[2024-10-13T14:22:21.919+0000] {processor.py:178} INFO - Processing /home/airflow/.local/lib/python3.7/site-packages/airflow/example_dags/example_task_group.py took 0.091 seconds
[2024-10-13T14:22:52.133+0000] {processor.py:156} INFO - Started process (PID=548) to work on /home/airflow/.local/lib/python3.7/site-packages/airflow/example_dags/example_task_group.py
[2024-10-13T14:22:52.134+0000] {processor.py:799} INFO - Processing file /home/airflow/.local/lib/python3.7/site-packages/airflow/example_dags/example_task_group.py for tasks to queue
[2024-10-13T14:22:52.136+0000] {logging_mixin.py:149} INFO - [2024-10-13T14:22:52.135+0000] {dagbag.py:541} INFO - Filling up the DagBag from /home/airflow/.local/lib/python3.7/site-packages/airflow/example_dags/example_task_group.py
[2024-10-13T14:22:52.150+0000] {processor.py:809} INFO - DAG(s) dict_keys(['example_task_group']) retrieved from /home/airflow/.local/lib/python3.7/site-packages/airflow/example_dags/example_task_group.py
[2024-10-13T14:22:52.190+0000] {logging_mixin.py:149} INFO - [2024-10-13T14:22:52.190+0000] {dag.py:2726} INFO - Sync 1 DAGs
[2024-10-13T14:22:52.225+0000] {logging_mixin.py:149} INFO - [2024-10-13T14:22:52.225+0000] {dag.py:3490} INFO - Setting next_dagrun for example_task_group to 2024-10-12T14:22:52.225101+00:00, run_after=2024-10-13T14:22:52.225101+00:00
[2024-10-13T14:22:52.249+0000] {processor.py:178} INFO - Processing /home/airflow/.local/lib/python3.7/site-packages/airflow/example_dags/example_task_group.py took 0.121 seconds
[2024-10-13T14:23:22.412+0000] {processor.py:156} INFO - Started process (PID=609) to work on /home/airflow/.local/lib/python3.7/site-packages/airflow/example_dags/example_task_group.py
[2024-10-13T14:23:22.413+0000] {processor.py:799} INFO - Processing file /home/airflow/.local/lib/python3.7/site-packages/airflow/example_dags/example_task_group.py for tasks to queue
[2024-10-13T14:23:22.413+0000] {logging_mixin.py:149} INFO - [2024-10-13T14:23:22.413+0000] {dagbag.py:541} INFO - Filling up the DagBag from /home/airflow/.local/lib/python3.7/site-packages/airflow/example_dags/example_task_group.py
[2024-10-13T14:23:22.422+0000] {processor.py:809} INFO - DAG(s) dict_keys(['example_task_group']) retrieved from /home/airflow/.local/lib/python3.7/site-packages/airflow/example_dags/example_task_group.py
[2024-10-13T14:23:22.448+0000] {logging_mixin.py:149} INFO - [2024-10-13T14:23:22.448+0000] {dag.py:2726} INFO - Sync 1 DAGs
[2024-10-13T14:23:22.476+0000] {logging_mixin.py:149} INFO - [2024-10-13T14:23:22.476+0000] {dag.py:3490} INFO - Setting next_dagrun for example_task_group to 2024-10-12T14:23:22.476263+00:00, run_after=2024-10-13T14:23:22.476263+00:00
[2024-10-13T14:23:22.496+0000] {processor.py:178} INFO - Processing /home/airflow/.local/lib/python3.7/site-packages/airflow/example_dags/example_task_group.py took 0.087 seconds
