[2024-10-13T09:27:12.676+0000] {processor.py:156} INFO - Started process (PID=76) to work on /home/airflow/.local/lib/python3.7/site-packages/airflow/example_dags/example_trigger_target_dag.py
[2024-10-13T09:27:12.677+0000] {processor.py:799} INFO - Processing file /home/airflow/.local/lib/python3.7/site-packages/airflow/example_dags/example_trigger_target_dag.py for tasks to queue
[2024-10-13T09:27:12.678+0000] {logging_mixin.py:149} INFO - [2024-10-13T09:27:12.678+0000] {dagbag.py:541} INFO - Filling up the DagBag from /home/airflow/.local/lib/python3.7/site-packages/airflow/example_dags/example_trigger_target_dag.py
[2024-10-13T09:27:12.688+0000] {processor.py:809} INFO - DAG(s) dict_keys(['example_trigger_target_dag']) retrieved from /home/airflow/.local/lib/python3.7/site-packages/airflow/example_dags/example_trigger_target_dag.py
[2024-10-13T09:27:12.883+0000] {logging_mixin.py:149} INFO - [2024-10-13T09:27:12.883+0000] {manager.py:504} INFO - Created Permission View: can edit on DAG:example_trigger_target_dag
[2024-10-13T09:27:12.898+0000] {logging_mixin.py:149} INFO - [2024-10-13T09:27:12.898+0000] {manager.py:504} INFO - Created Permission View: can read on DAG:example_trigger_target_dag
[2024-10-13T09:27:12.910+0000] {logging_mixin.py:149} INFO - [2024-10-13T09:27:12.909+0000] {manager.py:504} INFO - Created Permission View: can delete on DAG:example_trigger_target_dag
[2024-10-13T09:27:12.910+0000] {logging_mixin.py:149} INFO - [2024-10-13T09:27:12.910+0000] {dag.py:2726} INFO - Sync 1 DAGs
[2024-10-13T09:27:12.939+0000] {logging_mixin.py:149} INFO - [2024-10-13T09:27:12.938+0000] {dag.py:2747} INFO - Creating ORM DAG for example_trigger_target_dag
[2024-10-13T09:27:12.966+0000] {logging_mixin.py:149} INFO - [2024-10-13T09:27:12.966+0000] {dag.py:3490} INFO - Setting next_dagrun for example_trigger_target_dag to None, run_after=None
[2024-10-13T09:27:13.000+0000] {processor.py:178} INFO - Processing /home/airflow/.local/lib/python3.7/site-packages/airflow/example_dags/example_trigger_target_dag.py took 0.329 seconds
[2024-10-13T09:27:43.483+0000] {processor.py:156} INFO - Started process (PID=137) to work on /home/airflow/.local/lib/python3.7/site-packages/airflow/example_dags/example_trigger_target_dag.py
[2024-10-13T09:27:43.484+0000] {processor.py:799} INFO - Processing file /home/airflow/.local/lib/python3.7/site-packages/airflow/example_dags/example_trigger_target_dag.py for tasks to queue
[2024-10-13T09:27:43.485+0000] {logging_mixin.py:149} INFO - [2024-10-13T09:27:43.485+0000] {dagbag.py:541} INFO - Filling up the DagBag from /home/airflow/.local/lib/python3.7/site-packages/airflow/example_dags/example_trigger_target_dag.py
[2024-10-13T09:27:43.490+0000] {processor.py:809} INFO - DAG(s) dict_keys(['example_trigger_target_dag']) retrieved from /home/airflow/.local/lib/python3.7/site-packages/airflow/example_dags/example_trigger_target_dag.py
[2024-10-13T09:27:43.517+0000] {logging_mixin.py:149} INFO - [2024-10-13T09:27:43.517+0000] {dag.py:2726} INFO - Sync 1 DAGs
[2024-10-13T09:27:43.549+0000] {logging_mixin.py:149} INFO - [2024-10-13T09:27:43.549+0000] {dag.py:3490} INFO - Setting next_dagrun for example_trigger_target_dag to None, run_after=None
[2024-10-13T09:27:43.573+0000] {processor.py:178} INFO - Processing /home/airflow/.local/lib/python3.7/site-packages/airflow/example_dags/example_trigger_target_dag.py took 0.093 seconds
[2024-10-13T09:28:13.995+0000] {processor.py:156} INFO - Started process (PID=198) to work on /home/airflow/.local/lib/python3.7/site-packages/airflow/example_dags/example_trigger_target_dag.py
[2024-10-13T09:28:13.996+0000] {processor.py:799} INFO - Processing file /home/airflow/.local/lib/python3.7/site-packages/airflow/example_dags/example_trigger_target_dag.py for tasks to queue
[2024-10-13T09:28:13.997+0000] {logging_mixin.py:149} INFO - [2024-10-13T09:28:13.997+0000] {dagbag.py:541} INFO - Filling up the DagBag from /home/airflow/.local/lib/python3.7/site-packages/airflow/example_dags/example_trigger_target_dag.py
[2024-10-13T09:28:14.005+0000] {processor.py:809} INFO - DAG(s) dict_keys(['example_trigger_target_dag']) retrieved from /home/airflow/.local/lib/python3.7/site-packages/airflow/example_dags/example_trigger_target_dag.py
[2024-10-13T09:28:14.037+0000] {logging_mixin.py:149} INFO - [2024-10-13T09:28:14.037+0000] {dag.py:2726} INFO - Sync 1 DAGs
[2024-10-13T09:28:14.073+0000] {logging_mixin.py:149} INFO - [2024-10-13T09:28:14.072+0000] {dag.py:3490} INFO - Setting next_dagrun for example_trigger_target_dag to None, run_after=None
[2024-10-13T09:28:14.095+0000] {processor.py:178} INFO - Processing /home/airflow/.local/lib/python3.7/site-packages/airflow/example_dags/example_trigger_target_dag.py took 0.104 seconds
[2024-10-13T09:28:44.296+0000] {processor.py:156} INFO - Started process (PID=259) to work on /home/airflow/.local/lib/python3.7/site-packages/airflow/example_dags/example_trigger_target_dag.py
[2024-10-13T09:28:44.297+0000] {processor.py:799} INFO - Processing file /home/airflow/.local/lib/python3.7/site-packages/airflow/example_dags/example_trigger_target_dag.py for tasks to queue
[2024-10-13T09:28:44.298+0000] {logging_mixin.py:149} INFO - [2024-10-13T09:28:44.298+0000] {dagbag.py:541} INFO - Filling up the DagBag from /home/airflow/.local/lib/python3.7/site-packages/airflow/example_dags/example_trigger_target_dag.py
[2024-10-13T09:28:44.303+0000] {processor.py:809} INFO - DAG(s) dict_keys(['example_trigger_target_dag']) retrieved from /home/airflow/.local/lib/python3.7/site-packages/airflow/example_dags/example_trigger_target_dag.py
[2024-10-13T09:28:44.330+0000] {logging_mixin.py:149} INFO - [2024-10-13T09:28:44.330+0000] {dag.py:2726} INFO - Sync 1 DAGs
[2024-10-13T09:28:44.360+0000] {logging_mixin.py:149} INFO - [2024-10-13T09:28:44.360+0000] {dag.py:3490} INFO - Setting next_dagrun for example_trigger_target_dag to None, run_after=None
[2024-10-13T09:28:44.383+0000] {processor.py:178} INFO - Processing /home/airflow/.local/lib/python3.7/site-packages/airflow/example_dags/example_trigger_target_dag.py took 0.091 seconds
[2024-10-13T09:29:14.596+0000] {processor.py:156} INFO - Started process (PID=320) to work on /home/airflow/.local/lib/python3.7/site-packages/airflow/example_dags/example_trigger_target_dag.py
[2024-10-13T09:29:14.597+0000] {processor.py:799} INFO - Processing file /home/airflow/.local/lib/python3.7/site-packages/airflow/example_dags/example_trigger_target_dag.py for tasks to queue
[2024-10-13T09:29:14.597+0000] {logging_mixin.py:149} INFO - [2024-10-13T09:29:14.597+0000] {dagbag.py:541} INFO - Filling up the DagBag from /home/airflow/.local/lib/python3.7/site-packages/airflow/example_dags/example_trigger_target_dag.py
[2024-10-13T09:29:14.604+0000] {processor.py:809} INFO - DAG(s) dict_keys(['example_trigger_target_dag']) retrieved from /home/airflow/.local/lib/python3.7/site-packages/airflow/example_dags/example_trigger_target_dag.py
[2024-10-13T09:29:14.642+0000] {logging_mixin.py:149} INFO - [2024-10-13T09:29:14.642+0000] {dag.py:2726} INFO - Sync 1 DAGs
[2024-10-13T09:29:14.676+0000] {logging_mixin.py:149} INFO - [2024-10-13T09:29:14.676+0000] {dag.py:3490} INFO - Setting next_dagrun for example_trigger_target_dag to None, run_after=None
[2024-10-13T09:29:14.706+0000] {processor.py:178} INFO - Processing /home/airflow/.local/lib/python3.7/site-packages/airflow/example_dags/example_trigger_target_dag.py took 0.115 seconds
[2024-10-13T09:29:45.261+0000] {processor.py:156} INFO - Started process (PID=381) to work on /home/airflow/.local/lib/python3.7/site-packages/airflow/example_dags/example_trigger_target_dag.py
[2024-10-13T09:29:45.262+0000] {processor.py:799} INFO - Processing file /home/airflow/.local/lib/python3.7/site-packages/airflow/example_dags/example_trigger_target_dag.py for tasks to queue
[2024-10-13T09:29:45.263+0000] {logging_mixin.py:149} INFO - [2024-10-13T09:29:45.263+0000] {dagbag.py:541} INFO - Filling up the DagBag from /home/airflow/.local/lib/python3.7/site-packages/airflow/example_dags/example_trigger_target_dag.py
[2024-10-13T09:29:45.268+0000] {processor.py:809} INFO - DAG(s) dict_keys(['example_trigger_target_dag']) retrieved from /home/airflow/.local/lib/python3.7/site-packages/airflow/example_dags/example_trigger_target_dag.py
[2024-10-13T09:29:45.292+0000] {logging_mixin.py:149} INFO - [2024-10-13T09:29:45.292+0000] {dag.py:2726} INFO - Sync 1 DAGs
[2024-10-13T09:29:45.320+0000] {logging_mixin.py:149} INFO - [2024-10-13T09:29:45.320+0000] {dag.py:3490} INFO - Setting next_dagrun for example_trigger_target_dag to None, run_after=None
[2024-10-13T09:29:45.345+0000] {processor.py:178} INFO - Processing /home/airflow/.local/lib/python3.7/site-packages/airflow/example_dags/example_trigger_target_dag.py took 0.087 seconds
[2024-10-13T09:30:15.747+0000] {processor.py:156} INFO - Started process (PID=442) to work on /home/airflow/.local/lib/python3.7/site-packages/airflow/example_dags/example_trigger_target_dag.py
[2024-10-13T09:30:15.748+0000] {processor.py:799} INFO - Processing file /home/airflow/.local/lib/python3.7/site-packages/airflow/example_dags/example_trigger_target_dag.py for tasks to queue
[2024-10-13T09:30:15.749+0000] {logging_mixin.py:149} INFO - [2024-10-13T09:30:15.749+0000] {dagbag.py:541} INFO - Filling up the DagBag from /home/airflow/.local/lib/python3.7/site-packages/airflow/example_dags/example_trigger_target_dag.py
[2024-10-13T09:30:15.756+0000] {processor.py:809} INFO - DAG(s) dict_keys(['example_trigger_target_dag']) retrieved from /home/airflow/.local/lib/python3.7/site-packages/airflow/example_dags/example_trigger_target_dag.py
[2024-10-13T09:30:15.795+0000] {logging_mixin.py:149} INFO - [2024-10-13T09:30:15.795+0000] {dag.py:2726} INFO - Sync 1 DAGs
[2024-10-13T09:30:15.850+0000] {logging_mixin.py:149} INFO - [2024-10-13T09:30:15.850+0000] {dag.py:3490} INFO - Setting next_dagrun for example_trigger_target_dag to None, run_after=None
[2024-10-13T09:30:15.883+0000] {processor.py:178} INFO - Processing /home/airflow/.local/lib/python3.7/site-packages/airflow/example_dags/example_trigger_target_dag.py took 0.142 seconds
[2024-10-13T09:30:46.157+0000] {processor.py:156} INFO - Started process (PID=503) to work on /home/airflow/.local/lib/python3.7/site-packages/airflow/example_dags/example_trigger_target_dag.py
[2024-10-13T09:30:46.158+0000] {processor.py:799} INFO - Processing file /home/airflow/.local/lib/python3.7/site-packages/airflow/example_dags/example_trigger_target_dag.py for tasks to queue
[2024-10-13T09:30:46.159+0000] {logging_mixin.py:149} INFO - [2024-10-13T09:30:46.159+0000] {dagbag.py:541} INFO - Filling up the DagBag from /home/airflow/.local/lib/python3.7/site-packages/airflow/example_dags/example_trigger_target_dag.py
[2024-10-13T09:30:46.166+0000] {processor.py:809} INFO - DAG(s) dict_keys(['example_trigger_target_dag']) retrieved from /home/airflow/.local/lib/python3.7/site-packages/airflow/example_dags/example_trigger_target_dag.py
[2024-10-13T09:30:46.205+0000] {logging_mixin.py:149} INFO - [2024-10-13T09:30:46.205+0000] {dag.py:2726} INFO - Sync 1 DAGs
[2024-10-13T09:30:46.257+0000] {logging_mixin.py:149} INFO - [2024-10-13T09:30:46.256+0000] {dag.py:3490} INFO - Setting next_dagrun for example_trigger_target_dag to None, run_after=None
[2024-10-13T09:30:46.291+0000] {processor.py:178} INFO - Processing /home/airflow/.local/lib/python3.7/site-packages/airflow/example_dags/example_trigger_target_dag.py took 0.138 seconds
[2024-10-13T09:31:16.793+0000] {processor.py:156} INFO - Started process (PID=564) to work on /home/airflow/.local/lib/python3.7/site-packages/airflow/example_dags/example_trigger_target_dag.py
[2024-10-13T09:31:16.794+0000] {processor.py:799} INFO - Processing file /home/airflow/.local/lib/python3.7/site-packages/airflow/example_dags/example_trigger_target_dag.py for tasks to queue
[2024-10-13T09:31:16.794+0000] {logging_mixin.py:149} INFO - [2024-10-13T09:31:16.794+0000] {dagbag.py:541} INFO - Filling up the DagBag from /home/airflow/.local/lib/python3.7/site-packages/airflow/example_dags/example_trigger_target_dag.py
[2024-10-13T09:31:16.801+0000] {processor.py:809} INFO - DAG(s) dict_keys(['example_trigger_target_dag']) retrieved from /home/airflow/.local/lib/python3.7/site-packages/airflow/example_dags/example_trigger_target_dag.py
[2024-10-13T09:31:16.830+0000] {logging_mixin.py:149} INFO - [2024-10-13T09:31:16.830+0000] {dag.py:2726} INFO - Sync 1 DAGs
[2024-10-13T09:31:16.864+0000] {logging_mixin.py:149} INFO - [2024-10-13T09:31:16.864+0000] {dag.py:3490} INFO - Setting next_dagrun for example_trigger_target_dag to None, run_after=None
[2024-10-13T09:31:16.889+0000] {processor.py:178} INFO - Processing /home/airflow/.local/lib/python3.7/site-packages/airflow/example_dags/example_trigger_target_dag.py took 0.100 seconds
[2024-10-13T09:31:46.987+0000] {processor.py:156} INFO - Started process (PID=625) to work on /home/airflow/.local/lib/python3.7/site-packages/airflow/example_dags/example_trigger_target_dag.py
[2024-10-13T09:31:46.988+0000] {processor.py:799} INFO - Processing file /home/airflow/.local/lib/python3.7/site-packages/airflow/example_dags/example_trigger_target_dag.py for tasks to queue
[2024-10-13T09:31:46.989+0000] {logging_mixin.py:149} INFO - [2024-10-13T09:31:46.989+0000] {dagbag.py:541} INFO - Filling up the DagBag from /home/airflow/.local/lib/python3.7/site-packages/airflow/example_dags/example_trigger_target_dag.py
[2024-10-13T09:31:46.997+0000] {processor.py:809} INFO - DAG(s) dict_keys(['example_trigger_target_dag']) retrieved from /home/airflow/.local/lib/python3.7/site-packages/airflow/example_dags/example_trigger_target_dag.py
[2024-10-13T09:31:47.030+0000] {logging_mixin.py:149} INFO - [2024-10-13T09:31:47.029+0000] {dag.py:2726} INFO - Sync 1 DAGs
[2024-10-13T09:31:47.066+0000] {logging_mixin.py:149} INFO - [2024-10-13T09:31:47.066+0000] {dag.py:3490} INFO - Setting next_dagrun for example_trigger_target_dag to None, run_after=None
[2024-10-13T09:31:47.083+0000] {processor.py:178} INFO - Processing /home/airflow/.local/lib/python3.7/site-packages/airflow/example_dags/example_trigger_target_dag.py took 0.100 seconds
[2024-10-13T09:32:17.383+0000] {processor.py:156} INFO - Started process (PID=686) to work on /home/airflow/.local/lib/python3.7/site-packages/airflow/example_dags/example_trigger_target_dag.py
[2024-10-13T09:32:17.384+0000] {processor.py:799} INFO - Processing file /home/airflow/.local/lib/python3.7/site-packages/airflow/example_dags/example_trigger_target_dag.py for tasks to queue
[2024-10-13T09:32:17.384+0000] {logging_mixin.py:149} INFO - [2024-10-13T09:32:17.384+0000] {dagbag.py:541} INFO - Filling up the DagBag from /home/airflow/.local/lib/python3.7/site-packages/airflow/example_dags/example_trigger_target_dag.py
[2024-10-13T09:32:17.390+0000] {processor.py:809} INFO - DAG(s) dict_keys(['example_trigger_target_dag']) retrieved from /home/airflow/.local/lib/python3.7/site-packages/airflow/example_dags/example_trigger_target_dag.py
[2024-10-13T09:32:17.418+0000] {logging_mixin.py:149} INFO - [2024-10-13T09:32:17.418+0000] {dag.py:2726} INFO - Sync 1 DAGs
[2024-10-13T09:32:17.460+0000] {logging_mixin.py:149} INFO - [2024-10-13T09:32:17.460+0000] {dag.py:3490} INFO - Setting next_dagrun for example_trigger_target_dag to None, run_after=None
[2024-10-13T09:32:17.490+0000] {processor.py:178} INFO - Processing /home/airflow/.local/lib/python3.7/site-packages/airflow/example_dags/example_trigger_target_dag.py took 0.111 seconds
[2024-10-13T09:32:47.952+0000] {processor.py:156} INFO - Started process (PID=747) to work on /home/airflow/.local/lib/python3.7/site-packages/airflow/example_dags/example_trigger_target_dag.py
[2024-10-13T09:32:47.953+0000] {processor.py:799} INFO - Processing file /home/airflow/.local/lib/python3.7/site-packages/airflow/example_dags/example_trigger_target_dag.py for tasks to queue
[2024-10-13T09:32:47.954+0000] {logging_mixin.py:149} INFO - [2024-10-13T09:32:47.954+0000] {dagbag.py:541} INFO - Filling up the DagBag from /home/airflow/.local/lib/python3.7/site-packages/airflow/example_dags/example_trigger_target_dag.py
[2024-10-13T09:32:47.960+0000] {processor.py:809} INFO - DAG(s) dict_keys(['example_trigger_target_dag']) retrieved from /home/airflow/.local/lib/python3.7/site-packages/airflow/example_dags/example_trigger_target_dag.py
[2024-10-13T09:32:47.988+0000] {logging_mixin.py:149} INFO - [2024-10-13T09:32:47.988+0000] {dag.py:2726} INFO - Sync 1 DAGs
[2024-10-13T09:32:48.021+0000] {logging_mixin.py:149} INFO - [2024-10-13T09:32:48.021+0000] {dag.py:3490} INFO - Setting next_dagrun for example_trigger_target_dag to None, run_after=None
[2024-10-13T09:32:48.047+0000] {processor.py:178} INFO - Processing /home/airflow/.local/lib/python3.7/site-packages/airflow/example_dags/example_trigger_target_dag.py took 0.098 seconds
[2024-10-13T09:33:18.887+0000] {processor.py:156} INFO - Started process (PID=808) to work on /home/airflow/.local/lib/python3.7/site-packages/airflow/example_dags/example_trigger_target_dag.py
[2024-10-13T09:33:18.888+0000] {processor.py:799} INFO - Processing file /home/airflow/.local/lib/python3.7/site-packages/airflow/example_dags/example_trigger_target_dag.py for tasks to queue
[2024-10-13T09:33:18.890+0000] {logging_mixin.py:149} INFO - [2024-10-13T09:33:18.889+0000] {dagbag.py:541} INFO - Filling up the DagBag from /home/airflow/.local/lib/python3.7/site-packages/airflow/example_dags/example_trigger_target_dag.py
[2024-10-13T09:33:18.896+0000] {processor.py:809} INFO - DAG(s) dict_keys(['example_trigger_target_dag']) retrieved from /home/airflow/.local/lib/python3.7/site-packages/airflow/example_dags/example_trigger_target_dag.py
[2024-10-13T09:33:18.927+0000] {logging_mixin.py:149} INFO - [2024-10-13T09:33:18.927+0000] {dag.py:2726} INFO - Sync 1 DAGs
[2024-10-13T09:33:18.963+0000] {logging_mixin.py:149} INFO - [2024-10-13T09:33:18.962+0000] {dag.py:3490} INFO - Setting next_dagrun for example_trigger_target_dag to None, run_after=None
[2024-10-13T09:33:18.990+0000] {processor.py:178} INFO - Processing /home/airflow/.local/lib/python3.7/site-packages/airflow/example_dags/example_trigger_target_dag.py took 0.107 seconds
[2024-10-13T09:33:49.431+0000] {processor.py:156} INFO - Started process (PID=870) to work on /home/airflow/.local/lib/python3.7/site-packages/airflow/example_dags/example_trigger_target_dag.py
[2024-10-13T09:33:49.432+0000] {processor.py:799} INFO - Processing file /home/airflow/.local/lib/python3.7/site-packages/airflow/example_dags/example_trigger_target_dag.py for tasks to queue
[2024-10-13T09:33:49.433+0000] {logging_mixin.py:149} INFO - [2024-10-13T09:33:49.433+0000] {dagbag.py:541} INFO - Filling up the DagBag from /home/airflow/.local/lib/python3.7/site-packages/airflow/example_dags/example_trigger_target_dag.py
[2024-10-13T09:33:49.439+0000] {processor.py:809} INFO - DAG(s) dict_keys(['example_trigger_target_dag']) retrieved from /home/airflow/.local/lib/python3.7/site-packages/airflow/example_dags/example_trigger_target_dag.py
[2024-10-13T09:33:49.466+0000] {logging_mixin.py:149} INFO - [2024-10-13T09:33:49.466+0000] {dag.py:2726} INFO - Sync 1 DAGs
[2024-10-13T09:33:49.499+0000] {logging_mixin.py:149} INFO - [2024-10-13T09:33:49.499+0000] {dag.py:3490} INFO - Setting next_dagrun for example_trigger_target_dag to None, run_after=None
[2024-10-13T09:33:49.524+0000] {processor.py:178} INFO - Processing /home/airflow/.local/lib/python3.7/site-packages/airflow/example_dags/example_trigger_target_dag.py took 0.097 seconds
[2024-10-13T09:34:20.065+0000] {processor.py:156} INFO - Started process (PID=931) to work on /home/airflow/.local/lib/python3.7/site-packages/airflow/example_dags/example_trigger_target_dag.py
[2024-10-13T09:34:20.066+0000] {processor.py:799} INFO - Processing file /home/airflow/.local/lib/python3.7/site-packages/airflow/example_dags/example_trigger_target_dag.py for tasks to queue
[2024-10-13T09:34:20.066+0000] {logging_mixin.py:149} INFO - [2024-10-13T09:34:20.066+0000] {dagbag.py:541} INFO - Filling up the DagBag from /home/airflow/.local/lib/python3.7/site-packages/airflow/example_dags/example_trigger_target_dag.py
[2024-10-13T09:34:20.073+0000] {processor.py:809} INFO - DAG(s) dict_keys(['example_trigger_target_dag']) retrieved from /home/airflow/.local/lib/python3.7/site-packages/airflow/example_dags/example_trigger_target_dag.py
[2024-10-13T09:34:20.104+0000] {logging_mixin.py:149} INFO - [2024-10-13T09:34:20.104+0000] {dag.py:2726} INFO - Sync 1 DAGs
[2024-10-13T09:34:20.145+0000] {logging_mixin.py:149} INFO - [2024-10-13T09:34:20.145+0000] {dag.py:3490} INFO - Setting next_dagrun for example_trigger_target_dag to None, run_after=None
[2024-10-13T09:34:20.172+0000] {processor.py:178} INFO - Processing /home/airflow/.local/lib/python3.7/site-packages/airflow/example_dags/example_trigger_target_dag.py took 0.111 seconds
[2024-10-13T09:34:50.467+0000] {processor.py:156} INFO - Started process (PID=992) to work on /home/airflow/.local/lib/python3.7/site-packages/airflow/example_dags/example_trigger_target_dag.py
[2024-10-13T09:34:50.468+0000] {processor.py:799} INFO - Processing file /home/airflow/.local/lib/python3.7/site-packages/airflow/example_dags/example_trigger_target_dag.py for tasks to queue
[2024-10-13T09:34:50.469+0000] {logging_mixin.py:149} INFO - [2024-10-13T09:34:50.469+0000] {dagbag.py:541} INFO - Filling up the DagBag from /home/airflow/.local/lib/python3.7/site-packages/airflow/example_dags/example_trigger_target_dag.py
[2024-10-13T09:34:50.474+0000] {processor.py:809} INFO - DAG(s) dict_keys(['example_trigger_target_dag']) retrieved from /home/airflow/.local/lib/python3.7/site-packages/airflow/example_dags/example_trigger_target_dag.py
[2024-10-13T09:34:50.511+0000] {logging_mixin.py:149} INFO - [2024-10-13T09:34:50.510+0000] {dag.py:2726} INFO - Sync 1 DAGs
[2024-10-13T09:34:50.548+0000] {logging_mixin.py:149} INFO - [2024-10-13T09:34:50.548+0000] {dag.py:3490} INFO - Setting next_dagrun for example_trigger_target_dag to None, run_after=None
[2024-10-13T09:34:50.572+0000] {processor.py:178} INFO - Processing /home/airflow/.local/lib/python3.7/site-packages/airflow/example_dags/example_trigger_target_dag.py took 0.108 seconds
[2024-10-13T09:35:20.923+0000] {processor.py:156} INFO - Started process (PID=1062) to work on /home/airflow/.local/lib/python3.7/site-packages/airflow/example_dags/example_trigger_target_dag.py
[2024-10-13T09:35:20.924+0000] {processor.py:799} INFO - Processing file /home/airflow/.local/lib/python3.7/site-packages/airflow/example_dags/example_trigger_target_dag.py for tasks to queue
[2024-10-13T09:35:20.924+0000] {logging_mixin.py:149} INFO - [2024-10-13T09:35:20.924+0000] {dagbag.py:541} INFO - Filling up the DagBag from /home/airflow/.local/lib/python3.7/site-packages/airflow/example_dags/example_trigger_target_dag.py
[2024-10-13T09:35:20.930+0000] {processor.py:809} INFO - DAG(s) dict_keys(['example_trigger_target_dag']) retrieved from /home/airflow/.local/lib/python3.7/site-packages/airflow/example_dags/example_trigger_target_dag.py
[2024-10-13T09:35:20.957+0000] {logging_mixin.py:149} INFO - [2024-10-13T09:35:20.956+0000] {dag.py:2726} INFO - Sync 1 DAGs
[2024-10-13T09:35:20.998+0000] {logging_mixin.py:149} INFO - [2024-10-13T09:35:20.997+0000] {dag.py:3490} INFO - Setting next_dagrun for example_trigger_target_dag to None, run_after=None
[2024-10-13T09:35:21.021+0000] {processor.py:178} INFO - Processing /home/airflow/.local/lib/python3.7/site-packages/airflow/example_dags/example_trigger_target_dag.py took 0.102 seconds
[2024-10-13T09:35:51.382+0000] {processor.py:156} INFO - Started process (PID=1123) to work on /home/airflow/.local/lib/python3.7/site-packages/airflow/example_dags/example_trigger_target_dag.py
[2024-10-13T09:35:51.383+0000] {processor.py:799} INFO - Processing file /home/airflow/.local/lib/python3.7/site-packages/airflow/example_dags/example_trigger_target_dag.py for tasks to queue
[2024-10-13T09:35:51.384+0000] {logging_mixin.py:149} INFO - [2024-10-13T09:35:51.383+0000] {dagbag.py:541} INFO - Filling up the DagBag from /home/airflow/.local/lib/python3.7/site-packages/airflow/example_dags/example_trigger_target_dag.py
[2024-10-13T09:35:51.390+0000] {processor.py:809} INFO - DAG(s) dict_keys(['example_trigger_target_dag']) retrieved from /home/airflow/.local/lib/python3.7/site-packages/airflow/example_dags/example_trigger_target_dag.py
[2024-10-13T09:35:51.418+0000] {logging_mixin.py:149} INFO - [2024-10-13T09:35:51.418+0000] {dag.py:2726} INFO - Sync 1 DAGs
[2024-10-13T09:35:51.458+0000] {logging_mixin.py:149} INFO - [2024-10-13T09:35:51.458+0000] {dag.py:3490} INFO - Setting next_dagrun for example_trigger_target_dag to None, run_after=None
[2024-10-13T09:35:51.483+0000] {processor.py:178} INFO - Processing /home/airflow/.local/lib/python3.7/site-packages/airflow/example_dags/example_trigger_target_dag.py took 0.104 seconds
[2024-10-13T09:36:21.962+0000] {processor.py:156} INFO - Started process (PID=1185) to work on /home/airflow/.local/lib/python3.7/site-packages/airflow/example_dags/example_trigger_target_dag.py
[2024-10-13T09:36:21.963+0000] {processor.py:799} INFO - Processing file /home/airflow/.local/lib/python3.7/site-packages/airflow/example_dags/example_trigger_target_dag.py for tasks to queue
[2024-10-13T09:36:21.964+0000] {logging_mixin.py:149} INFO - [2024-10-13T09:36:21.964+0000] {dagbag.py:541} INFO - Filling up the DagBag from /home/airflow/.local/lib/python3.7/site-packages/airflow/example_dags/example_trigger_target_dag.py
[2024-10-13T09:36:21.970+0000] {processor.py:809} INFO - DAG(s) dict_keys(['example_trigger_target_dag']) retrieved from /home/airflow/.local/lib/python3.7/site-packages/airflow/example_dags/example_trigger_target_dag.py
[2024-10-13T09:36:22.008+0000] {logging_mixin.py:149} INFO - [2024-10-13T09:36:22.007+0000] {dag.py:2726} INFO - Sync 1 DAGs
[2024-10-13T09:36:22.046+0000] {logging_mixin.py:149} INFO - [2024-10-13T09:36:22.046+0000] {dag.py:3490} INFO - Setting next_dagrun for example_trigger_target_dag to None, run_after=None
[2024-10-13T09:36:22.070+0000] {processor.py:178} INFO - Processing /home/airflow/.local/lib/python3.7/site-packages/airflow/example_dags/example_trigger_target_dag.py took 0.112 seconds
[2024-10-13T09:36:52.154+0000] {processor.py:156} INFO - Started process (PID=1246) to work on /home/airflow/.local/lib/python3.7/site-packages/airflow/example_dags/example_trigger_target_dag.py
[2024-10-13T09:36:52.155+0000] {processor.py:799} INFO - Processing file /home/airflow/.local/lib/python3.7/site-packages/airflow/example_dags/example_trigger_target_dag.py for tasks to queue
[2024-10-13T09:36:52.156+0000] {logging_mixin.py:149} INFO - [2024-10-13T09:36:52.156+0000] {dagbag.py:541} INFO - Filling up the DagBag from /home/airflow/.local/lib/python3.7/site-packages/airflow/example_dags/example_trigger_target_dag.py
[2024-10-13T09:36:52.161+0000] {processor.py:809} INFO - DAG(s) dict_keys(['example_trigger_target_dag']) retrieved from /home/airflow/.local/lib/python3.7/site-packages/airflow/example_dags/example_trigger_target_dag.py
[2024-10-13T09:36:52.185+0000] {logging_mixin.py:149} INFO - [2024-10-13T09:36:52.185+0000] {dag.py:2726} INFO - Sync 1 DAGs
[2024-10-13T09:36:52.211+0000] {logging_mixin.py:149} INFO - [2024-10-13T09:36:52.211+0000] {dag.py:3490} INFO - Setting next_dagrun for example_trigger_target_dag to None, run_after=None
[2024-10-13T09:36:52.232+0000] {processor.py:178} INFO - Processing /home/airflow/.local/lib/python3.7/site-packages/airflow/example_dags/example_trigger_target_dag.py took 0.081 seconds
[2024-10-13T09:37:22.437+0000] {processor.py:156} INFO - Started process (PID=1308) to work on /home/airflow/.local/lib/python3.7/site-packages/airflow/example_dags/example_trigger_target_dag.py
[2024-10-13T09:37:22.438+0000] {processor.py:799} INFO - Processing file /home/airflow/.local/lib/python3.7/site-packages/airflow/example_dags/example_trigger_target_dag.py for tasks to queue
[2024-10-13T09:37:22.439+0000] {logging_mixin.py:149} INFO - [2024-10-13T09:37:22.439+0000] {dagbag.py:541} INFO - Filling up the DagBag from /home/airflow/.local/lib/python3.7/site-packages/airflow/example_dags/example_trigger_target_dag.py
[2024-10-13T09:37:22.447+0000] {processor.py:809} INFO - DAG(s) dict_keys(['example_trigger_target_dag']) retrieved from /home/airflow/.local/lib/python3.7/site-packages/airflow/example_dags/example_trigger_target_dag.py
[2024-10-13T09:37:22.482+0000] {logging_mixin.py:149} INFO - [2024-10-13T09:37:22.482+0000] {dag.py:2726} INFO - Sync 1 DAGs
[2024-10-13T09:37:22.515+0000] {logging_mixin.py:149} INFO - [2024-10-13T09:37:22.515+0000] {dag.py:3490} INFO - Setting next_dagrun for example_trigger_target_dag to None, run_after=None
[2024-10-13T09:37:22.540+0000] {processor.py:178} INFO - Processing /home/airflow/.local/lib/python3.7/site-packages/airflow/example_dags/example_trigger_target_dag.py took 0.111 seconds
[2024-10-13T09:37:52.926+0000] {processor.py:156} INFO - Started process (PID=1368) to work on /home/airflow/.local/lib/python3.7/site-packages/airflow/example_dags/example_trigger_target_dag.py
[2024-10-13T09:37:52.927+0000] {processor.py:799} INFO - Processing file /home/airflow/.local/lib/python3.7/site-packages/airflow/example_dags/example_trigger_target_dag.py for tasks to queue
[2024-10-13T09:37:52.927+0000] {logging_mixin.py:149} INFO - [2024-10-13T09:37:52.927+0000] {dagbag.py:541} INFO - Filling up the DagBag from /home/airflow/.local/lib/python3.7/site-packages/airflow/example_dags/example_trigger_target_dag.py
[2024-10-13T09:37:52.933+0000] {processor.py:809} INFO - DAG(s) dict_keys(['example_trigger_target_dag']) retrieved from /home/airflow/.local/lib/python3.7/site-packages/airflow/example_dags/example_trigger_target_dag.py
[2024-10-13T09:37:52.961+0000] {logging_mixin.py:149} INFO - [2024-10-13T09:37:52.961+0000] {dag.py:2726} INFO - Sync 1 DAGs
[2024-10-13T09:37:52.992+0000] {logging_mixin.py:149} INFO - [2024-10-13T09:37:52.992+0000] {dag.py:3490} INFO - Setting next_dagrun for example_trigger_target_dag to None, run_after=None
[2024-10-13T09:37:53.012+0000] {processor.py:178} INFO - Processing /home/airflow/.local/lib/python3.7/site-packages/airflow/example_dags/example_trigger_target_dag.py took 0.090 seconds
[2024-10-13T09:38:23.766+0000] {processor.py:156} INFO - Started process (PID=1429) to work on /home/airflow/.local/lib/python3.7/site-packages/airflow/example_dags/example_trigger_target_dag.py
[2024-10-13T09:38:23.767+0000] {processor.py:799} INFO - Processing file /home/airflow/.local/lib/python3.7/site-packages/airflow/example_dags/example_trigger_target_dag.py for tasks to queue
[2024-10-13T09:38:23.767+0000] {logging_mixin.py:149} INFO - [2024-10-13T09:38:23.767+0000] {dagbag.py:541} INFO - Filling up the DagBag from /home/airflow/.local/lib/python3.7/site-packages/airflow/example_dags/example_trigger_target_dag.py
[2024-10-13T09:38:23.772+0000] {processor.py:809} INFO - DAG(s) dict_keys(['example_trigger_target_dag']) retrieved from /home/airflow/.local/lib/python3.7/site-packages/airflow/example_dags/example_trigger_target_dag.py
[2024-10-13T09:38:23.798+0000] {logging_mixin.py:149} INFO - [2024-10-13T09:38:23.798+0000] {dag.py:2726} INFO - Sync 1 DAGs
[2024-10-13T09:38:23.824+0000] {logging_mixin.py:149} INFO - [2024-10-13T09:38:23.824+0000] {dag.py:3490} INFO - Setting next_dagrun for example_trigger_target_dag to None, run_after=None
[2024-10-13T09:38:23.842+0000] {processor.py:178} INFO - Processing /home/airflow/.local/lib/python3.7/site-packages/airflow/example_dags/example_trigger_target_dag.py took 0.080 seconds
[2024-10-13T09:38:54.418+0000] {processor.py:156} INFO - Started process (PID=1490) to work on /home/airflow/.local/lib/python3.7/site-packages/airflow/example_dags/example_trigger_target_dag.py
[2024-10-13T09:38:54.419+0000] {processor.py:799} INFO - Processing file /home/airflow/.local/lib/python3.7/site-packages/airflow/example_dags/example_trigger_target_dag.py for tasks to queue
[2024-10-13T09:38:54.419+0000] {logging_mixin.py:149} INFO - [2024-10-13T09:38:54.419+0000] {dagbag.py:541} INFO - Filling up the DagBag from /home/airflow/.local/lib/python3.7/site-packages/airflow/example_dags/example_trigger_target_dag.py
[2024-10-13T09:38:54.425+0000] {processor.py:809} INFO - DAG(s) dict_keys(['example_trigger_target_dag']) retrieved from /home/airflow/.local/lib/python3.7/site-packages/airflow/example_dags/example_trigger_target_dag.py
[2024-10-13T09:38:54.450+0000] {logging_mixin.py:149} INFO - [2024-10-13T09:38:54.450+0000] {dag.py:2726} INFO - Sync 1 DAGs
[2024-10-13T09:38:54.476+0000] {logging_mixin.py:149} INFO - [2024-10-13T09:38:54.476+0000] {dag.py:3490} INFO - Setting next_dagrun for example_trigger_target_dag to None, run_after=None
[2024-10-13T09:38:54.494+0000] {processor.py:178} INFO - Processing /home/airflow/.local/lib/python3.7/site-packages/airflow/example_dags/example_trigger_target_dag.py took 0.079 seconds
[2024-10-13T09:39:24.996+0000] {processor.py:156} INFO - Started process (PID=1551) to work on /home/airflow/.local/lib/python3.7/site-packages/airflow/example_dags/example_trigger_target_dag.py
[2024-10-13T09:39:24.997+0000] {processor.py:799} INFO - Processing file /home/airflow/.local/lib/python3.7/site-packages/airflow/example_dags/example_trigger_target_dag.py for tasks to queue
[2024-10-13T09:39:24.997+0000] {logging_mixin.py:149} INFO - [2024-10-13T09:39:24.997+0000] {dagbag.py:541} INFO - Filling up the DagBag from /home/airflow/.local/lib/python3.7/site-packages/airflow/example_dags/example_trigger_target_dag.py
[2024-10-13T09:39:25.002+0000] {processor.py:809} INFO - DAG(s) dict_keys(['example_trigger_target_dag']) retrieved from /home/airflow/.local/lib/python3.7/site-packages/airflow/example_dags/example_trigger_target_dag.py
[2024-10-13T09:39:25.027+0000] {logging_mixin.py:149} INFO - [2024-10-13T09:39:25.027+0000] {dag.py:2726} INFO - Sync 1 DAGs
[2024-10-13T09:39:25.057+0000] {logging_mixin.py:149} INFO - [2024-10-13T09:39:25.057+0000] {dag.py:3490} INFO - Setting next_dagrun for example_trigger_target_dag to None, run_after=None
[2024-10-13T09:39:25.084+0000] {processor.py:178} INFO - Processing /home/airflow/.local/lib/python3.7/site-packages/airflow/example_dags/example_trigger_target_dag.py took 0.091 seconds
[2024-10-13T09:39:55.279+0000] {processor.py:156} INFO - Started process (PID=1612) to work on /home/airflow/.local/lib/python3.7/site-packages/airflow/example_dags/example_trigger_target_dag.py
[2024-10-13T09:39:55.280+0000] {processor.py:799} INFO - Processing file /home/airflow/.local/lib/python3.7/site-packages/airflow/example_dags/example_trigger_target_dag.py for tasks to queue
[2024-10-13T09:39:55.281+0000] {logging_mixin.py:149} INFO - [2024-10-13T09:39:55.281+0000] {dagbag.py:541} INFO - Filling up the DagBag from /home/airflow/.local/lib/python3.7/site-packages/airflow/example_dags/example_trigger_target_dag.py
[2024-10-13T09:39:55.286+0000] {processor.py:809} INFO - DAG(s) dict_keys(['example_trigger_target_dag']) retrieved from /home/airflow/.local/lib/python3.7/site-packages/airflow/example_dags/example_trigger_target_dag.py
[2024-10-13T09:39:55.311+0000] {logging_mixin.py:149} INFO - [2024-10-13T09:39:55.311+0000] {dag.py:2726} INFO - Sync 1 DAGs
[2024-10-13T09:39:55.339+0000] {logging_mixin.py:149} INFO - [2024-10-13T09:39:55.339+0000] {dag.py:3490} INFO - Setting next_dagrun for example_trigger_target_dag to None, run_after=None
[2024-10-13T09:39:55.359+0000] {processor.py:178} INFO - Processing /home/airflow/.local/lib/python3.7/site-packages/airflow/example_dags/example_trigger_target_dag.py took 0.083 seconds
[2024-10-13T09:40:25.580+0000] {processor.py:156} INFO - Started process (PID=1673) to work on /home/airflow/.local/lib/python3.7/site-packages/airflow/example_dags/example_trigger_target_dag.py
[2024-10-13T09:40:25.580+0000] {processor.py:799} INFO - Processing file /home/airflow/.local/lib/python3.7/site-packages/airflow/example_dags/example_trigger_target_dag.py for tasks to queue
[2024-10-13T09:40:25.581+0000] {logging_mixin.py:149} INFO - [2024-10-13T09:40:25.581+0000] {dagbag.py:541} INFO - Filling up the DagBag from /home/airflow/.local/lib/python3.7/site-packages/airflow/example_dags/example_trigger_target_dag.py
[2024-10-13T09:40:25.587+0000] {processor.py:809} INFO - DAG(s) dict_keys(['example_trigger_target_dag']) retrieved from /home/airflow/.local/lib/python3.7/site-packages/airflow/example_dags/example_trigger_target_dag.py
[2024-10-13T09:40:25.613+0000] {logging_mixin.py:149} INFO - [2024-10-13T09:40:25.613+0000] {dag.py:2726} INFO - Sync 1 DAGs
[2024-10-13T09:40:25.639+0000] {logging_mixin.py:149} INFO - [2024-10-13T09:40:25.639+0000] {dag.py:3490} INFO - Setting next_dagrun for example_trigger_target_dag to None, run_after=None
[2024-10-13T09:40:25.657+0000] {processor.py:178} INFO - Processing /home/airflow/.local/lib/python3.7/site-packages/airflow/example_dags/example_trigger_target_dag.py took 0.081 seconds
[2024-10-13T09:40:56.104+0000] {processor.py:156} INFO - Started process (PID=1734) to work on /home/airflow/.local/lib/python3.7/site-packages/airflow/example_dags/example_trigger_target_dag.py
[2024-10-13T09:40:56.104+0000] {processor.py:799} INFO - Processing file /home/airflow/.local/lib/python3.7/site-packages/airflow/example_dags/example_trigger_target_dag.py for tasks to queue
[2024-10-13T09:40:56.105+0000] {logging_mixin.py:149} INFO - [2024-10-13T09:40:56.105+0000] {dagbag.py:541} INFO - Filling up the DagBag from /home/airflow/.local/lib/python3.7/site-packages/airflow/example_dags/example_trigger_target_dag.py
[2024-10-13T09:40:56.111+0000] {processor.py:809} INFO - DAG(s) dict_keys(['example_trigger_target_dag']) retrieved from /home/airflow/.local/lib/python3.7/site-packages/airflow/example_dags/example_trigger_target_dag.py
[2024-10-13T09:40:56.138+0000] {logging_mixin.py:149} INFO - [2024-10-13T09:40:56.138+0000] {dag.py:2726} INFO - Sync 1 DAGs
[2024-10-13T09:40:56.165+0000] {logging_mixin.py:149} INFO - [2024-10-13T09:40:56.164+0000] {dag.py:3490} INFO - Setting next_dagrun for example_trigger_target_dag to None, run_after=None
[2024-10-13T09:40:56.182+0000] {processor.py:178} INFO - Processing /home/airflow/.local/lib/python3.7/site-packages/airflow/example_dags/example_trigger_target_dag.py took 0.082 seconds
[2024-10-13T09:41:26.475+0000] {processor.py:156} INFO - Started process (PID=1795) to work on /home/airflow/.local/lib/python3.7/site-packages/airflow/example_dags/example_trigger_target_dag.py
[2024-10-13T09:41:26.476+0000] {processor.py:799} INFO - Processing file /home/airflow/.local/lib/python3.7/site-packages/airflow/example_dags/example_trigger_target_dag.py for tasks to queue
[2024-10-13T09:41:26.477+0000] {logging_mixin.py:149} INFO - [2024-10-13T09:41:26.477+0000] {dagbag.py:541} INFO - Filling up the DagBag from /home/airflow/.local/lib/python3.7/site-packages/airflow/example_dags/example_trigger_target_dag.py
[2024-10-13T09:41:26.482+0000] {processor.py:809} INFO - DAG(s) dict_keys(['example_trigger_target_dag']) retrieved from /home/airflow/.local/lib/python3.7/site-packages/airflow/example_dags/example_trigger_target_dag.py
[2024-10-13T09:41:26.508+0000] {logging_mixin.py:149} INFO - [2024-10-13T09:41:26.508+0000] {dag.py:2726} INFO - Sync 1 DAGs
[2024-10-13T09:41:26.536+0000] {logging_mixin.py:149} INFO - [2024-10-13T09:41:26.536+0000] {dag.py:3490} INFO - Setting next_dagrun for example_trigger_target_dag to None, run_after=None
[2024-10-13T09:41:26.555+0000] {processor.py:178} INFO - Processing /home/airflow/.local/lib/python3.7/site-packages/airflow/example_dags/example_trigger_target_dag.py took 0.083 seconds
[2024-10-13T09:41:57.164+0000] {processor.py:156} INFO - Started process (PID=1856) to work on /home/airflow/.local/lib/python3.7/site-packages/airflow/example_dags/example_trigger_target_dag.py
[2024-10-13T09:41:57.165+0000] {processor.py:799} INFO - Processing file /home/airflow/.local/lib/python3.7/site-packages/airflow/example_dags/example_trigger_target_dag.py for tasks to queue
[2024-10-13T09:41:57.165+0000] {logging_mixin.py:149} INFO - [2024-10-13T09:41:57.165+0000] {dagbag.py:541} INFO - Filling up the DagBag from /home/airflow/.local/lib/python3.7/site-packages/airflow/example_dags/example_trigger_target_dag.py
[2024-10-13T09:41:57.171+0000] {processor.py:809} INFO - DAG(s) dict_keys(['example_trigger_target_dag']) retrieved from /home/airflow/.local/lib/python3.7/site-packages/airflow/example_dags/example_trigger_target_dag.py
[2024-10-13T09:41:57.194+0000] {logging_mixin.py:149} INFO - [2024-10-13T09:41:57.194+0000] {dag.py:2726} INFO - Sync 1 DAGs
[2024-10-13T09:41:57.221+0000] {logging_mixin.py:149} INFO - [2024-10-13T09:41:57.221+0000] {dag.py:3490} INFO - Setting next_dagrun for example_trigger_target_dag to None, run_after=None
[2024-10-13T09:41:57.243+0000] {processor.py:178} INFO - Processing /home/airflow/.local/lib/python3.7/site-packages/airflow/example_dags/example_trigger_target_dag.py took 0.082 seconds
[2024-10-13T09:42:27.699+0000] {processor.py:156} INFO - Started process (PID=1917) to work on /home/airflow/.local/lib/python3.7/site-packages/airflow/example_dags/example_trigger_target_dag.py
[2024-10-13T09:42:27.700+0000] {processor.py:799} INFO - Processing file /home/airflow/.local/lib/python3.7/site-packages/airflow/example_dags/example_trigger_target_dag.py for tasks to queue
[2024-10-13T09:42:27.701+0000] {logging_mixin.py:149} INFO - [2024-10-13T09:42:27.700+0000] {dagbag.py:541} INFO - Filling up the DagBag from /home/airflow/.local/lib/python3.7/site-packages/airflow/example_dags/example_trigger_target_dag.py
[2024-10-13T09:42:27.706+0000] {processor.py:809} INFO - DAG(s) dict_keys(['example_trigger_target_dag']) retrieved from /home/airflow/.local/lib/python3.7/site-packages/airflow/example_dags/example_trigger_target_dag.py
[2024-10-13T09:42:27.730+0000] {logging_mixin.py:149} INFO - [2024-10-13T09:42:27.730+0000] {dag.py:2726} INFO - Sync 1 DAGs
[2024-10-13T09:42:27.754+0000] {logging_mixin.py:149} INFO - [2024-10-13T09:42:27.754+0000] {dag.py:3490} INFO - Setting next_dagrun for example_trigger_target_dag to None, run_after=None
[2024-10-13T09:42:27.772+0000] {processor.py:178} INFO - Processing /home/airflow/.local/lib/python3.7/site-packages/airflow/example_dags/example_trigger_target_dag.py took 0.076 seconds
[2024-10-13T09:42:57.911+0000] {processor.py:156} INFO - Started process (PID=1978) to work on /home/airflow/.local/lib/python3.7/site-packages/airflow/example_dags/example_trigger_target_dag.py
[2024-10-13T09:42:57.912+0000] {processor.py:799} INFO - Processing file /home/airflow/.local/lib/python3.7/site-packages/airflow/example_dags/example_trigger_target_dag.py for tasks to queue
[2024-10-13T09:42:57.913+0000] {logging_mixin.py:149} INFO - [2024-10-13T09:42:57.913+0000] {dagbag.py:541} INFO - Filling up the DagBag from /home/airflow/.local/lib/python3.7/site-packages/airflow/example_dags/example_trigger_target_dag.py
[2024-10-13T09:42:57.918+0000] {processor.py:809} INFO - DAG(s) dict_keys(['example_trigger_target_dag']) retrieved from /home/airflow/.local/lib/python3.7/site-packages/airflow/example_dags/example_trigger_target_dag.py
[2024-10-13T09:42:57.943+0000] {logging_mixin.py:149} INFO - [2024-10-13T09:42:57.943+0000] {dag.py:2726} INFO - Sync 1 DAGs
[2024-10-13T09:42:57.970+0000] {logging_mixin.py:149} INFO - [2024-10-13T09:42:57.970+0000] {dag.py:3490} INFO - Setting next_dagrun for example_trigger_target_dag to None, run_after=None
[2024-10-13T09:42:57.988+0000] {processor.py:178} INFO - Processing /home/airflow/.local/lib/python3.7/site-packages/airflow/example_dags/example_trigger_target_dag.py took 0.080 seconds
[2024-10-13T09:43:28.077+0000] {processor.py:156} INFO - Started process (PID=2039) to work on /home/airflow/.local/lib/python3.7/site-packages/airflow/example_dags/example_trigger_target_dag.py
[2024-10-13T09:43:28.078+0000] {processor.py:799} INFO - Processing file /home/airflow/.local/lib/python3.7/site-packages/airflow/example_dags/example_trigger_target_dag.py for tasks to queue
[2024-10-13T09:43:28.079+0000] {logging_mixin.py:149} INFO - [2024-10-13T09:43:28.079+0000] {dagbag.py:541} INFO - Filling up the DagBag from /home/airflow/.local/lib/python3.7/site-packages/airflow/example_dags/example_trigger_target_dag.py
[2024-10-13T09:43:28.084+0000] {processor.py:809} INFO - DAG(s) dict_keys(['example_trigger_target_dag']) retrieved from /home/airflow/.local/lib/python3.7/site-packages/airflow/example_dags/example_trigger_target_dag.py
[2024-10-13T09:43:28.109+0000] {logging_mixin.py:149} INFO - [2024-10-13T09:43:28.109+0000] {dag.py:2726} INFO - Sync 1 DAGs
[2024-10-13T09:43:28.137+0000] {logging_mixin.py:149} INFO - [2024-10-13T09:43:28.137+0000] {dag.py:3490} INFO - Setting next_dagrun for example_trigger_target_dag to None, run_after=None
[2024-10-13T09:43:28.158+0000] {processor.py:178} INFO - Processing /home/airflow/.local/lib/python3.7/site-packages/airflow/example_dags/example_trigger_target_dag.py took 0.083 seconds
[2024-10-13T09:43:58.390+0000] {processor.py:156} INFO - Started process (PID=2100) to work on /home/airflow/.local/lib/python3.7/site-packages/airflow/example_dags/example_trigger_target_dag.py
[2024-10-13T09:43:58.391+0000] {processor.py:799} INFO - Processing file /home/airflow/.local/lib/python3.7/site-packages/airflow/example_dags/example_trigger_target_dag.py for tasks to queue
[2024-10-13T09:43:58.391+0000] {logging_mixin.py:149} INFO - [2024-10-13T09:43:58.391+0000] {dagbag.py:541} INFO - Filling up the DagBag from /home/airflow/.local/lib/python3.7/site-packages/airflow/example_dags/example_trigger_target_dag.py
[2024-10-13T09:43:58.397+0000] {processor.py:809} INFO - DAG(s) dict_keys(['example_trigger_target_dag']) retrieved from /home/airflow/.local/lib/python3.7/site-packages/airflow/example_dags/example_trigger_target_dag.py
[2024-10-13T09:43:58.422+0000] {logging_mixin.py:149} INFO - [2024-10-13T09:43:58.422+0000] {dag.py:2726} INFO - Sync 1 DAGs
[2024-10-13T09:43:58.451+0000] {logging_mixin.py:149} INFO - [2024-10-13T09:43:58.450+0000] {dag.py:3490} INFO - Setting next_dagrun for example_trigger_target_dag to None, run_after=None
[2024-10-13T09:43:58.471+0000] {processor.py:178} INFO - Processing /home/airflow/.local/lib/python3.7/site-packages/airflow/example_dags/example_trigger_target_dag.py took 0.084 seconds
[2024-10-13T09:44:28.903+0000] {processor.py:156} INFO - Started process (PID=2161) to work on /home/airflow/.local/lib/python3.7/site-packages/airflow/example_dags/example_trigger_target_dag.py
[2024-10-13T09:44:28.904+0000] {processor.py:799} INFO - Processing file /home/airflow/.local/lib/python3.7/site-packages/airflow/example_dags/example_trigger_target_dag.py for tasks to queue
[2024-10-13T09:44:28.904+0000] {logging_mixin.py:149} INFO - [2024-10-13T09:44:28.904+0000] {dagbag.py:541} INFO - Filling up the DagBag from /home/airflow/.local/lib/python3.7/site-packages/airflow/example_dags/example_trigger_target_dag.py
[2024-10-13T09:44:28.910+0000] {processor.py:809} INFO - DAG(s) dict_keys(['example_trigger_target_dag']) retrieved from /home/airflow/.local/lib/python3.7/site-packages/airflow/example_dags/example_trigger_target_dag.py
[2024-10-13T09:44:28.937+0000] {logging_mixin.py:149} INFO - [2024-10-13T09:44:28.936+0000] {dag.py:2726} INFO - Sync 1 DAGs
[2024-10-13T09:44:28.967+0000] {logging_mixin.py:149} INFO - [2024-10-13T09:44:28.967+0000] {dag.py:3490} INFO - Setting next_dagrun for example_trigger_target_dag to None, run_after=None
[2024-10-13T09:44:28.988+0000] {processor.py:178} INFO - Processing /home/airflow/.local/lib/python3.7/site-packages/airflow/example_dags/example_trigger_target_dag.py took 0.089 seconds
[2024-10-13T09:44:59.248+0000] {processor.py:156} INFO - Started process (PID=2222) to work on /home/airflow/.local/lib/python3.7/site-packages/airflow/example_dags/example_trigger_target_dag.py
[2024-10-13T09:44:59.249+0000] {processor.py:799} INFO - Processing file /home/airflow/.local/lib/python3.7/site-packages/airflow/example_dags/example_trigger_target_dag.py for tasks to queue
[2024-10-13T09:44:59.249+0000] {logging_mixin.py:149} INFO - [2024-10-13T09:44:59.249+0000] {dagbag.py:541} INFO - Filling up the DagBag from /home/airflow/.local/lib/python3.7/site-packages/airflow/example_dags/example_trigger_target_dag.py
[2024-10-13T09:44:59.255+0000] {processor.py:809} INFO - DAG(s) dict_keys(['example_trigger_target_dag']) retrieved from /home/airflow/.local/lib/python3.7/site-packages/airflow/example_dags/example_trigger_target_dag.py
[2024-10-13T09:44:59.279+0000] {logging_mixin.py:149} INFO - [2024-10-13T09:44:59.279+0000] {dag.py:2726} INFO - Sync 1 DAGs
[2024-10-13T09:44:59.304+0000] {logging_mixin.py:149} INFO - [2024-10-13T09:44:59.304+0000] {dag.py:3490} INFO - Setting next_dagrun for example_trigger_target_dag to None, run_after=None
[2024-10-13T09:44:59.322+0000] {processor.py:178} INFO - Processing /home/airflow/.local/lib/python3.7/site-packages/airflow/example_dags/example_trigger_target_dag.py took 0.078 seconds
[2024-10-13T09:45:29.699+0000] {processor.py:156} INFO - Started process (PID=2283) to work on /home/airflow/.local/lib/python3.7/site-packages/airflow/example_dags/example_trigger_target_dag.py
[2024-10-13T09:45:29.700+0000] {processor.py:799} INFO - Processing file /home/airflow/.local/lib/python3.7/site-packages/airflow/example_dags/example_trigger_target_dag.py for tasks to queue
[2024-10-13T09:45:29.701+0000] {logging_mixin.py:149} INFO - [2024-10-13T09:45:29.701+0000] {dagbag.py:541} INFO - Filling up the DagBag from /home/airflow/.local/lib/python3.7/site-packages/airflow/example_dags/example_trigger_target_dag.py
[2024-10-13T09:45:29.706+0000] {processor.py:809} INFO - DAG(s) dict_keys(['example_trigger_target_dag']) retrieved from /home/airflow/.local/lib/python3.7/site-packages/airflow/example_dags/example_trigger_target_dag.py
[2024-10-13T09:45:29.734+0000] {logging_mixin.py:149} INFO - [2024-10-13T09:45:29.734+0000] {dag.py:2726} INFO - Sync 1 DAGs
[2024-10-13T09:45:29.761+0000] {logging_mixin.py:149} INFO - [2024-10-13T09:45:29.761+0000] {dag.py:3490} INFO - Setting next_dagrun for example_trigger_target_dag to None, run_after=None
[2024-10-13T09:45:29.779+0000] {processor.py:178} INFO - Processing /home/airflow/.local/lib/python3.7/site-packages/airflow/example_dags/example_trigger_target_dag.py took 0.083 seconds
[2024-10-13T09:45:59.917+0000] {processor.py:156} INFO - Started process (PID=2344) to work on /home/airflow/.local/lib/python3.7/site-packages/airflow/example_dags/example_trigger_target_dag.py
[2024-10-13T09:45:59.917+0000] {processor.py:799} INFO - Processing file /home/airflow/.local/lib/python3.7/site-packages/airflow/example_dags/example_trigger_target_dag.py for tasks to queue
[2024-10-13T09:45:59.918+0000] {logging_mixin.py:149} INFO - [2024-10-13T09:45:59.918+0000] {dagbag.py:541} INFO - Filling up the DagBag from /home/airflow/.local/lib/python3.7/site-packages/airflow/example_dags/example_trigger_target_dag.py
[2024-10-13T09:45:59.923+0000] {processor.py:809} INFO - DAG(s) dict_keys(['example_trigger_target_dag']) retrieved from /home/airflow/.local/lib/python3.7/site-packages/airflow/example_dags/example_trigger_target_dag.py
[2024-10-13T09:45:59.949+0000] {logging_mixin.py:149} INFO - [2024-10-13T09:45:59.948+0000] {dag.py:2726} INFO - Sync 1 DAGs
[2024-10-13T09:45:59.976+0000] {logging_mixin.py:149} INFO - [2024-10-13T09:45:59.976+0000] {dag.py:3490} INFO - Setting next_dagrun for example_trigger_target_dag to None, run_after=None
[2024-10-13T09:45:59.995+0000] {processor.py:178} INFO - Processing /home/airflow/.local/lib/python3.7/site-packages/airflow/example_dags/example_trigger_target_dag.py took 0.082 seconds
[2024-10-13T09:46:30.269+0000] {processor.py:156} INFO - Started process (PID=2405) to work on /home/airflow/.local/lib/python3.7/site-packages/airflow/example_dags/example_trigger_target_dag.py
[2024-10-13T09:46:30.270+0000] {processor.py:799} INFO - Processing file /home/airflow/.local/lib/python3.7/site-packages/airflow/example_dags/example_trigger_target_dag.py for tasks to queue
[2024-10-13T09:46:30.270+0000] {logging_mixin.py:149} INFO - [2024-10-13T09:46:30.270+0000] {dagbag.py:541} INFO - Filling up the DagBag from /home/airflow/.local/lib/python3.7/site-packages/airflow/example_dags/example_trigger_target_dag.py
[2024-10-13T09:46:30.276+0000] {processor.py:809} INFO - DAG(s) dict_keys(['example_trigger_target_dag']) retrieved from /home/airflow/.local/lib/python3.7/site-packages/airflow/example_dags/example_trigger_target_dag.py
[2024-10-13T09:46:30.300+0000] {logging_mixin.py:149} INFO - [2024-10-13T09:46:30.299+0000] {dag.py:2726} INFO - Sync 1 DAGs
[2024-10-13T09:46:30.327+0000] {logging_mixin.py:149} INFO - [2024-10-13T09:46:30.326+0000] {dag.py:3490} INFO - Setting next_dagrun for example_trigger_target_dag to None, run_after=None
[2024-10-13T09:46:30.348+0000] {processor.py:178} INFO - Processing /home/airflow/.local/lib/python3.7/site-packages/airflow/example_dags/example_trigger_target_dag.py took 0.082 seconds
[2024-10-13T09:47:00.732+0000] {processor.py:156} INFO - Started process (PID=2466) to work on /home/airflow/.local/lib/python3.7/site-packages/airflow/example_dags/example_trigger_target_dag.py
[2024-10-13T09:47:00.732+0000] {processor.py:799} INFO - Processing file /home/airflow/.local/lib/python3.7/site-packages/airflow/example_dags/example_trigger_target_dag.py for tasks to queue
[2024-10-13T09:47:00.733+0000] {logging_mixin.py:149} INFO - [2024-10-13T09:47:00.733+0000] {dagbag.py:541} INFO - Filling up the DagBag from /home/airflow/.local/lib/python3.7/site-packages/airflow/example_dags/example_trigger_target_dag.py
[2024-10-13T09:47:00.738+0000] {processor.py:809} INFO - DAG(s) dict_keys(['example_trigger_target_dag']) retrieved from /home/airflow/.local/lib/python3.7/site-packages/airflow/example_dags/example_trigger_target_dag.py
[2024-10-13T09:47:00.762+0000] {logging_mixin.py:149} INFO - [2024-10-13T09:47:00.762+0000] {dag.py:2726} INFO - Sync 1 DAGs
[2024-10-13T09:47:00.790+0000] {logging_mixin.py:149} INFO - [2024-10-13T09:47:00.790+0000] {dag.py:3490} INFO - Setting next_dagrun for example_trigger_target_dag to None, run_after=None
[2024-10-13T09:47:00.811+0000] {processor.py:178} INFO - Processing /home/airflow/.local/lib/python3.7/site-packages/airflow/example_dags/example_trigger_target_dag.py took 0.083 seconds
[2024-10-13T09:47:31.264+0000] {processor.py:156} INFO - Started process (PID=2527) to work on /home/airflow/.local/lib/python3.7/site-packages/airflow/example_dags/example_trigger_target_dag.py
[2024-10-13T09:47:31.265+0000] {processor.py:799} INFO - Processing file /home/airflow/.local/lib/python3.7/site-packages/airflow/example_dags/example_trigger_target_dag.py for tasks to queue
[2024-10-13T09:47:31.266+0000] {logging_mixin.py:149} INFO - [2024-10-13T09:47:31.266+0000] {dagbag.py:541} INFO - Filling up the DagBag from /home/airflow/.local/lib/python3.7/site-packages/airflow/example_dags/example_trigger_target_dag.py
[2024-10-13T09:47:31.272+0000] {processor.py:809} INFO - DAG(s) dict_keys(['example_trigger_target_dag']) retrieved from /home/airflow/.local/lib/python3.7/site-packages/airflow/example_dags/example_trigger_target_dag.py
[2024-10-13T09:47:31.306+0000] {logging_mixin.py:149} INFO - [2024-10-13T09:47:31.306+0000] {dag.py:2726} INFO - Sync 1 DAGs
[2024-10-13T09:47:31.337+0000] {logging_mixin.py:149} INFO - [2024-10-13T09:47:31.337+0000] {dag.py:3490} INFO - Setting next_dagrun for example_trigger_target_dag to None, run_after=None
[2024-10-13T09:47:31.356+0000] {processor.py:178} INFO - Processing /home/airflow/.local/lib/python3.7/site-packages/airflow/example_dags/example_trigger_target_dag.py took 0.096 seconds
[2024-10-13T09:48:01.923+0000] {processor.py:156} INFO - Started process (PID=2588) to work on /home/airflow/.local/lib/python3.7/site-packages/airflow/example_dags/example_trigger_target_dag.py
[2024-10-13T09:48:01.924+0000] {processor.py:799} INFO - Processing file /home/airflow/.local/lib/python3.7/site-packages/airflow/example_dags/example_trigger_target_dag.py for tasks to queue
[2024-10-13T09:48:01.924+0000] {logging_mixin.py:149} INFO - [2024-10-13T09:48:01.924+0000] {dagbag.py:541} INFO - Filling up the DagBag from /home/airflow/.local/lib/python3.7/site-packages/airflow/example_dags/example_trigger_target_dag.py
[2024-10-13T09:48:01.930+0000] {processor.py:809} INFO - DAG(s) dict_keys(['example_trigger_target_dag']) retrieved from /home/airflow/.local/lib/python3.7/site-packages/airflow/example_dags/example_trigger_target_dag.py
[2024-10-13T09:48:01.961+0000] {logging_mixin.py:149} INFO - [2024-10-13T09:48:01.961+0000] {dag.py:2726} INFO - Sync 1 DAGs
[2024-10-13T09:48:01.992+0000] {logging_mixin.py:149} INFO - [2024-10-13T09:48:01.992+0000] {dag.py:3490} INFO - Setting next_dagrun for example_trigger_target_dag to None, run_after=None
[2024-10-13T09:48:02.011+0000] {processor.py:178} INFO - Processing /home/airflow/.local/lib/python3.7/site-packages/airflow/example_dags/example_trigger_target_dag.py took 0.092 seconds
[2024-10-13T09:48:32.045+0000] {processor.py:156} INFO - Started process (PID=2648) to work on /home/airflow/.local/lib/python3.7/site-packages/airflow/example_dags/example_trigger_target_dag.py
[2024-10-13T09:48:32.046+0000] {processor.py:799} INFO - Processing file /home/airflow/.local/lib/python3.7/site-packages/airflow/example_dags/example_trigger_target_dag.py for tasks to queue
[2024-10-13T09:48:32.046+0000] {logging_mixin.py:149} INFO - [2024-10-13T09:48:32.046+0000] {dagbag.py:541} INFO - Filling up the DagBag from /home/airflow/.local/lib/python3.7/site-packages/airflow/example_dags/example_trigger_target_dag.py
[2024-10-13T09:48:32.052+0000] {processor.py:809} INFO - DAG(s) dict_keys(['example_trigger_target_dag']) retrieved from /home/airflow/.local/lib/python3.7/site-packages/airflow/example_dags/example_trigger_target_dag.py
[2024-10-13T09:48:32.076+0000] {logging_mixin.py:149} INFO - [2024-10-13T09:48:32.076+0000] {dag.py:2726} INFO - Sync 1 DAGs
[2024-10-13T09:48:32.102+0000] {logging_mixin.py:149} INFO - [2024-10-13T09:48:32.102+0000] {dag.py:3490} INFO - Setting next_dagrun for example_trigger_target_dag to None, run_after=None
[2024-10-13T09:48:32.121+0000] {processor.py:178} INFO - Processing /home/airflow/.local/lib/python3.7/site-packages/airflow/example_dags/example_trigger_target_dag.py took 0.080 seconds
[2024-10-13T09:49:02.326+0000] {processor.py:156} INFO - Started process (PID=2709) to work on /home/airflow/.local/lib/python3.7/site-packages/airflow/example_dags/example_trigger_target_dag.py
[2024-10-13T09:49:02.327+0000] {processor.py:799} INFO - Processing file /home/airflow/.local/lib/python3.7/site-packages/airflow/example_dags/example_trigger_target_dag.py for tasks to queue
[2024-10-13T09:49:02.328+0000] {logging_mixin.py:149} INFO - [2024-10-13T09:49:02.328+0000] {dagbag.py:541} INFO - Filling up the DagBag from /home/airflow/.local/lib/python3.7/site-packages/airflow/example_dags/example_trigger_target_dag.py
[2024-10-13T09:49:02.333+0000] {processor.py:809} INFO - DAG(s) dict_keys(['example_trigger_target_dag']) retrieved from /home/airflow/.local/lib/python3.7/site-packages/airflow/example_dags/example_trigger_target_dag.py
[2024-10-13T09:49:02.367+0000] {logging_mixin.py:149} INFO - [2024-10-13T09:49:02.367+0000] {dag.py:2726} INFO - Sync 1 DAGs
[2024-10-13T09:49:02.399+0000] {logging_mixin.py:149} INFO - [2024-10-13T09:49:02.399+0000] {dag.py:3490} INFO - Setting next_dagrun for example_trigger_target_dag to None, run_after=None
[2024-10-13T09:49:02.422+0000] {processor.py:178} INFO - Processing /home/airflow/.local/lib/python3.7/site-packages/airflow/example_dags/example_trigger_target_dag.py took 0.099 seconds
[2024-10-13T09:49:32.954+0000] {processor.py:156} INFO - Started process (PID=2771) to work on /home/airflow/.local/lib/python3.7/site-packages/airflow/example_dags/example_trigger_target_dag.py
[2024-10-13T09:49:32.955+0000] {processor.py:799} INFO - Processing file /home/airflow/.local/lib/python3.7/site-packages/airflow/example_dags/example_trigger_target_dag.py for tasks to queue
[2024-10-13T09:49:32.956+0000] {logging_mixin.py:149} INFO - [2024-10-13T09:49:32.956+0000] {dagbag.py:541} INFO - Filling up the DagBag from /home/airflow/.local/lib/python3.7/site-packages/airflow/example_dags/example_trigger_target_dag.py
[2024-10-13T09:49:32.961+0000] {processor.py:809} INFO - DAG(s) dict_keys(['example_trigger_target_dag']) retrieved from /home/airflow/.local/lib/python3.7/site-packages/airflow/example_dags/example_trigger_target_dag.py
[2024-10-13T09:49:32.985+0000] {logging_mixin.py:149} INFO - [2024-10-13T09:49:32.984+0000] {dag.py:2726} INFO - Sync 1 DAGs
[2024-10-13T09:49:33.010+0000] {logging_mixin.py:149} INFO - [2024-10-13T09:49:33.010+0000] {dag.py:3490} INFO - Setting next_dagrun for example_trigger_target_dag to None, run_after=None
[2024-10-13T09:49:33.029+0000] {processor.py:178} INFO - Processing /home/airflow/.local/lib/python3.7/site-packages/airflow/example_dags/example_trigger_target_dag.py took 0.078 seconds
[2024-10-13T09:50:03.109+0000] {processor.py:156} INFO - Started process (PID=2832) to work on /home/airflow/.local/lib/python3.7/site-packages/airflow/example_dags/example_trigger_target_dag.py
[2024-10-13T09:50:03.110+0000] {processor.py:799} INFO - Processing file /home/airflow/.local/lib/python3.7/site-packages/airflow/example_dags/example_trigger_target_dag.py for tasks to queue
[2024-10-13T09:50:03.111+0000] {logging_mixin.py:149} INFO - [2024-10-13T09:50:03.111+0000] {dagbag.py:541} INFO - Filling up the DagBag from /home/airflow/.local/lib/python3.7/site-packages/airflow/example_dags/example_trigger_target_dag.py
[2024-10-13T09:50:03.116+0000] {processor.py:809} INFO - DAG(s) dict_keys(['example_trigger_target_dag']) retrieved from /home/airflow/.local/lib/python3.7/site-packages/airflow/example_dags/example_trigger_target_dag.py
[2024-10-13T09:50:03.142+0000] {logging_mixin.py:149} INFO - [2024-10-13T09:50:03.142+0000] {dag.py:2726} INFO - Sync 1 DAGs
[2024-10-13T09:50:03.169+0000] {logging_mixin.py:149} INFO - [2024-10-13T09:50:03.169+0000] {dag.py:3490} INFO - Setting next_dagrun for example_trigger_target_dag to None, run_after=None
[2024-10-13T09:50:03.186+0000] {processor.py:178} INFO - Processing /home/airflow/.local/lib/python3.7/site-packages/airflow/example_dags/example_trigger_target_dag.py took 0.081 seconds
[2024-10-13T09:50:33.211+0000] {processor.py:156} INFO - Started process (PID=2892) to work on /home/airflow/.local/lib/python3.7/site-packages/airflow/example_dags/example_trigger_target_dag.py
[2024-10-13T09:50:33.212+0000] {processor.py:799} INFO - Processing file /home/airflow/.local/lib/python3.7/site-packages/airflow/example_dags/example_trigger_target_dag.py for tasks to queue
[2024-10-13T09:50:33.213+0000] {logging_mixin.py:149} INFO - [2024-10-13T09:50:33.213+0000] {dagbag.py:541} INFO - Filling up the DagBag from /home/airflow/.local/lib/python3.7/site-packages/airflow/example_dags/example_trigger_target_dag.py
[2024-10-13T09:50:33.219+0000] {processor.py:809} INFO - DAG(s) dict_keys(['example_trigger_target_dag']) retrieved from /home/airflow/.local/lib/python3.7/site-packages/airflow/example_dags/example_trigger_target_dag.py
[2024-10-13T09:50:33.244+0000] {logging_mixin.py:149} INFO - [2024-10-13T09:50:33.244+0000] {dag.py:2726} INFO - Sync 1 DAGs
[2024-10-13T09:50:33.283+0000] {logging_mixin.py:149} INFO - [2024-10-13T09:50:33.283+0000] {dag.py:3490} INFO - Setting next_dagrun for example_trigger_target_dag to None, run_after=None
[2024-10-13T09:50:33.304+0000] {processor.py:178} INFO - Processing /home/airflow/.local/lib/python3.7/site-packages/airflow/example_dags/example_trigger_target_dag.py took 0.096 seconds
[2024-10-13T09:51:03.716+0000] {processor.py:156} INFO - Started process (PID=2954) to work on /home/airflow/.local/lib/python3.7/site-packages/airflow/example_dags/example_trigger_target_dag.py
[2024-10-13T09:51:03.717+0000] {processor.py:799} INFO - Processing file /home/airflow/.local/lib/python3.7/site-packages/airflow/example_dags/example_trigger_target_dag.py for tasks to queue
[2024-10-13T09:51:03.717+0000] {logging_mixin.py:149} INFO - [2024-10-13T09:51:03.717+0000] {dagbag.py:541} INFO - Filling up the DagBag from /home/airflow/.local/lib/python3.7/site-packages/airflow/example_dags/example_trigger_target_dag.py
[2024-10-13T09:51:03.723+0000] {processor.py:809} INFO - DAG(s) dict_keys(['example_trigger_target_dag']) retrieved from /home/airflow/.local/lib/python3.7/site-packages/airflow/example_dags/example_trigger_target_dag.py
[2024-10-13T09:51:03.748+0000] {logging_mixin.py:149} INFO - [2024-10-13T09:51:03.748+0000] {dag.py:2726} INFO - Sync 1 DAGs
[2024-10-13T09:51:03.773+0000] {logging_mixin.py:149} INFO - [2024-10-13T09:51:03.773+0000] {dag.py:3490} INFO - Setting next_dagrun for example_trigger_target_dag to None, run_after=None
[2024-10-13T09:51:03.792+0000] {processor.py:178} INFO - Processing /home/airflow/.local/lib/python3.7/site-packages/airflow/example_dags/example_trigger_target_dag.py took 0.080 seconds
[2024-10-13T09:51:33.979+0000] {processor.py:156} INFO - Started process (PID=3015) to work on /home/airflow/.local/lib/python3.7/site-packages/airflow/example_dags/example_trigger_target_dag.py
[2024-10-13T09:51:33.980+0000] {processor.py:799} INFO - Processing file /home/airflow/.local/lib/python3.7/site-packages/airflow/example_dags/example_trigger_target_dag.py for tasks to queue
[2024-10-13T09:51:33.981+0000] {logging_mixin.py:149} INFO - [2024-10-13T09:51:33.981+0000] {dagbag.py:541} INFO - Filling up the DagBag from /home/airflow/.local/lib/python3.7/site-packages/airflow/example_dags/example_trigger_target_dag.py
[2024-10-13T09:51:33.987+0000] {processor.py:809} INFO - DAG(s) dict_keys(['example_trigger_target_dag']) retrieved from /home/airflow/.local/lib/python3.7/site-packages/airflow/example_dags/example_trigger_target_dag.py
[2024-10-13T09:51:34.017+0000] {logging_mixin.py:149} INFO - [2024-10-13T09:51:34.017+0000] {dag.py:2726} INFO - Sync 1 DAGs
[2024-10-13T09:51:34.050+0000] {logging_mixin.py:149} INFO - [2024-10-13T09:51:34.050+0000] {dag.py:3490} INFO - Setting next_dagrun for example_trigger_target_dag to None, run_after=None
[2024-10-13T09:51:34.069+0000] {processor.py:178} INFO - Processing /home/airflow/.local/lib/python3.7/site-packages/airflow/example_dags/example_trigger_target_dag.py took 0.093 seconds
[2024-10-13T09:52:04.352+0000] {processor.py:156} INFO - Started process (PID=3076) to work on /home/airflow/.local/lib/python3.7/site-packages/airflow/example_dags/example_trigger_target_dag.py
[2024-10-13T09:52:04.353+0000] {processor.py:799} INFO - Processing file /home/airflow/.local/lib/python3.7/site-packages/airflow/example_dags/example_trigger_target_dag.py for tasks to queue
[2024-10-13T09:52:04.353+0000] {logging_mixin.py:149} INFO - [2024-10-13T09:52:04.353+0000] {dagbag.py:541} INFO - Filling up the DagBag from /home/airflow/.local/lib/python3.7/site-packages/airflow/example_dags/example_trigger_target_dag.py
[2024-10-13T09:52:04.359+0000] {processor.py:809} INFO - DAG(s) dict_keys(['example_trigger_target_dag']) retrieved from /home/airflow/.local/lib/python3.7/site-packages/airflow/example_dags/example_trigger_target_dag.py
[2024-10-13T09:52:04.385+0000] {logging_mixin.py:149} INFO - [2024-10-13T09:52:04.385+0000] {dag.py:2726} INFO - Sync 1 DAGs
[2024-10-13T09:52:04.421+0000] {logging_mixin.py:149} INFO - [2024-10-13T09:52:04.421+0000] {dag.py:3490} INFO - Setting next_dagrun for example_trigger_target_dag to None, run_after=None
[2024-10-13T09:52:04.440+0000] {processor.py:178} INFO - Processing /home/airflow/.local/lib/python3.7/site-packages/airflow/example_dags/example_trigger_target_dag.py took 0.091 seconds
[2024-10-13T09:52:34.978+0000] {processor.py:156} INFO - Started process (PID=3137) to work on /home/airflow/.local/lib/python3.7/site-packages/airflow/example_dags/example_trigger_target_dag.py
[2024-10-13T09:52:34.979+0000] {processor.py:799} INFO - Processing file /home/airflow/.local/lib/python3.7/site-packages/airflow/example_dags/example_trigger_target_dag.py for tasks to queue
[2024-10-13T09:52:34.979+0000] {logging_mixin.py:149} INFO - [2024-10-13T09:52:34.979+0000] {dagbag.py:541} INFO - Filling up the DagBag from /home/airflow/.local/lib/python3.7/site-packages/airflow/example_dags/example_trigger_target_dag.py
[2024-10-13T09:52:34.984+0000] {processor.py:809} INFO - DAG(s) dict_keys(['example_trigger_target_dag']) retrieved from /home/airflow/.local/lib/python3.7/site-packages/airflow/example_dags/example_trigger_target_dag.py
[2024-10-13T09:52:35.009+0000] {logging_mixin.py:149} INFO - [2024-10-13T09:52:35.009+0000] {dag.py:2726} INFO - Sync 1 DAGs
[2024-10-13T09:52:35.037+0000] {logging_mixin.py:149} INFO - [2024-10-13T09:52:35.037+0000] {dag.py:3490} INFO - Setting next_dagrun for example_trigger_target_dag to None, run_after=None
[2024-10-13T09:52:35.056+0000] {processor.py:178} INFO - Processing /home/airflow/.local/lib/python3.7/site-packages/airflow/example_dags/example_trigger_target_dag.py took 0.081 seconds
[2024-10-13T09:53:05.478+0000] {processor.py:156} INFO - Started process (PID=3198) to work on /home/airflow/.local/lib/python3.7/site-packages/airflow/example_dags/example_trigger_target_dag.py
[2024-10-13T09:53:05.479+0000] {processor.py:799} INFO - Processing file /home/airflow/.local/lib/python3.7/site-packages/airflow/example_dags/example_trigger_target_dag.py for tasks to queue
[2024-10-13T09:53:05.480+0000] {logging_mixin.py:149} INFO - [2024-10-13T09:53:05.480+0000] {dagbag.py:541} INFO - Filling up the DagBag from /home/airflow/.local/lib/python3.7/site-packages/airflow/example_dags/example_trigger_target_dag.py
[2024-10-13T09:53:05.485+0000] {processor.py:809} INFO - DAG(s) dict_keys(['example_trigger_target_dag']) retrieved from /home/airflow/.local/lib/python3.7/site-packages/airflow/example_dags/example_trigger_target_dag.py
[2024-10-13T09:53:05.509+0000] {logging_mixin.py:149} INFO - [2024-10-13T09:53:05.509+0000] {dag.py:2726} INFO - Sync 1 DAGs
[2024-10-13T09:53:05.535+0000] {logging_mixin.py:149} INFO - [2024-10-13T09:53:05.535+0000] {dag.py:3490} INFO - Setting next_dagrun for example_trigger_target_dag to None, run_after=None
[2024-10-13T09:53:05.552+0000] {processor.py:178} INFO - Processing /home/airflow/.local/lib/python3.7/site-packages/airflow/example_dags/example_trigger_target_dag.py took 0.077 seconds
[2024-10-13T09:53:35.673+0000] {processor.py:156} INFO - Started process (PID=3258) to work on /home/airflow/.local/lib/python3.7/site-packages/airflow/example_dags/example_trigger_target_dag.py
[2024-10-13T09:53:35.673+0000] {processor.py:799} INFO - Processing file /home/airflow/.local/lib/python3.7/site-packages/airflow/example_dags/example_trigger_target_dag.py for tasks to queue
[2024-10-13T09:53:35.674+0000] {logging_mixin.py:149} INFO - [2024-10-13T09:53:35.674+0000] {dagbag.py:541} INFO - Filling up the DagBag from /home/airflow/.local/lib/python3.7/site-packages/airflow/example_dags/example_trigger_target_dag.py
[2024-10-13T09:53:35.679+0000] {processor.py:809} INFO - DAG(s) dict_keys(['example_trigger_target_dag']) retrieved from /home/airflow/.local/lib/python3.7/site-packages/airflow/example_dags/example_trigger_target_dag.py
[2024-10-13T09:53:35.702+0000] {logging_mixin.py:149} INFO - [2024-10-13T09:53:35.702+0000] {dag.py:2726} INFO - Sync 1 DAGs
[2024-10-13T09:53:35.728+0000] {logging_mixin.py:149} INFO - [2024-10-13T09:53:35.728+0000] {dag.py:3490} INFO - Setting next_dagrun for example_trigger_target_dag to None, run_after=None
[2024-10-13T09:53:35.748+0000] {processor.py:178} INFO - Processing /home/airflow/.local/lib/python3.7/site-packages/airflow/example_dags/example_trigger_target_dag.py took 0.078 seconds
[2024-10-13T09:54:06.010+0000] {processor.py:156} INFO - Started process (PID=3319) to work on /home/airflow/.local/lib/python3.7/site-packages/airflow/example_dags/example_trigger_target_dag.py
[2024-10-13T09:54:06.011+0000] {processor.py:799} INFO - Processing file /home/airflow/.local/lib/python3.7/site-packages/airflow/example_dags/example_trigger_target_dag.py for tasks to queue
[2024-10-13T09:54:06.012+0000] {logging_mixin.py:149} INFO - [2024-10-13T09:54:06.011+0000] {dagbag.py:541} INFO - Filling up the DagBag from /home/airflow/.local/lib/python3.7/site-packages/airflow/example_dags/example_trigger_target_dag.py
[2024-10-13T09:54:06.016+0000] {processor.py:809} INFO - DAG(s) dict_keys(['example_trigger_target_dag']) retrieved from /home/airflow/.local/lib/python3.7/site-packages/airflow/example_dags/example_trigger_target_dag.py
[2024-10-13T09:54:06.039+0000] {logging_mixin.py:149} INFO - [2024-10-13T09:54:06.039+0000] {dag.py:2726} INFO - Sync 1 DAGs
[2024-10-13T09:54:06.064+0000] {logging_mixin.py:149} INFO - [2024-10-13T09:54:06.064+0000] {dag.py:3490} INFO - Setting next_dagrun for example_trigger_target_dag to None, run_after=None
[2024-10-13T09:54:06.085+0000] {processor.py:178} INFO - Processing /home/airflow/.local/lib/python3.7/site-packages/airflow/example_dags/example_trigger_target_dag.py took 0.079 seconds
[2024-10-13T09:54:36.174+0000] {processor.py:156} INFO - Started process (PID=3380) to work on /home/airflow/.local/lib/python3.7/site-packages/airflow/example_dags/example_trigger_target_dag.py
[2024-10-13T09:54:36.175+0000] {processor.py:799} INFO - Processing file /home/airflow/.local/lib/python3.7/site-packages/airflow/example_dags/example_trigger_target_dag.py for tasks to queue
[2024-10-13T09:54:36.175+0000] {logging_mixin.py:149} INFO - [2024-10-13T09:54:36.175+0000] {dagbag.py:541} INFO - Filling up the DagBag from /home/airflow/.local/lib/python3.7/site-packages/airflow/example_dags/example_trigger_target_dag.py
[2024-10-13T09:54:36.181+0000] {processor.py:809} INFO - DAG(s) dict_keys(['example_trigger_target_dag']) retrieved from /home/airflow/.local/lib/python3.7/site-packages/airflow/example_dags/example_trigger_target_dag.py
[2024-10-13T09:54:36.205+0000] {logging_mixin.py:149} INFO - [2024-10-13T09:54:36.205+0000] {dag.py:2726} INFO - Sync 1 DAGs
[2024-10-13T09:54:36.230+0000] {logging_mixin.py:149} INFO - [2024-10-13T09:54:36.230+0000] {dag.py:3490} INFO - Setting next_dagrun for example_trigger_target_dag to None, run_after=None
[2024-10-13T09:54:36.248+0000] {processor.py:178} INFO - Processing /home/airflow/.local/lib/python3.7/site-packages/airflow/example_dags/example_trigger_target_dag.py took 0.077 seconds
[2024-10-13T09:55:06.630+0000] {processor.py:156} INFO - Started process (PID=3442) to work on /home/airflow/.local/lib/python3.7/site-packages/airflow/example_dags/example_trigger_target_dag.py
[2024-10-13T09:55:06.631+0000] {processor.py:799} INFO - Processing file /home/airflow/.local/lib/python3.7/site-packages/airflow/example_dags/example_trigger_target_dag.py for tasks to queue
[2024-10-13T09:55:06.632+0000] {logging_mixin.py:149} INFO - [2024-10-13T09:55:06.631+0000] {dagbag.py:541} INFO - Filling up the DagBag from /home/airflow/.local/lib/python3.7/site-packages/airflow/example_dags/example_trigger_target_dag.py
[2024-10-13T09:55:06.637+0000] {processor.py:809} INFO - DAG(s) dict_keys(['example_trigger_target_dag']) retrieved from /home/airflow/.local/lib/python3.7/site-packages/airflow/example_dags/example_trigger_target_dag.py
[2024-10-13T09:55:06.661+0000] {logging_mixin.py:149} INFO - [2024-10-13T09:55:06.661+0000] {dag.py:2726} INFO - Sync 1 DAGs
[2024-10-13T09:55:06.688+0000] {logging_mixin.py:149} INFO - [2024-10-13T09:55:06.688+0000] {dag.py:3490} INFO - Setting next_dagrun for example_trigger_target_dag to None, run_after=None
[2024-10-13T09:55:06.707+0000] {processor.py:178} INFO - Processing /home/airflow/.local/lib/python3.7/site-packages/airflow/example_dags/example_trigger_target_dag.py took 0.080 seconds
[2024-10-13T09:55:37.166+0000] {processor.py:156} INFO - Started process (PID=3503) to work on /home/airflow/.local/lib/python3.7/site-packages/airflow/example_dags/example_trigger_target_dag.py
[2024-10-13T09:55:37.167+0000] {processor.py:799} INFO - Processing file /home/airflow/.local/lib/python3.7/site-packages/airflow/example_dags/example_trigger_target_dag.py for tasks to queue
[2024-10-13T09:55:37.168+0000] {logging_mixin.py:149} INFO - [2024-10-13T09:55:37.168+0000] {dagbag.py:541} INFO - Filling up the DagBag from /home/airflow/.local/lib/python3.7/site-packages/airflow/example_dags/example_trigger_target_dag.py
[2024-10-13T09:55:37.175+0000] {processor.py:809} INFO - DAG(s) dict_keys(['example_trigger_target_dag']) retrieved from /home/airflow/.local/lib/python3.7/site-packages/airflow/example_dags/example_trigger_target_dag.py
[2024-10-13T09:55:37.215+0000] {logging_mixin.py:149} INFO - [2024-10-13T09:55:37.215+0000] {dag.py:2726} INFO - Sync 1 DAGs
[2024-10-13T09:55:37.258+0000] {logging_mixin.py:149} INFO - [2024-10-13T09:55:37.258+0000] {dag.py:3490} INFO - Setting next_dagrun for example_trigger_target_dag to None, run_after=None
[2024-10-13T09:55:37.278+0000] {processor.py:178} INFO - Processing /home/airflow/.local/lib/python3.7/site-packages/airflow/example_dags/example_trigger_target_dag.py took 0.116 seconds
[2024-10-13T09:56:07.647+0000] {processor.py:156} INFO - Started process (PID=3563) to work on /home/airflow/.local/lib/python3.7/site-packages/airflow/example_dags/example_trigger_target_dag.py
[2024-10-13T09:56:07.648+0000] {processor.py:799} INFO - Processing file /home/airflow/.local/lib/python3.7/site-packages/airflow/example_dags/example_trigger_target_dag.py for tasks to queue
[2024-10-13T09:56:07.648+0000] {logging_mixin.py:149} INFO - [2024-10-13T09:56:07.648+0000] {dagbag.py:541} INFO - Filling up the DagBag from /home/airflow/.local/lib/python3.7/site-packages/airflow/example_dags/example_trigger_target_dag.py
[2024-10-13T09:56:07.654+0000] {processor.py:809} INFO - DAG(s) dict_keys(['example_trigger_target_dag']) retrieved from /home/airflow/.local/lib/python3.7/site-packages/airflow/example_dags/example_trigger_target_dag.py
[2024-10-13T09:56:07.685+0000] {logging_mixin.py:149} INFO - [2024-10-13T09:56:07.685+0000] {dag.py:2726} INFO - Sync 1 DAGs
[2024-10-13T09:56:07.727+0000] {logging_mixin.py:149} INFO - [2024-10-13T09:56:07.727+0000] {dag.py:3490} INFO - Setting next_dagrun for example_trigger_target_dag to None, run_after=None
[2024-10-13T09:56:07.746+0000] {processor.py:178} INFO - Processing /home/airflow/.local/lib/python3.7/site-packages/airflow/example_dags/example_trigger_target_dag.py took 0.102 seconds
[2024-10-13T09:56:37.789+0000] {processor.py:156} INFO - Started process (PID=3616) to work on /home/airflow/.local/lib/python3.7/site-packages/airflow/example_dags/example_trigger_target_dag.py
[2024-10-13T09:56:37.790+0000] {processor.py:799} INFO - Processing file /home/airflow/.local/lib/python3.7/site-packages/airflow/example_dags/example_trigger_target_dag.py for tasks to queue
[2024-10-13T09:56:37.791+0000] {logging_mixin.py:149} INFO - [2024-10-13T09:56:37.790+0000] {dagbag.py:541} INFO - Filling up the DagBag from /home/airflow/.local/lib/python3.7/site-packages/airflow/example_dags/example_trigger_target_dag.py
[2024-10-13T09:56:37.796+0000] {processor.py:809} INFO - DAG(s) dict_keys(['example_trigger_target_dag']) retrieved from /home/airflow/.local/lib/python3.7/site-packages/airflow/example_dags/example_trigger_target_dag.py
[2024-10-13T09:56:37.819+0000] {logging_mixin.py:149} INFO - [2024-10-13T09:56:37.819+0000] {dag.py:2726} INFO - Sync 1 DAGs
[2024-10-13T09:56:37.845+0000] {logging_mixin.py:149} INFO - [2024-10-13T09:56:37.845+0000] {dag.py:3490} INFO - Setting next_dagrun for example_trigger_target_dag to None, run_after=None
[2024-10-13T09:56:37.866+0000] {processor.py:178} INFO - Processing /home/airflow/.local/lib/python3.7/site-packages/airflow/example_dags/example_trigger_target_dag.py took 0.080 seconds
[2024-10-13T09:57:08.332+0000] {processor.py:156} INFO - Started process (PID=3677) to work on /home/airflow/.local/lib/python3.7/site-packages/airflow/example_dags/example_trigger_target_dag.py
[2024-10-13T09:57:08.332+0000] {processor.py:799} INFO - Processing file /home/airflow/.local/lib/python3.7/site-packages/airflow/example_dags/example_trigger_target_dag.py for tasks to queue
[2024-10-13T09:57:08.333+0000] {logging_mixin.py:149} INFO - [2024-10-13T09:57:08.333+0000] {dagbag.py:541} INFO - Filling up the DagBag from /home/airflow/.local/lib/python3.7/site-packages/airflow/example_dags/example_trigger_target_dag.py
[2024-10-13T09:57:08.338+0000] {processor.py:809} INFO - DAG(s) dict_keys(['example_trigger_target_dag']) retrieved from /home/airflow/.local/lib/python3.7/site-packages/airflow/example_dags/example_trigger_target_dag.py
[2024-10-13T09:57:08.363+0000] {logging_mixin.py:149} INFO - [2024-10-13T09:57:08.363+0000] {dag.py:2726} INFO - Sync 1 DAGs
[2024-10-13T09:57:08.395+0000] {logging_mixin.py:149} INFO - [2024-10-13T09:57:08.395+0000] {dag.py:3490} INFO - Setting next_dagrun for example_trigger_target_dag to None, run_after=None
[2024-10-13T09:57:08.417+0000] {processor.py:178} INFO - Processing /home/airflow/.local/lib/python3.7/site-packages/airflow/example_dags/example_trigger_target_dag.py took 0.088 seconds
[2024-10-13T09:57:39.459+0000] {processor.py:156} INFO - Started process (PID=3738) to work on /home/airflow/.local/lib/python3.7/site-packages/airflow/example_dags/example_trigger_target_dag.py
[2024-10-13T09:57:39.460+0000] {processor.py:799} INFO - Processing file /home/airflow/.local/lib/python3.7/site-packages/airflow/example_dags/example_trigger_target_dag.py for tasks to queue
[2024-10-13T09:57:39.461+0000] {logging_mixin.py:149} INFO - [2024-10-13T09:57:39.461+0000] {dagbag.py:541} INFO - Filling up the DagBag from /home/airflow/.local/lib/python3.7/site-packages/airflow/example_dags/example_trigger_target_dag.py
[2024-10-13T09:57:39.468+0000] {processor.py:809} INFO - DAG(s) dict_keys(['example_trigger_target_dag']) retrieved from /home/airflow/.local/lib/python3.7/site-packages/airflow/example_dags/example_trigger_target_dag.py
[2024-10-13T09:57:39.502+0000] {logging_mixin.py:149} INFO - [2024-10-13T09:57:39.501+0000] {dag.py:2726} INFO - Sync 1 DAGs
[2024-10-13T09:57:39.538+0000] {logging_mixin.py:149} INFO - [2024-10-13T09:57:39.538+0000] {dag.py:3490} INFO - Setting next_dagrun for example_trigger_target_dag to None, run_after=None
[2024-10-13T09:57:39.565+0000] {processor.py:178} INFO - Processing /home/airflow/.local/lib/python3.7/site-packages/airflow/example_dags/example_trigger_target_dag.py took 0.111 seconds
[2024-10-13T14:18:50.722+0000] {processor.py:156} INFO - Started process (PID=77) to work on /home/airflow/.local/lib/python3.7/site-packages/airflow/example_dags/example_trigger_target_dag.py
[2024-10-13T14:18:50.723+0000] {processor.py:799} INFO - Processing file /home/airflow/.local/lib/python3.7/site-packages/airflow/example_dags/example_trigger_target_dag.py for tasks to queue
[2024-10-13T14:18:50.724+0000] {logging_mixin.py:149} INFO - [2024-10-13T14:18:50.724+0000] {dagbag.py:541} INFO - Filling up the DagBag from /home/airflow/.local/lib/python3.7/site-packages/airflow/example_dags/example_trigger_target_dag.py
[2024-10-13T14:18:50.731+0000] {processor.py:809} INFO - DAG(s) dict_keys(['example_trigger_target_dag']) retrieved from /home/airflow/.local/lib/python3.7/site-packages/airflow/example_dags/example_trigger_target_dag.py
[2024-10-13T14:18:50.748+0000] {logging_mixin.py:149} INFO - [2024-10-13T14:18:50.748+0000] {dag.py:2726} INFO - Sync 1 DAGs
[2024-10-13T14:18:50.794+0000] {logging_mixin.py:149} INFO - [2024-10-13T14:18:50.794+0000] {dag.py:3490} INFO - Setting next_dagrun for example_trigger_target_dag to None, run_after=None
[2024-10-13T14:18:50.848+0000] {processor.py:178} INFO - Processing /home/airflow/.local/lib/python3.7/site-packages/airflow/example_dags/example_trigger_target_dag.py took 0.131 seconds
[2024-10-13T14:19:21.465+0000] {processor.py:156} INFO - Started process (PID=138) to work on /home/airflow/.local/lib/python3.7/site-packages/airflow/example_dags/example_trigger_target_dag.py
[2024-10-13T14:19:21.466+0000] {processor.py:799} INFO - Processing file /home/airflow/.local/lib/python3.7/site-packages/airflow/example_dags/example_trigger_target_dag.py for tasks to queue
[2024-10-13T14:19:21.467+0000] {logging_mixin.py:149} INFO - [2024-10-13T14:19:21.466+0000] {dagbag.py:541} INFO - Filling up the DagBag from /home/airflow/.local/lib/python3.7/site-packages/airflow/example_dags/example_trigger_target_dag.py
[2024-10-13T14:19:21.472+0000] {processor.py:809} INFO - DAG(s) dict_keys(['example_trigger_target_dag']) retrieved from /home/airflow/.local/lib/python3.7/site-packages/airflow/example_dags/example_trigger_target_dag.py
[2024-10-13T14:19:21.498+0000] {logging_mixin.py:149} INFO - [2024-10-13T14:19:21.497+0000] {dag.py:2726} INFO - Sync 1 DAGs
[2024-10-13T14:19:21.527+0000] {logging_mixin.py:149} INFO - [2024-10-13T14:19:21.527+0000] {dag.py:3490} INFO - Setting next_dagrun for example_trigger_target_dag to None, run_after=None
[2024-10-13T14:19:21.548+0000] {processor.py:178} INFO - Processing /home/airflow/.local/lib/python3.7/site-packages/airflow/example_dags/example_trigger_target_dag.py took 0.087 seconds
[2024-10-13T14:19:51.887+0000] {processor.py:156} INFO - Started process (PID=199) to work on /home/airflow/.local/lib/python3.7/site-packages/airflow/example_dags/example_trigger_target_dag.py
[2024-10-13T14:19:51.888+0000] {processor.py:799} INFO - Processing file /home/airflow/.local/lib/python3.7/site-packages/airflow/example_dags/example_trigger_target_dag.py for tasks to queue
[2024-10-13T14:19:51.889+0000] {logging_mixin.py:149} INFO - [2024-10-13T14:19:51.889+0000] {dagbag.py:541} INFO - Filling up the DagBag from /home/airflow/.local/lib/python3.7/site-packages/airflow/example_dags/example_trigger_target_dag.py
[2024-10-13T14:19:51.897+0000] {processor.py:809} INFO - DAG(s) dict_keys(['example_trigger_target_dag']) retrieved from /home/airflow/.local/lib/python3.7/site-packages/airflow/example_dags/example_trigger_target_dag.py
[2024-10-13T14:19:51.932+0000] {logging_mixin.py:149} INFO - [2024-10-13T14:19:51.932+0000] {dag.py:2726} INFO - Sync 1 DAGs
[2024-10-13T14:19:51.980+0000] {logging_mixin.py:149} INFO - [2024-10-13T14:19:51.979+0000] {dag.py:3490} INFO - Setting next_dagrun for example_trigger_target_dag to None, run_after=None
[2024-10-13T14:19:52.013+0000] {processor.py:178} INFO - Processing /home/airflow/.local/lib/python3.7/site-packages/airflow/example_dags/example_trigger_target_dag.py took 0.131 seconds
[2024-10-13T14:20:22.647+0000] {processor.py:156} INFO - Started process (PID=260) to work on /home/airflow/.local/lib/python3.7/site-packages/airflow/example_dags/example_trigger_target_dag.py
[2024-10-13T14:20:22.648+0000] {processor.py:799} INFO - Processing file /home/airflow/.local/lib/python3.7/site-packages/airflow/example_dags/example_trigger_target_dag.py for tasks to queue
[2024-10-13T14:20:22.649+0000] {logging_mixin.py:149} INFO - [2024-10-13T14:20:22.649+0000] {dagbag.py:541} INFO - Filling up the DagBag from /home/airflow/.local/lib/python3.7/site-packages/airflow/example_dags/example_trigger_target_dag.py
[2024-10-13T14:20:22.655+0000] {processor.py:809} INFO - DAG(s) dict_keys(['example_trigger_target_dag']) retrieved from /home/airflow/.local/lib/python3.7/site-packages/airflow/example_dags/example_trigger_target_dag.py
[2024-10-13T14:20:22.695+0000] {logging_mixin.py:149} INFO - [2024-10-13T14:20:22.694+0000] {dag.py:2726} INFO - Sync 1 DAGs
[2024-10-13T14:20:22.741+0000] {logging_mixin.py:149} INFO - [2024-10-13T14:20:22.741+0000] {dag.py:3490} INFO - Setting next_dagrun for example_trigger_target_dag to None, run_after=None
[2024-10-13T14:20:22.767+0000] {processor.py:178} INFO - Processing /home/airflow/.local/lib/python3.7/site-packages/airflow/example_dags/example_trigger_target_dag.py took 0.123 seconds
[2024-10-13T14:20:53.224+0000] {processor.py:156} INFO - Started process (PID=320) to work on /home/airflow/.local/lib/python3.7/site-packages/airflow/example_dags/example_trigger_target_dag.py
[2024-10-13T14:20:53.225+0000] {processor.py:799} INFO - Processing file /home/airflow/.local/lib/python3.7/site-packages/airflow/example_dags/example_trigger_target_dag.py for tasks to queue
[2024-10-13T14:20:53.226+0000] {logging_mixin.py:149} INFO - [2024-10-13T14:20:53.226+0000] {dagbag.py:541} INFO - Filling up the DagBag from /home/airflow/.local/lib/python3.7/site-packages/airflow/example_dags/example_trigger_target_dag.py
[2024-10-13T14:20:53.231+0000] {processor.py:809} INFO - DAG(s) dict_keys(['example_trigger_target_dag']) retrieved from /home/airflow/.local/lib/python3.7/site-packages/airflow/example_dags/example_trigger_target_dag.py
[2024-10-13T14:20:53.258+0000] {logging_mixin.py:149} INFO - [2024-10-13T14:20:53.257+0000] {dag.py:2726} INFO - Sync 1 DAGs
[2024-10-13T14:20:53.286+0000] {logging_mixin.py:149} INFO - [2024-10-13T14:20:53.286+0000] {dag.py:3490} INFO - Setting next_dagrun for example_trigger_target_dag to None, run_after=None
[2024-10-13T14:20:53.307+0000] {processor.py:178} INFO - Processing /home/airflow/.local/lib/python3.7/site-packages/airflow/example_dags/example_trigger_target_dag.py took 0.086 seconds
[2024-10-13T14:21:23.975+0000] {processor.py:156} INFO - Started process (PID=381) to work on /home/airflow/.local/lib/python3.7/site-packages/airflow/example_dags/example_trigger_target_dag.py
[2024-10-13T14:21:23.976+0000] {processor.py:799} INFO - Processing file /home/airflow/.local/lib/python3.7/site-packages/airflow/example_dags/example_trigger_target_dag.py for tasks to queue
[2024-10-13T14:21:23.977+0000] {logging_mixin.py:149} INFO - [2024-10-13T14:21:23.977+0000] {dagbag.py:541} INFO - Filling up the DagBag from /home/airflow/.local/lib/python3.7/site-packages/airflow/example_dags/example_trigger_target_dag.py
[2024-10-13T14:21:23.984+0000] {processor.py:809} INFO - DAG(s) dict_keys(['example_trigger_target_dag']) retrieved from /home/airflow/.local/lib/python3.7/site-packages/airflow/example_dags/example_trigger_target_dag.py
[2024-10-13T14:21:24.015+0000] {logging_mixin.py:149} INFO - [2024-10-13T14:21:24.015+0000] {dag.py:2726} INFO - Sync 1 DAGs
[2024-10-13T14:21:24.066+0000] {logging_mixin.py:149} INFO - [2024-10-13T14:21:24.065+0000] {dag.py:3490} INFO - Setting next_dagrun for example_trigger_target_dag to None, run_after=None
[2024-10-13T14:21:24.100+0000] {processor.py:178} INFO - Processing /home/airflow/.local/lib/python3.7/site-packages/airflow/example_dags/example_trigger_target_dag.py took 0.129 seconds
[2024-10-13T14:21:54.372+0000] {processor.py:156} INFO - Started process (PID=442) to work on /home/airflow/.local/lib/python3.7/site-packages/airflow/example_dags/example_trigger_target_dag.py
[2024-10-13T14:21:54.373+0000] {processor.py:799} INFO - Processing file /home/airflow/.local/lib/python3.7/site-packages/airflow/example_dags/example_trigger_target_dag.py for tasks to queue
[2024-10-13T14:21:54.373+0000] {logging_mixin.py:149} INFO - [2024-10-13T14:21:54.373+0000] {dagbag.py:541} INFO - Filling up the DagBag from /home/airflow/.local/lib/python3.7/site-packages/airflow/example_dags/example_trigger_target_dag.py
[2024-10-13T14:21:54.379+0000] {processor.py:809} INFO - DAG(s) dict_keys(['example_trigger_target_dag']) retrieved from /home/airflow/.local/lib/python3.7/site-packages/airflow/example_dags/example_trigger_target_dag.py
[2024-10-13T14:21:54.405+0000] {logging_mixin.py:149} INFO - [2024-10-13T14:21:54.405+0000] {dag.py:2726} INFO - Sync 1 DAGs
[2024-10-13T14:21:54.438+0000] {logging_mixin.py:149} INFO - [2024-10-13T14:21:54.438+0000] {dag.py:3490} INFO - Setting next_dagrun for example_trigger_target_dag to None, run_after=None
[2024-10-13T14:21:54.460+0000] {processor.py:178} INFO - Processing /home/airflow/.local/lib/python3.7/site-packages/airflow/example_dags/example_trigger_target_dag.py took 0.092 seconds
[2024-10-13T14:22:24.768+0000] {processor.py:156} INFO - Started process (PID=503) to work on /home/airflow/.local/lib/python3.7/site-packages/airflow/example_dags/example_trigger_target_dag.py
[2024-10-13T14:22:24.769+0000] {processor.py:799} INFO - Processing file /home/airflow/.local/lib/python3.7/site-packages/airflow/example_dags/example_trigger_target_dag.py for tasks to queue
[2024-10-13T14:22:24.770+0000] {logging_mixin.py:149} INFO - [2024-10-13T14:22:24.769+0000] {dagbag.py:541} INFO - Filling up the DagBag from /home/airflow/.local/lib/python3.7/site-packages/airflow/example_dags/example_trigger_target_dag.py
[2024-10-13T14:22:24.775+0000] {processor.py:809} INFO - DAG(s) dict_keys(['example_trigger_target_dag']) retrieved from /home/airflow/.local/lib/python3.7/site-packages/airflow/example_dags/example_trigger_target_dag.py
[2024-10-13T14:22:24.800+0000] {logging_mixin.py:149} INFO - [2024-10-13T14:22:24.800+0000] {dag.py:2726} INFO - Sync 1 DAGs
[2024-10-13T14:22:24.837+0000] {logging_mixin.py:149} INFO - [2024-10-13T14:22:24.837+0000] {dag.py:3490} INFO - Setting next_dagrun for example_trigger_target_dag to None, run_after=None
[2024-10-13T14:22:24.866+0000] {processor.py:178} INFO - Processing /home/airflow/.local/lib/python3.7/site-packages/airflow/example_dags/example_trigger_target_dag.py took 0.101 seconds
[2024-10-13T14:22:55.573+0000] {processor.py:156} INFO - Started process (PID=564) to work on /home/airflow/.local/lib/python3.7/site-packages/airflow/example_dags/example_trigger_target_dag.py
[2024-10-13T14:22:55.574+0000] {processor.py:799} INFO - Processing file /home/airflow/.local/lib/python3.7/site-packages/airflow/example_dags/example_trigger_target_dag.py for tasks to queue
[2024-10-13T14:22:55.575+0000] {logging_mixin.py:149} INFO - [2024-10-13T14:22:55.575+0000] {dagbag.py:541} INFO - Filling up the DagBag from /home/airflow/.local/lib/python3.7/site-packages/airflow/example_dags/example_trigger_target_dag.py
[2024-10-13T14:22:55.581+0000] {processor.py:809} INFO - DAG(s) dict_keys(['example_trigger_target_dag']) retrieved from /home/airflow/.local/lib/python3.7/site-packages/airflow/example_dags/example_trigger_target_dag.py
[2024-10-13T14:22:55.614+0000] {logging_mixin.py:149} INFO - [2024-10-13T14:22:55.614+0000] {dag.py:2726} INFO - Sync 1 DAGs
[2024-10-13T14:22:55.649+0000] {logging_mixin.py:149} INFO - [2024-10-13T14:22:55.649+0000] {dag.py:3490} INFO - Setting next_dagrun for example_trigger_target_dag to None, run_after=None
[2024-10-13T14:22:55.678+0000] {processor.py:178} INFO - Processing /home/airflow/.local/lib/python3.7/site-packages/airflow/example_dags/example_trigger_target_dag.py took 0.110 seconds
[2024-10-13T14:23:25.711+0000] {processor.py:156} INFO - Started process (PID=625) to work on /home/airflow/.local/lib/python3.7/site-packages/airflow/example_dags/example_trigger_target_dag.py
[2024-10-13T14:23:25.713+0000] {processor.py:799} INFO - Processing file /home/airflow/.local/lib/python3.7/site-packages/airflow/example_dags/example_trigger_target_dag.py for tasks to queue
[2024-10-13T14:23:25.714+0000] {logging_mixin.py:149} INFO - [2024-10-13T14:23:25.713+0000] {dagbag.py:541} INFO - Filling up the DagBag from /home/airflow/.local/lib/python3.7/site-packages/airflow/example_dags/example_trigger_target_dag.py
[2024-10-13T14:23:25.720+0000] {processor.py:809} INFO - DAG(s) dict_keys(['example_trigger_target_dag']) retrieved from /home/airflow/.local/lib/python3.7/site-packages/airflow/example_dags/example_trigger_target_dag.py
[2024-10-13T14:23:25.749+0000] {logging_mixin.py:149} INFO - [2024-10-13T14:23:25.748+0000] {dag.py:2726} INFO - Sync 1 DAGs
[2024-10-13T14:23:25.786+0000] {logging_mixin.py:149} INFO - [2024-10-13T14:23:25.786+0000] {dag.py:3490} INFO - Setting next_dagrun for example_trigger_target_dag to None, run_after=None
[2024-10-13T14:23:25.818+0000] {processor.py:178} INFO - Processing /home/airflow/.local/lib/python3.7/site-packages/airflow/example_dags/example_trigger_target_dag.py took 0.111 seconds
