[2024-10-13T09:27:13.317+0000] {processor.py:156} INFO - Started process (PID=80) to work on /home/airflow/.local/lib/python3.7/site-packages/airflow/example_dags/example_kubernetes_executor.py
[2024-10-13T09:27:13.317+0000] {processor.py:799} INFO - Processing file /home/airflow/.local/lib/python3.7/site-packages/airflow/example_dags/example_kubernetes_executor.py for tasks to queue
[2024-10-13T09:27:13.318+0000] {logging_mixin.py:149} INFO - [2024-10-13T09:27:13.318+0000] {dagbag.py:541} INFO - Filling up the DagBag from /home/airflow/.local/lib/python3.7/site-packages/airflow/example_dags/example_kubernetes_executor.py
[2024-10-13T09:27:14.447+0000] {processor.py:809} INFO - DAG(s) dict_keys(['example_kubernetes_executor']) retrieved from /home/airflow/.local/lib/python3.7/site-packages/airflow/example_dags/example_kubernetes_executor.py
[2024-10-13T09:27:14.610+0000] {logging_mixin.py:149} INFO - [2024-10-13T09:27:14.609+0000] {manager.py:504} INFO - Created Permission View: can edit on DAG:example_kubernetes_executor
[2024-10-13T09:27:14.621+0000] {logging_mixin.py:149} INFO - [2024-10-13T09:27:14.621+0000] {manager.py:504} INFO - Created Permission View: can read on DAG:example_kubernetes_executor
[2024-10-13T09:27:14.629+0000] {logging_mixin.py:149} INFO - [2024-10-13T09:27:14.629+0000] {manager.py:504} INFO - Created Permission View: can delete on DAG:example_kubernetes_executor
[2024-10-13T09:27:14.629+0000] {logging_mixin.py:149} INFO - [2024-10-13T09:27:14.629+0000] {dag.py:2726} INFO - Sync 1 DAGs
[2024-10-13T09:27:14.651+0000] {logging_mixin.py:149} INFO - [2024-10-13T09:27:14.651+0000] {dag.py:2747} INFO - Creating ORM DAG for example_kubernetes_executor
[2024-10-13T09:27:14.671+0000] {logging_mixin.py:149} INFO - [2024-10-13T09:27:14.671+0000] {dag.py:3490} INFO - Setting next_dagrun for example_kubernetes_executor to None, run_after=None
[2024-10-13T09:27:14.693+0000] {processor.py:178} INFO - Processing /home/airflow/.local/lib/python3.7/site-packages/airflow/example_dags/example_kubernetes_executor.py took 1.380 seconds
[2024-10-13T09:27:44.793+0000] {processor.py:156} INFO - Started process (PID=141) to work on /home/airflow/.local/lib/python3.7/site-packages/airflow/example_dags/example_kubernetes_executor.py
[2024-10-13T09:27:44.794+0000] {processor.py:799} INFO - Processing file /home/airflow/.local/lib/python3.7/site-packages/airflow/example_dags/example_kubernetes_executor.py for tasks to queue
[2024-10-13T09:27:44.795+0000] {logging_mixin.py:149} INFO - [2024-10-13T09:27:44.795+0000] {dagbag.py:541} INFO - Filling up the DagBag from /home/airflow/.local/lib/python3.7/site-packages/airflow/example_dags/example_kubernetes_executor.py
[2024-10-13T09:27:45.121+0000] {processor.py:809} INFO - DAG(s) dict_keys(['example_kubernetes_executor']) retrieved from /home/airflow/.local/lib/python3.7/site-packages/airflow/example_dags/example_kubernetes_executor.py
[2024-10-13T09:27:45.163+0000] {logging_mixin.py:149} INFO - [2024-10-13T09:27:45.162+0000] {dag.py:2726} INFO - Sync 1 DAGs
[2024-10-13T09:27:45.188+0000] {logging_mixin.py:149} INFO - [2024-10-13T09:27:45.188+0000] {dag.py:3490} INFO - Setting next_dagrun for example_kubernetes_executor to None, run_after=None
[2024-10-13T09:27:45.207+0000] {processor.py:178} INFO - Processing /home/airflow/.local/lib/python3.7/site-packages/airflow/example_dags/example_kubernetes_executor.py took 0.419 seconds
[2024-10-13T09:28:15.284+0000] {processor.py:156} INFO - Started process (PID=202) to work on /home/airflow/.local/lib/python3.7/site-packages/airflow/example_dags/example_kubernetes_executor.py
[2024-10-13T09:28:15.285+0000] {processor.py:799} INFO - Processing file /home/airflow/.local/lib/python3.7/site-packages/airflow/example_dags/example_kubernetes_executor.py for tasks to queue
[2024-10-13T09:28:15.286+0000] {logging_mixin.py:149} INFO - [2024-10-13T09:28:15.286+0000] {dagbag.py:541} INFO - Filling up the DagBag from /home/airflow/.local/lib/python3.7/site-packages/airflow/example_dags/example_kubernetes_executor.py
[2024-10-13T09:28:15.587+0000] {processor.py:809} INFO - DAG(s) dict_keys(['example_kubernetes_executor']) retrieved from /home/airflow/.local/lib/python3.7/site-packages/airflow/example_dags/example_kubernetes_executor.py
[2024-10-13T09:28:15.636+0000] {logging_mixin.py:149} INFO - [2024-10-13T09:28:15.635+0000] {dag.py:2726} INFO - Sync 1 DAGs
[2024-10-13T09:28:15.663+0000] {logging_mixin.py:149} INFO - [2024-10-13T09:28:15.663+0000] {dag.py:3490} INFO - Setting next_dagrun for example_kubernetes_executor to None, run_after=None
[2024-10-13T09:28:15.685+0000] {processor.py:178} INFO - Processing /home/airflow/.local/lib/python3.7/site-packages/airflow/example_dags/example_kubernetes_executor.py took 0.405 seconds
[2024-10-13T09:28:46.547+0000] {processor.py:156} INFO - Started process (PID=263) to work on /home/airflow/.local/lib/python3.7/site-packages/airflow/example_dags/example_kubernetes_executor.py
[2024-10-13T09:28:46.548+0000] {processor.py:799} INFO - Processing file /home/airflow/.local/lib/python3.7/site-packages/airflow/example_dags/example_kubernetes_executor.py for tasks to queue
[2024-10-13T09:28:46.549+0000] {logging_mixin.py:149} INFO - [2024-10-13T09:28:46.549+0000] {dagbag.py:541} INFO - Filling up the DagBag from /home/airflow/.local/lib/python3.7/site-packages/airflow/example_dags/example_kubernetes_executor.py
[2024-10-13T09:28:46.799+0000] {processor.py:809} INFO - DAG(s) dict_keys(['example_kubernetes_executor']) retrieved from /home/airflow/.local/lib/python3.7/site-packages/airflow/example_dags/example_kubernetes_executor.py
[2024-10-13T09:28:46.838+0000] {logging_mixin.py:149} INFO - [2024-10-13T09:28:46.838+0000] {dag.py:2726} INFO - Sync 1 DAGs
[2024-10-13T09:28:46.866+0000] {logging_mixin.py:149} INFO - [2024-10-13T09:28:46.866+0000] {dag.py:3490} INFO - Setting next_dagrun for example_kubernetes_executor to None, run_after=None
[2024-10-13T09:28:46.886+0000] {processor.py:178} INFO - Processing /home/airflow/.local/lib/python3.7/site-packages/airflow/example_dags/example_kubernetes_executor.py took 0.345 seconds
[2024-10-13T09:29:16.950+0000] {processor.py:156} INFO - Started process (PID=324) to work on /home/airflow/.local/lib/python3.7/site-packages/airflow/example_dags/example_kubernetes_executor.py
[2024-10-13T09:29:16.951+0000] {processor.py:799} INFO - Processing file /home/airflow/.local/lib/python3.7/site-packages/airflow/example_dags/example_kubernetes_executor.py for tasks to queue
[2024-10-13T09:29:16.952+0000] {logging_mixin.py:149} INFO - [2024-10-13T09:29:16.951+0000] {dagbag.py:541} INFO - Filling up the DagBag from /home/airflow/.local/lib/python3.7/site-packages/airflow/example_dags/example_kubernetes_executor.py
[2024-10-13T09:29:17.229+0000] {processor.py:809} INFO - DAG(s) dict_keys(['example_kubernetes_executor']) retrieved from /home/airflow/.local/lib/python3.7/site-packages/airflow/example_dags/example_kubernetes_executor.py
[2024-10-13T09:29:17.292+0000] {logging_mixin.py:149} INFO - [2024-10-13T09:29:17.292+0000] {dag.py:2726} INFO - Sync 1 DAGs
[2024-10-13T09:29:17.326+0000] {logging_mixin.py:149} INFO - [2024-10-13T09:29:17.326+0000] {dag.py:3490} INFO - Setting next_dagrun for example_kubernetes_executor to None, run_after=None
[2024-10-13T09:29:17.355+0000] {processor.py:178} INFO - Processing /home/airflow/.local/lib/python3.7/site-packages/airflow/example_dags/example_kubernetes_executor.py took 0.410 seconds
[2024-10-13T09:29:47.518+0000] {processor.py:156} INFO - Started process (PID=385) to work on /home/airflow/.local/lib/python3.7/site-packages/airflow/example_dags/example_kubernetes_executor.py
[2024-10-13T09:29:47.519+0000] {processor.py:799} INFO - Processing file /home/airflow/.local/lib/python3.7/site-packages/airflow/example_dags/example_kubernetes_executor.py for tasks to queue
[2024-10-13T09:29:47.520+0000] {logging_mixin.py:149} INFO - [2024-10-13T09:29:47.520+0000] {dagbag.py:541} INFO - Filling up the DagBag from /home/airflow/.local/lib/python3.7/site-packages/airflow/example_dags/example_kubernetes_executor.py
[2024-10-13T09:29:47.767+0000] {processor.py:809} INFO - DAG(s) dict_keys(['example_kubernetes_executor']) retrieved from /home/airflow/.local/lib/python3.7/site-packages/airflow/example_dags/example_kubernetes_executor.py
[2024-10-13T09:29:47.813+0000] {logging_mixin.py:149} INFO - [2024-10-13T09:29:47.813+0000] {dag.py:2726} INFO - Sync 1 DAGs
[2024-10-13T09:29:47.845+0000] {logging_mixin.py:149} INFO - [2024-10-13T09:29:47.845+0000] {dag.py:3490} INFO - Setting next_dagrun for example_kubernetes_executor to None, run_after=None
[2024-10-13T09:29:47.866+0000] {processor.py:178} INFO - Processing /home/airflow/.local/lib/python3.7/site-packages/airflow/example_dags/example_kubernetes_executor.py took 0.352 seconds
[2024-10-13T09:30:17.943+0000] {processor.py:156} INFO - Started process (PID=446) to work on /home/airflow/.local/lib/python3.7/site-packages/airflow/example_dags/example_kubernetes_executor.py
[2024-10-13T09:30:17.944+0000] {processor.py:799} INFO - Processing file /home/airflow/.local/lib/python3.7/site-packages/airflow/example_dags/example_kubernetes_executor.py for tasks to queue
[2024-10-13T09:30:17.945+0000] {logging_mixin.py:149} INFO - [2024-10-13T09:30:17.945+0000] {dagbag.py:541} INFO - Filling up the DagBag from /home/airflow/.local/lib/python3.7/site-packages/airflow/example_dags/example_kubernetes_executor.py
[2024-10-13T09:30:18.233+0000] {processor.py:809} INFO - DAG(s) dict_keys(['example_kubernetes_executor']) retrieved from /home/airflow/.local/lib/python3.7/site-packages/airflow/example_dags/example_kubernetes_executor.py
[2024-10-13T09:30:18.291+0000] {logging_mixin.py:149} INFO - [2024-10-13T09:30:18.291+0000] {dag.py:2726} INFO - Sync 1 DAGs
[2024-10-13T09:30:18.332+0000] {logging_mixin.py:149} INFO - [2024-10-13T09:30:18.332+0000] {dag.py:3490} INFO - Setting next_dagrun for example_kubernetes_executor to None, run_after=None
[2024-10-13T09:30:18.353+0000] {processor.py:178} INFO - Processing /home/airflow/.local/lib/python3.7/site-packages/airflow/example_dags/example_kubernetes_executor.py took 0.414 seconds
[2024-10-13T09:30:48.482+0000] {processor.py:156} INFO - Started process (PID=507) to work on /home/airflow/.local/lib/python3.7/site-packages/airflow/example_dags/example_kubernetes_executor.py
[2024-10-13T09:30:48.483+0000] {processor.py:799} INFO - Processing file /home/airflow/.local/lib/python3.7/site-packages/airflow/example_dags/example_kubernetes_executor.py for tasks to queue
[2024-10-13T09:30:48.484+0000] {logging_mixin.py:149} INFO - [2024-10-13T09:30:48.484+0000] {dagbag.py:541} INFO - Filling up the DagBag from /home/airflow/.local/lib/python3.7/site-packages/airflow/example_dags/example_kubernetes_executor.py
[2024-10-13T09:30:48.841+0000] {processor.py:809} INFO - DAG(s) dict_keys(['example_kubernetes_executor']) retrieved from /home/airflow/.local/lib/python3.7/site-packages/airflow/example_dags/example_kubernetes_executor.py
[2024-10-13T09:30:48.916+0000] {logging_mixin.py:149} INFO - [2024-10-13T09:30:48.916+0000] {dag.py:2726} INFO - Sync 1 DAGs
[2024-10-13T09:30:48.985+0000] {logging_mixin.py:149} INFO - [2024-10-13T09:30:48.984+0000] {dag.py:3490} INFO - Setting next_dagrun for example_kubernetes_executor to None, run_after=None
[2024-10-13T09:30:49.025+0000] {processor.py:178} INFO - Processing /home/airflow/.local/lib/python3.7/site-packages/airflow/example_dags/example_kubernetes_executor.py took 0.546 seconds
[2024-10-13T09:31:19.103+0000] {processor.py:156} INFO - Started process (PID=568) to work on /home/airflow/.local/lib/python3.7/site-packages/airflow/example_dags/example_kubernetes_executor.py
[2024-10-13T09:31:19.104+0000] {processor.py:799} INFO - Processing file /home/airflow/.local/lib/python3.7/site-packages/airflow/example_dags/example_kubernetes_executor.py for tasks to queue
[2024-10-13T09:31:19.106+0000] {logging_mixin.py:149} INFO - [2024-10-13T09:31:19.105+0000] {dagbag.py:541} INFO - Filling up the DagBag from /home/airflow/.local/lib/python3.7/site-packages/airflow/example_dags/example_kubernetes_executor.py
[2024-10-13T09:31:19.568+0000] {processor.py:809} INFO - DAG(s) dict_keys(['example_kubernetes_executor']) retrieved from /home/airflow/.local/lib/python3.7/site-packages/airflow/example_dags/example_kubernetes_executor.py
[2024-10-13T09:31:19.622+0000] {logging_mixin.py:149} INFO - [2024-10-13T09:31:19.622+0000] {dag.py:2726} INFO - Sync 1 DAGs
[2024-10-13T09:31:19.665+0000] {logging_mixin.py:149} INFO - [2024-10-13T09:31:19.665+0000] {dag.py:3490} INFO - Setting next_dagrun for example_kubernetes_executor to None, run_after=None
[2024-10-13T09:31:19.695+0000] {processor.py:178} INFO - Processing /home/airflow/.local/lib/python3.7/site-packages/airflow/example_dags/example_kubernetes_executor.py took 0.598 seconds
[2024-10-13T09:31:50.233+0000] {processor.py:156} INFO - Started process (PID=629) to work on /home/airflow/.local/lib/python3.7/site-packages/airflow/example_dags/example_kubernetes_executor.py
[2024-10-13T09:31:50.234+0000] {processor.py:799} INFO - Processing file /home/airflow/.local/lib/python3.7/site-packages/airflow/example_dags/example_kubernetes_executor.py for tasks to queue
[2024-10-13T09:31:50.235+0000] {logging_mixin.py:149} INFO - [2024-10-13T09:31:50.235+0000] {dagbag.py:541} INFO - Filling up the DagBag from /home/airflow/.local/lib/python3.7/site-packages/airflow/example_dags/example_kubernetes_executor.py
[2024-10-13T09:31:50.481+0000] {processor.py:809} INFO - DAG(s) dict_keys(['example_kubernetes_executor']) retrieved from /home/airflow/.local/lib/python3.7/site-packages/airflow/example_dags/example_kubernetes_executor.py
[2024-10-13T09:31:50.526+0000] {logging_mixin.py:149} INFO - [2024-10-13T09:31:50.526+0000] {dag.py:2726} INFO - Sync 1 DAGs
[2024-10-13T09:31:50.556+0000] {logging_mixin.py:149} INFO - [2024-10-13T09:31:50.556+0000] {dag.py:3490} INFO - Setting next_dagrun for example_kubernetes_executor to None, run_after=None
[2024-10-13T09:31:50.581+0000] {processor.py:178} INFO - Processing /home/airflow/.local/lib/python3.7/site-packages/airflow/example_dags/example_kubernetes_executor.py took 0.352 seconds
[2024-10-13T09:32:20.752+0000] {processor.py:156} INFO - Started process (PID=690) to work on /home/airflow/.local/lib/python3.7/site-packages/airflow/example_dags/example_kubernetes_executor.py
[2024-10-13T09:32:20.753+0000] {processor.py:799} INFO - Processing file /home/airflow/.local/lib/python3.7/site-packages/airflow/example_dags/example_kubernetes_executor.py for tasks to queue
[2024-10-13T09:32:20.753+0000] {logging_mixin.py:149} INFO - [2024-10-13T09:32:20.753+0000] {dagbag.py:541} INFO - Filling up the DagBag from /home/airflow/.local/lib/python3.7/site-packages/airflow/example_dags/example_kubernetes_executor.py
[2024-10-13T09:32:21.011+0000] {processor.py:809} INFO - DAG(s) dict_keys(['example_kubernetes_executor']) retrieved from /home/airflow/.local/lib/python3.7/site-packages/airflow/example_dags/example_kubernetes_executor.py
[2024-10-13T09:32:21.052+0000] {logging_mixin.py:149} INFO - [2024-10-13T09:32:21.052+0000] {dag.py:2726} INFO - Sync 1 DAGs
[2024-10-13T09:32:21.085+0000] {logging_mixin.py:149} INFO - [2024-10-13T09:32:21.084+0000] {dag.py:3490} INFO - Setting next_dagrun for example_kubernetes_executor to None, run_after=None
[2024-10-13T09:32:21.105+0000] {processor.py:178} INFO - Processing /home/airflow/.local/lib/python3.7/site-packages/airflow/example_dags/example_kubernetes_executor.py took 0.358 seconds
[2024-10-13T09:32:51.292+0000] {processor.py:156} INFO - Started process (PID=751) to work on /home/airflow/.local/lib/python3.7/site-packages/airflow/example_dags/example_kubernetes_executor.py
[2024-10-13T09:32:51.295+0000] {processor.py:799} INFO - Processing file /home/airflow/.local/lib/python3.7/site-packages/airflow/example_dags/example_kubernetes_executor.py for tasks to queue
[2024-10-13T09:32:51.296+0000] {logging_mixin.py:149} INFO - [2024-10-13T09:32:51.296+0000] {dagbag.py:541} INFO - Filling up the DagBag from /home/airflow/.local/lib/python3.7/site-packages/airflow/example_dags/example_kubernetes_executor.py
[2024-10-13T09:32:51.621+0000] {processor.py:809} INFO - DAG(s) dict_keys(['example_kubernetes_executor']) retrieved from /home/airflow/.local/lib/python3.7/site-packages/airflow/example_dags/example_kubernetes_executor.py
[2024-10-13T09:32:51.671+0000] {logging_mixin.py:149} INFO - [2024-10-13T09:32:51.671+0000] {dag.py:2726} INFO - Sync 1 DAGs
[2024-10-13T09:32:51.702+0000] {logging_mixin.py:149} INFO - [2024-10-13T09:32:51.702+0000] {dag.py:3490} INFO - Setting next_dagrun for example_kubernetes_executor to None, run_after=None
[2024-10-13T09:32:51.725+0000] {processor.py:178} INFO - Processing /home/airflow/.local/lib/python3.7/site-packages/airflow/example_dags/example_kubernetes_executor.py took 0.439 seconds
[2024-10-13T09:33:22.169+0000] {processor.py:156} INFO - Started process (PID=812) to work on /home/airflow/.local/lib/python3.7/site-packages/airflow/example_dags/example_kubernetes_executor.py
[2024-10-13T09:33:22.170+0000] {processor.py:799} INFO - Processing file /home/airflow/.local/lib/python3.7/site-packages/airflow/example_dags/example_kubernetes_executor.py for tasks to queue
[2024-10-13T09:33:22.171+0000] {logging_mixin.py:149} INFO - [2024-10-13T09:33:22.171+0000] {dagbag.py:541} INFO - Filling up the DagBag from /home/airflow/.local/lib/python3.7/site-packages/airflow/example_dags/example_kubernetes_executor.py
[2024-10-13T09:33:22.473+0000] {processor.py:809} INFO - DAG(s) dict_keys(['example_kubernetes_executor']) retrieved from /home/airflow/.local/lib/python3.7/site-packages/airflow/example_dags/example_kubernetes_executor.py
[2024-10-13T09:33:22.530+0000] {logging_mixin.py:149} INFO - [2024-10-13T09:33:22.530+0000] {dag.py:2726} INFO - Sync 1 DAGs
[2024-10-13T09:33:22.564+0000] {logging_mixin.py:149} INFO - [2024-10-13T09:33:22.564+0000] {dag.py:3490} INFO - Setting next_dagrun for example_kubernetes_executor to None, run_after=None
[2024-10-13T09:33:22.592+0000] {processor.py:178} INFO - Processing /home/airflow/.local/lib/python3.7/site-packages/airflow/example_dags/example_kubernetes_executor.py took 0.428 seconds
[2024-10-13T09:33:52.665+0000] {processor.py:156} INFO - Started process (PID=874) to work on /home/airflow/.local/lib/python3.7/site-packages/airflow/example_dags/example_kubernetes_executor.py
[2024-10-13T09:33:52.666+0000] {processor.py:799} INFO - Processing file /home/airflow/.local/lib/python3.7/site-packages/airflow/example_dags/example_kubernetes_executor.py for tasks to queue
[2024-10-13T09:33:52.667+0000] {logging_mixin.py:149} INFO - [2024-10-13T09:33:52.667+0000] {dagbag.py:541} INFO - Filling up the DagBag from /home/airflow/.local/lib/python3.7/site-packages/airflow/example_dags/example_kubernetes_executor.py
[2024-10-13T09:33:52.928+0000] {processor.py:809} INFO - DAG(s) dict_keys(['example_kubernetes_executor']) retrieved from /home/airflow/.local/lib/python3.7/site-packages/airflow/example_dags/example_kubernetes_executor.py
[2024-10-13T09:33:52.975+0000] {logging_mixin.py:149} INFO - [2024-10-13T09:33:52.974+0000] {dag.py:2726} INFO - Sync 1 DAGs
[2024-10-13T09:33:53.007+0000] {logging_mixin.py:149} INFO - [2024-10-13T09:33:53.007+0000] {dag.py:3490} INFO - Setting next_dagrun for example_kubernetes_executor to None, run_after=None
[2024-10-13T09:33:53.030+0000] {processor.py:178} INFO - Processing /home/airflow/.local/lib/python3.7/site-packages/airflow/example_dags/example_kubernetes_executor.py took 0.368 seconds
[2024-10-13T09:34:23.286+0000] {processor.py:156} INFO - Started process (PID=935) to work on /home/airflow/.local/lib/python3.7/site-packages/airflow/example_dags/example_kubernetes_executor.py
[2024-10-13T09:34:23.287+0000] {processor.py:799} INFO - Processing file /home/airflow/.local/lib/python3.7/site-packages/airflow/example_dags/example_kubernetes_executor.py for tasks to queue
[2024-10-13T09:34:23.287+0000] {logging_mixin.py:149} INFO - [2024-10-13T09:34:23.287+0000] {dagbag.py:541} INFO - Filling up the DagBag from /home/airflow/.local/lib/python3.7/site-packages/airflow/example_dags/example_kubernetes_executor.py
[2024-10-13T09:34:23.586+0000] {processor.py:809} INFO - DAG(s) dict_keys(['example_kubernetes_executor']) retrieved from /home/airflow/.local/lib/python3.7/site-packages/airflow/example_dags/example_kubernetes_executor.py
[2024-10-13T09:34:23.641+0000] {logging_mixin.py:149} INFO - [2024-10-13T09:34:23.641+0000] {dag.py:2726} INFO - Sync 1 DAGs
[2024-10-13T09:34:23.675+0000] {logging_mixin.py:149} INFO - [2024-10-13T09:34:23.674+0000] {dag.py:3490} INFO - Setting next_dagrun for example_kubernetes_executor to None, run_after=None
[2024-10-13T09:34:23.704+0000] {processor.py:178} INFO - Processing /home/airflow/.local/lib/python3.7/site-packages/airflow/example_dags/example_kubernetes_executor.py took 0.423 seconds
[2024-10-13T09:34:53.879+0000] {processor.py:156} INFO - Started process (PID=996) to work on /home/airflow/.local/lib/python3.7/site-packages/airflow/example_dags/example_kubernetes_executor.py
[2024-10-13T09:34:53.880+0000] {processor.py:799} INFO - Processing file /home/airflow/.local/lib/python3.7/site-packages/airflow/example_dags/example_kubernetes_executor.py for tasks to queue
[2024-10-13T09:34:53.881+0000] {logging_mixin.py:149} INFO - [2024-10-13T09:34:53.881+0000] {dagbag.py:541} INFO - Filling up the DagBag from /home/airflow/.local/lib/python3.7/site-packages/airflow/example_dags/example_kubernetes_executor.py
[2024-10-13T09:34:54.188+0000] {processor.py:809} INFO - DAG(s) dict_keys(['example_kubernetes_executor']) retrieved from /home/airflow/.local/lib/python3.7/site-packages/airflow/example_dags/example_kubernetes_executor.py
[2024-10-13T09:34:54.238+0000] {logging_mixin.py:149} INFO - [2024-10-13T09:34:54.238+0000] {dag.py:2726} INFO - Sync 1 DAGs
[2024-10-13T09:34:54.270+0000] {logging_mixin.py:149} INFO - [2024-10-13T09:34:54.270+0000] {dag.py:3490} INFO - Setting next_dagrun for example_kubernetes_executor to None, run_after=None
[2024-10-13T09:34:54.292+0000] {processor.py:178} INFO - Processing /home/airflow/.local/lib/python3.7/site-packages/airflow/example_dags/example_kubernetes_executor.py took 0.417 seconds
[2024-10-13T09:35:25.099+0000] {processor.py:156} INFO - Started process (PID=1066) to work on /home/airflow/.local/lib/python3.7/site-packages/airflow/example_dags/example_kubernetes_executor.py
[2024-10-13T09:35:25.100+0000] {processor.py:799} INFO - Processing file /home/airflow/.local/lib/python3.7/site-packages/airflow/example_dags/example_kubernetes_executor.py for tasks to queue
[2024-10-13T09:35:25.101+0000] {logging_mixin.py:149} INFO - [2024-10-13T09:35:25.101+0000] {dagbag.py:541} INFO - Filling up the DagBag from /home/airflow/.local/lib/python3.7/site-packages/airflow/example_dags/example_kubernetes_executor.py
[2024-10-13T09:35:25.345+0000] {processor.py:809} INFO - DAG(s) dict_keys(['example_kubernetes_executor']) retrieved from /home/airflow/.local/lib/python3.7/site-packages/airflow/example_dags/example_kubernetes_executor.py
[2024-10-13T09:35:25.385+0000] {logging_mixin.py:149} INFO - [2024-10-13T09:35:25.384+0000] {dag.py:2726} INFO - Sync 1 DAGs
[2024-10-13T09:35:25.412+0000] {logging_mixin.py:149} INFO - [2024-10-13T09:35:25.412+0000] {dag.py:3490} INFO - Setting next_dagrun for example_kubernetes_executor to None, run_after=None
[2024-10-13T09:35:25.436+0000] {processor.py:178} INFO - Processing /home/airflow/.local/lib/python3.7/site-packages/airflow/example_dags/example_kubernetes_executor.py took 0.340 seconds
[2024-10-13T09:35:55.665+0000] {processor.py:156} INFO - Started process (PID=1127) to work on /home/airflow/.local/lib/python3.7/site-packages/airflow/example_dags/example_kubernetes_executor.py
[2024-10-13T09:35:55.666+0000] {processor.py:799} INFO - Processing file /home/airflow/.local/lib/python3.7/site-packages/airflow/example_dags/example_kubernetes_executor.py for tasks to queue
[2024-10-13T09:35:55.667+0000] {logging_mixin.py:149} INFO - [2024-10-13T09:35:55.667+0000] {dagbag.py:541} INFO - Filling up the DagBag from /home/airflow/.local/lib/python3.7/site-packages/airflow/example_dags/example_kubernetes_executor.py
[2024-10-13T09:35:56.043+0000] {processor.py:809} INFO - DAG(s) dict_keys(['example_kubernetes_executor']) retrieved from /home/airflow/.local/lib/python3.7/site-packages/airflow/example_dags/example_kubernetes_executor.py
[2024-10-13T09:35:56.093+0000] {logging_mixin.py:149} INFO - [2024-10-13T09:35:56.093+0000] {dag.py:2726} INFO - Sync 1 DAGs
[2024-10-13T09:35:56.186+0000] {logging_mixin.py:149} INFO - [2024-10-13T09:35:56.185+0000] {dag.py:3490} INFO - Setting next_dagrun for example_kubernetes_executor to None, run_after=None
[2024-10-13T09:35:56.214+0000] {processor.py:178} INFO - Processing /home/airflow/.local/lib/python3.7/site-packages/airflow/example_dags/example_kubernetes_executor.py took 0.554 seconds
[2024-10-13T09:36:26.353+0000] {processor.py:156} INFO - Started process (PID=1189) to work on /home/airflow/.local/lib/python3.7/site-packages/airflow/example_dags/example_kubernetes_executor.py
[2024-10-13T09:36:26.354+0000] {processor.py:799} INFO - Processing file /home/airflow/.local/lib/python3.7/site-packages/airflow/example_dags/example_kubernetes_executor.py for tasks to queue
[2024-10-13T09:36:26.355+0000] {logging_mixin.py:149} INFO - [2024-10-13T09:36:26.355+0000] {dagbag.py:541} INFO - Filling up the DagBag from /home/airflow/.local/lib/python3.7/site-packages/airflow/example_dags/example_kubernetes_executor.py
[2024-10-13T09:36:26.653+0000] {processor.py:809} INFO - DAG(s) dict_keys(['example_kubernetes_executor']) retrieved from /home/airflow/.local/lib/python3.7/site-packages/airflow/example_dags/example_kubernetes_executor.py
[2024-10-13T09:36:26.715+0000] {logging_mixin.py:149} INFO - [2024-10-13T09:36:26.715+0000] {dag.py:2726} INFO - Sync 1 DAGs
[2024-10-13T09:36:26.748+0000] {logging_mixin.py:149} INFO - [2024-10-13T09:36:26.748+0000] {dag.py:3490} INFO - Setting next_dagrun for example_kubernetes_executor to None, run_after=None
[2024-10-13T09:36:26.769+0000] {processor.py:178} INFO - Processing /home/airflow/.local/lib/python3.7/site-packages/airflow/example_dags/example_kubernetes_executor.py took 0.420 seconds
[2024-10-13T09:36:57.382+0000] {processor.py:156} INFO - Started process (PID=1250) to work on /home/airflow/.local/lib/python3.7/site-packages/airflow/example_dags/example_kubernetes_executor.py
[2024-10-13T09:36:57.383+0000] {processor.py:799} INFO - Processing file /home/airflow/.local/lib/python3.7/site-packages/airflow/example_dags/example_kubernetes_executor.py for tasks to queue
[2024-10-13T09:36:57.384+0000] {logging_mixin.py:149} INFO - [2024-10-13T09:36:57.383+0000] {dagbag.py:541} INFO - Filling up the DagBag from /home/airflow/.local/lib/python3.7/site-packages/airflow/example_dags/example_kubernetes_executor.py
[2024-10-13T09:36:57.626+0000] {processor.py:809} INFO - DAG(s) dict_keys(['example_kubernetes_executor']) retrieved from /home/airflow/.local/lib/python3.7/site-packages/airflow/example_dags/example_kubernetes_executor.py
[2024-10-13T09:36:57.670+0000] {logging_mixin.py:149} INFO - [2024-10-13T09:36:57.669+0000] {dag.py:2726} INFO - Sync 1 DAGs
[2024-10-13T09:36:57.699+0000] {logging_mixin.py:149} INFO - [2024-10-13T09:36:57.699+0000] {dag.py:3490} INFO - Setting next_dagrun for example_kubernetes_executor to None, run_after=None
[2024-10-13T09:36:57.723+0000] {processor.py:178} INFO - Processing /home/airflow/.local/lib/python3.7/site-packages/airflow/example_dags/example_kubernetes_executor.py took 0.345 seconds
[2024-10-13T09:37:27.944+0000] {processor.py:156} INFO - Started process (PID=1312) to work on /home/airflow/.local/lib/python3.7/site-packages/airflow/example_dags/example_kubernetes_executor.py
[2024-10-13T09:37:27.945+0000] {processor.py:799} INFO - Processing file /home/airflow/.local/lib/python3.7/site-packages/airflow/example_dags/example_kubernetes_executor.py for tasks to queue
[2024-10-13T09:37:27.945+0000] {logging_mixin.py:149} INFO - [2024-10-13T09:37:27.945+0000] {dagbag.py:541} INFO - Filling up the DagBag from /home/airflow/.local/lib/python3.7/site-packages/airflow/example_dags/example_kubernetes_executor.py
[2024-10-13T09:37:28.194+0000] {processor.py:809} INFO - DAG(s) dict_keys(['example_kubernetes_executor']) retrieved from /home/airflow/.local/lib/python3.7/site-packages/airflow/example_dags/example_kubernetes_executor.py
[2024-10-13T09:37:28.238+0000] {logging_mixin.py:149} INFO - [2024-10-13T09:37:28.238+0000] {dag.py:2726} INFO - Sync 1 DAGs
[2024-10-13T09:37:28.265+0000] {logging_mixin.py:149} INFO - [2024-10-13T09:37:28.265+0000] {dag.py:3490} INFO - Setting next_dagrun for example_kubernetes_executor to None, run_after=None
[2024-10-13T09:37:28.283+0000] {processor.py:178} INFO - Processing /home/airflow/.local/lib/python3.7/site-packages/airflow/example_dags/example_kubernetes_executor.py took 0.343 seconds
[2024-10-13T09:37:58.454+0000] {processor.py:156} INFO - Started process (PID=1373) to work on /home/airflow/.local/lib/python3.7/site-packages/airflow/example_dags/example_kubernetes_executor.py
[2024-10-13T09:37:58.455+0000] {processor.py:799} INFO - Processing file /home/airflow/.local/lib/python3.7/site-packages/airflow/example_dags/example_kubernetes_executor.py for tasks to queue
[2024-10-13T09:37:58.456+0000] {logging_mixin.py:149} INFO - [2024-10-13T09:37:58.455+0000] {dagbag.py:541} INFO - Filling up the DagBag from /home/airflow/.local/lib/python3.7/site-packages/airflow/example_dags/example_kubernetes_executor.py
[2024-10-13T09:37:58.736+0000] {processor.py:809} INFO - DAG(s) dict_keys(['example_kubernetes_executor']) retrieved from /home/airflow/.local/lib/python3.7/site-packages/airflow/example_dags/example_kubernetes_executor.py
[2024-10-13T09:37:58.789+0000] {logging_mixin.py:149} INFO - [2024-10-13T09:37:58.789+0000] {dag.py:2726} INFO - Sync 1 DAGs
[2024-10-13T09:37:58.819+0000] {logging_mixin.py:149} INFO - [2024-10-13T09:37:58.819+0000] {dag.py:3490} INFO - Setting next_dagrun for example_kubernetes_executor to None, run_after=None
[2024-10-13T09:37:58.842+0000] {processor.py:178} INFO - Processing /home/airflow/.local/lib/python3.7/site-packages/airflow/example_dags/example_kubernetes_executor.py took 0.392 seconds
[2024-10-13T09:38:29.006+0000] {processor.py:156} INFO - Started process (PID=1433) to work on /home/airflow/.local/lib/python3.7/site-packages/airflow/example_dags/example_kubernetes_executor.py
[2024-10-13T09:38:29.008+0000] {processor.py:799} INFO - Processing file /home/airflow/.local/lib/python3.7/site-packages/airflow/example_dags/example_kubernetes_executor.py for tasks to queue
[2024-10-13T09:38:29.009+0000] {logging_mixin.py:149} INFO - [2024-10-13T09:38:29.008+0000] {dagbag.py:541} INFO - Filling up the DagBag from /home/airflow/.local/lib/python3.7/site-packages/airflow/example_dags/example_kubernetes_executor.py
[2024-10-13T09:38:29.332+0000] {processor.py:809} INFO - DAG(s) dict_keys(['example_kubernetes_executor']) retrieved from /home/airflow/.local/lib/python3.7/site-packages/airflow/example_dags/example_kubernetes_executor.py
[2024-10-13T09:38:29.390+0000] {logging_mixin.py:149} INFO - [2024-10-13T09:38:29.390+0000] {dag.py:2726} INFO - Sync 1 DAGs
[2024-10-13T09:38:29.434+0000] {logging_mixin.py:149} INFO - [2024-10-13T09:38:29.434+0000] {dag.py:3490} INFO - Setting next_dagrun for example_kubernetes_executor to None, run_after=None
[2024-10-13T09:38:29.459+0000] {processor.py:178} INFO - Processing /home/airflow/.local/lib/python3.7/site-packages/airflow/example_dags/example_kubernetes_executor.py took 0.456 seconds
[2024-10-13T09:38:59.662+0000] {processor.py:156} INFO - Started process (PID=1494) to work on /home/airflow/.local/lib/python3.7/site-packages/airflow/example_dags/example_kubernetes_executor.py
[2024-10-13T09:38:59.663+0000] {processor.py:799} INFO - Processing file /home/airflow/.local/lib/python3.7/site-packages/airflow/example_dags/example_kubernetes_executor.py for tasks to queue
[2024-10-13T09:38:59.663+0000] {logging_mixin.py:149} INFO - [2024-10-13T09:38:59.663+0000] {dagbag.py:541} INFO - Filling up the DagBag from /home/airflow/.local/lib/python3.7/site-packages/airflow/example_dags/example_kubernetes_executor.py
[2024-10-13T09:38:59.908+0000] {processor.py:809} INFO - DAG(s) dict_keys(['example_kubernetes_executor']) retrieved from /home/airflow/.local/lib/python3.7/site-packages/airflow/example_dags/example_kubernetes_executor.py
[2024-10-13T09:38:59.977+0000] {logging_mixin.py:149} INFO - [2024-10-13T09:38:59.977+0000] {dag.py:2726} INFO - Sync 1 DAGs
[2024-10-13T09:39:00.024+0000] {logging_mixin.py:149} INFO - [2024-10-13T09:39:00.024+0000] {dag.py:3490} INFO - Setting next_dagrun for example_kubernetes_executor to None, run_after=None
[2024-10-13T09:39:00.051+0000] {processor.py:178} INFO - Processing /home/airflow/.local/lib/python3.7/site-packages/airflow/example_dags/example_kubernetes_executor.py took 0.393 seconds
[2024-10-13T09:39:30.246+0000] {processor.py:156} INFO - Started process (PID=1555) to work on /home/airflow/.local/lib/python3.7/site-packages/airflow/example_dags/example_kubernetes_executor.py
[2024-10-13T09:39:30.247+0000] {processor.py:799} INFO - Processing file /home/airflow/.local/lib/python3.7/site-packages/airflow/example_dags/example_kubernetes_executor.py for tasks to queue
[2024-10-13T09:39:30.248+0000] {logging_mixin.py:149} INFO - [2024-10-13T09:39:30.248+0000] {dagbag.py:541} INFO - Filling up the DagBag from /home/airflow/.local/lib/python3.7/site-packages/airflow/example_dags/example_kubernetes_executor.py
[2024-10-13T09:39:30.541+0000] {processor.py:809} INFO - DAG(s) dict_keys(['example_kubernetes_executor']) retrieved from /home/airflow/.local/lib/python3.7/site-packages/airflow/example_dags/example_kubernetes_executor.py
[2024-10-13T09:39:30.593+0000] {logging_mixin.py:149} INFO - [2024-10-13T09:39:30.593+0000] {dag.py:2726} INFO - Sync 1 DAGs
[2024-10-13T09:39:30.638+0000] {logging_mixin.py:149} INFO - [2024-10-13T09:39:30.638+0000] {dag.py:3490} INFO - Setting next_dagrun for example_kubernetes_executor to None, run_after=None
[2024-10-13T09:39:30.669+0000] {processor.py:178} INFO - Processing /home/airflow/.local/lib/python3.7/site-packages/airflow/example_dags/example_kubernetes_executor.py took 0.426 seconds
[2024-10-13T09:40:00.732+0000] {processor.py:156} INFO - Started process (PID=1616) to work on /home/airflow/.local/lib/python3.7/site-packages/airflow/example_dags/example_kubernetes_executor.py
[2024-10-13T09:40:00.733+0000] {processor.py:799} INFO - Processing file /home/airflow/.local/lib/python3.7/site-packages/airflow/example_dags/example_kubernetes_executor.py for tasks to queue
[2024-10-13T09:40:00.734+0000] {logging_mixin.py:149} INFO - [2024-10-13T09:40:00.733+0000] {dagbag.py:541} INFO - Filling up the DagBag from /home/airflow/.local/lib/python3.7/site-packages/airflow/example_dags/example_kubernetes_executor.py
[2024-10-13T09:40:00.983+0000] {processor.py:809} INFO - DAG(s) dict_keys(['example_kubernetes_executor']) retrieved from /home/airflow/.local/lib/python3.7/site-packages/airflow/example_dags/example_kubernetes_executor.py
[2024-10-13T09:40:01.023+0000] {logging_mixin.py:149} INFO - [2024-10-13T09:40:01.023+0000] {dag.py:2726} INFO - Sync 1 DAGs
[2024-10-13T09:40:01.051+0000] {logging_mixin.py:149} INFO - [2024-10-13T09:40:01.051+0000] {dag.py:3490} INFO - Setting next_dagrun for example_kubernetes_executor to None, run_after=None
[2024-10-13T09:40:01.074+0000] {processor.py:178} INFO - Processing /home/airflow/.local/lib/python3.7/site-packages/airflow/example_dags/example_kubernetes_executor.py took 0.347 seconds
[2024-10-13T09:40:31.858+0000] {processor.py:156} INFO - Started process (PID=1677) to work on /home/airflow/.local/lib/python3.7/site-packages/airflow/example_dags/example_kubernetes_executor.py
[2024-10-13T09:40:31.859+0000] {processor.py:799} INFO - Processing file /home/airflow/.local/lib/python3.7/site-packages/airflow/example_dags/example_kubernetes_executor.py for tasks to queue
[2024-10-13T09:40:31.860+0000] {logging_mixin.py:149} INFO - [2024-10-13T09:40:31.860+0000] {dagbag.py:541} INFO - Filling up the DagBag from /home/airflow/.local/lib/python3.7/site-packages/airflow/example_dags/example_kubernetes_executor.py
[2024-10-13T09:40:32.119+0000] {processor.py:809} INFO - DAG(s) dict_keys(['example_kubernetes_executor']) retrieved from /home/airflow/.local/lib/python3.7/site-packages/airflow/example_dags/example_kubernetes_executor.py
[2024-10-13T09:40:32.160+0000] {logging_mixin.py:149} INFO - [2024-10-13T09:40:32.160+0000] {dag.py:2726} INFO - Sync 1 DAGs
[2024-10-13T09:40:32.188+0000] {logging_mixin.py:149} INFO - [2024-10-13T09:40:32.188+0000] {dag.py:3490} INFO - Setting next_dagrun for example_kubernetes_executor to None, run_after=None
[2024-10-13T09:40:32.208+0000] {processor.py:178} INFO - Processing /home/airflow/.local/lib/python3.7/site-packages/airflow/example_dags/example_kubernetes_executor.py took 0.357 seconds
[2024-10-13T09:41:02.388+0000] {processor.py:156} INFO - Started process (PID=1738) to work on /home/airflow/.local/lib/python3.7/site-packages/airflow/example_dags/example_kubernetes_executor.py
[2024-10-13T09:41:02.389+0000] {processor.py:799} INFO - Processing file /home/airflow/.local/lib/python3.7/site-packages/airflow/example_dags/example_kubernetes_executor.py for tasks to queue
[2024-10-13T09:41:02.390+0000] {logging_mixin.py:149} INFO - [2024-10-13T09:41:02.390+0000] {dagbag.py:541} INFO - Filling up the DagBag from /home/airflow/.local/lib/python3.7/site-packages/airflow/example_dags/example_kubernetes_executor.py
[2024-10-13T09:41:02.627+0000] {processor.py:809} INFO - DAG(s) dict_keys(['example_kubernetes_executor']) retrieved from /home/airflow/.local/lib/python3.7/site-packages/airflow/example_dags/example_kubernetes_executor.py
[2024-10-13T09:41:02.669+0000] {logging_mixin.py:149} INFO - [2024-10-13T09:41:02.669+0000] {dag.py:2726} INFO - Sync 1 DAGs
[2024-10-13T09:41:02.696+0000] {logging_mixin.py:149} INFO - [2024-10-13T09:41:02.696+0000] {dag.py:3490} INFO - Setting next_dagrun for example_kubernetes_executor to None, run_after=None
[2024-10-13T09:41:02.723+0000] {processor.py:178} INFO - Processing /home/airflow/.local/lib/python3.7/site-packages/airflow/example_dags/example_kubernetes_executor.py took 0.339 seconds
[2024-10-13T09:41:32.860+0000] {processor.py:156} INFO - Started process (PID=1799) to work on /home/airflow/.local/lib/python3.7/site-packages/airflow/example_dags/example_kubernetes_executor.py
[2024-10-13T09:41:32.861+0000] {processor.py:799} INFO - Processing file /home/airflow/.local/lib/python3.7/site-packages/airflow/example_dags/example_kubernetes_executor.py for tasks to queue
[2024-10-13T09:41:32.861+0000] {logging_mixin.py:149} INFO - [2024-10-13T09:41:32.861+0000] {dagbag.py:541} INFO - Filling up the DagBag from /home/airflow/.local/lib/python3.7/site-packages/airflow/example_dags/example_kubernetes_executor.py
[2024-10-13T09:41:33.099+0000] {processor.py:809} INFO - DAG(s) dict_keys(['example_kubernetes_executor']) retrieved from /home/airflow/.local/lib/python3.7/site-packages/airflow/example_dags/example_kubernetes_executor.py
[2024-10-13T09:41:33.138+0000] {logging_mixin.py:149} INFO - [2024-10-13T09:41:33.138+0000] {dag.py:2726} INFO - Sync 1 DAGs
[2024-10-13T09:41:33.168+0000] {logging_mixin.py:149} INFO - [2024-10-13T09:41:33.168+0000] {dag.py:3490} INFO - Setting next_dagrun for example_kubernetes_executor to None, run_after=None
[2024-10-13T09:41:33.187+0000] {processor.py:178} INFO - Processing /home/airflow/.local/lib/python3.7/site-packages/airflow/example_dags/example_kubernetes_executor.py took 0.331 seconds
[2024-10-13T09:42:03.408+0000] {processor.py:156} INFO - Started process (PID=1860) to work on /home/airflow/.local/lib/python3.7/site-packages/airflow/example_dags/example_kubernetes_executor.py
[2024-10-13T09:42:03.409+0000] {processor.py:799} INFO - Processing file /home/airflow/.local/lib/python3.7/site-packages/airflow/example_dags/example_kubernetes_executor.py for tasks to queue
[2024-10-13T09:42:03.409+0000] {logging_mixin.py:149} INFO - [2024-10-13T09:42:03.409+0000] {dagbag.py:541} INFO - Filling up the DagBag from /home/airflow/.local/lib/python3.7/site-packages/airflow/example_dags/example_kubernetes_executor.py
[2024-10-13T09:42:03.641+0000] {processor.py:809} INFO - DAG(s) dict_keys(['example_kubernetes_executor']) retrieved from /home/airflow/.local/lib/python3.7/site-packages/airflow/example_dags/example_kubernetes_executor.py
[2024-10-13T09:42:03.681+0000] {logging_mixin.py:149} INFO - [2024-10-13T09:42:03.681+0000] {dag.py:2726} INFO - Sync 1 DAGs
[2024-10-13T09:42:03.707+0000] {logging_mixin.py:149} INFO - [2024-10-13T09:42:03.707+0000] {dag.py:3490} INFO - Setting next_dagrun for example_kubernetes_executor to None, run_after=None
[2024-10-13T09:42:03.726+0000] {processor.py:178} INFO - Processing /home/airflow/.local/lib/python3.7/site-packages/airflow/example_dags/example_kubernetes_executor.py took 0.321 seconds
[2024-10-13T09:42:33.941+0000] {processor.py:156} INFO - Started process (PID=1921) to work on /home/airflow/.local/lib/python3.7/site-packages/airflow/example_dags/example_kubernetes_executor.py
[2024-10-13T09:42:33.942+0000] {processor.py:799} INFO - Processing file /home/airflow/.local/lib/python3.7/site-packages/airflow/example_dags/example_kubernetes_executor.py for tasks to queue
[2024-10-13T09:42:33.943+0000] {logging_mixin.py:149} INFO - [2024-10-13T09:42:33.943+0000] {dagbag.py:541} INFO - Filling up the DagBag from /home/airflow/.local/lib/python3.7/site-packages/airflow/example_dags/example_kubernetes_executor.py
[2024-10-13T09:42:34.178+0000] {processor.py:809} INFO - DAG(s) dict_keys(['example_kubernetes_executor']) retrieved from /home/airflow/.local/lib/python3.7/site-packages/airflow/example_dags/example_kubernetes_executor.py
[2024-10-13T09:42:34.232+0000] {logging_mixin.py:149} INFO - [2024-10-13T09:42:34.232+0000] {dag.py:2726} INFO - Sync 1 DAGs
[2024-10-13T09:42:34.257+0000] {logging_mixin.py:149} INFO - [2024-10-13T09:42:34.257+0000] {dag.py:3490} INFO - Setting next_dagrun for example_kubernetes_executor to None, run_after=None
[2024-10-13T09:42:34.276+0000] {processor.py:178} INFO - Processing /home/airflow/.local/lib/python3.7/site-packages/airflow/example_dags/example_kubernetes_executor.py took 0.338 seconds
[2024-10-13T09:43:05.152+0000] {processor.py:156} INFO - Started process (PID=1982) to work on /home/airflow/.local/lib/python3.7/site-packages/airflow/example_dags/example_kubernetes_executor.py
[2024-10-13T09:43:05.153+0000] {processor.py:799} INFO - Processing file /home/airflow/.local/lib/python3.7/site-packages/airflow/example_dags/example_kubernetes_executor.py for tasks to queue
[2024-10-13T09:43:05.153+0000] {logging_mixin.py:149} INFO - [2024-10-13T09:43:05.153+0000] {dagbag.py:541} INFO - Filling up the DagBag from /home/airflow/.local/lib/python3.7/site-packages/airflow/example_dags/example_kubernetes_executor.py
[2024-10-13T09:43:05.395+0000] {processor.py:809} INFO - DAG(s) dict_keys(['example_kubernetes_executor']) retrieved from /home/airflow/.local/lib/python3.7/site-packages/airflow/example_dags/example_kubernetes_executor.py
[2024-10-13T09:43:05.432+0000] {logging_mixin.py:149} INFO - [2024-10-13T09:43:05.432+0000] {dag.py:2726} INFO - Sync 1 DAGs
[2024-10-13T09:43:05.459+0000] {logging_mixin.py:149} INFO - [2024-10-13T09:43:05.458+0000] {dag.py:3490} INFO - Setting next_dagrun for example_kubernetes_executor to None, run_after=None
[2024-10-13T09:43:05.478+0000] {processor.py:178} INFO - Processing /home/airflow/.local/lib/python3.7/site-packages/airflow/example_dags/example_kubernetes_executor.py took 0.330 seconds
[2024-10-13T09:43:36.309+0000] {processor.py:156} INFO - Started process (PID=2043) to work on /home/airflow/.local/lib/python3.7/site-packages/airflow/example_dags/example_kubernetes_executor.py
[2024-10-13T09:43:36.310+0000] {processor.py:799} INFO - Processing file /home/airflow/.local/lib/python3.7/site-packages/airflow/example_dags/example_kubernetes_executor.py for tasks to queue
[2024-10-13T09:43:36.311+0000] {logging_mixin.py:149} INFO - [2024-10-13T09:43:36.311+0000] {dagbag.py:541} INFO - Filling up the DagBag from /home/airflow/.local/lib/python3.7/site-packages/airflow/example_dags/example_kubernetes_executor.py
[2024-10-13T09:43:36.539+0000] {processor.py:809} INFO - DAG(s) dict_keys(['example_kubernetes_executor']) retrieved from /home/airflow/.local/lib/python3.7/site-packages/airflow/example_dags/example_kubernetes_executor.py
[2024-10-13T09:43:36.579+0000] {logging_mixin.py:149} INFO - [2024-10-13T09:43:36.579+0000] {dag.py:2726} INFO - Sync 1 DAGs
[2024-10-13T09:43:36.606+0000] {logging_mixin.py:149} INFO - [2024-10-13T09:43:36.606+0000] {dag.py:3490} INFO - Setting next_dagrun for example_kubernetes_executor to None, run_after=None
[2024-10-13T09:43:36.626+0000] {processor.py:178} INFO - Processing /home/airflow/.local/lib/python3.7/site-packages/airflow/example_dags/example_kubernetes_executor.py took 0.322 seconds
[2024-10-13T09:44:06.745+0000] {processor.py:156} INFO - Started process (PID=2104) to work on /home/airflow/.local/lib/python3.7/site-packages/airflow/example_dags/example_kubernetes_executor.py
[2024-10-13T09:44:06.746+0000] {processor.py:799} INFO - Processing file /home/airflow/.local/lib/python3.7/site-packages/airflow/example_dags/example_kubernetes_executor.py for tasks to queue
[2024-10-13T09:44:06.747+0000] {logging_mixin.py:149} INFO - [2024-10-13T09:44:06.747+0000] {dagbag.py:541} INFO - Filling up the DagBag from /home/airflow/.local/lib/python3.7/site-packages/airflow/example_dags/example_kubernetes_executor.py
[2024-10-13T09:44:06.985+0000] {processor.py:809} INFO - DAG(s) dict_keys(['example_kubernetes_executor']) retrieved from /home/airflow/.local/lib/python3.7/site-packages/airflow/example_dags/example_kubernetes_executor.py
[2024-10-13T09:44:07.029+0000] {logging_mixin.py:149} INFO - [2024-10-13T09:44:07.029+0000] {dag.py:2726} INFO - Sync 1 DAGs
[2024-10-13T09:44:07.055+0000] {logging_mixin.py:149} INFO - [2024-10-13T09:44:07.055+0000] {dag.py:3490} INFO - Setting next_dagrun for example_kubernetes_executor to None, run_after=None
[2024-10-13T09:44:07.075+0000] {processor.py:178} INFO - Processing /home/airflow/.local/lib/python3.7/site-packages/airflow/example_dags/example_kubernetes_executor.py took 0.332 seconds
[2024-10-13T09:44:37.181+0000] {processor.py:156} INFO - Started process (PID=2165) to work on /home/airflow/.local/lib/python3.7/site-packages/airflow/example_dags/example_kubernetes_executor.py
[2024-10-13T09:44:37.182+0000] {processor.py:799} INFO - Processing file /home/airflow/.local/lib/python3.7/site-packages/airflow/example_dags/example_kubernetes_executor.py for tasks to queue
[2024-10-13T09:44:37.183+0000] {logging_mixin.py:149} INFO - [2024-10-13T09:44:37.183+0000] {dagbag.py:541} INFO - Filling up the DagBag from /home/airflow/.local/lib/python3.7/site-packages/airflow/example_dags/example_kubernetes_executor.py
[2024-10-13T09:44:37.418+0000] {processor.py:809} INFO - DAG(s) dict_keys(['example_kubernetes_executor']) retrieved from /home/airflow/.local/lib/python3.7/site-packages/airflow/example_dags/example_kubernetes_executor.py
[2024-10-13T09:44:37.458+0000] {logging_mixin.py:149} INFO - [2024-10-13T09:44:37.458+0000] {dag.py:2726} INFO - Sync 1 DAGs
[2024-10-13T09:44:37.483+0000] {logging_mixin.py:149} INFO - [2024-10-13T09:44:37.483+0000] {dag.py:3490} INFO - Setting next_dagrun for example_kubernetes_executor to None, run_after=None
[2024-10-13T09:44:37.503+0000] {processor.py:178} INFO - Processing /home/airflow/.local/lib/python3.7/site-packages/airflow/example_dags/example_kubernetes_executor.py took 0.325 seconds
[2024-10-13T09:45:07.615+0000] {processor.py:156} INFO - Started process (PID=2226) to work on /home/airflow/.local/lib/python3.7/site-packages/airflow/example_dags/example_kubernetes_executor.py
[2024-10-13T09:45:07.616+0000] {processor.py:799} INFO - Processing file /home/airflow/.local/lib/python3.7/site-packages/airflow/example_dags/example_kubernetes_executor.py for tasks to queue
[2024-10-13T09:45:07.617+0000] {logging_mixin.py:149} INFO - [2024-10-13T09:45:07.616+0000] {dagbag.py:541} INFO - Filling up the DagBag from /home/airflow/.local/lib/python3.7/site-packages/airflow/example_dags/example_kubernetes_executor.py
[2024-10-13T09:45:07.848+0000] {processor.py:809} INFO - DAG(s) dict_keys(['example_kubernetes_executor']) retrieved from /home/airflow/.local/lib/python3.7/site-packages/airflow/example_dags/example_kubernetes_executor.py
[2024-10-13T09:45:07.887+0000] {logging_mixin.py:149} INFO - [2024-10-13T09:45:07.886+0000] {dag.py:2726} INFO - Sync 1 DAGs
[2024-10-13T09:45:07.914+0000] {logging_mixin.py:149} INFO - [2024-10-13T09:45:07.914+0000] {dag.py:3490} INFO - Setting next_dagrun for example_kubernetes_executor to None, run_after=None
[2024-10-13T09:45:07.933+0000] {processor.py:178} INFO - Processing /home/airflow/.local/lib/python3.7/site-packages/airflow/example_dags/example_kubernetes_executor.py took 0.323 seconds
[2024-10-13T09:45:38.033+0000] {processor.py:156} INFO - Started process (PID=2287) to work on /home/airflow/.local/lib/python3.7/site-packages/airflow/example_dags/example_kubernetes_executor.py
[2024-10-13T09:45:38.033+0000] {processor.py:799} INFO - Processing file /home/airflow/.local/lib/python3.7/site-packages/airflow/example_dags/example_kubernetes_executor.py for tasks to queue
[2024-10-13T09:45:38.034+0000] {logging_mixin.py:149} INFO - [2024-10-13T09:45:38.034+0000] {dagbag.py:541} INFO - Filling up the DagBag from /home/airflow/.local/lib/python3.7/site-packages/airflow/example_dags/example_kubernetes_executor.py
[2024-10-13T09:45:38.262+0000] {processor.py:809} INFO - DAG(s) dict_keys(['example_kubernetes_executor']) retrieved from /home/airflow/.local/lib/python3.7/site-packages/airflow/example_dags/example_kubernetes_executor.py
[2024-10-13T09:45:38.305+0000] {logging_mixin.py:149} INFO - [2024-10-13T09:45:38.305+0000] {dag.py:2726} INFO - Sync 1 DAGs
[2024-10-13T09:45:38.332+0000] {logging_mixin.py:149} INFO - [2024-10-13T09:45:38.332+0000] {dag.py:3490} INFO - Setting next_dagrun for example_kubernetes_executor to None, run_after=None
[2024-10-13T09:45:38.350+0000] {processor.py:178} INFO - Processing /home/airflow/.local/lib/python3.7/site-packages/airflow/example_dags/example_kubernetes_executor.py took 0.321 seconds
[2024-10-13T09:46:09.111+0000] {processor.py:156} INFO - Started process (PID=2348) to work on /home/airflow/.local/lib/python3.7/site-packages/airflow/example_dags/example_kubernetes_executor.py
[2024-10-13T09:46:09.112+0000] {processor.py:799} INFO - Processing file /home/airflow/.local/lib/python3.7/site-packages/airflow/example_dags/example_kubernetes_executor.py for tasks to queue
[2024-10-13T09:46:09.113+0000] {logging_mixin.py:149} INFO - [2024-10-13T09:46:09.113+0000] {dagbag.py:541} INFO - Filling up the DagBag from /home/airflow/.local/lib/python3.7/site-packages/airflow/example_dags/example_kubernetes_executor.py
[2024-10-13T09:46:09.351+0000] {processor.py:809} INFO - DAG(s) dict_keys(['example_kubernetes_executor']) retrieved from /home/airflow/.local/lib/python3.7/site-packages/airflow/example_dags/example_kubernetes_executor.py
[2024-10-13T09:46:09.398+0000] {logging_mixin.py:149} INFO - [2024-10-13T09:46:09.398+0000] {dag.py:2726} INFO - Sync 1 DAGs
[2024-10-13T09:46:09.435+0000] {logging_mixin.py:149} INFO - [2024-10-13T09:46:09.434+0000] {dag.py:3490} INFO - Setting next_dagrun for example_kubernetes_executor to None, run_after=None
[2024-10-13T09:46:09.455+0000] {processor.py:178} INFO - Processing /home/airflow/.local/lib/python3.7/site-packages/airflow/example_dags/example_kubernetes_executor.py took 0.348 seconds
[2024-10-13T09:46:39.509+0000] {processor.py:156} INFO - Started process (PID=2409) to work on /home/airflow/.local/lib/python3.7/site-packages/airflow/example_dags/example_kubernetes_executor.py
[2024-10-13T09:46:39.509+0000] {processor.py:799} INFO - Processing file /home/airflow/.local/lib/python3.7/site-packages/airflow/example_dags/example_kubernetes_executor.py for tasks to queue
[2024-10-13T09:46:39.510+0000] {logging_mixin.py:149} INFO - [2024-10-13T09:46:39.510+0000] {dagbag.py:541} INFO - Filling up the DagBag from /home/airflow/.local/lib/python3.7/site-packages/airflow/example_dags/example_kubernetes_executor.py
[2024-10-13T09:46:39.762+0000] {processor.py:809} INFO - DAG(s) dict_keys(['example_kubernetes_executor']) retrieved from /home/airflow/.local/lib/python3.7/site-packages/airflow/example_dags/example_kubernetes_executor.py
[2024-10-13T09:46:39.802+0000] {logging_mixin.py:149} INFO - [2024-10-13T09:46:39.802+0000] {dag.py:2726} INFO - Sync 1 DAGs
[2024-10-13T09:46:39.833+0000] {logging_mixin.py:149} INFO - [2024-10-13T09:46:39.832+0000] {dag.py:3490} INFO - Setting next_dagrun for example_kubernetes_executor to None, run_after=None
[2024-10-13T09:46:39.855+0000] {processor.py:178} INFO - Processing /home/airflow/.local/lib/python3.7/site-packages/airflow/example_dags/example_kubernetes_executor.py took 0.350 seconds
[2024-10-13T09:47:10.024+0000] {processor.py:156} INFO - Started process (PID=2470) to work on /home/airflow/.local/lib/python3.7/site-packages/airflow/example_dags/example_kubernetes_executor.py
[2024-10-13T09:47:10.025+0000] {processor.py:799} INFO - Processing file /home/airflow/.local/lib/python3.7/site-packages/airflow/example_dags/example_kubernetes_executor.py for tasks to queue
[2024-10-13T09:47:10.026+0000] {logging_mixin.py:149} INFO - [2024-10-13T09:47:10.026+0000] {dagbag.py:541} INFO - Filling up the DagBag from /home/airflow/.local/lib/python3.7/site-packages/airflow/example_dags/example_kubernetes_executor.py
[2024-10-13T09:47:10.265+0000] {processor.py:809} INFO - DAG(s) dict_keys(['example_kubernetes_executor']) retrieved from /home/airflow/.local/lib/python3.7/site-packages/airflow/example_dags/example_kubernetes_executor.py
[2024-10-13T09:47:10.305+0000] {logging_mixin.py:149} INFO - [2024-10-13T09:47:10.305+0000] {dag.py:2726} INFO - Sync 1 DAGs
[2024-10-13T09:47:10.335+0000] {logging_mixin.py:149} INFO - [2024-10-13T09:47:10.335+0000] {dag.py:3490} INFO - Setting next_dagrun for example_kubernetes_executor to None, run_after=None
[2024-10-13T09:47:10.362+0000] {processor.py:178} INFO - Processing /home/airflow/.local/lib/python3.7/site-packages/airflow/example_dags/example_kubernetes_executor.py took 0.341 seconds
[2024-10-13T09:47:40.544+0000] {processor.py:156} INFO - Started process (PID=2531) to work on /home/airflow/.local/lib/python3.7/site-packages/airflow/example_dags/example_kubernetes_executor.py
[2024-10-13T09:47:40.545+0000] {processor.py:799} INFO - Processing file /home/airflow/.local/lib/python3.7/site-packages/airflow/example_dags/example_kubernetes_executor.py for tasks to queue
[2024-10-13T09:47:40.546+0000] {logging_mixin.py:149} INFO - [2024-10-13T09:47:40.546+0000] {dagbag.py:541} INFO - Filling up the DagBag from /home/airflow/.local/lib/python3.7/site-packages/airflow/example_dags/example_kubernetes_executor.py
[2024-10-13T09:47:40.846+0000] {processor.py:809} INFO - DAG(s) dict_keys(['example_kubernetes_executor']) retrieved from /home/airflow/.local/lib/python3.7/site-packages/airflow/example_dags/example_kubernetes_executor.py
[2024-10-13T09:47:40.886+0000] {logging_mixin.py:149} INFO - [2024-10-13T09:47:40.886+0000] {dag.py:2726} INFO - Sync 1 DAGs
[2024-10-13T09:47:40.912+0000] {logging_mixin.py:149} INFO - [2024-10-13T09:47:40.912+0000] {dag.py:3490} INFO - Setting next_dagrun for example_kubernetes_executor to None, run_after=None
[2024-10-13T09:47:40.935+0000] {processor.py:178} INFO - Processing /home/airflow/.local/lib/python3.7/site-packages/airflow/example_dags/example_kubernetes_executor.py took 0.395 seconds
[2024-10-13T09:48:11.207+0000] {processor.py:156} INFO - Started process (PID=2592) to work on /home/airflow/.local/lib/python3.7/site-packages/airflow/example_dags/example_kubernetes_executor.py
[2024-10-13T09:48:11.208+0000] {processor.py:799} INFO - Processing file /home/airflow/.local/lib/python3.7/site-packages/airflow/example_dags/example_kubernetes_executor.py for tasks to queue
[2024-10-13T09:48:11.208+0000] {logging_mixin.py:149} INFO - [2024-10-13T09:48:11.208+0000] {dagbag.py:541} INFO - Filling up the DagBag from /home/airflow/.local/lib/python3.7/site-packages/airflow/example_dags/example_kubernetes_executor.py
[2024-10-13T09:48:11.455+0000] {processor.py:809} INFO - DAG(s) dict_keys(['example_kubernetes_executor']) retrieved from /home/airflow/.local/lib/python3.7/site-packages/airflow/example_dags/example_kubernetes_executor.py
[2024-10-13T09:48:11.503+0000] {logging_mixin.py:149} INFO - [2024-10-13T09:48:11.502+0000] {dag.py:2726} INFO - Sync 1 DAGs
[2024-10-13T09:48:11.534+0000] {logging_mixin.py:149} INFO - [2024-10-13T09:48:11.534+0000] {dag.py:3490} INFO - Setting next_dagrun for example_kubernetes_executor to None, run_after=None
[2024-10-13T09:48:11.555+0000] {processor.py:178} INFO - Processing /home/airflow/.local/lib/python3.7/site-packages/airflow/example_dags/example_kubernetes_executor.py took 0.351 seconds
[2024-10-13T09:48:41.911+0000] {processor.py:156} INFO - Started process (PID=2653) to work on /home/airflow/.local/lib/python3.7/site-packages/airflow/example_dags/example_kubernetes_executor.py
[2024-10-13T09:48:41.912+0000] {processor.py:799} INFO - Processing file /home/airflow/.local/lib/python3.7/site-packages/airflow/example_dags/example_kubernetes_executor.py for tasks to queue
[2024-10-13T09:48:41.913+0000] {logging_mixin.py:149} INFO - [2024-10-13T09:48:41.913+0000] {dagbag.py:541} INFO - Filling up the DagBag from /home/airflow/.local/lib/python3.7/site-packages/airflow/example_dags/example_kubernetes_executor.py
[2024-10-13T09:48:42.148+0000] {processor.py:809} INFO - DAG(s) dict_keys(['example_kubernetes_executor']) retrieved from /home/airflow/.local/lib/python3.7/site-packages/airflow/example_dags/example_kubernetes_executor.py
[2024-10-13T09:48:42.186+0000] {logging_mixin.py:149} INFO - [2024-10-13T09:48:42.186+0000] {dag.py:2726} INFO - Sync 1 DAGs
[2024-10-13T09:48:42.215+0000] {logging_mixin.py:149} INFO - [2024-10-13T09:48:42.215+0000] {dag.py:3490} INFO - Setting next_dagrun for example_kubernetes_executor to None, run_after=None
[2024-10-13T09:48:42.234+0000] {processor.py:178} INFO - Processing /home/airflow/.local/lib/python3.7/site-packages/airflow/example_dags/example_kubernetes_executor.py took 0.326 seconds
[2024-10-13T09:49:12.665+0000] {processor.py:156} INFO - Started process (PID=2714) to work on /home/airflow/.local/lib/python3.7/site-packages/airflow/example_dags/example_kubernetes_executor.py
[2024-10-13T09:49:12.666+0000] {processor.py:799} INFO - Processing file /home/airflow/.local/lib/python3.7/site-packages/airflow/example_dags/example_kubernetes_executor.py for tasks to queue
[2024-10-13T09:49:12.666+0000] {logging_mixin.py:149} INFO - [2024-10-13T09:49:12.666+0000] {dagbag.py:541} INFO - Filling up the DagBag from /home/airflow/.local/lib/python3.7/site-packages/airflow/example_dags/example_kubernetes_executor.py
[2024-10-13T09:49:12.899+0000] {processor.py:809} INFO - DAG(s) dict_keys(['example_kubernetes_executor']) retrieved from /home/airflow/.local/lib/python3.7/site-packages/airflow/example_dags/example_kubernetes_executor.py
[2024-10-13T09:49:12.938+0000] {logging_mixin.py:149} INFO - [2024-10-13T09:49:12.938+0000] {dag.py:2726} INFO - Sync 1 DAGs
[2024-10-13T09:49:12.964+0000] {logging_mixin.py:149} INFO - [2024-10-13T09:49:12.964+0000] {dag.py:3490} INFO - Setting next_dagrun for example_kubernetes_executor to None, run_after=None
[2024-10-13T09:49:12.983+0000] {processor.py:178} INFO - Processing /home/airflow/.local/lib/python3.7/site-packages/airflow/example_dags/example_kubernetes_executor.py took 0.322 seconds
[2024-10-13T09:49:43.236+0000] {processor.py:156} INFO - Started process (PID=2775) to work on /home/airflow/.local/lib/python3.7/site-packages/airflow/example_dags/example_kubernetes_executor.py
[2024-10-13T09:49:43.237+0000] {processor.py:799} INFO - Processing file /home/airflow/.local/lib/python3.7/site-packages/airflow/example_dags/example_kubernetes_executor.py for tasks to queue
[2024-10-13T09:49:43.238+0000] {logging_mixin.py:149} INFO - [2024-10-13T09:49:43.238+0000] {dagbag.py:541} INFO - Filling up the DagBag from /home/airflow/.local/lib/python3.7/site-packages/airflow/example_dags/example_kubernetes_executor.py
[2024-10-13T09:49:43.467+0000] {processor.py:809} INFO - DAG(s) dict_keys(['example_kubernetes_executor']) retrieved from /home/airflow/.local/lib/python3.7/site-packages/airflow/example_dags/example_kubernetes_executor.py
[2024-10-13T09:49:43.508+0000] {logging_mixin.py:149} INFO - [2024-10-13T09:49:43.508+0000] {dag.py:2726} INFO - Sync 1 DAGs
[2024-10-13T09:49:43.534+0000] {logging_mixin.py:149} INFO - [2024-10-13T09:49:43.534+0000] {dag.py:3490} INFO - Setting next_dagrun for example_kubernetes_executor to None, run_after=None
[2024-10-13T09:49:43.553+0000] {processor.py:178} INFO - Processing /home/airflow/.local/lib/python3.7/site-packages/airflow/example_dags/example_kubernetes_executor.py took 0.320 seconds
[2024-10-13T09:50:14.424+0000] {processor.py:156} INFO - Started process (PID=2836) to work on /home/airflow/.local/lib/python3.7/site-packages/airflow/example_dags/example_kubernetes_executor.py
[2024-10-13T09:50:14.425+0000] {processor.py:799} INFO - Processing file /home/airflow/.local/lib/python3.7/site-packages/airflow/example_dags/example_kubernetes_executor.py for tasks to queue
[2024-10-13T09:50:14.426+0000] {logging_mixin.py:149} INFO - [2024-10-13T09:50:14.426+0000] {dagbag.py:541} INFO - Filling up the DagBag from /home/airflow/.local/lib/python3.7/site-packages/airflow/example_dags/example_kubernetes_executor.py
[2024-10-13T09:50:14.658+0000] {processor.py:809} INFO - DAG(s) dict_keys(['example_kubernetes_executor']) retrieved from /home/airflow/.local/lib/python3.7/site-packages/airflow/example_dags/example_kubernetes_executor.py
[2024-10-13T09:50:14.696+0000] {logging_mixin.py:149} INFO - [2024-10-13T09:50:14.696+0000] {dag.py:2726} INFO - Sync 1 DAGs
[2024-10-13T09:50:14.724+0000] {logging_mixin.py:149} INFO - [2024-10-13T09:50:14.724+0000] {dag.py:3490} INFO - Setting next_dagrun for example_kubernetes_executor to None, run_after=None
[2024-10-13T09:50:14.743+0000] {processor.py:178} INFO - Processing /home/airflow/.local/lib/python3.7/site-packages/airflow/example_dags/example_kubernetes_executor.py took 0.323 seconds
[2024-10-13T09:50:45.082+0000] {processor.py:156} INFO - Started process (PID=2897) to work on /home/airflow/.local/lib/python3.7/site-packages/airflow/example_dags/example_kubernetes_executor.py
[2024-10-13T09:50:45.083+0000] {processor.py:799} INFO - Processing file /home/airflow/.local/lib/python3.7/site-packages/airflow/example_dags/example_kubernetes_executor.py for tasks to queue
[2024-10-13T09:50:45.085+0000] {logging_mixin.py:149} INFO - [2024-10-13T09:50:45.084+0000] {dagbag.py:541} INFO - Filling up the DagBag from /home/airflow/.local/lib/python3.7/site-packages/airflow/example_dags/example_kubernetes_executor.py
[2024-10-13T09:50:45.337+0000] {processor.py:809} INFO - DAG(s) dict_keys(['example_kubernetes_executor']) retrieved from /home/airflow/.local/lib/python3.7/site-packages/airflow/example_dags/example_kubernetes_executor.py
[2024-10-13T09:50:45.377+0000] {logging_mixin.py:149} INFO - [2024-10-13T09:50:45.377+0000] {dag.py:2726} INFO - Sync 1 DAGs
[2024-10-13T09:50:45.405+0000] {logging_mixin.py:149} INFO - [2024-10-13T09:50:45.404+0000] {dag.py:3490} INFO - Setting next_dagrun for example_kubernetes_executor to None, run_after=None
[2024-10-13T09:50:45.424+0000] {processor.py:178} INFO - Processing /home/airflow/.local/lib/python3.7/site-packages/airflow/example_dags/example_kubernetes_executor.py took 0.346 seconds
[2024-10-13T09:51:15.495+0000] {processor.py:156} INFO - Started process (PID=2958) to work on /home/airflow/.local/lib/python3.7/site-packages/airflow/example_dags/example_kubernetes_executor.py
[2024-10-13T09:51:15.496+0000] {processor.py:799} INFO - Processing file /home/airflow/.local/lib/python3.7/site-packages/airflow/example_dags/example_kubernetes_executor.py for tasks to queue
[2024-10-13T09:51:15.497+0000] {logging_mixin.py:149} INFO - [2024-10-13T09:51:15.497+0000] {dagbag.py:541} INFO - Filling up the DagBag from /home/airflow/.local/lib/python3.7/site-packages/airflow/example_dags/example_kubernetes_executor.py
[2024-10-13T09:51:15.733+0000] {processor.py:809} INFO - DAG(s) dict_keys(['example_kubernetes_executor']) retrieved from /home/airflow/.local/lib/python3.7/site-packages/airflow/example_dags/example_kubernetes_executor.py
[2024-10-13T09:51:15.772+0000] {logging_mixin.py:149} INFO - [2024-10-13T09:51:15.772+0000] {dag.py:2726} INFO - Sync 1 DAGs
[2024-10-13T09:51:15.799+0000] {logging_mixin.py:149} INFO - [2024-10-13T09:51:15.799+0000] {dag.py:3490} INFO - Setting next_dagrun for example_kubernetes_executor to None, run_after=None
[2024-10-13T09:51:15.824+0000] {processor.py:178} INFO - Processing /home/airflow/.local/lib/python3.7/site-packages/airflow/example_dags/example_kubernetes_executor.py took 0.334 seconds
[2024-10-13T09:51:46.222+0000] {processor.py:156} INFO - Started process (PID=3019) to work on /home/airflow/.local/lib/python3.7/site-packages/airflow/example_dags/example_kubernetes_executor.py
[2024-10-13T09:51:46.223+0000] {processor.py:799} INFO - Processing file /home/airflow/.local/lib/python3.7/site-packages/airflow/example_dags/example_kubernetes_executor.py for tasks to queue
[2024-10-13T09:51:46.223+0000] {logging_mixin.py:149} INFO - [2024-10-13T09:51:46.223+0000] {dagbag.py:541} INFO - Filling up the DagBag from /home/airflow/.local/lib/python3.7/site-packages/airflow/example_dags/example_kubernetes_executor.py
[2024-10-13T09:51:46.460+0000] {processor.py:809} INFO - DAG(s) dict_keys(['example_kubernetes_executor']) retrieved from /home/airflow/.local/lib/python3.7/site-packages/airflow/example_dags/example_kubernetes_executor.py
[2024-10-13T09:51:46.504+0000] {logging_mixin.py:149} INFO - [2024-10-13T09:51:46.504+0000] {dag.py:2726} INFO - Sync 1 DAGs
[2024-10-13T09:51:46.535+0000] {logging_mixin.py:149} INFO - [2024-10-13T09:51:46.535+0000] {dag.py:3490} INFO - Setting next_dagrun for example_kubernetes_executor to None, run_after=None
[2024-10-13T09:51:46.555+0000] {processor.py:178} INFO - Processing /home/airflow/.local/lib/python3.7/site-packages/airflow/example_dags/example_kubernetes_executor.py took 0.336 seconds
[2024-10-13T09:52:16.681+0000] {processor.py:156} INFO - Started process (PID=3080) to work on /home/airflow/.local/lib/python3.7/site-packages/airflow/example_dags/example_kubernetes_executor.py
[2024-10-13T09:52:16.682+0000] {processor.py:799} INFO - Processing file /home/airflow/.local/lib/python3.7/site-packages/airflow/example_dags/example_kubernetes_executor.py for tasks to queue
[2024-10-13T09:52:16.683+0000] {logging_mixin.py:149} INFO - [2024-10-13T09:52:16.682+0000] {dagbag.py:541} INFO - Filling up the DagBag from /home/airflow/.local/lib/python3.7/site-packages/airflow/example_dags/example_kubernetes_executor.py
[2024-10-13T09:52:16.916+0000] {processor.py:809} INFO - DAG(s) dict_keys(['example_kubernetes_executor']) retrieved from /home/airflow/.local/lib/python3.7/site-packages/airflow/example_dags/example_kubernetes_executor.py
[2024-10-13T09:52:16.957+0000] {logging_mixin.py:149} INFO - [2024-10-13T09:52:16.957+0000] {dag.py:2726} INFO - Sync 1 DAGs
[2024-10-13T09:52:16.989+0000] {logging_mixin.py:149} INFO - [2024-10-13T09:52:16.989+0000] {dag.py:3490} INFO - Setting next_dagrun for example_kubernetes_executor to None, run_after=None
[2024-10-13T09:52:17.018+0000] {processor.py:178} INFO - Processing /home/airflow/.local/lib/python3.7/site-packages/airflow/example_dags/example_kubernetes_executor.py took 0.341 seconds
[2024-10-13T09:52:47.272+0000] {processor.py:156} INFO - Started process (PID=3141) to work on /home/airflow/.local/lib/python3.7/site-packages/airflow/example_dags/example_kubernetes_executor.py
[2024-10-13T09:52:47.273+0000] {processor.py:799} INFO - Processing file /home/airflow/.local/lib/python3.7/site-packages/airflow/example_dags/example_kubernetes_executor.py for tasks to queue
[2024-10-13T09:52:47.273+0000] {logging_mixin.py:149} INFO - [2024-10-13T09:52:47.273+0000] {dagbag.py:541} INFO - Filling up the DagBag from /home/airflow/.local/lib/python3.7/site-packages/airflow/example_dags/example_kubernetes_executor.py
[2024-10-13T09:52:47.504+0000] {processor.py:809} INFO - DAG(s) dict_keys(['example_kubernetes_executor']) retrieved from /home/airflow/.local/lib/python3.7/site-packages/airflow/example_dags/example_kubernetes_executor.py
[2024-10-13T09:52:47.542+0000] {logging_mixin.py:149} INFO - [2024-10-13T09:52:47.542+0000] {dag.py:2726} INFO - Sync 1 DAGs
[2024-10-13T09:52:47.567+0000] {logging_mixin.py:149} INFO - [2024-10-13T09:52:47.567+0000] {dag.py:3490} INFO - Setting next_dagrun for example_kubernetes_executor to None, run_after=None
[2024-10-13T09:52:47.586+0000] {processor.py:178} INFO - Processing /home/airflow/.local/lib/python3.7/site-packages/airflow/example_dags/example_kubernetes_executor.py took 0.318 seconds
[2024-10-13T09:53:17.777+0000] {processor.py:156} INFO - Started process (PID=3202) to work on /home/airflow/.local/lib/python3.7/site-packages/airflow/example_dags/example_kubernetes_executor.py
[2024-10-13T09:53:17.778+0000] {processor.py:799} INFO - Processing file /home/airflow/.local/lib/python3.7/site-packages/airflow/example_dags/example_kubernetes_executor.py for tasks to queue
[2024-10-13T09:53:17.779+0000] {logging_mixin.py:149} INFO - [2024-10-13T09:53:17.779+0000] {dagbag.py:541} INFO - Filling up the DagBag from /home/airflow/.local/lib/python3.7/site-packages/airflow/example_dags/example_kubernetes_executor.py
[2024-10-13T09:53:18.012+0000] {processor.py:809} INFO - DAG(s) dict_keys(['example_kubernetes_executor']) retrieved from /home/airflow/.local/lib/python3.7/site-packages/airflow/example_dags/example_kubernetes_executor.py
[2024-10-13T09:53:18.068+0000] {logging_mixin.py:149} INFO - [2024-10-13T09:53:18.068+0000] {dag.py:2726} INFO - Sync 1 DAGs
[2024-10-13T09:53:18.094+0000] {logging_mixin.py:149} INFO - [2024-10-13T09:53:18.094+0000] {dag.py:3490} INFO - Setting next_dagrun for example_kubernetes_executor to None, run_after=None
[2024-10-13T09:53:18.113+0000] {processor.py:178} INFO - Processing /home/airflow/.local/lib/python3.7/site-packages/airflow/example_dags/example_kubernetes_executor.py took 0.339 seconds
[2024-10-13T09:53:48.196+0000] {processor.py:156} INFO - Started process (PID=3263) to work on /home/airflow/.local/lib/python3.7/site-packages/airflow/example_dags/example_kubernetes_executor.py
[2024-10-13T09:53:48.196+0000] {processor.py:799} INFO - Processing file /home/airflow/.local/lib/python3.7/site-packages/airflow/example_dags/example_kubernetes_executor.py for tasks to queue
[2024-10-13T09:53:48.197+0000] {logging_mixin.py:149} INFO - [2024-10-13T09:53:48.197+0000] {dagbag.py:541} INFO - Filling up the DagBag from /home/airflow/.local/lib/python3.7/site-packages/airflow/example_dags/example_kubernetes_executor.py
[2024-10-13T09:53:48.435+0000] {processor.py:809} INFO - DAG(s) dict_keys(['example_kubernetes_executor']) retrieved from /home/airflow/.local/lib/python3.7/site-packages/airflow/example_dags/example_kubernetes_executor.py
[2024-10-13T09:53:48.474+0000] {logging_mixin.py:149} INFO - [2024-10-13T09:53:48.474+0000] {dag.py:2726} INFO - Sync 1 DAGs
[2024-10-13T09:53:48.625+0000] {logging_mixin.py:149} INFO - [2024-10-13T09:53:48.624+0000] {dag.py:3490} INFO - Setting next_dagrun for example_kubernetes_executor to None, run_after=None
[2024-10-13T09:53:48.649+0000] {processor.py:178} INFO - Processing /home/airflow/.local/lib/python3.7/site-packages/airflow/example_dags/example_kubernetes_executor.py took 0.457 seconds
[2024-10-13T09:54:19.421+0000] {processor.py:156} INFO - Started process (PID=3324) to work on /home/airflow/.local/lib/python3.7/site-packages/airflow/example_dags/example_kubernetes_executor.py
[2024-10-13T09:54:19.422+0000] {processor.py:799} INFO - Processing file /home/airflow/.local/lib/python3.7/site-packages/airflow/example_dags/example_kubernetes_executor.py for tasks to queue
[2024-10-13T09:54:19.423+0000] {logging_mixin.py:149} INFO - [2024-10-13T09:54:19.422+0000] {dagbag.py:541} INFO - Filling up the DagBag from /home/airflow/.local/lib/python3.7/site-packages/airflow/example_dags/example_kubernetes_executor.py
[2024-10-13T09:54:19.653+0000] {processor.py:809} INFO - DAG(s) dict_keys(['example_kubernetes_executor']) retrieved from /home/airflow/.local/lib/python3.7/site-packages/airflow/example_dags/example_kubernetes_executor.py
[2024-10-13T09:54:19.692+0000] {logging_mixin.py:149} INFO - [2024-10-13T09:54:19.691+0000] {dag.py:2726} INFO - Sync 1 DAGs
[2024-10-13T09:54:19.721+0000] {logging_mixin.py:149} INFO - [2024-10-13T09:54:19.721+0000] {dag.py:3490} INFO - Setting next_dagrun for example_kubernetes_executor to None, run_after=None
[2024-10-13T09:54:19.742+0000] {processor.py:178} INFO - Processing /home/airflow/.local/lib/python3.7/site-packages/airflow/example_dags/example_kubernetes_executor.py took 0.325 seconds
[2024-10-13T09:54:50.555+0000] {processor.py:156} INFO - Started process (PID=3385) to work on /home/airflow/.local/lib/python3.7/site-packages/airflow/example_dags/example_kubernetes_executor.py
[2024-10-13T09:54:50.556+0000] {processor.py:799} INFO - Processing file /home/airflow/.local/lib/python3.7/site-packages/airflow/example_dags/example_kubernetes_executor.py for tasks to queue
[2024-10-13T09:54:50.556+0000] {logging_mixin.py:149} INFO - [2024-10-13T09:54:50.556+0000] {dagbag.py:541} INFO - Filling up the DagBag from /home/airflow/.local/lib/python3.7/site-packages/airflow/example_dags/example_kubernetes_executor.py
[2024-10-13T09:54:50.800+0000] {processor.py:809} INFO - DAG(s) dict_keys(['example_kubernetes_executor']) retrieved from /home/airflow/.local/lib/python3.7/site-packages/airflow/example_dags/example_kubernetes_executor.py
[2024-10-13T09:54:50.857+0000] {logging_mixin.py:149} INFO - [2024-10-13T09:54:50.857+0000] {dag.py:2726} INFO - Sync 1 DAGs
[2024-10-13T09:54:50.883+0000] {logging_mixin.py:149} INFO - [2024-10-13T09:54:50.882+0000] {dag.py:3490} INFO - Setting next_dagrun for example_kubernetes_executor to None, run_after=None
[2024-10-13T09:54:50.902+0000] {processor.py:178} INFO - Processing /home/airflow/.local/lib/python3.7/site-packages/airflow/example_dags/example_kubernetes_executor.py took 0.350 seconds
[2024-10-13T09:55:21.038+0000] {processor.py:156} INFO - Started process (PID=3446) to work on /home/airflow/.local/lib/python3.7/site-packages/airflow/example_dags/example_kubernetes_executor.py
[2024-10-13T09:55:21.040+0000] {processor.py:799} INFO - Processing file /home/airflow/.local/lib/python3.7/site-packages/airflow/example_dags/example_kubernetes_executor.py for tasks to queue
[2024-10-13T09:55:21.040+0000] {logging_mixin.py:149} INFO - [2024-10-13T09:55:21.040+0000] {dagbag.py:541} INFO - Filling up the DagBag from /home/airflow/.local/lib/python3.7/site-packages/airflow/example_dags/example_kubernetes_executor.py
[2024-10-13T09:55:21.268+0000] {processor.py:809} INFO - DAG(s) dict_keys(['example_kubernetes_executor']) retrieved from /home/airflow/.local/lib/python3.7/site-packages/airflow/example_dags/example_kubernetes_executor.py
[2024-10-13T09:55:21.308+0000] {logging_mixin.py:149} INFO - [2024-10-13T09:55:21.308+0000] {dag.py:2726} INFO - Sync 1 DAGs
[2024-10-13T09:55:21.335+0000] {logging_mixin.py:149} INFO - [2024-10-13T09:55:21.335+0000] {dag.py:3490} INFO - Setting next_dagrun for example_kubernetes_executor to None, run_after=None
[2024-10-13T09:55:21.354+0000] {processor.py:178} INFO - Processing /home/airflow/.local/lib/python3.7/site-packages/airflow/example_dags/example_kubernetes_executor.py took 0.322 seconds
[2024-10-13T09:55:51.474+0000] {processor.py:156} INFO - Started process (PID=3506) to work on /home/airflow/.local/lib/python3.7/site-packages/airflow/example_dags/example_kubernetes_executor.py
[2024-10-13T09:55:51.476+0000] {processor.py:799} INFO - Processing file /home/airflow/.local/lib/python3.7/site-packages/airflow/example_dags/example_kubernetes_executor.py for tasks to queue
[2024-10-13T09:55:51.478+0000] {logging_mixin.py:149} INFO - [2024-10-13T09:55:51.478+0000] {dagbag.py:541} INFO - Filling up the DagBag from /home/airflow/.local/lib/python3.7/site-packages/airflow/example_dags/example_kubernetes_executor.py
[2024-10-13T09:55:51.713+0000] {processor.py:809} INFO - DAG(s) dict_keys(['example_kubernetes_executor']) retrieved from /home/airflow/.local/lib/python3.7/site-packages/airflow/example_dags/example_kubernetes_executor.py
[2024-10-13T09:55:51.764+0000] {logging_mixin.py:149} INFO - [2024-10-13T09:55:51.764+0000] {dag.py:2726} INFO - Sync 1 DAGs
[2024-10-13T09:55:51.898+0000] {logging_mixin.py:149} INFO - [2024-10-13T09:55:51.898+0000] {dag.py:3490} INFO - Setting next_dagrun for example_kubernetes_executor to None, run_after=None
[2024-10-13T09:55:51.917+0000] {processor.py:178} INFO - Processing /home/airflow/.local/lib/python3.7/site-packages/airflow/example_dags/example_kubernetes_executor.py took 0.455 seconds
[2024-10-13T09:56:22.005+0000] {processor.py:156} INFO - Started process (PID=3567) to work on /home/airflow/.local/lib/python3.7/site-packages/airflow/example_dags/example_kubernetes_executor.py
[2024-10-13T09:56:22.011+0000] {processor.py:799} INFO - Processing file /home/airflow/.local/lib/python3.7/site-packages/airflow/example_dags/example_kubernetes_executor.py for tasks to queue
[2024-10-13T09:56:22.012+0000] {logging_mixin.py:149} INFO - [2024-10-13T09:56:22.012+0000] {dagbag.py:541} INFO - Filling up the DagBag from /home/airflow/.local/lib/python3.7/site-packages/airflow/example_dags/example_kubernetes_executor.py
[2024-10-13T09:56:22.251+0000] {processor.py:809} INFO - DAG(s) dict_keys(['example_kubernetes_executor']) retrieved from /home/airflow/.local/lib/python3.7/site-packages/airflow/example_dags/example_kubernetes_executor.py
[2024-10-13T09:56:22.290+0000] {logging_mixin.py:149} INFO - [2024-10-13T09:56:22.289+0000] {dag.py:2726} INFO - Sync 1 DAGs
[2024-10-13T09:56:22.316+0000] {logging_mixin.py:149} INFO - [2024-10-13T09:56:22.316+0000] {dag.py:3490} INFO - Setting next_dagrun for example_kubernetes_executor to None, run_after=None
[2024-10-13T09:56:22.334+0000] {processor.py:178} INFO - Processing /home/airflow/.local/lib/python3.7/site-packages/airflow/example_dags/example_kubernetes_executor.py took 0.332 seconds
[2024-10-13T09:56:52.593+0000] {processor.py:156} INFO - Started process (PID=3629) to work on /home/airflow/.local/lib/python3.7/site-packages/airflow/example_dags/example_kubernetes_executor.py
[2024-10-13T09:56:52.594+0000] {processor.py:799} INFO - Processing file /home/airflow/.local/lib/python3.7/site-packages/airflow/example_dags/example_kubernetes_executor.py for tasks to queue
[2024-10-13T09:56:52.595+0000] {logging_mixin.py:149} INFO - [2024-10-13T09:56:52.595+0000] {dagbag.py:541} INFO - Filling up the DagBag from /home/airflow/.local/lib/python3.7/site-packages/airflow/example_dags/example_kubernetes_executor.py
[2024-10-13T09:56:52.824+0000] {processor.py:809} INFO - DAG(s) dict_keys(['example_kubernetes_executor']) retrieved from /home/airflow/.local/lib/python3.7/site-packages/airflow/example_dags/example_kubernetes_executor.py
[2024-10-13T09:56:52.985+0000] {logging_mixin.py:149} INFO - [2024-10-13T09:56:52.985+0000] {dag.py:2726} INFO - Sync 1 DAGs
[2024-10-13T09:56:53.015+0000] {logging_mixin.py:149} INFO - [2024-10-13T09:56:53.015+0000] {dag.py:3490} INFO - Setting next_dagrun for example_kubernetes_executor to None, run_after=None
[2024-10-13T09:56:53.035+0000] {processor.py:178} INFO - Processing /home/airflow/.local/lib/python3.7/site-packages/airflow/example_dags/example_kubernetes_executor.py took 0.445 seconds
[2024-10-13T09:57:23.242+0000] {processor.py:156} INFO - Started process (PID=3690) to work on /home/airflow/.local/lib/python3.7/site-packages/airflow/example_dags/example_kubernetes_executor.py
[2024-10-13T09:57:23.243+0000] {processor.py:799} INFO - Processing file /home/airflow/.local/lib/python3.7/site-packages/airflow/example_dags/example_kubernetes_executor.py for tasks to queue
[2024-10-13T09:57:23.244+0000] {logging_mixin.py:149} INFO - [2024-10-13T09:57:23.244+0000] {dagbag.py:541} INFO - Filling up the DagBag from /home/airflow/.local/lib/python3.7/site-packages/airflow/example_dags/example_kubernetes_executor.py
[2024-10-13T09:57:23.496+0000] {processor.py:809} INFO - DAG(s) dict_keys(['example_kubernetes_executor']) retrieved from /home/airflow/.local/lib/python3.7/site-packages/airflow/example_dags/example_kubernetes_executor.py
[2024-10-13T09:57:23.537+0000] {logging_mixin.py:149} INFO - [2024-10-13T09:57:23.536+0000] {dag.py:2726} INFO - Sync 1 DAGs
[2024-10-13T09:57:23.692+0000] {logging_mixin.py:149} INFO - [2024-10-13T09:57:23.692+0000] {dag.py:3490} INFO - Setting next_dagrun for example_kubernetes_executor to None, run_after=None
[2024-10-13T09:57:23.717+0000] {processor.py:178} INFO - Processing /home/airflow/.local/lib/python3.7/site-packages/airflow/example_dags/example_kubernetes_executor.py took 0.480 seconds
[2024-10-13T09:57:53.927+0000] {processor.py:156} INFO - Started process (PID=3751) to work on /home/airflow/.local/lib/python3.7/site-packages/airflow/example_dags/example_kubernetes_executor.py
[2024-10-13T09:57:53.928+0000] {processor.py:799} INFO - Processing file /home/airflow/.local/lib/python3.7/site-packages/airflow/example_dags/example_kubernetes_executor.py for tasks to queue
[2024-10-13T09:57:53.929+0000] {logging_mixin.py:149} INFO - [2024-10-13T09:57:53.929+0000] {dagbag.py:541} INFO - Filling up the DagBag from /home/airflow/.local/lib/python3.7/site-packages/airflow/example_dags/example_kubernetes_executor.py
[2024-10-13T09:57:54.162+0000] {processor.py:809} INFO - DAG(s) dict_keys(['example_kubernetes_executor']) retrieved from /home/airflow/.local/lib/python3.7/site-packages/airflow/example_dags/example_kubernetes_executor.py
[2024-10-13T09:57:54.203+0000] {logging_mixin.py:149} INFO - [2024-10-13T09:57:54.203+0000] {dag.py:2726} INFO - Sync 1 DAGs
[2024-10-13T09:57:54.230+0000] {logging_mixin.py:149} INFO - [2024-10-13T09:57:54.229+0000] {dag.py:3490} INFO - Setting next_dagrun for example_kubernetes_executor to None, run_after=None
[2024-10-13T09:57:54.407+0000] {processor.py:178} INFO - Processing /home/airflow/.local/lib/python3.7/site-packages/airflow/example_dags/example_kubernetes_executor.py took 0.483 seconds
[2024-10-13T14:18:51.017+0000] {processor.py:156} INFO - Started process (PID=81) to work on /home/airflow/.local/lib/python3.7/site-packages/airflow/example_dags/example_kubernetes_executor.py
[2024-10-13T14:18:51.018+0000] {processor.py:799} INFO - Processing file /home/airflow/.local/lib/python3.7/site-packages/airflow/example_dags/example_kubernetes_executor.py for tasks to queue
[2024-10-13T14:18:51.019+0000] {logging_mixin.py:149} INFO - [2024-10-13T14:18:51.019+0000] {dagbag.py:541} INFO - Filling up the DagBag from /home/airflow/.local/lib/python3.7/site-packages/airflow/example_dags/example_kubernetes_executor.py
[2024-10-13T14:18:52.543+0000] {processor.py:809} INFO - DAG(s) dict_keys(['example_kubernetes_executor']) retrieved from /home/airflow/.local/lib/python3.7/site-packages/airflow/example_dags/example_kubernetes_executor.py
[2024-10-13T14:18:52.559+0000] {logging_mixin.py:149} INFO - [2024-10-13T14:18:52.559+0000] {dag.py:2726} INFO - Sync 1 DAGs
[2024-10-13T14:18:52.592+0000] {logging_mixin.py:149} INFO - [2024-10-13T14:18:52.592+0000] {dag.py:3490} INFO - Setting next_dagrun for example_kubernetes_executor to None, run_after=None
[2024-10-13T14:18:52.615+0000] {processor.py:178} INFO - Processing /home/airflow/.local/lib/python3.7/site-packages/airflow/example_dags/example_kubernetes_executor.py took 1.602 seconds
[2024-10-13T14:19:22.679+0000] {processor.py:156} INFO - Started process (PID=142) to work on /home/airflow/.local/lib/python3.7/site-packages/airflow/example_dags/example_kubernetes_executor.py
[2024-10-13T14:19:22.680+0000] {processor.py:799} INFO - Processing file /home/airflow/.local/lib/python3.7/site-packages/airflow/example_dags/example_kubernetes_executor.py for tasks to queue
[2024-10-13T14:19:22.681+0000] {logging_mixin.py:149} INFO - [2024-10-13T14:19:22.681+0000] {dagbag.py:541} INFO - Filling up the DagBag from /home/airflow/.local/lib/python3.7/site-packages/airflow/example_dags/example_kubernetes_executor.py
[2024-10-13T14:19:23.054+0000] {processor.py:809} INFO - DAG(s) dict_keys(['example_kubernetes_executor']) retrieved from /home/airflow/.local/lib/python3.7/site-packages/airflow/example_dags/example_kubernetes_executor.py
[2024-10-13T14:19:23.118+0000] {logging_mixin.py:149} INFO - [2024-10-13T14:19:23.117+0000] {dag.py:2726} INFO - Sync 1 DAGs
[2024-10-13T14:19:23.159+0000] {logging_mixin.py:149} INFO - [2024-10-13T14:19:23.159+0000] {dag.py:3490} INFO - Setting next_dagrun for example_kubernetes_executor to None, run_after=None
[2024-10-13T14:19:23.185+0000] {processor.py:178} INFO - Processing /home/airflow/.local/lib/python3.7/site-packages/airflow/example_dags/example_kubernetes_executor.py took 0.509 seconds
[2024-10-13T14:19:53.234+0000] {processor.py:156} INFO - Started process (PID=203) to work on /home/airflow/.local/lib/python3.7/site-packages/airflow/example_dags/example_kubernetes_executor.py
[2024-10-13T14:19:53.236+0000] {processor.py:799} INFO - Processing file /home/airflow/.local/lib/python3.7/site-packages/airflow/example_dags/example_kubernetes_executor.py for tasks to queue
[2024-10-13T14:19:53.237+0000] {logging_mixin.py:149} INFO - [2024-10-13T14:19:53.237+0000] {dagbag.py:541} INFO - Filling up the DagBag from /home/airflow/.local/lib/python3.7/site-packages/airflow/example_dags/example_kubernetes_executor.py
[2024-10-13T14:19:53.565+0000] {processor.py:809} INFO - DAG(s) dict_keys(['example_kubernetes_executor']) retrieved from /home/airflow/.local/lib/python3.7/site-packages/airflow/example_dags/example_kubernetes_executor.py
[2024-10-13T14:19:53.616+0000] {logging_mixin.py:149} INFO - [2024-10-13T14:19:53.615+0000] {dag.py:2726} INFO - Sync 1 DAGs
[2024-10-13T14:19:53.653+0000] {logging_mixin.py:149} INFO - [2024-10-13T14:19:53.652+0000] {dag.py:3490} INFO - Setting next_dagrun for example_kubernetes_executor to None, run_after=None
[2024-10-13T14:19:53.677+0000] {processor.py:178} INFO - Processing /home/airflow/.local/lib/python3.7/site-packages/airflow/example_dags/example_kubernetes_executor.py took 0.449 seconds
[2024-10-13T14:20:23.837+0000] {processor.py:156} INFO - Started process (PID=264) to work on /home/airflow/.local/lib/python3.7/site-packages/airflow/example_dags/example_kubernetes_executor.py
[2024-10-13T14:20:23.838+0000] {processor.py:799} INFO - Processing file /home/airflow/.local/lib/python3.7/site-packages/airflow/example_dags/example_kubernetes_executor.py for tasks to queue
[2024-10-13T14:20:23.839+0000] {logging_mixin.py:149} INFO - [2024-10-13T14:20:23.839+0000] {dagbag.py:541} INFO - Filling up the DagBag from /home/airflow/.local/lib/python3.7/site-packages/airflow/example_dags/example_kubernetes_executor.py
[2024-10-13T14:20:24.087+0000] {processor.py:809} INFO - DAG(s) dict_keys(['example_kubernetes_executor']) retrieved from /home/airflow/.local/lib/python3.7/site-packages/airflow/example_dags/example_kubernetes_executor.py
[2024-10-13T14:20:24.126+0000] {logging_mixin.py:149} INFO - [2024-10-13T14:20:24.126+0000] {dag.py:2726} INFO - Sync 1 DAGs
[2024-10-13T14:20:24.157+0000] {logging_mixin.py:149} INFO - [2024-10-13T14:20:24.157+0000] {dag.py:3490} INFO - Setting next_dagrun for example_kubernetes_executor to None, run_after=None
[2024-10-13T14:20:24.181+0000] {processor.py:178} INFO - Processing /home/airflow/.local/lib/python3.7/site-packages/airflow/example_dags/example_kubernetes_executor.py took 0.347 seconds
[2024-10-13T14:20:54.391+0000] {processor.py:156} INFO - Started process (PID=324) to work on /home/airflow/.local/lib/python3.7/site-packages/airflow/example_dags/example_kubernetes_executor.py
[2024-10-13T14:20:54.392+0000] {processor.py:799} INFO - Processing file /home/airflow/.local/lib/python3.7/site-packages/airflow/example_dags/example_kubernetes_executor.py for tasks to queue
[2024-10-13T14:20:54.392+0000] {logging_mixin.py:149} INFO - [2024-10-13T14:20:54.392+0000] {dagbag.py:541} INFO - Filling up the DagBag from /home/airflow/.local/lib/python3.7/site-packages/airflow/example_dags/example_kubernetes_executor.py
[2024-10-13T14:20:54.637+0000] {processor.py:809} INFO - DAG(s) dict_keys(['example_kubernetes_executor']) retrieved from /home/airflow/.local/lib/python3.7/site-packages/airflow/example_dags/example_kubernetes_executor.py
[2024-10-13T14:20:54.676+0000] {logging_mixin.py:149} INFO - [2024-10-13T14:20:54.676+0000] {dag.py:2726} INFO - Sync 1 DAGs
[2024-10-13T14:20:54.703+0000] {logging_mixin.py:149} INFO - [2024-10-13T14:20:54.703+0000] {dag.py:3490} INFO - Setting next_dagrun for example_kubernetes_executor to None, run_after=None
[2024-10-13T14:20:54.726+0000] {processor.py:178} INFO - Processing /home/airflow/.local/lib/python3.7/site-packages/airflow/example_dags/example_kubernetes_executor.py took 0.339 seconds
[2024-10-13T14:21:25.313+0000] {processor.py:156} INFO - Started process (PID=385) to work on /home/airflow/.local/lib/python3.7/site-packages/airflow/example_dags/example_kubernetes_executor.py
[2024-10-13T14:21:25.314+0000] {processor.py:799} INFO - Processing file /home/airflow/.local/lib/python3.7/site-packages/airflow/example_dags/example_kubernetes_executor.py for tasks to queue
[2024-10-13T14:21:25.316+0000] {logging_mixin.py:149} INFO - [2024-10-13T14:21:25.315+0000] {dagbag.py:541} INFO - Filling up the DagBag from /home/airflow/.local/lib/python3.7/site-packages/airflow/example_dags/example_kubernetes_executor.py
[2024-10-13T14:21:25.666+0000] {processor.py:809} INFO - DAG(s) dict_keys(['example_kubernetes_executor']) retrieved from /home/airflow/.local/lib/python3.7/site-packages/airflow/example_dags/example_kubernetes_executor.py
[2024-10-13T14:21:25.718+0000] {logging_mixin.py:149} INFO - [2024-10-13T14:21:25.718+0000] {dag.py:2726} INFO - Sync 1 DAGs
[2024-10-13T14:21:25.768+0000] {logging_mixin.py:149} INFO - [2024-10-13T14:21:25.768+0000] {dag.py:3490} INFO - Setting next_dagrun for example_kubernetes_executor to None, run_after=None
[2024-10-13T14:21:25.804+0000] {processor.py:178} INFO - Processing /home/airflow/.local/lib/python3.7/site-packages/airflow/example_dags/example_kubernetes_executor.py took 0.496 seconds
[2024-10-13T14:21:56.637+0000] {processor.py:156} INFO - Started process (PID=446) to work on /home/airflow/.local/lib/python3.7/site-packages/airflow/example_dags/example_kubernetes_executor.py
[2024-10-13T14:21:56.640+0000] {processor.py:799} INFO - Processing file /home/airflow/.local/lib/python3.7/site-packages/airflow/example_dags/example_kubernetes_executor.py for tasks to queue
[2024-10-13T14:21:56.642+0000] {logging_mixin.py:149} INFO - [2024-10-13T14:21:56.641+0000] {dagbag.py:541} INFO - Filling up the DagBag from /home/airflow/.local/lib/python3.7/site-packages/airflow/example_dags/example_kubernetes_executor.py
[2024-10-13T14:21:56.935+0000] {processor.py:809} INFO - DAG(s) dict_keys(['example_kubernetes_executor']) retrieved from /home/airflow/.local/lib/python3.7/site-packages/airflow/example_dags/example_kubernetes_executor.py
[2024-10-13T14:21:56.976+0000] {logging_mixin.py:149} INFO - [2024-10-13T14:21:56.976+0000] {dag.py:2726} INFO - Sync 1 DAGs
[2024-10-13T14:21:57.004+0000] {logging_mixin.py:149} INFO - [2024-10-13T14:21:57.004+0000] {dag.py:3490} INFO - Setting next_dagrun for example_kubernetes_executor to None, run_after=None
[2024-10-13T14:21:57.030+0000] {processor.py:178} INFO - Processing /home/airflow/.local/lib/python3.7/site-packages/airflow/example_dags/example_kubernetes_executor.py took 0.399 seconds
[2024-10-13T14:22:27.116+0000] {processor.py:156} INFO - Started process (PID=507) to work on /home/airflow/.local/lib/python3.7/site-packages/airflow/example_dags/example_kubernetes_executor.py
[2024-10-13T14:22:27.117+0000] {processor.py:799} INFO - Processing file /home/airflow/.local/lib/python3.7/site-packages/airflow/example_dags/example_kubernetes_executor.py for tasks to queue
[2024-10-13T14:22:27.117+0000] {logging_mixin.py:149} INFO - [2024-10-13T14:22:27.117+0000] {dagbag.py:541} INFO - Filling up the DagBag from /home/airflow/.local/lib/python3.7/site-packages/airflow/example_dags/example_kubernetes_executor.py
[2024-10-13T14:22:27.361+0000] {processor.py:809} INFO - DAG(s) dict_keys(['example_kubernetes_executor']) retrieved from /home/airflow/.local/lib/python3.7/site-packages/airflow/example_dags/example_kubernetes_executor.py
[2024-10-13T14:22:27.412+0000] {logging_mixin.py:149} INFO - [2024-10-13T14:22:27.411+0000] {dag.py:2726} INFO - Sync 1 DAGs
[2024-10-13T14:22:27.450+0000] {logging_mixin.py:149} INFO - [2024-10-13T14:22:27.450+0000] {dag.py:3490} INFO - Setting next_dagrun for example_kubernetes_executor to None, run_after=None
[2024-10-13T14:22:27.474+0000] {processor.py:178} INFO - Processing /home/airflow/.local/lib/python3.7/site-packages/airflow/example_dags/example_kubernetes_executor.py took 0.362 seconds
[2024-10-13T14:22:57.886+0000] {processor.py:156} INFO - Started process (PID=568) to work on /home/airflow/.local/lib/python3.7/site-packages/airflow/example_dags/example_kubernetes_executor.py
[2024-10-13T14:22:57.887+0000] {processor.py:799} INFO - Processing file /home/airflow/.local/lib/python3.7/site-packages/airflow/example_dags/example_kubernetes_executor.py for tasks to queue
[2024-10-13T14:22:57.887+0000] {logging_mixin.py:149} INFO - [2024-10-13T14:22:57.887+0000] {dagbag.py:541} INFO - Filling up the DagBag from /home/airflow/.local/lib/python3.7/site-packages/airflow/example_dags/example_kubernetes_executor.py
[2024-10-13T14:22:58.155+0000] {processor.py:809} INFO - DAG(s) dict_keys(['example_kubernetes_executor']) retrieved from /home/airflow/.local/lib/python3.7/site-packages/airflow/example_dags/example_kubernetes_executor.py
[2024-10-13T14:22:58.197+0000] {logging_mixin.py:149} INFO - [2024-10-13T14:22:58.197+0000] {dag.py:2726} INFO - Sync 1 DAGs
[2024-10-13T14:22:58.229+0000] {logging_mixin.py:149} INFO - [2024-10-13T14:22:58.229+0000] {dag.py:3490} INFO - Setting next_dagrun for example_kubernetes_executor to None, run_after=None
[2024-10-13T14:22:58.253+0000] {processor.py:178} INFO - Processing /home/airflow/.local/lib/python3.7/site-packages/airflow/example_dags/example_kubernetes_executor.py took 0.370 seconds
[2024-10-13T14:23:29.109+0000] {processor.py:156} INFO - Started process (PID=629) to work on /home/airflow/.local/lib/python3.7/site-packages/airflow/example_dags/example_kubernetes_executor.py
[2024-10-13T14:23:29.110+0000] {processor.py:799} INFO - Processing file /home/airflow/.local/lib/python3.7/site-packages/airflow/example_dags/example_kubernetes_executor.py for tasks to queue
[2024-10-13T14:23:29.111+0000] {logging_mixin.py:149} INFO - [2024-10-13T14:23:29.110+0000] {dagbag.py:541} INFO - Filling up the DagBag from /home/airflow/.local/lib/python3.7/site-packages/airflow/example_dags/example_kubernetes_executor.py
[2024-10-13T14:23:29.377+0000] {processor.py:809} INFO - DAG(s) dict_keys(['example_kubernetes_executor']) retrieved from /home/airflow/.local/lib/python3.7/site-packages/airflow/example_dags/example_kubernetes_executor.py
[2024-10-13T14:23:29.422+0000] {logging_mixin.py:149} INFO - [2024-10-13T14:23:29.421+0000] {dag.py:2726} INFO - Sync 1 DAGs
[2024-10-13T14:23:29.454+0000] {logging_mixin.py:149} INFO - [2024-10-13T14:23:29.453+0000] {dag.py:3490} INFO - Setting next_dagrun for example_kubernetes_executor to None, run_after=None
[2024-10-13T14:23:29.476+0000] {processor.py:178} INFO - Processing /home/airflow/.local/lib/python3.7/site-packages/airflow/example_dags/example_kubernetes_executor.py took 0.372 seconds
