[2024-10-13T09:27:09.827+0000] {processor.py:156} INFO - Started process (PID=63) to work on /home/airflow/.local/lib/python3.7/site-packages/airflow/example_dags/example_xcom.py
[2024-10-13T09:27:09.828+0000] {processor.py:799} INFO - Processing file /home/airflow/.local/lib/python3.7/site-packages/airflow/example_dags/example_xcom.py for tasks to queue
[2024-10-13T09:27:09.829+0000] {logging_mixin.py:149} INFO - [2024-10-13T09:27:09.829+0000] {dagbag.py:541} INFO - Filling up the DagBag from /home/airflow/.local/lib/python3.7/site-packages/airflow/example_dags/example_xcom.py
[2024-10-13T09:27:09.848+0000] {processor.py:809} INFO - DAG(s) dict_keys(['example_xcom']) retrieved from /home/airflow/.local/lib/python3.7/site-packages/airflow/example_dags/example_xcom.py
[2024-10-13T09:27:10.104+0000] {logging_mixin.py:149} INFO - [2024-10-13T09:27:10.104+0000] {manager.py:504} INFO - Created Permission View: can edit on DAG:example_xcom
[2024-10-13T09:27:10.127+0000] {logging_mixin.py:149} INFO - [2024-10-13T09:27:10.127+0000] {manager.py:504} INFO - Created Permission View: can read on DAG:example_xcom
[2024-10-13T09:27:10.140+0000] {logging_mixin.py:149} INFO - [2024-10-13T09:27:10.139+0000] {manager.py:504} INFO - Created Permission View: can delete on DAG:example_xcom
[2024-10-13T09:27:10.140+0000] {logging_mixin.py:149} INFO - [2024-10-13T09:27:10.140+0000] {dag.py:2726} INFO - Sync 1 DAGs
[2024-10-13T09:27:10.164+0000] {logging_mixin.py:149} INFO - [2024-10-13T09:27:10.164+0000] {dag.py:2747} INFO - Creating ORM DAG for example_xcom
[2024-10-13T09:27:10.182+0000] {logging_mixin.py:149} INFO - [2024-10-13T09:27:10.181+0000] {dag.py:3490} INFO - Setting next_dagrun for example_xcom to 2021-01-01T00:00:00+00:00, run_after=2021-01-01T00:00:00+00:00
[2024-10-13T09:27:10.218+0000] {processor.py:178} INFO - Processing /home/airflow/.local/lib/python3.7/site-packages/airflow/example_dags/example_xcom.py took 0.397 seconds
[2024-10-13T09:27:40.675+0000] {processor.py:156} INFO - Started process (PID=124) to work on /home/airflow/.local/lib/python3.7/site-packages/airflow/example_dags/example_xcom.py
[2024-10-13T09:27:40.675+0000] {processor.py:799} INFO - Processing file /home/airflow/.local/lib/python3.7/site-packages/airflow/example_dags/example_xcom.py for tasks to queue
[2024-10-13T09:27:40.676+0000] {logging_mixin.py:149} INFO - [2024-10-13T09:27:40.676+0000] {dagbag.py:541} INFO - Filling up the DagBag from /home/airflow/.local/lib/python3.7/site-packages/airflow/example_dags/example_xcom.py
[2024-10-13T09:27:40.684+0000] {processor.py:809} INFO - DAG(s) dict_keys(['example_xcom']) retrieved from /home/airflow/.local/lib/python3.7/site-packages/airflow/example_dags/example_xcom.py
[2024-10-13T09:27:40.713+0000] {logging_mixin.py:149} INFO - [2024-10-13T09:27:40.713+0000] {dag.py:2726} INFO - Sync 1 DAGs
[2024-10-13T09:27:40.741+0000] {logging_mixin.py:149} INFO - [2024-10-13T09:27:40.741+0000] {dag.py:3490} INFO - Setting next_dagrun for example_xcom to 2021-01-01T00:00:00+00:00, run_after=2021-01-01T00:00:00+00:00
[2024-10-13T09:27:40.760+0000] {processor.py:178} INFO - Processing /home/airflow/.local/lib/python3.7/site-packages/airflow/example_dags/example_xcom.py took 0.089 seconds
[2024-10-13T09:28:11.017+0000] {processor.py:156} INFO - Started process (PID=185) to work on /home/airflow/.local/lib/python3.7/site-packages/airflow/example_dags/example_xcom.py
[2024-10-13T09:28:11.018+0000] {processor.py:799} INFO - Processing file /home/airflow/.local/lib/python3.7/site-packages/airflow/example_dags/example_xcom.py for tasks to queue
[2024-10-13T09:28:11.019+0000] {logging_mixin.py:149} INFO - [2024-10-13T09:28:11.019+0000] {dagbag.py:541} INFO - Filling up the DagBag from /home/airflow/.local/lib/python3.7/site-packages/airflow/example_dags/example_xcom.py
[2024-10-13T09:28:11.027+0000] {processor.py:809} INFO - DAG(s) dict_keys(['example_xcom']) retrieved from /home/airflow/.local/lib/python3.7/site-packages/airflow/example_dags/example_xcom.py
[2024-10-13T09:28:11.057+0000] {logging_mixin.py:149} INFO - [2024-10-13T09:28:11.057+0000] {dag.py:2726} INFO - Sync 1 DAGs
[2024-10-13T09:28:11.086+0000] {logging_mixin.py:149} INFO - [2024-10-13T09:28:11.085+0000] {dag.py:3490} INFO - Setting next_dagrun for example_xcom to 2021-01-01T00:00:00+00:00, run_after=2021-01-01T00:00:00+00:00
[2024-10-13T09:28:11.107+0000] {processor.py:178} INFO - Processing /home/airflow/.local/lib/python3.7/site-packages/airflow/example_dags/example_xcom.py took 0.094 seconds
[2024-10-13T09:28:41.368+0000] {processor.py:156} INFO - Started process (PID=246) to work on /home/airflow/.local/lib/python3.7/site-packages/airflow/example_dags/example_xcom.py
[2024-10-13T09:28:41.369+0000] {processor.py:799} INFO - Processing file /home/airflow/.local/lib/python3.7/site-packages/airflow/example_dags/example_xcom.py for tasks to queue
[2024-10-13T09:28:41.370+0000] {logging_mixin.py:149} INFO - [2024-10-13T09:28:41.370+0000] {dagbag.py:541} INFO - Filling up the DagBag from /home/airflow/.local/lib/python3.7/site-packages/airflow/example_dags/example_xcom.py
[2024-10-13T09:28:41.379+0000] {processor.py:809} INFO - DAG(s) dict_keys(['example_xcom']) retrieved from /home/airflow/.local/lib/python3.7/site-packages/airflow/example_dags/example_xcom.py
[2024-10-13T09:28:41.409+0000] {logging_mixin.py:149} INFO - [2024-10-13T09:28:41.409+0000] {dag.py:2726} INFO - Sync 1 DAGs
[2024-10-13T09:28:41.447+0000] {logging_mixin.py:149} INFO - [2024-10-13T09:28:41.446+0000] {dag.py:3490} INFO - Setting next_dagrun for example_xcom to 2021-01-01T00:00:00+00:00, run_after=2021-01-01T00:00:00+00:00
[2024-10-13T09:28:41.475+0000] {processor.py:178} INFO - Processing /home/airflow/.local/lib/python3.7/site-packages/airflow/example_dags/example_xcom.py took 0.111 seconds
[2024-10-13T09:29:11.682+0000] {processor.py:156} INFO - Started process (PID=307) to work on /home/airflow/.local/lib/python3.7/site-packages/airflow/example_dags/example_xcom.py
[2024-10-13T09:29:11.684+0000] {processor.py:799} INFO - Processing file /home/airflow/.local/lib/python3.7/site-packages/airflow/example_dags/example_xcom.py for tasks to queue
[2024-10-13T09:29:11.685+0000] {logging_mixin.py:149} INFO - [2024-10-13T09:29:11.685+0000] {dagbag.py:541} INFO - Filling up the DagBag from /home/airflow/.local/lib/python3.7/site-packages/airflow/example_dags/example_xcom.py
[2024-10-13T09:29:11.697+0000] {processor.py:809} INFO - DAG(s) dict_keys(['example_xcom']) retrieved from /home/airflow/.local/lib/python3.7/site-packages/airflow/example_dags/example_xcom.py
[2024-10-13T09:29:11.736+0000] {logging_mixin.py:149} INFO - [2024-10-13T09:29:11.736+0000] {dag.py:2726} INFO - Sync 1 DAGs
[2024-10-13T09:29:11.769+0000] {logging_mixin.py:149} INFO - [2024-10-13T09:29:11.768+0000] {dag.py:3490} INFO - Setting next_dagrun for example_xcom to 2021-01-01T00:00:00+00:00, run_after=2021-01-01T00:00:00+00:00
[2024-10-13T09:29:11.791+0000] {processor.py:178} INFO - Processing /home/airflow/.local/lib/python3.7/site-packages/airflow/example_dags/example_xcom.py took 0.113 seconds
[2024-10-13T09:29:42.316+0000] {processor.py:156} INFO - Started process (PID=368) to work on /home/airflow/.local/lib/python3.7/site-packages/airflow/example_dags/example_xcom.py
[2024-10-13T09:29:42.317+0000] {processor.py:799} INFO - Processing file /home/airflow/.local/lib/python3.7/site-packages/airflow/example_dags/example_xcom.py for tasks to queue
[2024-10-13T09:29:42.317+0000] {logging_mixin.py:149} INFO - [2024-10-13T09:29:42.317+0000] {dagbag.py:541} INFO - Filling up the DagBag from /home/airflow/.local/lib/python3.7/site-packages/airflow/example_dags/example_xcom.py
[2024-10-13T09:29:42.325+0000] {processor.py:809} INFO - DAG(s) dict_keys(['example_xcom']) retrieved from /home/airflow/.local/lib/python3.7/site-packages/airflow/example_dags/example_xcom.py
[2024-10-13T09:29:42.353+0000] {logging_mixin.py:149} INFO - [2024-10-13T09:29:42.353+0000] {dag.py:2726} INFO - Sync 1 DAGs
[2024-10-13T09:29:42.400+0000] {logging_mixin.py:149} INFO - [2024-10-13T09:29:42.400+0000] {dag.py:3490} INFO - Setting next_dagrun for example_xcom to 2021-01-01T00:00:00+00:00, run_after=2021-01-01T00:00:00+00:00
[2024-10-13T09:29:42.424+0000] {processor.py:178} INFO - Processing /home/airflow/.local/lib/python3.7/site-packages/airflow/example_dags/example_xcom.py took 0.111 seconds
[2024-10-13T09:30:12.533+0000] {processor.py:156} INFO - Started process (PID=429) to work on /home/airflow/.local/lib/python3.7/site-packages/airflow/example_dags/example_xcom.py
[2024-10-13T09:30:12.533+0000] {processor.py:799} INFO - Processing file /home/airflow/.local/lib/python3.7/site-packages/airflow/example_dags/example_xcom.py for tasks to queue
[2024-10-13T09:30:12.534+0000] {logging_mixin.py:149} INFO - [2024-10-13T09:30:12.534+0000] {dagbag.py:541} INFO - Filling up the DagBag from /home/airflow/.local/lib/python3.7/site-packages/airflow/example_dags/example_xcom.py
[2024-10-13T09:30:12.542+0000] {processor.py:809} INFO - DAG(s) dict_keys(['example_xcom']) retrieved from /home/airflow/.local/lib/python3.7/site-packages/airflow/example_dags/example_xcom.py
[2024-10-13T09:30:12.570+0000] {logging_mixin.py:149} INFO - [2024-10-13T09:30:12.569+0000] {dag.py:2726} INFO - Sync 1 DAGs
[2024-10-13T09:30:12.598+0000] {logging_mixin.py:149} INFO - [2024-10-13T09:30:12.598+0000] {dag.py:3490} INFO - Setting next_dagrun for example_xcom to 2021-01-01T00:00:00+00:00, run_after=2021-01-01T00:00:00+00:00
[2024-10-13T09:30:12.619+0000] {processor.py:178} INFO - Processing /home/airflow/.local/lib/python3.7/site-packages/airflow/example_dags/example_xcom.py took 0.090 seconds
[2024-10-13T09:30:43.162+0000] {processor.py:156} INFO - Started process (PID=490) to work on /home/airflow/.local/lib/python3.7/site-packages/airflow/example_dags/example_xcom.py
[2024-10-13T09:30:43.164+0000] {processor.py:799} INFO - Processing file /home/airflow/.local/lib/python3.7/site-packages/airflow/example_dags/example_xcom.py for tasks to queue
[2024-10-13T09:30:43.165+0000] {logging_mixin.py:149} INFO - [2024-10-13T09:30:43.165+0000] {dagbag.py:541} INFO - Filling up the DagBag from /home/airflow/.local/lib/python3.7/site-packages/airflow/example_dags/example_xcom.py
[2024-10-13T09:30:43.174+0000] {processor.py:809} INFO - DAG(s) dict_keys(['example_xcom']) retrieved from /home/airflow/.local/lib/python3.7/site-packages/airflow/example_dags/example_xcom.py
[2024-10-13T09:30:43.208+0000] {logging_mixin.py:149} INFO - [2024-10-13T09:30:43.208+0000] {dag.py:2726} INFO - Sync 1 DAGs
[2024-10-13T09:30:43.238+0000] {logging_mixin.py:149} INFO - [2024-10-13T09:30:43.238+0000] {dag.py:3490} INFO - Setting next_dagrun for example_xcom to 2021-01-01T00:00:00+00:00, run_after=2021-01-01T00:00:00+00:00
[2024-10-13T09:30:43.258+0000] {processor.py:178} INFO - Processing /home/airflow/.local/lib/python3.7/site-packages/airflow/example_dags/example_xcom.py took 0.101 seconds
[2024-10-13T09:31:13.753+0000] {processor.py:156} INFO - Started process (PID=551) to work on /home/airflow/.local/lib/python3.7/site-packages/airflow/example_dags/example_xcom.py
[2024-10-13T09:31:13.755+0000] {processor.py:799} INFO - Processing file /home/airflow/.local/lib/python3.7/site-packages/airflow/example_dags/example_xcom.py for tasks to queue
[2024-10-13T09:31:13.757+0000] {logging_mixin.py:149} INFO - [2024-10-13T09:31:13.757+0000] {dagbag.py:541} INFO - Filling up the DagBag from /home/airflow/.local/lib/python3.7/site-packages/airflow/example_dags/example_xcom.py
[2024-10-13T09:31:13.769+0000] {processor.py:809} INFO - DAG(s) dict_keys(['example_xcom']) retrieved from /home/airflow/.local/lib/python3.7/site-packages/airflow/example_dags/example_xcom.py
[2024-10-13T09:31:13.814+0000] {logging_mixin.py:149} INFO - [2024-10-13T09:31:13.814+0000] {dag.py:2726} INFO - Sync 1 DAGs
[2024-10-13T09:31:13.858+0000] {logging_mixin.py:149} INFO - [2024-10-13T09:31:13.858+0000] {dag.py:3490} INFO - Setting next_dagrun for example_xcom to 2021-01-01T00:00:00+00:00, run_after=2021-01-01T00:00:00+00:00
[2024-10-13T09:31:13.889+0000] {processor.py:178} INFO - Processing /home/airflow/.local/lib/python3.7/site-packages/airflow/example_dags/example_xcom.py took 0.143 seconds
[2024-10-13T09:31:44.209+0000] {processor.py:156} INFO - Started process (PID=612) to work on /home/airflow/.local/lib/python3.7/site-packages/airflow/example_dags/example_xcom.py
[2024-10-13T09:31:44.211+0000] {processor.py:799} INFO - Processing file /home/airflow/.local/lib/python3.7/site-packages/airflow/example_dags/example_xcom.py for tasks to queue
[2024-10-13T09:31:44.211+0000] {logging_mixin.py:149} INFO - [2024-10-13T09:31:44.211+0000] {dagbag.py:541} INFO - Filling up the DagBag from /home/airflow/.local/lib/python3.7/site-packages/airflow/example_dags/example_xcom.py
[2024-10-13T09:31:44.220+0000] {processor.py:809} INFO - DAG(s) dict_keys(['example_xcom']) retrieved from /home/airflow/.local/lib/python3.7/site-packages/airflow/example_dags/example_xcom.py
[2024-10-13T09:31:44.249+0000] {logging_mixin.py:149} INFO - [2024-10-13T09:31:44.249+0000] {dag.py:2726} INFO - Sync 1 DAGs
[2024-10-13T09:31:44.281+0000] {logging_mixin.py:149} INFO - [2024-10-13T09:31:44.281+0000] {dag.py:3490} INFO - Setting next_dagrun for example_xcom to 2021-01-01T00:00:00+00:00, run_after=2021-01-01T00:00:00+00:00
[2024-10-13T09:31:44.302+0000] {processor.py:178} INFO - Processing /home/airflow/.local/lib/python3.7/site-packages/airflow/example_dags/example_xcom.py took 0.097 seconds
[2024-10-13T09:32:14.534+0000] {processor.py:156} INFO - Started process (PID=673) to work on /home/airflow/.local/lib/python3.7/site-packages/airflow/example_dags/example_xcom.py
[2024-10-13T09:32:14.535+0000] {processor.py:799} INFO - Processing file /home/airflow/.local/lib/python3.7/site-packages/airflow/example_dags/example_xcom.py for tasks to queue
[2024-10-13T09:32:14.535+0000] {logging_mixin.py:149} INFO - [2024-10-13T09:32:14.535+0000] {dagbag.py:541} INFO - Filling up the DagBag from /home/airflow/.local/lib/python3.7/site-packages/airflow/example_dags/example_xcom.py
[2024-10-13T09:32:14.543+0000] {processor.py:809} INFO - DAG(s) dict_keys(['example_xcom']) retrieved from /home/airflow/.local/lib/python3.7/site-packages/airflow/example_dags/example_xcom.py
[2024-10-13T09:32:14.570+0000] {logging_mixin.py:149} INFO - [2024-10-13T09:32:14.570+0000] {dag.py:2726} INFO - Sync 1 DAGs
[2024-10-13T09:32:14.597+0000] {logging_mixin.py:149} INFO - [2024-10-13T09:32:14.597+0000] {dag.py:3490} INFO - Setting next_dagrun for example_xcom to 2021-01-01T00:00:00+00:00, run_after=2021-01-01T00:00:00+00:00
[2024-10-13T09:32:14.616+0000] {processor.py:178} INFO - Processing /home/airflow/.local/lib/python3.7/site-packages/airflow/example_dags/example_xcom.py took 0.086 seconds
[2024-10-13T09:32:44.756+0000] {processor.py:156} INFO - Started process (PID=734) to work on /home/airflow/.local/lib/python3.7/site-packages/airflow/example_dags/example_xcom.py
[2024-10-13T09:32:44.757+0000] {processor.py:799} INFO - Processing file /home/airflow/.local/lib/python3.7/site-packages/airflow/example_dags/example_xcom.py for tasks to queue
[2024-10-13T09:32:44.758+0000] {logging_mixin.py:149} INFO - [2024-10-13T09:32:44.758+0000] {dagbag.py:541} INFO - Filling up the DagBag from /home/airflow/.local/lib/python3.7/site-packages/airflow/example_dags/example_xcom.py
[2024-10-13T09:32:44.765+0000] {processor.py:809} INFO - DAG(s) dict_keys(['example_xcom']) retrieved from /home/airflow/.local/lib/python3.7/site-packages/airflow/example_dags/example_xcom.py
[2024-10-13T09:32:44.799+0000] {logging_mixin.py:149} INFO - [2024-10-13T09:32:44.799+0000] {dag.py:2726} INFO - Sync 1 DAGs
[2024-10-13T09:32:44.829+0000] {logging_mixin.py:149} INFO - [2024-10-13T09:32:44.829+0000] {dag.py:3490} INFO - Setting next_dagrun for example_xcom to 2021-01-01T00:00:00+00:00, run_after=2021-01-01T00:00:00+00:00
[2024-10-13T09:32:44.847+0000] {processor.py:178} INFO - Processing /home/airflow/.local/lib/python3.7/site-packages/airflow/example_dags/example_xcom.py took 0.096 seconds
[2024-10-13T09:33:15.488+0000] {processor.py:156} INFO - Started process (PID=795) to work on /home/airflow/.local/lib/python3.7/site-packages/airflow/example_dags/example_xcom.py
[2024-10-13T09:33:15.489+0000] {processor.py:799} INFO - Processing file /home/airflow/.local/lib/python3.7/site-packages/airflow/example_dags/example_xcom.py for tasks to queue
[2024-10-13T09:33:15.490+0000] {logging_mixin.py:149} INFO - [2024-10-13T09:33:15.490+0000] {dagbag.py:541} INFO - Filling up the DagBag from /home/airflow/.local/lib/python3.7/site-packages/airflow/example_dags/example_xcom.py
[2024-10-13T09:33:15.499+0000] {processor.py:809} INFO - DAG(s) dict_keys(['example_xcom']) retrieved from /home/airflow/.local/lib/python3.7/site-packages/airflow/example_dags/example_xcom.py
[2024-10-13T09:33:15.533+0000] {logging_mixin.py:149} INFO - [2024-10-13T09:33:15.533+0000] {dag.py:2726} INFO - Sync 1 DAGs
[2024-10-13T09:33:15.592+0000] {logging_mixin.py:149} INFO - [2024-10-13T09:33:15.591+0000] {dag.py:3490} INFO - Setting next_dagrun for example_xcom to 2021-01-01T00:00:00+00:00, run_after=2021-01-01T00:00:00+00:00
[2024-10-13T09:33:15.635+0000] {processor.py:178} INFO - Processing /home/airflow/.local/lib/python3.7/site-packages/airflow/example_dags/example_xcom.py took 0.152 seconds
[2024-10-13T09:33:46.513+0000] {processor.py:156} INFO - Started process (PID=857) to work on /home/airflow/.local/lib/python3.7/site-packages/airflow/example_dags/example_xcom.py
[2024-10-13T09:33:46.514+0000] {processor.py:799} INFO - Processing file /home/airflow/.local/lib/python3.7/site-packages/airflow/example_dags/example_xcom.py for tasks to queue
[2024-10-13T09:33:46.514+0000] {logging_mixin.py:149} INFO - [2024-10-13T09:33:46.514+0000] {dagbag.py:541} INFO - Filling up the DagBag from /home/airflow/.local/lib/python3.7/site-packages/airflow/example_dags/example_xcom.py
[2024-10-13T09:33:46.522+0000] {processor.py:809} INFO - DAG(s) dict_keys(['example_xcom']) retrieved from /home/airflow/.local/lib/python3.7/site-packages/airflow/example_dags/example_xcom.py
[2024-10-13T09:33:46.554+0000] {logging_mixin.py:149} INFO - [2024-10-13T09:33:46.554+0000] {dag.py:2726} INFO - Sync 1 DAGs
[2024-10-13T09:33:46.587+0000] {logging_mixin.py:149} INFO - [2024-10-13T09:33:46.587+0000] {dag.py:3490} INFO - Setting next_dagrun for example_xcom to 2021-01-01T00:00:00+00:00, run_after=2021-01-01T00:00:00+00:00
[2024-10-13T09:33:46.609+0000] {processor.py:178} INFO - Processing /home/airflow/.local/lib/python3.7/site-packages/airflow/example_dags/example_xcom.py took 0.100 seconds
[2024-10-13T09:34:17.134+0000] {processor.py:156} INFO - Started process (PID=918) to work on /home/airflow/.local/lib/python3.7/site-packages/airflow/example_dags/example_xcom.py
[2024-10-13T09:34:17.136+0000] {processor.py:799} INFO - Processing file /home/airflow/.local/lib/python3.7/site-packages/airflow/example_dags/example_xcom.py for tasks to queue
[2024-10-13T09:34:17.136+0000] {logging_mixin.py:149} INFO - [2024-10-13T09:34:17.136+0000] {dagbag.py:541} INFO - Filling up the DagBag from /home/airflow/.local/lib/python3.7/site-packages/airflow/example_dags/example_xcom.py
[2024-10-13T09:34:17.145+0000] {processor.py:809} INFO - DAG(s) dict_keys(['example_xcom']) retrieved from /home/airflow/.local/lib/python3.7/site-packages/airflow/example_dags/example_xcom.py
[2024-10-13T09:34:17.177+0000] {logging_mixin.py:149} INFO - [2024-10-13T09:34:17.177+0000] {dag.py:2726} INFO - Sync 1 DAGs
[2024-10-13T09:34:17.210+0000] {logging_mixin.py:149} INFO - [2024-10-13T09:34:17.209+0000] {dag.py:3490} INFO - Setting next_dagrun for example_xcom to 2021-01-01T00:00:00+00:00, run_after=2021-01-01T00:00:00+00:00
[2024-10-13T09:34:17.237+0000] {processor.py:178} INFO - Processing /home/airflow/.local/lib/python3.7/site-packages/airflow/example_dags/example_xcom.py took 0.107 seconds
[2024-10-13T09:34:47.567+0000] {processor.py:156} INFO - Started process (PID=979) to work on /home/airflow/.local/lib/python3.7/site-packages/airflow/example_dags/example_xcom.py
[2024-10-13T09:34:47.568+0000] {processor.py:799} INFO - Processing file /home/airflow/.local/lib/python3.7/site-packages/airflow/example_dags/example_xcom.py for tasks to queue
[2024-10-13T09:34:47.568+0000] {logging_mixin.py:149} INFO - [2024-10-13T09:34:47.568+0000] {dagbag.py:541} INFO - Filling up the DagBag from /home/airflow/.local/lib/python3.7/site-packages/airflow/example_dags/example_xcom.py
[2024-10-13T09:34:47.576+0000] {processor.py:809} INFO - DAG(s) dict_keys(['example_xcom']) retrieved from /home/airflow/.local/lib/python3.7/site-packages/airflow/example_dags/example_xcom.py
[2024-10-13T09:34:47.603+0000] {logging_mixin.py:149} INFO - [2024-10-13T09:34:47.603+0000] {dag.py:2726} INFO - Sync 1 DAGs
[2024-10-13T09:34:47.630+0000] {logging_mixin.py:149} INFO - [2024-10-13T09:34:47.629+0000] {dag.py:3490} INFO - Setting next_dagrun for example_xcom to 2021-01-01T00:00:00+00:00, run_after=2021-01-01T00:00:00+00:00
[2024-10-13T09:34:47.648+0000] {processor.py:178} INFO - Processing /home/airflow/.local/lib/python3.7/site-packages/airflow/example_dags/example_xcom.py took 0.085 seconds
[2024-10-13T09:35:18.089+0000] {processor.py:156} INFO - Started process (PID=1049) to work on /home/airflow/.local/lib/python3.7/site-packages/airflow/example_dags/example_xcom.py
[2024-10-13T09:35:18.090+0000] {processor.py:799} INFO - Processing file /home/airflow/.local/lib/python3.7/site-packages/airflow/example_dags/example_xcom.py for tasks to queue
[2024-10-13T09:35:18.091+0000] {logging_mixin.py:149} INFO - [2024-10-13T09:35:18.090+0000] {dagbag.py:541} INFO - Filling up the DagBag from /home/airflow/.local/lib/python3.7/site-packages/airflow/example_dags/example_xcom.py
[2024-10-13T09:35:18.099+0000] {processor.py:809} INFO - DAG(s) dict_keys(['example_xcom']) retrieved from /home/airflow/.local/lib/python3.7/site-packages/airflow/example_dags/example_xcom.py
[2024-10-13T09:35:18.132+0000] {logging_mixin.py:149} INFO - [2024-10-13T09:35:18.132+0000] {dag.py:2726} INFO - Sync 1 DAGs
[2024-10-13T09:35:18.170+0000] {logging_mixin.py:149} INFO - [2024-10-13T09:35:18.170+0000] {dag.py:3490} INFO - Setting next_dagrun for example_xcom to 2021-01-01T00:00:00+00:00, run_after=2021-01-01T00:00:00+00:00
[2024-10-13T09:35:18.197+0000] {processor.py:178} INFO - Processing /home/airflow/.local/lib/python3.7/site-packages/airflow/example_dags/example_xcom.py took 0.111 seconds
[2024-10-13T09:35:48.386+0000] {processor.py:156} INFO - Started process (PID=1111) to work on /home/airflow/.local/lib/python3.7/site-packages/airflow/example_dags/example_xcom.py
[2024-10-13T09:35:48.387+0000] {processor.py:799} INFO - Processing file /home/airflow/.local/lib/python3.7/site-packages/airflow/example_dags/example_xcom.py for tasks to queue
[2024-10-13T09:35:48.388+0000] {logging_mixin.py:149} INFO - [2024-10-13T09:35:48.388+0000] {dagbag.py:541} INFO - Filling up the DagBag from /home/airflow/.local/lib/python3.7/site-packages/airflow/example_dags/example_xcom.py
[2024-10-13T09:35:48.398+0000] {processor.py:809} INFO - DAG(s) dict_keys(['example_xcom']) retrieved from /home/airflow/.local/lib/python3.7/site-packages/airflow/example_dags/example_xcom.py
[2024-10-13T09:35:48.441+0000] {logging_mixin.py:149} INFO - [2024-10-13T09:35:48.440+0000] {dag.py:2726} INFO - Sync 1 DAGs
[2024-10-13T09:35:48.486+0000] {logging_mixin.py:149} INFO - [2024-10-13T09:35:48.486+0000] {dag.py:3490} INFO - Setting next_dagrun for example_xcom to 2021-01-01T00:00:00+00:00, run_after=2021-01-01T00:00:00+00:00
[2024-10-13T09:35:48.514+0000] {processor.py:178} INFO - Processing /home/airflow/.local/lib/python3.7/site-packages/airflow/example_dags/example_xcom.py took 0.133 seconds
[2024-10-13T09:36:18.872+0000] {processor.py:156} INFO - Started process (PID=1172) to work on /home/airflow/.local/lib/python3.7/site-packages/airflow/example_dags/example_xcom.py
[2024-10-13T09:36:18.873+0000] {processor.py:799} INFO - Processing file /home/airflow/.local/lib/python3.7/site-packages/airflow/example_dags/example_xcom.py for tasks to queue
[2024-10-13T09:36:18.874+0000] {logging_mixin.py:149} INFO - [2024-10-13T09:36:18.873+0000] {dagbag.py:541} INFO - Filling up the DagBag from /home/airflow/.local/lib/python3.7/site-packages/airflow/example_dags/example_xcom.py
[2024-10-13T09:36:18.883+0000] {processor.py:809} INFO - DAG(s) dict_keys(['example_xcom']) retrieved from /home/airflow/.local/lib/python3.7/site-packages/airflow/example_dags/example_xcom.py
[2024-10-13T09:36:18.919+0000] {logging_mixin.py:149} INFO - [2024-10-13T09:36:18.919+0000] {dag.py:2726} INFO - Sync 1 DAGs
[2024-10-13T09:36:18.956+0000] {logging_mixin.py:149} INFO - [2024-10-13T09:36:18.956+0000] {dag.py:3490} INFO - Setting next_dagrun for example_xcom to 2021-01-01T00:00:00+00:00, run_after=2021-01-01T00:00:00+00:00
[2024-10-13T09:36:18.981+0000] {processor.py:178} INFO - Processing /home/airflow/.local/lib/python3.7/site-packages/airflow/example_dags/example_xcom.py took 0.114 seconds
[2024-10-13T09:36:49.149+0000] {processor.py:156} INFO - Started process (PID=1233) to work on /home/airflow/.local/lib/python3.7/site-packages/airflow/example_dags/example_xcom.py
[2024-10-13T09:36:49.150+0000] {processor.py:799} INFO - Processing file /home/airflow/.local/lib/python3.7/site-packages/airflow/example_dags/example_xcom.py for tasks to queue
[2024-10-13T09:36:49.150+0000] {logging_mixin.py:149} INFO - [2024-10-13T09:36:49.150+0000] {dagbag.py:541} INFO - Filling up the DagBag from /home/airflow/.local/lib/python3.7/site-packages/airflow/example_dags/example_xcom.py
[2024-10-13T09:36:49.158+0000] {processor.py:809} INFO - DAG(s) dict_keys(['example_xcom']) retrieved from /home/airflow/.local/lib/python3.7/site-packages/airflow/example_dags/example_xcom.py
[2024-10-13T09:36:49.186+0000] {logging_mixin.py:149} INFO - [2024-10-13T09:36:49.186+0000] {dag.py:2726} INFO - Sync 1 DAGs
[2024-10-13T09:36:49.212+0000] {logging_mixin.py:149} INFO - [2024-10-13T09:36:49.212+0000] {dag.py:3490} INFO - Setting next_dagrun for example_xcom to 2021-01-01T00:00:00+00:00, run_after=2021-01-01T00:00:00+00:00
[2024-10-13T09:36:49.231+0000] {processor.py:178} INFO - Processing /home/airflow/.local/lib/python3.7/site-packages/airflow/example_dags/example_xcom.py took 0.085 seconds
[2024-10-13T09:37:19.372+0000] {processor.py:156} INFO - Started process (PID=1295) to work on /home/airflow/.local/lib/python3.7/site-packages/airflow/example_dags/example_xcom.py
[2024-10-13T09:37:19.373+0000] {processor.py:799} INFO - Processing file /home/airflow/.local/lib/python3.7/site-packages/airflow/example_dags/example_xcom.py for tasks to queue
[2024-10-13T09:37:19.374+0000] {logging_mixin.py:149} INFO - [2024-10-13T09:37:19.374+0000] {dagbag.py:541} INFO - Filling up the DagBag from /home/airflow/.local/lib/python3.7/site-packages/airflow/example_dags/example_xcom.py
[2024-10-13T09:37:19.383+0000] {processor.py:809} INFO - DAG(s) dict_keys(['example_xcom']) retrieved from /home/airflow/.local/lib/python3.7/site-packages/airflow/example_dags/example_xcom.py
[2024-10-13T09:37:19.412+0000] {logging_mixin.py:149} INFO - [2024-10-13T09:37:19.412+0000] {dag.py:2726} INFO - Sync 1 DAGs
[2024-10-13T09:37:19.444+0000] {logging_mixin.py:149} INFO - [2024-10-13T09:37:19.444+0000] {dag.py:3490} INFO - Setting next_dagrun for example_xcom to 2021-01-01T00:00:00+00:00, run_after=2021-01-01T00:00:00+00:00
[2024-10-13T09:37:19.468+0000] {processor.py:178} INFO - Processing /home/airflow/.local/lib/python3.7/site-packages/airflow/example_dags/example_xcom.py took 0.100 seconds
[2024-10-13T09:37:50.067+0000] {processor.py:156} INFO - Started process (PID=1355) to work on /home/airflow/.local/lib/python3.7/site-packages/airflow/example_dags/example_xcom.py
[2024-10-13T09:37:50.068+0000] {processor.py:799} INFO - Processing file /home/airflow/.local/lib/python3.7/site-packages/airflow/example_dags/example_xcom.py for tasks to queue
[2024-10-13T09:37:50.069+0000] {logging_mixin.py:149} INFO - [2024-10-13T09:37:50.069+0000] {dagbag.py:541} INFO - Filling up the DagBag from /home/airflow/.local/lib/python3.7/site-packages/airflow/example_dags/example_xcom.py
[2024-10-13T09:37:50.079+0000] {processor.py:809} INFO - DAG(s) dict_keys(['example_xcom']) retrieved from /home/airflow/.local/lib/python3.7/site-packages/airflow/example_dags/example_xcom.py
[2024-10-13T09:37:50.116+0000] {logging_mixin.py:149} INFO - [2024-10-13T09:37:50.115+0000] {dag.py:2726} INFO - Sync 1 DAGs
[2024-10-13T09:37:50.154+0000] {logging_mixin.py:149} INFO - [2024-10-13T09:37:50.154+0000] {dag.py:3490} INFO - Setting next_dagrun for example_xcom to 2021-01-01T00:00:00+00:00, run_after=2021-01-01T00:00:00+00:00
[2024-10-13T09:37:50.182+0000] {processor.py:178} INFO - Processing /home/airflow/.local/lib/python3.7/site-packages/airflow/example_dags/example_xcom.py took 0.119 seconds
[2024-10-13T09:38:20.796+0000] {processor.py:156} INFO - Started process (PID=1416) to work on /home/airflow/.local/lib/python3.7/site-packages/airflow/example_dags/example_xcom.py
[2024-10-13T09:38:20.797+0000] {processor.py:799} INFO - Processing file /home/airflow/.local/lib/python3.7/site-packages/airflow/example_dags/example_xcom.py for tasks to queue
[2024-10-13T09:38:20.798+0000] {logging_mixin.py:149} INFO - [2024-10-13T09:38:20.798+0000] {dagbag.py:541} INFO - Filling up the DagBag from /home/airflow/.local/lib/python3.7/site-packages/airflow/example_dags/example_xcom.py
[2024-10-13T09:38:20.806+0000] {processor.py:809} INFO - DAG(s) dict_keys(['example_xcom']) retrieved from /home/airflow/.local/lib/python3.7/site-packages/airflow/example_dags/example_xcom.py
[2024-10-13T09:38:20.842+0000] {logging_mixin.py:149} INFO - [2024-10-13T09:38:20.842+0000] {dag.py:2726} INFO - Sync 1 DAGs
[2024-10-13T09:38:20.873+0000] {logging_mixin.py:149} INFO - [2024-10-13T09:38:20.872+0000] {dag.py:3490} INFO - Setting next_dagrun for example_xcom to 2021-01-01T00:00:00+00:00, run_after=2021-01-01T00:00:00+00:00
[2024-10-13T09:38:20.894+0000] {processor.py:178} INFO - Processing /home/airflow/.local/lib/python3.7/site-packages/airflow/example_dags/example_xcom.py took 0.102 seconds
[2024-10-13T09:38:51.510+0000] {processor.py:156} INFO - Started process (PID=1477) to work on /home/airflow/.local/lib/python3.7/site-packages/airflow/example_dags/example_xcom.py
[2024-10-13T09:38:51.511+0000] {processor.py:799} INFO - Processing file /home/airflow/.local/lib/python3.7/site-packages/airflow/example_dags/example_xcom.py for tasks to queue
[2024-10-13T09:38:51.511+0000] {logging_mixin.py:149} INFO - [2024-10-13T09:38:51.511+0000] {dagbag.py:541} INFO - Filling up the DagBag from /home/airflow/.local/lib/python3.7/site-packages/airflow/example_dags/example_xcom.py
[2024-10-13T09:38:51.519+0000] {processor.py:809} INFO - DAG(s) dict_keys(['example_xcom']) retrieved from /home/airflow/.local/lib/python3.7/site-packages/airflow/example_dags/example_xcom.py
[2024-10-13T09:38:51.549+0000] {logging_mixin.py:149} INFO - [2024-10-13T09:38:51.548+0000] {dag.py:2726} INFO - Sync 1 DAGs
[2024-10-13T09:38:51.578+0000] {logging_mixin.py:149} INFO - [2024-10-13T09:38:51.578+0000] {dag.py:3490} INFO - Setting next_dagrun for example_xcom to 2021-01-01T00:00:00+00:00, run_after=2021-01-01T00:00:00+00:00
[2024-10-13T09:38:51.598+0000] {processor.py:178} INFO - Processing /home/airflow/.local/lib/python3.7/site-packages/airflow/example_dags/example_xcom.py took 0.092 seconds
[2024-10-13T09:39:22.018+0000] {processor.py:156} INFO - Started process (PID=1538) to work on /home/airflow/.local/lib/python3.7/site-packages/airflow/example_dags/example_xcom.py
[2024-10-13T09:39:22.019+0000] {processor.py:799} INFO - Processing file /home/airflow/.local/lib/python3.7/site-packages/airflow/example_dags/example_xcom.py for tasks to queue
[2024-10-13T09:39:22.020+0000] {logging_mixin.py:149} INFO - [2024-10-13T09:39:22.020+0000] {dagbag.py:541} INFO - Filling up the DagBag from /home/airflow/.local/lib/python3.7/site-packages/airflow/example_dags/example_xcom.py
[2024-10-13T09:39:22.032+0000] {processor.py:809} INFO - DAG(s) dict_keys(['example_xcom']) retrieved from /home/airflow/.local/lib/python3.7/site-packages/airflow/example_dags/example_xcom.py
[2024-10-13T09:39:22.064+0000] {logging_mixin.py:149} INFO - [2024-10-13T09:39:22.064+0000] {dag.py:2726} INFO - Sync 1 DAGs
[2024-10-13T09:39:22.109+0000] {logging_mixin.py:149} INFO - [2024-10-13T09:39:22.109+0000] {dag.py:3490} INFO - Setting next_dagrun for example_xcom to 2021-01-01T00:00:00+00:00, run_after=2021-01-01T00:00:00+00:00
[2024-10-13T09:39:22.135+0000] {processor.py:178} INFO - Processing /home/airflow/.local/lib/python3.7/site-packages/airflow/example_dags/example_xcom.py took 0.121 seconds
[2024-10-13T09:39:52.484+0000] {processor.py:156} INFO - Started process (PID=1599) to work on /home/airflow/.local/lib/python3.7/site-packages/airflow/example_dags/example_xcom.py
[2024-10-13T09:39:52.485+0000] {processor.py:799} INFO - Processing file /home/airflow/.local/lib/python3.7/site-packages/airflow/example_dags/example_xcom.py for tasks to queue
[2024-10-13T09:39:52.486+0000] {logging_mixin.py:149} INFO - [2024-10-13T09:39:52.486+0000] {dagbag.py:541} INFO - Filling up the DagBag from /home/airflow/.local/lib/python3.7/site-packages/airflow/example_dags/example_xcom.py
[2024-10-13T09:39:52.494+0000] {processor.py:809} INFO - DAG(s) dict_keys(['example_xcom']) retrieved from /home/airflow/.local/lib/python3.7/site-packages/airflow/example_dags/example_xcom.py
[2024-10-13T09:39:52.523+0000] {logging_mixin.py:149} INFO - [2024-10-13T09:39:52.523+0000] {dag.py:2726} INFO - Sync 1 DAGs
[2024-10-13T09:39:52.549+0000] {logging_mixin.py:149} INFO - [2024-10-13T09:39:52.548+0000] {dag.py:3490} INFO - Setting next_dagrun for example_xcom to 2021-01-01T00:00:00+00:00, run_after=2021-01-01T00:00:00+00:00
[2024-10-13T09:39:52.567+0000] {processor.py:178} INFO - Processing /home/airflow/.local/lib/python3.7/site-packages/airflow/example_dags/example_xcom.py took 0.086 seconds
[2024-10-13T09:40:22.827+0000] {processor.py:156} INFO - Started process (PID=1660) to work on /home/airflow/.local/lib/python3.7/site-packages/airflow/example_dags/example_xcom.py
[2024-10-13T09:40:22.828+0000] {processor.py:799} INFO - Processing file /home/airflow/.local/lib/python3.7/site-packages/airflow/example_dags/example_xcom.py for tasks to queue
[2024-10-13T09:40:22.829+0000] {logging_mixin.py:149} INFO - [2024-10-13T09:40:22.828+0000] {dagbag.py:541} INFO - Filling up the DagBag from /home/airflow/.local/lib/python3.7/site-packages/airflow/example_dags/example_xcom.py
[2024-10-13T09:40:22.837+0000] {processor.py:809} INFO - DAG(s) dict_keys(['example_xcom']) retrieved from /home/airflow/.local/lib/python3.7/site-packages/airflow/example_dags/example_xcom.py
[2024-10-13T09:40:22.864+0000] {logging_mixin.py:149} INFO - [2024-10-13T09:40:22.864+0000] {dag.py:2726} INFO - Sync 1 DAGs
[2024-10-13T09:40:22.892+0000] {logging_mixin.py:149} INFO - [2024-10-13T09:40:22.892+0000] {dag.py:3490} INFO - Setting next_dagrun for example_xcom to 2021-01-01T00:00:00+00:00, run_after=2021-01-01T00:00:00+00:00
[2024-10-13T09:40:22.911+0000] {processor.py:178} INFO - Processing /home/airflow/.local/lib/python3.7/site-packages/airflow/example_dags/example_xcom.py took 0.087 seconds
[2024-10-13T09:40:53.266+0000] {processor.py:156} INFO - Started process (PID=1721) to work on /home/airflow/.local/lib/python3.7/site-packages/airflow/example_dags/example_xcom.py
[2024-10-13T09:40:53.267+0000] {processor.py:799} INFO - Processing file /home/airflow/.local/lib/python3.7/site-packages/airflow/example_dags/example_xcom.py for tasks to queue
[2024-10-13T09:40:53.268+0000] {logging_mixin.py:149} INFO - [2024-10-13T09:40:53.268+0000] {dagbag.py:541} INFO - Filling up the DagBag from /home/airflow/.local/lib/python3.7/site-packages/airflow/example_dags/example_xcom.py
[2024-10-13T09:40:53.276+0000] {processor.py:809} INFO - DAG(s) dict_keys(['example_xcom']) retrieved from /home/airflow/.local/lib/python3.7/site-packages/airflow/example_dags/example_xcom.py
[2024-10-13T09:40:53.303+0000] {logging_mixin.py:149} INFO - [2024-10-13T09:40:53.303+0000] {dag.py:2726} INFO - Sync 1 DAGs
[2024-10-13T09:40:53.331+0000] {logging_mixin.py:149} INFO - [2024-10-13T09:40:53.331+0000] {dag.py:3490} INFO - Setting next_dagrun for example_xcom to 2021-01-01T00:00:00+00:00, run_after=2021-01-01T00:00:00+00:00
[2024-10-13T09:40:53.350+0000] {processor.py:178} INFO - Processing /home/airflow/.local/lib/python3.7/site-packages/airflow/example_dags/example_xcom.py took 0.087 seconds
[2024-10-13T09:41:23.673+0000] {processor.py:156} INFO - Started process (PID=1782) to work on /home/airflow/.local/lib/python3.7/site-packages/airflow/example_dags/example_xcom.py
[2024-10-13T09:41:23.674+0000] {processor.py:799} INFO - Processing file /home/airflow/.local/lib/python3.7/site-packages/airflow/example_dags/example_xcom.py for tasks to queue
[2024-10-13T09:41:23.675+0000] {logging_mixin.py:149} INFO - [2024-10-13T09:41:23.674+0000] {dagbag.py:541} INFO - Filling up the DagBag from /home/airflow/.local/lib/python3.7/site-packages/airflow/example_dags/example_xcom.py
[2024-10-13T09:41:23.682+0000] {processor.py:809} INFO - DAG(s) dict_keys(['example_xcom']) retrieved from /home/airflow/.local/lib/python3.7/site-packages/airflow/example_dags/example_xcom.py
[2024-10-13T09:41:23.717+0000] {logging_mixin.py:149} INFO - [2024-10-13T09:41:23.717+0000] {dag.py:2726} INFO - Sync 1 DAGs
[2024-10-13T09:41:23.744+0000] {logging_mixin.py:149} INFO - [2024-10-13T09:41:23.743+0000] {dag.py:3490} INFO - Setting next_dagrun for example_xcom to 2021-01-01T00:00:00+00:00, run_after=2021-01-01T00:00:00+00:00
[2024-10-13T09:41:23.769+0000] {processor.py:178} INFO - Processing /home/airflow/.local/lib/python3.7/site-packages/airflow/example_dags/example_xcom.py took 0.099 seconds
[2024-10-13T09:41:54.273+0000] {processor.py:156} INFO - Started process (PID=1843) to work on /home/airflow/.local/lib/python3.7/site-packages/airflow/example_dags/example_xcom.py
[2024-10-13T09:41:54.274+0000] {processor.py:799} INFO - Processing file /home/airflow/.local/lib/python3.7/site-packages/airflow/example_dags/example_xcom.py for tasks to queue
[2024-10-13T09:41:54.275+0000] {logging_mixin.py:149} INFO - [2024-10-13T09:41:54.275+0000] {dagbag.py:541} INFO - Filling up the DagBag from /home/airflow/.local/lib/python3.7/site-packages/airflow/example_dags/example_xcom.py
[2024-10-13T09:41:54.286+0000] {processor.py:809} INFO - DAG(s) dict_keys(['example_xcom']) retrieved from /home/airflow/.local/lib/python3.7/site-packages/airflow/example_dags/example_xcom.py
[2024-10-13T09:41:54.320+0000] {logging_mixin.py:149} INFO - [2024-10-13T09:41:54.320+0000] {dag.py:2726} INFO - Sync 1 DAGs
[2024-10-13T09:41:54.352+0000] {logging_mixin.py:149} INFO - [2024-10-13T09:41:54.351+0000] {dag.py:3490} INFO - Setting next_dagrun for example_xcom to 2021-01-01T00:00:00+00:00, run_after=2021-01-01T00:00:00+00:00
[2024-10-13T09:41:54.370+0000] {processor.py:178} INFO - Processing /home/airflow/.local/lib/python3.7/site-packages/airflow/example_dags/example_xcom.py took 0.100 seconds
[2024-10-13T09:42:24.771+0000] {processor.py:156} INFO - Started process (PID=1904) to work on /home/airflow/.local/lib/python3.7/site-packages/airflow/example_dags/example_xcom.py
[2024-10-13T09:42:24.772+0000] {processor.py:799} INFO - Processing file /home/airflow/.local/lib/python3.7/site-packages/airflow/example_dags/example_xcom.py for tasks to queue
[2024-10-13T09:42:24.773+0000] {logging_mixin.py:149} INFO - [2024-10-13T09:42:24.772+0000] {dagbag.py:541} INFO - Filling up the DagBag from /home/airflow/.local/lib/python3.7/site-packages/airflow/example_dags/example_xcom.py
[2024-10-13T09:42:24.781+0000] {processor.py:809} INFO - DAG(s) dict_keys(['example_xcom']) retrieved from /home/airflow/.local/lib/python3.7/site-packages/airflow/example_dags/example_xcom.py
[2024-10-13T09:42:24.817+0000] {logging_mixin.py:149} INFO - [2024-10-13T09:42:24.817+0000] {dag.py:2726} INFO - Sync 1 DAGs
[2024-10-13T09:42:24.854+0000] {logging_mixin.py:149} INFO - [2024-10-13T09:42:24.854+0000] {dag.py:3490} INFO - Setting next_dagrun for example_xcom to 2021-01-01T00:00:00+00:00, run_after=2021-01-01T00:00:00+00:00
[2024-10-13T09:42:24.872+0000] {processor.py:178} INFO - Processing /home/airflow/.local/lib/python3.7/site-packages/airflow/example_dags/example_xcom.py took 0.104 seconds
[2024-10-13T09:42:55.006+0000] {processor.py:156} INFO - Started process (PID=1965) to work on /home/airflow/.local/lib/python3.7/site-packages/airflow/example_dags/example_xcom.py
[2024-10-13T09:42:55.007+0000] {processor.py:799} INFO - Processing file /home/airflow/.local/lib/python3.7/site-packages/airflow/example_dags/example_xcom.py for tasks to queue
[2024-10-13T09:42:55.009+0000] {logging_mixin.py:149} INFO - [2024-10-13T09:42:55.008+0000] {dagbag.py:541} INFO - Filling up the DagBag from /home/airflow/.local/lib/python3.7/site-packages/airflow/example_dags/example_xcom.py
[2024-10-13T09:42:55.017+0000] {processor.py:809} INFO - DAG(s) dict_keys(['example_xcom']) retrieved from /home/airflow/.local/lib/python3.7/site-packages/airflow/example_dags/example_xcom.py
[2024-10-13T09:42:55.044+0000] {logging_mixin.py:149} INFO - [2024-10-13T09:42:55.044+0000] {dag.py:2726} INFO - Sync 1 DAGs
[2024-10-13T09:42:55.074+0000] {logging_mixin.py:149} INFO - [2024-10-13T09:42:55.073+0000] {dag.py:3490} INFO - Setting next_dagrun for example_xcom to 2021-01-01T00:00:00+00:00, run_after=2021-01-01T00:00:00+00:00
[2024-10-13T09:42:55.093+0000] {processor.py:178} INFO - Processing /home/airflow/.local/lib/python3.7/site-packages/airflow/example_dags/example_xcom.py took 0.092 seconds
[2024-10-13T09:43:25.325+0000] {processor.py:156} INFO - Started process (PID=2026) to work on /home/airflow/.local/lib/python3.7/site-packages/airflow/example_dags/example_xcom.py
[2024-10-13T09:43:25.326+0000] {processor.py:799} INFO - Processing file /home/airflow/.local/lib/python3.7/site-packages/airflow/example_dags/example_xcom.py for tasks to queue
[2024-10-13T09:43:25.327+0000] {logging_mixin.py:149} INFO - [2024-10-13T09:43:25.327+0000] {dagbag.py:541} INFO - Filling up the DagBag from /home/airflow/.local/lib/python3.7/site-packages/airflow/example_dags/example_xcom.py
[2024-10-13T09:43:25.336+0000] {processor.py:809} INFO - DAG(s) dict_keys(['example_xcom']) retrieved from /home/airflow/.local/lib/python3.7/site-packages/airflow/example_dags/example_xcom.py
[2024-10-13T09:43:25.363+0000] {logging_mixin.py:149} INFO - [2024-10-13T09:43:25.363+0000] {dag.py:2726} INFO - Sync 1 DAGs
[2024-10-13T09:43:25.389+0000] {logging_mixin.py:149} INFO - [2024-10-13T09:43:25.389+0000] {dag.py:3490} INFO - Setting next_dagrun for example_xcom to 2021-01-01T00:00:00+00:00, run_after=2021-01-01T00:00:00+00:00
[2024-10-13T09:43:25.414+0000] {processor.py:178} INFO - Processing /home/airflow/.local/lib/python3.7/site-packages/airflow/example_dags/example_xcom.py took 0.093 seconds
[2024-10-13T09:43:55.669+0000] {processor.py:156} INFO - Started process (PID=2087) to work on /home/airflow/.local/lib/python3.7/site-packages/airflow/example_dags/example_xcom.py
[2024-10-13T09:43:55.669+0000] {processor.py:799} INFO - Processing file /home/airflow/.local/lib/python3.7/site-packages/airflow/example_dags/example_xcom.py for tasks to queue
[2024-10-13T09:43:55.670+0000] {logging_mixin.py:149} INFO - [2024-10-13T09:43:55.670+0000] {dagbag.py:541} INFO - Filling up the DagBag from /home/airflow/.local/lib/python3.7/site-packages/airflow/example_dags/example_xcom.py
[2024-10-13T09:43:55.677+0000] {processor.py:809} INFO - DAG(s) dict_keys(['example_xcom']) retrieved from /home/airflow/.local/lib/python3.7/site-packages/airflow/example_dags/example_xcom.py
[2024-10-13T09:43:55.704+0000] {logging_mixin.py:149} INFO - [2024-10-13T09:43:55.704+0000] {dag.py:2726} INFO - Sync 1 DAGs
[2024-10-13T09:43:55.731+0000] {logging_mixin.py:149} INFO - [2024-10-13T09:43:55.731+0000] {dag.py:3490} INFO - Setting next_dagrun for example_xcom to 2021-01-01T00:00:00+00:00, run_after=2021-01-01T00:00:00+00:00
[2024-10-13T09:43:55.749+0000] {processor.py:178} INFO - Processing /home/airflow/.local/lib/python3.7/site-packages/airflow/example_dags/example_xcom.py took 0.084 seconds
[2024-10-13T09:44:26.041+0000] {processor.py:156} INFO - Started process (PID=2148) to work on /home/airflow/.local/lib/python3.7/site-packages/airflow/example_dags/example_xcom.py
[2024-10-13T09:44:26.042+0000] {processor.py:799} INFO - Processing file /home/airflow/.local/lib/python3.7/site-packages/airflow/example_dags/example_xcom.py for tasks to queue
[2024-10-13T09:44:26.042+0000] {logging_mixin.py:149} INFO - [2024-10-13T09:44:26.042+0000] {dagbag.py:541} INFO - Filling up the DagBag from /home/airflow/.local/lib/python3.7/site-packages/airflow/example_dags/example_xcom.py
[2024-10-13T09:44:26.049+0000] {processor.py:809} INFO - DAG(s) dict_keys(['example_xcom']) retrieved from /home/airflow/.local/lib/python3.7/site-packages/airflow/example_dags/example_xcom.py
[2024-10-13T09:44:26.075+0000] {logging_mixin.py:149} INFO - [2024-10-13T09:44:26.075+0000] {dag.py:2726} INFO - Sync 1 DAGs
[2024-10-13T09:44:26.105+0000] {logging_mixin.py:149} INFO - [2024-10-13T09:44:26.104+0000] {dag.py:3490} INFO - Setting next_dagrun for example_xcom to 2021-01-01T00:00:00+00:00, run_after=2021-01-01T00:00:00+00:00
[2024-10-13T09:44:26.124+0000] {processor.py:178} INFO - Processing /home/airflow/.local/lib/python3.7/site-packages/airflow/example_dags/example_xcom.py took 0.086 seconds
[2024-10-13T09:44:56.422+0000] {processor.py:156} INFO - Started process (PID=2209) to work on /home/airflow/.local/lib/python3.7/site-packages/airflow/example_dags/example_xcom.py
[2024-10-13T09:44:56.423+0000] {processor.py:799} INFO - Processing file /home/airflow/.local/lib/python3.7/site-packages/airflow/example_dags/example_xcom.py for tasks to queue
[2024-10-13T09:44:56.424+0000] {logging_mixin.py:149} INFO - [2024-10-13T09:44:56.423+0000] {dagbag.py:541} INFO - Filling up the DagBag from /home/airflow/.local/lib/python3.7/site-packages/airflow/example_dags/example_xcom.py
[2024-10-13T09:44:56.431+0000] {processor.py:809} INFO - DAG(s) dict_keys(['example_xcom']) retrieved from /home/airflow/.local/lib/python3.7/site-packages/airflow/example_dags/example_xcom.py
[2024-10-13T09:44:56.458+0000] {logging_mixin.py:149} INFO - [2024-10-13T09:44:56.458+0000] {dag.py:2726} INFO - Sync 1 DAGs
[2024-10-13T09:44:56.486+0000] {logging_mixin.py:149} INFO - [2024-10-13T09:44:56.485+0000] {dag.py:3490} INFO - Setting next_dagrun for example_xcom to 2021-01-01T00:00:00+00:00, run_after=2021-01-01T00:00:00+00:00
[2024-10-13T09:44:56.503+0000] {processor.py:178} INFO - Processing /home/airflow/.local/lib/python3.7/site-packages/airflow/example_dags/example_xcom.py took 0.085 seconds
[2024-10-13T09:45:26.846+0000] {processor.py:156} INFO - Started process (PID=2270) to work on /home/airflow/.local/lib/python3.7/site-packages/airflow/example_dags/example_xcom.py
[2024-10-13T09:45:26.847+0000] {processor.py:799} INFO - Processing file /home/airflow/.local/lib/python3.7/site-packages/airflow/example_dags/example_xcom.py for tasks to queue
[2024-10-13T09:45:26.847+0000] {logging_mixin.py:149} INFO - [2024-10-13T09:45:26.847+0000] {dagbag.py:541} INFO - Filling up the DagBag from /home/airflow/.local/lib/python3.7/site-packages/airflow/example_dags/example_xcom.py
[2024-10-13T09:45:26.860+0000] {processor.py:809} INFO - DAG(s) dict_keys(['example_xcom']) retrieved from /home/airflow/.local/lib/python3.7/site-packages/airflow/example_dags/example_xcom.py
[2024-10-13T09:45:26.898+0000] {logging_mixin.py:149} INFO - [2024-10-13T09:45:26.898+0000] {dag.py:2726} INFO - Sync 1 DAGs
[2024-10-13T09:45:26.929+0000] {logging_mixin.py:149} INFO - [2024-10-13T09:45:26.928+0000] {dag.py:3490} INFO - Setting next_dagrun for example_xcom to 2021-01-01T00:00:00+00:00, run_after=2021-01-01T00:00:00+00:00
[2024-10-13T09:45:26.950+0000] {processor.py:178} INFO - Processing /home/airflow/.local/lib/python3.7/site-packages/airflow/example_dags/example_xcom.py took 0.109 seconds
[2024-10-13T09:45:57.063+0000] {processor.py:156} INFO - Started process (PID=2331) to work on /home/airflow/.local/lib/python3.7/site-packages/airflow/example_dags/example_xcom.py
[2024-10-13T09:45:57.063+0000] {processor.py:799} INFO - Processing file /home/airflow/.local/lib/python3.7/site-packages/airflow/example_dags/example_xcom.py for tasks to queue
[2024-10-13T09:45:57.064+0000] {logging_mixin.py:149} INFO - [2024-10-13T09:45:57.064+0000] {dagbag.py:541} INFO - Filling up the DagBag from /home/airflow/.local/lib/python3.7/site-packages/airflow/example_dags/example_xcom.py
[2024-10-13T09:45:57.072+0000] {processor.py:809} INFO - DAG(s) dict_keys(['example_xcom']) retrieved from /home/airflow/.local/lib/python3.7/site-packages/airflow/example_dags/example_xcom.py
[2024-10-13T09:45:57.098+0000] {logging_mixin.py:149} INFO - [2024-10-13T09:45:57.098+0000] {dag.py:2726} INFO - Sync 1 DAGs
[2024-10-13T09:45:57.126+0000] {logging_mixin.py:149} INFO - [2024-10-13T09:45:57.126+0000] {dag.py:3490} INFO - Setting next_dagrun for example_xcom to 2021-01-01T00:00:00+00:00, run_after=2021-01-01T00:00:00+00:00
[2024-10-13T09:45:57.144+0000] {processor.py:178} INFO - Processing /home/airflow/.local/lib/python3.7/site-packages/airflow/example_dags/example_xcom.py took 0.086 seconds
[2024-10-13T09:46:27.406+0000] {processor.py:156} INFO - Started process (PID=2392) to work on /home/airflow/.local/lib/python3.7/site-packages/airflow/example_dags/example_xcom.py
[2024-10-13T09:46:27.407+0000] {processor.py:799} INFO - Processing file /home/airflow/.local/lib/python3.7/site-packages/airflow/example_dags/example_xcom.py for tasks to queue
[2024-10-13T09:46:27.407+0000] {logging_mixin.py:149} INFO - [2024-10-13T09:46:27.407+0000] {dagbag.py:541} INFO - Filling up the DagBag from /home/airflow/.local/lib/python3.7/site-packages/airflow/example_dags/example_xcom.py
[2024-10-13T09:46:27.415+0000] {processor.py:809} INFO - DAG(s) dict_keys(['example_xcom']) retrieved from /home/airflow/.local/lib/python3.7/site-packages/airflow/example_dags/example_xcom.py
[2024-10-13T09:46:27.442+0000] {logging_mixin.py:149} INFO - [2024-10-13T09:46:27.442+0000] {dag.py:2726} INFO - Sync 1 DAGs
[2024-10-13T09:46:27.474+0000] {logging_mixin.py:149} INFO - [2024-10-13T09:46:27.474+0000] {dag.py:3490} INFO - Setting next_dagrun for example_xcom to 2021-01-01T00:00:00+00:00, run_after=2021-01-01T00:00:00+00:00
[2024-10-13T09:46:27.492+0000] {processor.py:178} INFO - Processing /home/airflow/.local/lib/python3.7/site-packages/airflow/example_dags/example_xcom.py took 0.090 seconds
[2024-10-13T09:46:58.005+0000] {processor.py:156} INFO - Started process (PID=2453) to work on /home/airflow/.local/lib/python3.7/site-packages/airflow/example_dags/example_xcom.py
[2024-10-13T09:46:58.006+0000] {processor.py:799} INFO - Processing file /home/airflow/.local/lib/python3.7/site-packages/airflow/example_dags/example_xcom.py for tasks to queue
[2024-10-13T09:46:58.006+0000] {logging_mixin.py:149} INFO - [2024-10-13T09:46:58.006+0000] {dagbag.py:541} INFO - Filling up the DagBag from /home/airflow/.local/lib/python3.7/site-packages/airflow/example_dags/example_xcom.py
[2024-10-13T09:46:58.014+0000] {processor.py:809} INFO - DAG(s) dict_keys(['example_xcom']) retrieved from /home/airflow/.local/lib/python3.7/site-packages/airflow/example_dags/example_xcom.py
[2024-10-13T09:46:58.042+0000] {logging_mixin.py:149} INFO - [2024-10-13T09:46:58.042+0000] {dag.py:2726} INFO - Sync 1 DAGs
[2024-10-13T09:46:58.075+0000] {logging_mixin.py:149} INFO - [2024-10-13T09:46:58.075+0000] {dag.py:3490} INFO - Setting next_dagrun for example_xcom to 2021-01-01T00:00:00+00:00, run_after=2021-01-01T00:00:00+00:00
[2024-10-13T09:46:58.105+0000] {processor.py:178} INFO - Processing /home/airflow/.local/lib/python3.7/site-packages/airflow/example_dags/example_xcom.py took 0.103 seconds
[2024-10-13T09:47:28.486+0000] {processor.py:156} INFO - Started process (PID=2514) to work on /home/airflow/.local/lib/python3.7/site-packages/airflow/example_dags/example_xcom.py
[2024-10-13T09:47:28.487+0000] {processor.py:799} INFO - Processing file /home/airflow/.local/lib/python3.7/site-packages/airflow/example_dags/example_xcom.py for tasks to queue
[2024-10-13T09:47:28.488+0000] {logging_mixin.py:149} INFO - [2024-10-13T09:47:28.488+0000] {dagbag.py:541} INFO - Filling up the DagBag from /home/airflow/.local/lib/python3.7/site-packages/airflow/example_dags/example_xcom.py
[2024-10-13T09:47:28.496+0000] {processor.py:809} INFO - DAG(s) dict_keys(['example_xcom']) retrieved from /home/airflow/.local/lib/python3.7/site-packages/airflow/example_dags/example_xcom.py
[2024-10-13T09:47:28.523+0000] {logging_mixin.py:149} INFO - [2024-10-13T09:47:28.523+0000] {dag.py:2726} INFO - Sync 1 DAGs
[2024-10-13T09:47:28.552+0000] {logging_mixin.py:149} INFO - [2024-10-13T09:47:28.552+0000] {dag.py:3490} INFO - Setting next_dagrun for example_xcom to 2021-01-01T00:00:00+00:00, run_after=2021-01-01T00:00:00+00:00
[2024-10-13T09:47:28.571+0000] {processor.py:178} INFO - Processing /home/airflow/.local/lib/python3.7/site-packages/airflow/example_dags/example_xcom.py took 0.088 seconds
[2024-10-13T09:47:59.058+0000] {processor.py:156} INFO - Started process (PID=2575) to work on /home/airflow/.local/lib/python3.7/site-packages/airflow/example_dags/example_xcom.py
[2024-10-13T09:47:59.059+0000] {processor.py:799} INFO - Processing file /home/airflow/.local/lib/python3.7/site-packages/airflow/example_dags/example_xcom.py for tasks to queue
[2024-10-13T09:47:59.060+0000] {logging_mixin.py:149} INFO - [2024-10-13T09:47:59.059+0000] {dagbag.py:541} INFO - Filling up the DagBag from /home/airflow/.local/lib/python3.7/site-packages/airflow/example_dags/example_xcom.py
[2024-10-13T09:47:59.067+0000] {processor.py:809} INFO - DAG(s) dict_keys(['example_xcom']) retrieved from /home/airflow/.local/lib/python3.7/site-packages/airflow/example_dags/example_xcom.py
[2024-10-13T09:47:59.093+0000] {logging_mixin.py:149} INFO - [2024-10-13T09:47:59.093+0000] {dag.py:2726} INFO - Sync 1 DAGs
[2024-10-13T09:47:59.121+0000] {logging_mixin.py:149} INFO - [2024-10-13T09:47:59.120+0000] {dag.py:3490} INFO - Setting next_dagrun for example_xcom to 2021-01-01T00:00:00+00:00, run_after=2021-01-01T00:00:00+00:00
[2024-10-13T09:47:59.139+0000] {processor.py:178} INFO - Processing /home/airflow/.local/lib/python3.7/site-packages/airflow/example_dags/example_xcom.py took 0.084 seconds
[2024-10-13T09:48:29.310+0000] {processor.py:156} INFO - Started process (PID=2636) to work on /home/airflow/.local/lib/python3.7/site-packages/airflow/example_dags/example_xcom.py
[2024-10-13T09:48:29.311+0000] {processor.py:799} INFO - Processing file /home/airflow/.local/lib/python3.7/site-packages/airflow/example_dags/example_xcom.py for tasks to queue
[2024-10-13T09:48:29.312+0000] {logging_mixin.py:149} INFO - [2024-10-13T09:48:29.311+0000] {dagbag.py:541} INFO - Filling up the DagBag from /home/airflow/.local/lib/python3.7/site-packages/airflow/example_dags/example_xcom.py
[2024-10-13T09:48:29.319+0000] {processor.py:809} INFO - DAG(s) dict_keys(['example_xcom']) retrieved from /home/airflow/.local/lib/python3.7/site-packages/airflow/example_dags/example_xcom.py
[2024-10-13T09:48:29.346+0000] {logging_mixin.py:149} INFO - [2024-10-13T09:48:29.345+0000] {dag.py:2726} INFO - Sync 1 DAGs
[2024-10-13T09:48:29.376+0000] {logging_mixin.py:149} INFO - [2024-10-13T09:48:29.375+0000] {dag.py:3490} INFO - Setting next_dagrun for example_xcom to 2021-01-01T00:00:00+00:00, run_after=2021-01-01T00:00:00+00:00
[2024-10-13T09:48:29.394+0000] {processor.py:178} INFO - Processing /home/airflow/.local/lib/python3.7/site-packages/airflow/example_dags/example_xcom.py took 0.088 seconds
[2024-10-13T09:48:59.585+0000] {processor.py:156} INFO - Started process (PID=2697) to work on /home/airflow/.local/lib/python3.7/site-packages/airflow/example_dags/example_xcom.py
[2024-10-13T09:48:59.586+0000] {processor.py:799} INFO - Processing file /home/airflow/.local/lib/python3.7/site-packages/airflow/example_dags/example_xcom.py for tasks to queue
[2024-10-13T09:48:59.586+0000] {logging_mixin.py:149} INFO - [2024-10-13T09:48:59.586+0000] {dagbag.py:541} INFO - Filling up the DagBag from /home/airflow/.local/lib/python3.7/site-packages/airflow/example_dags/example_xcom.py
[2024-10-13T09:48:59.594+0000] {processor.py:809} INFO - DAG(s) dict_keys(['example_xcom']) retrieved from /home/airflow/.local/lib/python3.7/site-packages/airflow/example_dags/example_xcom.py
[2024-10-13T09:48:59.621+0000] {logging_mixin.py:149} INFO - [2024-10-13T09:48:59.621+0000] {dag.py:2726} INFO - Sync 1 DAGs
[2024-10-13T09:48:59.648+0000] {logging_mixin.py:149} INFO - [2024-10-13T09:48:59.647+0000] {dag.py:3490} INFO - Setting next_dagrun for example_xcom to 2021-01-01T00:00:00+00:00, run_after=2021-01-01T00:00:00+00:00
[2024-10-13T09:48:59.666+0000] {processor.py:178} INFO - Processing /home/airflow/.local/lib/python3.7/site-packages/airflow/example_dags/example_xcom.py took 0.085 seconds
[2024-10-13T09:49:30.071+0000] {processor.py:156} INFO - Started process (PID=2758) to work on /home/airflow/.local/lib/python3.7/site-packages/airflow/example_dags/example_xcom.py
[2024-10-13T09:49:30.072+0000] {processor.py:799} INFO - Processing file /home/airflow/.local/lib/python3.7/site-packages/airflow/example_dags/example_xcom.py for tasks to queue
[2024-10-13T09:49:30.073+0000] {logging_mixin.py:149} INFO - [2024-10-13T09:49:30.073+0000] {dagbag.py:541} INFO - Filling up the DagBag from /home/airflow/.local/lib/python3.7/site-packages/airflow/example_dags/example_xcom.py
[2024-10-13T09:49:30.081+0000] {processor.py:809} INFO - DAG(s) dict_keys(['example_xcom']) retrieved from /home/airflow/.local/lib/python3.7/site-packages/airflow/example_dags/example_xcom.py
[2024-10-13T09:49:30.108+0000] {logging_mixin.py:149} INFO - [2024-10-13T09:49:30.108+0000] {dag.py:2726} INFO - Sync 1 DAGs
[2024-10-13T09:49:30.135+0000] {logging_mixin.py:149} INFO - [2024-10-13T09:49:30.135+0000] {dag.py:3490} INFO - Setting next_dagrun for example_xcom to 2021-01-01T00:00:00+00:00, run_after=2021-01-01T00:00:00+00:00
[2024-10-13T09:49:30.153+0000] {processor.py:178} INFO - Processing /home/airflow/.local/lib/python3.7/site-packages/airflow/example_dags/example_xcom.py took 0.085 seconds
[2024-10-13T09:50:00.265+0000] {processor.py:156} INFO - Started process (PID=2819) to work on /home/airflow/.local/lib/python3.7/site-packages/airflow/example_dags/example_xcom.py
[2024-10-13T09:50:00.266+0000] {processor.py:799} INFO - Processing file /home/airflow/.local/lib/python3.7/site-packages/airflow/example_dags/example_xcom.py for tasks to queue
[2024-10-13T09:50:00.266+0000] {logging_mixin.py:149} INFO - [2024-10-13T09:50:00.266+0000] {dagbag.py:541} INFO - Filling up the DagBag from /home/airflow/.local/lib/python3.7/site-packages/airflow/example_dags/example_xcom.py
[2024-10-13T09:50:00.274+0000] {processor.py:809} INFO - DAG(s) dict_keys(['example_xcom']) retrieved from /home/airflow/.local/lib/python3.7/site-packages/airflow/example_dags/example_xcom.py
[2024-10-13T09:50:00.300+0000] {logging_mixin.py:149} INFO - [2024-10-13T09:50:00.300+0000] {dag.py:2726} INFO - Sync 1 DAGs
[2024-10-13T09:50:00.327+0000] {logging_mixin.py:149} INFO - [2024-10-13T09:50:00.327+0000] {dag.py:3490} INFO - Setting next_dagrun for example_xcom to 2021-01-01T00:00:00+00:00, run_after=2021-01-01T00:00:00+00:00
[2024-10-13T09:50:00.346+0000] {processor.py:178} INFO - Processing /home/airflow/.local/lib/python3.7/site-packages/airflow/example_dags/example_xcom.py took 0.085 seconds
[2024-10-13T09:50:30.487+0000] {processor.py:156} INFO - Started process (PID=2880) to work on /home/airflow/.local/lib/python3.7/site-packages/airflow/example_dags/example_xcom.py
[2024-10-13T09:50:30.488+0000] {processor.py:799} INFO - Processing file /home/airflow/.local/lib/python3.7/site-packages/airflow/example_dags/example_xcom.py for tasks to queue
[2024-10-13T09:50:30.489+0000] {logging_mixin.py:149} INFO - [2024-10-13T09:50:30.489+0000] {dagbag.py:541} INFO - Filling up the DagBag from /home/airflow/.local/lib/python3.7/site-packages/airflow/example_dags/example_xcom.py
[2024-10-13T09:50:30.500+0000] {processor.py:809} INFO - DAG(s) dict_keys(['example_xcom']) retrieved from /home/airflow/.local/lib/python3.7/site-packages/airflow/example_dags/example_xcom.py
[2024-10-13T09:50:30.527+0000] {logging_mixin.py:149} INFO - [2024-10-13T09:50:30.526+0000] {dag.py:2726} INFO - Sync 1 DAGs
[2024-10-13T09:50:30.553+0000] {logging_mixin.py:149} INFO - [2024-10-13T09:50:30.553+0000] {dag.py:3490} INFO - Setting next_dagrun for example_xcom to 2021-01-01T00:00:00+00:00, run_after=2021-01-01T00:00:00+00:00
[2024-10-13T09:50:30.571+0000] {processor.py:178} INFO - Processing /home/airflow/.local/lib/python3.7/site-packages/airflow/example_dags/example_xcom.py took 0.089 seconds
[2024-10-13T09:51:00.871+0000] {processor.py:156} INFO - Started process (PID=2941) to work on /home/airflow/.local/lib/python3.7/site-packages/airflow/example_dags/example_xcom.py
[2024-10-13T09:51:00.872+0000] {processor.py:799} INFO - Processing file /home/airflow/.local/lib/python3.7/site-packages/airflow/example_dags/example_xcom.py for tasks to queue
[2024-10-13T09:51:00.873+0000] {logging_mixin.py:149} INFO - [2024-10-13T09:51:00.873+0000] {dagbag.py:541} INFO - Filling up the DagBag from /home/airflow/.local/lib/python3.7/site-packages/airflow/example_dags/example_xcom.py
[2024-10-13T09:51:00.881+0000] {processor.py:809} INFO - DAG(s) dict_keys(['example_xcom']) retrieved from /home/airflow/.local/lib/python3.7/site-packages/airflow/example_dags/example_xcom.py
[2024-10-13T09:51:00.918+0000] {logging_mixin.py:149} INFO - [2024-10-13T09:51:00.918+0000] {dag.py:2726} INFO - Sync 1 DAGs
[2024-10-13T09:51:00.957+0000] {logging_mixin.py:149} INFO - [2024-10-13T09:51:00.957+0000] {dag.py:3490} INFO - Setting next_dagrun for example_xcom to 2021-01-01T00:00:00+00:00, run_after=2021-01-01T00:00:00+00:00
[2024-10-13T09:51:00.974+0000] {processor.py:178} INFO - Processing /home/airflow/.local/lib/python3.7/site-packages/airflow/example_dags/example_xcom.py took 0.106 seconds
[2024-10-13T09:51:31.238+0000] {processor.py:156} INFO - Started process (PID=3002) to work on /home/airflow/.local/lib/python3.7/site-packages/airflow/example_dags/example_xcom.py
[2024-10-13T09:51:31.239+0000] {processor.py:799} INFO - Processing file /home/airflow/.local/lib/python3.7/site-packages/airflow/example_dags/example_xcom.py for tasks to queue
[2024-10-13T09:51:31.240+0000] {logging_mixin.py:149} INFO - [2024-10-13T09:51:31.239+0000] {dagbag.py:541} INFO - Filling up the DagBag from /home/airflow/.local/lib/python3.7/site-packages/airflow/example_dags/example_xcom.py
[2024-10-13T09:51:31.247+0000] {processor.py:809} INFO - DAG(s) dict_keys(['example_xcom']) retrieved from /home/airflow/.local/lib/python3.7/site-packages/airflow/example_dags/example_xcom.py
[2024-10-13T09:51:31.274+0000] {logging_mixin.py:149} INFO - [2024-10-13T09:51:31.274+0000] {dag.py:2726} INFO - Sync 1 DAGs
[2024-10-13T09:51:31.301+0000] {logging_mixin.py:149} INFO - [2024-10-13T09:51:31.300+0000] {dag.py:3490} INFO - Setting next_dagrun for example_xcom to 2021-01-01T00:00:00+00:00, run_after=2021-01-01T00:00:00+00:00
[2024-10-13T09:51:31.319+0000] {processor.py:178} INFO - Processing /home/airflow/.local/lib/python3.7/site-packages/airflow/example_dags/example_xcom.py took 0.085 seconds
[2024-10-13T09:52:01.636+0000] {processor.py:156} INFO - Started process (PID=3063) to work on /home/airflow/.local/lib/python3.7/site-packages/airflow/example_dags/example_xcom.py
[2024-10-13T09:52:01.637+0000] {processor.py:799} INFO - Processing file /home/airflow/.local/lib/python3.7/site-packages/airflow/example_dags/example_xcom.py for tasks to queue
[2024-10-13T09:52:01.638+0000] {logging_mixin.py:149} INFO - [2024-10-13T09:52:01.637+0000] {dagbag.py:541} INFO - Filling up the DagBag from /home/airflow/.local/lib/python3.7/site-packages/airflow/example_dags/example_xcom.py
[2024-10-13T09:52:01.645+0000] {processor.py:809} INFO - DAG(s) dict_keys(['example_xcom']) retrieved from /home/airflow/.local/lib/python3.7/site-packages/airflow/example_dags/example_xcom.py
[2024-10-13T09:52:01.672+0000] {logging_mixin.py:149} INFO - [2024-10-13T09:52:01.672+0000] {dag.py:2726} INFO - Sync 1 DAGs
[2024-10-13T09:52:01.699+0000] {logging_mixin.py:149} INFO - [2024-10-13T09:52:01.698+0000] {dag.py:3490} INFO - Setting next_dagrun for example_xcom to 2021-01-01T00:00:00+00:00, run_after=2021-01-01T00:00:00+00:00
[2024-10-13T09:52:01.717+0000] {processor.py:178} INFO - Processing /home/airflow/.local/lib/python3.7/site-packages/airflow/example_dags/example_xcom.py took 0.084 seconds
[2024-10-13T09:52:32.187+0000] {processor.py:156} INFO - Started process (PID=3124) to work on /home/airflow/.local/lib/python3.7/site-packages/airflow/example_dags/example_xcom.py
[2024-10-13T09:52:32.188+0000] {processor.py:799} INFO - Processing file /home/airflow/.local/lib/python3.7/site-packages/airflow/example_dags/example_xcom.py for tasks to queue
[2024-10-13T09:52:32.188+0000] {logging_mixin.py:149} INFO - [2024-10-13T09:52:32.188+0000] {dagbag.py:541} INFO - Filling up the DagBag from /home/airflow/.local/lib/python3.7/site-packages/airflow/example_dags/example_xcom.py
[2024-10-13T09:52:32.197+0000] {processor.py:809} INFO - DAG(s) dict_keys(['example_xcom']) retrieved from /home/airflow/.local/lib/python3.7/site-packages/airflow/example_dags/example_xcom.py
[2024-10-13T09:52:32.227+0000] {logging_mixin.py:149} INFO - [2024-10-13T09:52:32.227+0000] {dag.py:2726} INFO - Sync 1 DAGs
[2024-10-13T09:52:32.260+0000] {logging_mixin.py:149} INFO - [2024-10-13T09:52:32.260+0000] {dag.py:3490} INFO - Setting next_dagrun for example_xcom to 2021-01-01T00:00:00+00:00, run_after=2021-01-01T00:00:00+00:00
[2024-10-13T09:52:32.282+0000] {processor.py:178} INFO - Processing /home/airflow/.local/lib/python3.7/site-packages/airflow/example_dags/example_xcom.py took 0.099 seconds
[2024-10-13T09:53:02.592+0000] {processor.py:156} INFO - Started process (PID=3185) to work on /home/airflow/.local/lib/python3.7/site-packages/airflow/example_dags/example_xcom.py
[2024-10-13T09:53:02.593+0000] {processor.py:799} INFO - Processing file /home/airflow/.local/lib/python3.7/site-packages/airflow/example_dags/example_xcom.py for tasks to queue
[2024-10-13T09:53:02.593+0000] {logging_mixin.py:149} INFO - [2024-10-13T09:53:02.593+0000] {dagbag.py:541} INFO - Filling up the DagBag from /home/airflow/.local/lib/python3.7/site-packages/airflow/example_dags/example_xcom.py
[2024-10-13T09:53:02.601+0000] {processor.py:809} INFO - DAG(s) dict_keys(['example_xcom']) retrieved from /home/airflow/.local/lib/python3.7/site-packages/airflow/example_dags/example_xcom.py
[2024-10-13T09:53:02.627+0000] {logging_mixin.py:149} INFO - [2024-10-13T09:53:02.627+0000] {dag.py:2726} INFO - Sync 1 DAGs
[2024-10-13T09:53:02.656+0000] {logging_mixin.py:149} INFO - [2024-10-13T09:53:02.656+0000] {dag.py:3490} INFO - Setting next_dagrun for example_xcom to 2021-01-01T00:00:00+00:00, run_after=2021-01-01T00:00:00+00:00
[2024-10-13T09:53:02.674+0000] {processor.py:178} INFO - Processing /home/airflow/.local/lib/python3.7/site-packages/airflow/example_dags/example_xcom.py took 0.086 seconds
[2024-10-13T09:53:32.815+0000] {processor.py:156} INFO - Started process (PID=3246) to work on /home/airflow/.local/lib/python3.7/site-packages/airflow/example_dags/example_xcom.py
[2024-10-13T09:53:32.816+0000] {processor.py:799} INFO - Processing file /home/airflow/.local/lib/python3.7/site-packages/airflow/example_dags/example_xcom.py for tasks to queue
[2024-10-13T09:53:32.816+0000] {logging_mixin.py:149} INFO - [2024-10-13T09:53:32.816+0000] {dagbag.py:541} INFO - Filling up the DagBag from /home/airflow/.local/lib/python3.7/site-packages/airflow/example_dags/example_xcom.py
[2024-10-13T09:53:32.824+0000] {processor.py:809} INFO - DAG(s) dict_keys(['example_xcom']) retrieved from /home/airflow/.local/lib/python3.7/site-packages/airflow/example_dags/example_xcom.py
[2024-10-13T09:53:32.850+0000] {logging_mixin.py:149} INFO - [2024-10-13T09:53:32.850+0000] {dag.py:2726} INFO - Sync 1 DAGs
[2024-10-13T09:53:32.878+0000] {logging_mixin.py:149} INFO - [2024-10-13T09:53:32.878+0000] {dag.py:3490} INFO - Setting next_dagrun for example_xcom to 2021-01-01T00:00:00+00:00, run_after=2021-01-01T00:00:00+00:00
[2024-10-13T09:53:32.907+0000] {processor.py:178} INFO - Processing /home/airflow/.local/lib/python3.7/site-packages/airflow/example_dags/example_xcom.py took 0.095 seconds
[2024-10-13T09:54:03.061+0000] {processor.py:156} INFO - Started process (PID=3298) to work on /home/airflow/.local/lib/python3.7/site-packages/airflow/example_dags/example_xcom.py
[2024-10-13T09:54:03.062+0000] {processor.py:799} INFO - Processing file /home/airflow/.local/lib/python3.7/site-packages/airflow/example_dags/example_xcom.py for tasks to queue
[2024-10-13T09:54:03.063+0000] {logging_mixin.py:149} INFO - [2024-10-13T09:54:03.063+0000] {dagbag.py:541} INFO - Filling up the DagBag from /home/airflow/.local/lib/python3.7/site-packages/airflow/example_dags/example_xcom.py
[2024-10-13T09:54:03.070+0000] {processor.py:809} INFO - DAG(s) dict_keys(['example_xcom']) retrieved from /home/airflow/.local/lib/python3.7/site-packages/airflow/example_dags/example_xcom.py
[2024-10-13T09:54:03.097+0000] {logging_mixin.py:149} INFO - [2024-10-13T09:54:03.097+0000] {dag.py:2726} INFO - Sync 1 DAGs
[2024-10-13T09:54:03.123+0000] {logging_mixin.py:149} INFO - [2024-10-13T09:54:03.123+0000] {dag.py:3490} INFO - Setting next_dagrun for example_xcom to 2021-01-01T00:00:00+00:00, run_after=2021-01-01T00:00:00+00:00
[2024-10-13T09:54:03.142+0000] {processor.py:178} INFO - Processing /home/airflow/.local/lib/python3.7/site-packages/airflow/example_dags/example_xcom.py took 0.084 seconds
[2024-10-13T09:54:33.238+0000] {processor.py:156} INFO - Started process (PID=3359) to work on /home/airflow/.local/lib/python3.7/site-packages/airflow/example_dags/example_xcom.py
[2024-10-13T09:54:33.239+0000] {processor.py:799} INFO - Processing file /home/airflow/.local/lib/python3.7/site-packages/airflow/example_dags/example_xcom.py for tasks to queue
[2024-10-13T09:54:33.239+0000] {logging_mixin.py:149} INFO - [2024-10-13T09:54:33.239+0000] {dagbag.py:541} INFO - Filling up the DagBag from /home/airflow/.local/lib/python3.7/site-packages/airflow/example_dags/example_xcom.py
[2024-10-13T09:54:33.247+0000] {processor.py:809} INFO - DAG(s) dict_keys(['example_xcom']) retrieved from /home/airflow/.local/lib/python3.7/site-packages/airflow/example_dags/example_xcom.py
[2024-10-13T09:54:33.274+0000] {logging_mixin.py:149} INFO - [2024-10-13T09:54:33.274+0000] {dag.py:2726} INFO - Sync 1 DAGs
[2024-10-13T09:54:33.301+0000] {logging_mixin.py:149} INFO - [2024-10-13T09:54:33.301+0000] {dag.py:3490} INFO - Setting next_dagrun for example_xcom to 2021-01-01T00:00:00+00:00, run_after=2021-01-01T00:00:00+00:00
[2024-10-13T09:54:33.326+0000] {processor.py:178} INFO - Processing /home/airflow/.local/lib/python3.7/site-packages/airflow/example_dags/example_xcom.py took 0.092 seconds
[2024-10-13T09:55:03.517+0000] {processor.py:156} INFO - Started process (PID=3420) to work on /home/airflow/.local/lib/python3.7/site-packages/airflow/example_dags/example_xcom.py
[2024-10-13T09:55:03.518+0000] {processor.py:799} INFO - Processing file /home/airflow/.local/lib/python3.7/site-packages/airflow/example_dags/example_xcom.py for tasks to queue
[2024-10-13T09:55:03.519+0000] {logging_mixin.py:149} INFO - [2024-10-13T09:55:03.519+0000] {dagbag.py:541} INFO - Filling up the DagBag from /home/airflow/.local/lib/python3.7/site-packages/airflow/example_dags/example_xcom.py
[2024-10-13T09:55:03.531+0000] {processor.py:809} INFO - DAG(s) dict_keys(['example_xcom']) retrieved from /home/airflow/.local/lib/python3.7/site-packages/airflow/example_dags/example_xcom.py
[2024-10-13T09:55:03.558+0000] {logging_mixin.py:149} INFO - [2024-10-13T09:55:03.558+0000] {dag.py:2726} INFO - Sync 1 DAGs
[2024-10-13T09:55:03.591+0000] {logging_mixin.py:149} INFO - [2024-10-13T09:55:03.591+0000] {dag.py:3490} INFO - Setting next_dagrun for example_xcom to 2021-01-01T00:00:00+00:00, run_after=2021-01-01T00:00:00+00:00
[2024-10-13T09:55:03.615+0000] {processor.py:178} INFO - Processing /home/airflow/.local/lib/python3.7/site-packages/airflow/example_dags/example_xcom.py took 0.102 seconds
[2024-10-13T09:55:34.062+0000] {processor.py:156} INFO - Started process (PID=3481) to work on /home/airflow/.local/lib/python3.7/site-packages/airflow/example_dags/example_xcom.py
[2024-10-13T09:55:34.063+0000] {processor.py:799} INFO - Processing file /home/airflow/.local/lib/python3.7/site-packages/airflow/example_dags/example_xcom.py for tasks to queue
[2024-10-13T09:55:34.064+0000] {logging_mixin.py:149} INFO - [2024-10-13T09:55:34.063+0000] {dagbag.py:541} INFO - Filling up the DagBag from /home/airflow/.local/lib/python3.7/site-packages/airflow/example_dags/example_xcom.py
[2024-10-13T09:55:34.071+0000] {processor.py:809} INFO - DAG(s) dict_keys(['example_xcom']) retrieved from /home/airflow/.local/lib/python3.7/site-packages/airflow/example_dags/example_xcom.py
[2024-10-13T09:55:34.098+0000] {logging_mixin.py:149} INFO - [2024-10-13T09:55:34.098+0000] {dag.py:2726} INFO - Sync 1 DAGs
[2024-10-13T09:55:34.127+0000] {logging_mixin.py:149} INFO - [2024-10-13T09:55:34.127+0000] {dag.py:3490} INFO - Setting next_dagrun for example_xcom to 2021-01-01T00:00:00+00:00, run_after=2021-01-01T00:00:00+00:00
[2024-10-13T09:55:34.146+0000] {processor.py:178} INFO - Processing /home/airflow/.local/lib/python3.7/site-packages/airflow/example_dags/example_xcom.py took 0.087 seconds
[2024-10-13T09:56:04.564+0000] {processor.py:156} INFO - Started process (PID=3542) to work on /home/airflow/.local/lib/python3.7/site-packages/airflow/example_dags/example_xcom.py
[2024-10-13T09:56:04.565+0000] {processor.py:799} INFO - Processing file /home/airflow/.local/lib/python3.7/site-packages/airflow/example_dags/example_xcom.py for tasks to queue
[2024-10-13T09:56:04.565+0000] {logging_mixin.py:149} INFO - [2024-10-13T09:56:04.565+0000] {dagbag.py:541} INFO - Filling up the DagBag from /home/airflow/.local/lib/python3.7/site-packages/airflow/example_dags/example_xcom.py
[2024-10-13T09:56:04.573+0000] {processor.py:809} INFO - DAG(s) dict_keys(['example_xcom']) retrieved from /home/airflow/.local/lib/python3.7/site-packages/airflow/example_dags/example_xcom.py
[2024-10-13T09:56:04.601+0000] {logging_mixin.py:149} INFO - [2024-10-13T09:56:04.600+0000] {dag.py:2726} INFO - Sync 1 DAGs
[2024-10-13T09:56:04.630+0000] {logging_mixin.py:149} INFO - [2024-10-13T09:56:04.630+0000] {dag.py:3490} INFO - Setting next_dagrun for example_xcom to 2021-01-01T00:00:00+00:00, run_after=2021-01-01T00:00:00+00:00
[2024-10-13T09:56:04.649+0000] {processor.py:178} INFO - Processing /home/airflow/.local/lib/python3.7/site-packages/airflow/example_dags/example_xcom.py took 0.088 seconds
[2024-10-13T09:56:34.963+0000] {processor.py:156} INFO - Started process (PID=3603) to work on /home/airflow/.local/lib/python3.7/site-packages/airflow/example_dags/example_xcom.py
[2024-10-13T09:56:34.964+0000] {processor.py:799} INFO - Processing file /home/airflow/.local/lib/python3.7/site-packages/airflow/example_dags/example_xcom.py for tasks to queue
[2024-10-13T09:56:34.965+0000] {logging_mixin.py:149} INFO - [2024-10-13T09:56:34.964+0000] {dagbag.py:541} INFO - Filling up the DagBag from /home/airflow/.local/lib/python3.7/site-packages/airflow/example_dags/example_xcom.py
[2024-10-13T09:56:34.972+0000] {processor.py:809} INFO - DAG(s) dict_keys(['example_xcom']) retrieved from /home/airflow/.local/lib/python3.7/site-packages/airflow/example_dags/example_xcom.py
[2024-10-13T09:56:34.999+0000] {logging_mixin.py:149} INFO - [2024-10-13T09:56:34.999+0000] {dag.py:2726} INFO - Sync 1 DAGs
[2024-10-13T09:56:35.027+0000] {logging_mixin.py:149} INFO - [2024-10-13T09:56:35.026+0000] {dag.py:3490} INFO - Setting next_dagrun for example_xcom to 2021-01-01T00:00:00+00:00, run_after=2021-01-01T00:00:00+00:00
[2024-10-13T09:56:35.047+0000] {processor.py:178} INFO - Processing /home/airflow/.local/lib/python3.7/site-packages/airflow/example_dags/example_xcom.py took 0.087 seconds
[2024-10-13T09:57:05.576+0000] {processor.py:156} INFO - Started process (PID=3664) to work on /home/airflow/.local/lib/python3.7/site-packages/airflow/example_dags/example_xcom.py
[2024-10-13T09:57:05.577+0000] {processor.py:799} INFO - Processing file /home/airflow/.local/lib/python3.7/site-packages/airflow/example_dags/example_xcom.py for tasks to queue
[2024-10-13T09:57:05.578+0000] {logging_mixin.py:149} INFO - [2024-10-13T09:57:05.578+0000] {dagbag.py:541} INFO - Filling up the DagBag from /home/airflow/.local/lib/python3.7/site-packages/airflow/example_dags/example_xcom.py
[2024-10-13T09:57:05.585+0000] {processor.py:809} INFO - DAG(s) dict_keys(['example_xcom']) retrieved from /home/airflow/.local/lib/python3.7/site-packages/airflow/example_dags/example_xcom.py
[2024-10-13T09:57:05.612+0000] {logging_mixin.py:149} INFO - [2024-10-13T09:57:05.611+0000] {dag.py:2726} INFO - Sync 1 DAGs
[2024-10-13T09:57:05.638+0000] {logging_mixin.py:149} INFO - [2024-10-13T09:57:05.637+0000] {dag.py:3490} INFO - Setting next_dagrun for example_xcom to 2021-01-01T00:00:00+00:00, run_after=2021-01-01T00:00:00+00:00
[2024-10-13T09:57:05.657+0000] {processor.py:178} INFO - Processing /home/airflow/.local/lib/python3.7/site-packages/airflow/example_dags/example_xcom.py took 0.084 seconds
[2024-10-13T09:57:36.399+0000] {processor.py:156} INFO - Started process (PID=3725) to work on /home/airflow/.local/lib/python3.7/site-packages/airflow/example_dags/example_xcom.py
[2024-10-13T09:57:36.400+0000] {processor.py:799} INFO - Processing file /home/airflow/.local/lib/python3.7/site-packages/airflow/example_dags/example_xcom.py for tasks to queue
[2024-10-13T09:57:36.401+0000] {logging_mixin.py:149} INFO - [2024-10-13T09:57:36.401+0000] {dagbag.py:541} INFO - Filling up the DagBag from /home/airflow/.local/lib/python3.7/site-packages/airflow/example_dags/example_xcom.py
[2024-10-13T09:57:36.410+0000] {processor.py:809} INFO - DAG(s) dict_keys(['example_xcom']) retrieved from /home/airflow/.local/lib/python3.7/site-packages/airflow/example_dags/example_xcom.py
[2024-10-13T09:57:36.440+0000] {logging_mixin.py:149} INFO - [2024-10-13T09:57:36.440+0000] {dag.py:2726} INFO - Sync 1 DAGs
[2024-10-13T09:57:36.473+0000] {logging_mixin.py:149} INFO - [2024-10-13T09:57:36.473+0000] {dag.py:3490} INFO - Setting next_dagrun for example_xcom to 2021-01-01T00:00:00+00:00, run_after=2021-01-01T00:00:00+00:00
[2024-10-13T09:57:36.499+0000] {processor.py:178} INFO - Processing /home/airflow/.local/lib/python3.7/site-packages/airflow/example_dags/example_xcom.py took 0.103 seconds
[2024-10-13T14:18:49.258+0000] {processor.py:156} INFO - Started process (PID=57) to work on /home/airflow/.local/lib/python3.7/site-packages/airflow/example_dags/example_xcom.py
[2024-10-13T14:18:49.259+0000] {processor.py:799} INFO - Processing file /home/airflow/.local/lib/python3.7/site-packages/airflow/example_dags/example_xcom.py for tasks to queue
[2024-10-13T14:18:49.261+0000] {logging_mixin.py:149} INFO - [2024-10-13T14:18:49.260+0000] {dagbag.py:541} INFO - Filling up the DagBag from /home/airflow/.local/lib/python3.7/site-packages/airflow/example_dags/example_xcom.py
[2024-10-13T14:18:49.274+0000] {processor.py:809} INFO - DAG(s) dict_keys(['example_xcom']) retrieved from /home/airflow/.local/lib/python3.7/site-packages/airflow/example_dags/example_xcom.py
[2024-10-13T14:18:49.301+0000] {logging_mixin.py:149} INFO - [2024-10-13T14:18:49.301+0000] {dag.py:2726} INFO - Sync 1 DAGs
[2024-10-13T14:18:49.354+0000] {logging_mixin.py:149} INFO - [2024-10-13T14:18:49.354+0000] {dag.py:3490} INFO - Setting next_dagrun for example_xcom to 2021-01-01T00:00:00+00:00, run_after=2021-01-01T00:00:00+00:00
[2024-10-13T14:18:49.385+0000] {processor.py:178} INFO - Processing /home/airflow/.local/lib/python3.7/site-packages/airflow/example_dags/example_xcom.py took 0.136 seconds
[2024-10-13T14:19:19.479+0000] {processor.py:156} INFO - Started process (PID=118) to work on /home/airflow/.local/lib/python3.7/site-packages/airflow/example_dags/example_xcom.py
[2024-10-13T14:19:19.480+0000] {processor.py:799} INFO - Processing file /home/airflow/.local/lib/python3.7/site-packages/airflow/example_dags/example_xcom.py for tasks to queue
[2024-10-13T14:19:19.481+0000] {logging_mixin.py:149} INFO - [2024-10-13T14:19:19.481+0000] {dagbag.py:541} INFO - Filling up the DagBag from /home/airflow/.local/lib/python3.7/site-packages/airflow/example_dags/example_xcom.py
[2024-10-13T14:19:19.488+0000] {processor.py:809} INFO - DAG(s) dict_keys(['example_xcom']) retrieved from /home/airflow/.local/lib/python3.7/site-packages/airflow/example_dags/example_xcom.py
[2024-10-13T14:19:19.514+0000] {logging_mixin.py:149} INFO - [2024-10-13T14:19:19.514+0000] {dag.py:2726} INFO - Sync 1 DAGs
[2024-10-13T14:19:19.539+0000] {logging_mixin.py:149} INFO - [2024-10-13T14:19:19.539+0000] {dag.py:3490} INFO - Setting next_dagrun for example_xcom to 2021-01-01T00:00:00+00:00, run_after=2021-01-01T00:00:00+00:00
[2024-10-13T14:19:19.557+0000] {processor.py:178} INFO - Processing /home/airflow/.local/lib/python3.7/site-packages/airflow/example_dags/example_xcom.py took 0.081 seconds
[2024-10-13T14:19:49.698+0000] {processor.py:156} INFO - Started process (PID=179) to work on /home/airflow/.local/lib/python3.7/site-packages/airflow/example_dags/example_xcom.py
[2024-10-13T14:19:49.699+0000] {processor.py:799} INFO - Processing file /home/airflow/.local/lib/python3.7/site-packages/airflow/example_dags/example_xcom.py for tasks to queue
[2024-10-13T14:19:49.700+0000] {logging_mixin.py:149} INFO - [2024-10-13T14:19:49.700+0000] {dagbag.py:541} INFO - Filling up the DagBag from /home/airflow/.local/lib/python3.7/site-packages/airflow/example_dags/example_xcom.py
[2024-10-13T14:19:49.708+0000] {processor.py:809} INFO - DAG(s) dict_keys(['example_xcom']) retrieved from /home/airflow/.local/lib/python3.7/site-packages/airflow/example_dags/example_xcom.py
[2024-10-13T14:19:49.734+0000] {logging_mixin.py:149} INFO - [2024-10-13T14:19:49.734+0000] {dag.py:2726} INFO - Sync 1 DAGs
[2024-10-13T14:19:49.765+0000] {logging_mixin.py:149} INFO - [2024-10-13T14:19:49.764+0000] {dag.py:3490} INFO - Setting next_dagrun for example_xcom to 2021-01-01T00:00:00+00:00, run_after=2021-01-01T00:00:00+00:00
[2024-10-13T14:19:49.785+0000] {processor.py:178} INFO - Processing /home/airflow/.local/lib/python3.7/site-packages/airflow/example_dags/example_xcom.py took 0.090 seconds
[2024-10-13T14:20:19.927+0000] {processor.py:156} INFO - Started process (PID=240) to work on /home/airflow/.local/lib/python3.7/site-packages/airflow/example_dags/example_xcom.py
[2024-10-13T14:20:19.927+0000] {processor.py:799} INFO - Processing file /home/airflow/.local/lib/python3.7/site-packages/airflow/example_dags/example_xcom.py for tasks to queue
[2024-10-13T14:20:19.928+0000] {logging_mixin.py:149} INFO - [2024-10-13T14:20:19.928+0000] {dagbag.py:541} INFO - Filling up the DagBag from /home/airflow/.local/lib/python3.7/site-packages/airflow/example_dags/example_xcom.py
[2024-10-13T14:20:19.936+0000] {processor.py:809} INFO - DAG(s) dict_keys(['example_xcom']) retrieved from /home/airflow/.local/lib/python3.7/site-packages/airflow/example_dags/example_xcom.py
[2024-10-13T14:20:19.974+0000] {logging_mixin.py:149} INFO - [2024-10-13T14:20:19.974+0000] {dag.py:2726} INFO - Sync 1 DAGs
[2024-10-13T14:20:20.009+0000] {logging_mixin.py:149} INFO - [2024-10-13T14:20:20.009+0000] {dag.py:3490} INFO - Setting next_dagrun for example_xcom to 2021-01-01T00:00:00+00:00, run_after=2021-01-01T00:00:00+00:00
[2024-10-13T14:20:20.031+0000] {processor.py:178} INFO - Processing /home/airflow/.local/lib/python3.7/site-packages/airflow/example_dags/example_xcom.py took 0.107 seconds
[2024-10-13T14:20:50.468+0000] {processor.py:156} INFO - Started process (PID=307) to work on /home/airflow/.local/lib/python3.7/site-packages/airflow/example_dags/example_xcom.py
[2024-10-13T14:20:50.469+0000] {processor.py:799} INFO - Processing file /home/airflow/.local/lib/python3.7/site-packages/airflow/example_dags/example_xcom.py for tasks to queue
[2024-10-13T14:20:50.470+0000] {logging_mixin.py:149} INFO - [2024-10-13T14:20:50.469+0000] {dagbag.py:541} INFO - Filling up the DagBag from /home/airflow/.local/lib/python3.7/site-packages/airflow/example_dags/example_xcom.py
[2024-10-13T14:20:50.477+0000] {processor.py:809} INFO - DAG(s) dict_keys(['example_xcom']) retrieved from /home/airflow/.local/lib/python3.7/site-packages/airflow/example_dags/example_xcom.py
[2024-10-13T14:20:50.504+0000] {logging_mixin.py:149} INFO - [2024-10-13T14:20:50.504+0000] {dag.py:2726} INFO - Sync 1 DAGs
[2024-10-13T14:20:50.535+0000] {logging_mixin.py:149} INFO - [2024-10-13T14:20:50.535+0000] {dag.py:3490} INFO - Setting next_dagrun for example_xcom to 2021-01-01T00:00:00+00:00, run_after=2021-01-01T00:00:00+00:00
[2024-10-13T14:20:50.557+0000] {processor.py:178} INFO - Processing /home/airflow/.local/lib/python3.7/site-packages/airflow/example_dags/example_xcom.py took 0.093 seconds
[2024-10-13T14:21:21.084+0000] {processor.py:156} INFO - Started process (PID=368) to work on /home/airflow/.local/lib/python3.7/site-packages/airflow/example_dags/example_xcom.py
[2024-10-13T14:21:21.085+0000] {processor.py:799} INFO - Processing file /home/airflow/.local/lib/python3.7/site-packages/airflow/example_dags/example_xcom.py for tasks to queue
[2024-10-13T14:21:21.086+0000] {logging_mixin.py:149} INFO - [2024-10-13T14:21:21.086+0000] {dagbag.py:541} INFO - Filling up the DagBag from /home/airflow/.local/lib/python3.7/site-packages/airflow/example_dags/example_xcom.py
[2024-10-13T14:21:21.094+0000] {processor.py:809} INFO - DAG(s) dict_keys(['example_xcom']) retrieved from /home/airflow/.local/lib/python3.7/site-packages/airflow/example_dags/example_xcom.py
[2024-10-13T14:21:21.126+0000] {logging_mixin.py:149} INFO - [2024-10-13T14:21:21.126+0000] {dag.py:2726} INFO - Sync 1 DAGs
[2024-10-13T14:21:21.168+0000] {logging_mixin.py:149} INFO - [2024-10-13T14:21:21.168+0000] {dag.py:3490} INFO - Setting next_dagrun for example_xcom to 2021-01-01T00:00:00+00:00, run_after=2021-01-01T00:00:00+00:00
[2024-10-13T14:21:21.195+0000] {processor.py:178} INFO - Processing /home/airflow/.local/lib/python3.7/site-packages/airflow/example_dags/example_xcom.py took 0.116 seconds
[2024-10-13T14:21:51.506+0000] {processor.py:156} INFO - Started process (PID=429) to work on /home/airflow/.local/lib/python3.7/site-packages/airflow/example_dags/example_xcom.py
[2024-10-13T14:21:51.507+0000] {processor.py:799} INFO - Processing file /home/airflow/.local/lib/python3.7/site-packages/airflow/example_dags/example_xcom.py for tasks to queue
[2024-10-13T14:21:51.508+0000] {logging_mixin.py:149} INFO - [2024-10-13T14:21:51.508+0000] {dagbag.py:541} INFO - Filling up the DagBag from /home/airflow/.local/lib/python3.7/site-packages/airflow/example_dags/example_xcom.py
[2024-10-13T14:21:51.519+0000] {processor.py:809} INFO - DAG(s) dict_keys(['example_xcom']) retrieved from /home/airflow/.local/lib/python3.7/site-packages/airflow/example_dags/example_xcom.py
[2024-10-13T14:21:51.561+0000] {logging_mixin.py:149} INFO - [2024-10-13T14:21:51.560+0000] {dag.py:2726} INFO - Sync 1 DAGs
[2024-10-13T14:21:51.590+0000] {logging_mixin.py:149} INFO - [2024-10-13T14:21:51.589+0000] {dag.py:3490} INFO - Setting next_dagrun for example_xcom to 2021-01-01T00:00:00+00:00, run_after=2021-01-01T00:00:00+00:00
[2024-10-13T14:21:51.618+0000] {processor.py:178} INFO - Processing /home/airflow/.local/lib/python3.7/site-packages/airflow/example_dags/example_xcom.py took 0.118 seconds
[2024-10-13T14:22:22.050+0000] {processor.py:156} INFO - Started process (PID=490) to work on /home/airflow/.local/lib/python3.7/site-packages/airflow/example_dags/example_xcom.py
[2024-10-13T14:22:22.051+0000] {processor.py:799} INFO - Processing file /home/airflow/.local/lib/python3.7/site-packages/airflow/example_dags/example_xcom.py for tasks to queue
[2024-10-13T14:22:22.052+0000] {logging_mixin.py:149} INFO - [2024-10-13T14:22:22.052+0000] {dagbag.py:541} INFO - Filling up the DagBag from /home/airflow/.local/lib/python3.7/site-packages/airflow/example_dags/example_xcom.py
[2024-10-13T14:22:22.060+0000] {processor.py:809} INFO - DAG(s) dict_keys(['example_xcom']) retrieved from /home/airflow/.local/lib/python3.7/site-packages/airflow/example_dags/example_xcom.py
[2024-10-13T14:22:22.086+0000] {logging_mixin.py:149} INFO - [2024-10-13T14:22:22.086+0000] {dag.py:2726} INFO - Sync 1 DAGs
[2024-10-13T14:22:22.116+0000] {logging_mixin.py:149} INFO - [2024-10-13T14:22:22.115+0000] {dag.py:3490} INFO - Setting next_dagrun for example_xcom to 2021-01-01T00:00:00+00:00, run_after=2021-01-01T00:00:00+00:00
[2024-10-13T14:22:22.134+0000] {processor.py:178} INFO - Processing /home/airflow/.local/lib/python3.7/site-packages/airflow/example_dags/example_xcom.py took 0.087 seconds
[2024-10-13T14:22:52.469+0000] {processor.py:156} INFO - Started process (PID=551) to work on /home/airflow/.local/lib/python3.7/site-packages/airflow/example_dags/example_xcom.py
[2024-10-13T14:22:52.470+0000] {processor.py:799} INFO - Processing file /home/airflow/.local/lib/python3.7/site-packages/airflow/example_dags/example_xcom.py for tasks to queue
[2024-10-13T14:22:52.471+0000] {logging_mixin.py:149} INFO - [2024-10-13T14:22:52.470+0000] {dagbag.py:541} INFO - Filling up the DagBag from /home/airflow/.local/lib/python3.7/site-packages/airflow/example_dags/example_xcom.py
[2024-10-13T14:22:52.482+0000] {processor.py:809} INFO - DAG(s) dict_keys(['example_xcom']) retrieved from /home/airflow/.local/lib/python3.7/site-packages/airflow/example_dags/example_xcom.py
[2024-10-13T14:22:52.513+0000] {logging_mixin.py:149} INFO - [2024-10-13T14:22:52.513+0000] {dag.py:2726} INFO - Sync 1 DAGs
[2024-10-13T14:22:52.547+0000] {logging_mixin.py:149} INFO - [2024-10-13T14:22:52.547+0000] {dag.py:3490} INFO - Setting next_dagrun for example_xcom to 2021-01-01T00:00:00+00:00, run_after=2021-01-01T00:00:00+00:00
[2024-10-13T14:22:52.574+0000] {processor.py:178} INFO - Processing /home/airflow/.local/lib/python3.7/site-packages/airflow/example_dags/example_xcom.py took 0.109 seconds
[2024-10-13T14:23:22.724+0000] {processor.py:156} INFO - Started process (PID=612) to work on /home/airflow/.local/lib/python3.7/site-packages/airflow/example_dags/example_xcom.py
[2024-10-13T14:23:22.725+0000] {processor.py:799} INFO - Processing file /home/airflow/.local/lib/python3.7/site-packages/airflow/example_dags/example_xcom.py for tasks to queue
[2024-10-13T14:23:22.725+0000] {logging_mixin.py:149} INFO - [2024-10-13T14:23:22.725+0000] {dagbag.py:541} INFO - Filling up the DagBag from /home/airflow/.local/lib/python3.7/site-packages/airflow/example_dags/example_xcom.py
[2024-10-13T14:23:22.733+0000] {processor.py:809} INFO - DAG(s) dict_keys(['example_xcom']) retrieved from /home/airflow/.local/lib/python3.7/site-packages/airflow/example_dags/example_xcom.py
[2024-10-13T14:23:22.760+0000] {logging_mixin.py:149} INFO - [2024-10-13T14:23:22.760+0000] {dag.py:2726} INFO - Sync 1 DAGs
[2024-10-13T14:23:22.789+0000] {logging_mixin.py:149} INFO - [2024-10-13T14:23:22.789+0000] {dag.py:3490} INFO - Setting next_dagrun for example_xcom to 2021-01-01T00:00:00+00:00, run_after=2021-01-01T00:00:00+00:00
[2024-10-13T14:23:22.808+0000] {processor.py:178} INFO - Processing /home/airflow/.local/lib/python3.7/site-packages/airflow/example_dags/example_xcom.py took 0.087 seconds
