[2024-10-13T09:27:07.803+0000] {processor.py:156} INFO - Started process (PID=47) to work on /home/airflow/.local/lib/python3.7/site-packages/airflow/example_dags/example_branch_labels.py
[2024-10-13T09:27:07.804+0000] {processor.py:799} INFO - Processing file /home/airflow/.local/lib/python3.7/site-packages/airflow/example_dags/example_branch_labels.py for tasks to queue
[2024-10-13T09:27:07.805+0000] {logging_mixin.py:149} INFO - [2024-10-13T09:27:07.804+0000] {dagbag.py:541} INFO - Filling up the DagBag from /home/airflow/.local/lib/python3.7/site-packages/airflow/example_dags/example_branch_labels.py
[2024-10-13T09:27:07.824+0000] {processor.py:809} INFO - DAG(s) dict_keys(['example_branch_labels']) retrieved from /home/airflow/.local/lib/python3.7/site-packages/airflow/example_dags/example_branch_labels.py
[2024-10-13T09:27:08.051+0000] {logging_mixin.py:149} INFO - [2024-10-13T09:27:08.051+0000] {manager.py:504} INFO - Created Permission View: can edit on DAG:example_branch_labels
[2024-10-13T09:27:08.079+0000] {logging_mixin.py:149} INFO - [2024-10-13T09:27:08.079+0000] {manager.py:504} INFO - Created Permission View: can read on DAG:example_branch_labels
[2024-10-13T09:27:08.091+0000] {logging_mixin.py:149} INFO - [2024-10-13T09:27:08.091+0000] {manager.py:504} INFO - Created Permission View: can delete on DAG:example_branch_labels
[2024-10-13T09:27:08.092+0000] {logging_mixin.py:149} INFO - [2024-10-13T09:27:08.092+0000] {dag.py:2726} INFO - Sync 1 DAGs
[2024-10-13T09:27:08.120+0000] {logging_mixin.py:149} INFO - [2024-10-13T09:27:08.120+0000] {dag.py:2747} INFO - Creating ORM DAG for example_branch_labels
[2024-10-13T09:27:08.143+0000] {logging_mixin.py:149} INFO - [2024-10-13T09:27:08.143+0000] {dag.py:3490} INFO - Setting next_dagrun for example_branch_labels to 2024-10-12T00:00:00+00:00, run_after=2024-10-13T00:00:00+00:00
[2024-10-13T09:27:08.171+0000] {processor.py:178} INFO - Processing /home/airflow/.local/lib/python3.7/site-packages/airflow/example_dags/example_branch_labels.py took 0.373 seconds
[2024-10-13T09:27:39.032+0000] {processor.py:156} INFO - Started process (PID=108) to work on /home/airflow/.local/lib/python3.7/site-packages/airflow/example_dags/example_branch_labels.py
[2024-10-13T09:27:39.038+0000] {processor.py:799} INFO - Processing file /home/airflow/.local/lib/python3.7/site-packages/airflow/example_dags/example_branch_labels.py for tasks to queue
[2024-10-13T09:27:39.039+0000] {logging_mixin.py:149} INFO - [2024-10-13T09:27:39.039+0000] {dagbag.py:541} INFO - Filling up the DagBag from /home/airflow/.local/lib/python3.7/site-packages/airflow/example_dags/example_branch_labels.py
[2024-10-13T09:27:39.054+0000] {processor.py:809} INFO - DAG(s) dict_keys(['example_branch_labels']) retrieved from /home/airflow/.local/lib/python3.7/site-packages/airflow/example_dags/example_branch_labels.py
[2024-10-13T09:27:39.092+0000] {logging_mixin.py:149} INFO - [2024-10-13T09:27:39.092+0000] {dag.py:2726} INFO - Sync 1 DAGs
[2024-10-13T09:27:39.126+0000] {logging_mixin.py:149} INFO - [2024-10-13T09:27:39.126+0000] {dag.py:3490} INFO - Setting next_dagrun for example_branch_labels to 2024-10-12T00:00:00+00:00, run_after=2024-10-13T00:00:00+00:00
[2024-10-13T09:27:39.152+0000] {processor.py:178} INFO - Processing /home/airflow/.local/lib/python3.7/site-packages/airflow/example_dags/example_branch_labels.py took 0.125 seconds
[2024-10-13T09:28:09.481+0000] {processor.py:156} INFO - Started process (PID=169) to work on /home/airflow/.local/lib/python3.7/site-packages/airflow/example_dags/example_branch_labels.py
[2024-10-13T09:28:09.482+0000] {processor.py:799} INFO - Processing file /home/airflow/.local/lib/python3.7/site-packages/airflow/example_dags/example_branch_labels.py for tasks to queue
[2024-10-13T09:28:09.483+0000] {logging_mixin.py:149} INFO - [2024-10-13T09:28:09.483+0000] {dagbag.py:541} INFO - Filling up the DagBag from /home/airflow/.local/lib/python3.7/site-packages/airflow/example_dags/example_branch_labels.py
[2024-10-13T09:28:09.492+0000] {processor.py:809} INFO - DAG(s) dict_keys(['example_branch_labels']) retrieved from /home/airflow/.local/lib/python3.7/site-packages/airflow/example_dags/example_branch_labels.py
[2024-10-13T09:28:09.523+0000] {logging_mixin.py:149} INFO - [2024-10-13T09:28:09.523+0000] {dag.py:2726} INFO - Sync 1 DAGs
[2024-10-13T09:28:09.558+0000] {logging_mixin.py:149} INFO - [2024-10-13T09:28:09.558+0000] {dag.py:3490} INFO - Setting next_dagrun for example_branch_labels to 2024-10-12T00:00:00+00:00, run_after=2024-10-13T00:00:00+00:00
[2024-10-13T09:28:09.582+0000] {processor.py:178} INFO - Processing /home/airflow/.local/lib/python3.7/site-packages/airflow/example_dags/example_branch_labels.py took 0.106 seconds
[2024-10-13T09:28:39.750+0000] {processor.py:156} INFO - Started process (PID=230) to work on /home/airflow/.local/lib/python3.7/site-packages/airflow/example_dags/example_branch_labels.py
[2024-10-13T09:28:39.751+0000] {processor.py:799} INFO - Processing file /home/airflow/.local/lib/python3.7/site-packages/airflow/example_dags/example_branch_labels.py for tasks to queue
[2024-10-13T09:28:39.752+0000] {logging_mixin.py:149} INFO - [2024-10-13T09:28:39.752+0000] {dagbag.py:541} INFO - Filling up the DagBag from /home/airflow/.local/lib/python3.7/site-packages/airflow/example_dags/example_branch_labels.py
[2024-10-13T09:28:39.761+0000] {processor.py:809} INFO - DAG(s) dict_keys(['example_branch_labels']) retrieved from /home/airflow/.local/lib/python3.7/site-packages/airflow/example_dags/example_branch_labels.py
[2024-10-13T09:28:39.801+0000] {logging_mixin.py:149} INFO - [2024-10-13T09:28:39.801+0000] {dag.py:2726} INFO - Sync 1 DAGs
[2024-10-13T09:28:39.837+0000] {logging_mixin.py:149} INFO - [2024-10-13T09:28:39.837+0000] {dag.py:3490} INFO - Setting next_dagrun for example_branch_labels to 2024-10-12T00:00:00+00:00, run_after=2024-10-13T00:00:00+00:00
[2024-10-13T09:28:39.862+0000] {processor.py:178} INFO - Processing /home/airflow/.local/lib/python3.7/site-packages/airflow/example_dags/example_branch_labels.py took 0.117 seconds
[2024-10-13T09:29:10.064+0000] {processor.py:156} INFO - Started process (PID=291) to work on /home/airflow/.local/lib/python3.7/site-packages/airflow/example_dags/example_branch_labels.py
[2024-10-13T09:29:10.073+0000] {processor.py:799} INFO - Processing file /home/airflow/.local/lib/python3.7/site-packages/airflow/example_dags/example_branch_labels.py for tasks to queue
[2024-10-13T09:29:10.074+0000] {logging_mixin.py:149} INFO - [2024-10-13T09:29:10.073+0000] {dagbag.py:541} INFO - Filling up the DagBag from /home/airflow/.local/lib/python3.7/site-packages/airflow/example_dags/example_branch_labels.py
[2024-10-13T09:29:10.089+0000] {processor.py:809} INFO - DAG(s) dict_keys(['example_branch_labels']) retrieved from /home/airflow/.local/lib/python3.7/site-packages/airflow/example_dags/example_branch_labels.py
[2024-10-13T09:29:10.129+0000] {logging_mixin.py:149} INFO - [2024-10-13T09:29:10.129+0000] {dag.py:2726} INFO - Sync 1 DAGs
[2024-10-13T09:29:10.165+0000] {logging_mixin.py:149} INFO - [2024-10-13T09:29:10.165+0000] {dag.py:3490} INFO - Setting next_dagrun for example_branch_labels to 2024-10-12T00:00:00+00:00, run_after=2024-10-13T00:00:00+00:00
[2024-10-13T09:29:10.184+0000] {processor.py:178} INFO - Processing /home/airflow/.local/lib/python3.7/site-packages/airflow/example_dags/example_branch_labels.py took 0.124 seconds
[2024-10-13T09:29:40.669+0000] {processor.py:156} INFO - Started process (PID=359) to work on /home/airflow/.local/lib/python3.7/site-packages/airflow/example_dags/example_branch_labels.py
[2024-10-13T09:29:40.670+0000] {processor.py:799} INFO - Processing file /home/airflow/.local/lib/python3.7/site-packages/airflow/example_dags/example_branch_labels.py for tasks to queue
[2024-10-13T09:29:40.671+0000] {logging_mixin.py:149} INFO - [2024-10-13T09:29:40.671+0000] {dagbag.py:541} INFO - Filling up the DagBag from /home/airflow/.local/lib/python3.7/site-packages/airflow/example_dags/example_branch_labels.py
[2024-10-13T09:29:40.679+0000] {processor.py:809} INFO - DAG(s) dict_keys(['example_branch_labels']) retrieved from /home/airflow/.local/lib/python3.7/site-packages/airflow/example_dags/example_branch_labels.py
[2024-10-13T09:29:40.709+0000] {logging_mixin.py:149} INFO - [2024-10-13T09:29:40.709+0000] {dag.py:2726} INFO - Sync 1 DAGs
[2024-10-13T09:29:40.741+0000] {logging_mixin.py:149} INFO - [2024-10-13T09:29:40.740+0000] {dag.py:3490} INFO - Setting next_dagrun for example_branch_labels to 2024-10-12T00:00:00+00:00, run_after=2024-10-13T00:00:00+00:00
[2024-10-13T09:29:40.759+0000] {processor.py:178} INFO - Processing /home/airflow/.local/lib/python3.7/site-packages/airflow/example_dags/example_branch_labels.py took 0.095 seconds
[2024-10-13T09:30:10.993+0000] {processor.py:156} INFO - Started process (PID=420) to work on /home/airflow/.local/lib/python3.7/site-packages/airflow/example_dags/example_branch_labels.py
[2024-10-13T09:30:10.994+0000] {processor.py:799} INFO - Processing file /home/airflow/.local/lib/python3.7/site-packages/airflow/example_dags/example_branch_labels.py for tasks to queue
[2024-10-13T09:30:10.995+0000] {logging_mixin.py:149} INFO - [2024-10-13T09:30:10.995+0000] {dagbag.py:541} INFO - Filling up the DagBag from /home/airflow/.local/lib/python3.7/site-packages/airflow/example_dags/example_branch_labels.py
[2024-10-13T09:30:11.007+0000] {processor.py:809} INFO - DAG(s) dict_keys(['example_branch_labels']) retrieved from /home/airflow/.local/lib/python3.7/site-packages/airflow/example_dags/example_branch_labels.py
[2024-10-13T09:30:11.040+0000] {logging_mixin.py:149} INFO - [2024-10-13T09:30:11.040+0000] {dag.py:2726} INFO - Sync 1 DAGs
[2024-10-13T09:30:11.074+0000] {logging_mixin.py:149} INFO - [2024-10-13T09:30:11.074+0000] {dag.py:3490} INFO - Setting next_dagrun for example_branch_labels to 2024-10-12T00:00:00+00:00, run_after=2024-10-13T00:00:00+00:00
[2024-10-13T09:30:11.094+0000] {processor.py:178} INFO - Processing /home/airflow/.local/lib/python3.7/site-packages/airflow/example_dags/example_branch_labels.py took 0.106 seconds
[2024-10-13T09:30:41.580+0000] {processor.py:156} INFO - Started process (PID=481) to work on /home/airflow/.local/lib/python3.7/site-packages/airflow/example_dags/example_branch_labels.py
[2024-10-13T09:30:41.583+0000] {processor.py:799} INFO - Processing file /home/airflow/.local/lib/python3.7/site-packages/airflow/example_dags/example_branch_labels.py for tasks to queue
[2024-10-13T09:30:41.585+0000] {logging_mixin.py:149} INFO - [2024-10-13T09:30:41.585+0000] {dagbag.py:541} INFO - Filling up the DagBag from /home/airflow/.local/lib/python3.7/site-packages/airflow/example_dags/example_branch_labels.py
[2024-10-13T09:30:41.618+0000] {processor.py:809} INFO - DAG(s) dict_keys(['example_branch_labels']) retrieved from /home/airflow/.local/lib/python3.7/site-packages/airflow/example_dags/example_branch_labels.py
[2024-10-13T09:30:41.686+0000] {logging_mixin.py:149} INFO - [2024-10-13T09:30:41.686+0000] {dag.py:2726} INFO - Sync 1 DAGs
[2024-10-13T09:30:41.719+0000] {logging_mixin.py:149} INFO - [2024-10-13T09:30:41.719+0000] {dag.py:3490} INFO - Setting next_dagrun for example_branch_labels to 2024-10-12T00:00:00+00:00, run_after=2024-10-13T00:00:00+00:00
[2024-10-13T09:30:41.739+0000] {processor.py:178} INFO - Processing /home/airflow/.local/lib/python3.7/site-packages/airflow/example_dags/example_branch_labels.py took 0.170 seconds
[2024-10-13T09:31:12.083+0000] {processor.py:156} INFO - Started process (PID=542) to work on /home/airflow/.local/lib/python3.7/site-packages/airflow/example_dags/example_branch_labels.py
[2024-10-13T09:31:12.090+0000] {processor.py:799} INFO - Processing file /home/airflow/.local/lib/python3.7/site-packages/airflow/example_dags/example_branch_labels.py for tasks to queue
[2024-10-13T09:31:12.091+0000] {logging_mixin.py:149} INFO - [2024-10-13T09:31:12.091+0000] {dagbag.py:541} INFO - Filling up the DagBag from /home/airflow/.local/lib/python3.7/site-packages/airflow/example_dags/example_branch_labels.py
[2024-10-13T09:31:12.111+0000] {processor.py:809} INFO - DAG(s) dict_keys(['example_branch_labels']) retrieved from /home/airflow/.local/lib/python3.7/site-packages/airflow/example_dags/example_branch_labels.py
[2024-10-13T09:31:12.152+0000] {logging_mixin.py:149} INFO - [2024-10-13T09:31:12.152+0000] {dag.py:2726} INFO - Sync 1 DAGs
[2024-10-13T09:31:12.192+0000] {logging_mixin.py:149} INFO - [2024-10-13T09:31:12.192+0000] {dag.py:3490} INFO - Setting next_dagrun for example_branch_labels to 2024-10-12T00:00:00+00:00, run_after=2024-10-13T00:00:00+00:00
[2024-10-13T09:31:12.215+0000] {processor.py:178} INFO - Processing /home/airflow/.local/lib/python3.7/site-packages/airflow/example_dags/example_branch_labels.py took 0.138 seconds
[2024-10-13T09:31:42.544+0000] {processor.py:156} INFO - Started process (PID=603) to work on /home/airflow/.local/lib/python3.7/site-packages/airflow/example_dags/example_branch_labels.py
[2024-10-13T09:31:42.546+0000] {processor.py:799} INFO - Processing file /home/airflow/.local/lib/python3.7/site-packages/airflow/example_dags/example_branch_labels.py for tasks to queue
[2024-10-13T09:31:42.547+0000] {logging_mixin.py:149} INFO - [2024-10-13T09:31:42.547+0000] {dagbag.py:541} INFO - Filling up the DagBag from /home/airflow/.local/lib/python3.7/site-packages/airflow/example_dags/example_branch_labels.py
[2024-10-13T09:31:42.558+0000] {processor.py:809} INFO - DAG(s) dict_keys(['example_branch_labels']) retrieved from /home/airflow/.local/lib/python3.7/site-packages/airflow/example_dags/example_branch_labels.py
[2024-10-13T09:31:42.591+0000] {logging_mixin.py:149} INFO - [2024-10-13T09:31:42.591+0000] {dag.py:2726} INFO - Sync 1 DAGs
[2024-10-13T09:31:42.623+0000] {logging_mixin.py:149} INFO - [2024-10-13T09:31:42.623+0000] {dag.py:3490} INFO - Setting next_dagrun for example_branch_labels to 2024-10-12T00:00:00+00:00, run_after=2024-10-13T00:00:00+00:00
[2024-10-13T09:31:42.642+0000] {processor.py:178} INFO - Processing /home/airflow/.local/lib/python3.7/site-packages/airflow/example_dags/example_branch_labels.py took 0.106 seconds
[2024-10-13T09:32:12.856+0000] {processor.py:156} INFO - Started process (PID=664) to work on /home/airflow/.local/lib/python3.7/site-packages/airflow/example_dags/example_branch_labels.py
[2024-10-13T09:32:12.857+0000] {processor.py:799} INFO - Processing file /home/airflow/.local/lib/python3.7/site-packages/airflow/example_dags/example_branch_labels.py for tasks to queue
[2024-10-13T09:32:12.857+0000] {logging_mixin.py:149} INFO - [2024-10-13T09:32:12.857+0000] {dagbag.py:541} INFO - Filling up the DagBag from /home/airflow/.local/lib/python3.7/site-packages/airflow/example_dags/example_branch_labels.py
[2024-10-13T09:32:12.865+0000] {processor.py:809} INFO - DAG(s) dict_keys(['example_branch_labels']) retrieved from /home/airflow/.local/lib/python3.7/site-packages/airflow/example_dags/example_branch_labels.py
[2024-10-13T09:32:12.905+0000] {logging_mixin.py:149} INFO - [2024-10-13T09:32:12.904+0000] {dag.py:2726} INFO - Sync 1 DAGs
[2024-10-13T09:32:12.955+0000] {logging_mixin.py:149} INFO - [2024-10-13T09:32:12.954+0000] {dag.py:3490} INFO - Setting next_dagrun for example_branch_labels to 2024-10-12T00:00:00+00:00, run_after=2024-10-13T00:00:00+00:00
[2024-10-13T09:32:12.980+0000] {processor.py:178} INFO - Processing /home/airflow/.local/lib/python3.7/site-packages/airflow/example_dags/example_branch_labels.py took 0.128 seconds
[2024-10-13T09:32:43.177+0000] {processor.py:156} INFO - Started process (PID=725) to work on /home/airflow/.local/lib/python3.7/site-packages/airflow/example_dags/example_branch_labels.py
[2024-10-13T09:32:43.183+0000] {processor.py:799} INFO - Processing file /home/airflow/.local/lib/python3.7/site-packages/airflow/example_dags/example_branch_labels.py for tasks to queue
[2024-10-13T09:32:43.184+0000] {logging_mixin.py:149} INFO - [2024-10-13T09:32:43.183+0000] {dagbag.py:541} INFO - Filling up the DagBag from /home/airflow/.local/lib/python3.7/site-packages/airflow/example_dags/example_branch_labels.py
[2024-10-13T09:32:43.191+0000] {processor.py:809} INFO - DAG(s) dict_keys(['example_branch_labels']) retrieved from /home/airflow/.local/lib/python3.7/site-packages/airflow/example_dags/example_branch_labels.py
[2024-10-13T09:32:43.219+0000] {logging_mixin.py:149} INFO - [2024-10-13T09:32:43.219+0000] {dag.py:2726} INFO - Sync 1 DAGs
[2024-10-13T09:32:43.250+0000] {logging_mixin.py:149} INFO - [2024-10-13T09:32:43.249+0000] {dag.py:3490} INFO - Setting next_dagrun for example_branch_labels to 2024-10-12T00:00:00+00:00, run_after=2024-10-13T00:00:00+00:00
[2024-10-13T09:32:43.269+0000] {processor.py:178} INFO - Processing /home/airflow/.local/lib/python3.7/site-packages/airflow/example_dags/example_branch_labels.py took 0.095 seconds
[2024-10-13T09:33:13.631+0000] {processor.py:156} INFO - Started process (PID=786) to work on /home/airflow/.local/lib/python3.7/site-packages/airflow/example_dags/example_branch_labels.py
[2024-10-13T09:33:13.633+0000] {processor.py:799} INFO - Processing file /home/airflow/.local/lib/python3.7/site-packages/airflow/example_dags/example_branch_labels.py for tasks to queue
[2024-10-13T09:33:13.634+0000] {logging_mixin.py:149} INFO - [2024-10-13T09:33:13.634+0000] {dagbag.py:541} INFO - Filling up the DagBag from /home/airflow/.local/lib/python3.7/site-packages/airflow/example_dags/example_branch_labels.py
[2024-10-13T09:33:13.653+0000] {processor.py:809} INFO - DAG(s) dict_keys(['example_branch_labels']) retrieved from /home/airflow/.local/lib/python3.7/site-packages/airflow/example_dags/example_branch_labels.py
[2024-10-13T09:33:13.696+0000] {logging_mixin.py:149} INFO - [2024-10-13T09:33:13.695+0000] {dag.py:2726} INFO - Sync 1 DAGs
[2024-10-13T09:33:13.739+0000] {logging_mixin.py:149} INFO - [2024-10-13T09:33:13.739+0000] {dag.py:3490} INFO - Setting next_dagrun for example_branch_labels to 2024-10-12T00:00:00+00:00, run_after=2024-10-13T00:00:00+00:00
[2024-10-13T09:33:13.762+0000] {processor.py:178} INFO - Processing /home/airflow/.local/lib/python3.7/site-packages/airflow/example_dags/example_branch_labels.py took 0.137 seconds
[2024-10-13T09:33:43.867+0000] {processor.py:156} INFO - Started process (PID=848) to work on /home/airflow/.local/lib/python3.7/site-packages/airflow/example_dags/example_branch_labels.py
[2024-10-13T09:33:43.868+0000] {processor.py:799} INFO - Processing file /home/airflow/.local/lib/python3.7/site-packages/airflow/example_dags/example_branch_labels.py for tasks to queue
[2024-10-13T09:33:43.868+0000] {logging_mixin.py:149} INFO - [2024-10-13T09:33:43.868+0000] {dagbag.py:541} INFO - Filling up the DagBag from /home/airflow/.local/lib/python3.7/site-packages/airflow/example_dags/example_branch_labels.py
[2024-10-13T09:33:43.877+0000] {processor.py:809} INFO - DAG(s) dict_keys(['example_branch_labels']) retrieved from /home/airflow/.local/lib/python3.7/site-packages/airflow/example_dags/example_branch_labels.py
[2024-10-13T09:33:43.909+0000] {logging_mixin.py:149} INFO - [2024-10-13T09:33:43.908+0000] {dag.py:2726} INFO - Sync 1 DAGs
[2024-10-13T09:33:43.940+0000] {logging_mixin.py:149} INFO - [2024-10-13T09:33:43.940+0000] {dag.py:3490} INFO - Setting next_dagrun for example_branch_labels to 2024-10-12T00:00:00+00:00, run_after=2024-10-13T00:00:00+00:00
[2024-10-13T09:33:43.960+0000] {processor.py:178} INFO - Processing /home/airflow/.local/lib/python3.7/site-packages/airflow/example_dags/example_branch_labels.py took 0.098 seconds
[2024-10-13T09:34:14.440+0000] {processor.py:156} INFO - Started process (PID=909) to work on /home/airflow/.local/lib/python3.7/site-packages/airflow/example_dags/example_branch_labels.py
[2024-10-13T09:34:14.441+0000] {processor.py:799} INFO - Processing file /home/airflow/.local/lib/python3.7/site-packages/airflow/example_dags/example_branch_labels.py for tasks to queue
[2024-10-13T09:34:14.441+0000] {logging_mixin.py:149} INFO - [2024-10-13T09:34:14.441+0000] {dagbag.py:541} INFO - Filling up the DagBag from /home/airflow/.local/lib/python3.7/site-packages/airflow/example_dags/example_branch_labels.py
[2024-10-13T09:34:14.450+0000] {processor.py:809} INFO - DAG(s) dict_keys(['example_branch_labels']) retrieved from /home/airflow/.local/lib/python3.7/site-packages/airflow/example_dags/example_branch_labels.py
[2024-10-13T09:34:14.482+0000] {logging_mixin.py:149} INFO - [2024-10-13T09:34:14.482+0000] {dag.py:2726} INFO - Sync 1 DAGs
[2024-10-13T09:34:14.519+0000] {logging_mixin.py:149} INFO - [2024-10-13T09:34:14.518+0000] {dag.py:3490} INFO - Setting next_dagrun for example_branch_labels to 2024-10-12T00:00:00+00:00, run_after=2024-10-13T00:00:00+00:00
[2024-10-13T09:34:14.542+0000] {processor.py:178} INFO - Processing /home/airflow/.local/lib/python3.7/site-packages/airflow/example_dags/example_branch_labels.py took 0.108 seconds
[2024-10-13T09:34:45.038+0000] {processor.py:156} INFO - Started process (PID=970) to work on /home/airflow/.local/lib/python3.7/site-packages/airflow/example_dags/example_branch_labels.py
[2024-10-13T09:34:45.039+0000] {processor.py:799} INFO - Processing file /home/airflow/.local/lib/python3.7/site-packages/airflow/example_dags/example_branch_labels.py for tasks to queue
[2024-10-13T09:34:45.039+0000] {logging_mixin.py:149} INFO - [2024-10-13T09:34:45.039+0000] {dagbag.py:541} INFO - Filling up the DagBag from /home/airflow/.local/lib/python3.7/site-packages/airflow/example_dags/example_branch_labels.py
[2024-10-13T09:34:45.047+0000] {processor.py:809} INFO - DAG(s) dict_keys(['example_branch_labels']) retrieved from /home/airflow/.local/lib/python3.7/site-packages/airflow/example_dags/example_branch_labels.py
[2024-10-13T09:34:45.079+0000] {logging_mixin.py:149} INFO - [2024-10-13T09:34:45.079+0000] {dag.py:2726} INFO - Sync 1 DAGs
[2024-10-13T09:34:45.111+0000] {logging_mixin.py:149} INFO - [2024-10-13T09:34:45.111+0000] {dag.py:3490} INFO - Setting next_dagrun for example_branch_labels to 2024-10-12T00:00:00+00:00, run_after=2024-10-13T00:00:00+00:00
[2024-10-13T09:34:45.133+0000] {processor.py:178} INFO - Processing /home/airflow/.local/lib/python3.7/site-packages/airflow/example_dags/example_branch_labels.py took 0.099 seconds
[2024-10-13T09:35:15.461+0000] {processor.py:156} INFO - Started process (PID=1040) to work on /home/airflow/.local/lib/python3.7/site-packages/airflow/example_dags/example_branch_labels.py
[2024-10-13T09:35:15.462+0000] {processor.py:799} INFO - Processing file /home/airflow/.local/lib/python3.7/site-packages/airflow/example_dags/example_branch_labels.py for tasks to queue
[2024-10-13T09:35:15.464+0000] {logging_mixin.py:149} INFO - [2024-10-13T09:35:15.463+0000] {dagbag.py:541} INFO - Filling up the DagBag from /home/airflow/.local/lib/python3.7/site-packages/airflow/example_dags/example_branch_labels.py
[2024-10-13T09:35:15.476+0000] {processor.py:809} INFO - DAG(s) dict_keys(['example_branch_labels']) retrieved from /home/airflow/.local/lib/python3.7/site-packages/airflow/example_dags/example_branch_labels.py
[2024-10-13T09:35:15.507+0000] {logging_mixin.py:149} INFO - [2024-10-13T09:35:15.507+0000] {dag.py:2726} INFO - Sync 1 DAGs
[2024-10-13T09:35:15.538+0000] {logging_mixin.py:149} INFO - [2024-10-13T09:35:15.538+0000] {dag.py:3490} INFO - Setting next_dagrun for example_branch_labels to 2024-10-12T00:00:00+00:00, run_after=2024-10-13T00:00:00+00:00
[2024-10-13T09:35:15.558+0000] {processor.py:178} INFO - Processing /home/airflow/.local/lib/python3.7/site-packages/airflow/example_dags/example_branch_labels.py took 0.107 seconds
[2024-10-13T09:35:45.679+0000] {processor.py:156} INFO - Started process (PID=1101) to work on /home/airflow/.local/lib/python3.7/site-packages/airflow/example_dags/example_branch_labels.py
[2024-10-13T09:35:45.680+0000] {processor.py:799} INFO - Processing file /home/airflow/.local/lib/python3.7/site-packages/airflow/example_dags/example_branch_labels.py for tasks to queue
[2024-10-13T09:35:45.681+0000] {logging_mixin.py:149} INFO - [2024-10-13T09:35:45.680+0000] {dagbag.py:541} INFO - Filling up the DagBag from /home/airflow/.local/lib/python3.7/site-packages/airflow/example_dags/example_branch_labels.py
[2024-10-13T09:35:45.688+0000] {processor.py:809} INFO - DAG(s) dict_keys(['example_branch_labels']) retrieved from /home/airflow/.local/lib/python3.7/site-packages/airflow/example_dags/example_branch_labels.py
[2024-10-13T09:35:45.717+0000] {logging_mixin.py:149} INFO - [2024-10-13T09:35:45.717+0000] {dag.py:2726} INFO - Sync 1 DAGs
[2024-10-13T09:35:45.769+0000] {logging_mixin.py:149} INFO - [2024-10-13T09:35:45.769+0000] {dag.py:3490} INFO - Setting next_dagrun for example_branch_labels to 2024-10-12T00:00:00+00:00, run_after=2024-10-13T00:00:00+00:00
[2024-10-13T09:35:45.796+0000] {processor.py:178} INFO - Processing /home/airflow/.local/lib/python3.7/site-packages/airflow/example_dags/example_branch_labels.py took 0.120 seconds
[2024-10-13T09:36:16.273+0000] {processor.py:156} INFO - Started process (PID=1163) to work on /home/airflow/.local/lib/python3.7/site-packages/airflow/example_dags/example_branch_labels.py
[2024-10-13T09:36:16.274+0000] {processor.py:799} INFO - Processing file /home/airflow/.local/lib/python3.7/site-packages/airflow/example_dags/example_branch_labels.py for tasks to queue
[2024-10-13T09:36:16.275+0000] {logging_mixin.py:149} INFO - [2024-10-13T09:36:16.275+0000] {dagbag.py:541} INFO - Filling up the DagBag from /home/airflow/.local/lib/python3.7/site-packages/airflow/example_dags/example_branch_labels.py
[2024-10-13T09:36:16.285+0000] {processor.py:809} INFO - DAG(s) dict_keys(['example_branch_labels']) retrieved from /home/airflow/.local/lib/python3.7/site-packages/airflow/example_dags/example_branch_labels.py
[2024-10-13T09:36:16.315+0000] {logging_mixin.py:149} INFO - [2024-10-13T09:36:16.315+0000] {dag.py:2726} INFO - Sync 1 DAGs
[2024-10-13T09:36:16.353+0000] {logging_mixin.py:149} INFO - [2024-10-13T09:36:16.353+0000] {dag.py:3490} INFO - Setting next_dagrun for example_branch_labels to 2024-10-12T00:00:00+00:00, run_after=2024-10-13T00:00:00+00:00
[2024-10-13T09:36:16.375+0000] {processor.py:178} INFO - Processing /home/airflow/.local/lib/python3.7/site-packages/airflow/example_dags/example_branch_labels.py took 0.107 seconds
[2024-10-13T09:36:46.577+0000] {processor.py:156} INFO - Started process (PID=1224) to work on /home/airflow/.local/lib/python3.7/site-packages/airflow/example_dags/example_branch_labels.py
[2024-10-13T09:36:46.579+0000] {processor.py:799} INFO - Processing file /home/airflow/.local/lib/python3.7/site-packages/airflow/example_dags/example_branch_labels.py for tasks to queue
[2024-10-13T09:36:46.580+0000] {logging_mixin.py:149} INFO - [2024-10-13T09:36:46.579+0000] {dagbag.py:541} INFO - Filling up the DagBag from /home/airflow/.local/lib/python3.7/site-packages/airflow/example_dags/example_branch_labels.py
[2024-10-13T09:36:46.590+0000] {processor.py:809} INFO - DAG(s) dict_keys(['example_branch_labels']) retrieved from /home/airflow/.local/lib/python3.7/site-packages/airflow/example_dags/example_branch_labels.py
[2024-10-13T09:36:46.620+0000] {logging_mixin.py:149} INFO - [2024-10-13T09:36:46.620+0000] {dag.py:2726} INFO - Sync 1 DAGs
[2024-10-13T09:36:46.651+0000] {logging_mixin.py:149} INFO - [2024-10-13T09:36:46.651+0000] {dag.py:3490} INFO - Setting next_dagrun for example_branch_labels to 2024-10-12T00:00:00+00:00, run_after=2024-10-13T00:00:00+00:00
[2024-10-13T09:36:46.669+0000] {processor.py:178} INFO - Processing /home/airflow/.local/lib/python3.7/site-packages/airflow/example_dags/example_branch_labels.py took 0.099 seconds
[2024-10-13T09:37:16.862+0000] {processor.py:156} INFO - Started process (PID=1286) to work on /home/airflow/.local/lib/python3.7/site-packages/airflow/example_dags/example_branch_labels.py
[2024-10-13T09:37:16.864+0000] {processor.py:799} INFO - Processing file /home/airflow/.local/lib/python3.7/site-packages/airflow/example_dags/example_branch_labels.py for tasks to queue
[2024-10-13T09:37:16.865+0000] {logging_mixin.py:149} INFO - [2024-10-13T09:37:16.865+0000] {dagbag.py:541} INFO - Filling up the DagBag from /home/airflow/.local/lib/python3.7/site-packages/airflow/example_dags/example_branch_labels.py
[2024-10-13T09:37:16.880+0000] {processor.py:809} INFO - DAG(s) dict_keys(['example_branch_labels']) retrieved from /home/airflow/.local/lib/python3.7/site-packages/airflow/example_dags/example_branch_labels.py
[2024-10-13T09:37:16.911+0000] {logging_mixin.py:149} INFO - [2024-10-13T09:37:16.911+0000] {dag.py:2726} INFO - Sync 1 DAGs
[2024-10-13T09:37:16.941+0000] {logging_mixin.py:149} INFO - [2024-10-13T09:37:16.940+0000] {dag.py:3490} INFO - Setting next_dagrun for example_branch_labels to 2024-10-12T00:00:00+00:00, run_after=2024-10-13T00:00:00+00:00
[2024-10-13T09:37:16.959+0000] {processor.py:178} INFO - Processing /home/airflow/.local/lib/python3.7/site-packages/airflow/example_dags/example_branch_labels.py took 0.105 seconds
[2024-10-13T09:37:47.428+0000] {processor.py:156} INFO - Started process (PID=1346) to work on /home/airflow/.local/lib/python3.7/site-packages/airflow/example_dags/example_branch_labels.py
[2024-10-13T09:37:47.429+0000] {processor.py:799} INFO - Processing file /home/airflow/.local/lib/python3.7/site-packages/airflow/example_dags/example_branch_labels.py for tasks to queue
[2024-10-13T09:37:47.430+0000] {logging_mixin.py:149} INFO - [2024-10-13T09:37:47.430+0000] {dagbag.py:541} INFO - Filling up the DagBag from /home/airflow/.local/lib/python3.7/site-packages/airflow/example_dags/example_branch_labels.py
[2024-10-13T09:37:47.442+0000] {processor.py:809} INFO - DAG(s) dict_keys(['example_branch_labels']) retrieved from /home/airflow/.local/lib/python3.7/site-packages/airflow/example_dags/example_branch_labels.py
[2024-10-13T09:37:47.473+0000] {logging_mixin.py:149} INFO - [2024-10-13T09:37:47.473+0000] {dag.py:2726} INFO - Sync 1 DAGs
[2024-10-13T09:37:47.503+0000] {logging_mixin.py:149} INFO - [2024-10-13T09:37:47.502+0000] {dag.py:3490} INFO - Setting next_dagrun for example_branch_labels to 2024-10-12T00:00:00+00:00, run_after=2024-10-13T00:00:00+00:00
[2024-10-13T09:37:47.520+0000] {processor.py:178} INFO - Processing /home/airflow/.local/lib/python3.7/site-packages/airflow/example_dags/example_branch_labels.py took 0.101 seconds
[2024-10-13T09:38:18.155+0000] {processor.py:156} INFO - Started process (PID=1407) to work on /home/airflow/.local/lib/python3.7/site-packages/airflow/example_dags/example_branch_labels.py
[2024-10-13T09:38:18.157+0000] {processor.py:799} INFO - Processing file /home/airflow/.local/lib/python3.7/site-packages/airflow/example_dags/example_branch_labels.py for tasks to queue
[2024-10-13T09:38:18.157+0000] {logging_mixin.py:149} INFO - [2024-10-13T09:38:18.157+0000] {dagbag.py:541} INFO - Filling up the DagBag from /home/airflow/.local/lib/python3.7/site-packages/airflow/example_dags/example_branch_labels.py
[2024-10-13T09:38:18.167+0000] {processor.py:809} INFO - DAG(s) dict_keys(['example_branch_labels']) retrieved from /home/airflow/.local/lib/python3.7/site-packages/airflow/example_dags/example_branch_labels.py
[2024-10-13T09:38:18.209+0000] {logging_mixin.py:149} INFO - [2024-10-13T09:38:18.209+0000] {dag.py:2726} INFO - Sync 1 DAGs
[2024-10-13T09:38:18.249+0000] {logging_mixin.py:149} INFO - [2024-10-13T09:38:18.248+0000] {dag.py:3490} INFO - Setting next_dagrun for example_branch_labels to 2024-10-12T00:00:00+00:00, run_after=2024-10-13T00:00:00+00:00
[2024-10-13T09:38:18.268+0000] {processor.py:178} INFO - Processing /home/airflow/.local/lib/python3.7/site-packages/airflow/example_dags/example_branch_labels.py took 0.124 seconds
[2024-10-13T09:38:48.809+0000] {processor.py:156} INFO - Started process (PID=1468) to work on /home/airflow/.local/lib/python3.7/site-packages/airflow/example_dags/example_branch_labels.py
[2024-10-13T09:38:48.811+0000] {processor.py:799} INFO - Processing file /home/airflow/.local/lib/python3.7/site-packages/airflow/example_dags/example_branch_labels.py for tasks to queue
[2024-10-13T09:38:48.812+0000] {logging_mixin.py:149} INFO - [2024-10-13T09:38:48.812+0000] {dagbag.py:541} INFO - Filling up the DagBag from /home/airflow/.local/lib/python3.7/site-packages/airflow/example_dags/example_branch_labels.py
[2024-10-13T09:38:48.821+0000] {processor.py:809} INFO - DAG(s) dict_keys(['example_branch_labels']) retrieved from /home/airflow/.local/lib/python3.7/site-packages/airflow/example_dags/example_branch_labels.py
[2024-10-13T09:38:48.860+0000] {logging_mixin.py:149} INFO - [2024-10-13T09:38:48.860+0000] {dag.py:2726} INFO - Sync 1 DAGs
[2024-10-13T09:38:48.893+0000] {logging_mixin.py:149} INFO - [2024-10-13T09:38:48.893+0000] {dag.py:3490} INFO - Setting next_dagrun for example_branch_labels to 2024-10-12T00:00:00+00:00, run_after=2024-10-13T00:00:00+00:00
[2024-10-13T09:38:48.912+0000] {processor.py:178} INFO - Processing /home/airflow/.local/lib/python3.7/site-packages/airflow/example_dags/example_branch_labels.py took 0.109 seconds
[2024-10-13T09:39:19.324+0000] {processor.py:156} INFO - Started process (PID=1529) to work on /home/airflow/.local/lib/python3.7/site-packages/airflow/example_dags/example_branch_labels.py
[2024-10-13T09:39:19.325+0000] {processor.py:799} INFO - Processing file /home/airflow/.local/lib/python3.7/site-packages/airflow/example_dags/example_branch_labels.py for tasks to queue
[2024-10-13T09:39:19.326+0000] {logging_mixin.py:149} INFO - [2024-10-13T09:39:19.326+0000] {dagbag.py:541} INFO - Filling up the DagBag from /home/airflow/.local/lib/python3.7/site-packages/airflow/example_dags/example_branch_labels.py
[2024-10-13T09:39:19.334+0000] {processor.py:809} INFO - DAG(s) dict_keys(['example_branch_labels']) retrieved from /home/airflow/.local/lib/python3.7/site-packages/airflow/example_dags/example_branch_labels.py
[2024-10-13T09:39:19.370+0000] {logging_mixin.py:149} INFO - [2024-10-13T09:39:19.369+0000] {dag.py:2726} INFO - Sync 1 DAGs
[2024-10-13T09:39:19.419+0000] {logging_mixin.py:149} INFO - [2024-10-13T09:39:19.419+0000] {dag.py:3490} INFO - Setting next_dagrun for example_branch_labels to 2024-10-12T00:00:00+00:00, run_after=2024-10-13T00:00:00+00:00
[2024-10-13T09:39:19.443+0000] {processor.py:178} INFO - Processing /home/airflow/.local/lib/python3.7/site-packages/airflow/example_dags/example_branch_labels.py took 0.123 seconds
[2024-10-13T09:39:49.899+0000] {processor.py:156} INFO - Started process (PID=1590) to work on /home/airflow/.local/lib/python3.7/site-packages/airflow/example_dags/example_branch_labels.py
[2024-10-13T09:39:49.905+0000] {processor.py:799} INFO - Processing file /home/airflow/.local/lib/python3.7/site-packages/airflow/example_dags/example_branch_labels.py for tasks to queue
[2024-10-13T09:39:49.906+0000] {logging_mixin.py:149} INFO - [2024-10-13T09:39:49.906+0000] {dagbag.py:541} INFO - Filling up the DagBag from /home/airflow/.local/lib/python3.7/site-packages/airflow/example_dags/example_branch_labels.py
[2024-10-13T09:39:49.914+0000] {processor.py:809} INFO - DAG(s) dict_keys(['example_branch_labels']) retrieved from /home/airflow/.local/lib/python3.7/site-packages/airflow/example_dags/example_branch_labels.py
[2024-10-13T09:39:49.943+0000] {logging_mixin.py:149} INFO - [2024-10-13T09:39:49.943+0000] {dag.py:2726} INFO - Sync 1 DAGs
[2024-10-13T09:39:49.973+0000] {logging_mixin.py:149} INFO - [2024-10-13T09:39:49.972+0000] {dag.py:3490} INFO - Setting next_dagrun for example_branch_labels to 2024-10-12T00:00:00+00:00, run_after=2024-10-13T00:00:00+00:00
[2024-10-13T09:39:49.996+0000] {processor.py:178} INFO - Processing /home/airflow/.local/lib/python3.7/site-packages/airflow/example_dags/example_branch_labels.py took 0.100 seconds
[2024-10-13T09:40:20.237+0000] {processor.py:156} INFO - Started process (PID=1651) to work on /home/airflow/.local/lib/python3.7/site-packages/airflow/example_dags/example_branch_labels.py
[2024-10-13T09:40:20.238+0000] {processor.py:799} INFO - Processing file /home/airflow/.local/lib/python3.7/site-packages/airflow/example_dags/example_branch_labels.py for tasks to queue
[2024-10-13T09:40:20.240+0000] {logging_mixin.py:149} INFO - [2024-10-13T09:40:20.239+0000] {dagbag.py:541} INFO - Filling up the DagBag from /home/airflow/.local/lib/python3.7/site-packages/airflow/example_dags/example_branch_labels.py
[2024-10-13T09:40:20.254+0000] {processor.py:809} INFO - DAG(s) dict_keys(['example_branch_labels']) retrieved from /home/airflow/.local/lib/python3.7/site-packages/airflow/example_dags/example_branch_labels.py
[2024-10-13T09:40:20.284+0000] {logging_mixin.py:149} INFO - [2024-10-13T09:40:20.284+0000] {dag.py:2726} INFO - Sync 1 DAGs
[2024-10-13T09:40:20.313+0000] {logging_mixin.py:149} INFO - [2024-10-13T09:40:20.313+0000] {dag.py:3490} INFO - Setting next_dagrun for example_branch_labels to 2024-10-12T00:00:00+00:00, run_after=2024-10-13T00:00:00+00:00
[2024-10-13T09:40:20.330+0000] {processor.py:178} INFO - Processing /home/airflow/.local/lib/python3.7/site-packages/airflow/example_dags/example_branch_labels.py took 0.103 seconds
[2024-10-13T09:40:50.731+0000] {processor.py:156} INFO - Started process (PID=1712) to work on /home/airflow/.local/lib/python3.7/site-packages/airflow/example_dags/example_branch_labels.py
[2024-10-13T09:40:50.737+0000] {processor.py:799} INFO - Processing file /home/airflow/.local/lib/python3.7/site-packages/airflow/example_dags/example_branch_labels.py for tasks to queue
[2024-10-13T09:40:50.737+0000] {logging_mixin.py:149} INFO - [2024-10-13T09:40:50.737+0000] {dagbag.py:541} INFO - Filling up the DagBag from /home/airflow/.local/lib/python3.7/site-packages/airflow/example_dags/example_branch_labels.py
[2024-10-13T09:40:50.744+0000] {processor.py:809} INFO - DAG(s) dict_keys(['example_branch_labels']) retrieved from /home/airflow/.local/lib/python3.7/site-packages/airflow/example_dags/example_branch_labels.py
[2024-10-13T09:40:50.781+0000] {logging_mixin.py:149} INFO - [2024-10-13T09:40:50.781+0000] {dag.py:2726} INFO - Sync 1 DAGs
[2024-10-13T09:40:50.825+0000] {logging_mixin.py:149} INFO - [2024-10-13T09:40:50.825+0000] {dag.py:3490} INFO - Setting next_dagrun for example_branch_labels to 2024-10-12T00:00:00+00:00, run_after=2024-10-13T00:00:00+00:00
[2024-10-13T09:40:50.844+0000] {processor.py:178} INFO - Processing /home/airflow/.local/lib/python3.7/site-packages/airflow/example_dags/example_branch_labels.py took 0.116 seconds
[2024-10-13T09:41:21.184+0000] {processor.py:156} INFO - Started process (PID=1773) to work on /home/airflow/.local/lib/python3.7/site-packages/airflow/example_dags/example_branch_labels.py
[2024-10-13T09:41:21.190+0000] {processor.py:799} INFO - Processing file /home/airflow/.local/lib/python3.7/site-packages/airflow/example_dags/example_branch_labels.py for tasks to queue
[2024-10-13T09:41:21.191+0000] {logging_mixin.py:149} INFO - [2024-10-13T09:41:21.190+0000] {dagbag.py:541} INFO - Filling up the DagBag from /home/airflow/.local/lib/python3.7/site-packages/airflow/example_dags/example_branch_labels.py
[2024-10-13T09:41:21.199+0000] {processor.py:809} INFO - DAG(s) dict_keys(['example_branch_labels']) retrieved from /home/airflow/.local/lib/python3.7/site-packages/airflow/example_dags/example_branch_labels.py
[2024-10-13T09:41:21.227+0000] {logging_mixin.py:149} INFO - [2024-10-13T09:41:21.227+0000] {dag.py:2726} INFO - Sync 1 DAGs
[2024-10-13T09:41:21.257+0000] {logging_mixin.py:149} INFO - [2024-10-13T09:41:21.257+0000] {dag.py:3490} INFO - Setting next_dagrun for example_branch_labels to 2024-10-12T00:00:00+00:00, run_after=2024-10-13T00:00:00+00:00
[2024-10-13T09:41:21.274+0000] {processor.py:178} INFO - Processing /home/airflow/.local/lib/python3.7/site-packages/airflow/example_dags/example_branch_labels.py took 0.093 seconds
[2024-10-13T09:41:51.734+0000] {processor.py:156} INFO - Started process (PID=1834) to work on /home/airflow/.local/lib/python3.7/site-packages/airflow/example_dags/example_branch_labels.py
[2024-10-13T09:41:51.735+0000] {processor.py:799} INFO - Processing file /home/airflow/.local/lib/python3.7/site-packages/airflow/example_dags/example_branch_labels.py for tasks to queue
[2024-10-13T09:41:51.735+0000] {logging_mixin.py:149} INFO - [2024-10-13T09:41:51.735+0000] {dagbag.py:541} INFO - Filling up the DagBag from /home/airflow/.local/lib/python3.7/site-packages/airflow/example_dags/example_branch_labels.py
[2024-10-13T09:41:51.742+0000] {processor.py:809} INFO - DAG(s) dict_keys(['example_branch_labels']) retrieved from /home/airflow/.local/lib/python3.7/site-packages/airflow/example_dags/example_branch_labels.py
[2024-10-13T09:41:51.769+0000] {logging_mixin.py:149} INFO - [2024-10-13T09:41:51.769+0000] {dag.py:2726} INFO - Sync 1 DAGs
[2024-10-13T09:41:51.798+0000] {logging_mixin.py:149} INFO - [2024-10-13T09:41:51.798+0000] {dag.py:3490} INFO - Setting next_dagrun for example_branch_labels to 2024-10-12T00:00:00+00:00, run_after=2024-10-13T00:00:00+00:00
[2024-10-13T09:41:51.815+0000] {processor.py:178} INFO - Processing /home/airflow/.local/lib/python3.7/site-packages/airflow/example_dags/example_branch_labels.py took 0.084 seconds
[2024-10-13T09:42:22.227+0000] {processor.py:156} INFO - Started process (PID=1895) to work on /home/airflow/.local/lib/python3.7/site-packages/airflow/example_dags/example_branch_labels.py
[2024-10-13T09:42:22.228+0000] {processor.py:799} INFO - Processing file /home/airflow/.local/lib/python3.7/site-packages/airflow/example_dags/example_branch_labels.py for tasks to queue
[2024-10-13T09:42:22.229+0000] {logging_mixin.py:149} INFO - [2024-10-13T09:42:22.229+0000] {dagbag.py:541} INFO - Filling up the DagBag from /home/airflow/.local/lib/python3.7/site-packages/airflow/example_dags/example_branch_labels.py
[2024-10-13T09:42:22.237+0000] {processor.py:809} INFO - DAG(s) dict_keys(['example_branch_labels']) retrieved from /home/airflow/.local/lib/python3.7/site-packages/airflow/example_dags/example_branch_labels.py
[2024-10-13T09:42:22.265+0000] {logging_mixin.py:149} INFO - [2024-10-13T09:42:22.265+0000] {dag.py:2726} INFO - Sync 1 DAGs
[2024-10-13T09:42:22.294+0000] {logging_mixin.py:149} INFO - [2024-10-13T09:42:22.294+0000] {dag.py:3490} INFO - Setting next_dagrun for example_branch_labels to 2024-10-12T00:00:00+00:00, run_after=2024-10-13T00:00:00+00:00
[2024-10-13T09:42:22.312+0000] {processor.py:178} INFO - Processing /home/airflow/.local/lib/python3.7/site-packages/airflow/example_dags/example_branch_labels.py took 0.089 seconds
[2024-10-13T09:42:52.391+0000] {processor.py:156} INFO - Started process (PID=1956) to work on /home/airflow/.local/lib/python3.7/site-packages/airflow/example_dags/example_branch_labels.py
[2024-10-13T09:42:52.392+0000] {processor.py:799} INFO - Processing file /home/airflow/.local/lib/python3.7/site-packages/airflow/example_dags/example_branch_labels.py for tasks to queue
[2024-10-13T09:42:52.394+0000] {logging_mixin.py:149} INFO - [2024-10-13T09:42:52.393+0000] {dagbag.py:541} INFO - Filling up the DagBag from /home/airflow/.local/lib/python3.7/site-packages/airflow/example_dags/example_branch_labels.py
[2024-10-13T09:42:52.403+0000] {processor.py:809} INFO - DAG(s) dict_keys(['example_branch_labels']) retrieved from /home/airflow/.local/lib/python3.7/site-packages/airflow/example_dags/example_branch_labels.py
[2024-10-13T09:42:52.430+0000] {logging_mixin.py:149} INFO - [2024-10-13T09:42:52.430+0000] {dag.py:2726} INFO - Sync 1 DAGs
[2024-10-13T09:42:52.458+0000] {logging_mixin.py:149} INFO - [2024-10-13T09:42:52.457+0000] {dag.py:3490} INFO - Setting next_dagrun for example_branch_labels to 2024-10-12T00:00:00+00:00, run_after=2024-10-13T00:00:00+00:00
[2024-10-13T09:42:52.476+0000] {processor.py:178} INFO - Processing /home/airflow/.local/lib/python3.7/site-packages/airflow/example_dags/example_branch_labels.py took 0.091 seconds
[2024-10-13T09:43:22.698+0000] {processor.py:156} INFO - Started process (PID=2017) to work on /home/airflow/.local/lib/python3.7/site-packages/airflow/example_dags/example_branch_labels.py
[2024-10-13T09:43:22.699+0000] {processor.py:799} INFO - Processing file /home/airflow/.local/lib/python3.7/site-packages/airflow/example_dags/example_branch_labels.py for tasks to queue
[2024-10-13T09:43:22.700+0000] {logging_mixin.py:149} INFO - [2024-10-13T09:43:22.700+0000] {dagbag.py:541} INFO - Filling up the DagBag from /home/airflow/.local/lib/python3.7/site-packages/airflow/example_dags/example_branch_labels.py
[2024-10-13T09:43:22.708+0000] {processor.py:809} INFO - DAG(s) dict_keys(['example_branch_labels']) retrieved from /home/airflow/.local/lib/python3.7/site-packages/airflow/example_dags/example_branch_labels.py
[2024-10-13T09:43:22.748+0000] {logging_mixin.py:149} INFO - [2024-10-13T09:43:22.748+0000] {dag.py:2726} INFO - Sync 1 DAGs
[2024-10-13T09:43:22.784+0000] {logging_mixin.py:149} INFO - [2024-10-13T09:43:22.784+0000] {dag.py:3490} INFO - Setting next_dagrun for example_branch_labels to 2024-10-12T00:00:00+00:00, run_after=2024-10-13T00:00:00+00:00
[2024-10-13T09:43:22.803+0000] {processor.py:178} INFO - Processing /home/airflow/.local/lib/python3.7/site-packages/airflow/example_dags/example_branch_labels.py took 0.108 seconds
[2024-10-13T09:43:53.124+0000] {processor.py:156} INFO - Started process (PID=2078) to work on /home/airflow/.local/lib/python3.7/site-packages/airflow/example_dags/example_branch_labels.py
[2024-10-13T09:43:53.129+0000] {processor.py:799} INFO - Processing file /home/airflow/.local/lib/python3.7/site-packages/airflow/example_dags/example_branch_labels.py for tasks to queue
[2024-10-13T09:43:53.130+0000] {logging_mixin.py:149} INFO - [2024-10-13T09:43:53.130+0000] {dagbag.py:541} INFO - Filling up the DagBag from /home/airflow/.local/lib/python3.7/site-packages/airflow/example_dags/example_branch_labels.py
[2024-10-13T09:43:53.137+0000] {processor.py:809} INFO - DAG(s) dict_keys(['example_branch_labels']) retrieved from /home/airflow/.local/lib/python3.7/site-packages/airflow/example_dags/example_branch_labels.py
[2024-10-13T09:43:53.164+0000] {logging_mixin.py:149} INFO - [2024-10-13T09:43:53.164+0000] {dag.py:2726} INFO - Sync 1 DAGs
[2024-10-13T09:43:53.194+0000] {logging_mixin.py:149} INFO - [2024-10-13T09:43:53.193+0000] {dag.py:3490} INFO - Setting next_dagrun for example_branch_labels to 2024-10-12T00:00:00+00:00, run_after=2024-10-13T00:00:00+00:00
[2024-10-13T09:43:53.214+0000] {processor.py:178} INFO - Processing /home/airflow/.local/lib/python3.7/site-packages/airflow/example_dags/example_branch_labels.py took 0.093 seconds
[2024-10-13T09:44:23.545+0000] {processor.py:156} INFO - Started process (PID=2139) to work on /home/airflow/.local/lib/python3.7/site-packages/airflow/example_dags/example_branch_labels.py
[2024-10-13T09:44:23.546+0000] {processor.py:799} INFO - Processing file /home/airflow/.local/lib/python3.7/site-packages/airflow/example_dags/example_branch_labels.py for tasks to queue
[2024-10-13T09:44:23.548+0000] {logging_mixin.py:149} INFO - [2024-10-13T09:44:23.547+0000] {dagbag.py:541} INFO - Filling up the DagBag from /home/airflow/.local/lib/python3.7/site-packages/airflow/example_dags/example_branch_labels.py
[2024-10-13T09:44:23.559+0000] {processor.py:809} INFO - DAG(s) dict_keys(['example_branch_labels']) retrieved from /home/airflow/.local/lib/python3.7/site-packages/airflow/example_dags/example_branch_labels.py
[2024-10-13T09:44:23.589+0000] {logging_mixin.py:149} INFO - [2024-10-13T09:44:23.589+0000] {dag.py:2726} INFO - Sync 1 DAGs
[2024-10-13T09:44:23.619+0000] {logging_mixin.py:149} INFO - [2024-10-13T09:44:23.618+0000] {dag.py:3490} INFO - Setting next_dagrun for example_branch_labels to 2024-10-12T00:00:00+00:00, run_after=2024-10-13T00:00:00+00:00
[2024-10-13T09:44:23.637+0000] {processor.py:178} INFO - Processing /home/airflow/.local/lib/python3.7/site-packages/airflow/example_dags/example_branch_labels.py took 0.102 seconds
[2024-10-13T09:44:53.883+0000] {processor.py:156} INFO - Started process (PID=2200) to work on /home/airflow/.local/lib/python3.7/site-packages/airflow/example_dags/example_branch_labels.py
[2024-10-13T09:44:53.883+0000] {processor.py:799} INFO - Processing file /home/airflow/.local/lib/python3.7/site-packages/airflow/example_dags/example_branch_labels.py for tasks to queue
[2024-10-13T09:44:53.884+0000] {logging_mixin.py:149} INFO - [2024-10-13T09:44:53.884+0000] {dagbag.py:541} INFO - Filling up the DagBag from /home/airflow/.local/lib/python3.7/site-packages/airflow/example_dags/example_branch_labels.py
[2024-10-13T09:44:53.891+0000] {processor.py:809} INFO - DAG(s) dict_keys(['example_branch_labels']) retrieved from /home/airflow/.local/lib/python3.7/site-packages/airflow/example_dags/example_branch_labels.py
[2024-10-13T09:44:53.919+0000] {logging_mixin.py:149} INFO - [2024-10-13T09:44:53.919+0000] {dag.py:2726} INFO - Sync 1 DAGs
[2024-10-13T09:44:53.950+0000] {logging_mixin.py:149} INFO - [2024-10-13T09:44:53.949+0000] {dag.py:3490} INFO - Setting next_dagrun for example_branch_labels to 2024-10-12T00:00:00+00:00, run_after=2024-10-13T00:00:00+00:00
[2024-10-13T09:44:53.968+0000] {processor.py:178} INFO - Processing /home/airflow/.local/lib/python3.7/site-packages/airflow/example_dags/example_branch_labels.py took 0.088 seconds
[2024-10-13T09:45:24.266+0000] {processor.py:156} INFO - Started process (PID=2261) to work on /home/airflow/.local/lib/python3.7/site-packages/airflow/example_dags/example_branch_labels.py
[2024-10-13T09:45:24.267+0000] {processor.py:799} INFO - Processing file /home/airflow/.local/lib/python3.7/site-packages/airflow/example_dags/example_branch_labels.py for tasks to queue
[2024-10-13T09:45:24.268+0000] {logging_mixin.py:149} INFO - [2024-10-13T09:45:24.268+0000] {dagbag.py:541} INFO - Filling up the DagBag from /home/airflow/.local/lib/python3.7/site-packages/airflow/example_dags/example_branch_labels.py
[2024-10-13T09:45:24.277+0000] {processor.py:809} INFO - DAG(s) dict_keys(['example_branch_labels']) retrieved from /home/airflow/.local/lib/python3.7/site-packages/airflow/example_dags/example_branch_labels.py
[2024-10-13T09:45:24.308+0000] {logging_mixin.py:149} INFO - [2024-10-13T09:45:24.308+0000] {dag.py:2726} INFO - Sync 1 DAGs
[2024-10-13T09:45:24.336+0000] {logging_mixin.py:149} INFO - [2024-10-13T09:45:24.336+0000] {dag.py:3490} INFO - Setting next_dagrun for example_branch_labels to 2024-10-12T00:00:00+00:00, run_after=2024-10-13T00:00:00+00:00
[2024-10-13T09:45:24.354+0000] {processor.py:178} INFO - Processing /home/airflow/.local/lib/python3.7/site-packages/airflow/example_dags/example_branch_labels.py took 0.092 seconds
[2024-10-13T09:45:54.499+0000] {processor.py:156} INFO - Started process (PID=2322) to work on /home/airflow/.local/lib/python3.7/site-packages/airflow/example_dags/example_branch_labels.py
[2024-10-13T09:45:54.500+0000] {processor.py:799} INFO - Processing file /home/airflow/.local/lib/python3.7/site-packages/airflow/example_dags/example_branch_labels.py for tasks to queue
[2024-10-13T09:45:54.502+0000] {logging_mixin.py:149} INFO - [2024-10-13T09:45:54.501+0000] {dagbag.py:541} INFO - Filling up the DagBag from /home/airflow/.local/lib/python3.7/site-packages/airflow/example_dags/example_branch_labels.py
[2024-10-13T09:45:54.513+0000] {processor.py:809} INFO - DAG(s) dict_keys(['example_branch_labels']) retrieved from /home/airflow/.local/lib/python3.7/site-packages/airflow/example_dags/example_branch_labels.py
[2024-10-13T09:45:54.543+0000] {logging_mixin.py:149} INFO - [2024-10-13T09:45:54.543+0000] {dag.py:2726} INFO - Sync 1 DAGs
[2024-10-13T09:45:54.572+0000] {logging_mixin.py:149} INFO - [2024-10-13T09:45:54.571+0000] {dag.py:3490} INFO - Setting next_dagrun for example_branch_labels to 2024-10-12T00:00:00+00:00, run_after=2024-10-13T00:00:00+00:00
[2024-10-13T09:45:54.589+0000] {processor.py:178} INFO - Processing /home/airflow/.local/lib/python3.7/site-packages/airflow/example_dags/example_branch_labels.py took 0.097 seconds
[2024-10-13T09:46:24.853+0000] {processor.py:156} INFO - Started process (PID=2383) to work on /home/airflow/.local/lib/python3.7/site-packages/airflow/example_dags/example_branch_labels.py
[2024-10-13T09:46:24.854+0000] {processor.py:799} INFO - Processing file /home/airflow/.local/lib/python3.7/site-packages/airflow/example_dags/example_branch_labels.py for tasks to queue
[2024-10-13T09:46:24.854+0000] {logging_mixin.py:149} INFO - [2024-10-13T09:46:24.854+0000] {dagbag.py:541} INFO - Filling up the DagBag from /home/airflow/.local/lib/python3.7/site-packages/airflow/example_dags/example_branch_labels.py
[2024-10-13T09:46:24.863+0000] {processor.py:809} INFO - DAG(s) dict_keys(['example_branch_labels']) retrieved from /home/airflow/.local/lib/python3.7/site-packages/airflow/example_dags/example_branch_labels.py
[2024-10-13T09:46:24.892+0000] {logging_mixin.py:149} INFO - [2024-10-13T09:46:24.892+0000] {dag.py:2726} INFO - Sync 1 DAGs
[2024-10-13T09:46:24.923+0000] {logging_mixin.py:149} INFO - [2024-10-13T09:46:24.923+0000] {dag.py:3490} INFO - Setting next_dagrun for example_branch_labels to 2024-10-12T00:00:00+00:00, run_after=2024-10-13T00:00:00+00:00
[2024-10-13T09:46:24.941+0000] {processor.py:178} INFO - Processing /home/airflow/.local/lib/python3.7/site-packages/airflow/example_dags/example_branch_labels.py took 0.091 seconds
[2024-10-13T09:46:55.438+0000] {processor.py:156} INFO - Started process (PID=2444) to work on /home/airflow/.local/lib/python3.7/site-packages/airflow/example_dags/example_branch_labels.py
[2024-10-13T09:46:55.439+0000] {processor.py:799} INFO - Processing file /home/airflow/.local/lib/python3.7/site-packages/airflow/example_dags/example_branch_labels.py for tasks to queue
[2024-10-13T09:46:55.440+0000] {logging_mixin.py:149} INFO - [2024-10-13T09:46:55.440+0000] {dagbag.py:541} INFO - Filling up the DagBag from /home/airflow/.local/lib/python3.7/site-packages/airflow/example_dags/example_branch_labels.py
[2024-10-13T09:46:55.452+0000] {processor.py:809} INFO - DAG(s) dict_keys(['example_branch_labels']) retrieved from /home/airflow/.local/lib/python3.7/site-packages/airflow/example_dags/example_branch_labels.py
[2024-10-13T09:46:55.487+0000] {logging_mixin.py:149} INFO - [2024-10-13T09:46:55.487+0000] {dag.py:2726} INFO - Sync 1 DAGs
[2024-10-13T09:46:55.517+0000] {logging_mixin.py:149} INFO - [2024-10-13T09:46:55.517+0000] {dag.py:3490} INFO - Setting next_dagrun for example_branch_labels to 2024-10-12T00:00:00+00:00, run_after=2024-10-13T00:00:00+00:00
[2024-10-13T09:46:55.535+0000] {processor.py:178} INFO - Processing /home/airflow/.local/lib/python3.7/site-packages/airflow/example_dags/example_branch_labels.py took 0.103 seconds
[2024-10-13T09:47:25.977+0000] {processor.py:156} INFO - Started process (PID=2505) to work on /home/airflow/.local/lib/python3.7/site-packages/airflow/example_dags/example_branch_labels.py
[2024-10-13T09:47:25.979+0000] {processor.py:799} INFO - Processing file /home/airflow/.local/lib/python3.7/site-packages/airflow/example_dags/example_branch_labels.py for tasks to queue
[2024-10-13T09:47:25.979+0000] {logging_mixin.py:149} INFO - [2024-10-13T09:47:25.979+0000] {dagbag.py:541} INFO - Filling up the DagBag from /home/airflow/.local/lib/python3.7/site-packages/airflow/example_dags/example_branch_labels.py
[2024-10-13T09:47:25.987+0000] {processor.py:809} INFO - DAG(s) dict_keys(['example_branch_labels']) retrieved from /home/airflow/.local/lib/python3.7/site-packages/airflow/example_dags/example_branch_labels.py
[2024-10-13T09:47:26.021+0000] {logging_mixin.py:149} INFO - [2024-10-13T09:47:26.021+0000] {dag.py:2726} INFO - Sync 1 DAGs
[2024-10-13T09:47:26.059+0000] {logging_mixin.py:149} INFO - [2024-10-13T09:47:26.059+0000] {dag.py:3490} INFO - Setting next_dagrun for example_branch_labels to 2024-10-12T00:00:00+00:00, run_after=2024-10-13T00:00:00+00:00
[2024-10-13T09:47:26.077+0000] {processor.py:178} INFO - Processing /home/airflow/.local/lib/python3.7/site-packages/airflow/example_dags/example_branch_labels.py took 0.106 seconds
[2024-10-13T09:47:56.465+0000] {processor.py:156} INFO - Started process (PID=2566) to work on /home/airflow/.local/lib/python3.7/site-packages/airflow/example_dags/example_branch_labels.py
[2024-10-13T09:47:56.466+0000] {processor.py:799} INFO - Processing file /home/airflow/.local/lib/python3.7/site-packages/airflow/example_dags/example_branch_labels.py for tasks to queue
[2024-10-13T09:47:56.467+0000] {logging_mixin.py:149} INFO - [2024-10-13T09:47:56.466+0000] {dagbag.py:541} INFO - Filling up the DagBag from /home/airflow/.local/lib/python3.7/site-packages/airflow/example_dags/example_branch_labels.py
[2024-10-13T09:47:56.478+0000] {processor.py:809} INFO - DAG(s) dict_keys(['example_branch_labels']) retrieved from /home/airflow/.local/lib/python3.7/site-packages/airflow/example_dags/example_branch_labels.py
[2024-10-13T09:47:56.511+0000] {logging_mixin.py:149} INFO - [2024-10-13T09:47:56.510+0000] {dag.py:2726} INFO - Sync 1 DAGs
[2024-10-13T09:47:56.554+0000] {logging_mixin.py:149} INFO - [2024-10-13T09:47:56.553+0000] {dag.py:3490} INFO - Setting next_dagrun for example_branch_labels to 2024-10-12T00:00:00+00:00, run_after=2024-10-13T00:00:00+00:00
[2024-10-13T09:47:56.577+0000] {processor.py:178} INFO - Processing /home/airflow/.local/lib/python3.7/site-packages/airflow/example_dags/example_branch_labels.py took 0.116 seconds
[2024-10-13T09:48:26.764+0000] {processor.py:156} INFO - Started process (PID=2627) to work on /home/airflow/.local/lib/python3.7/site-packages/airflow/example_dags/example_branch_labels.py
[2024-10-13T09:48:26.765+0000] {processor.py:799} INFO - Processing file /home/airflow/.local/lib/python3.7/site-packages/airflow/example_dags/example_branch_labels.py for tasks to queue
[2024-10-13T09:48:26.765+0000] {logging_mixin.py:149} INFO - [2024-10-13T09:48:26.765+0000] {dagbag.py:541} INFO - Filling up the DagBag from /home/airflow/.local/lib/python3.7/site-packages/airflow/example_dags/example_branch_labels.py
[2024-10-13T09:48:26.774+0000] {processor.py:809} INFO - DAG(s) dict_keys(['example_branch_labels']) retrieved from /home/airflow/.local/lib/python3.7/site-packages/airflow/example_dags/example_branch_labels.py
[2024-10-13T09:48:26.803+0000] {logging_mixin.py:149} INFO - [2024-10-13T09:48:26.803+0000] {dag.py:2726} INFO - Sync 1 DAGs
[2024-10-13T09:48:26.832+0000] {logging_mixin.py:149} INFO - [2024-10-13T09:48:26.832+0000] {dag.py:3490} INFO - Setting next_dagrun for example_branch_labels to 2024-10-12T00:00:00+00:00, run_after=2024-10-13T00:00:00+00:00
[2024-10-13T09:48:26.850+0000] {processor.py:178} INFO - Processing /home/airflow/.local/lib/python3.7/site-packages/airflow/example_dags/example_branch_labels.py took 0.090 seconds
[2024-10-13T09:48:57.106+0000] {processor.py:156} INFO - Started process (PID=2688) to work on /home/airflow/.local/lib/python3.7/site-packages/airflow/example_dags/example_branch_labels.py
[2024-10-13T09:48:57.106+0000] {processor.py:799} INFO - Processing file /home/airflow/.local/lib/python3.7/site-packages/airflow/example_dags/example_branch_labels.py for tasks to queue
[2024-10-13T09:48:57.107+0000] {logging_mixin.py:149} INFO - [2024-10-13T09:48:57.107+0000] {dagbag.py:541} INFO - Filling up the DagBag from /home/airflow/.local/lib/python3.7/site-packages/airflow/example_dags/example_branch_labels.py
[2024-10-13T09:48:57.116+0000] {processor.py:809} INFO - DAG(s) dict_keys(['example_branch_labels']) retrieved from /home/airflow/.local/lib/python3.7/site-packages/airflow/example_dags/example_branch_labels.py
[2024-10-13T09:48:57.145+0000] {logging_mixin.py:149} INFO - [2024-10-13T09:48:57.145+0000] {dag.py:2726} INFO - Sync 1 DAGs
[2024-10-13T09:48:57.173+0000] {logging_mixin.py:149} INFO - [2024-10-13T09:48:57.173+0000] {dag.py:3490} INFO - Setting next_dagrun for example_branch_labels to 2024-10-12T00:00:00+00:00, run_after=2024-10-13T00:00:00+00:00
[2024-10-13T09:48:57.192+0000] {processor.py:178} INFO - Processing /home/airflow/.local/lib/python3.7/site-packages/airflow/example_dags/example_branch_labels.py took 0.090 seconds
[2024-10-13T09:49:27.504+0000] {processor.py:156} INFO - Started process (PID=2749) to work on /home/airflow/.local/lib/python3.7/site-packages/airflow/example_dags/example_branch_labels.py
[2024-10-13T09:49:27.508+0000] {processor.py:799} INFO - Processing file /home/airflow/.local/lib/python3.7/site-packages/airflow/example_dags/example_branch_labels.py for tasks to queue
[2024-10-13T09:49:27.509+0000] {logging_mixin.py:149} INFO - [2024-10-13T09:49:27.509+0000] {dagbag.py:541} INFO - Filling up the DagBag from /home/airflow/.local/lib/python3.7/site-packages/airflow/example_dags/example_branch_labels.py
[2024-10-13T09:49:27.517+0000] {processor.py:809} INFO - DAG(s) dict_keys(['example_branch_labels']) retrieved from /home/airflow/.local/lib/python3.7/site-packages/airflow/example_dags/example_branch_labels.py
[2024-10-13T09:49:27.546+0000] {logging_mixin.py:149} INFO - [2024-10-13T09:49:27.546+0000] {dag.py:2726} INFO - Sync 1 DAGs
[2024-10-13T09:49:27.575+0000] {logging_mixin.py:149} INFO - [2024-10-13T09:49:27.575+0000] {dag.py:3490} INFO - Setting next_dagrun for example_branch_labels to 2024-10-12T00:00:00+00:00, run_after=2024-10-13T00:00:00+00:00
[2024-10-13T09:49:27.593+0000] {processor.py:178} INFO - Processing /home/airflow/.local/lib/python3.7/site-packages/airflow/example_dags/example_branch_labels.py took 0.092 seconds
[2024-10-13T09:49:57.763+0000] {processor.py:156} INFO - Started process (PID=2810) to work on /home/airflow/.local/lib/python3.7/site-packages/airflow/example_dags/example_branch_labels.py
[2024-10-13T09:49:57.764+0000] {processor.py:799} INFO - Processing file /home/airflow/.local/lib/python3.7/site-packages/airflow/example_dags/example_branch_labels.py for tasks to queue
[2024-10-13T09:49:57.765+0000] {logging_mixin.py:149} INFO - [2024-10-13T09:49:57.765+0000] {dagbag.py:541} INFO - Filling up the DagBag from /home/airflow/.local/lib/python3.7/site-packages/airflow/example_dags/example_branch_labels.py
[2024-10-13T09:49:57.773+0000] {processor.py:809} INFO - DAG(s) dict_keys(['example_branch_labels']) retrieved from /home/airflow/.local/lib/python3.7/site-packages/airflow/example_dags/example_branch_labels.py
[2024-10-13T09:49:57.802+0000] {logging_mixin.py:149} INFO - [2024-10-13T09:49:57.802+0000] {dag.py:2726} INFO - Sync 1 DAGs
[2024-10-13T09:49:57.831+0000] {logging_mixin.py:149} INFO - [2024-10-13T09:49:57.831+0000] {dag.py:3490} INFO - Setting next_dagrun for example_branch_labels to 2024-10-12T00:00:00+00:00, run_after=2024-10-13T00:00:00+00:00
[2024-10-13T09:49:57.850+0000] {processor.py:178} INFO - Processing /home/airflow/.local/lib/python3.7/site-packages/airflow/example_dags/example_branch_labels.py took 0.090 seconds
[2024-10-13T09:50:27.931+0000] {processor.py:156} INFO - Started process (PID=2871) to work on /home/airflow/.local/lib/python3.7/site-packages/airflow/example_dags/example_branch_labels.py
[2024-10-13T09:50:27.932+0000] {processor.py:799} INFO - Processing file /home/airflow/.local/lib/python3.7/site-packages/airflow/example_dags/example_branch_labels.py for tasks to queue
[2024-10-13T09:50:27.933+0000] {logging_mixin.py:149} INFO - [2024-10-13T09:50:27.932+0000] {dagbag.py:541} INFO - Filling up the DagBag from /home/airflow/.local/lib/python3.7/site-packages/airflow/example_dags/example_branch_labels.py
[2024-10-13T09:50:27.943+0000] {processor.py:809} INFO - DAG(s) dict_keys(['example_branch_labels']) retrieved from /home/airflow/.local/lib/python3.7/site-packages/airflow/example_dags/example_branch_labels.py
[2024-10-13T09:50:27.976+0000] {logging_mixin.py:149} INFO - [2024-10-13T09:50:27.976+0000] {dag.py:2726} INFO - Sync 1 DAGs
[2024-10-13T09:50:28.004+0000] {logging_mixin.py:149} INFO - [2024-10-13T09:50:28.004+0000] {dag.py:3490} INFO - Setting next_dagrun for example_branch_labels to 2024-10-12T00:00:00+00:00, run_after=2024-10-13T00:00:00+00:00
[2024-10-13T09:50:28.022+0000] {processor.py:178} INFO - Processing /home/airflow/.local/lib/python3.7/site-packages/airflow/example_dags/example_branch_labels.py took 0.096 seconds
[2024-10-13T09:50:58.350+0000] {processor.py:156} INFO - Started process (PID=2932) to work on /home/airflow/.local/lib/python3.7/site-packages/airflow/example_dags/example_branch_labels.py
[2024-10-13T09:50:58.351+0000] {processor.py:799} INFO - Processing file /home/airflow/.local/lib/python3.7/site-packages/airflow/example_dags/example_branch_labels.py for tasks to queue
[2024-10-13T09:50:58.352+0000] {logging_mixin.py:149} INFO - [2024-10-13T09:50:58.352+0000] {dagbag.py:541} INFO - Filling up the DagBag from /home/airflow/.local/lib/python3.7/site-packages/airflow/example_dags/example_branch_labels.py
[2024-10-13T09:50:58.364+0000] {processor.py:809} INFO - DAG(s) dict_keys(['example_branch_labels']) retrieved from /home/airflow/.local/lib/python3.7/site-packages/airflow/example_dags/example_branch_labels.py
[2024-10-13T09:50:58.395+0000] {logging_mixin.py:149} INFO - [2024-10-13T09:50:58.395+0000] {dag.py:2726} INFO - Sync 1 DAGs
[2024-10-13T09:50:58.423+0000] {logging_mixin.py:149} INFO - [2024-10-13T09:50:58.423+0000] {dag.py:3490} INFO - Setting next_dagrun for example_branch_labels to 2024-10-12T00:00:00+00:00, run_after=2024-10-13T00:00:00+00:00
[2024-10-13T09:50:58.442+0000] {processor.py:178} INFO - Processing /home/airflow/.local/lib/python3.7/site-packages/airflow/example_dags/example_branch_labels.py took 0.097 seconds
[2024-10-13T09:51:28.710+0000] {processor.py:156} INFO - Started process (PID=2993) to work on /home/airflow/.local/lib/python3.7/site-packages/airflow/example_dags/example_branch_labels.py
[2024-10-13T09:51:28.711+0000] {processor.py:799} INFO - Processing file /home/airflow/.local/lib/python3.7/site-packages/airflow/example_dags/example_branch_labels.py for tasks to queue
[2024-10-13T09:51:28.712+0000] {logging_mixin.py:149} INFO - [2024-10-13T09:51:28.711+0000] {dagbag.py:541} INFO - Filling up the DagBag from /home/airflow/.local/lib/python3.7/site-packages/airflow/example_dags/example_branch_labels.py
[2024-10-13T09:51:28.720+0000] {processor.py:809} INFO - DAG(s) dict_keys(['example_branch_labels']) retrieved from /home/airflow/.local/lib/python3.7/site-packages/airflow/example_dags/example_branch_labels.py
[2024-10-13T09:51:28.750+0000] {logging_mixin.py:149} INFO - [2024-10-13T09:51:28.749+0000] {dag.py:2726} INFO - Sync 1 DAGs
[2024-10-13T09:51:28.778+0000] {logging_mixin.py:149} INFO - [2024-10-13T09:51:28.778+0000] {dag.py:3490} INFO - Setting next_dagrun for example_branch_labels to 2024-10-12T00:00:00+00:00, run_after=2024-10-13T00:00:00+00:00
[2024-10-13T09:51:28.798+0000] {processor.py:178} INFO - Processing /home/airflow/.local/lib/python3.7/site-packages/airflow/example_dags/example_branch_labels.py took 0.092 seconds
[2024-10-13T09:51:59.096+0000] {processor.py:156} INFO - Started process (PID=3054) to work on /home/airflow/.local/lib/python3.7/site-packages/airflow/example_dags/example_branch_labels.py
[2024-10-13T09:51:59.097+0000] {processor.py:799} INFO - Processing file /home/airflow/.local/lib/python3.7/site-packages/airflow/example_dags/example_branch_labels.py for tasks to queue
[2024-10-13T09:51:59.098+0000] {logging_mixin.py:149} INFO - [2024-10-13T09:51:59.098+0000] {dagbag.py:541} INFO - Filling up the DagBag from /home/airflow/.local/lib/python3.7/site-packages/airflow/example_dags/example_branch_labels.py
[2024-10-13T09:51:59.105+0000] {processor.py:809} INFO - DAG(s) dict_keys(['example_branch_labels']) retrieved from /home/airflow/.local/lib/python3.7/site-packages/airflow/example_dags/example_branch_labels.py
[2024-10-13T09:51:59.133+0000] {logging_mixin.py:149} INFO - [2024-10-13T09:51:59.133+0000] {dag.py:2726} INFO - Sync 1 DAGs
[2024-10-13T09:51:59.160+0000] {logging_mixin.py:149} INFO - [2024-10-13T09:51:59.160+0000] {dag.py:3490} INFO - Setting next_dagrun for example_branch_labels to 2024-10-12T00:00:00+00:00, run_after=2024-10-13T00:00:00+00:00
[2024-10-13T09:51:59.177+0000] {processor.py:178} INFO - Processing /home/airflow/.local/lib/python3.7/site-packages/airflow/example_dags/example_branch_labels.py took 0.084 seconds
[2024-10-13T09:52:29.651+0000] {processor.py:156} INFO - Started process (PID=3115) to work on /home/airflow/.local/lib/python3.7/site-packages/airflow/example_dags/example_branch_labels.py
[2024-10-13T09:52:29.652+0000] {processor.py:799} INFO - Processing file /home/airflow/.local/lib/python3.7/site-packages/airflow/example_dags/example_branch_labels.py for tasks to queue
[2024-10-13T09:52:29.652+0000] {logging_mixin.py:149} INFO - [2024-10-13T09:52:29.652+0000] {dagbag.py:541} INFO - Filling up the DagBag from /home/airflow/.local/lib/python3.7/site-packages/airflow/example_dags/example_branch_labels.py
[2024-10-13T09:52:29.663+0000] {processor.py:809} INFO - DAG(s) dict_keys(['example_branch_labels']) retrieved from /home/airflow/.local/lib/python3.7/site-packages/airflow/example_dags/example_branch_labels.py
[2024-10-13T09:52:29.701+0000] {logging_mixin.py:149} INFO - [2024-10-13T09:52:29.700+0000] {dag.py:2726} INFO - Sync 1 DAGs
[2024-10-13T09:52:29.737+0000] {logging_mixin.py:149} INFO - [2024-10-13T09:52:29.737+0000] {dag.py:3490} INFO - Setting next_dagrun for example_branch_labels to 2024-10-12T00:00:00+00:00, run_after=2024-10-13T00:00:00+00:00
[2024-10-13T09:52:29.753+0000] {processor.py:178} INFO - Processing /home/airflow/.local/lib/python3.7/site-packages/airflow/example_dags/example_branch_labels.py took 0.106 seconds
[2024-10-13T09:53:00.565+0000] {processor.py:156} INFO - Started process (PID=3167) to work on /home/airflow/.local/lib/python3.7/site-packages/airflow/example_dags/example_branch_labels.py
[2024-10-13T09:53:00.566+0000] {processor.py:799} INFO - Processing file /home/airflow/.local/lib/python3.7/site-packages/airflow/example_dags/example_branch_labels.py for tasks to queue
[2024-10-13T09:53:00.567+0000] {logging_mixin.py:149} INFO - [2024-10-13T09:53:00.567+0000] {dagbag.py:541} INFO - Filling up the DagBag from /home/airflow/.local/lib/python3.7/site-packages/airflow/example_dags/example_branch_labels.py
[2024-10-13T09:53:00.575+0000] {processor.py:809} INFO - DAG(s) dict_keys(['example_branch_labels']) retrieved from /home/airflow/.local/lib/python3.7/site-packages/airflow/example_dags/example_branch_labels.py
[2024-10-13T09:53:00.604+0000] {logging_mixin.py:149} INFO - [2024-10-13T09:53:00.604+0000] {dag.py:2726} INFO - Sync 1 DAGs
[2024-10-13T09:53:00.633+0000] {logging_mixin.py:149} INFO - [2024-10-13T09:53:00.633+0000] {dag.py:3490} INFO - Setting next_dagrun for example_branch_labels to 2024-10-12T00:00:00+00:00, run_after=2024-10-13T00:00:00+00:00
[2024-10-13T09:53:00.651+0000] {processor.py:178} INFO - Processing /home/airflow/.local/lib/python3.7/site-packages/airflow/example_dags/example_branch_labels.py took 0.090 seconds
[2024-10-13T09:53:31.111+0000] {processor.py:156} INFO - Started process (PID=3228) to work on /home/airflow/.local/lib/python3.7/site-packages/airflow/example_dags/example_branch_labels.py
[2024-10-13T09:53:31.112+0000] {processor.py:799} INFO - Processing file /home/airflow/.local/lib/python3.7/site-packages/airflow/example_dags/example_branch_labels.py for tasks to queue
[2024-10-13T09:53:31.112+0000] {logging_mixin.py:149} INFO - [2024-10-13T09:53:31.112+0000] {dagbag.py:541} INFO - Filling up the DagBag from /home/airflow/.local/lib/python3.7/site-packages/airflow/example_dags/example_branch_labels.py
[2024-10-13T09:53:31.120+0000] {processor.py:809} INFO - DAG(s) dict_keys(['example_branch_labels']) retrieved from /home/airflow/.local/lib/python3.7/site-packages/airflow/example_dags/example_branch_labels.py
[2024-10-13T09:53:31.149+0000] {logging_mixin.py:149} INFO - [2024-10-13T09:53:31.149+0000] {dag.py:2726} INFO - Sync 1 DAGs
[2024-10-13T09:53:31.177+0000] {logging_mixin.py:149} INFO - [2024-10-13T09:53:31.177+0000] {dag.py:3490} INFO - Setting next_dagrun for example_branch_labels to 2024-10-12T00:00:00+00:00, run_after=2024-10-13T00:00:00+00:00
[2024-10-13T09:53:31.195+0000] {processor.py:178} INFO - Processing /home/airflow/.local/lib/python3.7/site-packages/airflow/example_dags/example_branch_labels.py took 0.087 seconds
[2024-10-13T09:54:01.569+0000] {processor.py:156} INFO - Started process (PID=3289) to work on /home/airflow/.local/lib/python3.7/site-packages/airflow/example_dags/example_branch_labels.py
[2024-10-13T09:54:01.570+0000] {processor.py:799} INFO - Processing file /home/airflow/.local/lib/python3.7/site-packages/airflow/example_dags/example_branch_labels.py for tasks to queue
[2024-10-13T09:54:01.571+0000] {logging_mixin.py:149} INFO - [2024-10-13T09:54:01.571+0000] {dagbag.py:541} INFO - Filling up the DagBag from /home/airflow/.local/lib/python3.7/site-packages/airflow/example_dags/example_branch_labels.py
[2024-10-13T09:54:01.582+0000] {processor.py:809} INFO - DAG(s) dict_keys(['example_branch_labels']) retrieved from /home/airflow/.local/lib/python3.7/site-packages/airflow/example_dags/example_branch_labels.py
[2024-10-13T09:54:01.613+0000] {logging_mixin.py:149} INFO - [2024-10-13T09:54:01.613+0000] {dag.py:2726} INFO - Sync 1 DAGs
[2024-10-13T09:54:01.642+0000] {logging_mixin.py:149} INFO - [2024-10-13T09:54:01.642+0000] {dag.py:3490} INFO - Setting next_dagrun for example_branch_labels to 2024-10-12T00:00:00+00:00, run_after=2024-10-13T00:00:00+00:00
[2024-10-13T09:54:01.660+0000] {processor.py:178} INFO - Processing /home/airflow/.local/lib/python3.7/site-packages/airflow/example_dags/example_branch_labels.py took 0.096 seconds
[2024-10-13T09:54:31.759+0000] {processor.py:156} INFO - Started process (PID=3350) to work on /home/airflow/.local/lib/python3.7/site-packages/airflow/example_dags/example_branch_labels.py
[2024-10-13T09:54:31.760+0000] {processor.py:799} INFO - Processing file /home/airflow/.local/lib/python3.7/site-packages/airflow/example_dags/example_branch_labels.py for tasks to queue
[2024-10-13T09:54:31.761+0000] {logging_mixin.py:149} INFO - [2024-10-13T09:54:31.761+0000] {dagbag.py:541} INFO - Filling up the DagBag from /home/airflow/.local/lib/python3.7/site-packages/airflow/example_dags/example_branch_labels.py
[2024-10-13T09:54:31.768+0000] {processor.py:809} INFO - DAG(s) dict_keys(['example_branch_labels']) retrieved from /home/airflow/.local/lib/python3.7/site-packages/airflow/example_dags/example_branch_labels.py
[2024-10-13T09:54:31.796+0000] {logging_mixin.py:149} INFO - [2024-10-13T09:54:31.795+0000] {dag.py:2726} INFO - Sync 1 DAGs
[2024-10-13T09:54:31.824+0000] {logging_mixin.py:149} INFO - [2024-10-13T09:54:31.824+0000] {dag.py:3490} INFO - Setting next_dagrun for example_branch_labels to 2024-10-12T00:00:00+00:00, run_after=2024-10-13T00:00:00+00:00
[2024-10-13T09:54:31.841+0000] {processor.py:178} INFO - Processing /home/airflow/.local/lib/python3.7/site-packages/airflow/example_dags/example_branch_labels.py took 0.085 seconds
[2024-10-13T09:55:01.916+0000] {processor.py:156} INFO - Started process (PID=3411) to work on /home/airflow/.local/lib/python3.7/site-packages/airflow/example_dags/example_branch_labels.py
[2024-10-13T09:55:01.917+0000] {processor.py:799} INFO - Processing file /home/airflow/.local/lib/python3.7/site-packages/airflow/example_dags/example_branch_labels.py for tasks to queue
[2024-10-13T09:55:01.917+0000] {logging_mixin.py:149} INFO - [2024-10-13T09:55:01.917+0000] {dagbag.py:541} INFO - Filling up the DagBag from /home/airflow/.local/lib/python3.7/site-packages/airflow/example_dags/example_branch_labels.py
[2024-10-13T09:55:01.925+0000] {processor.py:809} INFO - DAG(s) dict_keys(['example_branch_labels']) retrieved from /home/airflow/.local/lib/python3.7/site-packages/airflow/example_dags/example_branch_labels.py
[2024-10-13T09:55:01.951+0000] {logging_mixin.py:149} INFO - [2024-10-13T09:55:01.951+0000] {dag.py:2726} INFO - Sync 1 DAGs
[2024-10-13T09:55:01.978+0000] {logging_mixin.py:149} INFO - [2024-10-13T09:55:01.978+0000] {dag.py:3490} INFO - Setting next_dagrun for example_branch_labels to 2024-10-12T00:00:00+00:00, run_after=2024-10-13T00:00:00+00:00
[2024-10-13T09:55:02.008+0000] {processor.py:178} INFO - Processing /home/airflow/.local/lib/python3.7/site-packages/airflow/example_dags/example_branch_labels.py took 0.096 seconds
[2024-10-13T09:55:32.506+0000] {processor.py:156} INFO - Started process (PID=3472) to work on /home/airflow/.local/lib/python3.7/site-packages/airflow/example_dags/example_branch_labels.py
[2024-10-13T09:55:32.507+0000] {processor.py:799} INFO - Processing file /home/airflow/.local/lib/python3.7/site-packages/airflow/example_dags/example_branch_labels.py for tasks to queue
[2024-10-13T09:55:32.508+0000] {logging_mixin.py:149} INFO - [2024-10-13T09:55:32.508+0000] {dagbag.py:541} INFO - Filling up the DagBag from /home/airflow/.local/lib/python3.7/site-packages/airflow/example_dags/example_branch_labels.py
[2024-10-13T09:55:32.515+0000] {processor.py:809} INFO - DAG(s) dict_keys(['example_branch_labels']) retrieved from /home/airflow/.local/lib/python3.7/site-packages/airflow/example_dags/example_branch_labels.py
[2024-10-13T09:55:32.549+0000] {logging_mixin.py:149} INFO - [2024-10-13T09:55:32.549+0000] {dag.py:2726} INFO - Sync 1 DAGs
[2024-10-13T09:55:32.590+0000] {logging_mixin.py:149} INFO - [2024-10-13T09:55:32.590+0000] {dag.py:3490} INFO - Setting next_dagrun for example_branch_labels to 2024-10-12T00:00:00+00:00, run_after=2024-10-13T00:00:00+00:00
[2024-10-13T09:55:32.609+0000] {processor.py:178} INFO - Processing /home/airflow/.local/lib/python3.7/site-packages/airflow/example_dags/example_branch_labels.py took 0.106 seconds
[2024-10-13T09:56:03.035+0000] {processor.py:156} INFO - Started process (PID=3533) to work on /home/airflow/.local/lib/python3.7/site-packages/airflow/example_dags/example_branch_labels.py
[2024-10-13T09:56:03.036+0000] {processor.py:799} INFO - Processing file /home/airflow/.local/lib/python3.7/site-packages/airflow/example_dags/example_branch_labels.py for tasks to queue
[2024-10-13T09:56:03.036+0000] {logging_mixin.py:149} INFO - [2024-10-13T09:56:03.036+0000] {dagbag.py:541} INFO - Filling up the DagBag from /home/airflow/.local/lib/python3.7/site-packages/airflow/example_dags/example_branch_labels.py
[2024-10-13T09:56:03.044+0000] {processor.py:809} INFO - DAG(s) dict_keys(['example_branch_labels']) retrieved from /home/airflow/.local/lib/python3.7/site-packages/airflow/example_dags/example_branch_labels.py
[2024-10-13T09:56:03.072+0000] {logging_mixin.py:149} INFO - [2024-10-13T09:56:03.072+0000] {dag.py:2726} INFO - Sync 1 DAGs
[2024-10-13T09:56:03.100+0000] {logging_mixin.py:149} INFO - [2024-10-13T09:56:03.100+0000] {dag.py:3490} INFO - Setting next_dagrun for example_branch_labels to 2024-10-12T00:00:00+00:00, run_after=2024-10-13T00:00:00+00:00
[2024-10-13T09:56:03.136+0000] {processor.py:178} INFO - Processing /home/airflow/.local/lib/python3.7/site-packages/airflow/example_dags/example_branch_labels.py took 0.105 seconds
[2024-10-13T09:56:33.434+0000] {processor.py:156} INFO - Started process (PID=3594) to work on /home/airflow/.local/lib/python3.7/site-packages/airflow/example_dags/example_branch_labels.py
[2024-10-13T09:56:33.435+0000] {processor.py:799} INFO - Processing file /home/airflow/.local/lib/python3.7/site-packages/airflow/example_dags/example_branch_labels.py for tasks to queue
[2024-10-13T09:56:33.436+0000] {logging_mixin.py:149} INFO - [2024-10-13T09:56:33.436+0000] {dagbag.py:541} INFO - Filling up the DagBag from /home/airflow/.local/lib/python3.7/site-packages/airflow/example_dags/example_branch_labels.py
[2024-10-13T09:56:33.448+0000] {processor.py:809} INFO - DAG(s) dict_keys(['example_branch_labels']) retrieved from /home/airflow/.local/lib/python3.7/site-packages/airflow/example_dags/example_branch_labels.py
[2024-10-13T09:56:33.487+0000] {logging_mixin.py:149} INFO - [2024-10-13T09:56:33.487+0000] {dag.py:2726} INFO - Sync 1 DAGs
[2024-10-13T09:56:33.518+0000] {logging_mixin.py:149} INFO - [2024-10-13T09:56:33.518+0000] {dag.py:3490} INFO - Setting next_dagrun for example_branch_labels to 2024-10-12T00:00:00+00:00, run_after=2024-10-13T00:00:00+00:00
[2024-10-13T09:56:33.537+0000] {processor.py:178} INFO - Processing /home/airflow/.local/lib/python3.7/site-packages/airflow/example_dags/example_branch_labels.py took 0.107 seconds
[2024-10-13T09:57:04.077+0000] {processor.py:156} INFO - Started process (PID=3655) to work on /home/airflow/.local/lib/python3.7/site-packages/airflow/example_dags/example_branch_labels.py
[2024-10-13T09:57:04.077+0000] {processor.py:799} INFO - Processing file /home/airflow/.local/lib/python3.7/site-packages/airflow/example_dags/example_branch_labels.py for tasks to queue
[2024-10-13T09:57:04.078+0000] {logging_mixin.py:149} INFO - [2024-10-13T09:57:04.078+0000] {dagbag.py:541} INFO - Filling up the DagBag from /home/airflow/.local/lib/python3.7/site-packages/airflow/example_dags/example_branch_labels.py
[2024-10-13T09:57:04.085+0000] {processor.py:809} INFO - DAG(s) dict_keys(['example_branch_labels']) retrieved from /home/airflow/.local/lib/python3.7/site-packages/airflow/example_dags/example_branch_labels.py
[2024-10-13T09:57:04.122+0000] {logging_mixin.py:149} INFO - [2024-10-13T09:57:04.122+0000] {dag.py:2726} INFO - Sync 1 DAGs
[2024-10-13T09:57:04.155+0000] {logging_mixin.py:149} INFO - [2024-10-13T09:57:04.155+0000] {dag.py:3490} INFO - Setting next_dagrun for example_branch_labels to 2024-10-12T00:00:00+00:00, run_after=2024-10-13T00:00:00+00:00
[2024-10-13T09:57:04.172+0000] {processor.py:178} INFO - Processing /home/airflow/.local/lib/python3.7/site-packages/airflow/example_dags/example_branch_labels.py took 0.099 seconds
[2024-10-13T09:57:34.866+0000] {processor.py:156} INFO - Started process (PID=3716) to work on /home/airflow/.local/lib/python3.7/site-packages/airflow/example_dags/example_branch_labels.py
[2024-10-13T09:57:34.867+0000] {processor.py:799} INFO - Processing file /home/airflow/.local/lib/python3.7/site-packages/airflow/example_dags/example_branch_labels.py for tasks to queue
[2024-10-13T09:57:34.868+0000] {logging_mixin.py:149} INFO - [2024-10-13T09:57:34.868+0000] {dagbag.py:541} INFO - Filling up the DagBag from /home/airflow/.local/lib/python3.7/site-packages/airflow/example_dags/example_branch_labels.py
[2024-10-13T09:57:34.876+0000] {processor.py:809} INFO - DAG(s) dict_keys(['example_branch_labels']) retrieved from /home/airflow/.local/lib/python3.7/site-packages/airflow/example_dags/example_branch_labels.py
[2024-10-13T09:57:34.908+0000] {logging_mixin.py:149} INFO - [2024-10-13T09:57:34.908+0000] {dag.py:2726} INFO - Sync 1 DAGs
[2024-10-13T09:57:34.941+0000] {logging_mixin.py:149} INFO - [2024-10-13T09:57:34.940+0000] {dag.py:3490} INFO - Setting next_dagrun for example_branch_labels to 2024-10-12T00:00:00+00:00, run_after=2024-10-13T00:00:00+00:00
[2024-10-13T09:57:34.960+0000] {processor.py:178} INFO - Processing /home/airflow/.local/lib/python3.7/site-packages/airflow/example_dags/example_branch_labels.py took 0.099 seconds
[2024-10-13T14:18:48.226+0000] {processor.py:156} INFO - Started process (PID=48) to work on /home/airflow/.local/lib/python3.7/site-packages/airflow/example_dags/example_branch_labels.py
[2024-10-13T14:18:48.227+0000] {processor.py:799} INFO - Processing file /home/airflow/.local/lib/python3.7/site-packages/airflow/example_dags/example_branch_labels.py for tasks to queue
[2024-10-13T14:18:48.228+0000] {logging_mixin.py:149} INFO - [2024-10-13T14:18:48.228+0000] {dagbag.py:541} INFO - Filling up the DagBag from /home/airflow/.local/lib/python3.7/site-packages/airflow/example_dags/example_branch_labels.py
[2024-10-13T14:18:48.246+0000] {processor.py:809} INFO - DAG(s) dict_keys(['example_branch_labels']) retrieved from /home/airflow/.local/lib/python3.7/site-packages/airflow/example_dags/example_branch_labels.py
[2024-10-13T14:18:48.266+0000] {logging_mixin.py:149} INFO - [2024-10-13T14:18:48.266+0000] {dag.py:2726} INFO - Sync 1 DAGs
[2024-10-13T14:18:48.326+0000] {logging_mixin.py:149} INFO - [2024-10-13T14:18:48.325+0000] {dag.py:3490} INFO - Setting next_dagrun for example_branch_labels to 2024-10-12T00:00:00+00:00, run_after=2024-10-13T00:00:00+00:00
[2024-10-13T14:18:48.389+0000] {processor.py:178} INFO - Processing /home/airflow/.local/lib/python3.7/site-packages/airflow/example_dags/example_branch_labels.py took 0.167 seconds
[2024-10-13T14:19:18.878+0000] {processor.py:156} INFO - Started process (PID=109) to work on /home/airflow/.local/lib/python3.7/site-packages/airflow/example_dags/example_branch_labels.py
[2024-10-13T14:19:18.880+0000] {processor.py:799} INFO - Processing file /home/airflow/.local/lib/python3.7/site-packages/airflow/example_dags/example_branch_labels.py for tasks to queue
[2024-10-13T14:19:18.880+0000] {logging_mixin.py:149} INFO - [2024-10-13T14:19:18.880+0000] {dagbag.py:541} INFO - Filling up the DagBag from /home/airflow/.local/lib/python3.7/site-packages/airflow/example_dags/example_branch_labels.py
[2024-10-13T14:19:18.889+0000] {processor.py:809} INFO - DAG(s) dict_keys(['example_branch_labels']) retrieved from /home/airflow/.local/lib/python3.7/site-packages/airflow/example_dags/example_branch_labels.py
[2024-10-13T14:19:18.922+0000] {logging_mixin.py:149} INFO - [2024-10-13T14:19:18.922+0000] {dag.py:2726} INFO - Sync 1 DAGs
[2024-10-13T14:19:18.961+0000] {logging_mixin.py:149} INFO - [2024-10-13T14:19:18.961+0000] {dag.py:3490} INFO - Setting next_dagrun for example_branch_labels to 2024-10-12T00:00:00+00:00, run_after=2024-10-13T00:00:00+00:00
[2024-10-13T14:19:18.984+0000] {processor.py:178} INFO - Processing /home/airflow/.local/lib/python3.7/site-packages/airflow/example_dags/example_branch_labels.py took 0.110 seconds
[2024-10-13T14:19:49.118+0000] {processor.py:156} INFO - Started process (PID=170) to work on /home/airflow/.local/lib/python3.7/site-packages/airflow/example_dags/example_branch_labels.py
[2024-10-13T14:19:49.119+0000] {processor.py:799} INFO - Processing file /home/airflow/.local/lib/python3.7/site-packages/airflow/example_dags/example_branch_labels.py for tasks to queue
[2024-10-13T14:19:49.119+0000] {logging_mixin.py:149} INFO - [2024-10-13T14:19:49.119+0000] {dagbag.py:541} INFO - Filling up the DagBag from /home/airflow/.local/lib/python3.7/site-packages/airflow/example_dags/example_branch_labels.py
[2024-10-13T14:19:49.128+0000] {processor.py:809} INFO - DAG(s) dict_keys(['example_branch_labels']) retrieved from /home/airflow/.local/lib/python3.7/site-packages/airflow/example_dags/example_branch_labels.py
[2024-10-13T14:19:49.159+0000] {logging_mixin.py:149} INFO - [2024-10-13T14:19:49.159+0000] {dag.py:2726} INFO - Sync 1 DAGs
[2024-10-13T14:19:49.192+0000] {logging_mixin.py:149} INFO - [2024-10-13T14:19:49.192+0000] {dag.py:3490} INFO - Setting next_dagrun for example_branch_labels to 2024-10-12T00:00:00+00:00, run_after=2024-10-13T00:00:00+00:00
[2024-10-13T14:19:49.216+0000] {processor.py:178} INFO - Processing /home/airflow/.local/lib/python3.7/site-packages/airflow/example_dags/example_branch_labels.py took 0.102 seconds
[2024-10-13T14:20:19.376+0000] {processor.py:156} INFO - Started process (PID=231) to work on /home/airflow/.local/lib/python3.7/site-packages/airflow/example_dags/example_branch_labels.py
[2024-10-13T14:20:19.377+0000] {processor.py:799} INFO - Processing file /home/airflow/.local/lib/python3.7/site-packages/airflow/example_dags/example_branch_labels.py for tasks to queue
[2024-10-13T14:20:19.377+0000] {logging_mixin.py:149} INFO - [2024-10-13T14:20:19.377+0000] {dagbag.py:541} INFO - Filling up the DagBag from /home/airflow/.local/lib/python3.7/site-packages/airflow/example_dags/example_branch_labels.py
[2024-10-13T14:20:19.385+0000] {processor.py:809} INFO - DAG(s) dict_keys(['example_branch_labels']) retrieved from /home/airflow/.local/lib/python3.7/site-packages/airflow/example_dags/example_branch_labels.py
[2024-10-13T14:20:19.414+0000] {logging_mixin.py:149} INFO - [2024-10-13T14:20:19.414+0000] {dag.py:2726} INFO - Sync 1 DAGs
[2024-10-13T14:20:19.444+0000] {logging_mixin.py:149} INFO - [2024-10-13T14:20:19.444+0000] {dag.py:3490} INFO - Setting next_dagrun for example_branch_labels to 2024-10-12T00:00:00+00:00, run_after=2024-10-13T00:00:00+00:00
[2024-10-13T14:20:19.464+0000] {processor.py:178} INFO - Processing /home/airflow/.local/lib/python3.7/site-packages/airflow/example_dags/example_branch_labels.py took 0.091 seconds
[2024-10-13T14:20:49.895+0000] {processor.py:156} INFO - Started process (PID=292) to work on /home/airflow/.local/lib/python3.7/site-packages/airflow/example_dags/example_branch_labels.py
[2024-10-13T14:20:49.897+0000] {processor.py:799} INFO - Processing file /home/airflow/.local/lib/python3.7/site-packages/airflow/example_dags/example_branch_labels.py for tasks to queue
[2024-10-13T14:20:49.897+0000] {logging_mixin.py:149} INFO - [2024-10-13T14:20:49.897+0000] {dagbag.py:541} INFO - Filling up the DagBag from /home/airflow/.local/lib/python3.7/site-packages/airflow/example_dags/example_branch_labels.py
[2024-10-13T14:20:49.906+0000] {processor.py:809} INFO - DAG(s) dict_keys(['example_branch_labels']) retrieved from /home/airflow/.local/lib/python3.7/site-packages/airflow/example_dags/example_branch_labels.py
[2024-10-13T14:20:49.934+0000] {logging_mixin.py:149} INFO - [2024-10-13T14:20:49.934+0000] {dag.py:2726} INFO - Sync 1 DAGs
[2024-10-13T14:20:49.963+0000] {logging_mixin.py:149} INFO - [2024-10-13T14:20:49.963+0000] {dag.py:3490} INFO - Setting next_dagrun for example_branch_labels to 2024-10-12T00:00:00+00:00, run_after=2024-10-13T00:00:00+00:00
[2024-10-13T14:20:49.984+0000] {processor.py:178} INFO - Processing /home/airflow/.local/lib/python3.7/site-packages/airflow/example_dags/example_branch_labels.py took 0.092 seconds
[2024-10-13T14:21:20.432+0000] {processor.py:156} INFO - Started process (PID=359) to work on /home/airflow/.local/lib/python3.7/site-packages/airflow/example_dags/example_branch_labels.py
[2024-10-13T14:21:20.433+0000] {processor.py:799} INFO - Processing file /home/airflow/.local/lib/python3.7/site-packages/airflow/example_dags/example_branch_labels.py for tasks to queue
[2024-10-13T14:21:20.434+0000] {logging_mixin.py:149} INFO - [2024-10-13T14:21:20.434+0000] {dagbag.py:541} INFO - Filling up the DagBag from /home/airflow/.local/lib/python3.7/site-packages/airflow/example_dags/example_branch_labels.py
[2024-10-13T14:21:20.441+0000] {processor.py:809} INFO - DAG(s) dict_keys(['example_branch_labels']) retrieved from /home/airflow/.local/lib/python3.7/site-packages/airflow/example_dags/example_branch_labels.py
[2024-10-13T14:21:20.476+0000] {logging_mixin.py:149} INFO - [2024-10-13T14:21:20.476+0000] {dag.py:2726} INFO - Sync 1 DAGs
[2024-10-13T14:21:20.506+0000] {logging_mixin.py:149} INFO - [2024-10-13T14:21:20.506+0000] {dag.py:3490} INFO - Setting next_dagrun for example_branch_labels to 2024-10-12T00:00:00+00:00, run_after=2024-10-13T00:00:00+00:00
[2024-10-13T14:21:20.528+0000] {processor.py:178} INFO - Processing /home/airflow/.local/lib/python3.7/site-packages/airflow/example_dags/example_branch_labels.py took 0.098 seconds
[2024-10-13T14:21:50.782+0000] {processor.py:156} INFO - Started process (PID=420) to work on /home/airflow/.local/lib/python3.7/site-packages/airflow/example_dags/example_branch_labels.py
[2024-10-13T14:21:50.783+0000] {processor.py:799} INFO - Processing file /home/airflow/.local/lib/python3.7/site-packages/airflow/example_dags/example_branch_labels.py for tasks to queue
[2024-10-13T14:21:50.784+0000] {logging_mixin.py:149} INFO - [2024-10-13T14:21:50.784+0000] {dagbag.py:541} INFO - Filling up the DagBag from /home/airflow/.local/lib/python3.7/site-packages/airflow/example_dags/example_branch_labels.py
[2024-10-13T14:21:50.793+0000] {processor.py:809} INFO - DAG(s) dict_keys(['example_branch_labels']) retrieved from /home/airflow/.local/lib/python3.7/site-packages/airflow/example_dags/example_branch_labels.py
[2024-10-13T14:21:50.824+0000] {logging_mixin.py:149} INFO - [2024-10-13T14:21:50.824+0000] {dag.py:2726} INFO - Sync 1 DAGs
[2024-10-13T14:21:50.880+0000] {logging_mixin.py:149} INFO - [2024-10-13T14:21:50.879+0000] {dag.py:3490} INFO - Setting next_dagrun for example_branch_labels to 2024-10-12T00:00:00+00:00, run_after=2024-10-13T00:00:00+00:00
[2024-10-13T14:21:50.915+0000] {processor.py:178} INFO - Processing /home/airflow/.local/lib/python3.7/site-packages/airflow/example_dags/example_branch_labels.py took 0.138 seconds
[2024-10-13T14:22:21.377+0000] {processor.py:156} INFO - Started process (PID=481) to work on /home/airflow/.local/lib/python3.7/site-packages/airflow/example_dags/example_branch_labels.py
[2024-10-13T14:22:21.377+0000] {processor.py:799} INFO - Processing file /home/airflow/.local/lib/python3.7/site-packages/airflow/example_dags/example_branch_labels.py for tasks to queue
[2024-10-13T14:22:21.378+0000] {logging_mixin.py:149} INFO - [2024-10-13T14:22:21.378+0000] {dagbag.py:541} INFO - Filling up the DagBag from /home/airflow/.local/lib/python3.7/site-packages/airflow/example_dags/example_branch_labels.py
[2024-10-13T14:22:21.386+0000] {processor.py:809} INFO - DAG(s) dict_keys(['example_branch_labels']) retrieved from /home/airflow/.local/lib/python3.7/site-packages/airflow/example_dags/example_branch_labels.py
[2024-10-13T14:22:21.418+0000] {logging_mixin.py:149} INFO - [2024-10-13T14:22:21.417+0000] {dag.py:2726} INFO - Sync 1 DAGs
[2024-10-13T14:22:21.447+0000] {logging_mixin.py:149} INFO - [2024-10-13T14:22:21.447+0000] {dag.py:3490} INFO - Setting next_dagrun for example_branch_labels to 2024-10-12T00:00:00+00:00, run_after=2024-10-13T00:00:00+00:00
[2024-10-13T14:22:21.466+0000] {processor.py:178} INFO - Processing /home/airflow/.local/lib/python3.7/site-packages/airflow/example_dags/example_branch_labels.py took 0.093 seconds
[2024-10-13T14:22:51.615+0000] {processor.py:156} INFO - Started process (PID=542) to work on /home/airflow/.local/lib/python3.7/site-packages/airflow/example_dags/example_branch_labels.py
[2024-10-13T14:22:51.616+0000] {processor.py:799} INFO - Processing file /home/airflow/.local/lib/python3.7/site-packages/airflow/example_dags/example_branch_labels.py for tasks to queue
[2024-10-13T14:22:51.617+0000] {logging_mixin.py:149} INFO - [2024-10-13T14:22:51.617+0000] {dagbag.py:541} INFO - Filling up the DagBag from /home/airflow/.local/lib/python3.7/site-packages/airflow/example_dags/example_branch_labels.py
[2024-10-13T14:22:51.627+0000] {processor.py:809} INFO - DAG(s) dict_keys(['example_branch_labels']) retrieved from /home/airflow/.local/lib/python3.7/site-packages/airflow/example_dags/example_branch_labels.py
[2024-10-13T14:22:51.667+0000] {logging_mixin.py:149} INFO - [2024-10-13T14:22:51.667+0000] {dag.py:2726} INFO - Sync 1 DAGs
[2024-10-13T14:22:51.714+0000] {logging_mixin.py:149} INFO - [2024-10-13T14:22:51.714+0000] {dag.py:3490} INFO - Setting next_dagrun for example_branch_labels to 2024-10-12T00:00:00+00:00, run_after=2024-10-13T00:00:00+00:00
[2024-10-13T14:22:51.745+0000] {processor.py:178} INFO - Processing /home/airflow/.local/lib/python3.7/site-packages/airflow/example_dags/example_branch_labels.py took 0.134 seconds
[2024-10-13T14:23:21.960+0000] {processor.py:156} INFO - Started process (PID=603) to work on /home/airflow/.local/lib/python3.7/site-packages/airflow/example_dags/example_branch_labels.py
[2024-10-13T14:23:21.960+0000] {processor.py:799} INFO - Processing file /home/airflow/.local/lib/python3.7/site-packages/airflow/example_dags/example_branch_labels.py for tasks to queue
[2024-10-13T14:23:21.961+0000] {logging_mixin.py:149} INFO - [2024-10-13T14:23:21.961+0000] {dagbag.py:541} INFO - Filling up the DagBag from /home/airflow/.local/lib/python3.7/site-packages/airflow/example_dags/example_branch_labels.py
[2024-10-13T14:23:21.972+0000] {processor.py:809} INFO - DAG(s) dict_keys(['example_branch_labels']) retrieved from /home/airflow/.local/lib/python3.7/site-packages/airflow/example_dags/example_branch_labels.py
[2024-10-13T14:23:22.005+0000] {logging_mixin.py:149} INFO - [2024-10-13T14:23:22.005+0000] {dag.py:2726} INFO - Sync 1 DAGs
[2024-10-13T14:23:22.034+0000] {logging_mixin.py:149} INFO - [2024-10-13T14:23:22.034+0000] {dag.py:3490} INFO - Setting next_dagrun for example_branch_labels to 2024-10-12T00:00:00+00:00, run_after=2024-10-13T00:00:00+00:00
[2024-10-13T14:23:22.052+0000] {processor.py:178} INFO - Processing /home/airflow/.local/lib/python3.7/site-packages/airflow/example_dags/example_branch_labels.py took 0.096 seconds
