[2024-10-13T09:27:15.568+0000] {processor.py:156} INFO - Started process (PID=87) to work on /home/airflow/.local/lib/python3.7/site-packages/airflow/example_dags/example_sensor_decorator.py
[2024-10-13T09:27:15.569+0000] {processor.py:799} INFO - Processing file /home/airflow/.local/lib/python3.7/site-packages/airflow/example_dags/example_sensor_decorator.py for tasks to queue
[2024-10-13T09:27:15.569+0000] {logging_mixin.py:149} INFO - [2024-10-13T09:27:15.569+0000] {dagbag.py:541} INFO - Filling up the DagBag from /home/airflow/.local/lib/python3.7/site-packages/airflow/example_dags/example_sensor_decorator.py
[2024-10-13T09:27:15.576+0000] {processor.py:809} INFO - DAG(s) dict_keys(['example_sensor_decorator']) retrieved from /home/airflow/.local/lib/python3.7/site-packages/airflow/example_dags/example_sensor_decorator.py
[2024-10-13T09:27:15.702+0000] {logging_mixin.py:149} INFO - [2024-10-13T09:27:15.702+0000] {manager.py:504} INFO - Created Permission View: can edit on DAG:example_sensor_decorator
[2024-10-13T09:27:15.712+0000] {logging_mixin.py:149} INFO - [2024-10-13T09:27:15.712+0000] {manager.py:504} INFO - Created Permission View: can read on DAG:example_sensor_decorator
[2024-10-13T09:27:15.719+0000] {logging_mixin.py:149} INFO - [2024-10-13T09:27:15.719+0000] {manager.py:504} INFO - Created Permission View: can delete on DAG:example_sensor_decorator
[2024-10-13T09:27:15.719+0000] {logging_mixin.py:149} INFO - [2024-10-13T09:27:15.719+0000] {dag.py:2726} INFO - Sync 1 DAGs
[2024-10-13T09:27:15.733+0000] {logging_mixin.py:149} INFO - [2024-10-13T09:27:15.732+0000] {dag.py:2747} INFO - Creating ORM DAG for example_sensor_decorator
[2024-10-13T09:27:15.744+0000] {logging_mixin.py:149} INFO - [2024-10-13T09:27:15.744+0000] {dag.py:3490} INFO - Setting next_dagrun for example_sensor_decorator to None, run_after=None
[2024-10-13T09:27:15.766+0000] {processor.py:178} INFO - Processing /home/airflow/.local/lib/python3.7/site-packages/airflow/example_dags/example_sensor_decorator.py took 0.202 seconds
[2024-10-13T09:27:46.569+0000] {processor.py:156} INFO - Started process (PID=148) to work on /home/airflow/.local/lib/python3.7/site-packages/airflow/example_dags/example_sensor_decorator.py
[2024-10-13T09:27:46.570+0000] {processor.py:799} INFO - Processing file /home/airflow/.local/lib/python3.7/site-packages/airflow/example_dags/example_sensor_decorator.py for tasks to queue
[2024-10-13T09:27:46.570+0000] {logging_mixin.py:149} INFO - [2024-10-13T09:27:46.570+0000] {dagbag.py:541} INFO - Filling up the DagBag from /home/airflow/.local/lib/python3.7/site-packages/airflow/example_dags/example_sensor_decorator.py
[2024-10-13T09:27:46.576+0000] {processor.py:809} INFO - DAG(s) dict_keys(['example_sensor_decorator']) retrieved from /home/airflow/.local/lib/python3.7/site-packages/airflow/example_dags/example_sensor_decorator.py
[2024-10-13T09:27:46.604+0000] {logging_mixin.py:149} INFO - [2024-10-13T09:27:46.604+0000] {dag.py:2726} INFO - Sync 1 DAGs
[2024-10-13T09:27:46.633+0000] {logging_mixin.py:149} INFO - [2024-10-13T09:27:46.632+0000] {dag.py:3490} INFO - Setting next_dagrun for example_sensor_decorator to None, run_after=None
[2024-10-13T09:27:46.651+0000] {processor.py:178} INFO - Processing /home/airflow/.local/lib/python3.7/site-packages/airflow/example_dags/example_sensor_decorator.py took 0.086 seconds
[2024-10-13T09:28:17.008+0000] {processor.py:156} INFO - Started process (PID=209) to work on /home/airflow/.local/lib/python3.7/site-packages/airflow/example_dags/example_sensor_decorator.py
[2024-10-13T09:28:17.009+0000] {processor.py:799} INFO - Processing file /home/airflow/.local/lib/python3.7/site-packages/airflow/example_dags/example_sensor_decorator.py for tasks to queue
[2024-10-13T09:28:17.010+0000] {logging_mixin.py:149} INFO - [2024-10-13T09:28:17.010+0000] {dagbag.py:541} INFO - Filling up the DagBag from /home/airflow/.local/lib/python3.7/site-packages/airflow/example_dags/example_sensor_decorator.py
[2024-10-13T09:28:17.017+0000] {processor.py:809} INFO - DAG(s) dict_keys(['example_sensor_decorator']) retrieved from /home/airflow/.local/lib/python3.7/site-packages/airflow/example_dags/example_sensor_decorator.py
[2024-10-13T09:28:17.047+0000] {logging_mixin.py:149} INFO - [2024-10-13T09:28:17.046+0000] {dag.py:2726} INFO - Sync 1 DAGs
[2024-10-13T09:28:17.076+0000] {logging_mixin.py:149} INFO - [2024-10-13T09:28:17.076+0000] {dag.py:3490} INFO - Setting next_dagrun for example_sensor_decorator to None, run_after=None
[2024-10-13T09:28:17.096+0000] {processor.py:178} INFO - Processing /home/airflow/.local/lib/python3.7/site-packages/airflow/example_dags/example_sensor_decorator.py took 0.092 seconds
[2024-10-13T09:28:47.221+0000] {processor.py:156} INFO - Started process (PID=270) to work on /home/airflow/.local/lib/python3.7/site-packages/airflow/example_dags/example_sensor_decorator.py
[2024-10-13T09:28:47.222+0000] {processor.py:799} INFO - Processing file /home/airflow/.local/lib/python3.7/site-packages/airflow/example_dags/example_sensor_decorator.py for tasks to queue
[2024-10-13T09:28:47.222+0000] {logging_mixin.py:149} INFO - [2024-10-13T09:28:47.222+0000] {dagbag.py:541} INFO - Filling up the DagBag from /home/airflow/.local/lib/python3.7/site-packages/airflow/example_dags/example_sensor_decorator.py
[2024-10-13T09:28:47.228+0000] {processor.py:809} INFO - DAG(s) dict_keys(['example_sensor_decorator']) retrieved from /home/airflow/.local/lib/python3.7/site-packages/airflow/example_dags/example_sensor_decorator.py
[2024-10-13T09:28:47.256+0000] {logging_mixin.py:149} INFO - [2024-10-13T09:28:47.256+0000] {dag.py:2726} INFO - Sync 1 DAGs
[2024-10-13T09:28:47.285+0000] {logging_mixin.py:149} INFO - [2024-10-13T09:28:47.285+0000] {dag.py:3490} INFO - Setting next_dagrun for example_sensor_decorator to None, run_after=None
[2024-10-13T09:28:47.306+0000] {processor.py:178} INFO - Processing /home/airflow/.local/lib/python3.7/site-packages/airflow/example_dags/example_sensor_decorator.py took 0.089 seconds
[2024-10-13T09:29:17.794+0000] {processor.py:156} INFO - Started process (PID=331) to work on /home/airflow/.local/lib/python3.7/site-packages/airflow/example_dags/example_sensor_decorator.py
[2024-10-13T09:29:17.795+0000] {processor.py:799} INFO - Processing file /home/airflow/.local/lib/python3.7/site-packages/airflow/example_dags/example_sensor_decorator.py for tasks to queue
[2024-10-13T09:29:17.796+0000] {logging_mixin.py:149} INFO - [2024-10-13T09:29:17.796+0000] {dagbag.py:541} INFO - Filling up the DagBag from /home/airflow/.local/lib/python3.7/site-packages/airflow/example_dags/example_sensor_decorator.py
[2024-10-13T09:29:17.805+0000] {processor.py:809} INFO - DAG(s) dict_keys(['example_sensor_decorator']) retrieved from /home/airflow/.local/lib/python3.7/site-packages/airflow/example_dags/example_sensor_decorator.py
[2024-10-13T09:29:17.839+0000] {logging_mixin.py:149} INFO - [2024-10-13T09:29:17.839+0000] {dag.py:2726} INFO - Sync 1 DAGs
[2024-10-13T09:29:17.875+0000] {logging_mixin.py:149} INFO - [2024-10-13T09:29:17.874+0000] {dag.py:3490} INFO - Setting next_dagrun for example_sensor_decorator to None, run_after=None
[2024-10-13T09:29:17.902+0000] {processor.py:178} INFO - Processing /home/airflow/.local/lib/python3.7/site-packages/airflow/example_dags/example_sensor_decorator.py took 0.113 seconds
[2024-10-13T09:29:48.183+0000] {processor.py:156} INFO - Started process (PID=392) to work on /home/airflow/.local/lib/python3.7/site-packages/airflow/example_dags/example_sensor_decorator.py
[2024-10-13T09:29:48.184+0000] {processor.py:799} INFO - Processing file /home/airflow/.local/lib/python3.7/site-packages/airflow/example_dags/example_sensor_decorator.py for tasks to queue
[2024-10-13T09:29:48.185+0000] {logging_mixin.py:149} INFO - [2024-10-13T09:29:48.184+0000] {dagbag.py:541} INFO - Filling up the DagBag from /home/airflow/.local/lib/python3.7/site-packages/airflow/example_dags/example_sensor_decorator.py
[2024-10-13T09:29:48.191+0000] {processor.py:809} INFO - DAG(s) dict_keys(['example_sensor_decorator']) retrieved from /home/airflow/.local/lib/python3.7/site-packages/airflow/example_dags/example_sensor_decorator.py
[2024-10-13T09:29:48.221+0000] {logging_mixin.py:149} INFO - [2024-10-13T09:29:48.221+0000] {dag.py:2726} INFO - Sync 1 DAGs
[2024-10-13T09:29:48.255+0000] {logging_mixin.py:149} INFO - [2024-10-13T09:29:48.255+0000] {dag.py:3490} INFO - Setting next_dagrun for example_sensor_decorator to None, run_after=None
[2024-10-13T09:29:48.283+0000] {processor.py:178} INFO - Processing /home/airflow/.local/lib/python3.7/site-packages/airflow/example_dags/example_sensor_decorator.py took 0.105 seconds
[2024-10-13T09:30:18.736+0000] {processor.py:156} INFO - Started process (PID=453) to work on /home/airflow/.local/lib/python3.7/site-packages/airflow/example_dags/example_sensor_decorator.py
[2024-10-13T09:30:18.737+0000] {processor.py:799} INFO - Processing file /home/airflow/.local/lib/python3.7/site-packages/airflow/example_dags/example_sensor_decorator.py for tasks to queue
[2024-10-13T09:30:18.738+0000] {logging_mixin.py:149} INFO - [2024-10-13T09:30:18.738+0000] {dagbag.py:541} INFO - Filling up the DagBag from /home/airflow/.local/lib/python3.7/site-packages/airflow/example_dags/example_sensor_decorator.py
[2024-10-13T09:30:18.744+0000] {processor.py:809} INFO - DAG(s) dict_keys(['example_sensor_decorator']) retrieved from /home/airflow/.local/lib/python3.7/site-packages/airflow/example_dags/example_sensor_decorator.py
[2024-10-13T09:30:18.772+0000] {logging_mixin.py:149} INFO - [2024-10-13T09:30:18.772+0000] {dag.py:2726} INFO - Sync 1 DAGs
[2024-10-13T09:30:18.808+0000] {logging_mixin.py:149} INFO - [2024-10-13T09:30:18.808+0000] {dag.py:3490} INFO - Setting next_dagrun for example_sensor_decorator to None, run_after=None
[2024-10-13T09:30:18.830+0000] {processor.py:178} INFO - Processing /home/airflow/.local/lib/python3.7/site-packages/airflow/example_dags/example_sensor_decorator.py took 0.099 seconds
[2024-10-13T09:30:49.477+0000] {processor.py:156} INFO - Started process (PID=514) to work on /home/airflow/.local/lib/python3.7/site-packages/airflow/example_dags/example_sensor_decorator.py
[2024-10-13T09:30:49.479+0000] {processor.py:799} INFO - Processing file /home/airflow/.local/lib/python3.7/site-packages/airflow/example_dags/example_sensor_decorator.py for tasks to queue
[2024-10-13T09:30:49.480+0000] {logging_mixin.py:149} INFO - [2024-10-13T09:30:49.479+0000] {dagbag.py:541} INFO - Filling up the DagBag from /home/airflow/.local/lib/python3.7/site-packages/airflow/example_dags/example_sensor_decorator.py
[2024-10-13T09:30:49.489+0000] {processor.py:809} INFO - DAG(s) dict_keys(['example_sensor_decorator']) retrieved from /home/airflow/.local/lib/python3.7/site-packages/airflow/example_dags/example_sensor_decorator.py
[2024-10-13T09:30:49.531+0000] {logging_mixin.py:149} INFO - [2024-10-13T09:30:49.531+0000] {dag.py:2726} INFO - Sync 1 DAGs
[2024-10-13T09:30:49.579+0000] {logging_mixin.py:149} INFO - [2024-10-13T09:30:49.579+0000] {dag.py:3490} INFO - Setting next_dagrun for example_sensor_decorator to None, run_after=None
[2024-10-13T09:30:49.614+0000] {processor.py:178} INFO - Processing /home/airflow/.local/lib/python3.7/site-packages/airflow/example_dags/example_sensor_decorator.py took 0.143 seconds
[2024-10-13T09:31:20.049+0000] {processor.py:156} INFO - Started process (PID=575) to work on /home/airflow/.local/lib/python3.7/site-packages/airflow/example_dags/example_sensor_decorator.py
[2024-10-13T09:31:20.050+0000] {processor.py:799} INFO - Processing file /home/airflow/.local/lib/python3.7/site-packages/airflow/example_dags/example_sensor_decorator.py for tasks to queue
[2024-10-13T09:31:20.051+0000] {logging_mixin.py:149} INFO - [2024-10-13T09:31:20.051+0000] {dagbag.py:541} INFO - Filling up the DagBag from /home/airflow/.local/lib/python3.7/site-packages/airflow/example_dags/example_sensor_decorator.py
[2024-10-13T09:31:20.057+0000] {processor.py:809} INFO - DAG(s) dict_keys(['example_sensor_decorator']) retrieved from /home/airflow/.local/lib/python3.7/site-packages/airflow/example_dags/example_sensor_decorator.py
[2024-10-13T09:31:20.087+0000] {logging_mixin.py:149} INFO - [2024-10-13T09:31:20.087+0000] {dag.py:2726} INFO - Sync 1 DAGs
[2024-10-13T09:31:20.126+0000] {logging_mixin.py:149} INFO - [2024-10-13T09:31:20.126+0000] {dag.py:3490} INFO - Setting next_dagrun for example_sensor_decorator to None, run_after=None
[2024-10-13T09:31:20.151+0000] {processor.py:178} INFO - Processing /home/airflow/.local/lib/python3.7/site-packages/airflow/example_dags/example_sensor_decorator.py took 0.107 seconds
[2024-10-13T09:31:51.019+0000] {processor.py:156} INFO - Started process (PID=636) to work on /home/airflow/.local/lib/python3.7/site-packages/airflow/example_dags/example_sensor_decorator.py
[2024-10-13T09:31:51.020+0000] {processor.py:799} INFO - Processing file /home/airflow/.local/lib/python3.7/site-packages/airflow/example_dags/example_sensor_decorator.py for tasks to queue
[2024-10-13T09:31:51.020+0000] {logging_mixin.py:149} INFO - [2024-10-13T09:31:51.020+0000] {dagbag.py:541} INFO - Filling up the DagBag from /home/airflow/.local/lib/python3.7/site-packages/airflow/example_dags/example_sensor_decorator.py
[2024-10-13T09:31:51.027+0000] {processor.py:809} INFO - DAG(s) dict_keys(['example_sensor_decorator']) retrieved from /home/airflow/.local/lib/python3.7/site-packages/airflow/example_dags/example_sensor_decorator.py
[2024-10-13T09:31:51.057+0000] {logging_mixin.py:149} INFO - [2024-10-13T09:31:51.057+0000] {dag.py:2726} INFO - Sync 1 DAGs
[2024-10-13T09:31:51.085+0000] {logging_mixin.py:149} INFO - [2024-10-13T09:31:51.084+0000] {dag.py:3490} INFO - Setting next_dagrun for example_sensor_decorator to None, run_after=None
[2024-10-13T09:31:51.105+0000] {processor.py:178} INFO - Processing /home/airflow/.local/lib/python3.7/site-packages/airflow/example_dags/example_sensor_decorator.py took 0.090 seconds
[2024-10-13T09:32:21.328+0000] {processor.py:156} INFO - Started process (PID=696) to work on /home/airflow/.local/lib/python3.7/site-packages/airflow/example_dags/example_sensor_decorator.py
[2024-10-13T09:32:21.328+0000] {processor.py:799} INFO - Processing file /home/airflow/.local/lib/python3.7/site-packages/airflow/example_dags/example_sensor_decorator.py for tasks to queue
[2024-10-13T09:32:21.329+0000] {logging_mixin.py:149} INFO - [2024-10-13T09:32:21.329+0000] {dagbag.py:541} INFO - Filling up the DagBag from /home/airflow/.local/lib/python3.7/site-packages/airflow/example_dags/example_sensor_decorator.py
[2024-10-13T09:32:21.335+0000] {processor.py:809} INFO - DAG(s) dict_keys(['example_sensor_decorator']) retrieved from /home/airflow/.local/lib/python3.7/site-packages/airflow/example_dags/example_sensor_decorator.py
[2024-10-13T09:32:21.360+0000] {logging_mixin.py:149} INFO - [2024-10-13T09:32:21.360+0000] {dag.py:2726} INFO - Sync 1 DAGs
[2024-10-13T09:32:21.395+0000] {logging_mixin.py:149} INFO - [2024-10-13T09:32:21.394+0000] {dag.py:3490} INFO - Setting next_dagrun for example_sensor_decorator to None, run_after=None
[2024-10-13T09:32:21.432+0000] {processor.py:178} INFO - Processing /home/airflow/.local/lib/python3.7/site-packages/airflow/example_dags/example_sensor_decorator.py took 0.108 seconds
[2024-10-13T09:32:52.174+0000] {processor.py:156} INFO - Started process (PID=758) to work on /home/airflow/.local/lib/python3.7/site-packages/airflow/example_dags/example_sensor_decorator.py
[2024-10-13T09:32:52.179+0000] {processor.py:799} INFO - Processing file /home/airflow/.local/lib/python3.7/site-packages/airflow/example_dags/example_sensor_decorator.py for tasks to queue
[2024-10-13T09:32:52.180+0000] {logging_mixin.py:149} INFO - [2024-10-13T09:32:52.179+0000] {dagbag.py:541} INFO - Filling up the DagBag from /home/airflow/.local/lib/python3.7/site-packages/airflow/example_dags/example_sensor_decorator.py
[2024-10-13T09:32:52.189+0000] {processor.py:809} INFO - DAG(s) dict_keys(['example_sensor_decorator']) retrieved from /home/airflow/.local/lib/python3.7/site-packages/airflow/example_dags/example_sensor_decorator.py
[2024-10-13T09:32:52.230+0000] {logging_mixin.py:149} INFO - [2024-10-13T09:32:52.230+0000] {dag.py:2726} INFO - Sync 1 DAGs
[2024-10-13T09:32:52.279+0000] {logging_mixin.py:149} INFO - [2024-10-13T09:32:52.279+0000] {dag.py:3490} INFO - Setting next_dagrun for example_sensor_decorator to None, run_after=None
[2024-10-13T09:32:52.307+0000] {processor.py:178} INFO - Processing /home/airflow/.local/lib/python3.7/site-packages/airflow/example_dags/example_sensor_decorator.py took 0.138 seconds
[2024-10-13T09:33:22.946+0000] {processor.py:156} INFO - Started process (PID=819) to work on /home/airflow/.local/lib/python3.7/site-packages/airflow/example_dags/example_sensor_decorator.py
[2024-10-13T09:33:22.947+0000] {processor.py:799} INFO - Processing file /home/airflow/.local/lib/python3.7/site-packages/airflow/example_dags/example_sensor_decorator.py for tasks to queue
[2024-10-13T09:33:22.948+0000] {logging_mixin.py:149} INFO - [2024-10-13T09:33:22.948+0000] {dagbag.py:541} INFO - Filling up the DagBag from /home/airflow/.local/lib/python3.7/site-packages/airflow/example_dags/example_sensor_decorator.py
[2024-10-13T09:33:22.955+0000] {processor.py:809} INFO - DAG(s) dict_keys(['example_sensor_decorator']) retrieved from /home/airflow/.local/lib/python3.7/site-packages/airflow/example_dags/example_sensor_decorator.py
[2024-10-13T09:33:22.988+0000] {logging_mixin.py:149} INFO - [2024-10-13T09:33:22.987+0000] {dag.py:2726} INFO - Sync 1 DAGs
[2024-10-13T09:33:23.028+0000] {logging_mixin.py:149} INFO - [2024-10-13T09:33:23.027+0000] {dag.py:3490} INFO - Setting next_dagrun for example_sensor_decorator to None, run_after=None
[2024-10-13T09:33:23.051+0000] {processor.py:178} INFO - Processing /home/airflow/.local/lib/python3.7/site-packages/airflow/example_dags/example_sensor_decorator.py took 0.110 seconds
[2024-10-13T09:33:53.497+0000] {processor.py:156} INFO - Started process (PID=881) to work on /home/airflow/.local/lib/python3.7/site-packages/airflow/example_dags/example_sensor_decorator.py
[2024-10-13T09:33:53.498+0000] {processor.py:799} INFO - Processing file /home/airflow/.local/lib/python3.7/site-packages/airflow/example_dags/example_sensor_decorator.py for tasks to queue
[2024-10-13T09:33:53.499+0000] {logging_mixin.py:149} INFO - [2024-10-13T09:33:53.499+0000] {dagbag.py:541} INFO - Filling up the DagBag from /home/airflow/.local/lib/python3.7/site-packages/airflow/example_dags/example_sensor_decorator.py
[2024-10-13T09:33:53.506+0000] {processor.py:809} INFO - DAG(s) dict_keys(['example_sensor_decorator']) retrieved from /home/airflow/.local/lib/python3.7/site-packages/airflow/example_dags/example_sensor_decorator.py
[2024-10-13T09:33:53.538+0000] {logging_mixin.py:149} INFO - [2024-10-13T09:33:53.538+0000] {dag.py:2726} INFO - Sync 1 DAGs
[2024-10-13T09:33:53.585+0000] {logging_mixin.py:149} INFO - [2024-10-13T09:33:53.585+0000] {dag.py:3490} INFO - Setting next_dagrun for example_sensor_decorator to None, run_after=None
[2024-10-13T09:33:53.614+0000] {processor.py:178} INFO - Processing /home/airflow/.local/lib/python3.7/site-packages/airflow/example_dags/example_sensor_decorator.py took 0.123 seconds
[2024-10-13T09:34:24.167+0000] {processor.py:156} INFO - Started process (PID=942) to work on /home/airflow/.local/lib/python3.7/site-packages/airflow/example_dags/example_sensor_decorator.py
[2024-10-13T09:34:24.168+0000] {processor.py:799} INFO - Processing file /home/airflow/.local/lib/python3.7/site-packages/airflow/example_dags/example_sensor_decorator.py for tasks to queue
[2024-10-13T09:34:24.169+0000] {logging_mixin.py:149} INFO - [2024-10-13T09:34:24.169+0000] {dagbag.py:541} INFO - Filling up the DagBag from /home/airflow/.local/lib/python3.7/site-packages/airflow/example_dags/example_sensor_decorator.py
[2024-10-13T09:34:24.179+0000] {processor.py:809} INFO - DAG(s) dict_keys(['example_sensor_decorator']) retrieved from /home/airflow/.local/lib/python3.7/site-packages/airflow/example_dags/example_sensor_decorator.py
[2024-10-13T09:34:24.208+0000] {logging_mixin.py:149} INFO - [2024-10-13T09:34:24.207+0000] {dag.py:2726} INFO - Sync 1 DAGs
[2024-10-13T09:34:24.256+0000] {logging_mixin.py:149} INFO - [2024-10-13T09:34:24.255+0000] {dag.py:3490} INFO - Setting next_dagrun for example_sensor_decorator to None, run_after=None
[2024-10-13T09:34:24.279+0000] {processor.py:178} INFO - Processing /home/airflow/.local/lib/python3.7/site-packages/airflow/example_dags/example_sensor_decorator.py took 0.118 seconds
[2024-10-13T09:34:54.619+0000] {processor.py:156} INFO - Started process (PID=1003) to work on /home/airflow/.local/lib/python3.7/site-packages/airflow/example_dags/example_sensor_decorator.py
[2024-10-13T09:34:54.620+0000] {processor.py:799} INFO - Processing file /home/airflow/.local/lib/python3.7/site-packages/airflow/example_dags/example_sensor_decorator.py for tasks to queue
[2024-10-13T09:34:54.620+0000] {logging_mixin.py:149} INFO - [2024-10-13T09:34:54.620+0000] {dagbag.py:541} INFO - Filling up the DagBag from /home/airflow/.local/lib/python3.7/site-packages/airflow/example_dags/example_sensor_decorator.py
[2024-10-13T09:34:54.626+0000] {processor.py:809} INFO - DAG(s) dict_keys(['example_sensor_decorator']) retrieved from /home/airflow/.local/lib/python3.7/site-packages/airflow/example_dags/example_sensor_decorator.py
[2024-10-13T09:34:54.654+0000] {logging_mixin.py:149} INFO - [2024-10-13T09:34:54.653+0000] {dag.py:2726} INFO - Sync 1 DAGs
[2024-10-13T09:34:54.688+0000] {logging_mixin.py:149} INFO - [2024-10-13T09:34:54.688+0000] {dag.py:3490} INFO - Setting next_dagrun for example_sensor_decorator to None, run_after=None
[2024-10-13T09:34:54.726+0000] {processor.py:178} INFO - Processing /home/airflow/.local/lib/python3.7/site-packages/airflow/example_dags/example_sensor_decorator.py took 0.111 seconds
[2024-10-13T09:35:25.733+0000] {processor.py:156} INFO - Started process (PID=1073) to work on /home/airflow/.local/lib/python3.7/site-packages/airflow/example_dags/example_sensor_decorator.py
[2024-10-13T09:35:25.734+0000] {processor.py:799} INFO - Processing file /home/airflow/.local/lib/python3.7/site-packages/airflow/example_dags/example_sensor_decorator.py for tasks to queue
[2024-10-13T09:35:25.734+0000] {logging_mixin.py:149} INFO - [2024-10-13T09:35:25.734+0000] {dagbag.py:541} INFO - Filling up the DagBag from /home/airflow/.local/lib/python3.7/site-packages/airflow/example_dags/example_sensor_decorator.py
[2024-10-13T09:35:25.740+0000] {processor.py:809} INFO - DAG(s) dict_keys(['example_sensor_decorator']) retrieved from /home/airflow/.local/lib/python3.7/site-packages/airflow/example_dags/example_sensor_decorator.py
[2024-10-13T09:35:25.767+0000] {logging_mixin.py:149} INFO - [2024-10-13T09:35:25.767+0000] {dag.py:2726} INFO - Sync 1 DAGs
[2024-10-13T09:35:25.798+0000] {logging_mixin.py:149} INFO - [2024-10-13T09:35:25.798+0000] {dag.py:3490} INFO - Setting next_dagrun for example_sensor_decorator to None, run_after=None
[2024-10-13T09:35:25.821+0000] {processor.py:178} INFO - Processing /home/airflow/.local/lib/python3.7/site-packages/airflow/example_dags/example_sensor_decorator.py took 0.092 seconds
[2024-10-13T09:35:56.830+0000] {processor.py:156} INFO - Started process (PID=1134) to work on /home/airflow/.local/lib/python3.7/site-packages/airflow/example_dags/example_sensor_decorator.py
[2024-10-13T09:35:56.831+0000] {processor.py:799} INFO - Processing file /home/airflow/.local/lib/python3.7/site-packages/airflow/example_dags/example_sensor_decorator.py for tasks to queue
[2024-10-13T09:35:56.832+0000] {logging_mixin.py:149} INFO - [2024-10-13T09:35:56.832+0000] {dagbag.py:541} INFO - Filling up the DagBag from /home/airflow/.local/lib/python3.7/site-packages/airflow/example_dags/example_sensor_decorator.py
[2024-10-13T09:35:56.840+0000] {processor.py:809} INFO - DAG(s) dict_keys(['example_sensor_decorator']) retrieved from /home/airflow/.local/lib/python3.7/site-packages/airflow/example_dags/example_sensor_decorator.py
[2024-10-13T09:35:56.878+0000] {logging_mixin.py:149} INFO - [2024-10-13T09:35:56.878+0000] {dag.py:2726} INFO - Sync 1 DAGs
[2024-10-13T09:35:56.920+0000] {logging_mixin.py:149} INFO - [2024-10-13T09:35:56.919+0000] {dag.py:3490} INFO - Setting next_dagrun for example_sensor_decorator to None, run_after=None
[2024-10-13T09:35:56.947+0000] {processor.py:178} INFO - Processing /home/airflow/.local/lib/python3.7/site-packages/airflow/example_dags/example_sensor_decorator.py took 0.122 seconds
[2024-10-13T09:36:27.097+0000] {processor.py:156} INFO - Started process (PID=1196) to work on /home/airflow/.local/lib/python3.7/site-packages/airflow/example_dags/example_sensor_decorator.py
[2024-10-13T09:36:27.098+0000] {processor.py:799} INFO - Processing file /home/airflow/.local/lib/python3.7/site-packages/airflow/example_dags/example_sensor_decorator.py for tasks to queue
[2024-10-13T09:36:27.098+0000] {logging_mixin.py:149} INFO - [2024-10-13T09:36:27.098+0000] {dagbag.py:541} INFO - Filling up the DagBag from /home/airflow/.local/lib/python3.7/site-packages/airflow/example_dags/example_sensor_decorator.py
[2024-10-13T09:36:27.105+0000] {processor.py:809} INFO - DAG(s) dict_keys(['example_sensor_decorator']) retrieved from /home/airflow/.local/lib/python3.7/site-packages/airflow/example_dags/example_sensor_decorator.py
[2024-10-13T09:36:27.148+0000] {logging_mixin.py:149} INFO - [2024-10-13T09:36:27.148+0000] {dag.py:2726} INFO - Sync 1 DAGs
[2024-10-13T09:36:27.201+0000] {logging_mixin.py:149} INFO - [2024-10-13T09:36:27.201+0000] {dag.py:3490} INFO - Setting next_dagrun for example_sensor_decorator to None, run_after=None
[2024-10-13T09:36:27.243+0000] {processor.py:178} INFO - Processing /home/airflow/.local/lib/python3.7/site-packages/airflow/example_dags/example_sensor_decorator.py took 0.150 seconds
[2024-10-13T09:36:58.037+0000] {processor.py:156} INFO - Started process (PID=1257) to work on /home/airflow/.local/lib/python3.7/site-packages/airflow/example_dags/example_sensor_decorator.py
[2024-10-13T09:36:58.037+0000] {processor.py:799} INFO - Processing file /home/airflow/.local/lib/python3.7/site-packages/airflow/example_dags/example_sensor_decorator.py for tasks to queue
[2024-10-13T09:36:58.038+0000] {logging_mixin.py:149} INFO - [2024-10-13T09:36:58.038+0000] {dagbag.py:541} INFO - Filling up the DagBag from /home/airflow/.local/lib/python3.7/site-packages/airflow/example_dags/example_sensor_decorator.py
[2024-10-13T09:36:58.044+0000] {processor.py:809} INFO - DAG(s) dict_keys(['example_sensor_decorator']) retrieved from /home/airflow/.local/lib/python3.7/site-packages/airflow/example_dags/example_sensor_decorator.py
[2024-10-13T09:36:58.070+0000] {logging_mixin.py:149} INFO - [2024-10-13T09:36:58.070+0000] {dag.py:2726} INFO - Sync 1 DAGs
[2024-10-13T09:36:58.099+0000] {logging_mixin.py:149} INFO - [2024-10-13T09:36:58.099+0000] {dag.py:3490} INFO - Setting next_dagrun for example_sensor_decorator to None, run_after=None
[2024-10-13T09:36:58.121+0000] {processor.py:178} INFO - Processing /home/airflow/.local/lib/python3.7/site-packages/airflow/example_dags/example_sensor_decorator.py took 0.088 seconds
[2024-10-13T09:37:28.499+0000] {processor.py:156} INFO - Started process (PID=1319) to work on /home/airflow/.local/lib/python3.7/site-packages/airflow/example_dags/example_sensor_decorator.py
[2024-10-13T09:37:28.500+0000] {processor.py:799} INFO - Processing file /home/airflow/.local/lib/python3.7/site-packages/airflow/example_dags/example_sensor_decorator.py for tasks to queue
[2024-10-13T09:37:28.501+0000] {logging_mixin.py:149} INFO - [2024-10-13T09:37:28.501+0000] {dagbag.py:541} INFO - Filling up the DagBag from /home/airflow/.local/lib/python3.7/site-packages/airflow/example_dags/example_sensor_decorator.py
[2024-10-13T09:37:28.509+0000] {processor.py:809} INFO - DAG(s) dict_keys(['example_sensor_decorator']) retrieved from /home/airflow/.local/lib/python3.7/site-packages/airflow/example_dags/example_sensor_decorator.py
[2024-10-13T09:37:28.538+0000] {logging_mixin.py:149} INFO - [2024-10-13T09:37:28.538+0000] {dag.py:2726} INFO - Sync 1 DAGs
[2024-10-13T09:37:28.572+0000] {logging_mixin.py:149} INFO - [2024-10-13T09:37:28.572+0000] {dag.py:3490} INFO - Setting next_dagrun for example_sensor_decorator to None, run_after=None
[2024-10-13T09:37:28.603+0000] {processor.py:178} INFO - Processing /home/airflow/.local/lib/python3.7/site-packages/airflow/example_dags/example_sensor_decorator.py took 0.109 seconds
[2024-10-13T09:37:59.214+0000] {processor.py:156} INFO - Started process (PID=1379) to work on /home/airflow/.local/lib/python3.7/site-packages/airflow/example_dags/example_sensor_decorator.py
[2024-10-13T09:37:59.216+0000] {processor.py:799} INFO - Processing file /home/airflow/.local/lib/python3.7/site-packages/airflow/example_dags/example_sensor_decorator.py for tasks to queue
[2024-10-13T09:37:59.217+0000] {logging_mixin.py:149} INFO - [2024-10-13T09:37:59.216+0000] {dagbag.py:541} INFO - Filling up the DagBag from /home/airflow/.local/lib/python3.7/site-packages/airflow/example_dags/example_sensor_decorator.py
[2024-10-13T09:37:59.226+0000] {processor.py:809} INFO - DAG(s) dict_keys(['example_sensor_decorator']) retrieved from /home/airflow/.local/lib/python3.7/site-packages/airflow/example_dags/example_sensor_decorator.py
[2024-10-13T09:37:59.264+0000] {logging_mixin.py:149} INFO - [2024-10-13T09:37:59.264+0000] {dag.py:2726} INFO - Sync 1 DAGs
[2024-10-13T09:37:59.300+0000] {logging_mixin.py:149} INFO - [2024-10-13T09:37:59.300+0000] {dag.py:3490} INFO - Setting next_dagrun for example_sensor_decorator to None, run_after=None
[2024-10-13T09:37:59.322+0000] {processor.py:178} INFO - Processing /home/airflow/.local/lib/python3.7/site-packages/airflow/example_dags/example_sensor_decorator.py took 0.112 seconds
[2024-10-13T09:38:29.784+0000] {processor.py:156} INFO - Started process (PID=1440) to work on /home/airflow/.local/lib/python3.7/site-packages/airflow/example_dags/example_sensor_decorator.py
[2024-10-13T09:38:29.785+0000] {processor.py:799} INFO - Processing file /home/airflow/.local/lib/python3.7/site-packages/airflow/example_dags/example_sensor_decorator.py for tasks to queue
[2024-10-13T09:38:29.786+0000] {logging_mixin.py:149} INFO - [2024-10-13T09:38:29.786+0000] {dagbag.py:541} INFO - Filling up the DagBag from /home/airflow/.local/lib/python3.7/site-packages/airflow/example_dags/example_sensor_decorator.py
[2024-10-13T09:38:29.796+0000] {processor.py:809} INFO - DAG(s) dict_keys(['example_sensor_decorator']) retrieved from /home/airflow/.local/lib/python3.7/site-packages/airflow/example_dags/example_sensor_decorator.py
[2024-10-13T09:38:29.838+0000] {logging_mixin.py:149} INFO - [2024-10-13T09:38:29.838+0000] {dag.py:2726} INFO - Sync 1 DAGs
[2024-10-13T09:38:29.892+0000] {logging_mixin.py:149} INFO - [2024-10-13T09:38:29.892+0000] {dag.py:3490} INFO - Setting next_dagrun for example_sensor_decorator to None, run_after=None
[2024-10-13T09:38:29.926+0000] {processor.py:178} INFO - Processing /home/airflow/.local/lib/python3.7/site-packages/airflow/example_dags/example_sensor_decorator.py took 0.148 seconds
[2024-10-13T09:39:00.463+0000] {processor.py:156} INFO - Started process (PID=1501) to work on /home/airflow/.local/lib/python3.7/site-packages/airflow/example_dags/example_sensor_decorator.py
[2024-10-13T09:39:00.463+0000] {processor.py:799} INFO - Processing file /home/airflow/.local/lib/python3.7/site-packages/airflow/example_dags/example_sensor_decorator.py for tasks to queue
[2024-10-13T09:39:00.464+0000] {logging_mixin.py:149} INFO - [2024-10-13T09:39:00.464+0000] {dagbag.py:541} INFO - Filling up the DagBag from /home/airflow/.local/lib/python3.7/site-packages/airflow/example_dags/example_sensor_decorator.py
[2024-10-13T09:39:00.470+0000] {processor.py:809} INFO - DAG(s) dict_keys(['example_sensor_decorator']) retrieved from /home/airflow/.local/lib/python3.7/site-packages/airflow/example_dags/example_sensor_decorator.py
[2024-10-13T09:39:00.505+0000] {logging_mixin.py:149} INFO - [2024-10-13T09:39:00.504+0000] {dag.py:2726} INFO - Sync 1 DAGs
[2024-10-13T09:39:00.534+0000] {logging_mixin.py:149} INFO - [2024-10-13T09:39:00.534+0000] {dag.py:3490} INFO - Setting next_dagrun for example_sensor_decorator to None, run_after=None
[2024-10-13T09:39:00.554+0000] {processor.py:178} INFO - Processing /home/airflow/.local/lib/python3.7/site-packages/airflow/example_dags/example_sensor_decorator.py took 0.095 seconds
[2024-10-13T09:39:31.058+0000] {processor.py:156} INFO - Started process (PID=1562) to work on /home/airflow/.local/lib/python3.7/site-packages/airflow/example_dags/example_sensor_decorator.py
[2024-10-13T09:39:31.059+0000] {processor.py:799} INFO - Processing file /home/airflow/.local/lib/python3.7/site-packages/airflow/example_dags/example_sensor_decorator.py for tasks to queue
[2024-10-13T09:39:31.060+0000] {logging_mixin.py:149} INFO - [2024-10-13T09:39:31.059+0000] {dagbag.py:541} INFO - Filling up the DagBag from /home/airflow/.local/lib/python3.7/site-packages/airflow/example_dags/example_sensor_decorator.py
[2024-10-13T09:39:31.067+0000] {processor.py:809} INFO - DAG(s) dict_keys(['example_sensor_decorator']) retrieved from /home/airflow/.local/lib/python3.7/site-packages/airflow/example_dags/example_sensor_decorator.py
[2024-10-13T09:39:31.102+0000] {logging_mixin.py:149} INFO - [2024-10-13T09:39:31.102+0000] {dag.py:2726} INFO - Sync 1 DAGs
[2024-10-13T09:39:31.140+0000] {logging_mixin.py:149} INFO - [2024-10-13T09:39:31.140+0000] {dag.py:3490} INFO - Setting next_dagrun for example_sensor_decorator to None, run_after=None
[2024-10-13T09:39:31.167+0000] {processor.py:178} INFO - Processing /home/airflow/.local/lib/python3.7/site-packages/airflow/example_dags/example_sensor_decorator.py took 0.113 seconds
[2024-10-13T09:40:01.456+0000] {processor.py:156} INFO - Started process (PID=1623) to work on /home/airflow/.local/lib/python3.7/site-packages/airflow/example_dags/example_sensor_decorator.py
[2024-10-13T09:40:01.457+0000] {processor.py:799} INFO - Processing file /home/airflow/.local/lib/python3.7/site-packages/airflow/example_dags/example_sensor_decorator.py for tasks to queue
[2024-10-13T09:40:01.457+0000] {logging_mixin.py:149} INFO - [2024-10-13T09:40:01.457+0000] {dagbag.py:541} INFO - Filling up the DagBag from /home/airflow/.local/lib/python3.7/site-packages/airflow/example_dags/example_sensor_decorator.py
[2024-10-13T09:40:01.464+0000] {processor.py:809} INFO - DAG(s) dict_keys(['example_sensor_decorator']) retrieved from /home/airflow/.local/lib/python3.7/site-packages/airflow/example_dags/example_sensor_decorator.py
[2024-10-13T09:40:01.500+0000] {logging_mixin.py:149} INFO - [2024-10-13T09:40:01.500+0000] {dag.py:2726} INFO - Sync 1 DAGs
[2024-10-13T09:40:01.529+0000] {logging_mixin.py:149} INFO - [2024-10-13T09:40:01.529+0000] {dag.py:3490} INFO - Setting next_dagrun for example_sensor_decorator to None, run_after=None
[2024-10-13T09:40:01.549+0000] {processor.py:178} INFO - Processing /home/airflow/.local/lib/python3.7/site-packages/airflow/example_dags/example_sensor_decorator.py took 0.096 seconds
[2024-10-13T09:40:32.513+0000] {processor.py:156} INFO - Started process (PID=1684) to work on /home/airflow/.local/lib/python3.7/site-packages/airflow/example_dags/example_sensor_decorator.py
[2024-10-13T09:40:32.515+0000] {processor.py:799} INFO - Processing file /home/airflow/.local/lib/python3.7/site-packages/airflow/example_dags/example_sensor_decorator.py for tasks to queue
[2024-10-13T09:40:32.516+0000] {logging_mixin.py:149} INFO - [2024-10-13T09:40:32.516+0000] {dagbag.py:541} INFO - Filling up the DagBag from /home/airflow/.local/lib/python3.7/site-packages/airflow/example_dags/example_sensor_decorator.py
[2024-10-13T09:40:32.524+0000] {processor.py:809} INFO - DAG(s) dict_keys(['example_sensor_decorator']) retrieved from /home/airflow/.local/lib/python3.7/site-packages/airflow/example_dags/example_sensor_decorator.py
[2024-10-13T09:40:32.551+0000] {logging_mixin.py:149} INFO - [2024-10-13T09:40:32.551+0000] {dag.py:2726} INFO - Sync 1 DAGs
[2024-10-13T09:40:32.581+0000] {logging_mixin.py:149} INFO - [2024-10-13T09:40:32.581+0000] {dag.py:3490} INFO - Setting next_dagrun for example_sensor_decorator to None, run_after=None
[2024-10-13T09:40:32.602+0000] {processor.py:178} INFO - Processing /home/airflow/.local/lib/python3.7/site-packages/airflow/example_dags/example_sensor_decorator.py took 0.094 seconds
[2024-10-13T09:41:03.003+0000] {processor.py:156} INFO - Started process (PID=1745) to work on /home/airflow/.local/lib/python3.7/site-packages/airflow/example_dags/example_sensor_decorator.py
[2024-10-13T09:41:03.003+0000] {processor.py:799} INFO - Processing file /home/airflow/.local/lib/python3.7/site-packages/airflow/example_dags/example_sensor_decorator.py for tasks to queue
[2024-10-13T09:41:03.004+0000] {logging_mixin.py:149} INFO - [2024-10-13T09:41:03.004+0000] {dagbag.py:541} INFO - Filling up the DagBag from /home/airflow/.local/lib/python3.7/site-packages/airflow/example_dags/example_sensor_decorator.py
[2024-10-13T09:41:03.009+0000] {processor.py:809} INFO - DAG(s) dict_keys(['example_sensor_decorator']) retrieved from /home/airflow/.local/lib/python3.7/site-packages/airflow/example_dags/example_sensor_decorator.py
[2024-10-13T09:41:03.034+0000] {logging_mixin.py:149} INFO - [2024-10-13T09:41:03.033+0000] {dag.py:2726} INFO - Sync 1 DAGs
[2024-10-13T09:41:03.059+0000] {logging_mixin.py:149} INFO - [2024-10-13T09:41:03.059+0000] {dag.py:3490} INFO - Setting next_dagrun for example_sensor_decorator to None, run_after=None
[2024-10-13T09:41:03.079+0000] {processor.py:178} INFO - Processing /home/airflow/.local/lib/python3.7/site-packages/airflow/example_dags/example_sensor_decorator.py took 0.079 seconds
[2024-10-13T09:41:33.539+0000] {processor.py:156} INFO - Started process (PID=1806) to work on /home/airflow/.local/lib/python3.7/site-packages/airflow/example_dags/example_sensor_decorator.py
[2024-10-13T09:41:33.540+0000] {processor.py:799} INFO - Processing file /home/airflow/.local/lib/python3.7/site-packages/airflow/example_dags/example_sensor_decorator.py for tasks to queue
[2024-10-13T09:41:33.541+0000] {logging_mixin.py:149} INFO - [2024-10-13T09:41:33.541+0000] {dagbag.py:541} INFO - Filling up the DagBag from /home/airflow/.local/lib/python3.7/site-packages/airflow/example_dags/example_sensor_decorator.py
[2024-10-13T09:41:33.547+0000] {processor.py:809} INFO - DAG(s) dict_keys(['example_sensor_decorator']) retrieved from /home/airflow/.local/lib/python3.7/site-packages/airflow/example_dags/example_sensor_decorator.py
[2024-10-13T09:41:33.574+0000] {logging_mixin.py:149} INFO - [2024-10-13T09:41:33.573+0000] {dag.py:2726} INFO - Sync 1 DAGs
[2024-10-13T09:41:33.603+0000] {logging_mixin.py:149} INFO - [2024-10-13T09:41:33.603+0000] {dag.py:3490} INFO - Setting next_dagrun for example_sensor_decorator to None, run_after=None
[2024-10-13T09:41:33.624+0000] {processor.py:178} INFO - Processing /home/airflow/.local/lib/python3.7/site-packages/airflow/example_dags/example_sensor_decorator.py took 0.088 seconds
[2024-10-13T09:42:04.014+0000] {processor.py:156} INFO - Started process (PID=1867) to work on /home/airflow/.local/lib/python3.7/site-packages/airflow/example_dags/example_sensor_decorator.py
[2024-10-13T09:42:04.015+0000] {processor.py:799} INFO - Processing file /home/airflow/.local/lib/python3.7/site-packages/airflow/example_dags/example_sensor_decorator.py for tasks to queue
[2024-10-13T09:42:04.015+0000] {logging_mixin.py:149} INFO - [2024-10-13T09:42:04.015+0000] {dagbag.py:541} INFO - Filling up the DagBag from /home/airflow/.local/lib/python3.7/site-packages/airflow/example_dags/example_sensor_decorator.py
[2024-10-13T09:42:04.021+0000] {processor.py:809} INFO - DAG(s) dict_keys(['example_sensor_decorator']) retrieved from /home/airflow/.local/lib/python3.7/site-packages/airflow/example_dags/example_sensor_decorator.py
[2024-10-13T09:42:04.048+0000] {logging_mixin.py:149} INFO - [2024-10-13T09:42:04.048+0000] {dag.py:2726} INFO - Sync 1 DAGs
[2024-10-13T09:42:04.076+0000] {logging_mixin.py:149} INFO - [2024-10-13T09:42:04.075+0000] {dag.py:3490} INFO - Setting next_dagrun for example_sensor_decorator to None, run_after=None
[2024-10-13T09:42:04.095+0000] {processor.py:178} INFO - Processing /home/airflow/.local/lib/python3.7/site-packages/airflow/example_dags/example_sensor_decorator.py took 0.084 seconds
[2024-10-13T09:42:34.636+0000] {processor.py:156} INFO - Started process (PID=1928) to work on /home/airflow/.local/lib/python3.7/site-packages/airflow/example_dags/example_sensor_decorator.py
[2024-10-13T09:42:34.637+0000] {processor.py:799} INFO - Processing file /home/airflow/.local/lib/python3.7/site-packages/airflow/example_dags/example_sensor_decorator.py for tasks to queue
[2024-10-13T09:42:34.637+0000] {logging_mixin.py:149} INFO - [2024-10-13T09:42:34.637+0000] {dagbag.py:541} INFO - Filling up the DagBag from /home/airflow/.local/lib/python3.7/site-packages/airflow/example_dags/example_sensor_decorator.py
[2024-10-13T09:42:34.643+0000] {processor.py:809} INFO - DAG(s) dict_keys(['example_sensor_decorator']) retrieved from /home/airflow/.local/lib/python3.7/site-packages/airflow/example_dags/example_sensor_decorator.py
[2024-10-13T09:42:34.667+0000] {logging_mixin.py:149} INFO - [2024-10-13T09:42:34.667+0000] {dag.py:2726} INFO - Sync 1 DAGs
[2024-10-13T09:42:34.694+0000] {logging_mixin.py:149} INFO - [2024-10-13T09:42:34.694+0000] {dag.py:3490} INFO - Setting next_dagrun for example_sensor_decorator to None, run_after=None
[2024-10-13T09:42:34.721+0000] {processor.py:178} INFO - Processing /home/airflow/.local/lib/python3.7/site-packages/airflow/example_dags/example_sensor_decorator.py took 0.089 seconds
[2024-10-13T09:43:05.857+0000] {processor.py:156} INFO - Started process (PID=1989) to work on /home/airflow/.local/lib/python3.7/site-packages/airflow/example_dags/example_sensor_decorator.py
[2024-10-13T09:43:05.858+0000] {processor.py:799} INFO - Processing file /home/airflow/.local/lib/python3.7/site-packages/airflow/example_dags/example_sensor_decorator.py for tasks to queue
[2024-10-13T09:43:05.858+0000] {logging_mixin.py:149} INFO - [2024-10-13T09:43:05.858+0000] {dagbag.py:541} INFO - Filling up the DagBag from /home/airflow/.local/lib/python3.7/site-packages/airflow/example_dags/example_sensor_decorator.py
[2024-10-13T09:43:05.864+0000] {processor.py:809} INFO - DAG(s) dict_keys(['example_sensor_decorator']) retrieved from /home/airflow/.local/lib/python3.7/site-packages/airflow/example_dags/example_sensor_decorator.py
[2024-10-13T09:43:05.890+0000] {logging_mixin.py:149} INFO - [2024-10-13T09:43:05.890+0000] {dag.py:2726} INFO - Sync 1 DAGs
[2024-10-13T09:43:05.918+0000] {logging_mixin.py:149} INFO - [2024-10-13T09:43:05.918+0000] {dag.py:3490} INFO - Setting next_dagrun for example_sensor_decorator to None, run_after=None
[2024-10-13T09:43:05.937+0000] {processor.py:178} INFO - Processing /home/airflow/.local/lib/python3.7/site-packages/airflow/example_dags/example_sensor_decorator.py took 0.083 seconds
[2024-10-13T09:43:36.918+0000] {processor.py:156} INFO - Started process (PID=2050) to work on /home/airflow/.local/lib/python3.7/site-packages/airflow/example_dags/example_sensor_decorator.py
[2024-10-13T09:43:36.919+0000] {processor.py:799} INFO - Processing file /home/airflow/.local/lib/python3.7/site-packages/airflow/example_dags/example_sensor_decorator.py for tasks to queue
[2024-10-13T09:43:36.920+0000] {logging_mixin.py:149} INFO - [2024-10-13T09:43:36.920+0000] {dagbag.py:541} INFO - Filling up the DagBag from /home/airflow/.local/lib/python3.7/site-packages/airflow/example_dags/example_sensor_decorator.py
[2024-10-13T09:43:36.929+0000] {processor.py:809} INFO - DAG(s) dict_keys(['example_sensor_decorator']) retrieved from /home/airflow/.local/lib/python3.7/site-packages/airflow/example_dags/example_sensor_decorator.py
[2024-10-13T09:43:36.963+0000] {logging_mixin.py:149} INFO - [2024-10-13T09:43:36.963+0000] {dag.py:2726} INFO - Sync 1 DAGs
[2024-10-13T09:43:36.994+0000] {logging_mixin.py:149} INFO - [2024-10-13T09:43:36.994+0000] {dag.py:3490} INFO - Setting next_dagrun for example_sensor_decorator to None, run_after=None
[2024-10-13T09:43:37.017+0000] {processor.py:178} INFO - Processing /home/airflow/.local/lib/python3.7/site-packages/airflow/example_dags/example_sensor_decorator.py took 0.104 seconds
[2024-10-13T09:44:07.373+0000] {processor.py:156} INFO - Started process (PID=2111) to work on /home/airflow/.local/lib/python3.7/site-packages/airflow/example_dags/example_sensor_decorator.py
[2024-10-13T09:44:07.374+0000] {processor.py:799} INFO - Processing file /home/airflow/.local/lib/python3.7/site-packages/airflow/example_dags/example_sensor_decorator.py for tasks to queue
[2024-10-13T09:44:07.375+0000] {logging_mixin.py:149} INFO - [2024-10-13T09:44:07.374+0000] {dagbag.py:541} INFO - Filling up the DagBag from /home/airflow/.local/lib/python3.7/site-packages/airflow/example_dags/example_sensor_decorator.py
[2024-10-13T09:44:07.380+0000] {processor.py:809} INFO - DAG(s) dict_keys(['example_sensor_decorator']) retrieved from /home/airflow/.local/lib/python3.7/site-packages/airflow/example_dags/example_sensor_decorator.py
[2024-10-13T09:44:07.411+0000] {logging_mixin.py:149} INFO - [2024-10-13T09:44:07.411+0000] {dag.py:2726} INFO - Sync 1 DAGs
[2024-10-13T09:44:07.443+0000] {logging_mixin.py:149} INFO - [2024-10-13T09:44:07.442+0000] {dag.py:3490} INFO - Setting next_dagrun for example_sensor_decorator to None, run_after=None
[2024-10-13T09:44:07.462+0000] {processor.py:178} INFO - Processing /home/airflow/.local/lib/python3.7/site-packages/airflow/example_dags/example_sensor_decorator.py took 0.092 seconds
[2024-10-13T09:44:37.769+0000] {processor.py:156} INFO - Started process (PID=2172) to work on /home/airflow/.local/lib/python3.7/site-packages/airflow/example_dags/example_sensor_decorator.py
[2024-10-13T09:44:37.770+0000] {processor.py:799} INFO - Processing file /home/airflow/.local/lib/python3.7/site-packages/airflow/example_dags/example_sensor_decorator.py for tasks to queue
[2024-10-13T09:44:37.770+0000] {logging_mixin.py:149} INFO - [2024-10-13T09:44:37.770+0000] {dagbag.py:541} INFO - Filling up the DagBag from /home/airflow/.local/lib/python3.7/site-packages/airflow/example_dags/example_sensor_decorator.py
[2024-10-13T09:44:37.776+0000] {processor.py:809} INFO - DAG(s) dict_keys(['example_sensor_decorator']) retrieved from /home/airflow/.local/lib/python3.7/site-packages/airflow/example_dags/example_sensor_decorator.py
[2024-10-13T09:44:37.801+0000] {logging_mixin.py:149} INFO - [2024-10-13T09:44:37.801+0000] {dag.py:2726} INFO - Sync 1 DAGs
[2024-10-13T09:44:37.827+0000] {logging_mixin.py:149} INFO - [2024-10-13T09:44:37.826+0000] {dag.py:3490} INFO - Setting next_dagrun for example_sensor_decorator to None, run_after=None
[2024-10-13T09:44:37.844+0000] {processor.py:178} INFO - Processing /home/airflow/.local/lib/python3.7/site-packages/airflow/example_dags/example_sensor_decorator.py took 0.078 seconds
[2024-10-13T09:45:08.213+0000] {processor.py:156} INFO - Started process (PID=2233) to work on /home/airflow/.local/lib/python3.7/site-packages/airflow/example_dags/example_sensor_decorator.py
[2024-10-13T09:45:08.214+0000] {processor.py:799} INFO - Processing file /home/airflow/.local/lib/python3.7/site-packages/airflow/example_dags/example_sensor_decorator.py for tasks to queue
[2024-10-13T09:45:08.214+0000] {logging_mixin.py:149} INFO - [2024-10-13T09:45:08.214+0000] {dagbag.py:541} INFO - Filling up the DagBag from /home/airflow/.local/lib/python3.7/site-packages/airflow/example_dags/example_sensor_decorator.py
[2024-10-13T09:45:08.220+0000] {processor.py:809} INFO - DAG(s) dict_keys(['example_sensor_decorator']) retrieved from /home/airflow/.local/lib/python3.7/site-packages/airflow/example_dags/example_sensor_decorator.py
[2024-10-13T09:45:08.244+0000] {logging_mixin.py:149} INFO - [2024-10-13T09:45:08.244+0000] {dag.py:2726} INFO - Sync 1 DAGs
[2024-10-13T09:45:08.270+0000] {logging_mixin.py:149} INFO - [2024-10-13T09:45:08.270+0000] {dag.py:3490} INFO - Setting next_dagrun for example_sensor_decorator to None, run_after=None
[2024-10-13T09:45:08.294+0000] {processor.py:178} INFO - Processing /home/airflow/.local/lib/python3.7/site-packages/airflow/example_dags/example_sensor_decorator.py took 0.085 seconds
[2024-10-13T09:45:38.738+0000] {processor.py:156} INFO - Started process (PID=2294) to work on /home/airflow/.local/lib/python3.7/site-packages/airflow/example_dags/example_sensor_decorator.py
[2024-10-13T09:45:38.739+0000] {processor.py:799} INFO - Processing file /home/airflow/.local/lib/python3.7/site-packages/airflow/example_dags/example_sensor_decorator.py for tasks to queue
[2024-10-13T09:45:38.740+0000] {logging_mixin.py:149} INFO - [2024-10-13T09:45:38.739+0000] {dagbag.py:541} INFO - Filling up the DagBag from /home/airflow/.local/lib/python3.7/site-packages/airflow/example_dags/example_sensor_decorator.py
[2024-10-13T09:45:38.745+0000] {processor.py:809} INFO - DAG(s) dict_keys(['example_sensor_decorator']) retrieved from /home/airflow/.local/lib/python3.7/site-packages/airflow/example_dags/example_sensor_decorator.py
[2024-10-13T09:45:38.771+0000] {logging_mixin.py:149} INFO - [2024-10-13T09:45:38.771+0000] {dag.py:2726} INFO - Sync 1 DAGs
[2024-10-13T09:45:38.797+0000] {logging_mixin.py:149} INFO - [2024-10-13T09:45:38.796+0000] {dag.py:3490} INFO - Setting next_dagrun for example_sensor_decorator to None, run_after=None
[2024-10-13T09:45:38.814+0000] {processor.py:178} INFO - Processing /home/airflow/.local/lib/python3.7/site-packages/airflow/example_dags/example_sensor_decorator.py took 0.079 seconds
[2024-10-13T09:46:09.752+0000] {processor.py:156} INFO - Started process (PID=2355) to work on /home/airflow/.local/lib/python3.7/site-packages/airflow/example_dags/example_sensor_decorator.py
[2024-10-13T09:46:09.753+0000] {processor.py:799} INFO - Processing file /home/airflow/.local/lib/python3.7/site-packages/airflow/example_dags/example_sensor_decorator.py for tasks to queue
[2024-10-13T09:46:09.753+0000] {logging_mixin.py:149} INFO - [2024-10-13T09:46:09.753+0000] {dagbag.py:541} INFO - Filling up the DagBag from /home/airflow/.local/lib/python3.7/site-packages/airflow/example_dags/example_sensor_decorator.py
[2024-10-13T09:46:09.759+0000] {processor.py:809} INFO - DAG(s) dict_keys(['example_sensor_decorator']) retrieved from /home/airflow/.local/lib/python3.7/site-packages/airflow/example_dags/example_sensor_decorator.py
[2024-10-13T09:46:09.783+0000] {logging_mixin.py:149} INFO - [2024-10-13T09:46:09.783+0000] {dag.py:2726} INFO - Sync 1 DAGs
[2024-10-13T09:46:09.810+0000] {logging_mixin.py:149} INFO - [2024-10-13T09:46:09.810+0000] {dag.py:3490} INFO - Setting next_dagrun for example_sensor_decorator to None, run_after=None
[2024-10-13T09:46:09.831+0000] {processor.py:178} INFO - Processing /home/airflow/.local/lib/python3.7/site-packages/airflow/example_dags/example_sensor_decorator.py took 0.082 seconds
[2024-10-13T09:46:40.178+0000] {processor.py:156} INFO - Started process (PID=2416) to work on /home/airflow/.local/lib/python3.7/site-packages/airflow/example_dags/example_sensor_decorator.py
[2024-10-13T09:46:40.179+0000] {processor.py:799} INFO - Processing file /home/airflow/.local/lib/python3.7/site-packages/airflow/example_dags/example_sensor_decorator.py for tasks to queue
[2024-10-13T09:46:40.179+0000] {logging_mixin.py:149} INFO - [2024-10-13T09:46:40.179+0000] {dagbag.py:541} INFO - Filling up the DagBag from /home/airflow/.local/lib/python3.7/site-packages/airflow/example_dags/example_sensor_decorator.py
[2024-10-13T09:46:40.185+0000] {processor.py:809} INFO - DAG(s) dict_keys(['example_sensor_decorator']) retrieved from /home/airflow/.local/lib/python3.7/site-packages/airflow/example_dags/example_sensor_decorator.py
[2024-10-13T09:46:40.209+0000] {logging_mixin.py:149} INFO - [2024-10-13T09:46:40.209+0000] {dag.py:2726} INFO - Sync 1 DAGs
[2024-10-13T09:46:40.234+0000] {logging_mixin.py:149} INFO - [2024-10-13T09:46:40.234+0000] {dag.py:3490} INFO - Setting next_dagrun for example_sensor_decorator to None, run_after=None
[2024-10-13T09:46:40.252+0000] {processor.py:178} INFO - Processing /home/airflow/.local/lib/python3.7/site-packages/airflow/example_dags/example_sensor_decorator.py took 0.077 seconds
[2024-10-13T09:47:10.754+0000] {processor.py:156} INFO - Started process (PID=2477) to work on /home/airflow/.local/lib/python3.7/site-packages/airflow/example_dags/example_sensor_decorator.py
[2024-10-13T09:47:10.755+0000] {processor.py:799} INFO - Processing file /home/airflow/.local/lib/python3.7/site-packages/airflow/example_dags/example_sensor_decorator.py for tasks to queue
[2024-10-13T09:47:10.756+0000] {logging_mixin.py:149} INFO - [2024-10-13T09:47:10.756+0000] {dagbag.py:541} INFO - Filling up the DagBag from /home/airflow/.local/lib/python3.7/site-packages/airflow/example_dags/example_sensor_decorator.py
[2024-10-13T09:47:10.762+0000] {processor.py:809} INFO - DAG(s) dict_keys(['example_sensor_decorator']) retrieved from /home/airflow/.local/lib/python3.7/site-packages/airflow/example_dags/example_sensor_decorator.py
[2024-10-13T09:47:10.787+0000] {logging_mixin.py:149} INFO - [2024-10-13T09:47:10.787+0000] {dag.py:2726} INFO - Sync 1 DAGs
[2024-10-13T09:47:10.815+0000] {logging_mixin.py:149} INFO - [2024-10-13T09:47:10.815+0000] {dag.py:3490} INFO - Setting next_dagrun for example_sensor_decorator to None, run_after=None
[2024-10-13T09:47:10.836+0000] {processor.py:178} INFO - Processing /home/airflow/.local/lib/python3.7/site-packages/airflow/example_dags/example_sensor_decorator.py took 0.085 seconds
[2024-10-13T09:47:41.215+0000] {processor.py:156} INFO - Started process (PID=2538) to work on /home/airflow/.local/lib/python3.7/site-packages/airflow/example_dags/example_sensor_decorator.py
[2024-10-13T09:47:41.216+0000] {processor.py:799} INFO - Processing file /home/airflow/.local/lib/python3.7/site-packages/airflow/example_dags/example_sensor_decorator.py for tasks to queue
[2024-10-13T09:47:41.216+0000] {logging_mixin.py:149} INFO - [2024-10-13T09:47:41.216+0000] {dagbag.py:541} INFO - Filling up the DagBag from /home/airflow/.local/lib/python3.7/site-packages/airflow/example_dags/example_sensor_decorator.py
[2024-10-13T09:47:41.222+0000] {processor.py:809} INFO - DAG(s) dict_keys(['example_sensor_decorator']) retrieved from /home/airflow/.local/lib/python3.7/site-packages/airflow/example_dags/example_sensor_decorator.py
[2024-10-13T09:47:41.248+0000] {logging_mixin.py:149} INFO - [2024-10-13T09:47:41.248+0000] {dag.py:2726} INFO - Sync 1 DAGs
[2024-10-13T09:47:41.279+0000] {logging_mixin.py:149} INFO - [2024-10-13T09:47:41.279+0000] {dag.py:3490} INFO - Setting next_dagrun for example_sensor_decorator to None, run_after=None
[2024-10-13T09:47:41.300+0000] {processor.py:178} INFO - Processing /home/airflow/.local/lib/python3.7/site-packages/airflow/example_dags/example_sensor_decorator.py took 0.088 seconds
[2024-10-13T09:48:11.863+0000] {processor.py:156} INFO - Started process (PID=2599) to work on /home/airflow/.local/lib/python3.7/site-packages/airflow/example_dags/example_sensor_decorator.py
[2024-10-13T09:48:11.864+0000] {processor.py:799} INFO - Processing file /home/airflow/.local/lib/python3.7/site-packages/airflow/example_dags/example_sensor_decorator.py for tasks to queue
[2024-10-13T09:48:11.865+0000] {logging_mixin.py:149} INFO - [2024-10-13T09:48:11.865+0000] {dagbag.py:541} INFO - Filling up the DagBag from /home/airflow/.local/lib/python3.7/site-packages/airflow/example_dags/example_sensor_decorator.py
[2024-10-13T09:48:11.871+0000] {processor.py:809} INFO - DAG(s) dict_keys(['example_sensor_decorator']) retrieved from /home/airflow/.local/lib/python3.7/site-packages/airflow/example_dags/example_sensor_decorator.py
[2024-10-13T09:48:11.896+0000] {logging_mixin.py:149} INFO - [2024-10-13T09:48:11.896+0000] {dag.py:2726} INFO - Sync 1 DAGs
[2024-10-13T09:48:11.929+0000] {logging_mixin.py:149} INFO - [2024-10-13T09:48:11.929+0000] {dag.py:3490} INFO - Setting next_dagrun for example_sensor_decorator to None, run_after=None
[2024-10-13T09:48:11.954+0000] {processor.py:178} INFO - Processing /home/airflow/.local/lib/python3.7/site-packages/airflow/example_dags/example_sensor_decorator.py took 0.095 seconds
[2024-10-13T09:48:42.364+0000] {processor.py:156} INFO - Started process (PID=2660) to work on /home/airflow/.local/lib/python3.7/site-packages/airflow/example_dags/example_sensor_decorator.py
[2024-10-13T09:48:42.364+0000] {processor.py:799} INFO - Processing file /home/airflow/.local/lib/python3.7/site-packages/airflow/example_dags/example_sensor_decorator.py for tasks to queue
[2024-10-13T09:48:42.365+0000] {logging_mixin.py:149} INFO - [2024-10-13T09:48:42.365+0000] {dagbag.py:541} INFO - Filling up the DagBag from /home/airflow/.local/lib/python3.7/site-packages/airflow/example_dags/example_sensor_decorator.py
[2024-10-13T09:48:42.370+0000] {processor.py:809} INFO - DAG(s) dict_keys(['example_sensor_decorator']) retrieved from /home/airflow/.local/lib/python3.7/site-packages/airflow/example_dags/example_sensor_decorator.py
[2024-10-13T09:48:42.396+0000] {logging_mixin.py:149} INFO - [2024-10-13T09:48:42.396+0000] {dag.py:2726} INFO - Sync 1 DAGs
[2024-10-13T09:48:42.421+0000] {logging_mixin.py:149} INFO - [2024-10-13T09:48:42.421+0000] {dag.py:3490} INFO - Setting next_dagrun for example_sensor_decorator to None, run_after=None
[2024-10-13T09:48:42.439+0000] {processor.py:178} INFO - Processing /home/airflow/.local/lib/python3.7/site-packages/airflow/example_dags/example_sensor_decorator.py took 0.079 seconds
[2024-10-13T09:49:13.262+0000] {processor.py:156} INFO - Started process (PID=2721) to work on /home/airflow/.local/lib/python3.7/site-packages/airflow/example_dags/example_sensor_decorator.py
[2024-10-13T09:49:13.263+0000] {processor.py:799} INFO - Processing file /home/airflow/.local/lib/python3.7/site-packages/airflow/example_dags/example_sensor_decorator.py for tasks to queue
[2024-10-13T09:49:13.263+0000] {logging_mixin.py:149} INFO - [2024-10-13T09:49:13.263+0000] {dagbag.py:541} INFO - Filling up the DagBag from /home/airflow/.local/lib/python3.7/site-packages/airflow/example_dags/example_sensor_decorator.py
[2024-10-13T09:49:13.269+0000] {processor.py:809} INFO - DAG(s) dict_keys(['example_sensor_decorator']) retrieved from /home/airflow/.local/lib/python3.7/site-packages/airflow/example_dags/example_sensor_decorator.py
[2024-10-13T09:49:13.293+0000] {logging_mixin.py:149} INFO - [2024-10-13T09:49:13.293+0000] {dag.py:2726} INFO - Sync 1 DAGs
[2024-10-13T09:49:13.319+0000] {logging_mixin.py:149} INFO - [2024-10-13T09:49:13.319+0000] {dag.py:3490} INFO - Setting next_dagrun for example_sensor_decorator to None, run_after=None
[2024-10-13T09:49:13.339+0000] {processor.py:178} INFO - Processing /home/airflow/.local/lib/python3.7/site-packages/airflow/example_dags/example_sensor_decorator.py took 0.081 seconds
[2024-10-13T09:49:43.928+0000] {processor.py:156} INFO - Started process (PID=2782) to work on /home/airflow/.local/lib/python3.7/site-packages/airflow/example_dags/example_sensor_decorator.py
[2024-10-13T09:49:43.929+0000] {processor.py:799} INFO - Processing file /home/airflow/.local/lib/python3.7/site-packages/airflow/example_dags/example_sensor_decorator.py for tasks to queue
[2024-10-13T09:49:43.929+0000] {logging_mixin.py:149} INFO - [2024-10-13T09:49:43.929+0000] {dagbag.py:541} INFO - Filling up the DagBag from /home/airflow/.local/lib/python3.7/site-packages/airflow/example_dags/example_sensor_decorator.py
[2024-10-13T09:49:43.935+0000] {processor.py:809} INFO - DAG(s) dict_keys(['example_sensor_decorator']) retrieved from /home/airflow/.local/lib/python3.7/site-packages/airflow/example_dags/example_sensor_decorator.py
[2024-10-13T09:49:43.961+0000] {logging_mixin.py:149} INFO - [2024-10-13T09:49:43.960+0000] {dag.py:2726} INFO - Sync 1 DAGs
[2024-10-13T09:49:43.987+0000] {logging_mixin.py:149} INFO - [2024-10-13T09:49:43.987+0000] {dag.py:3490} INFO - Setting next_dagrun for example_sensor_decorator to None, run_after=None
[2024-10-13T09:49:44.005+0000] {processor.py:178} INFO - Processing /home/airflow/.local/lib/python3.7/site-packages/airflow/example_dags/example_sensor_decorator.py took 0.081 seconds
[2024-10-13T09:50:15.041+0000] {processor.py:156} INFO - Started process (PID=2843) to work on /home/airflow/.local/lib/python3.7/site-packages/airflow/example_dags/example_sensor_decorator.py
[2024-10-13T09:50:15.042+0000] {processor.py:799} INFO - Processing file /home/airflow/.local/lib/python3.7/site-packages/airflow/example_dags/example_sensor_decorator.py for tasks to queue
[2024-10-13T09:50:15.043+0000] {logging_mixin.py:149} INFO - [2024-10-13T09:50:15.043+0000] {dagbag.py:541} INFO - Filling up the DagBag from /home/airflow/.local/lib/python3.7/site-packages/airflow/example_dags/example_sensor_decorator.py
[2024-10-13T09:50:15.049+0000] {processor.py:809} INFO - DAG(s) dict_keys(['example_sensor_decorator']) retrieved from /home/airflow/.local/lib/python3.7/site-packages/airflow/example_dags/example_sensor_decorator.py
[2024-10-13T09:50:15.073+0000] {logging_mixin.py:149} INFO - [2024-10-13T09:50:15.073+0000] {dag.py:2726} INFO - Sync 1 DAGs
[2024-10-13T09:50:15.099+0000] {logging_mixin.py:149} INFO - [2024-10-13T09:50:15.099+0000] {dag.py:3490} INFO - Setting next_dagrun for example_sensor_decorator to None, run_after=None
[2024-10-13T09:50:15.118+0000] {processor.py:178} INFO - Processing /home/airflow/.local/lib/python3.7/site-packages/airflow/example_dags/example_sensor_decorator.py took 0.080 seconds
[2024-10-13T09:50:45.601+0000] {processor.py:156} INFO - Started process (PID=2904) to work on /home/airflow/.local/lib/python3.7/site-packages/airflow/example_dags/example_sensor_decorator.py
[2024-10-13T09:50:45.602+0000] {processor.py:799} INFO - Processing file /home/airflow/.local/lib/python3.7/site-packages/airflow/example_dags/example_sensor_decorator.py for tasks to queue
[2024-10-13T09:50:45.602+0000] {logging_mixin.py:149} INFO - [2024-10-13T09:50:45.602+0000] {dagbag.py:541} INFO - Filling up the DagBag from /home/airflow/.local/lib/python3.7/site-packages/airflow/example_dags/example_sensor_decorator.py
[2024-10-13T09:50:45.608+0000] {processor.py:809} INFO - DAG(s) dict_keys(['example_sensor_decorator']) retrieved from /home/airflow/.local/lib/python3.7/site-packages/airflow/example_dags/example_sensor_decorator.py
[2024-10-13T09:50:45.633+0000] {logging_mixin.py:149} INFO - [2024-10-13T09:50:45.633+0000] {dag.py:2726} INFO - Sync 1 DAGs
[2024-10-13T09:50:45.659+0000] {logging_mixin.py:149} INFO - [2024-10-13T09:50:45.659+0000] {dag.py:3490} INFO - Setting next_dagrun for example_sensor_decorator to None, run_after=None
[2024-10-13T09:50:45.678+0000] {processor.py:178} INFO - Processing /home/airflow/.local/lib/python3.7/site-packages/airflow/example_dags/example_sensor_decorator.py took 0.080 seconds
[2024-10-13T09:51:15.954+0000] {processor.py:156} INFO - Started process (PID=2965) to work on /home/airflow/.local/lib/python3.7/site-packages/airflow/example_dags/example_sensor_decorator.py
[2024-10-13T09:51:15.955+0000] {processor.py:799} INFO - Processing file /home/airflow/.local/lib/python3.7/site-packages/airflow/example_dags/example_sensor_decorator.py for tasks to queue
[2024-10-13T09:51:15.955+0000] {logging_mixin.py:149} INFO - [2024-10-13T09:51:15.955+0000] {dagbag.py:541} INFO - Filling up the DagBag from /home/airflow/.local/lib/python3.7/site-packages/airflow/example_dags/example_sensor_decorator.py
[2024-10-13T09:51:15.961+0000] {processor.py:809} INFO - DAG(s) dict_keys(['example_sensor_decorator']) retrieved from /home/airflow/.local/lib/python3.7/site-packages/airflow/example_dags/example_sensor_decorator.py
[2024-10-13T09:51:15.986+0000] {logging_mixin.py:149} INFO - [2024-10-13T09:51:15.986+0000] {dag.py:2726} INFO - Sync 1 DAGs
[2024-10-13T09:51:16.011+0000] {logging_mixin.py:149} INFO - [2024-10-13T09:51:16.011+0000] {dag.py:3490} INFO - Setting next_dagrun for example_sensor_decorator to None, run_after=None
[2024-10-13T09:51:16.029+0000] {processor.py:178} INFO - Processing /home/airflow/.local/lib/python3.7/site-packages/airflow/example_dags/example_sensor_decorator.py took 0.079 seconds
[2024-10-13T09:51:46.830+0000] {processor.py:156} INFO - Started process (PID=3026) to work on /home/airflow/.local/lib/python3.7/site-packages/airflow/example_dags/example_sensor_decorator.py
[2024-10-13T09:51:46.831+0000] {processor.py:799} INFO - Processing file /home/airflow/.local/lib/python3.7/site-packages/airflow/example_dags/example_sensor_decorator.py for tasks to queue
[2024-10-13T09:51:46.831+0000] {logging_mixin.py:149} INFO - [2024-10-13T09:51:46.831+0000] {dagbag.py:541} INFO - Filling up the DagBag from /home/airflow/.local/lib/python3.7/site-packages/airflow/example_dags/example_sensor_decorator.py
[2024-10-13T09:51:46.837+0000] {processor.py:809} INFO - DAG(s) dict_keys(['example_sensor_decorator']) retrieved from /home/airflow/.local/lib/python3.7/site-packages/airflow/example_dags/example_sensor_decorator.py
[2024-10-13T09:51:46.861+0000] {logging_mixin.py:149} INFO - [2024-10-13T09:51:46.861+0000] {dag.py:2726} INFO - Sync 1 DAGs
[2024-10-13T09:51:46.888+0000] {logging_mixin.py:149} INFO - [2024-10-13T09:51:46.887+0000] {dag.py:3490} INFO - Setting next_dagrun for example_sensor_decorator to None, run_after=None
[2024-10-13T09:51:46.907+0000] {processor.py:178} INFO - Processing /home/airflow/.local/lib/python3.7/site-packages/airflow/example_dags/example_sensor_decorator.py took 0.080 seconds
[2024-10-13T09:52:17.311+0000] {processor.py:156} INFO - Started process (PID=3087) to work on /home/airflow/.local/lib/python3.7/site-packages/airflow/example_dags/example_sensor_decorator.py
[2024-10-13T09:52:17.312+0000] {processor.py:799} INFO - Processing file /home/airflow/.local/lib/python3.7/site-packages/airflow/example_dags/example_sensor_decorator.py for tasks to queue
[2024-10-13T09:52:17.313+0000] {logging_mixin.py:149} INFO - [2024-10-13T09:52:17.313+0000] {dagbag.py:541} INFO - Filling up the DagBag from /home/airflow/.local/lib/python3.7/site-packages/airflow/example_dags/example_sensor_decorator.py
[2024-10-13T09:52:17.318+0000] {processor.py:809} INFO - DAG(s) dict_keys(['example_sensor_decorator']) retrieved from /home/airflow/.local/lib/python3.7/site-packages/airflow/example_dags/example_sensor_decorator.py
[2024-10-13T09:52:17.343+0000] {logging_mixin.py:149} INFO - [2024-10-13T09:52:17.343+0000] {dag.py:2726} INFO - Sync 1 DAGs
[2024-10-13T09:52:17.380+0000] {logging_mixin.py:149} INFO - [2024-10-13T09:52:17.380+0000] {dag.py:3490} INFO - Setting next_dagrun for example_sensor_decorator to None, run_after=None
[2024-10-13T09:52:17.405+0000] {processor.py:178} INFO - Processing /home/airflow/.local/lib/python3.7/site-packages/airflow/example_dags/example_sensor_decorator.py took 0.097 seconds
[2024-10-13T09:52:47.852+0000] {processor.py:156} INFO - Started process (PID=3148) to work on /home/airflow/.local/lib/python3.7/site-packages/airflow/example_dags/example_sensor_decorator.py
[2024-10-13T09:52:47.852+0000] {processor.py:799} INFO - Processing file /home/airflow/.local/lib/python3.7/site-packages/airflow/example_dags/example_sensor_decorator.py for tasks to queue
[2024-10-13T09:52:47.853+0000] {logging_mixin.py:149} INFO - [2024-10-13T09:52:47.853+0000] {dagbag.py:541} INFO - Filling up the DagBag from /home/airflow/.local/lib/python3.7/site-packages/airflow/example_dags/example_sensor_decorator.py
[2024-10-13T09:52:47.860+0000] {processor.py:809} INFO - DAG(s) dict_keys(['example_sensor_decorator']) retrieved from /home/airflow/.local/lib/python3.7/site-packages/airflow/example_dags/example_sensor_decorator.py
[2024-10-13T09:52:47.887+0000] {logging_mixin.py:149} INFO - [2024-10-13T09:52:47.887+0000] {dag.py:2726} INFO - Sync 1 DAGs
[2024-10-13T09:52:47.915+0000] {logging_mixin.py:149} INFO - [2024-10-13T09:52:47.915+0000] {dag.py:3490} INFO - Setting next_dagrun for example_sensor_decorator to None, run_after=None
[2024-10-13T09:52:47.933+0000] {processor.py:178} INFO - Processing /home/airflow/.local/lib/python3.7/site-packages/airflow/example_dags/example_sensor_decorator.py took 0.085 seconds
[2024-10-13T09:53:18.377+0000] {processor.py:156} INFO - Started process (PID=3209) to work on /home/airflow/.local/lib/python3.7/site-packages/airflow/example_dags/example_sensor_decorator.py
[2024-10-13T09:53:18.378+0000] {processor.py:799} INFO - Processing file /home/airflow/.local/lib/python3.7/site-packages/airflow/example_dags/example_sensor_decorator.py for tasks to queue
[2024-10-13T09:53:18.379+0000] {logging_mixin.py:149} INFO - [2024-10-13T09:53:18.379+0000] {dagbag.py:541} INFO - Filling up the DagBag from /home/airflow/.local/lib/python3.7/site-packages/airflow/example_dags/example_sensor_decorator.py
[2024-10-13T09:53:18.385+0000] {processor.py:809} INFO - DAG(s) dict_keys(['example_sensor_decorator']) retrieved from /home/airflow/.local/lib/python3.7/site-packages/airflow/example_dags/example_sensor_decorator.py
[2024-10-13T09:53:18.411+0000] {logging_mixin.py:149} INFO - [2024-10-13T09:53:18.410+0000] {dag.py:2726} INFO - Sync 1 DAGs
[2024-10-13T09:53:18.436+0000] {logging_mixin.py:149} INFO - [2024-10-13T09:53:18.436+0000] {dag.py:3490} INFO - Setting next_dagrun for example_sensor_decorator to None, run_after=None
[2024-10-13T09:53:18.454+0000] {processor.py:178} INFO - Processing /home/airflow/.local/lib/python3.7/site-packages/airflow/example_dags/example_sensor_decorator.py took 0.080 seconds
[2024-10-13T09:53:48.927+0000] {processor.py:156} INFO - Started process (PID=3270) to work on /home/airflow/.local/lib/python3.7/site-packages/airflow/example_dags/example_sensor_decorator.py
[2024-10-13T09:53:48.928+0000] {processor.py:799} INFO - Processing file /home/airflow/.local/lib/python3.7/site-packages/airflow/example_dags/example_sensor_decorator.py for tasks to queue
[2024-10-13T09:53:48.929+0000] {logging_mixin.py:149} INFO - [2024-10-13T09:53:48.929+0000] {dagbag.py:541} INFO - Filling up the DagBag from /home/airflow/.local/lib/python3.7/site-packages/airflow/example_dags/example_sensor_decorator.py
[2024-10-13T09:53:48.934+0000] {processor.py:809} INFO - DAG(s) dict_keys(['example_sensor_decorator']) retrieved from /home/airflow/.local/lib/python3.7/site-packages/airflow/example_dags/example_sensor_decorator.py
[2024-10-13T09:53:48.958+0000] {logging_mixin.py:149} INFO - [2024-10-13T09:53:48.958+0000] {dag.py:2726} INFO - Sync 1 DAGs
[2024-10-13T09:53:48.984+0000] {logging_mixin.py:149} INFO - [2024-10-13T09:53:48.984+0000] {dag.py:3490} INFO - Setting next_dagrun for example_sensor_decorator to None, run_after=None
[2024-10-13T09:53:49.003+0000] {processor.py:178} INFO - Processing /home/airflow/.local/lib/python3.7/site-packages/airflow/example_dags/example_sensor_decorator.py took 0.079 seconds
[2024-10-13T09:54:20.022+0000] {processor.py:156} INFO - Started process (PID=3331) to work on /home/airflow/.local/lib/python3.7/site-packages/airflow/example_dags/example_sensor_decorator.py
[2024-10-13T09:54:20.023+0000] {processor.py:799} INFO - Processing file /home/airflow/.local/lib/python3.7/site-packages/airflow/example_dags/example_sensor_decorator.py for tasks to queue
[2024-10-13T09:54:20.024+0000] {logging_mixin.py:149} INFO - [2024-10-13T09:54:20.024+0000] {dagbag.py:541} INFO - Filling up the DagBag from /home/airflow/.local/lib/python3.7/site-packages/airflow/example_dags/example_sensor_decorator.py
[2024-10-13T09:54:20.030+0000] {processor.py:809} INFO - DAG(s) dict_keys(['example_sensor_decorator']) retrieved from /home/airflow/.local/lib/python3.7/site-packages/airflow/example_dags/example_sensor_decorator.py
[2024-10-13T09:54:20.054+0000] {logging_mixin.py:149} INFO - [2024-10-13T09:54:20.054+0000] {dag.py:2726} INFO - Sync 1 DAGs
[2024-10-13T09:54:20.080+0000] {logging_mixin.py:149} INFO - [2024-10-13T09:54:20.080+0000] {dag.py:3490} INFO - Setting next_dagrun for example_sensor_decorator to None, run_after=None
[2024-10-13T09:54:20.100+0000] {processor.py:178} INFO - Processing /home/airflow/.local/lib/python3.7/site-packages/airflow/example_dags/example_sensor_decorator.py took 0.081 seconds
[2024-10-13T09:54:51.177+0000] {processor.py:156} INFO - Started process (PID=3392) to work on /home/airflow/.local/lib/python3.7/site-packages/airflow/example_dags/example_sensor_decorator.py
[2024-10-13T09:54:51.178+0000] {processor.py:799} INFO - Processing file /home/airflow/.local/lib/python3.7/site-packages/airflow/example_dags/example_sensor_decorator.py for tasks to queue
[2024-10-13T09:54:51.179+0000] {logging_mixin.py:149} INFO - [2024-10-13T09:54:51.179+0000] {dagbag.py:541} INFO - Filling up the DagBag from /home/airflow/.local/lib/python3.7/site-packages/airflow/example_dags/example_sensor_decorator.py
[2024-10-13T09:54:51.185+0000] {processor.py:809} INFO - DAG(s) dict_keys(['example_sensor_decorator']) retrieved from /home/airflow/.local/lib/python3.7/site-packages/airflow/example_dags/example_sensor_decorator.py
[2024-10-13T09:54:51.210+0000] {logging_mixin.py:149} INFO - [2024-10-13T09:54:51.210+0000] {dag.py:2726} INFO - Sync 1 DAGs
[2024-10-13T09:54:51.238+0000] {logging_mixin.py:149} INFO - [2024-10-13T09:54:51.238+0000] {dag.py:3490} INFO - Setting next_dagrun for example_sensor_decorator to None, run_after=None
[2024-10-13T09:54:51.261+0000] {processor.py:178} INFO - Processing /home/airflow/.local/lib/python3.7/site-packages/airflow/example_dags/example_sensor_decorator.py took 0.087 seconds
[2024-10-13T09:55:21.741+0000] {processor.py:156} INFO - Started process (PID=3453) to work on /home/airflow/.local/lib/python3.7/site-packages/airflow/example_dags/example_sensor_decorator.py
[2024-10-13T09:55:21.742+0000] {processor.py:799} INFO - Processing file /home/airflow/.local/lib/python3.7/site-packages/airflow/example_dags/example_sensor_decorator.py for tasks to queue
[2024-10-13T09:55:21.743+0000] {logging_mixin.py:149} INFO - [2024-10-13T09:55:21.742+0000] {dagbag.py:541} INFO - Filling up the DagBag from /home/airflow/.local/lib/python3.7/site-packages/airflow/example_dags/example_sensor_decorator.py
[2024-10-13T09:55:21.749+0000] {processor.py:809} INFO - DAG(s) dict_keys(['example_sensor_decorator']) retrieved from /home/airflow/.local/lib/python3.7/site-packages/airflow/example_dags/example_sensor_decorator.py
[2024-10-13T09:55:21.774+0000] {logging_mixin.py:149} INFO - [2024-10-13T09:55:21.774+0000] {dag.py:2726} INFO - Sync 1 DAGs
[2024-10-13T09:55:21.801+0000] {logging_mixin.py:149} INFO - [2024-10-13T09:55:21.800+0000] {dag.py:3490} INFO - Setting next_dagrun for example_sensor_decorator to None, run_after=None
[2024-10-13T09:55:21.819+0000] {processor.py:178} INFO - Processing /home/airflow/.local/lib/python3.7/site-packages/airflow/example_dags/example_sensor_decorator.py took 0.082 seconds
[2024-10-13T09:55:52.319+0000] {processor.py:156} INFO - Started process (PID=3514) to work on /home/airflow/.local/lib/python3.7/site-packages/airflow/example_dags/example_sensor_decorator.py
[2024-10-13T09:55:52.319+0000] {processor.py:799} INFO - Processing file /home/airflow/.local/lib/python3.7/site-packages/airflow/example_dags/example_sensor_decorator.py for tasks to queue
[2024-10-13T09:55:52.320+0000] {logging_mixin.py:149} INFO - [2024-10-13T09:55:52.320+0000] {dagbag.py:541} INFO - Filling up the DagBag from /home/airflow/.local/lib/python3.7/site-packages/airflow/example_dags/example_sensor_decorator.py
[2024-10-13T09:55:52.326+0000] {processor.py:809} INFO - DAG(s) dict_keys(['example_sensor_decorator']) retrieved from /home/airflow/.local/lib/python3.7/site-packages/airflow/example_dags/example_sensor_decorator.py
[2024-10-13T09:55:52.352+0000] {logging_mixin.py:149} INFO - [2024-10-13T09:55:52.352+0000] {dag.py:2726} INFO - Sync 1 DAGs
[2024-10-13T09:55:52.385+0000] {logging_mixin.py:149} INFO - [2024-10-13T09:55:52.385+0000] {dag.py:3490} INFO - Setting next_dagrun for example_sensor_decorator to None, run_after=None
[2024-10-13T09:55:52.403+0000] {processor.py:178} INFO - Processing /home/airflow/.local/lib/python3.7/site-packages/airflow/example_dags/example_sensor_decorator.py took 0.088 seconds
[2024-10-13T09:56:22.704+0000] {processor.py:156} INFO - Started process (PID=3575) to work on /home/airflow/.local/lib/python3.7/site-packages/airflow/example_dags/example_sensor_decorator.py
[2024-10-13T09:56:22.705+0000] {processor.py:799} INFO - Processing file /home/airflow/.local/lib/python3.7/site-packages/airflow/example_dags/example_sensor_decorator.py for tasks to queue
[2024-10-13T09:56:22.705+0000] {logging_mixin.py:149} INFO - [2024-10-13T09:56:22.705+0000] {dagbag.py:541} INFO - Filling up the DagBag from /home/airflow/.local/lib/python3.7/site-packages/airflow/example_dags/example_sensor_decorator.py
[2024-10-13T09:56:22.711+0000] {processor.py:809} INFO - DAG(s) dict_keys(['example_sensor_decorator']) retrieved from /home/airflow/.local/lib/python3.7/site-packages/airflow/example_dags/example_sensor_decorator.py
[2024-10-13T09:56:22.738+0000] {logging_mixin.py:149} INFO - [2024-10-13T09:56:22.737+0000] {dag.py:2726} INFO - Sync 1 DAGs
[2024-10-13T09:56:22.766+0000] {logging_mixin.py:149} INFO - [2024-10-13T09:56:22.766+0000] {dag.py:3490} INFO - Setting next_dagrun for example_sensor_decorator to None, run_after=None
[2024-10-13T09:56:22.784+0000] {processor.py:178} INFO - Processing /home/airflow/.local/lib/python3.7/site-packages/airflow/example_dags/example_sensor_decorator.py took 0.084 seconds
[2024-10-13T09:56:53.316+0000] {processor.py:156} INFO - Started process (PID=3636) to work on /home/airflow/.local/lib/python3.7/site-packages/airflow/example_dags/example_sensor_decorator.py
[2024-10-13T09:56:53.317+0000] {processor.py:799} INFO - Processing file /home/airflow/.local/lib/python3.7/site-packages/airflow/example_dags/example_sensor_decorator.py for tasks to queue
[2024-10-13T09:56:53.318+0000] {logging_mixin.py:149} INFO - [2024-10-13T09:56:53.317+0000] {dagbag.py:541} INFO - Filling up the DagBag from /home/airflow/.local/lib/python3.7/site-packages/airflow/example_dags/example_sensor_decorator.py
[2024-10-13T09:56:53.323+0000] {processor.py:809} INFO - DAG(s) dict_keys(['example_sensor_decorator']) retrieved from /home/airflow/.local/lib/python3.7/site-packages/airflow/example_dags/example_sensor_decorator.py
[2024-10-13T09:56:53.347+0000] {logging_mixin.py:149} INFO - [2024-10-13T09:56:53.347+0000] {dag.py:2726} INFO - Sync 1 DAGs
[2024-10-13T09:56:53.373+0000] {logging_mixin.py:149} INFO - [2024-10-13T09:56:53.373+0000] {dag.py:3490} INFO - Setting next_dagrun for example_sensor_decorator to None, run_after=None
[2024-10-13T09:56:53.392+0000] {processor.py:178} INFO - Processing /home/airflow/.local/lib/python3.7/site-packages/airflow/example_dags/example_sensor_decorator.py took 0.080 seconds
[2024-10-13T09:57:24.010+0000] {processor.py:156} INFO - Started process (PID=3697) to work on /home/airflow/.local/lib/python3.7/site-packages/airflow/example_dags/example_sensor_decorator.py
[2024-10-13T09:57:24.011+0000] {processor.py:799} INFO - Processing file /home/airflow/.local/lib/python3.7/site-packages/airflow/example_dags/example_sensor_decorator.py for tasks to queue
[2024-10-13T09:57:24.012+0000] {logging_mixin.py:149} INFO - [2024-10-13T09:57:24.012+0000] {dagbag.py:541} INFO - Filling up the DagBag from /home/airflow/.local/lib/python3.7/site-packages/airflow/example_dags/example_sensor_decorator.py
[2024-10-13T09:57:24.021+0000] {processor.py:809} INFO - DAG(s) dict_keys(['example_sensor_decorator']) retrieved from /home/airflow/.local/lib/python3.7/site-packages/airflow/example_dags/example_sensor_decorator.py
[2024-10-13T09:57:24.048+0000] {logging_mixin.py:149} INFO - [2024-10-13T09:57:24.048+0000] {dag.py:2726} INFO - Sync 1 DAGs
[2024-10-13T09:57:24.077+0000] {logging_mixin.py:149} INFO - [2024-10-13T09:57:24.077+0000] {dag.py:3490} INFO - Setting next_dagrun for example_sensor_decorator to None, run_after=None
[2024-10-13T09:57:24.096+0000] {processor.py:178} INFO - Processing /home/airflow/.local/lib/python3.7/site-packages/airflow/example_dags/example_sensor_decorator.py took 0.091 seconds
[2024-10-13T09:57:54.834+0000] {processor.py:156} INFO - Started process (PID=3758) to work on /home/airflow/.local/lib/python3.7/site-packages/airflow/example_dags/example_sensor_decorator.py
[2024-10-13T09:57:54.835+0000] {processor.py:799} INFO - Processing file /home/airflow/.local/lib/python3.7/site-packages/airflow/example_dags/example_sensor_decorator.py for tasks to queue
[2024-10-13T09:57:54.836+0000] {logging_mixin.py:149} INFO - [2024-10-13T09:57:54.835+0000] {dagbag.py:541} INFO - Filling up the DagBag from /home/airflow/.local/lib/python3.7/site-packages/airflow/example_dags/example_sensor_decorator.py
[2024-10-13T09:57:54.846+0000] {processor.py:809} INFO - DAG(s) dict_keys(['example_sensor_decorator']) retrieved from /home/airflow/.local/lib/python3.7/site-packages/airflow/example_dags/example_sensor_decorator.py
[2024-10-13T09:57:54.888+0000] {logging_mixin.py:149} INFO - [2024-10-13T09:57:54.887+0000] {dag.py:2726} INFO - Sync 1 DAGs
[2024-10-13T09:57:54.930+0000] {logging_mixin.py:149} INFO - [2024-10-13T09:57:54.930+0000] {dag.py:3490} INFO - Setting next_dagrun for example_sensor_decorator to None, run_after=None
[2024-10-13T09:57:54.955+0000] {processor.py:178} INFO - Processing /home/airflow/.local/lib/python3.7/site-packages/airflow/example_dags/example_sensor_decorator.py took 0.126 seconds
[2024-10-13T14:18:52.952+0000] {processor.py:156} INFO - Started process (PID=88) to work on /home/airflow/.local/lib/python3.7/site-packages/airflow/example_dags/example_sensor_decorator.py
[2024-10-13T14:18:52.953+0000] {processor.py:799} INFO - Processing file /home/airflow/.local/lib/python3.7/site-packages/airflow/example_dags/example_sensor_decorator.py for tasks to queue
[2024-10-13T14:18:52.954+0000] {logging_mixin.py:149} INFO - [2024-10-13T14:18:52.954+0000] {dagbag.py:541} INFO - Filling up the DagBag from /home/airflow/.local/lib/python3.7/site-packages/airflow/example_dags/example_sensor_decorator.py
[2024-10-13T14:18:52.961+0000] {processor.py:809} INFO - DAG(s) dict_keys(['example_sensor_decorator']) retrieved from /home/airflow/.local/lib/python3.7/site-packages/airflow/example_dags/example_sensor_decorator.py
[2024-10-13T14:18:52.975+0000] {logging_mixin.py:149} INFO - [2024-10-13T14:18:52.975+0000] {dag.py:2726} INFO - Sync 1 DAGs
[2024-10-13T14:18:53.009+0000] {logging_mixin.py:149} INFO - [2024-10-13T14:18:53.009+0000] {dag.py:3490} INFO - Setting next_dagrun for example_sensor_decorator to None, run_after=None
[2024-10-13T14:18:53.031+0000] {processor.py:178} INFO - Processing /home/airflow/.local/lib/python3.7/site-packages/airflow/example_dags/example_sensor_decorator.py took 0.083 seconds
[2024-10-13T14:19:23.507+0000] {processor.py:156} INFO - Started process (PID=149) to work on /home/airflow/.local/lib/python3.7/site-packages/airflow/example_dags/example_sensor_decorator.py
[2024-10-13T14:19:23.508+0000] {processor.py:799} INFO - Processing file /home/airflow/.local/lib/python3.7/site-packages/airflow/example_dags/example_sensor_decorator.py for tasks to queue
[2024-10-13T14:19:23.509+0000] {logging_mixin.py:149} INFO - [2024-10-13T14:19:23.509+0000] {dagbag.py:541} INFO - Filling up the DagBag from /home/airflow/.local/lib/python3.7/site-packages/airflow/example_dags/example_sensor_decorator.py
[2024-10-13T14:19:23.517+0000] {processor.py:809} INFO - DAG(s) dict_keys(['example_sensor_decorator']) retrieved from /home/airflow/.local/lib/python3.7/site-packages/airflow/example_dags/example_sensor_decorator.py
[2024-10-13T14:19:23.552+0000] {logging_mixin.py:149} INFO - [2024-10-13T14:19:23.552+0000] {dag.py:2726} INFO - Sync 1 DAGs
[2024-10-13T14:19:23.595+0000] {logging_mixin.py:149} INFO - [2024-10-13T14:19:23.595+0000] {dag.py:3490} INFO - Setting next_dagrun for example_sensor_decorator to None, run_after=None
[2024-10-13T14:19:23.623+0000] {processor.py:178} INFO - Processing /home/airflow/.local/lib/python3.7/site-packages/airflow/example_dags/example_sensor_decorator.py took 0.121 seconds
[2024-10-13T14:19:54.056+0000] {processor.py:156} INFO - Started process (PID=210) to work on /home/airflow/.local/lib/python3.7/site-packages/airflow/example_dags/example_sensor_decorator.py
[2024-10-13T14:19:54.057+0000] {processor.py:799} INFO - Processing file /home/airflow/.local/lib/python3.7/site-packages/airflow/example_dags/example_sensor_decorator.py for tasks to queue
[2024-10-13T14:19:54.058+0000] {logging_mixin.py:149} INFO - [2024-10-13T14:19:54.058+0000] {dagbag.py:541} INFO - Filling up the DagBag from /home/airflow/.local/lib/python3.7/site-packages/airflow/example_dags/example_sensor_decorator.py
[2024-10-13T14:19:54.064+0000] {processor.py:809} INFO - DAG(s) dict_keys(['example_sensor_decorator']) retrieved from /home/airflow/.local/lib/python3.7/site-packages/airflow/example_dags/example_sensor_decorator.py
[2024-10-13T14:19:54.090+0000] {logging_mixin.py:149} INFO - [2024-10-13T14:19:54.090+0000] {dag.py:2726} INFO - Sync 1 DAGs
[2024-10-13T14:19:54.116+0000] {logging_mixin.py:149} INFO - [2024-10-13T14:19:54.116+0000] {dag.py:3490} INFO - Setting next_dagrun for example_sensor_decorator to None, run_after=None
[2024-10-13T14:19:54.135+0000] {processor.py:178} INFO - Processing /home/airflow/.local/lib/python3.7/site-packages/airflow/example_dags/example_sensor_decorator.py took 0.083 seconds
[2024-10-13T14:20:24.507+0000] {processor.py:156} INFO - Started process (PID=271) to work on /home/airflow/.local/lib/python3.7/site-packages/airflow/example_dags/example_sensor_decorator.py
[2024-10-13T14:20:24.508+0000] {processor.py:799} INFO - Processing file /home/airflow/.local/lib/python3.7/site-packages/airflow/example_dags/example_sensor_decorator.py for tasks to queue
[2024-10-13T14:20:24.509+0000] {logging_mixin.py:149} INFO - [2024-10-13T14:20:24.509+0000] {dagbag.py:541} INFO - Filling up the DagBag from /home/airflow/.local/lib/python3.7/site-packages/airflow/example_dags/example_sensor_decorator.py
[2024-10-13T14:20:24.515+0000] {processor.py:809} INFO - DAG(s) dict_keys(['example_sensor_decorator']) retrieved from /home/airflow/.local/lib/python3.7/site-packages/airflow/example_dags/example_sensor_decorator.py
[2024-10-13T14:20:24.544+0000] {logging_mixin.py:149} INFO - [2024-10-13T14:20:24.544+0000] {dag.py:2726} INFO - Sync 1 DAGs
[2024-10-13T14:20:24.574+0000] {logging_mixin.py:149} INFO - [2024-10-13T14:20:24.574+0000] {dag.py:3490} INFO - Setting next_dagrun for example_sensor_decorator to None, run_after=None
[2024-10-13T14:20:24.595+0000] {processor.py:178} INFO - Processing /home/airflow/.local/lib/python3.7/site-packages/airflow/example_dags/example_sensor_decorator.py took 0.092 seconds
[2024-10-13T14:20:55.018+0000] {processor.py:156} INFO - Started process (PID=331) to work on /home/airflow/.local/lib/python3.7/site-packages/airflow/example_dags/example_sensor_decorator.py
[2024-10-13T14:20:55.020+0000] {processor.py:799} INFO - Processing file /home/airflow/.local/lib/python3.7/site-packages/airflow/example_dags/example_sensor_decorator.py for tasks to queue
[2024-10-13T14:20:55.020+0000] {logging_mixin.py:149} INFO - [2024-10-13T14:20:55.020+0000] {dagbag.py:541} INFO - Filling up the DagBag from /home/airflow/.local/lib/python3.7/site-packages/airflow/example_dags/example_sensor_decorator.py
[2024-10-13T14:20:55.026+0000] {processor.py:809} INFO - DAG(s) dict_keys(['example_sensor_decorator']) retrieved from /home/airflow/.local/lib/python3.7/site-packages/airflow/example_dags/example_sensor_decorator.py
[2024-10-13T14:20:55.052+0000] {logging_mixin.py:149} INFO - [2024-10-13T14:20:55.052+0000] {dag.py:2726} INFO - Sync 1 DAGs
[2024-10-13T14:20:55.078+0000] {logging_mixin.py:149} INFO - [2024-10-13T14:20:55.078+0000] {dag.py:3490} INFO - Setting next_dagrun for example_sensor_decorator to None, run_after=None
[2024-10-13T14:20:55.098+0000] {processor.py:178} INFO - Processing /home/airflow/.local/lib/python3.7/site-packages/airflow/example_dags/example_sensor_decorator.py took 0.083 seconds
[2024-10-13T14:21:26.276+0000] {processor.py:156} INFO - Started process (PID=392) to work on /home/airflow/.local/lib/python3.7/site-packages/airflow/example_dags/example_sensor_decorator.py
[2024-10-13T14:21:26.277+0000] {processor.py:799} INFO - Processing file /home/airflow/.local/lib/python3.7/site-packages/airflow/example_dags/example_sensor_decorator.py for tasks to queue
[2024-10-13T14:21:26.277+0000] {logging_mixin.py:149} INFO - [2024-10-13T14:21:26.277+0000] {dagbag.py:541} INFO - Filling up the DagBag from /home/airflow/.local/lib/python3.7/site-packages/airflow/example_dags/example_sensor_decorator.py
[2024-10-13T14:21:26.283+0000] {processor.py:809} INFO - DAG(s) dict_keys(['example_sensor_decorator']) retrieved from /home/airflow/.local/lib/python3.7/site-packages/airflow/example_dags/example_sensor_decorator.py
[2024-10-13T14:21:26.316+0000] {logging_mixin.py:149} INFO - [2024-10-13T14:21:26.316+0000] {dag.py:2726} INFO - Sync 1 DAGs
[2024-10-13T14:21:26.359+0000] {logging_mixin.py:149} INFO - [2024-10-13T14:21:26.359+0000] {dag.py:3490} INFO - Setting next_dagrun for example_sensor_decorator to None, run_after=None
[2024-10-13T14:21:26.383+0000] {processor.py:178} INFO - Processing /home/airflow/.local/lib/python3.7/site-packages/airflow/example_dags/example_sensor_decorator.py took 0.110 seconds
[2024-10-13T14:21:57.359+0000] {processor.py:156} INFO - Started process (PID=453) to work on /home/airflow/.local/lib/python3.7/site-packages/airflow/example_dags/example_sensor_decorator.py
[2024-10-13T14:21:57.360+0000] {processor.py:799} INFO - Processing file /home/airflow/.local/lib/python3.7/site-packages/airflow/example_dags/example_sensor_decorator.py for tasks to queue
[2024-10-13T14:21:57.361+0000] {logging_mixin.py:149} INFO - [2024-10-13T14:21:57.360+0000] {dagbag.py:541} INFO - Filling up the DagBag from /home/airflow/.local/lib/python3.7/site-packages/airflow/example_dags/example_sensor_decorator.py
[2024-10-13T14:21:57.366+0000] {processor.py:809} INFO - DAG(s) dict_keys(['example_sensor_decorator']) retrieved from /home/airflow/.local/lib/python3.7/site-packages/airflow/example_dags/example_sensor_decorator.py
[2024-10-13T14:21:57.398+0000] {logging_mixin.py:149} INFO - [2024-10-13T14:21:57.398+0000] {dag.py:2726} INFO - Sync 1 DAGs
[2024-10-13T14:21:57.430+0000] {logging_mixin.py:149} INFO - [2024-10-13T14:21:57.430+0000] {dag.py:3490} INFO - Setting next_dagrun for example_sensor_decorator to None, run_after=None
[2024-10-13T14:21:57.451+0000] {processor.py:178} INFO - Processing /home/airflow/.local/lib/python3.7/site-packages/airflow/example_dags/example_sensor_decorator.py took 0.095 seconds
[2024-10-13T14:22:27.807+0000] {processor.py:156} INFO - Started process (PID=514) to work on /home/airflow/.local/lib/python3.7/site-packages/airflow/example_dags/example_sensor_decorator.py
[2024-10-13T14:22:27.808+0000] {processor.py:799} INFO - Processing file /home/airflow/.local/lib/python3.7/site-packages/airflow/example_dags/example_sensor_decorator.py for tasks to queue
[2024-10-13T14:22:27.809+0000] {logging_mixin.py:149} INFO - [2024-10-13T14:22:27.809+0000] {dagbag.py:541} INFO - Filling up the DagBag from /home/airflow/.local/lib/python3.7/site-packages/airflow/example_dags/example_sensor_decorator.py
[2024-10-13T14:22:27.816+0000] {processor.py:809} INFO - DAG(s) dict_keys(['example_sensor_decorator']) retrieved from /home/airflow/.local/lib/python3.7/site-packages/airflow/example_dags/example_sensor_decorator.py
[2024-10-13T14:22:27.869+0000] {logging_mixin.py:149} INFO - [2024-10-13T14:22:27.869+0000] {dag.py:2726} INFO - Sync 1 DAGs
[2024-10-13T14:22:27.905+0000] {logging_mixin.py:149} INFO - [2024-10-13T14:22:27.905+0000] {dag.py:3490} INFO - Setting next_dagrun for example_sensor_decorator to None, run_after=None
[2024-10-13T14:22:27.927+0000] {processor.py:178} INFO - Processing /home/airflow/.local/lib/python3.7/site-packages/airflow/example_dags/example_sensor_decorator.py took 0.124 seconds
[2024-10-13T14:22:58.676+0000] {processor.py:156} INFO - Started process (PID=575) to work on /home/airflow/.local/lib/python3.7/site-packages/airflow/example_dags/example_sensor_decorator.py
[2024-10-13T14:22:58.677+0000] {processor.py:799} INFO - Processing file /home/airflow/.local/lib/python3.7/site-packages/airflow/example_dags/example_sensor_decorator.py for tasks to queue
[2024-10-13T14:22:58.677+0000] {logging_mixin.py:149} INFO - [2024-10-13T14:22:58.677+0000] {dagbag.py:541} INFO - Filling up the DagBag from /home/airflow/.local/lib/python3.7/site-packages/airflow/example_dags/example_sensor_decorator.py
[2024-10-13T14:22:58.683+0000] {processor.py:809} INFO - DAG(s) dict_keys(['example_sensor_decorator']) retrieved from /home/airflow/.local/lib/python3.7/site-packages/airflow/example_dags/example_sensor_decorator.py
[2024-10-13T14:22:58.708+0000] {logging_mixin.py:149} INFO - [2024-10-13T14:22:58.708+0000] {dag.py:2726} INFO - Sync 1 DAGs
[2024-10-13T14:22:58.736+0000] {logging_mixin.py:149} INFO - [2024-10-13T14:22:58.736+0000] {dag.py:3490} INFO - Setting next_dagrun for example_sensor_decorator to None, run_after=None
[2024-10-13T14:22:58.757+0000] {processor.py:178} INFO - Processing /home/airflow/.local/lib/python3.7/site-packages/airflow/example_dags/example_sensor_decorator.py took 0.085 seconds
[2024-10-13T14:23:29.804+0000] {processor.py:156} INFO - Started process (PID=636) to work on /home/airflow/.local/lib/python3.7/site-packages/airflow/example_dags/example_sensor_decorator.py
[2024-10-13T14:23:29.805+0000] {processor.py:799} INFO - Processing file /home/airflow/.local/lib/python3.7/site-packages/airflow/example_dags/example_sensor_decorator.py for tasks to queue
[2024-10-13T14:23:29.805+0000] {logging_mixin.py:149} INFO - [2024-10-13T14:23:29.805+0000] {dagbag.py:541} INFO - Filling up the DagBag from /home/airflow/.local/lib/python3.7/site-packages/airflow/example_dags/example_sensor_decorator.py
[2024-10-13T14:23:29.812+0000] {processor.py:809} INFO - DAG(s) dict_keys(['example_sensor_decorator']) retrieved from /home/airflow/.local/lib/python3.7/site-packages/airflow/example_dags/example_sensor_decorator.py
[2024-10-13T14:23:29.839+0000] {logging_mixin.py:149} INFO - [2024-10-13T14:23:29.839+0000] {dag.py:2726} INFO - Sync 1 DAGs
[2024-10-13T14:23:29.869+0000] {logging_mixin.py:149} INFO - [2024-10-13T14:23:29.869+0000] {dag.py:3490} INFO - Setting next_dagrun for example_sensor_decorator to None, run_after=None
[2024-10-13T14:23:29.891+0000] {processor.py:178} INFO - Processing /home/airflow/.local/lib/python3.7/site-packages/airflow/example_dags/example_sensor_decorator.py took 0.090 seconds
