[2024-10-13T09:27:12.330+0000] {processor.py:156} INFO - Started process (PID=74) to work on /home/airflow/.local/lib/python3.7/site-packages/airflow/example_dags/example_params_ui_tutorial.py
[2024-10-13T09:27:12.331+0000] {processor.py:799} INFO - Processing file /home/airflow/.local/lib/python3.7/site-packages/airflow/example_dags/example_params_ui_tutorial.py for tasks to queue
[2024-10-13T09:27:12.332+0000] {logging_mixin.py:149} INFO - [2024-10-13T09:27:12.332+0000] {dagbag.py:541} INFO - Filling up the DagBag from /home/airflow/.local/lib/python3.7/site-packages/airflow/example_dags/example_params_ui_tutorial.py
[2024-10-13T09:27:12.419+0000] {processor.py:809} INFO - DAG(s) dict_keys(['example_params_ui_tutorial']) retrieved from /home/airflow/.local/lib/python3.7/site-packages/airflow/example_dags/example_params_ui_tutorial.py
[2024-10-13T09:27:12.676+0000] {logging_mixin.py:149} INFO - [2024-10-13T09:27:12.675+0000] {manager.py:504} INFO - Created Permission View: can edit on DAG:example_params_ui_tutorial
[2024-10-13T09:27:12.691+0000] {logging_mixin.py:149} INFO - [2024-10-13T09:27:12.691+0000] {manager.py:504} INFO - Created Permission View: can read on DAG:example_params_ui_tutorial
[2024-10-13T09:27:12.702+0000] {logging_mixin.py:149} INFO - [2024-10-13T09:27:12.702+0000] {manager.py:504} INFO - Created Permission View: can delete on DAG:example_params_ui_tutorial
[2024-10-13T09:27:12.703+0000] {logging_mixin.py:149} INFO - [2024-10-13T09:27:12.703+0000] {dag.py:2726} INFO - Sync 1 DAGs
[2024-10-13T09:27:12.726+0000] {logging_mixin.py:149} INFO - [2024-10-13T09:27:12.725+0000] {dag.py:2747} INFO - Creating ORM DAG for example_params_ui_tutorial
[2024-10-13T09:27:12.745+0000] {logging_mixin.py:149} INFO - [2024-10-13T09:27:12.745+0000] {dag.py:3490} INFO - Setting next_dagrun for example_params_ui_tutorial to None, run_after=None
[2024-10-13T09:27:12.775+0000] {processor.py:178} INFO - Processing /home/airflow/.local/lib/python3.7/site-packages/airflow/example_dags/example_params_ui_tutorial.py took 0.449 seconds
[2024-10-13T09:27:43.370+0000] {processor.py:156} INFO - Started process (PID=135) to work on /home/airflow/.local/lib/python3.7/site-packages/airflow/example_dags/example_params_ui_tutorial.py
[2024-10-13T09:27:43.371+0000] {processor.py:799} INFO - Processing file /home/airflow/.local/lib/python3.7/site-packages/airflow/example_dags/example_params_ui_tutorial.py for tasks to queue
[2024-10-13T09:27:43.372+0000] {logging_mixin.py:149} INFO - [2024-10-13T09:27:43.372+0000] {dagbag.py:541} INFO - Filling up the DagBag from /home/airflow/.local/lib/python3.7/site-packages/airflow/example_dags/example_params_ui_tutorial.py
[2024-10-13T09:27:43.417+0000] {processor.py:809} INFO - DAG(s) dict_keys(['example_params_ui_tutorial']) retrieved from /home/airflow/.local/lib/python3.7/site-packages/airflow/example_dags/example_params_ui_tutorial.py
[2024-10-13T09:27:43.486+0000] {logging_mixin.py:149} INFO - [2024-10-13T09:27:43.486+0000] {dag.py:2726} INFO - Sync 1 DAGs
[2024-10-13T09:27:43.515+0000] {logging_mixin.py:149} INFO - [2024-10-13T09:27:43.515+0000] {dag.py:3490} INFO - Setting next_dagrun for example_params_ui_tutorial to None, run_after=None
[2024-10-13T09:27:43.535+0000] {processor.py:178} INFO - Processing /home/airflow/.local/lib/python3.7/site-packages/airflow/example_dags/example_params_ui_tutorial.py took 0.168 seconds
[2024-10-13T09:28:13.837+0000] {processor.py:156} INFO - Started process (PID=196) to work on /home/airflow/.local/lib/python3.7/site-packages/airflow/example_dags/example_params_ui_tutorial.py
[2024-10-13T09:28:13.838+0000] {processor.py:799} INFO - Processing file /home/airflow/.local/lib/python3.7/site-packages/airflow/example_dags/example_params_ui_tutorial.py for tasks to queue
[2024-10-13T09:28:13.839+0000] {logging_mixin.py:149} INFO - [2024-10-13T09:28:13.838+0000] {dagbag.py:541} INFO - Filling up the DagBag from /home/airflow/.local/lib/python3.7/site-packages/airflow/example_dags/example_params_ui_tutorial.py
[2024-10-13T09:28:13.900+0000] {processor.py:809} INFO - DAG(s) dict_keys(['example_params_ui_tutorial']) retrieved from /home/airflow/.local/lib/python3.7/site-packages/airflow/example_dags/example_params_ui_tutorial.py
[2024-10-13T09:28:14.001+0000] {logging_mixin.py:149} INFO - [2024-10-13T09:28:14.001+0000] {dag.py:2726} INFO - Sync 1 DAGs
[2024-10-13T09:28:14.035+0000] {logging_mixin.py:149} INFO - [2024-10-13T09:28:14.035+0000] {dag.py:3490} INFO - Setting next_dagrun for example_params_ui_tutorial to None, run_after=None
[2024-10-13T09:28:14.059+0000] {processor.py:178} INFO - Processing /home/airflow/.local/lib/python3.7/site-packages/airflow/example_dags/example_params_ui_tutorial.py took 0.228 seconds
[2024-10-13T09:28:44.171+0000] {processor.py:156} INFO - Started process (PID=257) to work on /home/airflow/.local/lib/python3.7/site-packages/airflow/example_dags/example_params_ui_tutorial.py
[2024-10-13T09:28:44.172+0000] {processor.py:799} INFO - Processing file /home/airflow/.local/lib/python3.7/site-packages/airflow/example_dags/example_params_ui_tutorial.py for tasks to queue
[2024-10-13T09:28:44.173+0000] {logging_mixin.py:149} INFO - [2024-10-13T09:28:44.173+0000] {dagbag.py:541} INFO - Filling up the DagBag from /home/airflow/.local/lib/python3.7/site-packages/airflow/example_dags/example_params_ui_tutorial.py
[2024-10-13T09:28:44.228+0000] {processor.py:809} INFO - DAG(s) dict_keys(['example_params_ui_tutorial']) retrieved from /home/airflow/.local/lib/python3.7/site-packages/airflow/example_dags/example_params_ui_tutorial.py
[2024-10-13T09:28:44.307+0000] {logging_mixin.py:149} INFO - [2024-10-13T09:28:44.306+0000] {dag.py:2726} INFO - Sync 1 DAGs
[2024-10-13T09:28:44.339+0000] {logging_mixin.py:149} INFO - [2024-10-13T09:28:44.339+0000] {dag.py:3490} INFO - Setting next_dagrun for example_params_ui_tutorial to None, run_after=None
[2024-10-13T09:28:44.359+0000] {processor.py:178} INFO - Processing /home/airflow/.local/lib/python3.7/site-packages/airflow/example_dags/example_params_ui_tutorial.py took 0.192 seconds
[2024-10-13T09:29:14.452+0000] {processor.py:156} INFO - Started process (PID=318) to work on /home/airflow/.local/lib/python3.7/site-packages/airflow/example_dags/example_params_ui_tutorial.py
[2024-10-13T09:29:14.453+0000] {processor.py:799} INFO - Processing file /home/airflow/.local/lib/python3.7/site-packages/airflow/example_dags/example_params_ui_tutorial.py for tasks to queue
[2024-10-13T09:29:14.454+0000] {logging_mixin.py:149} INFO - [2024-10-13T09:29:14.454+0000] {dagbag.py:541} INFO - Filling up the DagBag from /home/airflow/.local/lib/python3.7/site-packages/airflow/example_dags/example_params_ui_tutorial.py
[2024-10-13T09:29:14.509+0000] {processor.py:809} INFO - DAG(s) dict_keys(['example_params_ui_tutorial']) retrieved from /home/airflow/.local/lib/python3.7/site-packages/airflow/example_dags/example_params_ui_tutorial.py
[2024-10-13T09:29:14.599+0000] {logging_mixin.py:149} INFO - [2024-10-13T09:29:14.599+0000] {dag.py:2726} INFO - Sync 1 DAGs
[2024-10-13T09:29:14.649+0000] {logging_mixin.py:149} INFO - [2024-10-13T09:29:14.648+0000] {dag.py:3490} INFO - Setting next_dagrun for example_params_ui_tutorial to None, run_after=None
[2024-10-13T09:29:14.672+0000] {processor.py:178} INFO - Processing /home/airflow/.local/lib/python3.7/site-packages/airflow/example_dags/example_params_ui_tutorial.py took 0.224 seconds
[2024-10-13T09:29:45.132+0000] {processor.py:156} INFO - Started process (PID=379) to work on /home/airflow/.local/lib/python3.7/site-packages/airflow/example_dags/example_params_ui_tutorial.py
[2024-10-13T09:29:45.134+0000] {processor.py:799} INFO - Processing file /home/airflow/.local/lib/python3.7/site-packages/airflow/example_dags/example_params_ui_tutorial.py for tasks to queue
[2024-10-13T09:29:45.135+0000] {logging_mixin.py:149} INFO - [2024-10-13T09:29:45.135+0000] {dagbag.py:541} INFO - Filling up the DagBag from /home/airflow/.local/lib/python3.7/site-packages/airflow/example_dags/example_params_ui_tutorial.py
[2024-10-13T09:29:45.188+0000] {processor.py:809} INFO - DAG(s) dict_keys(['example_params_ui_tutorial']) retrieved from /home/airflow/.local/lib/python3.7/site-packages/airflow/example_dags/example_params_ui_tutorial.py
[2024-10-13T09:29:45.265+0000] {logging_mixin.py:149} INFO - [2024-10-13T09:29:45.265+0000] {dag.py:2726} INFO - Sync 1 DAGs
[2024-10-13T09:29:45.291+0000] {logging_mixin.py:149} INFO - [2024-10-13T09:29:45.291+0000] {dag.py:3490} INFO - Setting next_dagrun for example_params_ui_tutorial to None, run_after=None
[2024-10-13T09:29:45.310+0000] {processor.py:178} INFO - Processing /home/airflow/.local/lib/python3.7/site-packages/airflow/example_dags/example_params_ui_tutorial.py took 0.184 seconds
[2024-10-13T09:30:15.467+0000] {processor.py:156} INFO - Started process (PID=440) to work on /home/airflow/.local/lib/python3.7/site-packages/airflow/example_dags/example_params_ui_tutorial.py
[2024-10-13T09:30:15.468+0000] {processor.py:799} INFO - Processing file /home/airflow/.local/lib/python3.7/site-packages/airflow/example_dags/example_params_ui_tutorial.py for tasks to queue
[2024-10-13T09:30:15.469+0000] {logging_mixin.py:149} INFO - [2024-10-13T09:30:15.469+0000] {dagbag.py:541} INFO - Filling up the DagBag from /home/airflow/.local/lib/python3.7/site-packages/airflow/example_dags/example_params_ui_tutorial.py
[2024-10-13T09:30:15.562+0000] {processor.py:809} INFO - DAG(s) dict_keys(['example_params_ui_tutorial']) retrieved from /home/airflow/.local/lib/python3.7/site-packages/airflow/example_dags/example_params_ui_tutorial.py
[2024-10-13T09:30:15.666+0000] {logging_mixin.py:149} INFO - [2024-10-13T09:30:15.665+0000] {dag.py:2726} INFO - Sync 1 DAGs
[2024-10-13T09:30:15.707+0000] {logging_mixin.py:149} INFO - [2024-10-13T09:30:15.707+0000] {dag.py:3490} INFO - Setting next_dagrun for example_params_ui_tutorial to None, run_after=None
[2024-10-13T09:30:15.740+0000] {processor.py:178} INFO - Processing /home/airflow/.local/lib/python3.7/site-packages/airflow/example_dags/example_params_ui_tutorial.py took 0.280 seconds
[2024-10-13T09:30:45.901+0000] {processor.py:156} INFO - Started process (PID=501) to work on /home/airflow/.local/lib/python3.7/site-packages/airflow/example_dags/example_params_ui_tutorial.py
[2024-10-13T09:30:45.902+0000] {processor.py:799} INFO - Processing file /home/airflow/.local/lib/python3.7/site-packages/airflow/example_dags/example_params_ui_tutorial.py for tasks to queue
[2024-10-13T09:30:45.903+0000] {logging_mixin.py:149} INFO - [2024-10-13T09:30:45.903+0000] {dagbag.py:541} INFO - Filling up the DagBag from /home/airflow/.local/lib/python3.7/site-packages/airflow/example_dags/example_params_ui_tutorial.py
[2024-10-13T09:30:45.978+0000] {processor.py:809} INFO - DAG(s) dict_keys(['example_params_ui_tutorial']) retrieved from /home/airflow/.local/lib/python3.7/site-packages/airflow/example_dags/example_params_ui_tutorial.py
[2024-10-13T09:30:46.093+0000] {logging_mixin.py:149} INFO - [2024-10-13T09:30:46.092+0000] {dag.py:2726} INFO - Sync 1 DAGs
[2024-10-13T09:30:46.123+0000] {logging_mixin.py:149} INFO - [2024-10-13T09:30:46.123+0000] {dag.py:3490} INFO - Setting next_dagrun for example_params_ui_tutorial to None, run_after=None
[2024-10-13T09:30:46.157+0000] {processor.py:178} INFO - Processing /home/airflow/.local/lib/python3.7/site-packages/airflow/example_dags/example_params_ui_tutorial.py took 0.261 seconds
[2024-10-13T09:31:16.611+0000] {processor.py:156} INFO - Started process (PID=562) to work on /home/airflow/.local/lib/python3.7/site-packages/airflow/example_dags/example_params_ui_tutorial.py
[2024-10-13T09:31:16.612+0000] {processor.py:799} INFO - Processing file /home/airflow/.local/lib/python3.7/site-packages/airflow/example_dags/example_params_ui_tutorial.py for tasks to queue
[2024-10-13T09:31:16.612+0000] {logging_mixin.py:149} INFO - [2024-10-13T09:31:16.612+0000] {dagbag.py:541} INFO - Filling up the DagBag from /home/airflow/.local/lib/python3.7/site-packages/airflow/example_dags/example_params_ui_tutorial.py
[2024-10-13T09:31:16.680+0000] {processor.py:809} INFO - DAG(s) dict_keys(['example_params_ui_tutorial']) retrieved from /home/airflow/.local/lib/python3.7/site-packages/airflow/example_dags/example_params_ui_tutorial.py
[2024-10-13T09:31:16.788+0000] {logging_mixin.py:149} INFO - [2024-10-13T09:31:16.788+0000] {dag.py:2726} INFO - Sync 1 DAGs
[2024-10-13T09:31:16.825+0000] {logging_mixin.py:149} INFO - [2024-10-13T09:31:16.825+0000] {dag.py:3490} INFO - Setting next_dagrun for example_params_ui_tutorial to None, run_after=None
[2024-10-13T09:31:16.849+0000] {processor.py:178} INFO - Processing /home/airflow/.local/lib/python3.7/site-packages/airflow/example_dags/example_params_ui_tutorial.py took 0.243 seconds
[2024-10-13T09:31:46.924+0000] {processor.py:156} INFO - Started process (PID=624) to work on /home/airflow/.local/lib/python3.7/site-packages/airflow/example_dags/example_params_ui_tutorial.py
[2024-10-13T09:31:46.925+0000] {processor.py:799} INFO - Processing file /home/airflow/.local/lib/python3.7/site-packages/airflow/example_dags/example_params_ui_tutorial.py for tasks to queue
[2024-10-13T09:31:46.926+0000] {logging_mixin.py:149} INFO - [2024-10-13T09:31:46.926+0000] {dagbag.py:541} INFO - Filling up the DagBag from /home/airflow/.local/lib/python3.7/site-packages/airflow/example_dags/example_params_ui_tutorial.py
[2024-10-13T09:31:46.978+0000] {processor.py:809} INFO - DAG(s) dict_keys(['example_params_ui_tutorial']) retrieved from /home/airflow/.local/lib/python3.7/site-packages/airflow/example_dags/example_params_ui_tutorial.py
[2024-10-13T09:31:47.081+0000] {logging_mixin.py:149} INFO - [2024-10-13T09:31:47.081+0000] {dag.py:2726} INFO - Sync 1 DAGs
[2024-10-13T09:31:47.108+0000] {logging_mixin.py:149} INFO - [2024-10-13T09:31:47.108+0000] {dag.py:3490} INFO - Setting next_dagrun for example_params_ui_tutorial to None, run_after=None
[2024-10-13T09:31:47.128+0000] {processor.py:178} INFO - Processing /home/airflow/.local/lib/python3.7/site-packages/airflow/example_dags/example_params_ui_tutorial.py took 0.207 seconds
[2024-10-13T09:32:17.237+0000] {processor.py:156} INFO - Started process (PID=684) to work on /home/airflow/.local/lib/python3.7/site-packages/airflow/example_dags/example_params_ui_tutorial.py
[2024-10-13T09:32:17.238+0000] {processor.py:799} INFO - Processing file /home/airflow/.local/lib/python3.7/site-packages/airflow/example_dags/example_params_ui_tutorial.py for tasks to queue
[2024-10-13T09:32:17.238+0000] {logging_mixin.py:149} INFO - [2024-10-13T09:32:17.238+0000] {dagbag.py:541} INFO - Filling up the DagBag from /home/airflow/.local/lib/python3.7/site-packages/airflow/example_dags/example_params_ui_tutorial.py
[2024-10-13T09:32:17.285+0000] {processor.py:809} INFO - DAG(s) dict_keys(['example_params_ui_tutorial']) retrieved from /home/airflow/.local/lib/python3.7/site-packages/airflow/example_dags/example_params_ui_tutorial.py
[2024-10-13T09:32:17.359+0000] {logging_mixin.py:149} INFO - [2024-10-13T09:32:17.358+0000] {dag.py:2726} INFO - Sync 1 DAGs
[2024-10-13T09:32:17.388+0000] {logging_mixin.py:149} INFO - [2024-10-13T09:32:17.388+0000] {dag.py:3490} INFO - Setting next_dagrun for example_params_ui_tutorial to None, run_after=None
[2024-10-13T09:32:17.410+0000] {processor.py:178} INFO - Processing /home/airflow/.local/lib/python3.7/site-packages/airflow/example_dags/example_params_ui_tutorial.py took 0.177 seconds
[2024-10-13T09:32:47.593+0000] {processor.py:156} INFO - Started process (PID=745) to work on /home/airflow/.local/lib/python3.7/site-packages/airflow/example_dags/example_params_ui_tutorial.py
[2024-10-13T09:32:47.594+0000] {processor.py:799} INFO - Processing file /home/airflow/.local/lib/python3.7/site-packages/airflow/example_dags/example_params_ui_tutorial.py for tasks to queue
[2024-10-13T09:32:47.595+0000] {logging_mixin.py:149} INFO - [2024-10-13T09:32:47.595+0000] {dagbag.py:541} INFO - Filling up the DagBag from /home/airflow/.local/lib/python3.7/site-packages/airflow/example_dags/example_params_ui_tutorial.py
[2024-10-13T09:32:47.647+0000] {processor.py:809} INFO - DAG(s) dict_keys(['example_params_ui_tutorial']) retrieved from /home/airflow/.local/lib/python3.7/site-packages/airflow/example_dags/example_params_ui_tutorial.py
[2024-10-13T09:32:47.752+0000] {logging_mixin.py:149} INFO - [2024-10-13T09:32:47.752+0000] {dag.py:2726} INFO - Sync 1 DAGs
[2024-10-13T09:32:47.784+0000] {logging_mixin.py:149} INFO - [2024-10-13T09:32:47.784+0000] {dag.py:3490} INFO - Setting next_dagrun for example_params_ui_tutorial to None, run_after=None
[2024-10-13T09:32:47.807+0000] {processor.py:178} INFO - Processing /home/airflow/.local/lib/python3.7/site-packages/airflow/example_dags/example_params_ui_tutorial.py took 0.218 seconds
[2024-10-13T09:33:18.599+0000] {processor.py:156} INFO - Started process (PID=806) to work on /home/airflow/.local/lib/python3.7/site-packages/airflow/example_dags/example_params_ui_tutorial.py
[2024-10-13T09:33:18.599+0000] {processor.py:799} INFO - Processing file /home/airflow/.local/lib/python3.7/site-packages/airflow/example_dags/example_params_ui_tutorial.py for tasks to queue
[2024-10-13T09:33:18.600+0000] {logging_mixin.py:149} INFO - [2024-10-13T09:33:18.600+0000] {dagbag.py:541} INFO - Filling up the DagBag from /home/airflow/.local/lib/python3.7/site-packages/airflow/example_dags/example_params_ui_tutorial.py
[2024-10-13T09:33:18.668+0000] {processor.py:809} INFO - DAG(s) dict_keys(['example_params_ui_tutorial']) retrieved from /home/airflow/.local/lib/python3.7/site-packages/airflow/example_dags/example_params_ui_tutorial.py
[2024-10-13T09:33:18.759+0000] {logging_mixin.py:149} INFO - [2024-10-13T09:33:18.759+0000] {dag.py:2726} INFO - Sync 1 DAGs
[2024-10-13T09:33:18.808+0000] {logging_mixin.py:149} INFO - [2024-10-13T09:33:18.808+0000] {dag.py:3490} INFO - Setting next_dagrun for example_params_ui_tutorial to None, run_after=None
[2024-10-13T09:33:18.844+0000] {processor.py:178} INFO - Processing /home/airflow/.local/lib/python3.7/site-packages/airflow/example_dags/example_params_ui_tutorial.py took 0.250 seconds
[2024-10-13T09:33:49.278+0000] {processor.py:156} INFO - Started process (PID=868) to work on /home/airflow/.local/lib/python3.7/site-packages/airflow/example_dags/example_params_ui_tutorial.py
[2024-10-13T09:33:49.279+0000] {processor.py:799} INFO - Processing file /home/airflow/.local/lib/python3.7/site-packages/airflow/example_dags/example_params_ui_tutorial.py for tasks to queue
[2024-10-13T09:33:49.280+0000] {logging_mixin.py:149} INFO - [2024-10-13T09:33:49.280+0000] {dagbag.py:541} INFO - Filling up the DagBag from /home/airflow/.local/lib/python3.7/site-packages/airflow/example_dags/example_params_ui_tutorial.py
[2024-10-13T09:33:49.336+0000] {processor.py:809} INFO - DAG(s) dict_keys(['example_params_ui_tutorial']) retrieved from /home/airflow/.local/lib/python3.7/site-packages/airflow/example_dags/example_params_ui_tutorial.py
[2024-10-13T09:33:49.407+0000] {logging_mixin.py:149} INFO - [2024-10-13T09:33:49.407+0000] {dag.py:2726} INFO - Sync 1 DAGs
[2024-10-13T09:33:49.446+0000] {logging_mixin.py:149} INFO - [2024-10-13T09:33:49.446+0000] {dag.py:3490} INFO - Setting next_dagrun for example_params_ui_tutorial to None, run_after=None
[2024-10-13T09:33:49.467+0000] {processor.py:178} INFO - Processing /home/airflow/.local/lib/python3.7/site-packages/airflow/example_dags/example_params_ui_tutorial.py took 0.192 seconds
[2024-10-13T09:34:19.911+0000] {processor.py:156} INFO - Started process (PID=929) to work on /home/airflow/.local/lib/python3.7/site-packages/airflow/example_dags/example_params_ui_tutorial.py
[2024-10-13T09:34:19.912+0000] {processor.py:799} INFO - Processing file /home/airflow/.local/lib/python3.7/site-packages/airflow/example_dags/example_params_ui_tutorial.py for tasks to queue
[2024-10-13T09:34:19.912+0000] {logging_mixin.py:149} INFO - [2024-10-13T09:34:19.912+0000] {dagbag.py:541} INFO - Filling up the DagBag from /home/airflow/.local/lib/python3.7/site-packages/airflow/example_dags/example_params_ui_tutorial.py
[2024-10-13T09:34:19.972+0000] {processor.py:809} INFO - DAG(s) dict_keys(['example_params_ui_tutorial']) retrieved from /home/airflow/.local/lib/python3.7/site-packages/airflow/example_dags/example_params_ui_tutorial.py
[2024-10-13T09:34:20.043+0000] {logging_mixin.py:149} INFO - [2024-10-13T09:34:20.043+0000] {dag.py:2726} INFO - Sync 1 DAGs
[2024-10-13T09:34:20.085+0000] {logging_mixin.py:149} INFO - [2024-10-13T09:34:20.085+0000] {dag.py:3490} INFO - Setting next_dagrun for example_params_ui_tutorial to None, run_after=None
[2024-10-13T09:34:20.109+0000] {processor.py:178} INFO - Processing /home/airflow/.local/lib/python3.7/site-packages/airflow/example_dags/example_params_ui_tutorial.py took 0.203 seconds
[2024-10-13T09:34:50.317+0000] {processor.py:156} INFO - Started process (PID=990) to work on /home/airflow/.local/lib/python3.7/site-packages/airflow/example_dags/example_params_ui_tutorial.py
[2024-10-13T09:34:50.318+0000] {processor.py:799} INFO - Processing file /home/airflow/.local/lib/python3.7/site-packages/airflow/example_dags/example_params_ui_tutorial.py for tasks to queue
[2024-10-13T09:34:50.319+0000] {logging_mixin.py:149} INFO - [2024-10-13T09:34:50.318+0000] {dagbag.py:541} INFO - Filling up the DagBag from /home/airflow/.local/lib/python3.7/site-packages/airflow/example_dags/example_params_ui_tutorial.py
[2024-10-13T09:34:50.365+0000] {processor.py:809} INFO - DAG(s) dict_keys(['example_params_ui_tutorial']) retrieved from /home/airflow/.local/lib/python3.7/site-packages/airflow/example_dags/example_params_ui_tutorial.py
[2024-10-13T09:34:50.451+0000] {logging_mixin.py:149} INFO - [2024-10-13T09:34:50.451+0000] {dag.py:2726} INFO - Sync 1 DAGs
[2024-10-13T09:34:50.479+0000] {logging_mixin.py:149} INFO - [2024-10-13T09:34:50.479+0000] {dag.py:3490} INFO - Setting next_dagrun for example_params_ui_tutorial to None, run_after=None
[2024-10-13T09:34:50.512+0000] {processor.py:178} INFO - Processing /home/airflow/.local/lib/python3.7/site-packages/airflow/example_dags/example_params_ui_tutorial.py took 0.199 seconds
[2024-10-13T09:35:20.747+0000] {processor.py:156} INFO - Started process (PID=1060) to work on /home/airflow/.local/lib/python3.7/site-packages/airflow/example_dags/example_params_ui_tutorial.py
[2024-10-13T09:35:20.748+0000] {processor.py:799} INFO - Processing file /home/airflow/.local/lib/python3.7/site-packages/airflow/example_dags/example_params_ui_tutorial.py for tasks to queue
[2024-10-13T09:35:20.748+0000] {logging_mixin.py:149} INFO - [2024-10-13T09:35:20.748+0000] {dagbag.py:541} INFO - Filling up the DagBag from /home/airflow/.local/lib/python3.7/site-packages/airflow/example_dags/example_params_ui_tutorial.py
[2024-10-13T09:35:20.795+0000] {processor.py:809} INFO - DAG(s) dict_keys(['example_params_ui_tutorial']) retrieved from /home/airflow/.local/lib/python3.7/site-packages/airflow/example_dags/example_params_ui_tutorial.py
[2024-10-13T09:35:20.869+0000] {logging_mixin.py:149} INFO - [2024-10-13T09:35:20.869+0000] {dag.py:2726} INFO - Sync 1 DAGs
[2024-10-13T09:35:20.897+0000] {logging_mixin.py:149} INFO - [2024-10-13T09:35:20.897+0000] {dag.py:3490} INFO - Setting next_dagrun for example_params_ui_tutorial to None, run_after=None
[2024-10-13T09:35:20.920+0000] {processor.py:178} INFO - Processing /home/airflow/.local/lib/python3.7/site-packages/airflow/example_dags/example_params_ui_tutorial.py took 0.176 seconds
[2024-10-13T09:35:51.187+0000] {processor.py:156} INFO - Started process (PID=1121) to work on /home/airflow/.local/lib/python3.7/site-packages/airflow/example_dags/example_params_ui_tutorial.py
[2024-10-13T09:35:51.188+0000] {processor.py:799} INFO - Processing file /home/airflow/.local/lib/python3.7/site-packages/airflow/example_dags/example_params_ui_tutorial.py for tasks to queue
[2024-10-13T09:35:51.188+0000] {logging_mixin.py:149} INFO - [2024-10-13T09:35:51.188+0000] {dagbag.py:541} INFO - Filling up the DagBag from /home/airflow/.local/lib/python3.7/site-packages/airflow/example_dags/example_params_ui_tutorial.py
[2024-10-13T09:35:51.231+0000] {processor.py:809} INFO - DAG(s) dict_keys(['example_params_ui_tutorial']) retrieved from /home/airflow/.local/lib/python3.7/site-packages/airflow/example_dags/example_params_ui_tutorial.py
[2024-10-13T09:35:51.297+0000] {logging_mixin.py:149} INFO - [2024-10-13T09:35:51.297+0000] {dag.py:2726} INFO - Sync 1 DAGs
[2024-10-13T09:35:51.322+0000] {logging_mixin.py:149} INFO - [2024-10-13T09:35:51.322+0000] {dag.py:3490} INFO - Setting next_dagrun for example_params_ui_tutorial to None, run_after=None
[2024-10-13T09:35:51.349+0000] {processor.py:178} INFO - Processing /home/airflow/.local/lib/python3.7/site-packages/airflow/example_dags/example_params_ui_tutorial.py took 0.166 seconds
[2024-10-13T09:36:21.718+0000] {processor.py:156} INFO - Started process (PID=1183) to work on /home/airflow/.local/lib/python3.7/site-packages/airflow/example_dags/example_params_ui_tutorial.py
[2024-10-13T09:36:21.719+0000] {processor.py:799} INFO - Processing file /home/airflow/.local/lib/python3.7/site-packages/airflow/example_dags/example_params_ui_tutorial.py for tasks to queue
[2024-10-13T09:36:21.720+0000] {logging_mixin.py:149} INFO - [2024-10-13T09:36:21.720+0000] {dagbag.py:541} INFO - Filling up the DagBag from /home/airflow/.local/lib/python3.7/site-packages/airflow/example_dags/example_params_ui_tutorial.py
[2024-10-13T09:36:21.775+0000] {processor.py:809} INFO - DAG(s) dict_keys(['example_params_ui_tutorial']) retrieved from /home/airflow/.local/lib/python3.7/site-packages/airflow/example_dags/example_params_ui_tutorial.py
[2024-10-13T09:36:21.876+0000] {logging_mixin.py:149} INFO - [2024-10-13T09:36:21.876+0000] {dag.py:2726} INFO - Sync 1 DAGs
[2024-10-13T09:36:21.912+0000] {logging_mixin.py:149} INFO - [2024-10-13T09:36:21.912+0000] {dag.py:3490} INFO - Setting next_dagrun for example_params_ui_tutorial to None, run_after=None
[2024-10-13T09:36:21.936+0000] {processor.py:178} INFO - Processing /home/airflow/.local/lib/python3.7/site-packages/airflow/example_dags/example_params_ui_tutorial.py took 0.224 seconds
[2024-10-13T09:36:52.035+0000] {processor.py:156} INFO - Started process (PID=1244) to work on /home/airflow/.local/lib/python3.7/site-packages/airflow/example_dags/example_params_ui_tutorial.py
[2024-10-13T09:36:52.035+0000] {processor.py:799} INFO - Processing file /home/airflow/.local/lib/python3.7/site-packages/airflow/example_dags/example_params_ui_tutorial.py for tasks to queue
[2024-10-13T09:36:52.036+0000] {logging_mixin.py:149} INFO - [2024-10-13T09:36:52.036+0000] {dagbag.py:541} INFO - Filling up the DagBag from /home/airflow/.local/lib/python3.7/site-packages/airflow/example_dags/example_params_ui_tutorial.py
[2024-10-13T09:36:52.082+0000] {processor.py:809} INFO - DAG(s) dict_keys(['example_params_ui_tutorial']) retrieved from /home/airflow/.local/lib/python3.7/site-packages/airflow/example_dags/example_params_ui_tutorial.py
[2024-10-13T09:36:52.163+0000] {logging_mixin.py:149} INFO - [2024-10-13T09:36:52.163+0000] {dag.py:2726} INFO - Sync 1 DAGs
[2024-10-13T09:36:52.191+0000] {logging_mixin.py:149} INFO - [2024-10-13T09:36:52.191+0000] {dag.py:3490} INFO - Setting next_dagrun for example_params_ui_tutorial to None, run_after=None
[2024-10-13T09:36:52.209+0000] {processor.py:178} INFO - Processing /home/airflow/.local/lib/python3.7/site-packages/airflow/example_dags/example_params_ui_tutorial.py took 0.178 seconds
[2024-10-13T09:37:22.428+0000] {processor.py:156} INFO - Started process (PID=1307) to work on /home/airflow/.local/lib/python3.7/site-packages/airflow/example_dags/example_params_ui_tutorial.py
[2024-10-13T09:37:22.429+0000] {processor.py:799} INFO - Processing file /home/airflow/.local/lib/python3.7/site-packages/airflow/example_dags/example_params_ui_tutorial.py for tasks to queue
[2024-10-13T09:37:22.430+0000] {logging_mixin.py:149} INFO - [2024-10-13T09:37:22.430+0000] {dagbag.py:541} INFO - Filling up the DagBag from /home/airflow/.local/lib/python3.7/site-packages/airflow/example_dags/example_params_ui_tutorial.py
[2024-10-13T09:37:22.492+0000] {processor.py:809} INFO - DAG(s) dict_keys(['example_params_ui_tutorial']) retrieved from /home/airflow/.local/lib/python3.7/site-packages/airflow/example_dags/example_params_ui_tutorial.py
[2024-10-13T09:37:22.595+0000] {logging_mixin.py:149} INFO - [2024-10-13T09:37:22.595+0000] {dag.py:2726} INFO - Sync 1 DAGs
[2024-10-13T09:37:22.626+0000] {logging_mixin.py:149} INFO - [2024-10-13T09:37:22.626+0000] {dag.py:3490} INFO - Setting next_dagrun for example_params_ui_tutorial to None, run_after=None
[2024-10-13T09:37:22.650+0000] {processor.py:178} INFO - Processing /home/airflow/.local/lib/python3.7/site-packages/airflow/example_dags/example_params_ui_tutorial.py took 0.228 seconds
[2024-10-13T09:37:52.782+0000] {processor.py:156} INFO - Started process (PID=1366) to work on /home/airflow/.local/lib/python3.7/site-packages/airflow/example_dags/example_params_ui_tutorial.py
[2024-10-13T09:37:52.783+0000] {processor.py:799} INFO - Processing file /home/airflow/.local/lib/python3.7/site-packages/airflow/example_dags/example_params_ui_tutorial.py for tasks to queue
[2024-10-13T09:37:52.784+0000] {logging_mixin.py:149} INFO - [2024-10-13T09:37:52.784+0000] {dagbag.py:541} INFO - Filling up the DagBag from /home/airflow/.local/lib/python3.7/site-packages/airflow/example_dags/example_params_ui_tutorial.py
[2024-10-13T09:37:52.829+0000] {processor.py:809} INFO - DAG(s) dict_keys(['example_params_ui_tutorial']) retrieved from /home/airflow/.local/lib/python3.7/site-packages/airflow/example_dags/example_params_ui_tutorial.py
[2024-10-13T09:37:52.899+0000] {logging_mixin.py:149} INFO - [2024-10-13T09:37:52.899+0000] {dag.py:2726} INFO - Sync 1 DAGs
[2024-10-13T09:37:52.927+0000] {logging_mixin.py:149} INFO - [2024-10-13T09:37:52.927+0000] {dag.py:3490} INFO - Setting next_dagrun for example_params_ui_tutorial to None, run_after=None
[2024-10-13T09:37:52.947+0000] {processor.py:178} INFO - Processing /home/airflow/.local/lib/python3.7/site-packages/airflow/example_dags/example_params_ui_tutorial.py took 0.168 seconds
[2024-10-13T09:38:23.586+0000] {processor.py:156} INFO - Started process (PID=1427) to work on /home/airflow/.local/lib/python3.7/site-packages/airflow/example_dags/example_params_ui_tutorial.py
[2024-10-13T09:38:23.587+0000] {processor.py:799} INFO - Processing file /home/airflow/.local/lib/python3.7/site-packages/airflow/example_dags/example_params_ui_tutorial.py for tasks to queue
[2024-10-13T09:38:23.588+0000] {logging_mixin.py:149} INFO - [2024-10-13T09:38:23.587+0000] {dagbag.py:541} INFO - Filling up the DagBag from /home/airflow/.local/lib/python3.7/site-packages/airflow/example_dags/example_params_ui_tutorial.py
[2024-10-13T09:38:23.633+0000] {processor.py:809} INFO - DAG(s) dict_keys(['example_params_ui_tutorial']) retrieved from /home/airflow/.local/lib/python3.7/site-packages/airflow/example_dags/example_params_ui_tutorial.py
[2024-10-13T09:38:23.706+0000] {logging_mixin.py:149} INFO - [2024-10-13T09:38:23.705+0000] {dag.py:2726} INFO - Sync 1 DAGs
[2024-10-13T09:38:23.731+0000] {logging_mixin.py:149} INFO - [2024-10-13T09:38:23.731+0000] {dag.py:3490} INFO - Setting next_dagrun for example_params_ui_tutorial to None, run_after=None
[2024-10-13T09:38:23.751+0000] {processor.py:178} INFO - Processing /home/airflow/.local/lib/python3.7/site-packages/airflow/example_dags/example_params_ui_tutorial.py took 0.168 seconds
[2024-10-13T09:38:54.220+0000] {processor.py:156} INFO - Started process (PID=1488) to work on /home/airflow/.local/lib/python3.7/site-packages/airflow/example_dags/example_params_ui_tutorial.py
[2024-10-13T09:38:54.221+0000] {processor.py:799} INFO - Processing file /home/airflow/.local/lib/python3.7/site-packages/airflow/example_dags/example_params_ui_tutorial.py for tasks to queue
[2024-10-13T09:38:54.222+0000] {logging_mixin.py:149} INFO - [2024-10-13T09:38:54.222+0000] {dagbag.py:541} INFO - Filling up the DagBag from /home/airflow/.local/lib/python3.7/site-packages/airflow/example_dags/example_params_ui_tutorial.py
[2024-10-13T09:38:54.278+0000] {processor.py:809} INFO - DAG(s) dict_keys(['example_params_ui_tutorial']) retrieved from /home/airflow/.local/lib/python3.7/site-packages/airflow/example_dags/example_params_ui_tutorial.py
[2024-10-13T09:38:54.352+0000] {logging_mixin.py:149} INFO - [2024-10-13T09:38:54.352+0000] {dag.py:2726} INFO - Sync 1 DAGs
[2024-10-13T09:38:54.378+0000] {logging_mixin.py:149} INFO - [2024-10-13T09:38:54.378+0000] {dag.py:3490} INFO - Setting next_dagrun for example_params_ui_tutorial to None, run_after=None
[2024-10-13T09:38:54.395+0000] {processor.py:178} INFO - Processing /home/airflow/.local/lib/python3.7/site-packages/airflow/example_dags/example_params_ui_tutorial.py took 0.179 seconds
[2024-10-13T09:39:24.886+0000] {processor.py:156} INFO - Started process (PID=1549) to work on /home/airflow/.local/lib/python3.7/site-packages/airflow/example_dags/example_params_ui_tutorial.py
[2024-10-13T09:39:24.887+0000] {processor.py:799} INFO - Processing file /home/airflow/.local/lib/python3.7/site-packages/airflow/example_dags/example_params_ui_tutorial.py for tasks to queue
[2024-10-13T09:39:24.887+0000] {logging_mixin.py:149} INFO - [2024-10-13T09:39:24.887+0000] {dagbag.py:541} INFO - Filling up the DagBag from /home/airflow/.local/lib/python3.7/site-packages/airflow/example_dags/example_params_ui_tutorial.py
[2024-10-13T09:39:24.930+0000] {processor.py:809} INFO - DAG(s) dict_keys(['example_params_ui_tutorial']) retrieved from /home/airflow/.local/lib/python3.7/site-packages/airflow/example_dags/example_params_ui_tutorial.py
[2024-10-13T09:39:24.997+0000] {logging_mixin.py:149} INFO - [2024-10-13T09:39:24.997+0000] {dag.py:2726} INFO - Sync 1 DAGs
[2024-10-13T09:39:25.024+0000] {logging_mixin.py:149} INFO - [2024-10-13T09:39:25.024+0000] {dag.py:3490} INFO - Setting next_dagrun for example_params_ui_tutorial to None, run_after=None
[2024-10-13T09:39:25.044+0000] {processor.py:178} INFO - Processing /home/airflow/.local/lib/python3.7/site-packages/airflow/example_dags/example_params_ui_tutorial.py took 0.162 seconds
[2024-10-13T09:39:55.258+0000] {processor.py:156} INFO - Started process (PID=1611) to work on /home/airflow/.local/lib/python3.7/site-packages/airflow/example_dags/example_params_ui_tutorial.py
[2024-10-13T09:39:55.259+0000] {processor.py:799} INFO - Processing file /home/airflow/.local/lib/python3.7/site-packages/airflow/example_dags/example_params_ui_tutorial.py for tasks to queue
[2024-10-13T09:39:55.259+0000] {logging_mixin.py:149} INFO - [2024-10-13T09:39:55.259+0000] {dagbag.py:541} INFO - Filling up the DagBag from /home/airflow/.local/lib/python3.7/site-packages/airflow/example_dags/example_params_ui_tutorial.py
[2024-10-13T09:39:55.306+0000] {processor.py:809} INFO - DAG(s) dict_keys(['example_params_ui_tutorial']) retrieved from /home/airflow/.local/lib/python3.7/site-packages/airflow/example_dags/example_params_ui_tutorial.py
[2024-10-13T09:39:55.378+0000] {logging_mixin.py:149} INFO - [2024-10-13T09:39:55.377+0000] {dag.py:2726} INFO - Sync 1 DAGs
[2024-10-13T09:39:55.407+0000] {logging_mixin.py:149} INFO - [2024-10-13T09:39:55.406+0000] {dag.py:3490} INFO - Setting next_dagrun for example_params_ui_tutorial to None, run_after=None
[2024-10-13T09:39:55.425+0000] {processor.py:178} INFO - Processing /home/airflow/.local/lib/python3.7/site-packages/airflow/example_dags/example_params_ui_tutorial.py took 0.171 seconds
[2024-10-13T09:40:25.556+0000] {processor.py:156} INFO - Started process (PID=1672) to work on /home/airflow/.local/lib/python3.7/site-packages/airflow/example_dags/example_params_ui_tutorial.py
[2024-10-13T09:40:25.557+0000] {processor.py:799} INFO - Processing file /home/airflow/.local/lib/python3.7/site-packages/airflow/example_dags/example_params_ui_tutorial.py for tasks to queue
[2024-10-13T09:40:25.557+0000] {logging_mixin.py:149} INFO - [2024-10-13T09:40:25.557+0000] {dagbag.py:541} INFO - Filling up the DagBag from /home/airflow/.local/lib/python3.7/site-packages/airflow/example_dags/example_params_ui_tutorial.py
[2024-10-13T09:40:25.604+0000] {processor.py:809} INFO - DAG(s) dict_keys(['example_params_ui_tutorial']) retrieved from /home/airflow/.local/lib/python3.7/site-packages/airflow/example_dags/example_params_ui_tutorial.py
[2024-10-13T09:40:25.669+0000] {logging_mixin.py:149} INFO - [2024-10-13T09:40:25.669+0000] {dag.py:2726} INFO - Sync 1 DAGs
[2024-10-13T09:40:25.698+0000] {logging_mixin.py:149} INFO - [2024-10-13T09:40:25.698+0000] {dag.py:3490} INFO - Setting next_dagrun for example_params_ui_tutorial to None, run_after=None
[2024-10-13T09:40:25.718+0000] {processor.py:178} INFO - Processing /home/airflow/.local/lib/python3.7/site-packages/airflow/example_dags/example_params_ui_tutorial.py took 0.166 seconds
[2024-10-13T09:40:55.918+0000] {processor.py:156} INFO - Started process (PID=1732) to work on /home/airflow/.local/lib/python3.7/site-packages/airflow/example_dags/example_params_ui_tutorial.py
[2024-10-13T09:40:55.919+0000] {processor.py:799} INFO - Processing file /home/airflow/.local/lib/python3.7/site-packages/airflow/example_dags/example_params_ui_tutorial.py for tasks to queue
[2024-10-13T09:40:55.920+0000] {logging_mixin.py:149} INFO - [2024-10-13T09:40:55.920+0000] {dagbag.py:541} INFO - Filling up the DagBag from /home/airflow/.local/lib/python3.7/site-packages/airflow/example_dags/example_params_ui_tutorial.py
[2024-10-13T09:40:55.964+0000] {processor.py:809} INFO - DAG(s) dict_keys(['example_params_ui_tutorial']) retrieved from /home/airflow/.local/lib/python3.7/site-packages/airflow/example_dags/example_params_ui_tutorial.py
[2024-10-13T09:40:56.033+0000] {logging_mixin.py:149} INFO - [2024-10-13T09:40:56.032+0000] {dag.py:2726} INFO - Sync 1 DAGs
[2024-10-13T09:40:56.059+0000] {logging_mixin.py:149} INFO - [2024-10-13T09:40:56.059+0000] {dag.py:3490} INFO - Setting next_dagrun for example_params_ui_tutorial to None, run_after=None
[2024-10-13T09:40:56.078+0000] {processor.py:178} INFO - Processing /home/airflow/.local/lib/python3.7/site-packages/airflow/example_dags/example_params_ui_tutorial.py took 0.164 seconds
[2024-10-13T09:41:26.324+0000] {processor.py:156} INFO - Started process (PID=1793) to work on /home/airflow/.local/lib/python3.7/site-packages/airflow/example_dags/example_params_ui_tutorial.py
[2024-10-13T09:41:26.325+0000] {processor.py:799} INFO - Processing file /home/airflow/.local/lib/python3.7/site-packages/airflow/example_dags/example_params_ui_tutorial.py for tasks to queue
[2024-10-13T09:41:26.325+0000] {logging_mixin.py:149} INFO - [2024-10-13T09:41:26.325+0000] {dagbag.py:541} INFO - Filling up the DagBag from /home/airflow/.local/lib/python3.7/site-packages/airflow/example_dags/example_params_ui_tutorial.py
[2024-10-13T09:41:26.369+0000] {processor.py:809} INFO - DAG(s) dict_keys(['example_params_ui_tutorial']) retrieved from /home/airflow/.local/lib/python3.7/site-packages/airflow/example_dags/example_params_ui_tutorial.py
[2024-10-13T09:41:26.442+0000] {logging_mixin.py:149} INFO - [2024-10-13T09:41:26.442+0000] {dag.py:2726} INFO - Sync 1 DAGs
[2024-10-13T09:41:26.472+0000] {logging_mixin.py:149} INFO - [2024-10-13T09:41:26.472+0000] {dag.py:3490} INFO - Setting next_dagrun for example_params_ui_tutorial to None, run_after=None
[2024-10-13T09:41:26.492+0000] {processor.py:178} INFO - Processing /home/airflow/.local/lib/python3.7/site-packages/airflow/example_dags/example_params_ui_tutorial.py took 0.172 seconds
[2024-10-13T09:41:57.046+0000] {processor.py:156} INFO - Started process (PID=1854) to work on /home/airflow/.local/lib/python3.7/site-packages/airflow/example_dags/example_params_ui_tutorial.py
[2024-10-13T09:41:57.046+0000] {processor.py:799} INFO - Processing file /home/airflow/.local/lib/python3.7/site-packages/airflow/example_dags/example_params_ui_tutorial.py for tasks to queue
[2024-10-13T09:41:57.047+0000] {logging_mixin.py:149} INFO - [2024-10-13T09:41:57.047+0000] {dagbag.py:541} INFO - Filling up the DagBag from /home/airflow/.local/lib/python3.7/site-packages/airflow/example_dags/example_params_ui_tutorial.py
[2024-10-13T09:41:57.095+0000] {processor.py:809} INFO - DAG(s) dict_keys(['example_params_ui_tutorial']) retrieved from /home/airflow/.local/lib/python3.7/site-packages/airflow/example_dags/example_params_ui_tutorial.py
[2024-10-13T09:41:57.167+0000] {logging_mixin.py:149} INFO - [2024-10-13T09:41:57.167+0000] {dag.py:2726} INFO - Sync 1 DAGs
[2024-10-13T09:41:57.194+0000] {logging_mixin.py:149} INFO - [2024-10-13T09:41:57.194+0000] {dag.py:3490} INFO - Setting next_dagrun for example_params_ui_tutorial to None, run_after=None
[2024-10-13T09:41:57.212+0000] {processor.py:178} INFO - Processing /home/airflow/.local/lib/python3.7/site-packages/airflow/example_dags/example_params_ui_tutorial.py took 0.170 seconds
[2024-10-13T09:42:27.515+0000] {processor.py:156} INFO - Started process (PID=1915) to work on /home/airflow/.local/lib/python3.7/site-packages/airflow/example_dags/example_params_ui_tutorial.py
[2024-10-13T09:42:27.516+0000] {processor.py:799} INFO - Processing file /home/airflow/.local/lib/python3.7/site-packages/airflow/example_dags/example_params_ui_tutorial.py for tasks to queue
[2024-10-13T09:42:27.517+0000] {logging_mixin.py:149} INFO - [2024-10-13T09:42:27.517+0000] {dagbag.py:541} INFO - Filling up the DagBag from /home/airflow/.local/lib/python3.7/site-packages/airflow/example_dags/example_params_ui_tutorial.py
[2024-10-13T09:42:27.561+0000] {processor.py:809} INFO - DAG(s) dict_keys(['example_params_ui_tutorial']) retrieved from /home/airflow/.local/lib/python3.7/site-packages/airflow/example_dags/example_params_ui_tutorial.py
[2024-10-13T09:42:27.635+0000] {logging_mixin.py:149} INFO - [2024-10-13T09:42:27.634+0000] {dag.py:2726} INFO - Sync 1 DAGs
[2024-10-13T09:42:27.659+0000] {logging_mixin.py:149} INFO - [2024-10-13T09:42:27.659+0000] {dag.py:3490} INFO - Setting next_dagrun for example_params_ui_tutorial to None, run_after=None
[2024-10-13T09:42:27.677+0000] {processor.py:178} INFO - Processing /home/airflow/.local/lib/python3.7/site-packages/airflow/example_dags/example_params_ui_tutorial.py took 0.165 seconds
[2024-10-13T09:42:57.707+0000] {processor.py:156} INFO - Started process (PID=1976) to work on /home/airflow/.local/lib/python3.7/site-packages/airflow/example_dags/example_params_ui_tutorial.py
[2024-10-13T09:42:57.708+0000] {processor.py:799} INFO - Processing file /home/airflow/.local/lib/python3.7/site-packages/airflow/example_dags/example_params_ui_tutorial.py for tasks to queue
[2024-10-13T09:42:57.708+0000] {logging_mixin.py:149} INFO - [2024-10-13T09:42:57.708+0000] {dagbag.py:541} INFO - Filling up the DagBag from /home/airflow/.local/lib/python3.7/site-packages/airflow/example_dags/example_params_ui_tutorial.py
[2024-10-13T09:42:57.760+0000] {processor.py:809} INFO - DAG(s) dict_keys(['example_params_ui_tutorial']) retrieved from /home/airflow/.local/lib/python3.7/site-packages/airflow/example_dags/example_params_ui_tutorial.py
[2024-10-13T09:42:57.838+0000] {logging_mixin.py:149} INFO - [2024-10-13T09:42:57.838+0000] {dag.py:2726} INFO - Sync 1 DAGs
[2024-10-13T09:42:57.871+0000] {logging_mixin.py:149} INFO - [2024-10-13T09:42:57.871+0000] {dag.py:3490} INFO - Setting next_dagrun for example_params_ui_tutorial to None, run_after=None
[2024-10-13T09:42:57.889+0000] {processor.py:178} INFO - Processing /home/airflow/.local/lib/python3.7/site-packages/airflow/example_dags/example_params_ui_tutorial.py took 0.186 seconds
[2024-10-13T09:43:27.935+0000] {processor.py:156} INFO - Started process (PID=2037) to work on /home/airflow/.local/lib/python3.7/site-packages/airflow/example_dags/example_params_ui_tutorial.py
[2024-10-13T09:43:27.936+0000] {processor.py:799} INFO - Processing file /home/airflow/.local/lib/python3.7/site-packages/airflow/example_dags/example_params_ui_tutorial.py for tasks to queue
[2024-10-13T09:43:27.937+0000] {logging_mixin.py:149} INFO - [2024-10-13T09:43:27.937+0000] {dagbag.py:541} INFO - Filling up the DagBag from /home/airflow/.local/lib/python3.7/site-packages/airflow/example_dags/example_params_ui_tutorial.py
[2024-10-13T09:43:27.982+0000] {processor.py:809} INFO - DAG(s) dict_keys(['example_params_ui_tutorial']) retrieved from /home/airflow/.local/lib/python3.7/site-packages/airflow/example_dags/example_params_ui_tutorial.py
[2024-10-13T09:43:28.051+0000] {logging_mixin.py:149} INFO - [2024-10-13T09:43:28.051+0000] {dag.py:2726} INFO - Sync 1 DAGs
[2024-10-13T09:43:28.079+0000] {logging_mixin.py:149} INFO - [2024-10-13T09:43:28.078+0000] {dag.py:3490} INFO - Setting next_dagrun for example_params_ui_tutorial to None, run_after=None
[2024-10-13T09:43:28.098+0000] {processor.py:178} INFO - Processing /home/airflow/.local/lib/python3.7/site-packages/airflow/example_dags/example_params_ui_tutorial.py took 0.166 seconds
[2024-10-13T09:43:58.258+0000] {processor.py:156} INFO - Started process (PID=2098) to work on /home/airflow/.local/lib/python3.7/site-packages/airflow/example_dags/example_params_ui_tutorial.py
[2024-10-13T09:43:58.259+0000] {processor.py:799} INFO - Processing file /home/airflow/.local/lib/python3.7/site-packages/airflow/example_dags/example_params_ui_tutorial.py for tasks to queue
[2024-10-13T09:43:58.260+0000] {logging_mixin.py:149} INFO - [2024-10-13T09:43:58.260+0000] {dagbag.py:541} INFO - Filling up the DagBag from /home/airflow/.local/lib/python3.7/site-packages/airflow/example_dags/example_params_ui_tutorial.py
[2024-10-13T09:43:58.306+0000] {processor.py:809} INFO - DAG(s) dict_keys(['example_params_ui_tutorial']) retrieved from /home/airflow/.local/lib/python3.7/site-packages/airflow/example_dags/example_params_ui_tutorial.py
[2024-10-13T09:43:58.372+0000] {logging_mixin.py:149} INFO - [2024-10-13T09:43:58.372+0000] {dag.py:2726} INFO - Sync 1 DAGs
[2024-10-13T09:43:58.398+0000] {logging_mixin.py:149} INFO - [2024-10-13T09:43:58.398+0000] {dag.py:3490} INFO - Setting next_dagrun for example_params_ui_tutorial to None, run_after=None
[2024-10-13T09:43:58.418+0000] {processor.py:178} INFO - Processing /home/airflow/.local/lib/python3.7/site-packages/airflow/example_dags/example_params_ui_tutorial.py took 0.163 seconds
[2024-10-13T09:44:28.728+0000] {processor.py:156} INFO - Started process (PID=2159) to work on /home/airflow/.local/lib/python3.7/site-packages/airflow/example_dags/example_params_ui_tutorial.py
[2024-10-13T09:44:28.729+0000] {processor.py:799} INFO - Processing file /home/airflow/.local/lib/python3.7/site-packages/airflow/example_dags/example_params_ui_tutorial.py for tasks to queue
[2024-10-13T09:44:28.730+0000] {logging_mixin.py:149} INFO - [2024-10-13T09:44:28.730+0000] {dagbag.py:541} INFO - Filling up the DagBag from /home/airflow/.local/lib/python3.7/site-packages/airflow/example_dags/example_params_ui_tutorial.py
[2024-10-13T09:44:28.773+0000] {processor.py:809} INFO - DAG(s) dict_keys(['example_params_ui_tutorial']) retrieved from /home/airflow/.local/lib/python3.7/site-packages/airflow/example_dags/example_params_ui_tutorial.py
[2024-10-13T09:44:28.840+0000] {logging_mixin.py:149} INFO - [2024-10-13T09:44:28.839+0000] {dag.py:2726} INFO - Sync 1 DAGs
[2024-10-13T09:44:28.865+0000] {logging_mixin.py:149} INFO - [2024-10-13T09:44:28.865+0000] {dag.py:3490} INFO - Setting next_dagrun for example_params_ui_tutorial to None, run_after=None
[2024-10-13T09:44:28.882+0000] {processor.py:178} INFO - Processing /home/airflow/.local/lib/python3.7/site-packages/airflow/example_dags/example_params_ui_tutorial.py took 0.157 seconds
[2024-10-13T09:44:59.063+0000] {processor.py:156} INFO - Started process (PID=2220) to work on /home/airflow/.local/lib/python3.7/site-packages/airflow/example_dags/example_params_ui_tutorial.py
[2024-10-13T09:44:59.064+0000] {processor.py:799} INFO - Processing file /home/airflow/.local/lib/python3.7/site-packages/airflow/example_dags/example_params_ui_tutorial.py for tasks to queue
[2024-10-13T09:44:59.064+0000] {logging_mixin.py:149} INFO - [2024-10-13T09:44:59.064+0000] {dagbag.py:541} INFO - Filling up the DagBag from /home/airflow/.local/lib/python3.7/site-packages/airflow/example_dags/example_params_ui_tutorial.py
[2024-10-13T09:44:59.115+0000] {processor.py:809} INFO - DAG(s) dict_keys(['example_params_ui_tutorial']) retrieved from /home/airflow/.local/lib/python3.7/site-packages/airflow/example_dags/example_params_ui_tutorial.py
[2024-10-13T09:44:59.184+0000] {logging_mixin.py:149} INFO - [2024-10-13T09:44:59.184+0000] {dag.py:2726} INFO - Sync 1 DAGs
[2024-10-13T09:44:59.209+0000] {logging_mixin.py:149} INFO - [2024-10-13T09:44:59.209+0000] {dag.py:3490} INFO - Setting next_dagrun for example_params_ui_tutorial to None, run_after=None
[2024-10-13T09:44:59.225+0000] {processor.py:178} INFO - Processing /home/airflow/.local/lib/python3.7/site-packages/airflow/example_dags/example_params_ui_tutorial.py took 0.166 seconds
[2024-10-13T09:45:29.515+0000] {processor.py:156} INFO - Started process (PID=2281) to work on /home/airflow/.local/lib/python3.7/site-packages/airflow/example_dags/example_params_ui_tutorial.py
[2024-10-13T09:45:29.516+0000] {processor.py:799} INFO - Processing file /home/airflow/.local/lib/python3.7/site-packages/airflow/example_dags/example_params_ui_tutorial.py for tasks to queue
[2024-10-13T09:45:29.516+0000] {logging_mixin.py:149} INFO - [2024-10-13T09:45:29.516+0000] {dagbag.py:541} INFO - Filling up the DagBag from /home/airflow/.local/lib/python3.7/site-packages/airflow/example_dags/example_params_ui_tutorial.py
[2024-10-13T09:45:29.559+0000] {processor.py:809} INFO - DAG(s) dict_keys(['example_params_ui_tutorial']) retrieved from /home/airflow/.local/lib/python3.7/site-packages/airflow/example_dags/example_params_ui_tutorial.py
[2024-10-13T09:45:29.628+0000] {logging_mixin.py:149} INFO - [2024-10-13T09:45:29.628+0000] {dag.py:2726} INFO - Sync 1 DAGs
[2024-10-13T09:45:29.656+0000] {logging_mixin.py:149} INFO - [2024-10-13T09:45:29.656+0000] {dag.py:3490} INFO - Setting next_dagrun for example_params_ui_tutorial to None, run_after=None
[2024-10-13T09:45:29.676+0000] {processor.py:178} INFO - Processing /home/airflow/.local/lib/python3.7/site-packages/airflow/example_dags/example_params_ui_tutorial.py took 0.165 seconds
[2024-10-13T09:45:59.741+0000] {processor.py:156} INFO - Started process (PID=2342) to work on /home/airflow/.local/lib/python3.7/site-packages/airflow/example_dags/example_params_ui_tutorial.py
[2024-10-13T09:45:59.742+0000] {processor.py:799} INFO - Processing file /home/airflow/.local/lib/python3.7/site-packages/airflow/example_dags/example_params_ui_tutorial.py for tasks to queue
[2024-10-13T09:45:59.743+0000] {logging_mixin.py:149} INFO - [2024-10-13T09:45:59.743+0000] {dagbag.py:541} INFO - Filling up the DagBag from /home/airflow/.local/lib/python3.7/site-packages/airflow/example_dags/example_params_ui_tutorial.py
[2024-10-13T09:45:59.786+0000] {processor.py:809} INFO - DAG(s) dict_keys(['example_params_ui_tutorial']) retrieved from /home/airflow/.local/lib/python3.7/site-packages/airflow/example_dags/example_params_ui_tutorial.py
[2024-10-13T09:45:59.853+0000] {logging_mixin.py:149} INFO - [2024-10-13T09:45:59.852+0000] {dag.py:2726} INFO - Sync 1 DAGs
[2024-10-13T09:45:59.878+0000] {logging_mixin.py:149} INFO - [2024-10-13T09:45:59.877+0000] {dag.py:3490} INFO - Setting next_dagrun for example_params_ui_tutorial to None, run_after=None
[2024-10-13T09:45:59.895+0000] {processor.py:178} INFO - Processing /home/airflow/.local/lib/python3.7/site-packages/airflow/example_dags/example_params_ui_tutorial.py took 0.157 seconds
[2024-10-13T09:46:30.155+0000] {processor.py:156} INFO - Started process (PID=2403) to work on /home/airflow/.local/lib/python3.7/site-packages/airflow/example_dags/example_params_ui_tutorial.py
[2024-10-13T09:46:30.156+0000] {processor.py:799} INFO - Processing file /home/airflow/.local/lib/python3.7/site-packages/airflow/example_dags/example_params_ui_tutorial.py for tasks to queue
[2024-10-13T09:46:30.157+0000] {logging_mixin.py:149} INFO - [2024-10-13T09:46:30.156+0000] {dagbag.py:541} INFO - Filling up the DagBag from /home/airflow/.local/lib/python3.7/site-packages/airflow/example_dags/example_params_ui_tutorial.py
[2024-10-13T09:46:30.198+0000] {processor.py:809} INFO - DAG(s) dict_keys(['example_params_ui_tutorial']) retrieved from /home/airflow/.local/lib/python3.7/site-packages/airflow/example_dags/example_params_ui_tutorial.py
[2024-10-13T09:46:30.269+0000] {logging_mixin.py:149} INFO - [2024-10-13T09:46:30.269+0000] {dag.py:2726} INFO - Sync 1 DAGs
[2024-10-13T09:46:30.296+0000] {logging_mixin.py:149} INFO - [2024-10-13T09:46:30.296+0000] {dag.py:3490} INFO - Setting next_dagrun for example_params_ui_tutorial to None, run_after=None
[2024-10-13T09:46:30.315+0000] {processor.py:178} INFO - Processing /home/airflow/.local/lib/python3.7/site-packages/airflow/example_dags/example_params_ui_tutorial.py took 0.162 seconds
[2024-10-13T09:47:00.659+0000] {processor.py:156} INFO - Started process (PID=2465) to work on /home/airflow/.local/lib/python3.7/site-packages/airflow/example_dags/example_params_ui_tutorial.py
[2024-10-13T09:47:00.660+0000] {processor.py:799} INFO - Processing file /home/airflow/.local/lib/python3.7/site-packages/airflow/example_dags/example_params_ui_tutorial.py for tasks to queue
[2024-10-13T09:47:00.661+0000] {logging_mixin.py:149} INFO - [2024-10-13T09:47:00.661+0000] {dagbag.py:541} INFO - Filling up the DagBag from /home/airflow/.local/lib/python3.7/site-packages/airflow/example_dags/example_params_ui_tutorial.py
[2024-10-13T09:47:00.703+0000] {processor.py:809} INFO - DAG(s) dict_keys(['example_params_ui_tutorial']) retrieved from /home/airflow/.local/lib/python3.7/site-packages/airflow/example_dags/example_params_ui_tutorial.py
[2024-10-13T09:47:00.773+0000] {logging_mixin.py:149} INFO - [2024-10-13T09:47:00.773+0000] {dag.py:2726} INFO - Sync 1 DAGs
[2024-10-13T09:47:00.803+0000] {logging_mixin.py:149} INFO - [2024-10-13T09:47:00.803+0000] {dag.py:3490} INFO - Setting next_dagrun for example_params_ui_tutorial to None, run_after=None
[2024-10-13T09:47:00.822+0000] {processor.py:178} INFO - Processing /home/airflow/.local/lib/python3.7/site-packages/airflow/example_dags/example_params_ui_tutorial.py took 0.166 seconds
[2024-10-13T09:47:31.238+0000] {processor.py:156} INFO - Started process (PID=2526) to work on /home/airflow/.local/lib/python3.7/site-packages/airflow/example_dags/example_params_ui_tutorial.py
[2024-10-13T09:47:31.239+0000] {processor.py:799} INFO - Processing file /home/airflow/.local/lib/python3.7/site-packages/airflow/example_dags/example_params_ui_tutorial.py for tasks to queue
[2024-10-13T09:47:31.239+0000] {logging_mixin.py:149} INFO - [2024-10-13T09:47:31.239+0000] {dagbag.py:541} INFO - Filling up the DagBag from /home/airflow/.local/lib/python3.7/site-packages/airflow/example_dags/example_params_ui_tutorial.py
[2024-10-13T09:47:31.295+0000] {processor.py:809} INFO - DAG(s) dict_keys(['example_params_ui_tutorial']) retrieved from /home/airflow/.local/lib/python3.7/site-packages/airflow/example_dags/example_params_ui_tutorial.py
[2024-10-13T09:47:31.399+0000] {logging_mixin.py:149} INFO - [2024-10-13T09:47:31.399+0000] {dag.py:2726} INFO - Sync 1 DAGs
[2024-10-13T09:47:31.426+0000] {logging_mixin.py:149} INFO - [2024-10-13T09:47:31.426+0000] {dag.py:3490} INFO - Setting next_dagrun for example_params_ui_tutorial to None, run_after=None
[2024-10-13T09:47:31.444+0000] {processor.py:178} INFO - Processing /home/airflow/.local/lib/python3.7/site-packages/airflow/example_dags/example_params_ui_tutorial.py took 0.210 seconds
[2024-10-13T09:48:01.917+0000] {processor.py:156} INFO - Started process (PID=2587) to work on /home/airflow/.local/lib/python3.7/site-packages/airflow/example_dags/example_params_ui_tutorial.py
[2024-10-13T09:48:01.918+0000] {processor.py:799} INFO - Processing file /home/airflow/.local/lib/python3.7/site-packages/airflow/example_dags/example_params_ui_tutorial.py for tasks to queue
[2024-10-13T09:48:01.919+0000] {logging_mixin.py:149} INFO - [2024-10-13T09:48:01.919+0000] {dagbag.py:541} INFO - Filling up the DagBag from /home/airflow/.local/lib/python3.7/site-packages/airflow/example_dags/example_params_ui_tutorial.py
[2024-10-13T09:48:01.974+0000] {processor.py:809} INFO - DAG(s) dict_keys(['example_params_ui_tutorial']) retrieved from /home/airflow/.local/lib/python3.7/site-packages/airflow/example_dags/example_params_ui_tutorial.py
[2024-10-13T09:48:02.080+0000] {logging_mixin.py:149} INFO - [2024-10-13T09:48:02.080+0000] {dag.py:2726} INFO - Sync 1 DAGs
[2024-10-13T09:48:02.106+0000] {logging_mixin.py:149} INFO - [2024-10-13T09:48:02.106+0000] {dag.py:3490} INFO - Setting next_dagrun for example_params_ui_tutorial to None, run_after=None
[2024-10-13T09:48:02.124+0000] {processor.py:178} INFO - Processing /home/airflow/.local/lib/python3.7/site-packages/airflow/example_dags/example_params_ui_tutorial.py took 0.210 seconds
[2024-10-13T09:48:32.143+0000] {processor.py:156} INFO - Started process (PID=2649) to work on /home/airflow/.local/lib/python3.7/site-packages/airflow/example_dags/example_params_ui_tutorial.py
[2024-10-13T09:48:32.144+0000] {processor.py:799} INFO - Processing file /home/airflow/.local/lib/python3.7/site-packages/airflow/example_dags/example_params_ui_tutorial.py for tasks to queue
[2024-10-13T09:48:32.144+0000] {logging_mixin.py:149} INFO - [2024-10-13T09:48:32.144+0000] {dagbag.py:541} INFO - Filling up the DagBag from /home/airflow/.local/lib/python3.7/site-packages/airflow/example_dags/example_params_ui_tutorial.py
[2024-10-13T09:48:32.186+0000] {processor.py:809} INFO - DAG(s) dict_keys(['example_params_ui_tutorial']) retrieved from /home/airflow/.local/lib/python3.7/site-packages/airflow/example_dags/example_params_ui_tutorial.py
[2024-10-13T09:48:32.248+0000] {logging_mixin.py:149} INFO - [2024-10-13T09:48:32.248+0000] {dag.py:2726} INFO - Sync 1 DAGs
[2024-10-13T09:48:32.273+0000] {logging_mixin.py:149} INFO - [2024-10-13T09:48:32.272+0000] {dag.py:3490} INFO - Setting next_dagrun for example_params_ui_tutorial to None, run_after=None
[2024-10-13T09:48:32.289+0000] {processor.py:178} INFO - Processing /home/airflow/.local/lib/python3.7/site-packages/airflow/example_dags/example_params_ui_tutorial.py took 0.149 seconds
[2024-10-13T09:49:02.376+0000] {processor.py:156} INFO - Started process (PID=2710) to work on /home/airflow/.local/lib/python3.7/site-packages/airflow/example_dags/example_params_ui_tutorial.py
[2024-10-13T09:49:02.377+0000] {processor.py:799} INFO - Processing file /home/airflow/.local/lib/python3.7/site-packages/airflow/example_dags/example_params_ui_tutorial.py for tasks to queue
[2024-10-13T09:49:02.377+0000] {logging_mixin.py:149} INFO - [2024-10-13T09:49:02.377+0000] {dagbag.py:541} INFO - Filling up the DagBag from /home/airflow/.local/lib/python3.7/site-packages/airflow/example_dags/example_params_ui_tutorial.py
[2024-10-13T09:49:02.429+0000] {processor.py:809} INFO - DAG(s) dict_keys(['example_params_ui_tutorial']) retrieved from /home/airflow/.local/lib/python3.7/site-packages/airflow/example_dags/example_params_ui_tutorial.py
[2024-10-13T09:49:02.513+0000] {logging_mixin.py:149} INFO - [2024-10-13T09:49:02.513+0000] {dag.py:2726} INFO - Sync 1 DAGs
[2024-10-13T09:49:02.551+0000] {logging_mixin.py:149} INFO - [2024-10-13T09:49:02.551+0000] {dag.py:3490} INFO - Setting next_dagrun for example_params_ui_tutorial to None, run_after=None
[2024-10-13T09:49:02.573+0000] {processor.py:178} INFO - Processing /home/airflow/.local/lib/python3.7/site-packages/airflow/example_dags/example_params_ui_tutorial.py took 0.201 seconds
[2024-10-13T09:49:32.829+0000] {processor.py:156} INFO - Started process (PID=2769) to work on /home/airflow/.local/lib/python3.7/site-packages/airflow/example_dags/example_params_ui_tutorial.py
[2024-10-13T09:49:32.830+0000] {processor.py:799} INFO - Processing file /home/airflow/.local/lib/python3.7/site-packages/airflow/example_dags/example_params_ui_tutorial.py for tasks to queue
[2024-10-13T09:49:32.830+0000] {logging_mixin.py:149} INFO - [2024-10-13T09:49:32.830+0000] {dagbag.py:541} INFO - Filling up the DagBag from /home/airflow/.local/lib/python3.7/site-packages/airflow/example_dags/example_params_ui_tutorial.py
[2024-10-13T09:49:32.889+0000] {processor.py:809} INFO - DAG(s) dict_keys(['example_params_ui_tutorial']) retrieved from /home/airflow/.local/lib/python3.7/site-packages/airflow/example_dags/example_params_ui_tutorial.py
[2024-10-13T09:49:32.984+0000] {logging_mixin.py:149} INFO - [2024-10-13T09:49:32.984+0000] {dag.py:2726} INFO - Sync 1 DAGs
[2024-10-13T09:49:33.010+0000] {logging_mixin.py:149} INFO - [2024-10-13T09:49:33.010+0000] {dag.py:3490} INFO - Setting next_dagrun for example_params_ui_tutorial to None, run_after=None
[2024-10-13T09:49:33.029+0000] {processor.py:178} INFO - Processing /home/airflow/.local/lib/python3.7/site-packages/airflow/example_dags/example_params_ui_tutorial.py took 0.204 seconds
[2024-10-13T09:50:03.104+0000] {processor.py:156} INFO - Started process (PID=2831) to work on /home/airflow/.local/lib/python3.7/site-packages/airflow/example_dags/example_params_ui_tutorial.py
[2024-10-13T09:50:03.104+0000] {processor.py:799} INFO - Processing file /home/airflow/.local/lib/python3.7/site-packages/airflow/example_dags/example_params_ui_tutorial.py for tasks to queue
[2024-10-13T09:50:03.105+0000] {logging_mixin.py:149} INFO - [2024-10-13T09:50:03.105+0000] {dagbag.py:541} INFO - Filling up the DagBag from /home/airflow/.local/lib/python3.7/site-packages/airflow/example_dags/example_params_ui_tutorial.py
[2024-10-13T09:50:03.152+0000] {processor.py:809} INFO - DAG(s) dict_keys(['example_params_ui_tutorial']) retrieved from /home/airflow/.local/lib/python3.7/site-packages/airflow/example_dags/example_params_ui_tutorial.py
[2024-10-13T09:50:03.220+0000] {logging_mixin.py:149} INFO - [2024-10-13T09:50:03.219+0000] {dag.py:2726} INFO - Sync 1 DAGs
[2024-10-13T09:50:03.245+0000] {logging_mixin.py:149} INFO - [2024-10-13T09:50:03.245+0000] {dag.py:3490} INFO - Setting next_dagrun for example_params_ui_tutorial to None, run_after=None
[2024-10-13T09:50:03.263+0000] {processor.py:178} INFO - Processing /home/airflow/.local/lib/python3.7/site-packages/airflow/example_dags/example_params_ui_tutorial.py took 0.162 seconds
[2024-10-13T09:50:33.326+0000] {processor.py:156} INFO - Started process (PID=2893) to work on /home/airflow/.local/lib/python3.7/site-packages/airflow/example_dags/example_params_ui_tutorial.py
[2024-10-13T09:50:33.326+0000] {processor.py:799} INFO - Processing file /home/airflow/.local/lib/python3.7/site-packages/airflow/example_dags/example_params_ui_tutorial.py for tasks to queue
[2024-10-13T09:50:33.327+0000] {logging_mixin.py:149} INFO - [2024-10-13T09:50:33.327+0000] {dagbag.py:541} INFO - Filling up the DagBag from /home/airflow/.local/lib/python3.7/site-packages/airflow/example_dags/example_params_ui_tutorial.py
[2024-10-13T09:50:33.372+0000] {processor.py:809} INFO - DAG(s) dict_keys(['example_params_ui_tutorial']) retrieved from /home/airflow/.local/lib/python3.7/site-packages/airflow/example_dags/example_params_ui_tutorial.py
[2024-10-13T09:50:33.446+0000] {logging_mixin.py:149} INFO - [2024-10-13T09:50:33.446+0000] {dag.py:2726} INFO - Sync 1 DAGs
[2024-10-13T09:50:33.473+0000] {logging_mixin.py:149} INFO - [2024-10-13T09:50:33.472+0000] {dag.py:3490} INFO - Setting next_dagrun for example_params_ui_tutorial to None, run_after=None
[2024-10-13T09:50:33.490+0000] {processor.py:178} INFO - Processing /home/airflow/.local/lib/python3.7/site-packages/airflow/example_dags/example_params_ui_tutorial.py took 0.168 seconds
[2024-10-13T09:51:03.528+0000] {processor.py:156} INFO - Started process (PID=2952) to work on /home/airflow/.local/lib/python3.7/site-packages/airflow/example_dags/example_params_ui_tutorial.py
[2024-10-13T09:51:03.529+0000] {processor.py:799} INFO - Processing file /home/airflow/.local/lib/python3.7/site-packages/airflow/example_dags/example_params_ui_tutorial.py for tasks to queue
[2024-10-13T09:51:03.530+0000] {logging_mixin.py:149} INFO - [2024-10-13T09:51:03.530+0000] {dagbag.py:541} INFO - Filling up the DagBag from /home/airflow/.local/lib/python3.7/site-packages/airflow/example_dags/example_params_ui_tutorial.py
[2024-10-13T09:51:03.578+0000] {processor.py:809} INFO - DAG(s) dict_keys(['example_params_ui_tutorial']) retrieved from /home/airflow/.local/lib/python3.7/site-packages/airflow/example_dags/example_params_ui_tutorial.py
[2024-10-13T09:51:03.650+0000] {logging_mixin.py:149} INFO - [2024-10-13T09:51:03.650+0000] {dag.py:2726} INFO - Sync 1 DAGs
[2024-10-13T09:51:03.677+0000] {logging_mixin.py:149} INFO - [2024-10-13T09:51:03.677+0000] {dag.py:3490} INFO - Setting next_dagrun for example_params_ui_tutorial to None, run_after=None
[2024-10-13T09:51:03.694+0000] {processor.py:178} INFO - Processing /home/airflow/.local/lib/python3.7/site-packages/airflow/example_dags/example_params_ui_tutorial.py took 0.169 seconds
[2024-10-13T09:51:33.842+0000] {processor.py:156} INFO - Started process (PID=3013) to work on /home/airflow/.local/lib/python3.7/site-packages/airflow/example_dags/example_params_ui_tutorial.py
[2024-10-13T09:51:33.843+0000] {processor.py:799} INFO - Processing file /home/airflow/.local/lib/python3.7/site-packages/airflow/example_dags/example_params_ui_tutorial.py for tasks to queue
[2024-10-13T09:51:33.843+0000] {logging_mixin.py:149} INFO - [2024-10-13T09:51:33.843+0000] {dagbag.py:541} INFO - Filling up the DagBag from /home/airflow/.local/lib/python3.7/site-packages/airflow/example_dags/example_params_ui_tutorial.py
[2024-10-13T09:51:33.887+0000] {processor.py:809} INFO - DAG(s) dict_keys(['example_params_ui_tutorial']) retrieved from /home/airflow/.local/lib/python3.7/site-packages/airflow/example_dags/example_params_ui_tutorial.py
[2024-10-13T09:51:33.954+0000] {logging_mixin.py:149} INFO - [2024-10-13T09:51:33.954+0000] {dag.py:2726} INFO - Sync 1 DAGs
[2024-10-13T09:51:33.982+0000] {logging_mixin.py:149} INFO - [2024-10-13T09:51:33.982+0000] {dag.py:3490} INFO - Setting next_dagrun for example_params_ui_tutorial to None, run_after=None
[2024-10-13T09:51:34.006+0000] {processor.py:178} INFO - Processing /home/airflow/.local/lib/python3.7/site-packages/airflow/example_dags/example_params_ui_tutorial.py took 0.168 seconds
[2024-10-13T09:52:04.216+0000] {processor.py:156} INFO - Started process (PID=3074) to work on /home/airflow/.local/lib/python3.7/site-packages/airflow/example_dags/example_params_ui_tutorial.py
[2024-10-13T09:52:04.217+0000] {processor.py:799} INFO - Processing file /home/airflow/.local/lib/python3.7/site-packages/airflow/example_dags/example_params_ui_tutorial.py for tasks to queue
[2024-10-13T09:52:04.218+0000] {logging_mixin.py:149} INFO - [2024-10-13T09:52:04.218+0000] {dagbag.py:541} INFO - Filling up the DagBag from /home/airflow/.local/lib/python3.7/site-packages/airflow/example_dags/example_params_ui_tutorial.py
[2024-10-13T09:52:04.262+0000] {processor.py:809} INFO - DAG(s) dict_keys(['example_params_ui_tutorial']) retrieved from /home/airflow/.local/lib/python3.7/site-packages/airflow/example_dags/example_params_ui_tutorial.py
[2024-10-13T09:52:04.335+0000] {logging_mixin.py:149} INFO - [2024-10-13T09:52:04.334+0000] {dag.py:2726} INFO - Sync 1 DAGs
[2024-10-13T09:52:04.364+0000] {logging_mixin.py:149} INFO - [2024-10-13T09:52:04.364+0000] {dag.py:3490} INFO - Setting next_dagrun for example_params_ui_tutorial to None, run_after=None
[2024-10-13T09:52:04.383+0000] {processor.py:178} INFO - Processing /home/airflow/.local/lib/python3.7/site-packages/airflow/example_dags/example_params_ui_tutorial.py took 0.171 seconds
[2024-10-13T09:52:34.852+0000] {processor.py:156} INFO - Started process (PID=3135) to work on /home/airflow/.local/lib/python3.7/site-packages/airflow/example_dags/example_params_ui_tutorial.py
[2024-10-13T09:52:34.852+0000] {processor.py:799} INFO - Processing file /home/airflow/.local/lib/python3.7/site-packages/airflow/example_dags/example_params_ui_tutorial.py for tasks to queue
[2024-10-13T09:52:34.853+0000] {logging_mixin.py:149} INFO - [2024-10-13T09:52:34.853+0000] {dagbag.py:541} INFO - Filling up the DagBag from /home/airflow/.local/lib/python3.7/site-packages/airflow/example_dags/example_params_ui_tutorial.py
[2024-10-13T09:52:34.899+0000] {processor.py:809} INFO - DAG(s) dict_keys(['example_params_ui_tutorial']) retrieved from /home/airflow/.local/lib/python3.7/site-packages/airflow/example_dags/example_params_ui_tutorial.py
[2024-10-13T09:52:34.965+0000] {logging_mixin.py:149} INFO - [2024-10-13T09:52:34.965+0000] {dag.py:2726} INFO - Sync 1 DAGs
[2024-10-13T09:52:34.992+0000] {logging_mixin.py:149} INFO - [2024-10-13T09:52:34.991+0000] {dag.py:3490} INFO - Setting next_dagrun for example_params_ui_tutorial to None, run_after=None
[2024-10-13T09:52:35.010+0000] {processor.py:178} INFO - Processing /home/airflow/.local/lib/python3.7/site-packages/airflow/example_dags/example_params_ui_tutorial.py took 0.162 seconds
[2024-10-13T09:53:05.306+0000] {processor.py:156} INFO - Started process (PID=3196) to work on /home/airflow/.local/lib/python3.7/site-packages/airflow/example_dags/example_params_ui_tutorial.py
[2024-10-13T09:53:05.307+0000] {processor.py:799} INFO - Processing file /home/airflow/.local/lib/python3.7/site-packages/airflow/example_dags/example_params_ui_tutorial.py for tasks to queue
[2024-10-13T09:53:05.308+0000] {logging_mixin.py:149} INFO - [2024-10-13T09:53:05.308+0000] {dagbag.py:541} INFO - Filling up the DagBag from /home/airflow/.local/lib/python3.7/site-packages/airflow/example_dags/example_params_ui_tutorial.py
[2024-10-13T09:53:05.348+0000] {processor.py:809} INFO - DAG(s) dict_keys(['example_params_ui_tutorial']) retrieved from /home/airflow/.local/lib/python3.7/site-packages/airflow/example_dags/example_params_ui_tutorial.py
[2024-10-13T09:53:05.412+0000] {logging_mixin.py:149} INFO - [2024-10-13T09:53:05.412+0000] {dag.py:2726} INFO - Sync 1 DAGs
[2024-10-13T09:53:05.436+0000] {logging_mixin.py:149} INFO - [2024-10-13T09:53:05.436+0000] {dag.py:3490} INFO - Setting next_dagrun for example_params_ui_tutorial to None, run_after=None
[2024-10-13T09:53:05.454+0000] {processor.py:178} INFO - Processing /home/airflow/.local/lib/python3.7/site-packages/airflow/example_dags/example_params_ui_tutorial.py took 0.151 seconds
[2024-10-13T09:53:35.578+0000] {processor.py:156} INFO - Started process (PID=3257) to work on /home/airflow/.local/lib/python3.7/site-packages/airflow/example_dags/example_params_ui_tutorial.py
[2024-10-13T09:53:35.579+0000] {processor.py:799} INFO - Processing file /home/airflow/.local/lib/python3.7/site-packages/airflow/example_dags/example_params_ui_tutorial.py for tasks to queue
[2024-10-13T09:53:35.580+0000] {logging_mixin.py:149} INFO - [2024-10-13T09:53:35.580+0000] {dagbag.py:541} INFO - Filling up the DagBag from /home/airflow/.local/lib/python3.7/site-packages/airflow/example_dags/example_params_ui_tutorial.py
[2024-10-13T09:53:35.640+0000] {processor.py:809} INFO - DAG(s) dict_keys(['example_params_ui_tutorial']) retrieved from /home/airflow/.local/lib/python3.7/site-packages/airflow/example_dags/example_params_ui_tutorial.py
[2024-10-13T09:53:35.707+0000] {logging_mixin.py:149} INFO - [2024-10-13T09:53:35.706+0000] {dag.py:2726} INFO - Sync 1 DAGs
[2024-10-13T09:53:35.733+0000] {logging_mixin.py:149} INFO - [2024-10-13T09:53:35.733+0000] {dag.py:3490} INFO - Setting next_dagrun for example_params_ui_tutorial to None, run_after=None
[2024-10-13T09:53:35.752+0000] {processor.py:178} INFO - Processing /home/airflow/.local/lib/python3.7/site-packages/airflow/example_dags/example_params_ui_tutorial.py took 0.179 seconds
[2024-10-13T09:54:05.927+0000] {processor.py:156} INFO - Started process (PID=3318) to work on /home/airflow/.local/lib/python3.7/site-packages/airflow/example_dags/example_params_ui_tutorial.py
[2024-10-13T09:54:05.928+0000] {processor.py:799} INFO - Processing file /home/airflow/.local/lib/python3.7/site-packages/airflow/example_dags/example_params_ui_tutorial.py for tasks to queue
[2024-10-13T09:54:05.929+0000] {logging_mixin.py:149} INFO - [2024-10-13T09:54:05.928+0000] {dagbag.py:541} INFO - Filling up the DagBag from /home/airflow/.local/lib/python3.7/site-packages/airflow/example_dags/example_params_ui_tutorial.py
[2024-10-13T09:54:05.972+0000] {processor.py:809} INFO - DAG(s) dict_keys(['example_params_ui_tutorial']) retrieved from /home/airflow/.local/lib/python3.7/site-packages/airflow/example_dags/example_params_ui_tutorial.py
[2024-10-13T09:54:06.038+0000] {logging_mixin.py:149} INFO - [2024-10-13T09:54:06.038+0000] {dag.py:2726} INFO - Sync 1 DAGs
[2024-10-13T09:54:06.064+0000] {logging_mixin.py:149} INFO - [2024-10-13T09:54:06.064+0000] {dag.py:3490} INFO - Setting next_dagrun for example_params_ui_tutorial to None, run_after=None
[2024-10-13T09:54:06.084+0000] {processor.py:178} INFO - Processing /home/airflow/.local/lib/python3.7/site-packages/airflow/example_dags/example_params_ui_tutorial.py took 0.160 seconds
[2024-10-13T09:54:36.168+0000] {processor.py:156} INFO - Started process (PID=3379) to work on /home/airflow/.local/lib/python3.7/site-packages/airflow/example_dags/example_params_ui_tutorial.py
[2024-10-13T09:54:36.169+0000] {processor.py:799} INFO - Processing file /home/airflow/.local/lib/python3.7/site-packages/airflow/example_dags/example_params_ui_tutorial.py for tasks to queue
[2024-10-13T09:54:36.170+0000] {logging_mixin.py:149} INFO - [2024-10-13T09:54:36.169+0000] {dagbag.py:541} INFO - Filling up the DagBag from /home/airflow/.local/lib/python3.7/site-packages/airflow/example_dags/example_params_ui_tutorial.py
[2024-10-13T09:54:36.213+0000] {processor.py:809} INFO - DAG(s) dict_keys(['example_params_ui_tutorial']) retrieved from /home/airflow/.local/lib/python3.7/site-packages/airflow/example_dags/example_params_ui_tutorial.py
[2024-10-13T09:54:36.278+0000] {logging_mixin.py:149} INFO - [2024-10-13T09:54:36.278+0000] {dag.py:2726} INFO - Sync 1 DAGs
[2024-10-13T09:54:36.304+0000] {logging_mixin.py:149} INFO - [2024-10-13T09:54:36.303+0000] {dag.py:3490} INFO - Setting next_dagrun for example_params_ui_tutorial to None, run_after=None
[2024-10-13T09:54:36.322+0000] {processor.py:178} INFO - Processing /home/airflow/.local/lib/python3.7/site-packages/airflow/example_dags/example_params_ui_tutorial.py took 0.157 seconds
[2024-10-13T09:55:06.492+0000] {processor.py:156} INFO - Started process (PID=3440) to work on /home/airflow/.local/lib/python3.7/site-packages/airflow/example_dags/example_params_ui_tutorial.py
[2024-10-13T09:55:06.493+0000] {processor.py:799} INFO - Processing file /home/airflow/.local/lib/python3.7/site-packages/airflow/example_dags/example_params_ui_tutorial.py for tasks to queue
[2024-10-13T09:55:06.493+0000] {logging_mixin.py:149} INFO - [2024-10-13T09:55:06.493+0000] {dagbag.py:541} INFO - Filling up the DagBag from /home/airflow/.local/lib/python3.7/site-packages/airflow/example_dags/example_params_ui_tutorial.py
[2024-10-13T09:55:06.536+0000] {processor.py:809} INFO - DAG(s) dict_keys(['example_params_ui_tutorial']) retrieved from /home/airflow/.local/lib/python3.7/site-packages/airflow/example_dags/example_params_ui_tutorial.py
[2024-10-13T09:55:06.600+0000] {logging_mixin.py:149} INFO - [2024-10-13T09:55:06.600+0000] {dag.py:2726} INFO - Sync 1 DAGs
[2024-10-13T09:55:06.628+0000] {logging_mixin.py:149} INFO - [2024-10-13T09:55:06.628+0000] {dag.py:3490} INFO - Setting next_dagrun for example_params_ui_tutorial to None, run_after=None
[2024-10-13T09:55:06.646+0000] {processor.py:178} INFO - Processing /home/airflow/.local/lib/python3.7/site-packages/airflow/example_dags/example_params_ui_tutorial.py took 0.158 seconds
[2024-10-13T09:55:36.896+0000] {processor.py:156} INFO - Started process (PID=3501) to work on /home/airflow/.local/lib/python3.7/site-packages/airflow/example_dags/example_params_ui_tutorial.py
[2024-10-13T09:55:36.896+0000] {processor.py:799} INFO - Processing file /home/airflow/.local/lib/python3.7/site-packages/airflow/example_dags/example_params_ui_tutorial.py for tasks to queue
[2024-10-13T09:55:36.897+0000] {logging_mixin.py:149} INFO - [2024-10-13T09:55:36.897+0000] {dagbag.py:541} INFO - Filling up the DagBag from /home/airflow/.local/lib/python3.7/site-packages/airflow/example_dags/example_params_ui_tutorial.py
[2024-10-13T09:55:36.939+0000] {processor.py:809} INFO - DAG(s) dict_keys(['example_params_ui_tutorial']) retrieved from /home/airflow/.local/lib/python3.7/site-packages/airflow/example_dags/example_params_ui_tutorial.py
[2024-10-13T09:55:37.013+0000] {logging_mixin.py:149} INFO - [2024-10-13T09:55:37.013+0000] {dag.py:2726} INFO - Sync 1 DAGs
[2024-10-13T09:55:37.048+0000] {logging_mixin.py:149} INFO - [2024-10-13T09:55:37.047+0000] {dag.py:3490} INFO - Setting next_dagrun for example_params_ui_tutorial to None, run_after=None
[2024-10-13T09:55:37.068+0000] {processor.py:178} INFO - Processing /home/airflow/.local/lib/python3.7/site-packages/airflow/example_dags/example_params_ui_tutorial.py took 0.176 seconds
[2024-10-13T09:56:07.400+0000] {processor.py:156} INFO - Started process (PID=3553) to work on /home/airflow/.local/lib/python3.7/site-packages/airflow/example_dags/example_params_ui_tutorial.py
[2024-10-13T09:56:07.401+0000] {processor.py:799} INFO - Processing file /home/airflow/.local/lib/python3.7/site-packages/airflow/example_dags/example_params_ui_tutorial.py for tasks to queue
[2024-10-13T09:56:07.402+0000] {logging_mixin.py:149} INFO - [2024-10-13T09:56:07.402+0000] {dagbag.py:541} INFO - Filling up the DagBag from /home/airflow/.local/lib/python3.7/site-packages/airflow/example_dags/example_params_ui_tutorial.py
[2024-10-13T09:56:07.450+0000] {processor.py:809} INFO - DAG(s) dict_keys(['example_params_ui_tutorial']) retrieved from /home/airflow/.local/lib/python3.7/site-packages/airflow/example_dags/example_params_ui_tutorial.py
[2024-10-13T09:56:07.516+0000] {logging_mixin.py:149} INFO - [2024-10-13T09:56:07.516+0000] {dag.py:2726} INFO - Sync 1 DAGs
[2024-10-13T09:56:07.575+0000] {logging_mixin.py:149} INFO - [2024-10-13T09:56:07.575+0000] {dag.py:3490} INFO - Setting next_dagrun for example_params_ui_tutorial to None, run_after=None
[2024-10-13T09:56:07.626+0000] {processor.py:178} INFO - Processing /home/airflow/.local/lib/python3.7/site-packages/airflow/example_dags/example_params_ui_tutorial.py took 0.230 seconds
[2024-10-13T09:56:37.694+0000] {processor.py:156} INFO - Started process (PID=3615) to work on /home/airflow/.local/lib/python3.7/site-packages/airflow/example_dags/example_params_ui_tutorial.py
[2024-10-13T09:56:37.695+0000] {processor.py:799} INFO - Processing file /home/airflow/.local/lib/python3.7/site-packages/airflow/example_dags/example_params_ui_tutorial.py for tasks to queue
[2024-10-13T09:56:37.696+0000] {logging_mixin.py:149} INFO - [2024-10-13T09:56:37.696+0000] {dagbag.py:541} INFO - Filling up the DagBag from /home/airflow/.local/lib/python3.7/site-packages/airflow/example_dags/example_params_ui_tutorial.py
[2024-10-13T09:56:37.766+0000] {processor.py:809} INFO - DAG(s) dict_keys(['example_params_ui_tutorial']) retrieved from /home/airflow/.local/lib/python3.7/site-packages/airflow/example_dags/example_params_ui_tutorial.py
[2024-10-13T09:56:37.834+0000] {logging_mixin.py:149} INFO - [2024-10-13T09:56:37.834+0000] {dag.py:2726} INFO - Sync 1 DAGs
[2024-10-13T09:56:37.861+0000] {logging_mixin.py:149} INFO - [2024-10-13T09:56:37.861+0000] {dag.py:3490} INFO - Setting next_dagrun for example_params_ui_tutorial to None, run_after=None
[2024-10-13T09:56:37.881+0000] {processor.py:178} INFO - Processing /home/airflow/.local/lib/python3.7/site-packages/airflow/example_dags/example_params_ui_tutorial.py took 0.193 seconds
[2024-10-13T09:57:08.251+0000] {processor.py:156} INFO - Started process (PID=3676) to work on /home/airflow/.local/lib/python3.7/site-packages/airflow/example_dags/example_params_ui_tutorial.py
[2024-10-13T09:57:08.252+0000] {processor.py:799} INFO - Processing file /home/airflow/.local/lib/python3.7/site-packages/airflow/example_dags/example_params_ui_tutorial.py for tasks to queue
[2024-10-13T09:57:08.252+0000] {logging_mixin.py:149} INFO - [2024-10-13T09:57:08.252+0000] {dagbag.py:541} INFO - Filling up the DagBag from /home/airflow/.local/lib/python3.7/site-packages/airflow/example_dags/example_params_ui_tutorial.py
[2024-10-13T09:57:08.299+0000] {processor.py:809} INFO - DAG(s) dict_keys(['example_params_ui_tutorial']) retrieved from /home/airflow/.local/lib/python3.7/site-packages/airflow/example_dags/example_params_ui_tutorial.py
[2024-10-13T09:57:08.381+0000] {logging_mixin.py:149} INFO - [2024-10-13T09:57:08.381+0000] {dag.py:2726} INFO - Sync 1 DAGs
[2024-10-13T09:57:08.409+0000] {logging_mixin.py:149} INFO - [2024-10-13T09:57:08.409+0000] {dag.py:3490} INFO - Setting next_dagrun for example_params_ui_tutorial to None, run_after=None
[2024-10-13T09:57:08.437+0000] {processor.py:178} INFO - Processing /home/airflow/.local/lib/python3.7/site-packages/airflow/example_dags/example_params_ui_tutorial.py took 0.190 seconds
[2024-10-13T09:57:39.179+0000] {processor.py:156} INFO - Started process (PID=3736) to work on /home/airflow/.local/lib/python3.7/site-packages/airflow/example_dags/example_params_ui_tutorial.py
[2024-10-13T09:57:39.180+0000] {processor.py:799} INFO - Processing file /home/airflow/.local/lib/python3.7/site-packages/airflow/example_dags/example_params_ui_tutorial.py for tasks to queue
[2024-10-13T09:57:39.180+0000] {logging_mixin.py:149} INFO - [2024-10-13T09:57:39.180+0000] {dagbag.py:541} INFO - Filling up the DagBag from /home/airflow/.local/lib/python3.7/site-packages/airflow/example_dags/example_params_ui_tutorial.py
[2024-10-13T09:57:39.261+0000] {processor.py:809} INFO - DAG(s) dict_keys(['example_params_ui_tutorial']) retrieved from /home/airflow/.local/lib/python3.7/site-packages/airflow/example_dags/example_params_ui_tutorial.py
[2024-10-13T09:57:39.360+0000] {logging_mixin.py:149} INFO - [2024-10-13T09:57:39.360+0000] {dag.py:2726} INFO - Sync 1 DAGs
[2024-10-13T09:57:39.398+0000] {logging_mixin.py:149} INFO - [2024-10-13T09:57:39.398+0000] {dag.py:3490} INFO - Setting next_dagrun for example_params_ui_tutorial to None, run_after=None
[2024-10-13T09:57:39.428+0000] {processor.py:178} INFO - Processing /home/airflow/.local/lib/python3.7/site-packages/airflow/example_dags/example_params_ui_tutorial.py took 0.253 seconds
[2024-10-13T14:18:50.537+0000] {processor.py:156} INFO - Started process (PID=75) to work on /home/airflow/.local/lib/python3.7/site-packages/airflow/example_dags/example_params_ui_tutorial.py
[2024-10-13T14:18:50.538+0000] {processor.py:799} INFO - Processing file /home/airflow/.local/lib/python3.7/site-packages/airflow/example_dags/example_params_ui_tutorial.py for tasks to queue
[2024-10-13T14:18:50.539+0000] {logging_mixin.py:149} INFO - [2024-10-13T14:18:50.539+0000] {dagbag.py:541} INFO - Filling up the DagBag from /home/airflow/.local/lib/python3.7/site-packages/airflow/example_dags/example_params_ui_tutorial.py
[2024-10-13T14:18:50.598+0000] {processor.py:809} INFO - DAG(s) dict_keys(['example_params_ui_tutorial']) retrieved from /home/airflow/.local/lib/python3.7/site-packages/airflow/example_dags/example_params_ui_tutorial.py
[2024-10-13T14:18:50.615+0000] {logging_mixin.py:149} INFO - [2024-10-13T14:18:50.615+0000] {dag.py:2726} INFO - Sync 1 DAGs
[2024-10-13T14:18:50.661+0000] {logging_mixin.py:149} INFO - [2024-10-13T14:18:50.661+0000] {dag.py:3490} INFO - Setting next_dagrun for example_params_ui_tutorial to None, run_after=None
[2024-10-13T14:18:50.691+0000] {processor.py:178} INFO - Processing /home/airflow/.local/lib/python3.7/site-packages/airflow/example_dags/example_params_ui_tutorial.py took 0.160 seconds
[2024-10-13T14:19:21.277+0000] {processor.py:156} INFO - Started process (PID=136) to work on /home/airflow/.local/lib/python3.7/site-packages/airflow/example_dags/example_params_ui_tutorial.py
[2024-10-13T14:19:21.278+0000] {processor.py:799} INFO - Processing file /home/airflow/.local/lib/python3.7/site-packages/airflow/example_dags/example_params_ui_tutorial.py for tasks to queue
[2024-10-13T14:19:21.279+0000] {logging_mixin.py:149} INFO - [2024-10-13T14:19:21.279+0000] {dagbag.py:541} INFO - Filling up the DagBag from /home/airflow/.local/lib/python3.7/site-packages/airflow/example_dags/example_params_ui_tutorial.py
[2024-10-13T14:19:21.332+0000] {processor.py:809} INFO - DAG(s) dict_keys(['example_params_ui_tutorial']) retrieved from /home/airflow/.local/lib/python3.7/site-packages/airflow/example_dags/example_params_ui_tutorial.py
[2024-10-13T14:19:21.443+0000] {logging_mixin.py:149} INFO - [2024-10-13T14:19:21.443+0000] {dag.py:2726} INFO - Sync 1 DAGs
[2024-10-13T14:19:21.470+0000] {logging_mixin.py:149} INFO - [2024-10-13T14:19:21.469+0000] {dag.py:3490} INFO - Setting next_dagrun for example_params_ui_tutorial to None, run_after=None
[2024-10-13T14:19:21.489+0000] {processor.py:178} INFO - Processing /home/airflow/.local/lib/python3.7/site-packages/airflow/example_dags/example_params_ui_tutorial.py took 0.216 seconds
[2024-10-13T14:19:51.650+0000] {processor.py:156} INFO - Started process (PID=197) to work on /home/airflow/.local/lib/python3.7/site-packages/airflow/example_dags/example_params_ui_tutorial.py
[2024-10-13T14:19:51.651+0000] {processor.py:799} INFO - Processing file /home/airflow/.local/lib/python3.7/site-packages/airflow/example_dags/example_params_ui_tutorial.py for tasks to queue
[2024-10-13T14:19:51.652+0000] {logging_mixin.py:149} INFO - [2024-10-13T14:19:51.652+0000] {dagbag.py:541} INFO - Filling up the DagBag from /home/airflow/.local/lib/python3.7/site-packages/airflow/example_dags/example_params_ui_tutorial.py
[2024-10-13T14:19:51.720+0000] {processor.py:809} INFO - DAG(s) dict_keys(['example_params_ui_tutorial']) retrieved from /home/airflow/.local/lib/python3.7/site-packages/airflow/example_dags/example_params_ui_tutorial.py
[2024-10-13T14:19:51.854+0000] {logging_mixin.py:149} INFO - [2024-10-13T14:19:51.854+0000] {dag.py:2726} INFO - Sync 1 DAGs
[2024-10-13T14:19:51.896+0000] {logging_mixin.py:149} INFO - [2024-10-13T14:19:51.895+0000] {dag.py:3490} INFO - Setting next_dagrun for example_params_ui_tutorial to None, run_after=None
[2024-10-13T14:19:51.930+0000] {processor.py:178} INFO - Processing /home/airflow/.local/lib/python3.7/site-packages/airflow/example_dags/example_params_ui_tutorial.py took 0.284 seconds
[2024-10-13T14:20:22.484+0000] {processor.py:156} INFO - Started process (PID=258) to work on /home/airflow/.local/lib/python3.7/site-packages/airflow/example_dags/example_params_ui_tutorial.py
[2024-10-13T14:20:22.485+0000] {processor.py:799} INFO - Processing file /home/airflow/.local/lib/python3.7/site-packages/airflow/example_dags/example_params_ui_tutorial.py for tasks to queue
[2024-10-13T14:20:22.485+0000] {logging_mixin.py:149} INFO - [2024-10-13T14:20:22.485+0000] {dagbag.py:541} INFO - Filling up the DagBag from /home/airflow/.local/lib/python3.7/site-packages/airflow/example_dags/example_params_ui_tutorial.py
[2024-10-13T14:20:22.530+0000] {processor.py:809} INFO - DAG(s) dict_keys(['example_params_ui_tutorial']) retrieved from /home/airflow/.local/lib/python3.7/site-packages/airflow/example_dags/example_params_ui_tutorial.py
[2024-10-13T14:20:22.608+0000] {logging_mixin.py:149} INFO - [2024-10-13T14:20:22.608+0000] {dag.py:2726} INFO - Sync 1 DAGs
[2024-10-13T14:20:22.635+0000] {logging_mixin.py:149} INFO - [2024-10-13T14:20:22.635+0000] {dag.py:3490} INFO - Setting next_dagrun for example_params_ui_tutorial to None, run_after=None
[2024-10-13T14:20:22.654+0000] {processor.py:178} INFO - Processing /home/airflow/.local/lib/python3.7/site-packages/airflow/example_dags/example_params_ui_tutorial.py took 0.174 seconds
[2024-10-13T14:20:53.084+0000] {processor.py:156} INFO - Started process (PID=318) to work on /home/airflow/.local/lib/python3.7/site-packages/airflow/example_dags/example_params_ui_tutorial.py
[2024-10-13T14:20:53.085+0000] {processor.py:799} INFO - Processing file /home/airflow/.local/lib/python3.7/site-packages/airflow/example_dags/example_params_ui_tutorial.py for tasks to queue
[2024-10-13T14:20:53.085+0000] {logging_mixin.py:149} INFO - [2024-10-13T14:20:53.085+0000] {dagbag.py:541} INFO - Filling up the DagBag from /home/airflow/.local/lib/python3.7/site-packages/airflow/example_dags/example_params_ui_tutorial.py
[2024-10-13T14:20:53.131+0000] {processor.py:809} INFO - DAG(s) dict_keys(['example_params_ui_tutorial']) retrieved from /home/airflow/.local/lib/python3.7/site-packages/airflow/example_dags/example_params_ui_tutorial.py
[2024-10-13T14:20:53.201+0000] {logging_mixin.py:149} INFO - [2024-10-13T14:20:53.201+0000] {dag.py:2726} INFO - Sync 1 DAGs
[2024-10-13T14:20:53.229+0000] {logging_mixin.py:149} INFO - [2024-10-13T14:20:53.229+0000] {dag.py:3490} INFO - Setting next_dagrun for example_params_ui_tutorial to None, run_after=None
[2024-10-13T14:20:53.248+0000] {processor.py:178} INFO - Processing /home/airflow/.local/lib/python3.7/site-packages/airflow/example_dags/example_params_ui_tutorial.py took 0.167 seconds
[2024-10-13T14:21:23.780+0000] {processor.py:156} INFO - Started process (PID=379) to work on /home/airflow/.local/lib/python3.7/site-packages/airflow/example_dags/example_params_ui_tutorial.py
[2024-10-13T14:21:23.781+0000] {processor.py:799} INFO - Processing file /home/airflow/.local/lib/python3.7/site-packages/airflow/example_dags/example_params_ui_tutorial.py for tasks to queue
[2024-10-13T14:21:23.782+0000] {logging_mixin.py:149} INFO - [2024-10-13T14:21:23.782+0000] {dagbag.py:541} INFO - Filling up the DagBag from /home/airflow/.local/lib/python3.7/site-packages/airflow/example_dags/example_params_ui_tutorial.py
[2024-10-13T14:21:23.842+0000] {processor.py:809} INFO - DAG(s) dict_keys(['example_params_ui_tutorial']) retrieved from /home/airflow/.local/lib/python3.7/site-packages/airflow/example_dags/example_params_ui_tutorial.py
[2024-10-13T14:21:23.949+0000] {logging_mixin.py:149} INFO - [2024-10-13T14:21:23.949+0000] {dag.py:2726} INFO - Sync 1 DAGs
[2024-10-13T14:21:23.982+0000] {logging_mixin.py:149} INFO - [2024-10-13T14:21:23.982+0000] {dag.py:3490} INFO - Setting next_dagrun for example_params_ui_tutorial to None, run_after=None
[2024-10-13T14:21:24.007+0000] {processor.py:178} INFO - Processing /home/airflow/.local/lib/python3.7/site-packages/airflow/example_dags/example_params_ui_tutorial.py took 0.231 seconds
[2024-10-13T14:21:54.229+0000] {processor.py:156} INFO - Started process (PID=440) to work on /home/airflow/.local/lib/python3.7/site-packages/airflow/example_dags/example_params_ui_tutorial.py
[2024-10-13T14:21:54.230+0000] {processor.py:799} INFO - Processing file /home/airflow/.local/lib/python3.7/site-packages/airflow/example_dags/example_params_ui_tutorial.py for tasks to queue
[2024-10-13T14:21:54.231+0000] {logging_mixin.py:149} INFO - [2024-10-13T14:21:54.230+0000] {dagbag.py:541} INFO - Filling up the DagBag from /home/airflow/.local/lib/python3.7/site-packages/airflow/example_dags/example_params_ui_tutorial.py
[2024-10-13T14:21:54.284+0000] {processor.py:809} INFO - DAG(s) dict_keys(['example_params_ui_tutorial']) retrieved from /home/airflow/.local/lib/python3.7/site-packages/airflow/example_dags/example_params_ui_tutorial.py
[2024-10-13T14:21:54.357+0000] {logging_mixin.py:149} INFO - [2024-10-13T14:21:54.357+0000] {dag.py:2726} INFO - Sync 1 DAGs
[2024-10-13T14:21:54.387+0000] {logging_mixin.py:149} INFO - [2024-10-13T14:21:54.386+0000] {dag.py:3490} INFO - Setting next_dagrun for example_params_ui_tutorial to None, run_after=None
[2024-10-13T14:21:54.407+0000] {processor.py:178} INFO - Processing /home/airflow/.local/lib/python3.7/site-packages/airflow/example_dags/example_params_ui_tutorial.py took 0.183 seconds
[2024-10-13T14:22:24.679+0000] {processor.py:156} INFO - Started process (PID=502) to work on /home/airflow/.local/lib/python3.7/site-packages/airflow/example_dags/example_params_ui_tutorial.py
[2024-10-13T14:22:24.680+0000] {processor.py:799} INFO - Processing file /home/airflow/.local/lib/python3.7/site-packages/airflow/example_dags/example_params_ui_tutorial.py for tasks to queue
[2024-10-13T14:22:24.680+0000] {logging_mixin.py:149} INFO - [2024-10-13T14:22:24.680+0000] {dagbag.py:541} INFO - Filling up the DagBag from /home/airflow/.local/lib/python3.7/site-packages/airflow/example_dags/example_params_ui_tutorial.py
[2024-10-13T14:22:24.728+0000] {processor.py:809} INFO - DAG(s) dict_keys(['example_params_ui_tutorial']) retrieved from /home/airflow/.local/lib/python3.7/site-packages/airflow/example_dags/example_params_ui_tutorial.py
[2024-10-13T14:22:24.813+0000] {logging_mixin.py:149} INFO - [2024-10-13T14:22:24.812+0000] {dag.py:2726} INFO - Sync 1 DAGs
[2024-10-13T14:22:24.854+0000] {logging_mixin.py:149} INFO - [2024-10-13T14:22:24.854+0000] {dag.py:3490} INFO - Setting next_dagrun for example_params_ui_tutorial to None, run_after=None
[2024-10-13T14:22:24.882+0000] {processor.py:178} INFO - Processing /home/airflow/.local/lib/python3.7/site-packages/airflow/example_dags/example_params_ui_tutorial.py took 0.207 seconds
[2024-10-13T14:22:55.307+0000] {processor.py:156} INFO - Started process (PID=562) to work on /home/airflow/.local/lib/python3.7/site-packages/airflow/example_dags/example_params_ui_tutorial.py
[2024-10-13T14:22:55.308+0000] {processor.py:799} INFO - Processing file /home/airflow/.local/lib/python3.7/site-packages/airflow/example_dags/example_params_ui_tutorial.py for tasks to queue
[2024-10-13T14:22:55.310+0000] {logging_mixin.py:149} INFO - [2024-10-13T14:22:55.310+0000] {dagbag.py:541} INFO - Filling up the DagBag from /home/airflow/.local/lib/python3.7/site-packages/airflow/example_dags/example_params_ui_tutorial.py
[2024-10-13T14:22:55.382+0000] {processor.py:809} INFO - DAG(s) dict_keys(['example_params_ui_tutorial']) retrieved from /home/airflow/.local/lib/python3.7/site-packages/airflow/example_dags/example_params_ui_tutorial.py
[2024-10-13T14:22:55.571+0000] {logging_mixin.py:149} INFO - [2024-10-13T14:22:55.571+0000] {dag.py:2726} INFO - Sync 1 DAGs
[2024-10-13T14:22:55.626+0000] {logging_mixin.py:149} INFO - [2024-10-13T14:22:55.625+0000] {dag.py:3490} INFO - Setting next_dagrun for example_params_ui_tutorial to None, run_after=None
[2024-10-13T14:22:55.656+0000] {processor.py:178} INFO - Processing /home/airflow/.local/lib/python3.7/site-packages/airflow/example_dags/example_params_ui_tutorial.py took 0.355 seconds
[2024-10-13T14:23:25.706+0000] {processor.py:156} INFO - Started process (PID=624) to work on /home/airflow/.local/lib/python3.7/site-packages/airflow/example_dags/example_params_ui_tutorial.py
[2024-10-13T14:23:25.707+0000] {processor.py:799} INFO - Processing file /home/airflow/.local/lib/python3.7/site-packages/airflow/example_dags/example_params_ui_tutorial.py for tasks to queue
[2024-10-13T14:23:25.708+0000] {logging_mixin.py:149} INFO - [2024-10-13T14:23:25.708+0000] {dagbag.py:541} INFO - Filling up the DagBag from /home/airflow/.local/lib/python3.7/site-packages/airflow/example_dags/example_params_ui_tutorial.py
[2024-10-13T14:23:25.760+0000] {processor.py:809} INFO - DAG(s) dict_keys(['example_params_ui_tutorial']) retrieved from /home/airflow/.local/lib/python3.7/site-packages/airflow/example_dags/example_params_ui_tutorial.py
[2024-10-13T14:23:25.869+0000] {logging_mixin.py:149} INFO - [2024-10-13T14:23:25.869+0000] {dag.py:2726} INFO - Sync 1 DAGs
[2024-10-13T14:23:25.896+0000] {logging_mixin.py:149} INFO - [2024-10-13T14:23:25.896+0000] {dag.py:3490} INFO - Setting next_dagrun for example_params_ui_tutorial to None, run_after=None
[2024-10-13T14:23:25.917+0000] {processor.py:178} INFO - Processing /home/airflow/.local/lib/python3.7/site-packages/airflow/example_dags/example_params_ui_tutorial.py took 0.215 seconds
