[2024-10-13T09:27:14.943+0000] {processor.py:156} INFO - Started process (PID=82) to work on /home/airflow/.local/lib/python3.7/site-packages/airflow/example_dags/example_time_delta_sensor_async.py
[2024-10-13T09:27:14.944+0000] {processor.py:799} INFO - Processing file /home/airflow/.local/lib/python3.7/site-packages/airflow/example_dags/example_time_delta_sensor_async.py for tasks to queue
[2024-10-13T09:27:14.944+0000] {logging_mixin.py:149} INFO - [2024-10-13T09:27:14.944+0000] {dagbag.py:541} INFO - Filling up the DagBag from /home/airflow/.local/lib/python3.7/site-packages/airflow/example_dags/example_time_delta_sensor_async.py
[2024-10-13T09:27:14.949+0000] {processor.py:809} INFO - DAG(s) dict_keys(['example_time_delta_sensor_async']) retrieved from /home/airflow/.local/lib/python3.7/site-packages/airflow/example_dags/example_time_delta_sensor_async.py
[2024-10-13T09:27:15.098+0000] {logging_mixin.py:149} INFO - [2024-10-13T09:27:15.098+0000] {manager.py:504} INFO - Created Permission View: can edit on DAG:example_time_delta_sensor_async
[2024-10-13T09:27:15.151+0000] {logging_mixin.py:149} INFO - [2024-10-13T09:27:15.151+0000] {manager.py:504} INFO - Created Permission View: can read on DAG:example_time_delta_sensor_async
[2024-10-13T09:27:15.174+0000] {logging_mixin.py:149} INFO - [2024-10-13T09:27:15.174+0000] {manager.py:504} INFO - Created Permission View: can delete on DAG:example_time_delta_sensor_async
[2024-10-13T09:27:15.174+0000] {logging_mixin.py:149} INFO - [2024-10-13T09:27:15.174+0000] {dag.py:2726} INFO - Sync 1 DAGs
[2024-10-13T09:27:15.199+0000] {logging_mixin.py:149} INFO - [2024-10-13T09:27:15.199+0000] {dag.py:2747} INFO - Creating ORM DAG for example_time_delta_sensor_async
[2024-10-13T09:27:15.215+0000] {logging_mixin.py:149} INFO - [2024-10-13T09:27:15.215+0000] {dag.py:3490} INFO - Setting next_dagrun for example_time_delta_sensor_async to None, run_after=None
[2024-10-13T09:27:15.236+0000] {processor.py:178} INFO - Processing /home/airflow/.local/lib/python3.7/site-packages/airflow/example_dags/example_time_delta_sensor_async.py took 0.297 seconds
[2024-10-13T09:27:45.315+0000] {processor.py:156} INFO - Started process (PID=143) to work on /home/airflow/.local/lib/python3.7/site-packages/airflow/example_dags/example_time_delta_sensor_async.py
[2024-10-13T09:27:45.316+0000] {processor.py:799} INFO - Processing file /home/airflow/.local/lib/python3.7/site-packages/airflow/example_dags/example_time_delta_sensor_async.py for tasks to queue
[2024-10-13T09:27:45.316+0000] {logging_mixin.py:149} INFO - [2024-10-13T09:27:45.316+0000] {dagbag.py:541} INFO - Filling up the DagBag from /home/airflow/.local/lib/python3.7/site-packages/airflow/example_dags/example_time_delta_sensor_async.py
[2024-10-13T09:27:45.320+0000] {processor.py:809} INFO - DAG(s) dict_keys(['example_time_delta_sensor_async']) retrieved from /home/airflow/.local/lib/python3.7/site-packages/airflow/example_dags/example_time_delta_sensor_async.py
[2024-10-13T09:27:45.348+0000] {logging_mixin.py:149} INFO - [2024-10-13T09:27:45.348+0000] {dag.py:2726} INFO - Sync 1 DAGs
[2024-10-13T09:27:45.376+0000] {logging_mixin.py:149} INFO - [2024-10-13T09:27:45.375+0000] {dag.py:3490} INFO - Setting next_dagrun for example_time_delta_sensor_async to None, run_after=None
[2024-10-13T09:27:45.394+0000] {processor.py:178} INFO - Processing /home/airflow/.local/lib/python3.7/site-packages/airflow/example_dags/example_time_delta_sensor_async.py took 0.083 seconds
[2024-10-13T09:28:15.715+0000] {processor.py:156} INFO - Started process (PID=204) to work on /home/airflow/.local/lib/python3.7/site-packages/airflow/example_dags/example_time_delta_sensor_async.py
[2024-10-13T09:28:15.716+0000] {processor.py:799} INFO - Processing file /home/airflow/.local/lib/python3.7/site-packages/airflow/example_dags/example_time_delta_sensor_async.py for tasks to queue
[2024-10-13T09:28:15.717+0000] {logging_mixin.py:149} INFO - [2024-10-13T09:28:15.717+0000] {dagbag.py:541} INFO - Filling up the DagBag from /home/airflow/.local/lib/python3.7/site-packages/airflow/example_dags/example_time_delta_sensor_async.py
[2024-10-13T09:28:15.721+0000] {processor.py:809} INFO - DAG(s) dict_keys(['example_time_delta_sensor_async']) retrieved from /home/airflow/.local/lib/python3.7/site-packages/airflow/example_dags/example_time_delta_sensor_async.py
[2024-10-13T09:28:15.762+0000] {logging_mixin.py:149} INFO - [2024-10-13T09:28:15.761+0000] {dag.py:2726} INFO - Sync 1 DAGs
[2024-10-13T09:28:15.807+0000] {logging_mixin.py:149} INFO - [2024-10-13T09:28:15.806+0000] {dag.py:3490} INFO - Setting next_dagrun for example_time_delta_sensor_async to None, run_after=None
[2024-10-13T09:28:15.828+0000] {processor.py:178} INFO - Processing /home/airflow/.local/lib/python3.7/site-packages/airflow/example_dags/example_time_delta_sensor_async.py took 0.117 seconds
[2024-10-13T09:28:46.912+0000] {processor.py:156} INFO - Started process (PID=265) to work on /home/airflow/.local/lib/python3.7/site-packages/airflow/example_dags/example_time_delta_sensor_async.py
[2024-10-13T09:28:46.913+0000] {processor.py:799} INFO - Processing file /home/airflow/.local/lib/python3.7/site-packages/airflow/example_dags/example_time_delta_sensor_async.py for tasks to queue
[2024-10-13T09:28:46.914+0000] {logging_mixin.py:149} INFO - [2024-10-13T09:28:46.914+0000] {dagbag.py:541} INFO - Filling up the DagBag from /home/airflow/.local/lib/python3.7/site-packages/airflow/example_dags/example_time_delta_sensor_async.py
[2024-10-13T09:28:46.918+0000] {processor.py:809} INFO - DAG(s) dict_keys(['example_time_delta_sensor_async']) retrieved from /home/airflow/.local/lib/python3.7/site-packages/airflow/example_dags/example_time_delta_sensor_async.py
[2024-10-13T09:28:46.946+0000] {logging_mixin.py:149} INFO - [2024-10-13T09:28:46.946+0000] {dag.py:2726} INFO - Sync 1 DAGs
[2024-10-13T09:28:46.979+0000] {logging_mixin.py:149} INFO - [2024-10-13T09:28:46.979+0000] {dag.py:3490} INFO - Setting next_dagrun for example_time_delta_sensor_async to None, run_after=None
[2024-10-13T09:28:47.006+0000] {processor.py:178} INFO - Processing /home/airflow/.local/lib/python3.7/site-packages/airflow/example_dags/example_time_delta_sensor_async.py took 0.098 seconds
[2024-10-13T09:29:17.389+0000] {processor.py:156} INFO - Started process (PID=326) to work on /home/airflow/.local/lib/python3.7/site-packages/airflow/example_dags/example_time_delta_sensor_async.py
[2024-10-13T09:29:17.390+0000] {processor.py:799} INFO - Processing file /home/airflow/.local/lib/python3.7/site-packages/airflow/example_dags/example_time_delta_sensor_async.py for tasks to queue
[2024-10-13T09:29:17.391+0000] {logging_mixin.py:149} INFO - [2024-10-13T09:29:17.391+0000] {dagbag.py:541} INFO - Filling up the DagBag from /home/airflow/.local/lib/python3.7/site-packages/airflow/example_dags/example_time_delta_sensor_async.py
[2024-10-13T09:29:17.396+0000] {processor.py:809} INFO - DAG(s) dict_keys(['example_time_delta_sensor_async']) retrieved from /home/airflow/.local/lib/python3.7/site-packages/airflow/example_dags/example_time_delta_sensor_async.py
[2024-10-13T09:29:17.431+0000] {logging_mixin.py:149} INFO - [2024-10-13T09:29:17.430+0000] {dag.py:2726} INFO - Sync 1 DAGs
[2024-10-13T09:29:17.467+0000] {logging_mixin.py:149} INFO - [2024-10-13T09:29:17.467+0000] {dag.py:3490} INFO - Setting next_dagrun for example_time_delta_sensor_async to None, run_after=None
[2024-10-13T09:29:17.492+0000] {processor.py:178} INFO - Processing /home/airflow/.local/lib/python3.7/site-packages/airflow/example_dags/example_time_delta_sensor_async.py took 0.107 seconds
[2024-10-13T09:29:47.893+0000] {processor.py:156} INFO - Started process (PID=387) to work on /home/airflow/.local/lib/python3.7/site-packages/airflow/example_dags/example_time_delta_sensor_async.py
[2024-10-13T09:29:47.894+0000] {processor.py:799} INFO - Processing file /home/airflow/.local/lib/python3.7/site-packages/airflow/example_dags/example_time_delta_sensor_async.py for tasks to queue
[2024-10-13T09:29:47.895+0000] {logging_mixin.py:149} INFO - [2024-10-13T09:29:47.895+0000] {dagbag.py:541} INFO - Filling up the DagBag from /home/airflow/.local/lib/python3.7/site-packages/airflow/example_dags/example_time_delta_sensor_async.py
[2024-10-13T09:29:47.900+0000] {processor.py:809} INFO - DAG(s) dict_keys(['example_time_delta_sensor_async']) retrieved from /home/airflow/.local/lib/python3.7/site-packages/airflow/example_dags/example_time_delta_sensor_async.py
[2024-10-13T09:29:47.929+0000] {logging_mixin.py:149} INFO - [2024-10-13T09:29:47.929+0000] {dag.py:2726} INFO - Sync 1 DAGs
[2024-10-13T09:29:47.957+0000] {logging_mixin.py:149} INFO - [2024-10-13T09:29:47.957+0000] {dag.py:3490} INFO - Setting next_dagrun for example_time_delta_sensor_async to None, run_after=None
[2024-10-13T09:29:47.978+0000] {processor.py:178} INFO - Processing /home/airflow/.local/lib/python3.7/site-packages/airflow/example_dags/example_time_delta_sensor_async.py took 0.089 seconds
[2024-10-13T09:30:18.381+0000] {processor.py:156} INFO - Started process (PID=448) to work on /home/airflow/.local/lib/python3.7/site-packages/airflow/example_dags/example_time_delta_sensor_async.py
[2024-10-13T09:30:18.382+0000] {processor.py:799} INFO - Processing file /home/airflow/.local/lib/python3.7/site-packages/airflow/example_dags/example_time_delta_sensor_async.py for tasks to queue
[2024-10-13T09:30:18.382+0000] {logging_mixin.py:149} INFO - [2024-10-13T09:30:18.382+0000] {dagbag.py:541} INFO - Filling up the DagBag from /home/airflow/.local/lib/python3.7/site-packages/airflow/example_dags/example_time_delta_sensor_async.py
[2024-10-13T09:30:18.387+0000] {processor.py:809} INFO - DAG(s) dict_keys(['example_time_delta_sensor_async']) retrieved from /home/airflow/.local/lib/python3.7/site-packages/airflow/example_dags/example_time_delta_sensor_async.py
[2024-10-13T09:30:18.416+0000] {logging_mixin.py:149} INFO - [2024-10-13T09:30:18.416+0000] {dag.py:2726} INFO - Sync 1 DAGs
[2024-10-13T09:30:18.447+0000] {logging_mixin.py:149} INFO - [2024-10-13T09:30:18.447+0000] {dag.py:3490} INFO - Setting next_dagrun for example_time_delta_sensor_async to None, run_after=None
[2024-10-13T09:30:18.468+0000] {processor.py:178} INFO - Processing /home/airflow/.local/lib/python3.7/site-packages/airflow/example_dags/example_time_delta_sensor_async.py took 0.091 seconds
[2024-10-13T09:30:49.071+0000] {processor.py:156} INFO - Started process (PID=509) to work on /home/airflow/.local/lib/python3.7/site-packages/airflow/example_dags/example_time_delta_sensor_async.py
[2024-10-13T09:30:49.072+0000] {processor.py:799} INFO - Processing file /home/airflow/.local/lib/python3.7/site-packages/airflow/example_dags/example_time_delta_sensor_async.py for tasks to queue
[2024-10-13T09:30:49.073+0000] {logging_mixin.py:149} INFO - [2024-10-13T09:30:49.073+0000] {dagbag.py:541} INFO - Filling up the DagBag from /home/airflow/.local/lib/python3.7/site-packages/airflow/example_dags/example_time_delta_sensor_async.py
[2024-10-13T09:30:49.079+0000] {processor.py:809} INFO - DAG(s) dict_keys(['example_time_delta_sensor_async']) retrieved from /home/airflow/.local/lib/python3.7/site-packages/airflow/example_dags/example_time_delta_sensor_async.py
[2024-10-13T09:30:49.125+0000] {logging_mixin.py:149} INFO - [2024-10-13T09:30:49.124+0000] {dag.py:2726} INFO - Sync 1 DAGs
[2024-10-13T09:30:49.176+0000] {logging_mixin.py:149} INFO - [2024-10-13T09:30:49.176+0000] {dag.py:3490} INFO - Setting next_dagrun for example_time_delta_sensor_async to None, run_after=None
[2024-10-13T09:30:49.212+0000] {processor.py:178} INFO - Processing /home/airflow/.local/lib/python3.7/site-packages/airflow/example_dags/example_time_delta_sensor_async.py took 0.147 seconds
[2024-10-13T09:31:19.724+0000] {processor.py:156} INFO - Started process (PID=570) to work on /home/airflow/.local/lib/python3.7/site-packages/airflow/example_dags/example_time_delta_sensor_async.py
[2024-10-13T09:31:19.725+0000] {processor.py:799} INFO - Processing file /home/airflow/.local/lib/python3.7/site-packages/airflow/example_dags/example_time_delta_sensor_async.py for tasks to queue
[2024-10-13T09:31:19.725+0000] {logging_mixin.py:149} INFO - [2024-10-13T09:31:19.725+0000] {dagbag.py:541} INFO - Filling up the DagBag from /home/airflow/.local/lib/python3.7/site-packages/airflow/example_dags/example_time_delta_sensor_async.py
[2024-10-13T09:31:19.731+0000] {processor.py:809} INFO - DAG(s) dict_keys(['example_time_delta_sensor_async']) retrieved from /home/airflow/.local/lib/python3.7/site-packages/airflow/example_dags/example_time_delta_sensor_async.py
[2024-10-13T09:31:19.763+0000] {logging_mixin.py:149} INFO - [2024-10-13T09:31:19.763+0000] {dag.py:2726} INFO - Sync 1 DAGs
[2024-10-13T09:31:19.804+0000] {logging_mixin.py:149} INFO - [2024-10-13T09:31:19.803+0000] {dag.py:3490} INFO - Setting next_dagrun for example_time_delta_sensor_async to None, run_after=None
[2024-10-13T09:31:19.827+0000] {processor.py:178} INFO - Processing /home/airflow/.local/lib/python3.7/site-packages/airflow/example_dags/example_time_delta_sensor_async.py took 0.108 seconds
[2024-10-13T09:31:50.716+0000] {processor.py:156} INFO - Started process (PID=631) to work on /home/airflow/.local/lib/python3.7/site-packages/airflow/example_dags/example_time_delta_sensor_async.py
[2024-10-13T09:31:50.717+0000] {processor.py:799} INFO - Processing file /home/airflow/.local/lib/python3.7/site-packages/airflow/example_dags/example_time_delta_sensor_async.py for tasks to queue
[2024-10-13T09:31:50.718+0000] {logging_mixin.py:149} INFO - [2024-10-13T09:31:50.718+0000] {dagbag.py:541} INFO - Filling up the DagBag from /home/airflow/.local/lib/python3.7/site-packages/airflow/example_dags/example_time_delta_sensor_async.py
[2024-10-13T09:31:50.725+0000] {processor.py:809} INFO - DAG(s) dict_keys(['example_time_delta_sensor_async']) retrieved from /home/airflow/.local/lib/python3.7/site-packages/airflow/example_dags/example_time_delta_sensor_async.py
[2024-10-13T09:31:50.762+0000] {logging_mixin.py:149} INFO - [2024-10-13T09:31:50.762+0000] {dag.py:2726} INFO - Sync 1 DAGs
[2024-10-13T09:31:50.796+0000] {logging_mixin.py:149} INFO - [2024-10-13T09:31:50.796+0000] {dag.py:3490} INFO - Setting next_dagrun for example_time_delta_sensor_async to None, run_after=None
[2024-10-13T09:31:50.818+0000] {processor.py:178} INFO - Processing /home/airflow/.local/lib/python3.7/site-packages/airflow/example_dags/example_time_delta_sensor_async.py took 0.105 seconds
[2024-10-13T09:32:21.131+0000] {processor.py:156} INFO - Started process (PID=692) to work on /home/airflow/.local/lib/python3.7/site-packages/airflow/example_dags/example_time_delta_sensor_async.py
[2024-10-13T09:32:21.132+0000] {processor.py:799} INFO - Processing file /home/airflow/.local/lib/python3.7/site-packages/airflow/example_dags/example_time_delta_sensor_async.py for tasks to queue
[2024-10-13T09:32:21.133+0000] {logging_mixin.py:149} INFO - [2024-10-13T09:32:21.132+0000] {dagbag.py:541} INFO - Filling up the DagBag from /home/airflow/.local/lib/python3.7/site-packages/airflow/example_dags/example_time_delta_sensor_async.py
[2024-10-13T09:32:21.137+0000] {processor.py:809} INFO - DAG(s) dict_keys(['example_time_delta_sensor_async']) retrieved from /home/airflow/.local/lib/python3.7/site-packages/airflow/example_dags/example_time_delta_sensor_async.py
[2024-10-13T09:32:21.164+0000] {logging_mixin.py:149} INFO - [2024-10-13T09:32:21.164+0000] {dag.py:2726} INFO - Sync 1 DAGs
[2024-10-13T09:32:21.193+0000] {logging_mixin.py:149} INFO - [2024-10-13T09:32:21.193+0000] {dag.py:3490} INFO - Setting next_dagrun for example_time_delta_sensor_async to None, run_after=None
[2024-10-13T09:32:21.213+0000] {processor.py:178} INFO - Processing /home/airflow/.local/lib/python3.7/site-packages/airflow/example_dags/example_time_delta_sensor_async.py took 0.086 seconds
[2024-10-13T09:32:51.682+0000] {processor.py:156} INFO - Started process (PID=753) to work on /home/airflow/.local/lib/python3.7/site-packages/airflow/example_dags/example_time_delta_sensor_async.py
[2024-10-13T09:32:51.683+0000] {processor.py:799} INFO - Processing file /home/airflow/.local/lib/python3.7/site-packages/airflow/example_dags/example_time_delta_sensor_async.py for tasks to queue
[2024-10-13T09:32:51.683+0000] {logging_mixin.py:149} INFO - [2024-10-13T09:32:51.683+0000] {dagbag.py:541} INFO - Filling up the DagBag from /home/airflow/.local/lib/python3.7/site-packages/airflow/example_dags/example_time_delta_sensor_async.py
[2024-10-13T09:32:51.688+0000] {processor.py:809} INFO - DAG(s) dict_keys(['example_time_delta_sensor_async']) retrieved from /home/airflow/.local/lib/python3.7/site-packages/airflow/example_dags/example_time_delta_sensor_async.py
[2024-10-13T09:32:51.716+0000] {logging_mixin.py:149} INFO - [2024-10-13T09:32:51.715+0000] {dag.py:2726} INFO - Sync 1 DAGs
[2024-10-13T09:32:51.750+0000] {logging_mixin.py:149} INFO - [2024-10-13T09:32:51.750+0000] {dag.py:3490} INFO - Setting next_dagrun for example_time_delta_sensor_async to None, run_after=None
[2024-10-13T09:32:51.778+0000] {processor.py:178} INFO - Processing /home/airflow/.local/lib/python3.7/site-packages/airflow/example_dags/example_time_delta_sensor_async.py took 0.100 seconds
[2024-10-13T09:33:22.620+0000] {processor.py:156} INFO - Started process (PID=814) to work on /home/airflow/.local/lib/python3.7/site-packages/airflow/example_dags/example_time_delta_sensor_async.py
[2024-10-13T09:33:22.621+0000] {processor.py:799} INFO - Processing file /home/airflow/.local/lib/python3.7/site-packages/airflow/example_dags/example_time_delta_sensor_async.py for tasks to queue
[2024-10-13T09:33:22.622+0000] {logging_mixin.py:149} INFO - [2024-10-13T09:33:22.622+0000] {dagbag.py:541} INFO - Filling up the DagBag from /home/airflow/.local/lib/python3.7/site-packages/airflow/example_dags/example_time_delta_sensor_async.py
[2024-10-13T09:33:22.629+0000] {processor.py:809} INFO - DAG(s) dict_keys(['example_time_delta_sensor_async']) retrieved from /home/airflow/.local/lib/python3.7/site-packages/airflow/example_dags/example_time_delta_sensor_async.py
[2024-10-13T09:33:22.669+0000] {logging_mixin.py:149} INFO - [2024-10-13T09:33:22.669+0000] {dag.py:2726} INFO - Sync 1 DAGs
[2024-10-13T09:33:22.707+0000] {logging_mixin.py:149} INFO - [2024-10-13T09:33:22.706+0000] {dag.py:3490} INFO - Setting next_dagrun for example_time_delta_sensor_async to None, run_after=None
[2024-10-13T09:33:22.730+0000] {processor.py:178} INFO - Processing /home/airflow/.local/lib/python3.7/site-packages/airflow/example_dags/example_time_delta_sensor_async.py took 0.115 seconds
[2024-10-13T09:33:53.058+0000] {processor.py:156} INFO - Started process (PID=876) to work on /home/airflow/.local/lib/python3.7/site-packages/airflow/example_dags/example_time_delta_sensor_async.py
[2024-10-13T09:33:53.059+0000] {processor.py:799} INFO - Processing file /home/airflow/.local/lib/python3.7/site-packages/airflow/example_dags/example_time_delta_sensor_async.py for tasks to queue
[2024-10-13T09:33:53.060+0000] {logging_mixin.py:149} INFO - [2024-10-13T09:33:53.060+0000] {dagbag.py:541} INFO - Filling up the DagBag from /home/airflow/.local/lib/python3.7/site-packages/airflow/example_dags/example_time_delta_sensor_async.py
[2024-10-13T09:33:53.065+0000] {processor.py:809} INFO - DAG(s) dict_keys(['example_time_delta_sensor_async']) retrieved from /home/airflow/.local/lib/python3.7/site-packages/airflow/example_dags/example_time_delta_sensor_async.py
[2024-10-13T09:33:53.095+0000] {logging_mixin.py:149} INFO - [2024-10-13T09:33:53.094+0000] {dag.py:2726} INFO - Sync 1 DAGs
[2024-10-13T09:33:53.128+0000] {logging_mixin.py:149} INFO - [2024-10-13T09:33:53.128+0000] {dag.py:3490} INFO - Setting next_dagrun for example_time_delta_sensor_async to None, run_after=None
[2024-10-13T09:33:53.151+0000] {processor.py:178} INFO - Processing /home/airflow/.local/lib/python3.7/site-packages/airflow/example_dags/example_time_delta_sensor_async.py took 0.097 seconds
[2024-10-13T09:34:23.736+0000] {processor.py:156} INFO - Started process (PID=937) to work on /home/airflow/.local/lib/python3.7/site-packages/airflow/example_dags/example_time_delta_sensor_async.py
[2024-10-13T09:34:23.737+0000] {processor.py:799} INFO - Processing file /home/airflow/.local/lib/python3.7/site-packages/airflow/example_dags/example_time_delta_sensor_async.py for tasks to queue
[2024-10-13T09:34:23.738+0000] {logging_mixin.py:149} INFO - [2024-10-13T09:34:23.738+0000] {dagbag.py:541} INFO - Filling up the DagBag from /home/airflow/.local/lib/python3.7/site-packages/airflow/example_dags/example_time_delta_sensor_async.py
[2024-10-13T09:34:23.744+0000] {processor.py:809} INFO - DAG(s) dict_keys(['example_time_delta_sensor_async']) retrieved from /home/airflow/.local/lib/python3.7/site-packages/airflow/example_dags/example_time_delta_sensor_async.py
[2024-10-13T09:34:23.793+0000] {logging_mixin.py:149} INFO - [2024-10-13T09:34:23.793+0000] {dag.py:2726} INFO - Sync 1 DAGs
[2024-10-13T09:34:23.844+0000] {logging_mixin.py:149} INFO - [2024-10-13T09:34:23.844+0000] {dag.py:3490} INFO - Setting next_dagrun for example_time_delta_sensor_async to None, run_after=None
[2024-10-13T09:34:23.867+0000] {processor.py:178} INFO - Processing /home/airflow/.local/lib/python3.7/site-packages/airflow/example_dags/example_time_delta_sensor_async.py took 0.137 seconds
[2024-10-13T09:34:54.323+0000] {processor.py:156} INFO - Started process (PID=998) to work on /home/airflow/.local/lib/python3.7/site-packages/airflow/example_dags/example_time_delta_sensor_async.py
[2024-10-13T09:34:54.324+0000] {processor.py:799} INFO - Processing file /home/airflow/.local/lib/python3.7/site-packages/airflow/example_dags/example_time_delta_sensor_async.py for tasks to queue
[2024-10-13T09:34:54.325+0000] {logging_mixin.py:149} INFO - [2024-10-13T09:34:54.325+0000] {dagbag.py:541} INFO - Filling up the DagBag from /home/airflow/.local/lib/python3.7/site-packages/airflow/example_dags/example_time_delta_sensor_async.py
[2024-10-13T09:34:54.330+0000] {processor.py:809} INFO - DAG(s) dict_keys(['example_time_delta_sensor_async']) retrieved from /home/airflow/.local/lib/python3.7/site-packages/airflow/example_dags/example_time_delta_sensor_async.py
[2024-10-13T09:34:54.360+0000] {logging_mixin.py:149} INFO - [2024-10-13T09:34:54.359+0000] {dag.py:2726} INFO - Sync 1 DAGs
[2024-10-13T09:34:54.394+0000] {logging_mixin.py:149} INFO - [2024-10-13T09:34:54.394+0000] {dag.py:3490} INFO - Setting next_dagrun for example_time_delta_sensor_async to None, run_after=None
[2024-10-13T09:34:54.417+0000] {processor.py:178} INFO - Processing /home/airflow/.local/lib/python3.7/site-packages/airflow/example_dags/example_time_delta_sensor_async.py took 0.098 seconds
[2024-10-13T09:35:25.462+0000] {processor.py:156} INFO - Started process (PID=1068) to work on /home/airflow/.local/lib/python3.7/site-packages/airflow/example_dags/example_time_delta_sensor_async.py
[2024-10-13T09:35:25.463+0000] {processor.py:799} INFO - Processing file /home/airflow/.local/lib/python3.7/site-packages/airflow/example_dags/example_time_delta_sensor_async.py for tasks to queue
[2024-10-13T09:35:25.463+0000] {logging_mixin.py:149} INFO - [2024-10-13T09:35:25.463+0000] {dagbag.py:541} INFO - Filling up the DagBag from /home/airflow/.local/lib/python3.7/site-packages/airflow/example_dags/example_time_delta_sensor_async.py
[2024-10-13T09:35:25.468+0000] {processor.py:809} INFO - DAG(s) dict_keys(['example_time_delta_sensor_async']) retrieved from /home/airflow/.local/lib/python3.7/site-packages/airflow/example_dags/example_time_delta_sensor_async.py
[2024-10-13T09:35:25.495+0000] {logging_mixin.py:149} INFO - [2024-10-13T09:35:25.495+0000] {dag.py:2726} INFO - Sync 1 DAGs
[2024-10-13T09:35:25.524+0000] {logging_mixin.py:149} INFO - [2024-10-13T09:35:25.524+0000] {dag.py:3490} INFO - Setting next_dagrun for example_time_delta_sensor_async to None, run_after=None
[2024-10-13T09:35:25.545+0000] {processor.py:178} INFO - Processing /home/airflow/.local/lib/python3.7/site-packages/airflow/example_dags/example_time_delta_sensor_async.py took 0.087 seconds
[2024-10-13T09:35:56.288+0000] {processor.py:156} INFO - Started process (PID=1129) to work on /home/airflow/.local/lib/python3.7/site-packages/airflow/example_dags/example_time_delta_sensor_async.py
[2024-10-13T09:35:56.289+0000] {processor.py:799} INFO - Processing file /home/airflow/.local/lib/python3.7/site-packages/airflow/example_dags/example_time_delta_sensor_async.py for tasks to queue
[2024-10-13T09:35:56.290+0000] {logging_mixin.py:149} INFO - [2024-10-13T09:35:56.290+0000] {dagbag.py:541} INFO - Filling up the DagBag from /home/airflow/.local/lib/python3.7/site-packages/airflow/example_dags/example_time_delta_sensor_async.py
[2024-10-13T09:35:56.294+0000] {processor.py:809} INFO - DAG(s) dict_keys(['example_time_delta_sensor_async']) retrieved from /home/airflow/.local/lib/python3.7/site-packages/airflow/example_dags/example_time_delta_sensor_async.py
[2024-10-13T09:35:56.342+0000] {logging_mixin.py:149} INFO - [2024-10-13T09:35:56.341+0000] {dag.py:2726} INFO - Sync 1 DAGs
[2024-10-13T09:35:56.394+0000] {logging_mixin.py:149} INFO - [2024-10-13T09:35:56.394+0000] {dag.py:3490} INFO - Setting next_dagrun for example_time_delta_sensor_async to None, run_after=None
[2024-10-13T09:35:56.423+0000] {processor.py:178} INFO - Processing /home/airflow/.local/lib/python3.7/site-packages/airflow/example_dags/example_time_delta_sensor_async.py took 0.139 seconds
[2024-10-13T09:36:26.797+0000] {processor.py:156} INFO - Started process (PID=1191) to work on /home/airflow/.local/lib/python3.7/site-packages/airflow/example_dags/example_time_delta_sensor_async.py
[2024-10-13T09:36:26.798+0000] {processor.py:799} INFO - Processing file /home/airflow/.local/lib/python3.7/site-packages/airflow/example_dags/example_time_delta_sensor_async.py for tasks to queue
[2024-10-13T09:36:26.799+0000] {logging_mixin.py:149} INFO - [2024-10-13T09:36:26.799+0000] {dagbag.py:541} INFO - Filling up the DagBag from /home/airflow/.local/lib/python3.7/site-packages/airflow/example_dags/example_time_delta_sensor_async.py
[2024-10-13T09:36:26.803+0000] {processor.py:809} INFO - DAG(s) dict_keys(['example_time_delta_sensor_async']) retrieved from /home/airflow/.local/lib/python3.7/site-packages/airflow/example_dags/example_time_delta_sensor_async.py
[2024-10-13T09:36:26.834+0000] {logging_mixin.py:149} INFO - [2024-10-13T09:36:26.834+0000] {dag.py:2726} INFO - Sync 1 DAGs
[2024-10-13T09:36:26.867+0000] {logging_mixin.py:149} INFO - [2024-10-13T09:36:26.866+0000] {dag.py:3490} INFO - Setting next_dagrun for example_time_delta_sensor_async to None, run_after=None
[2024-10-13T09:36:26.891+0000] {processor.py:178} INFO - Processing /home/airflow/.local/lib/python3.7/site-packages/airflow/example_dags/example_time_delta_sensor_async.py took 0.098 seconds
[2024-10-13T09:36:57.749+0000] {processor.py:156} INFO - Started process (PID=1252) to work on /home/airflow/.local/lib/python3.7/site-packages/airflow/example_dags/example_time_delta_sensor_async.py
[2024-10-13T09:36:57.750+0000] {processor.py:799} INFO - Processing file /home/airflow/.local/lib/python3.7/site-packages/airflow/example_dags/example_time_delta_sensor_async.py for tasks to queue
[2024-10-13T09:36:57.751+0000] {logging_mixin.py:149} INFO - [2024-10-13T09:36:57.751+0000] {dagbag.py:541} INFO - Filling up the DagBag from /home/airflow/.local/lib/python3.7/site-packages/airflow/example_dags/example_time_delta_sensor_async.py
[2024-10-13T09:36:57.755+0000] {processor.py:809} INFO - DAG(s) dict_keys(['example_time_delta_sensor_async']) retrieved from /home/airflow/.local/lib/python3.7/site-packages/airflow/example_dags/example_time_delta_sensor_async.py
[2024-10-13T09:36:57.783+0000] {logging_mixin.py:149} INFO - [2024-10-13T09:36:57.783+0000] {dag.py:2726} INFO - Sync 1 DAGs
[2024-10-13T09:36:57.812+0000] {logging_mixin.py:149} INFO - [2024-10-13T09:36:57.812+0000] {dag.py:3490} INFO - Setting next_dagrun for example_time_delta_sensor_async to None, run_after=None
[2024-10-13T09:36:57.832+0000] {processor.py:178} INFO - Processing /home/airflow/.local/lib/python3.7/site-packages/airflow/example_dags/example_time_delta_sensor_async.py took 0.087 seconds
[2024-10-13T09:37:28.220+0000] {processor.py:156} INFO - Started process (PID=1314) to work on /home/airflow/.local/lib/python3.7/site-packages/airflow/example_dags/example_time_delta_sensor_async.py
[2024-10-13T09:37:28.221+0000] {processor.py:799} INFO - Processing file /home/airflow/.local/lib/python3.7/site-packages/airflow/example_dags/example_time_delta_sensor_async.py for tasks to queue
[2024-10-13T09:37:28.221+0000] {logging_mixin.py:149} INFO - [2024-10-13T09:37:28.221+0000] {dagbag.py:541} INFO - Filling up the DagBag from /home/airflow/.local/lib/python3.7/site-packages/airflow/example_dags/example_time_delta_sensor_async.py
[2024-10-13T09:37:28.226+0000] {processor.py:809} INFO - DAG(s) dict_keys(['example_time_delta_sensor_async']) retrieved from /home/airflow/.local/lib/python3.7/site-packages/airflow/example_dags/example_time_delta_sensor_async.py
[2024-10-13T09:37:28.253+0000] {logging_mixin.py:149} INFO - [2024-10-13T09:37:28.253+0000] {dag.py:2726} INFO - Sync 1 DAGs
[2024-10-13T09:37:28.280+0000] {logging_mixin.py:149} INFO - [2024-10-13T09:37:28.279+0000] {dag.py:3490} INFO - Setting next_dagrun for example_time_delta_sensor_async to None, run_after=None
[2024-10-13T09:37:28.301+0000] {processor.py:178} INFO - Processing /home/airflow/.local/lib/python3.7/site-packages/airflow/example_dags/example_time_delta_sensor_async.py took 0.085 seconds
[2024-10-13T09:37:58.716+0000] {processor.py:156} INFO - Started process (PID=1374) to work on /home/airflow/.local/lib/python3.7/site-packages/airflow/example_dags/example_time_delta_sensor_async.py
[2024-10-13T09:37:58.717+0000] {processor.py:799} INFO - Processing file /home/airflow/.local/lib/python3.7/site-packages/airflow/example_dags/example_time_delta_sensor_async.py for tasks to queue
[2024-10-13T09:37:58.718+0000] {logging_mixin.py:149} INFO - [2024-10-13T09:37:58.718+0000] {dagbag.py:541} INFO - Filling up the DagBag from /home/airflow/.local/lib/python3.7/site-packages/airflow/example_dags/example_time_delta_sensor_async.py
[2024-10-13T09:37:58.724+0000] {processor.py:809} INFO - DAG(s) dict_keys(['example_time_delta_sensor_async']) retrieved from /home/airflow/.local/lib/python3.7/site-packages/airflow/example_dags/example_time_delta_sensor_async.py
[2024-10-13T09:37:58.763+0000] {logging_mixin.py:149} INFO - [2024-10-13T09:37:58.763+0000] {dag.py:2726} INFO - Sync 1 DAGs
[2024-10-13T09:37:58.804+0000] {logging_mixin.py:149} INFO - [2024-10-13T09:37:58.804+0000] {dag.py:3490} INFO - Setting next_dagrun for example_time_delta_sensor_async to None, run_after=None
[2024-10-13T09:37:58.825+0000] {processor.py:178} INFO - Processing /home/airflow/.local/lib/python3.7/site-packages/airflow/example_dags/example_time_delta_sensor_async.py took 0.114 seconds
[2024-10-13T09:38:29.485+0000] {processor.py:156} INFO - Started process (PID=1435) to work on /home/airflow/.local/lib/python3.7/site-packages/airflow/example_dags/example_time_delta_sensor_async.py
[2024-10-13T09:38:29.486+0000] {processor.py:799} INFO - Processing file /home/airflow/.local/lib/python3.7/site-packages/airflow/example_dags/example_time_delta_sensor_async.py for tasks to queue
[2024-10-13T09:38:29.487+0000] {logging_mixin.py:149} INFO - [2024-10-13T09:38:29.487+0000] {dagbag.py:541} INFO - Filling up the DagBag from /home/airflow/.local/lib/python3.7/site-packages/airflow/example_dags/example_time_delta_sensor_async.py
[2024-10-13T09:38:29.491+0000] {processor.py:809} INFO - DAG(s) dict_keys(['example_time_delta_sensor_async']) retrieved from /home/airflow/.local/lib/python3.7/site-packages/airflow/example_dags/example_time_delta_sensor_async.py
[2024-10-13T09:38:29.521+0000] {logging_mixin.py:149} INFO - [2024-10-13T09:38:29.521+0000] {dag.py:2726} INFO - Sync 1 DAGs
[2024-10-13T09:38:29.561+0000] {logging_mixin.py:149} INFO - [2024-10-13T09:38:29.561+0000] {dag.py:3490} INFO - Setting next_dagrun for example_time_delta_sensor_async to None, run_after=None
[2024-10-13T09:38:29.588+0000] {processor.py:178} INFO - Processing /home/airflow/.local/lib/python3.7/site-packages/airflow/example_dags/example_time_delta_sensor_async.py took 0.107 seconds
[2024-10-13T09:39:00.082+0000] {processor.py:156} INFO - Started process (PID=1496) to work on /home/airflow/.local/lib/python3.7/site-packages/airflow/example_dags/example_time_delta_sensor_async.py
[2024-10-13T09:39:00.083+0000] {processor.py:799} INFO - Processing file /home/airflow/.local/lib/python3.7/site-packages/airflow/example_dags/example_time_delta_sensor_async.py for tasks to queue
[2024-10-13T09:39:00.084+0000] {logging_mixin.py:149} INFO - [2024-10-13T09:39:00.083+0000] {dagbag.py:541} INFO - Filling up the DagBag from /home/airflow/.local/lib/python3.7/site-packages/airflow/example_dags/example_time_delta_sensor_async.py
[2024-10-13T09:39:00.088+0000] {processor.py:809} INFO - DAG(s) dict_keys(['example_time_delta_sensor_async']) retrieved from /home/airflow/.local/lib/python3.7/site-packages/airflow/example_dags/example_time_delta_sensor_async.py
[2024-10-13T09:39:00.114+0000] {logging_mixin.py:149} INFO - [2024-10-13T09:39:00.114+0000] {dag.py:2726} INFO - Sync 1 DAGs
[2024-10-13T09:39:00.141+0000] {logging_mixin.py:149} INFO - [2024-10-13T09:39:00.141+0000] {dag.py:3490} INFO - Setting next_dagrun for example_time_delta_sensor_async to None, run_after=None
[2024-10-13T09:39:00.161+0000] {processor.py:178} INFO - Processing /home/airflow/.local/lib/python3.7/site-packages/airflow/example_dags/example_time_delta_sensor_async.py took 0.082 seconds
[2024-10-13T09:39:30.701+0000] {processor.py:156} INFO - Started process (PID=1557) to work on /home/airflow/.local/lib/python3.7/site-packages/airflow/example_dags/example_time_delta_sensor_async.py
[2024-10-13T09:39:30.702+0000] {processor.py:799} INFO - Processing file /home/airflow/.local/lib/python3.7/site-packages/airflow/example_dags/example_time_delta_sensor_async.py for tasks to queue
[2024-10-13T09:39:30.703+0000] {logging_mixin.py:149} INFO - [2024-10-13T09:39:30.703+0000] {dagbag.py:541} INFO - Filling up the DagBag from /home/airflow/.local/lib/python3.7/site-packages/airflow/example_dags/example_time_delta_sensor_async.py
[2024-10-13T09:39:30.707+0000] {processor.py:809} INFO - DAG(s) dict_keys(['example_time_delta_sensor_async']) retrieved from /home/airflow/.local/lib/python3.7/site-packages/airflow/example_dags/example_time_delta_sensor_async.py
[2024-10-13T09:39:30.737+0000] {logging_mixin.py:149} INFO - [2024-10-13T09:39:30.737+0000] {dag.py:2726} INFO - Sync 1 DAGs
[2024-10-13T09:39:30.776+0000] {logging_mixin.py:149} INFO - [2024-10-13T09:39:30.775+0000] {dag.py:3490} INFO - Setting next_dagrun for example_time_delta_sensor_async to None, run_after=None
[2024-10-13T09:39:30.797+0000] {processor.py:178} INFO - Processing /home/airflow/.local/lib/python3.7/site-packages/airflow/example_dags/example_time_delta_sensor_async.py took 0.100 seconds
[2024-10-13T09:40:01.106+0000] {processor.py:156} INFO - Started process (PID=1618) to work on /home/airflow/.local/lib/python3.7/site-packages/airflow/example_dags/example_time_delta_sensor_async.py
[2024-10-13T09:40:01.107+0000] {processor.py:799} INFO - Processing file /home/airflow/.local/lib/python3.7/site-packages/airflow/example_dags/example_time_delta_sensor_async.py for tasks to queue
[2024-10-13T09:40:01.108+0000] {logging_mixin.py:149} INFO - [2024-10-13T09:40:01.108+0000] {dagbag.py:541} INFO - Filling up the DagBag from /home/airflow/.local/lib/python3.7/site-packages/airflow/example_dags/example_time_delta_sensor_async.py
[2024-10-13T09:40:01.112+0000] {processor.py:809} INFO - DAG(s) dict_keys(['example_time_delta_sensor_async']) retrieved from /home/airflow/.local/lib/python3.7/site-packages/airflow/example_dags/example_time_delta_sensor_async.py
[2024-10-13T09:40:01.147+0000] {logging_mixin.py:149} INFO - [2024-10-13T09:40:01.147+0000] {dag.py:2726} INFO - Sync 1 DAGs
[2024-10-13T09:40:01.182+0000] {logging_mixin.py:149} INFO - [2024-10-13T09:40:01.182+0000] {dag.py:3490} INFO - Setting next_dagrun for example_time_delta_sensor_async to None, run_after=None
[2024-10-13T09:40:01.203+0000] {processor.py:178} INFO - Processing /home/airflow/.local/lib/python3.7/site-packages/airflow/example_dags/example_time_delta_sensor_async.py took 0.100 seconds
[2024-10-13T09:40:32.234+0000] {processor.py:156} INFO - Started process (PID=1679) to work on /home/airflow/.local/lib/python3.7/site-packages/airflow/example_dags/example_time_delta_sensor_async.py
[2024-10-13T09:40:32.235+0000] {processor.py:799} INFO - Processing file /home/airflow/.local/lib/python3.7/site-packages/airflow/example_dags/example_time_delta_sensor_async.py for tasks to queue
[2024-10-13T09:40:32.235+0000] {logging_mixin.py:149} INFO - [2024-10-13T09:40:32.235+0000] {dagbag.py:541} INFO - Filling up the DagBag from /home/airflow/.local/lib/python3.7/site-packages/airflow/example_dags/example_time_delta_sensor_async.py
[2024-10-13T09:40:32.239+0000] {processor.py:809} INFO - DAG(s) dict_keys(['example_time_delta_sensor_async']) retrieved from /home/airflow/.local/lib/python3.7/site-packages/airflow/example_dags/example_time_delta_sensor_async.py
[2024-10-13T09:40:32.267+0000] {logging_mixin.py:149} INFO - [2024-10-13T09:40:32.267+0000] {dag.py:2726} INFO - Sync 1 DAGs
[2024-10-13T09:40:32.303+0000] {logging_mixin.py:149} INFO - [2024-10-13T09:40:32.303+0000] {dag.py:3490} INFO - Setting next_dagrun for example_time_delta_sensor_async to None, run_after=None
[2024-10-13T09:40:32.323+0000] {processor.py:178} INFO - Processing /home/airflow/.local/lib/python3.7/site-packages/airflow/example_dags/example_time_delta_sensor_async.py took 0.093 seconds
[2024-10-13T09:41:02.752+0000] {processor.py:156} INFO - Started process (PID=1740) to work on /home/airflow/.local/lib/python3.7/site-packages/airflow/example_dags/example_time_delta_sensor_async.py
[2024-10-13T09:41:02.753+0000] {processor.py:799} INFO - Processing file /home/airflow/.local/lib/python3.7/site-packages/airflow/example_dags/example_time_delta_sensor_async.py for tasks to queue
[2024-10-13T09:41:02.754+0000] {logging_mixin.py:149} INFO - [2024-10-13T09:41:02.754+0000] {dagbag.py:541} INFO - Filling up the DagBag from /home/airflow/.local/lib/python3.7/site-packages/airflow/example_dags/example_time_delta_sensor_async.py
[2024-10-13T09:41:02.758+0000] {processor.py:809} INFO - DAG(s) dict_keys(['example_time_delta_sensor_async']) retrieved from /home/airflow/.local/lib/python3.7/site-packages/airflow/example_dags/example_time_delta_sensor_async.py
[2024-10-13T09:41:02.786+0000] {logging_mixin.py:149} INFO - [2024-10-13T09:41:02.786+0000] {dag.py:2726} INFO - Sync 1 DAGs
[2024-10-13T09:41:02.813+0000] {logging_mixin.py:149} INFO - [2024-10-13T09:41:02.813+0000] {dag.py:3490} INFO - Setting next_dagrun for example_time_delta_sensor_async to None, run_after=None
[2024-10-13T09:41:02.832+0000] {processor.py:178} INFO - Processing /home/airflow/.local/lib/python3.7/site-packages/airflow/example_dags/example_time_delta_sensor_async.py took 0.084 seconds
[2024-10-13T09:41:33.303+0000] {processor.py:156} INFO - Started process (PID=1801) to work on /home/airflow/.local/lib/python3.7/site-packages/airflow/example_dags/example_time_delta_sensor_async.py
[2024-10-13T09:41:33.304+0000] {processor.py:799} INFO - Processing file /home/airflow/.local/lib/python3.7/site-packages/airflow/example_dags/example_time_delta_sensor_async.py for tasks to queue
[2024-10-13T09:41:33.305+0000] {logging_mixin.py:149} INFO - [2024-10-13T09:41:33.305+0000] {dagbag.py:541} INFO - Filling up the DagBag from /home/airflow/.local/lib/python3.7/site-packages/airflow/example_dags/example_time_delta_sensor_async.py
[2024-10-13T09:41:33.309+0000] {processor.py:809} INFO - DAG(s) dict_keys(['example_time_delta_sensor_async']) retrieved from /home/airflow/.local/lib/python3.7/site-packages/airflow/example_dags/example_time_delta_sensor_async.py
[2024-10-13T09:41:33.336+0000] {logging_mixin.py:149} INFO - [2024-10-13T09:41:33.335+0000] {dag.py:2726} INFO - Sync 1 DAGs
[2024-10-13T09:41:33.363+0000] {logging_mixin.py:149} INFO - [2024-10-13T09:41:33.363+0000] {dag.py:3490} INFO - Setting next_dagrun for example_time_delta_sensor_async to None, run_after=None
[2024-10-13T09:41:33.382+0000] {processor.py:178} INFO - Processing /home/airflow/.local/lib/python3.7/site-packages/airflow/example_dags/example_time_delta_sensor_async.py took 0.082 seconds
[2024-10-13T09:42:03.752+0000] {processor.py:156} INFO - Started process (PID=1862) to work on /home/airflow/.local/lib/python3.7/site-packages/airflow/example_dags/example_time_delta_sensor_async.py
[2024-10-13T09:42:03.753+0000] {processor.py:799} INFO - Processing file /home/airflow/.local/lib/python3.7/site-packages/airflow/example_dags/example_time_delta_sensor_async.py for tasks to queue
[2024-10-13T09:42:03.754+0000] {logging_mixin.py:149} INFO - [2024-10-13T09:42:03.754+0000] {dagbag.py:541} INFO - Filling up the DagBag from /home/airflow/.local/lib/python3.7/site-packages/airflow/example_dags/example_time_delta_sensor_async.py
[2024-10-13T09:42:03.758+0000] {processor.py:809} INFO - DAG(s) dict_keys(['example_time_delta_sensor_async']) retrieved from /home/airflow/.local/lib/python3.7/site-packages/airflow/example_dags/example_time_delta_sensor_async.py
[2024-10-13T09:42:03.786+0000] {logging_mixin.py:149} INFO - [2024-10-13T09:42:03.786+0000] {dag.py:2726} INFO - Sync 1 DAGs
[2024-10-13T09:42:03.813+0000] {logging_mixin.py:149} INFO - [2024-10-13T09:42:03.813+0000] {dag.py:3490} INFO - Setting next_dagrun for example_time_delta_sensor_async to None, run_after=None
[2024-10-13T09:42:03.833+0000] {processor.py:178} INFO - Processing /home/airflow/.local/lib/python3.7/site-packages/airflow/example_dags/example_time_delta_sensor_async.py took 0.085 seconds
[2024-10-13T09:42:34.390+0000] {processor.py:156} INFO - Started process (PID=1923) to work on /home/airflow/.local/lib/python3.7/site-packages/airflow/example_dags/example_time_delta_sensor_async.py
[2024-10-13T09:42:34.391+0000] {processor.py:799} INFO - Processing file /home/airflow/.local/lib/python3.7/site-packages/airflow/example_dags/example_time_delta_sensor_async.py for tasks to queue
[2024-10-13T09:42:34.392+0000] {logging_mixin.py:149} INFO - [2024-10-13T09:42:34.392+0000] {dagbag.py:541} INFO - Filling up the DagBag from /home/airflow/.local/lib/python3.7/site-packages/airflow/example_dags/example_time_delta_sensor_async.py
[2024-10-13T09:42:34.396+0000] {processor.py:809} INFO - DAG(s) dict_keys(['example_time_delta_sensor_async']) retrieved from /home/airflow/.local/lib/python3.7/site-packages/airflow/example_dags/example_time_delta_sensor_async.py
[2024-10-13T09:42:34.432+0000] {logging_mixin.py:149} INFO - [2024-10-13T09:42:34.431+0000] {dag.py:2726} INFO - Sync 1 DAGs
[2024-10-13T09:42:34.463+0000] {logging_mixin.py:149} INFO - [2024-10-13T09:42:34.463+0000] {dag.py:3490} INFO - Setting next_dagrun for example_time_delta_sensor_async to None, run_after=None
[2024-10-13T09:42:34.489+0000] {processor.py:178} INFO - Processing /home/airflow/.local/lib/python3.7/site-packages/airflow/example_dags/example_time_delta_sensor_async.py took 0.103 seconds
[2024-10-13T09:43:05.600+0000] {processor.py:156} INFO - Started process (PID=1984) to work on /home/airflow/.local/lib/python3.7/site-packages/airflow/example_dags/example_time_delta_sensor_async.py
[2024-10-13T09:43:05.601+0000] {processor.py:799} INFO - Processing file /home/airflow/.local/lib/python3.7/site-packages/airflow/example_dags/example_time_delta_sensor_async.py for tasks to queue
[2024-10-13T09:43:05.602+0000] {logging_mixin.py:149} INFO - [2024-10-13T09:43:05.602+0000] {dagbag.py:541} INFO - Filling up the DagBag from /home/airflow/.local/lib/python3.7/site-packages/airflow/example_dags/example_time_delta_sensor_async.py
[2024-10-13T09:43:05.606+0000] {processor.py:809} INFO - DAG(s) dict_keys(['example_time_delta_sensor_async']) retrieved from /home/airflow/.local/lib/python3.7/site-packages/airflow/example_dags/example_time_delta_sensor_async.py
[2024-10-13T09:43:05.631+0000] {logging_mixin.py:149} INFO - [2024-10-13T09:43:05.631+0000] {dag.py:2726} INFO - Sync 1 DAGs
[2024-10-13T09:43:05.658+0000] {logging_mixin.py:149} INFO - [2024-10-13T09:43:05.658+0000] {dag.py:3490} INFO - Setting next_dagrun for example_time_delta_sensor_async to None, run_after=None
[2024-10-13T09:43:05.681+0000] {processor.py:178} INFO - Processing /home/airflow/.local/lib/python3.7/site-packages/airflow/example_dags/example_time_delta_sensor_async.py took 0.084 seconds
[2024-10-13T09:43:36.653+0000] {processor.py:156} INFO - Started process (PID=2045) to work on /home/airflow/.local/lib/python3.7/site-packages/airflow/example_dags/example_time_delta_sensor_async.py
[2024-10-13T09:43:36.654+0000] {processor.py:799} INFO - Processing file /home/airflow/.local/lib/python3.7/site-packages/airflow/example_dags/example_time_delta_sensor_async.py for tasks to queue
[2024-10-13T09:43:36.654+0000] {logging_mixin.py:149} INFO - [2024-10-13T09:43:36.654+0000] {dagbag.py:541} INFO - Filling up the DagBag from /home/airflow/.local/lib/python3.7/site-packages/airflow/example_dags/example_time_delta_sensor_async.py
[2024-10-13T09:43:36.659+0000] {processor.py:809} INFO - DAG(s) dict_keys(['example_time_delta_sensor_async']) retrieved from /home/airflow/.local/lib/python3.7/site-packages/airflow/example_dags/example_time_delta_sensor_async.py
[2024-10-13T09:43:36.685+0000] {logging_mixin.py:149} INFO - [2024-10-13T09:43:36.685+0000] {dag.py:2726} INFO - Sync 1 DAGs
[2024-10-13T09:43:36.714+0000] {logging_mixin.py:149} INFO - [2024-10-13T09:43:36.714+0000] {dag.py:3490} INFO - Setting next_dagrun for example_time_delta_sensor_async to None, run_after=None
[2024-10-13T09:43:36.737+0000] {processor.py:178} INFO - Processing /home/airflow/.local/lib/python3.7/site-packages/airflow/example_dags/example_time_delta_sensor_async.py took 0.088 seconds
[2024-10-13T09:44:07.107+0000] {processor.py:156} INFO - Started process (PID=2106) to work on /home/airflow/.local/lib/python3.7/site-packages/airflow/example_dags/example_time_delta_sensor_async.py
[2024-10-13T09:44:07.108+0000] {processor.py:799} INFO - Processing file /home/airflow/.local/lib/python3.7/site-packages/airflow/example_dags/example_time_delta_sensor_async.py for tasks to queue
[2024-10-13T09:44:07.109+0000] {logging_mixin.py:149} INFO - [2024-10-13T09:44:07.109+0000] {dagbag.py:541} INFO - Filling up the DagBag from /home/airflow/.local/lib/python3.7/site-packages/airflow/example_dags/example_time_delta_sensor_async.py
[2024-10-13T09:44:07.114+0000] {processor.py:809} INFO - DAG(s) dict_keys(['example_time_delta_sensor_async']) retrieved from /home/airflow/.local/lib/python3.7/site-packages/airflow/example_dags/example_time_delta_sensor_async.py
[2024-10-13T09:44:07.140+0000] {logging_mixin.py:149} INFO - [2024-10-13T09:44:07.140+0000] {dag.py:2726} INFO - Sync 1 DAGs
[2024-10-13T09:44:07.167+0000] {logging_mixin.py:149} INFO - [2024-10-13T09:44:07.167+0000] {dag.py:3490} INFO - Setting next_dagrun for example_time_delta_sensor_async to None, run_after=None
[2024-10-13T09:44:07.186+0000] {processor.py:178} INFO - Processing /home/airflow/.local/lib/python3.7/site-packages/airflow/example_dags/example_time_delta_sensor_async.py took 0.084 seconds
[2024-10-13T09:44:37.528+0000] {processor.py:156} INFO - Started process (PID=2167) to work on /home/airflow/.local/lib/python3.7/site-packages/airflow/example_dags/example_time_delta_sensor_async.py
[2024-10-13T09:44:37.529+0000] {processor.py:799} INFO - Processing file /home/airflow/.local/lib/python3.7/site-packages/airflow/example_dags/example_time_delta_sensor_async.py for tasks to queue
[2024-10-13T09:44:37.530+0000] {logging_mixin.py:149} INFO - [2024-10-13T09:44:37.530+0000] {dagbag.py:541} INFO - Filling up the DagBag from /home/airflow/.local/lib/python3.7/site-packages/airflow/example_dags/example_time_delta_sensor_async.py
[2024-10-13T09:44:37.534+0000] {processor.py:809} INFO - DAG(s) dict_keys(['example_time_delta_sensor_async']) retrieved from /home/airflow/.local/lib/python3.7/site-packages/airflow/example_dags/example_time_delta_sensor_async.py
[2024-10-13T09:44:37.560+0000] {logging_mixin.py:149} INFO - [2024-10-13T09:44:37.560+0000] {dag.py:2726} INFO - Sync 1 DAGs
[2024-10-13T09:44:37.591+0000] {logging_mixin.py:149} INFO - [2024-10-13T09:44:37.590+0000] {dag.py:3490} INFO - Setting next_dagrun for example_time_delta_sensor_async to None, run_after=None
[2024-10-13T09:44:37.610+0000] {processor.py:178} INFO - Processing /home/airflow/.local/lib/python3.7/site-packages/airflow/example_dags/example_time_delta_sensor_async.py took 0.086 seconds
[2024-10-13T09:45:07.959+0000] {processor.py:156} INFO - Started process (PID=2228) to work on /home/airflow/.local/lib/python3.7/site-packages/airflow/example_dags/example_time_delta_sensor_async.py
[2024-10-13T09:45:07.960+0000] {processor.py:799} INFO - Processing file /home/airflow/.local/lib/python3.7/site-packages/airflow/example_dags/example_time_delta_sensor_async.py for tasks to queue
[2024-10-13T09:45:07.960+0000] {logging_mixin.py:149} INFO - [2024-10-13T09:45:07.960+0000] {dagbag.py:541} INFO - Filling up the DagBag from /home/airflow/.local/lib/python3.7/site-packages/airflow/example_dags/example_time_delta_sensor_async.py
[2024-10-13T09:45:07.965+0000] {processor.py:809} INFO - DAG(s) dict_keys(['example_time_delta_sensor_async']) retrieved from /home/airflow/.local/lib/python3.7/site-packages/airflow/example_dags/example_time_delta_sensor_async.py
[2024-10-13T09:45:07.991+0000] {logging_mixin.py:149} INFO - [2024-10-13T09:45:07.991+0000] {dag.py:2726} INFO - Sync 1 DAGs
[2024-10-13T09:45:08.019+0000] {logging_mixin.py:149} INFO - [2024-10-13T09:45:08.019+0000] {dag.py:3490} INFO - Setting next_dagrun for example_time_delta_sensor_async to None, run_after=None
[2024-10-13T09:45:08.039+0000] {processor.py:178} INFO - Processing /home/airflow/.local/lib/python3.7/site-packages/airflow/example_dags/example_time_delta_sensor_async.py took 0.084 seconds
[2024-10-13T09:45:38.373+0000] {processor.py:156} INFO - Started process (PID=2289) to work on /home/airflow/.local/lib/python3.7/site-packages/airflow/example_dags/example_time_delta_sensor_async.py
[2024-10-13T09:45:38.373+0000] {processor.py:799} INFO - Processing file /home/airflow/.local/lib/python3.7/site-packages/airflow/example_dags/example_time_delta_sensor_async.py for tasks to queue
[2024-10-13T09:45:38.374+0000] {logging_mixin.py:149} INFO - [2024-10-13T09:45:38.374+0000] {dagbag.py:541} INFO - Filling up the DagBag from /home/airflow/.local/lib/python3.7/site-packages/airflow/example_dags/example_time_delta_sensor_async.py
[2024-10-13T09:45:38.379+0000] {processor.py:809} INFO - DAG(s) dict_keys(['example_time_delta_sensor_async']) retrieved from /home/airflow/.local/lib/python3.7/site-packages/airflow/example_dags/example_time_delta_sensor_async.py
[2024-10-13T09:45:38.408+0000] {logging_mixin.py:149} INFO - [2024-10-13T09:45:38.408+0000] {dag.py:2726} INFO - Sync 1 DAGs
[2024-10-13T09:45:38.435+0000] {logging_mixin.py:149} INFO - [2024-10-13T09:45:38.435+0000] {dag.py:3490} INFO - Setting next_dagrun for example_time_delta_sensor_async to None, run_after=None
[2024-10-13T09:45:38.453+0000] {processor.py:178} INFO - Processing /home/airflow/.local/lib/python3.7/site-packages/airflow/example_dags/example_time_delta_sensor_async.py took 0.084 seconds
[2024-10-13T09:46:09.480+0000] {processor.py:156} INFO - Started process (PID=2350) to work on /home/airflow/.local/lib/python3.7/site-packages/airflow/example_dags/example_time_delta_sensor_async.py
[2024-10-13T09:46:09.481+0000] {processor.py:799} INFO - Processing file /home/airflow/.local/lib/python3.7/site-packages/airflow/example_dags/example_time_delta_sensor_async.py for tasks to queue
[2024-10-13T09:46:09.481+0000] {logging_mixin.py:149} INFO - [2024-10-13T09:46:09.481+0000] {dagbag.py:541} INFO - Filling up the DagBag from /home/airflow/.local/lib/python3.7/site-packages/airflow/example_dags/example_time_delta_sensor_async.py
[2024-10-13T09:46:09.485+0000] {processor.py:809} INFO - DAG(s) dict_keys(['example_time_delta_sensor_async']) retrieved from /home/airflow/.local/lib/python3.7/site-packages/airflow/example_dags/example_time_delta_sensor_async.py
[2024-10-13T09:46:09.512+0000] {logging_mixin.py:149} INFO - [2024-10-13T09:46:09.511+0000] {dag.py:2726} INFO - Sync 1 DAGs
[2024-10-13T09:46:09.540+0000] {logging_mixin.py:149} INFO - [2024-10-13T09:46:09.540+0000] {dag.py:3490} INFO - Setting next_dagrun for example_time_delta_sensor_async to None, run_after=None
[2024-10-13T09:46:09.559+0000] {processor.py:178} INFO - Processing /home/airflow/.local/lib/python3.7/site-packages/airflow/example_dags/example_time_delta_sensor_async.py took 0.083 seconds
[2024-10-13T09:46:39.886+0000] {processor.py:156} INFO - Started process (PID=2411) to work on /home/airflow/.local/lib/python3.7/site-packages/airflow/example_dags/example_time_delta_sensor_async.py
[2024-10-13T09:46:39.887+0000] {processor.py:799} INFO - Processing file /home/airflow/.local/lib/python3.7/site-packages/airflow/example_dags/example_time_delta_sensor_async.py for tasks to queue
[2024-10-13T09:46:39.887+0000] {logging_mixin.py:149} INFO - [2024-10-13T09:46:39.887+0000] {dagbag.py:541} INFO - Filling up the DagBag from /home/airflow/.local/lib/python3.7/site-packages/airflow/example_dags/example_time_delta_sensor_async.py
[2024-10-13T09:46:39.892+0000] {processor.py:809} INFO - DAG(s) dict_keys(['example_time_delta_sensor_async']) retrieved from /home/airflow/.local/lib/python3.7/site-packages/airflow/example_dags/example_time_delta_sensor_async.py
[2024-10-13T09:46:39.931+0000] {logging_mixin.py:149} INFO - [2024-10-13T09:46:39.930+0000] {dag.py:2726} INFO - Sync 1 DAGs
[2024-10-13T09:46:39.977+0000] {logging_mixin.py:149} INFO - [2024-10-13T09:46:39.977+0000] {dag.py:3490} INFO - Setting next_dagrun for example_time_delta_sensor_async to None, run_after=None
[2024-10-13T09:46:40.004+0000] {processor.py:178} INFO - Processing /home/airflow/.local/lib/python3.7/site-packages/airflow/example_dags/example_time_delta_sensor_async.py took 0.122 seconds
[2024-10-13T09:47:10.388+0000] {processor.py:156} INFO - Started process (PID=2472) to work on /home/airflow/.local/lib/python3.7/site-packages/airflow/example_dags/example_time_delta_sensor_async.py
[2024-10-13T09:47:10.389+0000] {processor.py:799} INFO - Processing file /home/airflow/.local/lib/python3.7/site-packages/airflow/example_dags/example_time_delta_sensor_async.py for tasks to queue
[2024-10-13T09:47:10.390+0000] {logging_mixin.py:149} INFO - [2024-10-13T09:47:10.390+0000] {dagbag.py:541} INFO - Filling up the DagBag from /home/airflow/.local/lib/python3.7/site-packages/airflow/example_dags/example_time_delta_sensor_async.py
[2024-10-13T09:47:10.395+0000] {processor.py:809} INFO - DAG(s) dict_keys(['example_time_delta_sensor_async']) retrieved from /home/airflow/.local/lib/python3.7/site-packages/airflow/example_dags/example_time_delta_sensor_async.py
[2024-10-13T09:47:10.422+0000] {logging_mixin.py:149} INFO - [2024-10-13T09:47:10.422+0000] {dag.py:2726} INFO - Sync 1 DAGs
[2024-10-13T09:47:10.453+0000] {logging_mixin.py:149} INFO - [2024-10-13T09:47:10.453+0000] {dag.py:3490} INFO - Setting next_dagrun for example_time_delta_sensor_async to None, run_after=None
[2024-10-13T09:47:10.475+0000] {processor.py:178} INFO - Processing /home/airflow/.local/lib/python3.7/site-packages/airflow/example_dags/example_time_delta_sensor_async.py took 0.090 seconds
[2024-10-13T09:47:40.959+0000] {processor.py:156} INFO - Started process (PID=2533) to work on /home/airflow/.local/lib/python3.7/site-packages/airflow/example_dags/example_time_delta_sensor_async.py
[2024-10-13T09:47:40.960+0000] {processor.py:799} INFO - Processing file /home/airflow/.local/lib/python3.7/site-packages/airflow/example_dags/example_time_delta_sensor_async.py for tasks to queue
[2024-10-13T09:47:40.961+0000] {logging_mixin.py:149} INFO - [2024-10-13T09:47:40.961+0000] {dagbag.py:541} INFO - Filling up the DagBag from /home/airflow/.local/lib/python3.7/site-packages/airflow/example_dags/example_time_delta_sensor_async.py
[2024-10-13T09:47:40.965+0000] {processor.py:809} INFO - DAG(s) dict_keys(['example_time_delta_sensor_async']) retrieved from /home/airflow/.local/lib/python3.7/site-packages/airflow/example_dags/example_time_delta_sensor_async.py
[2024-10-13T09:47:40.991+0000] {logging_mixin.py:149} INFO - [2024-10-13T09:47:40.990+0000] {dag.py:2726} INFO - Sync 1 DAGs
[2024-10-13T09:47:41.018+0000] {logging_mixin.py:149} INFO - [2024-10-13T09:47:41.018+0000] {dag.py:3490} INFO - Setting next_dagrun for example_time_delta_sensor_async to None, run_after=None
[2024-10-13T09:47:41.037+0000] {processor.py:178} INFO - Processing /home/airflow/.local/lib/python3.7/site-packages/airflow/example_dags/example_time_delta_sensor_async.py took 0.081 seconds
[2024-10-13T09:48:11.588+0000] {processor.py:156} INFO - Started process (PID=2594) to work on /home/airflow/.local/lib/python3.7/site-packages/airflow/example_dags/example_time_delta_sensor_async.py
[2024-10-13T09:48:11.589+0000] {processor.py:799} INFO - Processing file /home/airflow/.local/lib/python3.7/site-packages/airflow/example_dags/example_time_delta_sensor_async.py for tasks to queue
[2024-10-13T09:48:11.590+0000] {logging_mixin.py:149} INFO - [2024-10-13T09:48:11.590+0000] {dagbag.py:541} INFO - Filling up the DagBag from /home/airflow/.local/lib/python3.7/site-packages/airflow/example_dags/example_time_delta_sensor_async.py
[2024-10-13T09:48:11.597+0000] {processor.py:809} INFO - DAG(s) dict_keys(['example_time_delta_sensor_async']) retrieved from /home/airflow/.local/lib/python3.7/site-packages/airflow/example_dags/example_time_delta_sensor_async.py
[2024-10-13T09:48:11.632+0000] {logging_mixin.py:149} INFO - [2024-10-13T09:48:11.631+0000] {dag.py:2726} INFO - Sync 1 DAGs
[2024-10-13T09:48:11.664+0000] {logging_mixin.py:149} INFO - [2024-10-13T09:48:11.664+0000] {dag.py:3490} INFO - Setting next_dagrun for example_time_delta_sensor_async to None, run_after=None
[2024-10-13T09:48:11.684+0000] {processor.py:178} INFO - Processing /home/airflow/.local/lib/python3.7/site-packages/airflow/example_dags/example_time_delta_sensor_async.py took 0.101 seconds
[2024-10-13T09:48:42.017+0000] {processor.py:156} INFO - Started process (PID=2655) to work on /home/airflow/.local/lib/python3.7/site-packages/airflow/example_dags/example_time_delta_sensor_async.py
[2024-10-13T09:48:42.018+0000] {processor.py:799} INFO - Processing file /home/airflow/.local/lib/python3.7/site-packages/airflow/example_dags/example_time_delta_sensor_async.py for tasks to queue
[2024-10-13T09:48:42.018+0000] {logging_mixin.py:149} INFO - [2024-10-13T09:48:42.018+0000] {dagbag.py:541} INFO - Filling up the DagBag from /home/airflow/.local/lib/python3.7/site-packages/airflow/example_dags/example_time_delta_sensor_async.py
[2024-10-13T09:48:42.022+0000] {processor.py:809} INFO - DAG(s) dict_keys(['example_time_delta_sensor_async']) retrieved from /home/airflow/.local/lib/python3.7/site-packages/airflow/example_dags/example_time_delta_sensor_async.py
[2024-10-13T09:48:42.046+0000] {logging_mixin.py:149} INFO - [2024-10-13T09:48:42.045+0000] {dag.py:2726} INFO - Sync 1 DAGs
[2024-10-13T09:48:42.071+0000] {logging_mixin.py:149} INFO - [2024-10-13T09:48:42.071+0000] {dag.py:3490} INFO - Setting next_dagrun for example_time_delta_sensor_async to None, run_after=None
[2024-10-13T09:48:42.089+0000] {processor.py:178} INFO - Processing /home/airflow/.local/lib/python3.7/site-packages/airflow/example_dags/example_time_delta_sensor_async.py took 0.075 seconds
[2024-10-13T09:49:13.010+0000] {processor.py:156} INFO - Started process (PID=2716) to work on /home/airflow/.local/lib/python3.7/site-packages/airflow/example_dags/example_time_delta_sensor_async.py
[2024-10-13T09:49:13.011+0000] {processor.py:799} INFO - Processing file /home/airflow/.local/lib/python3.7/site-packages/airflow/example_dags/example_time_delta_sensor_async.py for tasks to queue
[2024-10-13T09:49:13.011+0000] {logging_mixin.py:149} INFO - [2024-10-13T09:49:13.011+0000] {dagbag.py:541} INFO - Filling up the DagBag from /home/airflow/.local/lib/python3.7/site-packages/airflow/example_dags/example_time_delta_sensor_async.py
[2024-10-13T09:49:13.016+0000] {processor.py:809} INFO - DAG(s) dict_keys(['example_time_delta_sensor_async']) retrieved from /home/airflow/.local/lib/python3.7/site-packages/airflow/example_dags/example_time_delta_sensor_async.py
[2024-10-13T09:49:13.042+0000] {logging_mixin.py:149} INFO - [2024-10-13T09:49:13.042+0000] {dag.py:2726} INFO - Sync 1 DAGs
[2024-10-13T09:49:13.070+0000] {logging_mixin.py:149} INFO - [2024-10-13T09:49:13.070+0000] {dag.py:3490} INFO - Setting next_dagrun for example_time_delta_sensor_async to None, run_after=None
[2024-10-13T09:49:13.090+0000] {processor.py:178} INFO - Processing /home/airflow/.local/lib/python3.7/site-packages/airflow/example_dags/example_time_delta_sensor_async.py took 0.084 seconds
[2024-10-13T09:49:43.579+0000] {processor.py:156} INFO - Started process (PID=2777) to work on /home/airflow/.local/lib/python3.7/site-packages/airflow/example_dags/example_time_delta_sensor_async.py
[2024-10-13T09:49:43.579+0000] {processor.py:799} INFO - Processing file /home/airflow/.local/lib/python3.7/site-packages/airflow/example_dags/example_time_delta_sensor_async.py for tasks to queue
[2024-10-13T09:49:43.580+0000] {logging_mixin.py:149} INFO - [2024-10-13T09:49:43.580+0000] {dagbag.py:541} INFO - Filling up the DagBag from /home/airflow/.local/lib/python3.7/site-packages/airflow/example_dags/example_time_delta_sensor_async.py
[2024-10-13T09:49:43.584+0000] {processor.py:809} INFO - DAG(s) dict_keys(['example_time_delta_sensor_async']) retrieved from /home/airflow/.local/lib/python3.7/site-packages/airflow/example_dags/example_time_delta_sensor_async.py
[2024-10-13T09:49:43.611+0000] {logging_mixin.py:149} INFO - [2024-10-13T09:49:43.611+0000] {dag.py:2726} INFO - Sync 1 DAGs
[2024-10-13T09:49:43.638+0000] {logging_mixin.py:149} INFO - [2024-10-13T09:49:43.638+0000] {dag.py:3490} INFO - Setting next_dagrun for example_time_delta_sensor_async to None, run_after=None
[2024-10-13T09:49:43.657+0000] {processor.py:178} INFO - Processing /home/airflow/.local/lib/python3.7/site-packages/airflow/example_dags/example_time_delta_sensor_async.py took 0.082 seconds
[2024-10-13T09:50:14.769+0000] {processor.py:156} INFO - Started process (PID=2838) to work on /home/airflow/.local/lib/python3.7/site-packages/airflow/example_dags/example_time_delta_sensor_async.py
[2024-10-13T09:50:14.770+0000] {processor.py:799} INFO - Processing file /home/airflow/.local/lib/python3.7/site-packages/airflow/example_dags/example_time_delta_sensor_async.py for tasks to queue
[2024-10-13T09:50:14.771+0000] {logging_mixin.py:149} INFO - [2024-10-13T09:50:14.771+0000] {dagbag.py:541} INFO - Filling up the DagBag from /home/airflow/.local/lib/python3.7/site-packages/airflow/example_dags/example_time_delta_sensor_async.py
[2024-10-13T09:50:14.775+0000] {processor.py:809} INFO - DAG(s) dict_keys(['example_time_delta_sensor_async']) retrieved from /home/airflow/.local/lib/python3.7/site-packages/airflow/example_dags/example_time_delta_sensor_async.py
[2024-10-13T09:50:14.804+0000] {logging_mixin.py:149} INFO - [2024-10-13T09:50:14.804+0000] {dag.py:2726} INFO - Sync 1 DAGs
[2024-10-13T09:50:14.831+0000] {logging_mixin.py:149} INFO - [2024-10-13T09:50:14.830+0000] {dag.py:3490} INFO - Setting next_dagrun for example_time_delta_sensor_async to None, run_after=None
[2024-10-13T09:50:14.851+0000] {processor.py:178} INFO - Processing /home/airflow/.local/lib/python3.7/site-packages/airflow/example_dags/example_time_delta_sensor_async.py took 0.085 seconds
[2024-10-13T09:50:45.225+0000] {processor.py:156} INFO - Started process (PID=2899) to work on /home/airflow/.local/lib/python3.7/site-packages/airflow/example_dags/example_time_delta_sensor_async.py
[2024-10-13T09:50:45.226+0000] {processor.py:799} INFO - Processing file /home/airflow/.local/lib/python3.7/site-packages/airflow/example_dags/example_time_delta_sensor_async.py for tasks to queue
[2024-10-13T09:50:45.227+0000] {logging_mixin.py:149} INFO - [2024-10-13T09:50:45.226+0000] {dagbag.py:541} INFO - Filling up the DagBag from /home/airflow/.local/lib/python3.7/site-packages/airflow/example_dags/example_time_delta_sensor_async.py
[2024-10-13T09:50:45.230+0000] {processor.py:809} INFO - DAG(s) dict_keys(['example_time_delta_sensor_async']) retrieved from /home/airflow/.local/lib/python3.7/site-packages/airflow/example_dags/example_time_delta_sensor_async.py
[2024-10-13T09:50:45.254+0000] {logging_mixin.py:149} INFO - [2024-10-13T09:50:45.254+0000] {dag.py:2726} INFO - Sync 1 DAGs
[2024-10-13T09:50:45.280+0000] {logging_mixin.py:149} INFO - [2024-10-13T09:50:45.280+0000] {dag.py:3490} INFO - Setting next_dagrun for example_time_delta_sensor_async to None, run_after=None
[2024-10-13T09:50:45.299+0000] {processor.py:178} INFO - Processing /home/airflow/.local/lib/python3.7/site-packages/airflow/example_dags/example_time_delta_sensor_async.py took 0.077 seconds
[2024-10-13T09:51:15.599+0000] {processor.py:156} INFO - Started process (PID=2960) to work on /home/airflow/.local/lib/python3.7/site-packages/airflow/example_dags/example_time_delta_sensor_async.py
[2024-10-13T09:51:15.600+0000] {processor.py:799} INFO - Processing file /home/airflow/.local/lib/python3.7/site-packages/airflow/example_dags/example_time_delta_sensor_async.py for tasks to queue
[2024-10-13T09:51:15.601+0000] {logging_mixin.py:149} INFO - [2024-10-13T09:51:15.601+0000] {dagbag.py:541} INFO - Filling up the DagBag from /home/airflow/.local/lib/python3.7/site-packages/airflow/example_dags/example_time_delta_sensor_async.py
[2024-10-13T09:51:15.604+0000] {processor.py:809} INFO - DAG(s) dict_keys(['example_time_delta_sensor_async']) retrieved from /home/airflow/.local/lib/python3.7/site-packages/airflow/example_dags/example_time_delta_sensor_async.py
[2024-10-13T09:51:15.628+0000] {logging_mixin.py:149} INFO - [2024-10-13T09:51:15.628+0000] {dag.py:2726} INFO - Sync 1 DAGs
[2024-10-13T09:51:15.653+0000] {logging_mixin.py:149} INFO - [2024-10-13T09:51:15.653+0000] {dag.py:3490} INFO - Setting next_dagrun for example_time_delta_sensor_async to None, run_after=None
[2024-10-13T09:51:15.671+0000] {processor.py:178} INFO - Processing /home/airflow/.local/lib/python3.7/site-packages/airflow/example_dags/example_time_delta_sensor_async.py took 0.075 seconds
[2024-10-13T09:51:46.581+0000] {processor.py:156} INFO - Started process (PID=3021) to work on /home/airflow/.local/lib/python3.7/site-packages/airflow/example_dags/example_time_delta_sensor_async.py
[2024-10-13T09:51:46.582+0000] {processor.py:799} INFO - Processing file /home/airflow/.local/lib/python3.7/site-packages/airflow/example_dags/example_time_delta_sensor_async.py for tasks to queue
[2024-10-13T09:51:46.582+0000] {logging_mixin.py:149} INFO - [2024-10-13T09:51:46.582+0000] {dagbag.py:541} INFO - Filling up the DagBag from /home/airflow/.local/lib/python3.7/site-packages/airflow/example_dags/example_time_delta_sensor_async.py
[2024-10-13T09:51:46.586+0000] {processor.py:809} INFO - DAG(s) dict_keys(['example_time_delta_sensor_async']) retrieved from /home/airflow/.local/lib/python3.7/site-packages/airflow/example_dags/example_time_delta_sensor_async.py
[2024-10-13T09:51:46.613+0000] {logging_mixin.py:149} INFO - [2024-10-13T09:51:46.612+0000] {dag.py:2726} INFO - Sync 1 DAGs
[2024-10-13T09:51:46.640+0000] {logging_mixin.py:149} INFO - [2024-10-13T09:51:46.640+0000] {dag.py:3490} INFO - Setting next_dagrun for example_time_delta_sensor_async to None, run_after=None
[2024-10-13T09:51:46.659+0000] {processor.py:178} INFO - Processing /home/airflow/.local/lib/python3.7/site-packages/airflow/example_dags/example_time_delta_sensor_async.py took 0.082 seconds
[2024-10-13T09:52:17.045+0000] {processor.py:156} INFO - Started process (PID=3082) to work on /home/airflow/.local/lib/python3.7/site-packages/airflow/example_dags/example_time_delta_sensor_async.py
[2024-10-13T09:52:17.046+0000] {processor.py:799} INFO - Processing file /home/airflow/.local/lib/python3.7/site-packages/airflow/example_dags/example_time_delta_sensor_async.py for tasks to queue
[2024-10-13T09:52:17.046+0000] {logging_mixin.py:149} INFO - [2024-10-13T09:52:17.046+0000] {dagbag.py:541} INFO - Filling up the DagBag from /home/airflow/.local/lib/python3.7/site-packages/airflow/example_dags/example_time_delta_sensor_async.py
[2024-10-13T09:52:17.050+0000] {processor.py:809} INFO - DAG(s) dict_keys(['example_time_delta_sensor_async']) retrieved from /home/airflow/.local/lib/python3.7/site-packages/airflow/example_dags/example_time_delta_sensor_async.py
[2024-10-13T09:52:17.079+0000] {logging_mixin.py:149} INFO - [2024-10-13T09:52:17.078+0000] {dag.py:2726} INFO - Sync 1 DAGs
[2024-10-13T09:52:17.111+0000] {logging_mixin.py:149} INFO - [2024-10-13T09:52:17.110+0000] {dag.py:3490} INFO - Setting next_dagrun for example_time_delta_sensor_async to None, run_after=None
[2024-10-13T09:52:17.131+0000] {processor.py:178} INFO - Processing /home/airflow/.local/lib/python3.7/site-packages/airflow/example_dags/example_time_delta_sensor_async.py took 0.090 seconds
[2024-10-13T09:52:47.613+0000] {processor.py:156} INFO - Started process (PID=3143) to work on /home/airflow/.local/lib/python3.7/site-packages/airflow/example_dags/example_time_delta_sensor_async.py
[2024-10-13T09:52:47.613+0000] {processor.py:799} INFO - Processing file /home/airflow/.local/lib/python3.7/site-packages/airflow/example_dags/example_time_delta_sensor_async.py for tasks to queue
[2024-10-13T09:52:47.614+0000] {logging_mixin.py:149} INFO - [2024-10-13T09:52:47.614+0000] {dagbag.py:541} INFO - Filling up the DagBag from /home/airflow/.local/lib/python3.7/site-packages/airflow/example_dags/example_time_delta_sensor_async.py
[2024-10-13T09:52:47.618+0000] {processor.py:809} INFO - DAG(s) dict_keys(['example_time_delta_sensor_async']) retrieved from /home/airflow/.local/lib/python3.7/site-packages/airflow/example_dags/example_time_delta_sensor_async.py
[2024-10-13T09:52:47.645+0000] {logging_mixin.py:149} INFO - [2024-10-13T09:52:47.645+0000] {dag.py:2726} INFO - Sync 1 DAGs
[2024-10-13T09:52:47.672+0000] {logging_mixin.py:149} INFO - [2024-10-13T09:52:47.671+0000] {dag.py:3490} INFO - Setting next_dagrun for example_time_delta_sensor_async to None, run_after=None
[2024-10-13T09:52:47.691+0000] {processor.py:178} INFO - Processing /home/airflow/.local/lib/python3.7/site-packages/airflow/example_dags/example_time_delta_sensor_async.py took 0.082 seconds
[2024-10-13T09:53:18.139+0000] {processor.py:156} INFO - Started process (PID=3204) to work on /home/airflow/.local/lib/python3.7/site-packages/airflow/example_dags/example_time_delta_sensor_async.py
[2024-10-13T09:53:18.140+0000] {processor.py:799} INFO - Processing file /home/airflow/.local/lib/python3.7/site-packages/airflow/example_dags/example_time_delta_sensor_async.py for tasks to queue
[2024-10-13T09:53:18.140+0000] {logging_mixin.py:149} INFO - [2024-10-13T09:53:18.140+0000] {dagbag.py:541} INFO - Filling up the DagBag from /home/airflow/.local/lib/python3.7/site-packages/airflow/example_dags/example_time_delta_sensor_async.py
[2024-10-13T09:53:18.144+0000] {processor.py:809} INFO - DAG(s) dict_keys(['example_time_delta_sensor_async']) retrieved from /home/airflow/.local/lib/python3.7/site-packages/airflow/example_dags/example_time_delta_sensor_async.py
[2024-10-13T09:53:18.171+0000] {logging_mixin.py:149} INFO - [2024-10-13T09:53:18.171+0000] {dag.py:2726} INFO - Sync 1 DAGs
[2024-10-13T09:53:18.198+0000] {logging_mixin.py:149} INFO - [2024-10-13T09:53:18.198+0000] {dag.py:3490} INFO - Setting next_dagrun for example_time_delta_sensor_async to None, run_after=None
[2024-10-13T09:53:18.216+0000] {processor.py:178} INFO - Processing /home/airflow/.local/lib/python3.7/site-packages/airflow/example_dags/example_time_delta_sensor_async.py took 0.081 seconds
[2024-10-13T09:53:48.678+0000] {processor.py:156} INFO - Started process (PID=3265) to work on /home/airflow/.local/lib/python3.7/site-packages/airflow/example_dags/example_time_delta_sensor_async.py
[2024-10-13T09:53:48.679+0000] {processor.py:799} INFO - Processing file /home/airflow/.local/lib/python3.7/site-packages/airflow/example_dags/example_time_delta_sensor_async.py for tasks to queue
[2024-10-13T09:53:48.679+0000] {logging_mixin.py:149} INFO - [2024-10-13T09:53:48.679+0000] {dagbag.py:541} INFO - Filling up the DagBag from /home/airflow/.local/lib/python3.7/site-packages/airflow/example_dags/example_time_delta_sensor_async.py
[2024-10-13T09:53:48.684+0000] {processor.py:809} INFO - DAG(s) dict_keys(['example_time_delta_sensor_async']) retrieved from /home/airflow/.local/lib/python3.7/site-packages/airflow/example_dags/example_time_delta_sensor_async.py
[2024-10-13T09:53:48.712+0000] {logging_mixin.py:149} INFO - [2024-10-13T09:53:48.711+0000] {dag.py:2726} INFO - Sync 1 DAGs
[2024-10-13T09:53:48.740+0000] {logging_mixin.py:149} INFO - [2024-10-13T09:53:48.740+0000] {dag.py:3490} INFO - Setting next_dagrun for example_time_delta_sensor_async to None, run_after=None
[2024-10-13T09:53:48.759+0000] {processor.py:178} INFO - Processing /home/airflow/.local/lib/python3.7/site-packages/airflow/example_dags/example_time_delta_sensor_async.py took 0.085 seconds
[2024-10-13T09:54:19.768+0000] {processor.py:156} INFO - Started process (PID=3326) to work on /home/airflow/.local/lib/python3.7/site-packages/airflow/example_dags/example_time_delta_sensor_async.py
[2024-10-13T09:54:19.769+0000] {processor.py:799} INFO - Processing file /home/airflow/.local/lib/python3.7/site-packages/airflow/example_dags/example_time_delta_sensor_async.py for tasks to queue
[2024-10-13T09:54:19.769+0000] {logging_mixin.py:149} INFO - [2024-10-13T09:54:19.769+0000] {dagbag.py:541} INFO - Filling up the DagBag from /home/airflow/.local/lib/python3.7/site-packages/airflow/example_dags/example_time_delta_sensor_async.py
[2024-10-13T09:54:19.774+0000] {processor.py:809} INFO - DAG(s) dict_keys(['example_time_delta_sensor_async']) retrieved from /home/airflow/.local/lib/python3.7/site-packages/airflow/example_dags/example_time_delta_sensor_async.py
[2024-10-13T09:54:19.800+0000] {logging_mixin.py:149} INFO - [2024-10-13T09:54:19.800+0000] {dag.py:2726} INFO - Sync 1 DAGs
[2024-10-13T09:54:19.827+0000] {logging_mixin.py:149} INFO - [2024-10-13T09:54:19.826+0000] {dag.py:3490} INFO - Setting next_dagrun for example_time_delta_sensor_async to None, run_after=None
[2024-10-13T09:54:19.847+0000] {processor.py:178} INFO - Processing /home/airflow/.local/lib/python3.7/site-packages/airflow/example_dags/example_time_delta_sensor_async.py took 0.082 seconds
[2024-10-13T09:54:50.928+0000] {processor.py:156} INFO - Started process (PID=3387) to work on /home/airflow/.local/lib/python3.7/site-packages/airflow/example_dags/example_time_delta_sensor_async.py
[2024-10-13T09:54:50.928+0000] {processor.py:799} INFO - Processing file /home/airflow/.local/lib/python3.7/site-packages/airflow/example_dags/example_time_delta_sensor_async.py for tasks to queue
[2024-10-13T09:54:50.929+0000] {logging_mixin.py:149} INFO - [2024-10-13T09:54:50.929+0000] {dagbag.py:541} INFO - Filling up the DagBag from /home/airflow/.local/lib/python3.7/site-packages/airflow/example_dags/example_time_delta_sensor_async.py
[2024-10-13T09:54:50.933+0000] {processor.py:809} INFO - DAG(s) dict_keys(['example_time_delta_sensor_async']) retrieved from /home/airflow/.local/lib/python3.7/site-packages/airflow/example_dags/example_time_delta_sensor_async.py
[2024-10-13T09:54:50.959+0000] {logging_mixin.py:149} INFO - [2024-10-13T09:54:50.959+0000] {dag.py:2726} INFO - Sync 1 DAGs
[2024-10-13T09:54:50.986+0000] {logging_mixin.py:149} INFO - [2024-10-13T09:54:50.986+0000] {dag.py:3490} INFO - Setting next_dagrun for example_time_delta_sensor_async to None, run_after=None
[2024-10-13T09:54:51.005+0000] {processor.py:178} INFO - Processing /home/airflow/.local/lib/python3.7/site-packages/airflow/example_dags/example_time_delta_sensor_async.py took 0.081 seconds
[2024-10-13T09:55:21.483+0000] {processor.py:156} INFO - Started process (PID=3448) to work on /home/airflow/.local/lib/python3.7/site-packages/airflow/example_dags/example_time_delta_sensor_async.py
[2024-10-13T09:55:21.484+0000] {processor.py:799} INFO - Processing file /home/airflow/.local/lib/python3.7/site-packages/airflow/example_dags/example_time_delta_sensor_async.py for tasks to queue
[2024-10-13T09:55:21.485+0000] {logging_mixin.py:149} INFO - [2024-10-13T09:55:21.485+0000] {dagbag.py:541} INFO - Filling up the DagBag from /home/airflow/.local/lib/python3.7/site-packages/airflow/example_dags/example_time_delta_sensor_async.py
[2024-10-13T09:55:21.489+0000] {processor.py:809} INFO - DAG(s) dict_keys(['example_time_delta_sensor_async']) retrieved from /home/airflow/.local/lib/python3.7/site-packages/airflow/example_dags/example_time_delta_sensor_async.py
[2024-10-13T09:55:21.517+0000] {logging_mixin.py:149} INFO - [2024-10-13T09:55:21.517+0000] {dag.py:2726} INFO - Sync 1 DAGs
[2024-10-13T09:55:21.543+0000] {logging_mixin.py:149} INFO - [2024-10-13T09:55:21.543+0000] {dag.py:3490} INFO - Setting next_dagrun for example_time_delta_sensor_async to None, run_after=None
[2024-10-13T09:55:21.560+0000] {processor.py:178} INFO - Processing /home/airflow/.local/lib/python3.7/site-packages/airflow/example_dags/example_time_delta_sensor_async.py took 0.080 seconds
[2024-10-13T09:55:52.064+0000] {processor.py:156} INFO - Started process (PID=3509) to work on /home/airflow/.local/lib/python3.7/site-packages/airflow/example_dags/example_time_delta_sensor_async.py
[2024-10-13T09:55:52.065+0000] {processor.py:799} INFO - Processing file /home/airflow/.local/lib/python3.7/site-packages/airflow/example_dags/example_time_delta_sensor_async.py for tasks to queue
[2024-10-13T09:55:52.066+0000] {logging_mixin.py:149} INFO - [2024-10-13T09:55:52.066+0000] {dagbag.py:541} INFO - Filling up the DagBag from /home/airflow/.local/lib/python3.7/site-packages/airflow/example_dags/example_time_delta_sensor_async.py
[2024-10-13T09:55:52.071+0000] {processor.py:809} INFO - DAG(s) dict_keys(['example_time_delta_sensor_async']) retrieved from /home/airflow/.local/lib/python3.7/site-packages/airflow/example_dags/example_time_delta_sensor_async.py
[2024-10-13T09:55:52.099+0000] {logging_mixin.py:149} INFO - [2024-10-13T09:55:52.099+0000] {dag.py:2726} INFO - Sync 1 DAGs
[2024-10-13T09:55:52.129+0000] {logging_mixin.py:149} INFO - [2024-10-13T09:55:52.129+0000] {dag.py:3490} INFO - Setting next_dagrun for example_time_delta_sensor_async to None, run_after=None
[2024-10-13T09:55:52.149+0000] {processor.py:178} INFO - Processing /home/airflow/.local/lib/python3.7/site-packages/airflow/example_dags/example_time_delta_sensor_async.py took 0.088 seconds
[2024-10-13T09:56:22.459+0000] {processor.py:156} INFO - Started process (PID=3570) to work on /home/airflow/.local/lib/python3.7/site-packages/airflow/example_dags/example_time_delta_sensor_async.py
[2024-10-13T09:56:22.460+0000] {processor.py:799} INFO - Processing file /home/airflow/.local/lib/python3.7/site-packages/airflow/example_dags/example_time_delta_sensor_async.py for tasks to queue
[2024-10-13T09:56:22.461+0000] {logging_mixin.py:149} INFO - [2024-10-13T09:56:22.461+0000] {dagbag.py:541} INFO - Filling up the DagBag from /home/airflow/.local/lib/python3.7/site-packages/airflow/example_dags/example_time_delta_sensor_async.py
[2024-10-13T09:56:22.465+0000] {processor.py:809} INFO - DAG(s) dict_keys(['example_time_delta_sensor_async']) retrieved from /home/airflow/.local/lib/python3.7/site-packages/airflow/example_dags/example_time_delta_sensor_async.py
[2024-10-13T09:56:22.492+0000] {logging_mixin.py:149} INFO - [2024-10-13T09:56:22.492+0000] {dag.py:2726} INFO - Sync 1 DAGs
[2024-10-13T09:56:22.520+0000] {logging_mixin.py:149} INFO - [2024-10-13T09:56:22.520+0000] {dag.py:3490} INFO - Setting next_dagrun for example_time_delta_sensor_async to None, run_after=None
[2024-10-13T09:56:22.538+0000] {processor.py:178} INFO - Processing /home/airflow/.local/lib/python3.7/site-packages/airflow/example_dags/example_time_delta_sensor_async.py took 0.082 seconds
[2024-10-13T09:56:53.068+0000] {processor.py:156} INFO - Started process (PID=3631) to work on /home/airflow/.local/lib/python3.7/site-packages/airflow/example_dags/example_time_delta_sensor_async.py
[2024-10-13T09:56:53.069+0000] {processor.py:799} INFO - Processing file /home/airflow/.local/lib/python3.7/site-packages/airflow/example_dags/example_time_delta_sensor_async.py for tasks to queue
[2024-10-13T09:56:53.069+0000] {logging_mixin.py:149} INFO - [2024-10-13T09:56:53.069+0000] {dagbag.py:541} INFO - Filling up the DagBag from /home/airflow/.local/lib/python3.7/site-packages/airflow/example_dags/example_time_delta_sensor_async.py
[2024-10-13T09:56:53.074+0000] {processor.py:809} INFO - DAG(s) dict_keys(['example_time_delta_sensor_async']) retrieved from /home/airflow/.local/lib/python3.7/site-packages/airflow/example_dags/example_time_delta_sensor_async.py
[2024-10-13T09:56:53.101+0000] {logging_mixin.py:149} INFO - [2024-10-13T09:56:53.101+0000] {dag.py:2726} INFO - Sync 1 DAGs
[2024-10-13T09:56:53.129+0000] {logging_mixin.py:149} INFO - [2024-10-13T09:56:53.129+0000] {dag.py:3490} INFO - Setting next_dagrun for example_time_delta_sensor_async to None, run_after=None
[2024-10-13T09:56:53.148+0000] {processor.py:178} INFO - Processing /home/airflow/.local/lib/python3.7/site-packages/airflow/example_dags/example_time_delta_sensor_async.py took 0.084 seconds
[2024-10-13T09:57:23.749+0000] {processor.py:156} INFO - Started process (PID=3692) to work on /home/airflow/.local/lib/python3.7/site-packages/airflow/example_dags/example_time_delta_sensor_async.py
[2024-10-13T09:57:23.750+0000] {processor.py:799} INFO - Processing file /home/airflow/.local/lib/python3.7/site-packages/airflow/example_dags/example_time_delta_sensor_async.py for tasks to queue
[2024-10-13T09:57:23.751+0000] {logging_mixin.py:149} INFO - [2024-10-13T09:57:23.750+0000] {dagbag.py:541} INFO - Filling up the DagBag from /home/airflow/.local/lib/python3.7/site-packages/airflow/example_dags/example_time_delta_sensor_async.py
[2024-10-13T09:57:23.755+0000] {processor.py:809} INFO - DAG(s) dict_keys(['example_time_delta_sensor_async']) retrieved from /home/airflow/.local/lib/python3.7/site-packages/airflow/example_dags/example_time_delta_sensor_async.py
[2024-10-13T09:57:23.783+0000] {logging_mixin.py:149} INFO - [2024-10-13T09:57:23.783+0000] {dag.py:2726} INFO - Sync 1 DAGs
[2024-10-13T09:57:23.812+0000] {logging_mixin.py:149} INFO - [2024-10-13T09:57:23.812+0000] {dag.py:3490} INFO - Setting next_dagrun for example_time_delta_sensor_async to None, run_after=None
[2024-10-13T09:57:23.832+0000] {processor.py:178} INFO - Processing /home/airflow/.local/lib/python3.7/site-packages/airflow/example_dags/example_time_delta_sensor_async.py took 0.088 seconds
[2024-10-13T09:57:54.445+0000] {processor.py:156} INFO - Started process (PID=3753) to work on /home/airflow/.local/lib/python3.7/site-packages/airflow/example_dags/example_time_delta_sensor_async.py
[2024-10-13T09:57:54.446+0000] {processor.py:799} INFO - Processing file /home/airflow/.local/lib/python3.7/site-packages/airflow/example_dags/example_time_delta_sensor_async.py for tasks to queue
[2024-10-13T09:57:54.447+0000] {logging_mixin.py:149} INFO - [2024-10-13T09:57:54.447+0000] {dagbag.py:541} INFO - Filling up the DagBag from /home/airflow/.local/lib/python3.7/site-packages/airflow/example_dags/example_time_delta_sensor_async.py
[2024-10-13T09:57:54.453+0000] {processor.py:809} INFO - DAG(s) dict_keys(['example_time_delta_sensor_async']) retrieved from /home/airflow/.local/lib/python3.7/site-packages/airflow/example_dags/example_time_delta_sensor_async.py
[2024-10-13T09:57:54.489+0000] {logging_mixin.py:149} INFO - [2024-10-13T09:57:54.489+0000] {dag.py:2726} INFO - Sync 1 DAGs
[2024-10-13T09:57:54.549+0000] {logging_mixin.py:149} INFO - [2024-10-13T09:57:54.548+0000] {dag.py:3490} INFO - Setting next_dagrun for example_time_delta_sensor_async to None, run_after=None
[2024-10-13T09:57:54.571+0000] {processor.py:178} INFO - Processing /home/airflow/.local/lib/python3.7/site-packages/airflow/example_dags/example_time_delta_sensor_async.py took 0.130 seconds
[2024-10-13T14:18:52.672+0000] {processor.py:156} INFO - Started process (PID=83) to work on /home/airflow/.local/lib/python3.7/site-packages/airflow/example_dags/example_time_delta_sensor_async.py
[2024-10-13T14:18:52.673+0000] {processor.py:799} INFO - Processing file /home/airflow/.local/lib/python3.7/site-packages/airflow/example_dags/example_time_delta_sensor_async.py for tasks to queue
[2024-10-13T14:18:52.674+0000] {logging_mixin.py:149} INFO - [2024-10-13T14:18:52.674+0000] {dagbag.py:541} INFO - Filling up the DagBag from /home/airflow/.local/lib/python3.7/site-packages/airflow/example_dags/example_time_delta_sensor_async.py
[2024-10-13T14:18:52.680+0000] {processor.py:809} INFO - DAG(s) dict_keys(['example_time_delta_sensor_async']) retrieved from /home/airflow/.local/lib/python3.7/site-packages/airflow/example_dags/example_time_delta_sensor_async.py
[2024-10-13T14:18:52.698+0000] {logging_mixin.py:149} INFO - [2024-10-13T14:18:52.698+0000] {dag.py:2726} INFO - Sync 1 DAGs
[2024-10-13T14:18:52.736+0000] {logging_mixin.py:149} INFO - [2024-10-13T14:18:52.736+0000] {dag.py:3490} INFO - Setting next_dagrun for example_time_delta_sensor_async to None, run_after=None
[2024-10-13T14:18:52.769+0000] {processor.py:178} INFO - Processing /home/airflow/.local/lib/python3.7/site-packages/airflow/example_dags/example_time_delta_sensor_async.py took 0.101 seconds
[2024-10-13T14:19:23.215+0000] {processor.py:156} INFO - Started process (PID=144) to work on /home/airflow/.local/lib/python3.7/site-packages/airflow/example_dags/example_time_delta_sensor_async.py
[2024-10-13T14:19:23.216+0000] {processor.py:799} INFO - Processing file /home/airflow/.local/lib/python3.7/site-packages/airflow/example_dags/example_time_delta_sensor_async.py for tasks to queue
[2024-10-13T14:19:23.217+0000] {logging_mixin.py:149} INFO - [2024-10-13T14:19:23.217+0000] {dagbag.py:541} INFO - Filling up the DagBag from /home/airflow/.local/lib/python3.7/site-packages/airflow/example_dags/example_time_delta_sensor_async.py
[2024-10-13T14:19:23.221+0000] {processor.py:809} INFO - DAG(s) dict_keys(['example_time_delta_sensor_async']) retrieved from /home/airflow/.local/lib/python3.7/site-packages/airflow/example_dags/example_time_delta_sensor_async.py
[2024-10-13T14:19:23.257+0000] {logging_mixin.py:149} INFO - [2024-10-13T14:19:23.256+0000] {dag.py:2726} INFO - Sync 1 DAGs
[2024-10-13T14:19:23.299+0000] {logging_mixin.py:149} INFO - [2024-10-13T14:19:23.299+0000] {dag.py:3490} INFO - Setting next_dagrun for example_time_delta_sensor_async to None, run_after=None
[2024-10-13T14:19:23.326+0000] {processor.py:178} INFO - Processing /home/airflow/.local/lib/python3.7/site-packages/airflow/example_dags/example_time_delta_sensor_async.py took 0.115 seconds
[2024-10-13T14:19:53.795+0000] {processor.py:156} INFO - Started process (PID=205) to work on /home/airflow/.local/lib/python3.7/site-packages/airflow/example_dags/example_time_delta_sensor_async.py
[2024-10-13T14:19:53.796+0000] {processor.py:799} INFO - Processing file /home/airflow/.local/lib/python3.7/site-packages/airflow/example_dags/example_time_delta_sensor_async.py for tasks to queue
[2024-10-13T14:19:53.797+0000] {logging_mixin.py:149} INFO - [2024-10-13T14:19:53.797+0000] {dagbag.py:541} INFO - Filling up the DagBag from /home/airflow/.local/lib/python3.7/site-packages/airflow/example_dags/example_time_delta_sensor_async.py
[2024-10-13T14:19:53.802+0000] {processor.py:809} INFO - DAG(s) dict_keys(['example_time_delta_sensor_async']) retrieved from /home/airflow/.local/lib/python3.7/site-packages/airflow/example_dags/example_time_delta_sensor_async.py
[2024-10-13T14:19:53.831+0000] {logging_mixin.py:149} INFO - [2024-10-13T14:19:53.831+0000] {dag.py:2726} INFO - Sync 1 DAGs
[2024-10-13T14:19:53.861+0000] {logging_mixin.py:149} INFO - [2024-10-13T14:19:53.860+0000] {dag.py:3490} INFO - Setting next_dagrun for example_time_delta_sensor_async to None, run_after=None
[2024-10-13T14:19:53.879+0000] {processor.py:178} INFO - Processing /home/airflow/.local/lib/python3.7/site-packages/airflow/example_dags/example_time_delta_sensor_async.py took 0.087 seconds
[2024-10-13T14:20:24.211+0000] {processor.py:156} INFO - Started process (PID=266) to work on /home/airflow/.local/lib/python3.7/site-packages/airflow/example_dags/example_time_delta_sensor_async.py
[2024-10-13T14:20:24.212+0000] {processor.py:799} INFO - Processing file /home/airflow/.local/lib/python3.7/site-packages/airflow/example_dags/example_time_delta_sensor_async.py for tasks to queue
[2024-10-13T14:20:24.213+0000] {logging_mixin.py:149} INFO - [2024-10-13T14:20:24.213+0000] {dagbag.py:541} INFO - Filling up the DagBag from /home/airflow/.local/lib/python3.7/site-packages/airflow/example_dags/example_time_delta_sensor_async.py
[2024-10-13T14:20:24.219+0000] {processor.py:809} INFO - DAG(s) dict_keys(['example_time_delta_sensor_async']) retrieved from /home/airflow/.local/lib/python3.7/site-packages/airflow/example_dags/example_time_delta_sensor_async.py
[2024-10-13T14:20:24.254+0000] {logging_mixin.py:149} INFO - [2024-10-13T14:20:24.254+0000] {dag.py:2726} INFO - Sync 1 DAGs
[2024-10-13T14:20:24.293+0000] {logging_mixin.py:149} INFO - [2024-10-13T14:20:24.293+0000] {dag.py:3490} INFO - Setting next_dagrun for example_time_delta_sensor_async to None, run_after=None
[2024-10-13T14:20:24.319+0000] {processor.py:178} INFO - Processing /home/airflow/.local/lib/python3.7/site-packages/airflow/example_dags/example_time_delta_sensor_async.py took 0.113 seconds
[2024-10-13T14:20:54.757+0000] {processor.py:156} INFO - Started process (PID=326) to work on /home/airflow/.local/lib/python3.7/site-packages/airflow/example_dags/example_time_delta_sensor_async.py
[2024-10-13T14:20:54.758+0000] {processor.py:799} INFO - Processing file /home/airflow/.local/lib/python3.7/site-packages/airflow/example_dags/example_time_delta_sensor_async.py for tasks to queue
[2024-10-13T14:20:54.759+0000] {logging_mixin.py:149} INFO - [2024-10-13T14:20:54.759+0000] {dagbag.py:541} INFO - Filling up the DagBag from /home/airflow/.local/lib/python3.7/site-packages/airflow/example_dags/example_time_delta_sensor_async.py
[2024-10-13T14:20:54.765+0000] {processor.py:809} INFO - DAG(s) dict_keys(['example_time_delta_sensor_async']) retrieved from /home/airflow/.local/lib/python3.7/site-packages/airflow/example_dags/example_time_delta_sensor_async.py
[2024-10-13T14:20:54.797+0000] {logging_mixin.py:149} INFO - [2024-10-13T14:20:54.797+0000] {dag.py:2726} INFO - Sync 1 DAGs
[2024-10-13T14:20:54.823+0000] {logging_mixin.py:149} INFO - [2024-10-13T14:20:54.823+0000] {dag.py:3490} INFO - Setting next_dagrun for example_time_delta_sensor_async to None, run_after=None
[2024-10-13T14:20:54.843+0000] {processor.py:178} INFO - Processing /home/airflow/.local/lib/python3.7/site-packages/airflow/example_dags/example_time_delta_sensor_async.py took 0.090 seconds
[2024-10-13T14:21:25.839+0000] {processor.py:156} INFO - Started process (PID=387) to work on /home/airflow/.local/lib/python3.7/site-packages/airflow/example_dags/example_time_delta_sensor_async.py
[2024-10-13T14:21:25.840+0000] {processor.py:799} INFO - Processing file /home/airflow/.local/lib/python3.7/site-packages/airflow/example_dags/example_time_delta_sensor_async.py for tasks to queue
[2024-10-13T14:21:25.841+0000] {logging_mixin.py:149} INFO - [2024-10-13T14:21:25.841+0000] {dagbag.py:541} INFO - Filling up the DagBag from /home/airflow/.local/lib/python3.7/site-packages/airflow/example_dags/example_time_delta_sensor_async.py
[2024-10-13T14:21:25.847+0000] {processor.py:809} INFO - DAG(s) dict_keys(['example_time_delta_sensor_async']) retrieved from /home/airflow/.local/lib/python3.7/site-packages/airflow/example_dags/example_time_delta_sensor_async.py
[2024-10-13T14:21:25.895+0000] {logging_mixin.py:149} INFO - [2024-10-13T14:21:25.895+0000] {dag.py:2726} INFO - Sync 1 DAGs
[2024-10-13T14:21:25.943+0000] {logging_mixin.py:149} INFO - [2024-10-13T14:21:25.943+0000] {dag.py:3490} INFO - Setting next_dagrun for example_time_delta_sensor_async to None, run_after=None
[2024-10-13T14:21:26.004+0000] {processor.py:178} INFO - Processing /home/airflow/.local/lib/python3.7/site-packages/airflow/example_dags/example_time_delta_sensor_async.py took 0.170 seconds
[2024-10-13T14:21:57.059+0000] {processor.py:156} INFO - Started process (PID=448) to work on /home/airflow/.local/lib/python3.7/site-packages/airflow/example_dags/example_time_delta_sensor_async.py
[2024-10-13T14:21:57.060+0000] {processor.py:799} INFO - Processing file /home/airflow/.local/lib/python3.7/site-packages/airflow/example_dags/example_time_delta_sensor_async.py for tasks to queue
[2024-10-13T14:21:57.060+0000] {logging_mixin.py:149} INFO - [2024-10-13T14:21:57.060+0000] {dagbag.py:541} INFO - Filling up the DagBag from /home/airflow/.local/lib/python3.7/site-packages/airflow/example_dags/example_time_delta_sensor_async.py
[2024-10-13T14:21:57.065+0000] {processor.py:809} INFO - DAG(s) dict_keys(['example_time_delta_sensor_async']) retrieved from /home/airflow/.local/lib/python3.7/site-packages/airflow/example_dags/example_time_delta_sensor_async.py
[2024-10-13T14:21:57.096+0000] {logging_mixin.py:149} INFO - [2024-10-13T14:21:57.096+0000] {dag.py:2726} INFO - Sync 1 DAGs
[2024-10-13T14:21:57.138+0000] {logging_mixin.py:149} INFO - [2024-10-13T14:21:57.138+0000] {dag.py:3490} INFO - Setting next_dagrun for example_time_delta_sensor_async to None, run_after=None
[2024-10-13T14:21:57.164+0000] {processor.py:178} INFO - Processing /home/airflow/.local/lib/python3.7/site-packages/airflow/example_dags/example_time_delta_sensor_async.py took 0.109 seconds
[2024-10-13T14:22:27.505+0000] {processor.py:156} INFO - Started process (PID=509) to work on /home/airflow/.local/lib/python3.7/site-packages/airflow/example_dags/example_time_delta_sensor_async.py
[2024-10-13T14:22:27.506+0000] {processor.py:799} INFO - Processing file /home/airflow/.local/lib/python3.7/site-packages/airflow/example_dags/example_time_delta_sensor_async.py for tasks to queue
[2024-10-13T14:22:27.506+0000] {logging_mixin.py:149} INFO - [2024-10-13T14:22:27.506+0000] {dagbag.py:541} INFO - Filling up the DagBag from /home/airflow/.local/lib/python3.7/site-packages/airflow/example_dags/example_time_delta_sensor_async.py
[2024-10-13T14:22:27.512+0000] {processor.py:809} INFO - DAG(s) dict_keys(['example_time_delta_sensor_async']) retrieved from /home/airflow/.local/lib/python3.7/site-packages/airflow/example_dags/example_time_delta_sensor_async.py
[2024-10-13T14:22:27.541+0000] {logging_mixin.py:149} INFO - [2024-10-13T14:22:27.541+0000] {dag.py:2726} INFO - Sync 1 DAGs
[2024-10-13T14:22:27.576+0000] {logging_mixin.py:149} INFO - [2024-10-13T14:22:27.576+0000] {dag.py:3490} INFO - Setting next_dagrun for example_time_delta_sensor_async to None, run_after=None
[2024-10-13T14:22:27.599+0000] {processor.py:178} INFO - Processing /home/airflow/.local/lib/python3.7/site-packages/airflow/example_dags/example_time_delta_sensor_async.py took 0.098 seconds
[2024-10-13T14:22:58.391+0000] {processor.py:156} INFO - Started process (PID=570) to work on /home/airflow/.local/lib/python3.7/site-packages/airflow/example_dags/example_time_delta_sensor_async.py
[2024-10-13T14:22:58.392+0000] {processor.py:799} INFO - Processing file /home/airflow/.local/lib/python3.7/site-packages/airflow/example_dags/example_time_delta_sensor_async.py for tasks to queue
[2024-10-13T14:22:58.393+0000] {logging_mixin.py:149} INFO - [2024-10-13T14:22:58.393+0000] {dagbag.py:541} INFO - Filling up the DagBag from /home/airflow/.local/lib/python3.7/site-packages/airflow/example_dags/example_time_delta_sensor_async.py
[2024-10-13T14:22:58.397+0000] {processor.py:809} INFO - DAG(s) dict_keys(['example_time_delta_sensor_async']) retrieved from /home/airflow/.local/lib/python3.7/site-packages/airflow/example_dags/example_time_delta_sensor_async.py
[2024-10-13T14:22:58.425+0000] {logging_mixin.py:149} INFO - [2024-10-13T14:22:58.425+0000] {dag.py:2726} INFO - Sync 1 DAGs
[2024-10-13T14:22:58.469+0000] {logging_mixin.py:149} INFO - [2024-10-13T14:22:58.469+0000] {dag.py:3490} INFO - Setting next_dagrun for example_time_delta_sensor_async to None, run_after=None
[2024-10-13T14:22:58.492+0000] {processor.py:178} INFO - Processing /home/airflow/.local/lib/python3.7/site-packages/airflow/example_dags/example_time_delta_sensor_async.py took 0.104 seconds
[2024-10-13T14:23:29.503+0000] {processor.py:156} INFO - Started process (PID=631) to work on /home/airflow/.local/lib/python3.7/site-packages/airflow/example_dags/example_time_delta_sensor_async.py
[2024-10-13T14:23:29.504+0000] {processor.py:799} INFO - Processing file /home/airflow/.local/lib/python3.7/site-packages/airflow/example_dags/example_time_delta_sensor_async.py for tasks to queue
[2024-10-13T14:23:29.504+0000] {logging_mixin.py:149} INFO - [2024-10-13T14:23:29.504+0000] {dagbag.py:541} INFO - Filling up the DagBag from /home/airflow/.local/lib/python3.7/site-packages/airflow/example_dags/example_time_delta_sensor_async.py
[2024-10-13T14:23:29.509+0000] {processor.py:809} INFO - DAG(s) dict_keys(['example_time_delta_sensor_async']) retrieved from /home/airflow/.local/lib/python3.7/site-packages/airflow/example_dags/example_time_delta_sensor_async.py
[2024-10-13T14:23:29.537+0000] {logging_mixin.py:149} INFO - [2024-10-13T14:23:29.537+0000] {dag.py:2726} INFO - Sync 1 DAGs
[2024-10-13T14:23:29.578+0000] {logging_mixin.py:149} INFO - [2024-10-13T14:23:29.577+0000] {dag.py:3490} INFO - Setting next_dagrun for example_time_delta_sensor_async to None, run_after=None
[2024-10-13T14:23:29.603+0000] {processor.py:178} INFO - Processing /home/airflow/.local/lib/python3.7/site-packages/airflow/example_dags/example_time_delta_sensor_async.py took 0.104 seconds
