[2024-10-13T09:27:15.623+0000] {processor.py:156} INFO - Started process (PID=88) to work on /home/airflow/.local/lib/python3.7/site-packages/airflow/example_dags/example_latest_only.py
[2024-10-13T09:27:15.624+0000] {processor.py:799} INFO - Processing file /home/airflow/.local/lib/python3.7/site-packages/airflow/example_dags/example_latest_only.py for tasks to queue
[2024-10-13T09:27:15.624+0000] {logging_mixin.py:149} INFO - [2024-10-13T09:27:15.624+0000] {dagbag.py:541} INFO - Filling up the DagBag from /home/airflow/.local/lib/python3.7/site-packages/airflow/example_dags/example_latest_only.py
[2024-10-13T09:27:15.630+0000] {processor.py:809} INFO - DAG(s) dict_keys(['latest_only']) retrieved from /home/airflow/.local/lib/python3.7/site-packages/airflow/example_dags/example_latest_only.py
[2024-10-13T09:27:15.750+0000] {logging_mixin.py:149} INFO - [2024-10-13T09:27:15.750+0000] {manager.py:504} INFO - Created Permission View: can edit on DAG:latest_only
[2024-10-13T09:27:15.760+0000] {logging_mixin.py:149} INFO - [2024-10-13T09:27:15.760+0000] {manager.py:504} INFO - Created Permission View: can read on DAG:latest_only
[2024-10-13T09:27:15.768+0000] {logging_mixin.py:149} INFO - [2024-10-13T09:27:15.768+0000] {manager.py:504} INFO - Created Permission View: can delete on DAG:latest_only
[2024-10-13T09:27:15.769+0000] {logging_mixin.py:149} INFO - [2024-10-13T09:27:15.768+0000] {dag.py:2726} INFO - Sync 1 DAGs
[2024-10-13T09:27:15.784+0000] {logging_mixin.py:149} INFO - [2024-10-13T09:27:15.784+0000] {dag.py:2747} INFO - Creating ORM DAG for latest_only
[2024-10-13T09:27:15.797+0000] {logging_mixin.py:149} INFO - [2024-10-13T09:27:15.796+0000] {dag.py:3490} INFO - Setting next_dagrun for latest_only to 2024-10-13T05:27:15.796739+00:00, run_after=2024-10-13T09:27:15.796739+00:00
[2024-10-13T09:27:15.819+0000] {processor.py:178} INFO - Processing /home/airflow/.local/lib/python3.7/site-packages/airflow/example_dags/example_latest_only.py took 0.199 seconds
[2024-10-13T09:27:46.595+0000] {processor.py:156} INFO - Started process (PID=149) to work on /home/airflow/.local/lib/python3.7/site-packages/airflow/example_dags/example_latest_only.py
[2024-10-13T09:27:46.596+0000] {processor.py:799} INFO - Processing file /home/airflow/.local/lib/python3.7/site-packages/airflow/example_dags/example_latest_only.py for tasks to queue
[2024-10-13T09:27:46.597+0000] {logging_mixin.py:149} INFO - [2024-10-13T09:27:46.597+0000] {dagbag.py:541} INFO - Filling up the DagBag from /home/airflow/.local/lib/python3.7/site-packages/airflow/example_dags/example_latest_only.py
[2024-10-13T09:27:46.604+0000] {processor.py:809} INFO - DAG(s) dict_keys(['latest_only']) retrieved from /home/airflow/.local/lib/python3.7/site-packages/airflow/example_dags/example_latest_only.py
[2024-10-13T09:27:46.630+0000] {logging_mixin.py:149} INFO - [2024-10-13T09:27:46.630+0000] {dag.py:2726} INFO - Sync 1 DAGs
[2024-10-13T09:27:46.658+0000] {logging_mixin.py:149} INFO - [2024-10-13T09:27:46.658+0000] {dag.py:3490} INFO - Setting next_dagrun for latest_only to 2024-10-13T05:27:46.657904+00:00, run_after=2024-10-13T09:27:46.657904+00:00
[2024-10-13T09:27:46.677+0000] {processor.py:178} INFO - Processing /home/airflow/.local/lib/python3.7/site-packages/airflow/example_dags/example_latest_only.py took 0.085 seconds
[2024-10-13T09:28:17.042+0000] {processor.py:156} INFO - Started process (PID=210) to work on /home/airflow/.local/lib/python3.7/site-packages/airflow/example_dags/example_latest_only.py
[2024-10-13T09:28:17.043+0000] {processor.py:799} INFO - Processing file /home/airflow/.local/lib/python3.7/site-packages/airflow/example_dags/example_latest_only.py for tasks to queue
[2024-10-13T09:28:17.044+0000] {logging_mixin.py:149} INFO - [2024-10-13T09:28:17.044+0000] {dagbag.py:541} INFO - Filling up the DagBag from /home/airflow/.local/lib/python3.7/site-packages/airflow/example_dags/example_latest_only.py
[2024-10-13T09:28:17.050+0000] {processor.py:809} INFO - DAG(s) dict_keys(['latest_only']) retrieved from /home/airflow/.local/lib/python3.7/site-packages/airflow/example_dags/example_latest_only.py
[2024-10-13T09:28:17.076+0000] {logging_mixin.py:149} INFO - [2024-10-13T09:28:17.075+0000] {dag.py:2726} INFO - Sync 1 DAGs
[2024-10-13T09:28:17.105+0000] {logging_mixin.py:149} INFO - [2024-10-13T09:28:17.105+0000] {dag.py:3490} INFO - Setting next_dagrun for latest_only to 2024-10-13T05:28:17.104968+00:00, run_after=2024-10-13T09:28:17.104968+00:00
[2024-10-13T09:28:17.126+0000] {processor.py:178} INFO - Processing /home/airflow/.local/lib/python3.7/site-packages/airflow/example_dags/example_latest_only.py took 0.088 seconds
[2024-10-13T09:28:47.316+0000] {processor.py:156} INFO - Started process (PID=271) to work on /home/airflow/.local/lib/python3.7/site-packages/airflow/example_dags/example_latest_only.py
[2024-10-13T09:28:47.317+0000] {processor.py:799} INFO - Processing file /home/airflow/.local/lib/python3.7/site-packages/airflow/example_dags/example_latest_only.py for tasks to queue
[2024-10-13T09:28:47.318+0000] {logging_mixin.py:149} INFO - [2024-10-13T09:28:47.318+0000] {dagbag.py:541} INFO - Filling up the DagBag from /home/airflow/.local/lib/python3.7/site-packages/airflow/example_dags/example_latest_only.py
[2024-10-13T09:28:47.324+0000] {processor.py:809} INFO - DAG(s) dict_keys(['latest_only']) retrieved from /home/airflow/.local/lib/python3.7/site-packages/airflow/example_dags/example_latest_only.py
[2024-10-13T09:28:47.354+0000] {logging_mixin.py:149} INFO - [2024-10-13T09:28:47.354+0000] {dag.py:2726} INFO - Sync 1 DAGs
[2024-10-13T09:28:47.391+0000] {logging_mixin.py:149} INFO - [2024-10-13T09:28:47.391+0000] {dag.py:3490} INFO - Setting next_dagrun for latest_only to 2024-10-13T05:28:47.391062+00:00, run_after=2024-10-13T09:28:47.391062+00:00
[2024-10-13T09:28:47.414+0000] {processor.py:178} INFO - Processing /home/airflow/.local/lib/python3.7/site-packages/airflow/example_dags/example_latest_only.py took 0.102 seconds
[2024-10-13T09:29:17.875+0000] {processor.py:156} INFO - Started process (PID=332) to work on /home/airflow/.local/lib/python3.7/site-packages/airflow/example_dags/example_latest_only.py
[2024-10-13T09:29:17.876+0000] {processor.py:799} INFO - Processing file /home/airflow/.local/lib/python3.7/site-packages/airflow/example_dags/example_latest_only.py for tasks to queue
[2024-10-13T09:29:17.876+0000] {logging_mixin.py:149} INFO - [2024-10-13T09:29:17.876+0000] {dagbag.py:541} INFO - Filling up the DagBag from /home/airflow/.local/lib/python3.7/site-packages/airflow/example_dags/example_latest_only.py
[2024-10-13T09:29:17.883+0000] {processor.py:809} INFO - DAG(s) dict_keys(['latest_only']) retrieved from /home/airflow/.local/lib/python3.7/site-packages/airflow/example_dags/example_latest_only.py
[2024-10-13T09:29:17.920+0000] {logging_mixin.py:149} INFO - [2024-10-13T09:29:17.920+0000] {dag.py:2726} INFO - Sync 1 DAGs
[2024-10-13T09:29:17.957+0000] {logging_mixin.py:149} INFO - [2024-10-13T09:29:17.957+0000] {dag.py:3490} INFO - Setting next_dagrun for latest_only to 2024-10-13T05:29:17.956569+00:00, run_after=2024-10-13T09:29:17.956569+00:00
[2024-10-13T09:29:17.988+0000] {processor.py:178} INFO - Processing /home/airflow/.local/lib/python3.7/site-packages/airflow/example_dags/example_latest_only.py took 0.118 seconds
[2024-10-13T09:29:48.274+0000] {processor.py:156} INFO - Started process (PID=393) to work on /home/airflow/.local/lib/python3.7/site-packages/airflow/example_dags/example_latest_only.py
[2024-10-13T09:29:48.275+0000] {processor.py:799} INFO - Processing file /home/airflow/.local/lib/python3.7/site-packages/airflow/example_dags/example_latest_only.py for tasks to queue
[2024-10-13T09:29:48.276+0000] {logging_mixin.py:149} INFO - [2024-10-13T09:29:48.276+0000] {dagbag.py:541} INFO - Filling up the DagBag from /home/airflow/.local/lib/python3.7/site-packages/airflow/example_dags/example_latest_only.py
[2024-10-13T09:29:48.282+0000] {processor.py:809} INFO - DAG(s) dict_keys(['latest_only']) retrieved from /home/airflow/.local/lib/python3.7/site-packages/airflow/example_dags/example_latest_only.py
[2024-10-13T09:29:48.310+0000] {logging_mixin.py:149} INFO - [2024-10-13T09:29:48.310+0000] {dag.py:2726} INFO - Sync 1 DAGs
[2024-10-13T09:29:48.340+0000] {logging_mixin.py:149} INFO - [2024-10-13T09:29:48.340+0000] {dag.py:3490} INFO - Setting next_dagrun for latest_only to 2024-10-13T05:29:48.340000+00:00, run_after=2024-10-13T09:29:48.340000+00:00
[2024-10-13T09:29:48.359+0000] {processor.py:178} INFO - Processing /home/airflow/.local/lib/python3.7/site-packages/airflow/example_dags/example_latest_only.py took 0.089 seconds
[2024-10-13T09:30:18.770+0000] {processor.py:156} INFO - Started process (PID=454) to work on /home/airflow/.local/lib/python3.7/site-packages/airflow/example_dags/example_latest_only.py
[2024-10-13T09:30:18.771+0000] {processor.py:799} INFO - Processing file /home/airflow/.local/lib/python3.7/site-packages/airflow/example_dags/example_latest_only.py for tasks to queue
[2024-10-13T09:30:18.772+0000] {logging_mixin.py:149} INFO - [2024-10-13T09:30:18.772+0000] {dagbag.py:541} INFO - Filling up the DagBag from /home/airflow/.local/lib/python3.7/site-packages/airflow/example_dags/example_latest_only.py
[2024-10-13T09:30:18.778+0000] {processor.py:809} INFO - DAG(s) dict_keys(['latest_only']) retrieved from /home/airflow/.local/lib/python3.7/site-packages/airflow/example_dags/example_latest_only.py
[2024-10-13T09:30:18.808+0000] {logging_mixin.py:149} INFO - [2024-10-13T09:30:18.808+0000] {dag.py:2726} INFO - Sync 1 DAGs
[2024-10-13T09:30:18.841+0000] {logging_mixin.py:149} INFO - [2024-10-13T09:30:18.841+0000] {dag.py:3490} INFO - Setting next_dagrun for latest_only to 2024-10-13T05:30:18.841262+00:00, run_after=2024-10-13T09:30:18.841262+00:00
[2024-10-13T09:30:18.863+0000] {processor.py:178} INFO - Processing /home/airflow/.local/lib/python3.7/site-packages/airflow/example_dags/example_latest_only.py took 0.097 seconds
[2024-10-13T09:30:49.588+0000] {processor.py:156} INFO - Started process (PID=515) to work on /home/airflow/.local/lib/python3.7/site-packages/airflow/example_dags/example_latest_only.py
[2024-10-13T09:30:49.589+0000] {processor.py:799} INFO - Processing file /home/airflow/.local/lib/python3.7/site-packages/airflow/example_dags/example_latest_only.py for tasks to queue
[2024-10-13T09:30:49.590+0000] {logging_mixin.py:149} INFO - [2024-10-13T09:30:49.590+0000] {dagbag.py:541} INFO - Filling up the DagBag from /home/airflow/.local/lib/python3.7/site-packages/airflow/example_dags/example_latest_only.py
[2024-10-13T09:30:49.599+0000] {processor.py:809} INFO - DAG(s) dict_keys(['latest_only']) retrieved from /home/airflow/.local/lib/python3.7/site-packages/airflow/example_dags/example_latest_only.py
[2024-10-13T09:30:49.640+0000] {logging_mixin.py:149} INFO - [2024-10-13T09:30:49.640+0000] {dag.py:2726} INFO - Sync 1 DAGs
[2024-10-13T09:30:49.689+0000] {logging_mixin.py:149} INFO - [2024-10-13T09:30:49.689+0000] {dag.py:3490} INFO - Setting next_dagrun for latest_only to 2024-10-13T05:30:49.689114+00:00, run_after=2024-10-13T09:30:49.689114+00:00
[2024-10-13T09:30:49.720+0000] {processor.py:178} INFO - Processing /home/airflow/.local/lib/python3.7/site-packages/airflow/example_dags/example_latest_only.py took 0.137 seconds
[2024-10-13T09:31:20.129+0000] {processor.py:156} INFO - Started process (PID=576) to work on /home/airflow/.local/lib/python3.7/site-packages/airflow/example_dags/example_latest_only.py
[2024-10-13T09:31:20.130+0000] {processor.py:799} INFO - Processing file /home/airflow/.local/lib/python3.7/site-packages/airflow/example_dags/example_latest_only.py for tasks to queue
[2024-10-13T09:31:20.131+0000] {logging_mixin.py:149} INFO - [2024-10-13T09:31:20.131+0000] {dagbag.py:541} INFO - Filling up the DagBag from /home/airflow/.local/lib/python3.7/site-packages/airflow/example_dags/example_latest_only.py
[2024-10-13T09:31:20.138+0000] {processor.py:809} INFO - DAG(s) dict_keys(['latest_only']) retrieved from /home/airflow/.local/lib/python3.7/site-packages/airflow/example_dags/example_latest_only.py
[2024-10-13T09:31:20.171+0000] {logging_mixin.py:149} INFO - [2024-10-13T09:31:20.171+0000] {dag.py:2726} INFO - Sync 1 DAGs
[2024-10-13T09:31:20.207+0000] {logging_mixin.py:149} INFO - [2024-10-13T09:31:20.207+0000] {dag.py:3490} INFO - Setting next_dagrun for latest_only to 2024-10-13T05:31:20.207527+00:00, run_after=2024-10-13T09:31:20.207527+00:00
[2024-10-13T09:31:20.235+0000] {processor.py:178} INFO - Processing /home/airflow/.local/lib/python3.7/site-packages/airflow/example_dags/example_latest_only.py took 0.109 seconds
[2024-10-13T09:31:51.131+0000] {processor.py:156} INFO - Started process (PID=637) to work on /home/airflow/.local/lib/python3.7/site-packages/airflow/example_dags/example_latest_only.py
[2024-10-13T09:31:51.132+0000] {processor.py:799} INFO - Processing file /home/airflow/.local/lib/python3.7/site-packages/airflow/example_dags/example_latest_only.py for tasks to queue
[2024-10-13T09:31:51.132+0000] {logging_mixin.py:149} INFO - [2024-10-13T09:31:51.132+0000] {dagbag.py:541} INFO - Filling up the DagBag from /home/airflow/.local/lib/python3.7/site-packages/airflow/example_dags/example_latest_only.py
[2024-10-13T09:31:51.138+0000] {processor.py:809} INFO - DAG(s) dict_keys(['latest_only']) retrieved from /home/airflow/.local/lib/python3.7/site-packages/airflow/example_dags/example_latest_only.py
[2024-10-13T09:31:51.165+0000] {logging_mixin.py:149} INFO - [2024-10-13T09:31:51.165+0000] {dag.py:2726} INFO - Sync 1 DAGs
[2024-10-13T09:31:51.195+0000] {logging_mixin.py:149} INFO - [2024-10-13T09:31:51.195+0000] {dag.py:3490} INFO - Setting next_dagrun for latest_only to 2024-10-13T05:31:51.195335+00:00, run_after=2024-10-13T09:31:51.195335+00:00
[2024-10-13T09:31:51.215+0000] {processor.py:178} INFO - Processing /home/airflow/.local/lib/python3.7/site-packages/airflow/example_dags/example_latest_only.py took 0.087 seconds
[2024-10-13T09:32:21.455+0000] {processor.py:156} INFO - Started process (PID=698) to work on /home/airflow/.local/lib/python3.7/site-packages/airflow/example_dags/example_latest_only.py
[2024-10-13T09:32:21.456+0000] {processor.py:799} INFO - Processing file /home/airflow/.local/lib/python3.7/site-packages/airflow/example_dags/example_latest_only.py for tasks to queue
[2024-10-13T09:32:21.457+0000] {logging_mixin.py:149} INFO - [2024-10-13T09:32:21.457+0000] {dagbag.py:541} INFO - Filling up the DagBag from /home/airflow/.local/lib/python3.7/site-packages/airflow/example_dags/example_latest_only.py
[2024-10-13T09:32:21.462+0000] {processor.py:809} INFO - DAG(s) dict_keys(['latest_only']) retrieved from /home/airflow/.local/lib/python3.7/site-packages/airflow/example_dags/example_latest_only.py
[2024-10-13T09:32:21.495+0000] {logging_mixin.py:149} INFO - [2024-10-13T09:32:21.495+0000] {dag.py:2726} INFO - Sync 1 DAGs
[2024-10-13T09:32:21.524+0000] {logging_mixin.py:149} INFO - [2024-10-13T09:32:21.524+0000] {dag.py:3490} INFO - Setting next_dagrun for latest_only to 2024-10-13T05:32:21.523995+00:00, run_after=2024-10-13T09:32:21.523995+00:00
[2024-10-13T09:32:21.545+0000] {processor.py:178} INFO - Processing /home/airflow/.local/lib/python3.7/site-packages/airflow/example_dags/example_latest_only.py took 0.093 seconds
[2024-10-13T09:32:52.255+0000] {processor.py:156} INFO - Started process (PID=759) to work on /home/airflow/.local/lib/python3.7/site-packages/airflow/example_dags/example_latest_only.py
[2024-10-13T09:32:52.256+0000] {processor.py:799} INFO - Processing file /home/airflow/.local/lib/python3.7/site-packages/airflow/example_dags/example_latest_only.py for tasks to queue
[2024-10-13T09:32:52.257+0000] {logging_mixin.py:149} INFO - [2024-10-13T09:32:52.257+0000] {dagbag.py:541} INFO - Filling up the DagBag from /home/airflow/.local/lib/python3.7/site-packages/airflow/example_dags/example_latest_only.py
[2024-10-13T09:32:52.273+0000] {processor.py:809} INFO - DAG(s) dict_keys(['latest_only']) retrieved from /home/airflow/.local/lib/python3.7/site-packages/airflow/example_dags/example_latest_only.py
[2024-10-13T09:32:52.308+0000] {logging_mixin.py:149} INFO - [2024-10-13T09:32:52.308+0000] {dag.py:2726} INFO - Sync 1 DAGs
[2024-10-13T09:32:52.349+0000] {logging_mixin.py:149} INFO - [2024-10-13T09:32:52.349+0000] {dag.py:3490} INFO - Setting next_dagrun for latest_only to 2024-10-13T05:32:52.348949+00:00, run_after=2024-10-13T09:32:52.348949+00:00
[2024-10-13T09:32:52.375+0000] {processor.py:178} INFO - Processing /home/airflow/.local/lib/python3.7/site-packages/airflow/example_dags/example_latest_only.py took 0.125 seconds
[2024-10-13T09:33:23.048+0000] {processor.py:156} INFO - Started process (PID=820) to work on /home/airflow/.local/lib/python3.7/site-packages/airflow/example_dags/example_latest_only.py
[2024-10-13T09:33:23.049+0000] {processor.py:799} INFO - Processing file /home/airflow/.local/lib/python3.7/site-packages/airflow/example_dags/example_latest_only.py for tasks to queue
[2024-10-13T09:33:23.049+0000] {logging_mixin.py:149} INFO - [2024-10-13T09:33:23.049+0000] {dagbag.py:541} INFO - Filling up the DagBag from /home/airflow/.local/lib/python3.7/site-packages/airflow/example_dags/example_latest_only.py
[2024-10-13T09:33:23.057+0000] {processor.py:809} INFO - DAG(s) dict_keys(['latest_only']) retrieved from /home/airflow/.local/lib/python3.7/site-packages/airflow/example_dags/example_latest_only.py
[2024-10-13T09:33:23.088+0000] {logging_mixin.py:149} INFO - [2024-10-13T09:33:23.088+0000] {dag.py:2726} INFO - Sync 1 DAGs
[2024-10-13T09:33:23.134+0000] {logging_mixin.py:149} INFO - [2024-10-13T09:33:23.134+0000] {dag.py:3490} INFO - Setting next_dagrun for latest_only to 2024-10-13T05:33:23.134215+00:00, run_after=2024-10-13T09:33:23.134215+00:00
[2024-10-13T09:33:23.165+0000] {processor.py:178} INFO - Processing /home/airflow/.local/lib/python3.7/site-packages/airflow/example_dags/example_latest_only.py took 0.122 seconds
[2024-10-13T09:33:53.502+0000] {processor.py:156} INFO - Started process (PID=882) to work on /home/airflow/.local/lib/python3.7/site-packages/airflow/example_dags/example_latest_only.py
[2024-10-13T09:33:53.504+0000] {processor.py:799} INFO - Processing file /home/airflow/.local/lib/python3.7/site-packages/airflow/example_dags/example_latest_only.py for tasks to queue
[2024-10-13T09:33:53.504+0000] {logging_mixin.py:149} INFO - [2024-10-13T09:33:53.504+0000] {dagbag.py:541} INFO - Filling up the DagBag from /home/airflow/.local/lib/python3.7/site-packages/airflow/example_dags/example_latest_only.py
[2024-10-13T09:33:53.512+0000] {processor.py:809} INFO - DAG(s) dict_keys(['latest_only']) retrieved from /home/airflow/.local/lib/python3.7/site-packages/airflow/example_dags/example_latest_only.py
[2024-10-13T09:33:53.541+0000] {logging_mixin.py:149} INFO - [2024-10-13T09:33:53.541+0000] {dag.py:2726} INFO - Sync 1 DAGs
[2024-10-13T09:33:53.586+0000] {logging_mixin.py:149} INFO - [2024-10-13T09:33:53.585+0000] {dag.py:3490} INFO - Setting next_dagrun for latest_only to 2024-10-13T05:33:53.585593+00:00, run_after=2024-10-13T09:33:53.585593+00:00
[2024-10-13T09:33:53.611+0000] {processor.py:178} INFO - Processing /home/airflow/.local/lib/python3.7/site-packages/airflow/example_dags/example_latest_only.py took 0.113 seconds
[2024-10-13T09:34:24.197+0000] {processor.py:156} INFO - Started process (PID=943) to work on /home/airflow/.local/lib/python3.7/site-packages/airflow/example_dags/example_latest_only.py
[2024-10-13T09:34:24.198+0000] {processor.py:799} INFO - Processing file /home/airflow/.local/lib/python3.7/site-packages/airflow/example_dags/example_latest_only.py for tasks to queue
[2024-10-13T09:34:24.199+0000] {logging_mixin.py:149} INFO - [2024-10-13T09:34:24.199+0000] {dagbag.py:541} INFO - Filling up the DagBag from /home/airflow/.local/lib/python3.7/site-packages/airflow/example_dags/example_latest_only.py
[2024-10-13T09:34:24.205+0000] {processor.py:809} INFO - DAG(s) dict_keys(['latest_only']) retrieved from /home/airflow/.local/lib/python3.7/site-packages/airflow/example_dags/example_latest_only.py
[2024-10-13T09:34:24.241+0000] {logging_mixin.py:149} INFO - [2024-10-13T09:34:24.241+0000] {dag.py:2726} INFO - Sync 1 DAGs
[2024-10-13T09:34:24.277+0000] {logging_mixin.py:149} INFO - [2024-10-13T09:34:24.277+0000] {dag.py:3490} INFO - Setting next_dagrun for latest_only to 2024-10-13T05:34:24.277362+00:00, run_after=2024-10-13T09:34:24.277362+00:00
[2024-10-13T09:34:24.300+0000] {processor.py:178} INFO - Processing /home/airflow/.local/lib/python3.7/site-packages/airflow/example_dags/example_latest_only.py took 0.108 seconds
[2024-10-13T09:34:54.716+0000] {processor.py:156} INFO - Started process (PID=1004) to work on /home/airflow/.local/lib/python3.7/site-packages/airflow/example_dags/example_latest_only.py
[2024-10-13T09:34:54.717+0000] {processor.py:799} INFO - Processing file /home/airflow/.local/lib/python3.7/site-packages/airflow/example_dags/example_latest_only.py for tasks to queue
[2024-10-13T09:34:54.718+0000] {logging_mixin.py:149} INFO - [2024-10-13T09:34:54.718+0000] {dagbag.py:541} INFO - Filling up the DagBag from /home/airflow/.local/lib/python3.7/site-packages/airflow/example_dags/example_latest_only.py
[2024-10-13T09:34:54.727+0000] {processor.py:809} INFO - DAG(s) dict_keys(['latest_only']) retrieved from /home/airflow/.local/lib/python3.7/site-packages/airflow/example_dags/example_latest_only.py
[2024-10-13T09:34:54.759+0000] {logging_mixin.py:149} INFO - [2024-10-13T09:34:54.759+0000] {dag.py:2726} INFO - Sync 1 DAGs
[2024-10-13T09:34:54.798+0000] {logging_mixin.py:149} INFO - [2024-10-13T09:34:54.798+0000] {dag.py:3490} INFO - Setting next_dagrun for latest_only to 2024-10-13T05:34:54.798086+00:00, run_after=2024-10-13T09:34:54.798086+00:00
[2024-10-13T09:34:54.822+0000] {processor.py:178} INFO - Processing /home/airflow/.local/lib/python3.7/site-packages/airflow/example_dags/example_latest_only.py took 0.112 seconds
[2024-10-13T09:35:25.823+0000] {processor.py:156} INFO - Started process (PID=1074) to work on /home/airflow/.local/lib/python3.7/site-packages/airflow/example_dags/example_latest_only.py
[2024-10-13T09:35:25.824+0000] {processor.py:799} INFO - Processing file /home/airflow/.local/lib/python3.7/site-packages/airflow/example_dags/example_latest_only.py for tasks to queue
[2024-10-13T09:35:25.824+0000] {logging_mixin.py:149} INFO - [2024-10-13T09:35:25.824+0000] {dagbag.py:541} INFO - Filling up the DagBag from /home/airflow/.local/lib/python3.7/site-packages/airflow/example_dags/example_latest_only.py
[2024-10-13T09:35:25.832+0000] {processor.py:809} INFO - DAG(s) dict_keys(['latest_only']) retrieved from /home/airflow/.local/lib/python3.7/site-packages/airflow/example_dags/example_latest_only.py
[2024-10-13T09:35:25.865+0000] {logging_mixin.py:149} INFO - [2024-10-13T09:35:25.864+0000] {dag.py:2726} INFO - Sync 1 DAGs
[2024-10-13T09:35:25.913+0000] {logging_mixin.py:149} INFO - [2024-10-13T09:35:25.913+0000] {dag.py:3490} INFO - Setting next_dagrun for latest_only to 2024-10-13T05:35:25.913119+00:00, run_after=2024-10-13T09:35:25.913119+00:00
[2024-10-13T09:35:25.941+0000] {processor.py:178} INFO - Processing /home/airflow/.local/lib/python3.7/site-packages/airflow/example_dags/example_latest_only.py took 0.122 seconds
[2024-10-13T09:35:56.840+0000] {processor.py:156} INFO - Started process (PID=1135) to work on /home/airflow/.local/lib/python3.7/site-packages/airflow/example_dags/example_latest_only.py
[2024-10-13T09:35:56.841+0000] {processor.py:799} INFO - Processing file /home/airflow/.local/lib/python3.7/site-packages/airflow/example_dags/example_latest_only.py for tasks to queue
[2024-10-13T09:35:56.842+0000] {logging_mixin.py:149} INFO - [2024-10-13T09:35:56.842+0000] {dagbag.py:541} INFO - Filling up the DagBag from /home/airflow/.local/lib/python3.7/site-packages/airflow/example_dags/example_latest_only.py
[2024-10-13T09:35:56.850+0000] {processor.py:809} INFO - DAG(s) dict_keys(['latest_only']) retrieved from /home/airflow/.local/lib/python3.7/site-packages/airflow/example_dags/example_latest_only.py
[2024-10-13T09:35:56.888+0000] {logging_mixin.py:149} INFO - [2024-10-13T09:35:56.888+0000] {dag.py:2726} INFO - Sync 1 DAGs
[2024-10-13T09:35:56.934+0000] {logging_mixin.py:149} INFO - [2024-10-13T09:35:56.934+0000] {dag.py:3490} INFO - Setting next_dagrun for latest_only to 2024-10-13T05:35:56.934228+00:00, run_after=2024-10-13T09:35:56.934228+00:00
[2024-10-13T09:35:56.959+0000] {processor.py:178} INFO - Processing /home/airflow/.local/lib/python3.7/site-packages/airflow/example_dags/example_latest_only.py took 0.124 seconds
[2024-10-13T09:36:27.244+0000] {processor.py:156} INFO - Started process (PID=1197) to work on /home/airflow/.local/lib/python3.7/site-packages/airflow/example_dags/example_latest_only.py
[2024-10-13T09:36:27.245+0000] {processor.py:799} INFO - Processing file /home/airflow/.local/lib/python3.7/site-packages/airflow/example_dags/example_latest_only.py for tasks to queue
[2024-10-13T09:36:27.246+0000] {logging_mixin.py:149} INFO - [2024-10-13T09:36:27.246+0000] {dagbag.py:541} INFO - Filling up the DagBag from /home/airflow/.local/lib/python3.7/site-packages/airflow/example_dags/example_latest_only.py
[2024-10-13T09:36:27.254+0000] {processor.py:809} INFO - DAG(s) dict_keys(['latest_only']) retrieved from /home/airflow/.local/lib/python3.7/site-packages/airflow/example_dags/example_latest_only.py
[2024-10-13T09:36:27.289+0000] {logging_mixin.py:149} INFO - [2024-10-13T09:36:27.289+0000] {dag.py:2726} INFO - Sync 1 DAGs
[2024-10-13T09:36:27.333+0000] {logging_mixin.py:149} INFO - [2024-10-13T09:36:27.333+0000] {dag.py:3490} INFO - Setting next_dagrun for latest_only to 2024-10-13T05:36:27.333263+00:00, run_after=2024-10-13T09:36:27.333263+00:00
[2024-10-13T09:36:27.366+0000] {processor.py:178} INFO - Processing /home/airflow/.local/lib/python3.7/site-packages/airflow/example_dags/example_latest_only.py took 0.127 seconds
[2024-10-13T09:36:58.116+0000] {processor.py:156} INFO - Started process (PID=1258) to work on /home/airflow/.local/lib/python3.7/site-packages/airflow/example_dags/example_latest_only.py
[2024-10-13T09:36:58.116+0000] {processor.py:799} INFO - Processing file /home/airflow/.local/lib/python3.7/site-packages/airflow/example_dags/example_latest_only.py for tasks to queue
[2024-10-13T09:36:58.117+0000] {logging_mixin.py:149} INFO - [2024-10-13T09:36:58.117+0000] {dagbag.py:541} INFO - Filling up the DagBag from /home/airflow/.local/lib/python3.7/site-packages/airflow/example_dags/example_latest_only.py
[2024-10-13T09:36:58.123+0000] {processor.py:809} INFO - DAG(s) dict_keys(['latest_only']) retrieved from /home/airflow/.local/lib/python3.7/site-packages/airflow/example_dags/example_latest_only.py
[2024-10-13T09:36:58.150+0000] {logging_mixin.py:149} INFO - [2024-10-13T09:36:58.150+0000] {dag.py:2726} INFO - Sync 1 DAGs
[2024-10-13T09:36:58.181+0000] {logging_mixin.py:149} INFO - [2024-10-13T09:36:58.181+0000] {dag.py:3490} INFO - Setting next_dagrun for latest_only to 2024-10-13T05:36:58.180865+00:00, run_after=2024-10-13T09:36:58.180865+00:00
[2024-10-13T09:36:58.202+0000] {processor.py:178} INFO - Processing /home/airflow/.local/lib/python3.7/site-packages/airflow/example_dags/example_latest_only.py took 0.090 seconds
[2024-10-13T09:37:28.636+0000] {processor.py:156} INFO - Started process (PID=1320) to work on /home/airflow/.local/lib/python3.7/site-packages/airflow/example_dags/example_latest_only.py
[2024-10-13T09:37:28.637+0000] {processor.py:799} INFO - Processing file /home/airflow/.local/lib/python3.7/site-packages/airflow/example_dags/example_latest_only.py for tasks to queue
[2024-10-13T09:37:28.638+0000] {logging_mixin.py:149} INFO - [2024-10-13T09:37:28.638+0000] {dagbag.py:541} INFO - Filling up the DagBag from /home/airflow/.local/lib/python3.7/site-packages/airflow/example_dags/example_latest_only.py
[2024-10-13T09:37:28.648+0000] {processor.py:809} INFO - DAG(s) dict_keys(['latest_only']) retrieved from /home/airflow/.local/lib/python3.7/site-packages/airflow/example_dags/example_latest_only.py
[2024-10-13T09:37:28.683+0000] {logging_mixin.py:149} INFO - [2024-10-13T09:37:28.683+0000] {dag.py:2726} INFO - Sync 1 DAGs
[2024-10-13T09:37:28.715+0000] {logging_mixin.py:149} INFO - [2024-10-13T09:37:28.715+0000] {dag.py:3490} INFO - Setting next_dagrun for latest_only to 2024-10-13T05:37:28.715103+00:00, run_after=2024-10-13T09:37:28.715103+00:00
[2024-10-13T09:37:28.738+0000] {processor.py:178} INFO - Processing /home/airflow/.local/lib/python3.7/site-packages/airflow/example_dags/example_latest_only.py took 0.108 seconds
[2024-10-13T09:37:59.221+0000] {processor.py:156} INFO - Started process (PID=1380) to work on /home/airflow/.local/lib/python3.7/site-packages/airflow/example_dags/example_latest_only.py
[2024-10-13T09:37:59.222+0000] {processor.py:799} INFO - Processing file /home/airflow/.local/lib/python3.7/site-packages/airflow/example_dags/example_latest_only.py for tasks to queue
[2024-10-13T09:37:59.223+0000] {logging_mixin.py:149} INFO - [2024-10-13T09:37:59.223+0000] {dagbag.py:541} INFO - Filling up the DagBag from /home/airflow/.local/lib/python3.7/site-packages/airflow/example_dags/example_latest_only.py
[2024-10-13T09:37:59.231+0000] {processor.py:809} INFO - DAG(s) dict_keys(['latest_only']) retrieved from /home/airflow/.local/lib/python3.7/site-packages/airflow/example_dags/example_latest_only.py
[2024-10-13T09:37:59.267+0000] {logging_mixin.py:149} INFO - [2024-10-13T09:37:59.267+0000] {dag.py:2726} INFO - Sync 1 DAGs
[2024-10-13T09:37:59.301+0000] {logging_mixin.py:149} INFO - [2024-10-13T09:37:59.300+0000] {dag.py:3490} INFO - Setting next_dagrun for latest_only to 2024-10-13T05:37:59.300700+00:00, run_after=2024-10-13T09:37:59.300700+00:00
[2024-10-13T09:37:59.322+0000] {processor.py:178} INFO - Processing /home/airflow/.local/lib/python3.7/site-packages/airflow/example_dags/example_latest_only.py took 0.106 seconds
[2024-10-13T09:38:29.964+0000] {processor.py:156} INFO - Started process (PID=1441) to work on /home/airflow/.local/lib/python3.7/site-packages/airflow/example_dags/example_latest_only.py
[2024-10-13T09:38:29.966+0000] {processor.py:799} INFO - Processing file /home/airflow/.local/lib/python3.7/site-packages/airflow/example_dags/example_latest_only.py for tasks to queue
[2024-10-13T09:38:29.967+0000] {logging_mixin.py:149} INFO - [2024-10-13T09:38:29.967+0000] {dagbag.py:541} INFO - Filling up the DagBag from /home/airflow/.local/lib/python3.7/site-packages/airflow/example_dags/example_latest_only.py
[2024-10-13T09:38:29.976+0000] {processor.py:809} INFO - DAG(s) dict_keys(['latest_only']) retrieved from /home/airflow/.local/lib/python3.7/site-packages/airflow/example_dags/example_latest_only.py
[2024-10-13T09:38:30.020+0000] {logging_mixin.py:149} INFO - [2024-10-13T09:38:30.020+0000] {dag.py:2726} INFO - Sync 1 DAGs
[2024-10-13T09:38:30.057+0000] {logging_mixin.py:149} INFO - [2024-10-13T09:38:30.057+0000] {dag.py:3490} INFO - Setting next_dagrun for latest_only to 2024-10-13T05:38:30.056775+00:00, run_after=2024-10-13T09:38:30.056775+00:00
[2024-10-13T09:38:30.083+0000] {processor.py:178} INFO - Processing /home/airflow/.local/lib/python3.7/site-packages/airflow/example_dags/example_latest_only.py took 0.125 seconds
[2024-10-13T09:39:00.468+0000] {processor.py:156} INFO - Started process (PID=1502) to work on /home/airflow/.local/lib/python3.7/site-packages/airflow/example_dags/example_latest_only.py
[2024-10-13T09:39:00.469+0000] {processor.py:799} INFO - Processing file /home/airflow/.local/lib/python3.7/site-packages/airflow/example_dags/example_latest_only.py for tasks to queue
[2024-10-13T09:39:00.469+0000] {logging_mixin.py:149} INFO - [2024-10-13T09:39:00.469+0000] {dagbag.py:541} INFO - Filling up the DagBag from /home/airflow/.local/lib/python3.7/site-packages/airflow/example_dags/example_latest_only.py
[2024-10-13T09:39:00.476+0000] {processor.py:809} INFO - DAG(s) dict_keys(['latest_only']) retrieved from /home/airflow/.local/lib/python3.7/site-packages/airflow/example_dags/example_latest_only.py
[2024-10-13T09:39:00.511+0000] {logging_mixin.py:149} INFO - [2024-10-13T09:39:00.510+0000] {dag.py:2726} INFO - Sync 1 DAGs
[2024-10-13T09:39:00.538+0000] {logging_mixin.py:149} INFO - [2024-10-13T09:39:00.538+0000] {dag.py:3490} INFO - Setting next_dagrun for latest_only to 2024-10-13T05:39:00.538398+00:00, run_after=2024-10-13T09:39:00.538398+00:00
[2024-10-13T09:39:00.563+0000] {processor.py:178} INFO - Processing /home/airflow/.local/lib/python3.7/site-packages/airflow/example_dags/example_latest_only.py took 0.098 seconds
[2024-10-13T09:39:31.095+0000] {processor.py:156} INFO - Started process (PID=1563) to work on /home/airflow/.local/lib/python3.7/site-packages/airflow/example_dags/example_latest_only.py
[2024-10-13T09:39:31.096+0000] {processor.py:799} INFO - Processing file /home/airflow/.local/lib/python3.7/site-packages/airflow/example_dags/example_latest_only.py for tasks to queue
[2024-10-13T09:39:31.096+0000] {logging_mixin.py:149} INFO - [2024-10-13T09:39:31.096+0000] {dagbag.py:541} INFO - Filling up the DagBag from /home/airflow/.local/lib/python3.7/site-packages/airflow/example_dags/example_latest_only.py
[2024-10-13T09:39:31.104+0000] {processor.py:809} INFO - DAG(s) dict_keys(['latest_only']) retrieved from /home/airflow/.local/lib/python3.7/site-packages/airflow/example_dags/example_latest_only.py
[2024-10-13T09:39:31.134+0000] {logging_mixin.py:149} INFO - [2024-10-13T09:39:31.134+0000] {dag.py:2726} INFO - Sync 1 DAGs
[2024-10-13T09:39:31.175+0000] {logging_mixin.py:149} INFO - [2024-10-13T09:39:31.175+0000] {dag.py:3490} INFO - Setting next_dagrun for latest_only to 2024-10-13T05:39:31.175002+00:00, run_after=2024-10-13T09:39:31.175002+00:00
[2024-10-13T09:39:31.199+0000] {processor.py:178} INFO - Processing /home/airflow/.local/lib/python3.7/site-packages/airflow/example_dags/example_latest_only.py took 0.108 seconds
[2024-10-13T09:40:01.515+0000] {processor.py:156} INFO - Started process (PID=1624) to work on /home/airflow/.local/lib/python3.7/site-packages/airflow/example_dags/example_latest_only.py
[2024-10-13T09:40:01.516+0000] {processor.py:799} INFO - Processing file /home/airflow/.local/lib/python3.7/site-packages/airflow/example_dags/example_latest_only.py for tasks to queue
[2024-10-13T09:40:01.516+0000] {logging_mixin.py:149} INFO - [2024-10-13T09:40:01.516+0000] {dagbag.py:541} INFO - Filling up the DagBag from /home/airflow/.local/lib/python3.7/site-packages/airflow/example_dags/example_latest_only.py
[2024-10-13T09:40:01.522+0000] {processor.py:809} INFO - DAG(s) dict_keys(['latest_only']) retrieved from /home/airflow/.local/lib/python3.7/site-packages/airflow/example_dags/example_latest_only.py
[2024-10-13T09:40:01.550+0000] {logging_mixin.py:149} INFO - [2024-10-13T09:40:01.550+0000] {dag.py:2726} INFO - Sync 1 DAGs
[2024-10-13T09:40:01.583+0000] {logging_mixin.py:149} INFO - [2024-10-13T09:40:01.583+0000] {dag.py:3490} INFO - Setting next_dagrun for latest_only to 2024-10-13T05:40:01.582830+00:00, run_after=2024-10-13T09:40:01.582830+00:00
[2024-10-13T09:40:01.606+0000] {processor.py:178} INFO - Processing /home/airflow/.local/lib/python3.7/site-packages/airflow/example_dags/example_latest_only.py took 0.094 seconds
[2024-10-13T09:40:32.578+0000] {processor.py:156} INFO - Started process (PID=1685) to work on /home/airflow/.local/lib/python3.7/site-packages/airflow/example_dags/example_latest_only.py
[2024-10-13T09:40:32.579+0000] {processor.py:799} INFO - Processing file /home/airflow/.local/lib/python3.7/site-packages/airflow/example_dags/example_latest_only.py for tasks to queue
[2024-10-13T09:40:32.580+0000] {logging_mixin.py:149} INFO - [2024-10-13T09:40:32.580+0000] {dagbag.py:541} INFO - Filling up the DagBag from /home/airflow/.local/lib/python3.7/site-packages/airflow/example_dags/example_latest_only.py
[2024-10-13T09:40:32.586+0000] {processor.py:809} INFO - DAG(s) dict_keys(['latest_only']) retrieved from /home/airflow/.local/lib/python3.7/site-packages/airflow/example_dags/example_latest_only.py
[2024-10-13T09:40:32.613+0000] {logging_mixin.py:149} INFO - [2024-10-13T09:40:32.613+0000] {dag.py:2726} INFO - Sync 1 DAGs
[2024-10-13T09:40:32.643+0000] {logging_mixin.py:149} INFO - [2024-10-13T09:40:32.643+0000] {dag.py:3490} INFO - Setting next_dagrun for latest_only to 2024-10-13T05:40:32.642856+00:00, run_after=2024-10-13T09:40:32.642856+00:00
[2024-10-13T09:40:32.664+0000] {processor.py:178} INFO - Processing /home/airflow/.local/lib/python3.7/site-packages/airflow/example_dags/example_latest_only.py took 0.090 seconds
[2024-10-13T09:41:03.080+0000] {processor.py:156} INFO - Started process (PID=1746) to work on /home/airflow/.local/lib/python3.7/site-packages/airflow/example_dags/example_latest_only.py
[2024-10-13T09:41:03.081+0000] {processor.py:799} INFO - Processing file /home/airflow/.local/lib/python3.7/site-packages/airflow/example_dags/example_latest_only.py for tasks to queue
[2024-10-13T09:41:03.081+0000] {logging_mixin.py:149} INFO - [2024-10-13T09:41:03.081+0000] {dagbag.py:541} INFO - Filling up the DagBag from /home/airflow/.local/lib/python3.7/site-packages/airflow/example_dags/example_latest_only.py
[2024-10-13T09:41:03.087+0000] {processor.py:809} INFO - DAG(s) dict_keys(['latest_only']) retrieved from /home/airflow/.local/lib/python3.7/site-packages/airflow/example_dags/example_latest_only.py
[2024-10-13T09:41:03.113+0000] {logging_mixin.py:149} INFO - [2024-10-13T09:41:03.113+0000] {dag.py:2726} INFO - Sync 1 DAGs
[2024-10-13T09:41:03.141+0000] {logging_mixin.py:149} INFO - [2024-10-13T09:41:03.141+0000] {dag.py:3490} INFO - Setting next_dagrun for latest_only to 2024-10-13T05:41:03.140862+00:00, run_after=2024-10-13T09:41:03.140862+00:00
[2024-10-13T09:41:03.160+0000] {processor.py:178} INFO - Processing /home/airflow/.local/lib/python3.7/site-packages/airflow/example_dags/example_latest_only.py took 0.083 seconds
[2024-10-13T09:41:33.575+0000] {processor.py:156} INFO - Started process (PID=1807) to work on /home/airflow/.local/lib/python3.7/site-packages/airflow/example_dags/example_latest_only.py
[2024-10-13T09:41:33.576+0000] {processor.py:799} INFO - Processing file /home/airflow/.local/lib/python3.7/site-packages/airflow/example_dags/example_latest_only.py for tasks to queue
[2024-10-13T09:41:33.577+0000] {logging_mixin.py:149} INFO - [2024-10-13T09:41:33.577+0000] {dagbag.py:541} INFO - Filling up the DagBag from /home/airflow/.local/lib/python3.7/site-packages/airflow/example_dags/example_latest_only.py
[2024-10-13T09:41:33.582+0000] {processor.py:809} INFO - DAG(s) dict_keys(['latest_only']) retrieved from /home/airflow/.local/lib/python3.7/site-packages/airflow/example_dags/example_latest_only.py
[2024-10-13T09:41:33.610+0000] {logging_mixin.py:149} INFO - [2024-10-13T09:41:33.610+0000] {dag.py:2726} INFO - Sync 1 DAGs
[2024-10-13T09:41:33.639+0000] {logging_mixin.py:149} INFO - [2024-10-13T09:41:33.639+0000] {dag.py:3490} INFO - Setting next_dagrun for latest_only to 2024-10-13T05:41:33.638872+00:00, run_after=2024-10-13T09:41:33.638872+00:00
[2024-10-13T09:41:33.659+0000] {processor.py:178} INFO - Processing /home/airflow/.local/lib/python3.7/site-packages/airflow/example_dags/example_latest_only.py took 0.087 seconds
[2024-10-13T09:42:04.106+0000] {processor.py:156} INFO - Started process (PID=1868) to work on /home/airflow/.local/lib/python3.7/site-packages/airflow/example_dags/example_latest_only.py
[2024-10-13T09:42:04.107+0000] {processor.py:799} INFO - Processing file /home/airflow/.local/lib/python3.7/site-packages/airflow/example_dags/example_latest_only.py for tasks to queue
[2024-10-13T09:42:04.107+0000] {logging_mixin.py:149} INFO - [2024-10-13T09:42:04.107+0000] {dagbag.py:541} INFO - Filling up the DagBag from /home/airflow/.local/lib/python3.7/site-packages/airflow/example_dags/example_latest_only.py
[2024-10-13T09:42:04.113+0000] {processor.py:809} INFO - DAG(s) dict_keys(['latest_only']) retrieved from /home/airflow/.local/lib/python3.7/site-packages/airflow/example_dags/example_latest_only.py
[2024-10-13T09:42:04.141+0000] {logging_mixin.py:149} INFO - [2024-10-13T09:42:04.141+0000] {dag.py:2726} INFO - Sync 1 DAGs
[2024-10-13T09:42:04.172+0000] {logging_mixin.py:149} INFO - [2024-10-13T09:42:04.171+0000] {dag.py:3490} INFO - Setting next_dagrun for latest_only to 2024-10-13T05:42:04.171683+00:00, run_after=2024-10-13T09:42:04.171683+00:00
[2024-10-13T09:42:04.191+0000] {processor.py:178} INFO - Processing /home/airflow/.local/lib/python3.7/site-packages/airflow/example_dags/example_latest_only.py took 0.089 seconds
[2024-10-13T09:42:34.714+0000] {processor.py:156} INFO - Started process (PID=1929) to work on /home/airflow/.local/lib/python3.7/site-packages/airflow/example_dags/example_latest_only.py
[2024-10-13T09:42:34.715+0000] {processor.py:799} INFO - Processing file /home/airflow/.local/lib/python3.7/site-packages/airflow/example_dags/example_latest_only.py for tasks to queue
[2024-10-13T09:42:34.716+0000] {logging_mixin.py:149} INFO - [2024-10-13T09:42:34.716+0000] {dagbag.py:541} INFO - Filling up the DagBag from /home/airflow/.local/lib/python3.7/site-packages/airflow/example_dags/example_latest_only.py
[2024-10-13T09:42:34.725+0000] {processor.py:809} INFO - DAG(s) dict_keys(['latest_only']) retrieved from /home/airflow/.local/lib/python3.7/site-packages/airflow/example_dags/example_latest_only.py
[2024-10-13T09:42:34.753+0000] {logging_mixin.py:149} INFO - [2024-10-13T09:42:34.753+0000] {dag.py:2726} INFO - Sync 1 DAGs
[2024-10-13T09:42:34.780+0000] {logging_mixin.py:149} INFO - [2024-10-13T09:42:34.780+0000] {dag.py:3490} INFO - Setting next_dagrun for latest_only to 2024-10-13T05:42:34.780609+00:00, run_after=2024-10-13T09:42:34.780609+00:00
[2024-10-13T09:42:34.798+0000] {processor.py:178} INFO - Processing /home/airflow/.local/lib/python3.7/site-packages/airflow/example_dags/example_latest_only.py took 0.088 seconds
[2024-10-13T09:43:05.962+0000] {processor.py:156} INFO - Started process (PID=1990) to work on /home/airflow/.local/lib/python3.7/site-packages/airflow/example_dags/example_latest_only.py
[2024-10-13T09:43:05.963+0000] {processor.py:799} INFO - Processing file /home/airflow/.local/lib/python3.7/site-packages/airflow/example_dags/example_latest_only.py for tasks to queue
[2024-10-13T09:43:05.963+0000] {logging_mixin.py:149} INFO - [2024-10-13T09:43:05.963+0000] {dagbag.py:541} INFO - Filling up the DagBag from /home/airflow/.local/lib/python3.7/site-packages/airflow/example_dags/example_latest_only.py
[2024-10-13T09:43:05.969+0000] {processor.py:809} INFO - DAG(s) dict_keys(['latest_only']) retrieved from /home/airflow/.local/lib/python3.7/site-packages/airflow/example_dags/example_latest_only.py
[2024-10-13T09:43:05.997+0000] {logging_mixin.py:149} INFO - [2024-10-13T09:43:05.997+0000] {dag.py:2726} INFO - Sync 1 DAGs
[2024-10-13T09:43:06.029+0000] {logging_mixin.py:149} INFO - [2024-10-13T09:43:06.029+0000] {dag.py:3490} INFO - Setting next_dagrun for latest_only to 2024-10-13T05:43:06.028918+00:00, run_after=2024-10-13T09:43:06.028918+00:00
[2024-10-13T09:43:06.047+0000] {processor.py:178} INFO - Processing /home/airflow/.local/lib/python3.7/site-packages/airflow/example_dags/example_latest_only.py took 0.089 seconds
[2024-10-13T09:43:37.026+0000] {processor.py:156} INFO - Started process (PID=2051) to work on /home/airflow/.local/lib/python3.7/site-packages/airflow/example_dags/example_latest_only.py
[2024-10-13T09:43:37.027+0000] {processor.py:799} INFO - Processing file /home/airflow/.local/lib/python3.7/site-packages/airflow/example_dags/example_latest_only.py for tasks to queue
[2024-10-13T09:43:37.027+0000] {logging_mixin.py:149} INFO - [2024-10-13T09:43:37.027+0000] {dagbag.py:541} INFO - Filling up the DagBag from /home/airflow/.local/lib/python3.7/site-packages/airflow/example_dags/example_latest_only.py
[2024-10-13T09:43:37.033+0000] {processor.py:809} INFO - DAG(s) dict_keys(['latest_only']) retrieved from /home/airflow/.local/lib/python3.7/site-packages/airflow/example_dags/example_latest_only.py
[2024-10-13T09:43:37.060+0000] {logging_mixin.py:149} INFO - [2024-10-13T09:43:37.059+0000] {dag.py:2726} INFO - Sync 1 DAGs
[2024-10-13T09:43:37.093+0000] {logging_mixin.py:149} INFO - [2024-10-13T09:43:37.093+0000] {dag.py:3490} INFO - Setting next_dagrun for latest_only to 2024-10-13T05:43:37.093016+00:00, run_after=2024-10-13T09:43:37.093016+00:00
[2024-10-13T09:43:37.116+0000] {processor.py:178} INFO - Processing /home/airflow/.local/lib/python3.7/site-packages/airflow/example_dags/example_latest_only.py took 0.094 seconds
[2024-10-13T09:44:07.477+0000] {processor.py:156} INFO - Started process (PID=2112) to work on /home/airflow/.local/lib/python3.7/site-packages/airflow/example_dags/example_latest_only.py
[2024-10-13T09:44:07.477+0000] {processor.py:799} INFO - Processing file /home/airflow/.local/lib/python3.7/site-packages/airflow/example_dags/example_latest_only.py for tasks to queue
[2024-10-13T09:44:07.478+0000] {logging_mixin.py:149} INFO - [2024-10-13T09:44:07.478+0000] {dagbag.py:541} INFO - Filling up the DagBag from /home/airflow/.local/lib/python3.7/site-packages/airflow/example_dags/example_latest_only.py
[2024-10-13T09:44:07.484+0000] {processor.py:809} INFO - DAG(s) dict_keys(['latest_only']) retrieved from /home/airflow/.local/lib/python3.7/site-packages/airflow/example_dags/example_latest_only.py
[2024-10-13T09:44:07.511+0000] {logging_mixin.py:149} INFO - [2024-10-13T09:44:07.511+0000] {dag.py:2726} INFO - Sync 1 DAGs
[2024-10-13T09:44:07.542+0000] {logging_mixin.py:149} INFO - [2024-10-13T09:44:07.542+0000] {dag.py:3490} INFO - Setting next_dagrun for latest_only to 2024-10-13T05:44:07.542100+00:00, run_after=2024-10-13T09:44:07.542100+00:00
[2024-10-13T09:44:07.564+0000] {processor.py:178} INFO - Processing /home/airflow/.local/lib/python3.7/site-packages/airflow/example_dags/example_latest_only.py took 0.091 seconds
[2024-10-13T09:44:37.867+0000] {processor.py:156} INFO - Started process (PID=2173) to work on /home/airflow/.local/lib/python3.7/site-packages/airflow/example_dags/example_latest_only.py
[2024-10-13T09:44:37.867+0000] {processor.py:799} INFO - Processing file /home/airflow/.local/lib/python3.7/site-packages/airflow/example_dags/example_latest_only.py for tasks to queue
[2024-10-13T09:44:37.868+0000] {logging_mixin.py:149} INFO - [2024-10-13T09:44:37.868+0000] {dagbag.py:541} INFO - Filling up the DagBag from /home/airflow/.local/lib/python3.7/site-packages/airflow/example_dags/example_latest_only.py
[2024-10-13T09:44:37.874+0000] {processor.py:809} INFO - DAG(s) dict_keys(['latest_only']) retrieved from /home/airflow/.local/lib/python3.7/site-packages/airflow/example_dags/example_latest_only.py
[2024-10-13T09:44:37.899+0000] {logging_mixin.py:149} INFO - [2024-10-13T09:44:37.899+0000] {dag.py:2726} INFO - Sync 1 DAGs
[2024-10-13T09:44:37.928+0000] {logging_mixin.py:149} INFO - [2024-10-13T09:44:37.928+0000] {dag.py:3490} INFO - Setting next_dagrun for latest_only to 2024-10-13T05:44:37.927904+00:00, run_after=2024-10-13T09:44:37.927904+00:00
[2024-10-13T09:44:37.947+0000] {processor.py:178} INFO - Processing /home/airflow/.local/lib/python3.7/site-packages/airflow/example_dags/example_latest_only.py took 0.084 seconds
[2024-10-13T09:45:08.293+0000] {processor.py:156} INFO - Started process (PID=2234) to work on /home/airflow/.local/lib/python3.7/site-packages/airflow/example_dags/example_latest_only.py
[2024-10-13T09:45:08.294+0000] {processor.py:799} INFO - Processing file /home/airflow/.local/lib/python3.7/site-packages/airflow/example_dags/example_latest_only.py for tasks to queue
[2024-10-13T09:45:08.295+0000] {logging_mixin.py:149} INFO - [2024-10-13T09:45:08.295+0000] {dagbag.py:541} INFO - Filling up the DagBag from /home/airflow/.local/lib/python3.7/site-packages/airflow/example_dags/example_latest_only.py
[2024-10-13T09:45:08.301+0000] {processor.py:809} INFO - DAG(s) dict_keys(['latest_only']) retrieved from /home/airflow/.local/lib/python3.7/site-packages/airflow/example_dags/example_latest_only.py
[2024-10-13T09:45:08.326+0000] {logging_mixin.py:149} INFO - [2024-10-13T09:45:08.326+0000] {dag.py:2726} INFO - Sync 1 DAGs
[2024-10-13T09:45:08.355+0000] {logging_mixin.py:149} INFO - [2024-10-13T09:45:08.355+0000] {dag.py:3490} INFO - Setting next_dagrun for latest_only to 2024-10-13T05:45:08.354950+00:00, run_after=2024-10-13T09:45:08.354950+00:00
[2024-10-13T09:45:08.373+0000] {processor.py:178} INFO - Processing /home/airflow/.local/lib/python3.7/site-packages/airflow/example_dags/example_latest_only.py took 0.084 seconds
[2024-10-13T09:45:38.743+0000] {processor.py:156} INFO - Started process (PID=2295) to work on /home/airflow/.local/lib/python3.7/site-packages/airflow/example_dags/example_latest_only.py
[2024-10-13T09:45:38.744+0000] {processor.py:799} INFO - Processing file /home/airflow/.local/lib/python3.7/site-packages/airflow/example_dags/example_latest_only.py for tasks to queue
[2024-10-13T09:45:38.745+0000] {logging_mixin.py:149} INFO - [2024-10-13T09:45:38.745+0000] {dagbag.py:541} INFO - Filling up the DagBag from /home/airflow/.local/lib/python3.7/site-packages/airflow/example_dags/example_latest_only.py
[2024-10-13T09:45:38.751+0000] {processor.py:809} INFO - DAG(s) dict_keys(['latest_only']) retrieved from /home/airflow/.local/lib/python3.7/site-packages/airflow/example_dags/example_latest_only.py
[2024-10-13T09:45:38.776+0000] {logging_mixin.py:149} INFO - [2024-10-13T09:45:38.776+0000] {dag.py:2726} INFO - Sync 1 DAGs
[2024-10-13T09:45:38.801+0000] {logging_mixin.py:149} INFO - [2024-10-13T09:45:38.801+0000] {dag.py:3490} INFO - Setting next_dagrun for latest_only to 2024-10-13T05:45:38.801272+00:00, run_after=2024-10-13T09:45:38.801272+00:00
[2024-10-13T09:45:38.818+0000] {processor.py:178} INFO - Processing /home/airflow/.local/lib/python3.7/site-packages/airflow/example_dags/example_latest_only.py took 0.078 seconds
[2024-10-13T09:46:09.813+0000] {processor.py:156} INFO - Started process (PID=2356) to work on /home/airflow/.local/lib/python3.7/site-packages/airflow/example_dags/example_latest_only.py
[2024-10-13T09:46:09.814+0000] {processor.py:799} INFO - Processing file /home/airflow/.local/lib/python3.7/site-packages/airflow/example_dags/example_latest_only.py for tasks to queue
[2024-10-13T09:46:09.815+0000] {logging_mixin.py:149} INFO - [2024-10-13T09:46:09.815+0000] {dagbag.py:541} INFO - Filling up the DagBag from /home/airflow/.local/lib/python3.7/site-packages/airflow/example_dags/example_latest_only.py
[2024-10-13T09:46:09.820+0000] {processor.py:809} INFO - DAG(s) dict_keys(['latest_only']) retrieved from /home/airflow/.local/lib/python3.7/site-packages/airflow/example_dags/example_latest_only.py
[2024-10-13T09:46:09.849+0000] {logging_mixin.py:149} INFO - [2024-10-13T09:46:09.849+0000] {dag.py:2726} INFO - Sync 1 DAGs
[2024-10-13T09:46:09.877+0000] {logging_mixin.py:149} INFO - [2024-10-13T09:46:09.877+0000] {dag.py:3490} INFO - Setting next_dagrun for latest_only to 2024-10-13T05:46:09.877153+00:00, run_after=2024-10-13T09:46:09.877153+00:00
[2024-10-13T09:46:09.896+0000] {processor.py:178} INFO - Processing /home/airflow/.local/lib/python3.7/site-packages/airflow/example_dags/example_latest_only.py took 0.086 seconds
[2024-10-13T09:46:40.261+0000] {processor.py:156} INFO - Started process (PID=2417) to work on /home/airflow/.local/lib/python3.7/site-packages/airflow/example_dags/example_latest_only.py
[2024-10-13T09:46:40.262+0000] {processor.py:799} INFO - Processing file /home/airflow/.local/lib/python3.7/site-packages/airflow/example_dags/example_latest_only.py for tasks to queue
[2024-10-13T09:46:40.263+0000] {logging_mixin.py:149} INFO - [2024-10-13T09:46:40.262+0000] {dagbag.py:541} INFO - Filling up the DagBag from /home/airflow/.local/lib/python3.7/site-packages/airflow/example_dags/example_latest_only.py
[2024-10-13T09:46:40.268+0000] {processor.py:809} INFO - DAG(s) dict_keys(['latest_only']) retrieved from /home/airflow/.local/lib/python3.7/site-packages/airflow/example_dags/example_latest_only.py
[2024-10-13T09:46:40.293+0000] {logging_mixin.py:149} INFO - [2024-10-13T09:46:40.293+0000] {dag.py:2726} INFO - Sync 1 DAGs
[2024-10-13T09:46:40.321+0000] {logging_mixin.py:149} INFO - [2024-10-13T09:46:40.321+0000] {dag.py:3490} INFO - Setting next_dagrun for latest_only to 2024-10-13T05:46:40.321517+00:00, run_after=2024-10-13T09:46:40.321517+00:00
[2024-10-13T09:46:40.343+0000] {processor.py:178} INFO - Processing /home/airflow/.local/lib/python3.7/site-packages/airflow/example_dags/example_latest_only.py took 0.085 seconds
[2024-10-13T09:47:10.810+0000] {processor.py:156} INFO - Started process (PID=2478) to work on /home/airflow/.local/lib/python3.7/site-packages/airflow/example_dags/example_latest_only.py
[2024-10-13T09:47:10.811+0000] {processor.py:799} INFO - Processing file /home/airflow/.local/lib/python3.7/site-packages/airflow/example_dags/example_latest_only.py for tasks to queue
[2024-10-13T09:47:10.812+0000] {logging_mixin.py:149} INFO - [2024-10-13T09:47:10.811+0000] {dagbag.py:541} INFO - Filling up the DagBag from /home/airflow/.local/lib/python3.7/site-packages/airflow/example_dags/example_latest_only.py
[2024-10-13T09:47:10.817+0000] {processor.py:809} INFO - DAG(s) dict_keys(['latest_only']) retrieved from /home/airflow/.local/lib/python3.7/site-packages/airflow/example_dags/example_latest_only.py
[2024-10-13T09:47:10.843+0000] {logging_mixin.py:149} INFO - [2024-10-13T09:47:10.843+0000] {dag.py:2726} INFO - Sync 1 DAGs
[2024-10-13T09:47:10.884+0000] {logging_mixin.py:149} INFO - [2024-10-13T09:47:10.883+0000] {dag.py:3490} INFO - Setting next_dagrun for latest_only to 2024-10-13T05:47:10.883641+00:00, run_after=2024-10-13T09:47:10.883641+00:00
[2024-10-13T09:47:10.914+0000] {processor.py:178} INFO - Processing /home/airflow/.local/lib/python3.7/site-packages/airflow/example_dags/example_latest_only.py took 0.108 seconds
[2024-10-13T09:47:41.277+0000] {processor.py:156} INFO - Started process (PID=2539) to work on /home/airflow/.local/lib/python3.7/site-packages/airflow/example_dags/example_latest_only.py
[2024-10-13T09:47:41.278+0000] {processor.py:799} INFO - Processing file /home/airflow/.local/lib/python3.7/site-packages/airflow/example_dags/example_latest_only.py for tasks to queue
[2024-10-13T09:47:41.279+0000] {logging_mixin.py:149} INFO - [2024-10-13T09:47:41.279+0000] {dagbag.py:541} INFO - Filling up the DagBag from /home/airflow/.local/lib/python3.7/site-packages/airflow/example_dags/example_latest_only.py
[2024-10-13T09:47:41.285+0000] {processor.py:809} INFO - DAG(s) dict_keys(['latest_only']) retrieved from /home/airflow/.local/lib/python3.7/site-packages/airflow/example_dags/example_latest_only.py
[2024-10-13T09:47:41.313+0000] {logging_mixin.py:149} INFO - [2024-10-13T09:47:41.313+0000] {dag.py:2726} INFO - Sync 1 DAGs
[2024-10-13T09:47:41.341+0000] {logging_mixin.py:149} INFO - [2024-10-13T09:47:41.340+0000] {dag.py:3490} INFO - Setting next_dagrun for latest_only to 2024-10-13T05:47:41.340635+00:00, run_after=2024-10-13T09:47:41.340635+00:00
[2024-10-13T09:47:41.360+0000] {processor.py:178} INFO - Processing /home/airflow/.local/lib/python3.7/site-packages/airflow/example_dags/example_latest_only.py took 0.086 seconds
[2024-10-13T09:48:11.958+0000] {processor.py:156} INFO - Started process (PID=2600) to work on /home/airflow/.local/lib/python3.7/site-packages/airflow/example_dags/example_latest_only.py
[2024-10-13T09:48:11.958+0000] {processor.py:799} INFO - Processing file /home/airflow/.local/lib/python3.7/site-packages/airflow/example_dags/example_latest_only.py for tasks to queue
[2024-10-13T09:48:11.959+0000] {logging_mixin.py:149} INFO - [2024-10-13T09:48:11.959+0000] {dagbag.py:541} INFO - Filling up the DagBag from /home/airflow/.local/lib/python3.7/site-packages/airflow/example_dags/example_latest_only.py
[2024-10-13T09:48:11.965+0000] {processor.py:809} INFO - DAG(s) dict_keys(['latest_only']) retrieved from /home/airflow/.local/lib/python3.7/site-packages/airflow/example_dags/example_latest_only.py
[2024-10-13T09:48:11.998+0000] {logging_mixin.py:149} INFO - [2024-10-13T09:48:11.998+0000] {dag.py:2726} INFO - Sync 1 DAGs
[2024-10-13T09:48:12.036+0000] {logging_mixin.py:149} INFO - [2024-10-13T09:48:12.035+0000] {dag.py:3490} INFO - Setting next_dagrun for latest_only to 2024-10-13T05:48:12.035576+00:00, run_after=2024-10-13T09:48:12.035576+00:00
[2024-10-13T09:48:12.062+0000] {processor.py:178} INFO - Processing /home/airflow/.local/lib/python3.7/site-packages/airflow/example_dags/example_latest_only.py took 0.108 seconds
[2024-10-13T09:48:42.462+0000] {processor.py:156} INFO - Started process (PID=2661) to work on /home/airflow/.local/lib/python3.7/site-packages/airflow/example_dags/example_latest_only.py
[2024-10-13T09:48:42.463+0000] {processor.py:799} INFO - Processing file /home/airflow/.local/lib/python3.7/site-packages/airflow/example_dags/example_latest_only.py for tasks to queue
[2024-10-13T09:48:42.463+0000] {logging_mixin.py:149} INFO - [2024-10-13T09:48:42.463+0000] {dagbag.py:541} INFO - Filling up the DagBag from /home/airflow/.local/lib/python3.7/site-packages/airflow/example_dags/example_latest_only.py
[2024-10-13T09:48:42.469+0000] {processor.py:809} INFO - DAG(s) dict_keys(['latest_only']) retrieved from /home/airflow/.local/lib/python3.7/site-packages/airflow/example_dags/example_latest_only.py
[2024-10-13T09:48:42.496+0000] {logging_mixin.py:149} INFO - [2024-10-13T09:48:42.496+0000] {dag.py:2726} INFO - Sync 1 DAGs
[2024-10-13T09:48:42.533+0000] {logging_mixin.py:149} INFO - [2024-10-13T09:48:42.533+0000] {dag.py:3490} INFO - Setting next_dagrun for latest_only to 2024-10-13T05:48:42.533178+00:00, run_after=2024-10-13T09:48:42.533178+00:00
[2024-10-13T09:48:42.552+0000] {processor.py:178} INFO - Processing /home/airflow/.local/lib/python3.7/site-packages/airflow/example_dags/example_latest_only.py took 0.094 seconds
[2024-10-13T09:49:13.346+0000] {processor.py:156} INFO - Started process (PID=2722) to work on /home/airflow/.local/lib/python3.7/site-packages/airflow/example_dags/example_latest_only.py
[2024-10-13T09:49:13.347+0000] {processor.py:799} INFO - Processing file /home/airflow/.local/lib/python3.7/site-packages/airflow/example_dags/example_latest_only.py for tasks to queue
[2024-10-13T09:49:13.348+0000] {logging_mixin.py:149} INFO - [2024-10-13T09:49:13.347+0000] {dagbag.py:541} INFO - Filling up the DagBag from /home/airflow/.local/lib/python3.7/site-packages/airflow/example_dags/example_latest_only.py
[2024-10-13T09:49:13.354+0000] {processor.py:809} INFO - DAG(s) dict_keys(['latest_only']) retrieved from /home/airflow/.local/lib/python3.7/site-packages/airflow/example_dags/example_latest_only.py
[2024-10-13T09:49:13.387+0000] {logging_mixin.py:149} INFO - [2024-10-13T09:49:13.387+0000] {dag.py:2726} INFO - Sync 1 DAGs
[2024-10-13T09:49:13.429+0000] {logging_mixin.py:149} INFO - [2024-10-13T09:49:13.429+0000] {dag.py:3490} INFO - Setting next_dagrun for latest_only to 2024-10-13T05:49:13.429605+00:00, run_after=2024-10-13T09:49:13.429605+00:00
[2024-10-13T09:49:13.454+0000] {processor.py:178} INFO - Processing /home/airflow/.local/lib/python3.7/site-packages/airflow/example_dags/example_latest_only.py took 0.112 seconds
[2024-10-13T09:49:43.934+0000] {processor.py:156} INFO - Started process (PID=2783) to work on /home/airflow/.local/lib/python3.7/site-packages/airflow/example_dags/example_latest_only.py
[2024-10-13T09:49:43.934+0000] {processor.py:799} INFO - Processing file /home/airflow/.local/lib/python3.7/site-packages/airflow/example_dags/example_latest_only.py for tasks to queue
[2024-10-13T09:49:43.935+0000] {logging_mixin.py:149} INFO - [2024-10-13T09:49:43.935+0000] {dagbag.py:541} INFO - Filling up the DagBag from /home/airflow/.local/lib/python3.7/site-packages/airflow/example_dags/example_latest_only.py
[2024-10-13T09:49:43.941+0000] {processor.py:809} INFO - DAG(s) dict_keys(['latest_only']) retrieved from /home/airflow/.local/lib/python3.7/site-packages/airflow/example_dags/example_latest_only.py
[2024-10-13T09:49:43.965+0000] {logging_mixin.py:149} INFO - [2024-10-13T09:49:43.965+0000] {dag.py:2726} INFO - Sync 1 DAGs
[2024-10-13T09:49:43.992+0000] {logging_mixin.py:149} INFO - [2024-10-13T09:49:43.992+0000] {dag.py:3490} INFO - Setting next_dagrun for latest_only to 2024-10-13T05:49:43.991894+00:00, run_after=2024-10-13T09:49:43.991894+00:00
[2024-10-13T09:49:44.011+0000] {processor.py:178} INFO - Processing /home/airflow/.local/lib/python3.7/site-packages/airflow/example_dags/example_latest_only.py took 0.081 seconds
[2024-10-13T09:50:15.129+0000] {processor.py:156} INFO - Started process (PID=2844) to work on /home/airflow/.local/lib/python3.7/site-packages/airflow/example_dags/example_latest_only.py
[2024-10-13T09:50:15.130+0000] {processor.py:799} INFO - Processing file /home/airflow/.local/lib/python3.7/site-packages/airflow/example_dags/example_latest_only.py for tasks to queue
[2024-10-13T09:50:15.130+0000] {logging_mixin.py:149} INFO - [2024-10-13T09:50:15.130+0000] {dagbag.py:541} INFO - Filling up the DagBag from /home/airflow/.local/lib/python3.7/site-packages/airflow/example_dags/example_latest_only.py
[2024-10-13T09:50:15.136+0000] {processor.py:809} INFO - DAG(s) dict_keys(['latest_only']) retrieved from /home/airflow/.local/lib/python3.7/site-packages/airflow/example_dags/example_latest_only.py
[2024-10-13T09:50:15.161+0000] {logging_mixin.py:149} INFO - [2024-10-13T09:50:15.161+0000] {dag.py:2726} INFO - Sync 1 DAGs
[2024-10-13T09:50:15.190+0000] {logging_mixin.py:149} INFO - [2024-10-13T09:50:15.190+0000] {dag.py:3490} INFO - Setting next_dagrun for latest_only to 2024-10-13T05:50:15.190038+00:00, run_after=2024-10-13T09:50:15.190038+00:00
[2024-10-13T09:50:15.210+0000] {processor.py:178} INFO - Processing /home/airflow/.local/lib/python3.7/site-packages/airflow/example_dags/example_latest_only.py took 0.084 seconds
[2024-10-13T09:50:45.696+0000] {processor.py:156} INFO - Started process (PID=2905) to work on /home/airflow/.local/lib/python3.7/site-packages/airflow/example_dags/example_latest_only.py
[2024-10-13T09:50:45.697+0000] {processor.py:799} INFO - Processing file /home/airflow/.local/lib/python3.7/site-packages/airflow/example_dags/example_latest_only.py for tasks to queue
[2024-10-13T09:50:45.698+0000] {logging_mixin.py:149} INFO - [2024-10-13T09:50:45.698+0000] {dagbag.py:541} INFO - Filling up the DagBag from /home/airflow/.local/lib/python3.7/site-packages/airflow/example_dags/example_latest_only.py
[2024-10-13T09:50:45.703+0000] {processor.py:809} INFO - DAG(s) dict_keys(['latest_only']) retrieved from /home/airflow/.local/lib/python3.7/site-packages/airflow/example_dags/example_latest_only.py
[2024-10-13T09:50:45.728+0000] {logging_mixin.py:149} INFO - [2024-10-13T09:50:45.728+0000] {dag.py:2726} INFO - Sync 1 DAGs
[2024-10-13T09:50:45.757+0000] {logging_mixin.py:149} INFO - [2024-10-13T09:50:45.757+0000] {dag.py:3490} INFO - Setting next_dagrun for latest_only to 2024-10-13T05:50:45.756871+00:00, run_after=2024-10-13T09:50:45.756871+00:00
[2024-10-13T09:50:45.778+0000] {processor.py:178} INFO - Processing /home/airflow/.local/lib/python3.7/site-packages/airflow/example_dags/example_latest_only.py took 0.085 seconds
[2024-10-13T09:51:16.049+0000] {processor.py:156} INFO - Started process (PID=2966) to work on /home/airflow/.local/lib/python3.7/site-packages/airflow/example_dags/example_latest_only.py
[2024-10-13T09:51:16.050+0000] {processor.py:799} INFO - Processing file /home/airflow/.local/lib/python3.7/site-packages/airflow/example_dags/example_latest_only.py for tasks to queue
[2024-10-13T09:51:16.051+0000] {logging_mixin.py:149} INFO - [2024-10-13T09:51:16.051+0000] {dagbag.py:541} INFO - Filling up the DagBag from /home/airflow/.local/lib/python3.7/site-packages/airflow/example_dags/example_latest_only.py
[2024-10-13T09:51:16.057+0000] {processor.py:809} INFO - DAG(s) dict_keys(['latest_only']) retrieved from /home/airflow/.local/lib/python3.7/site-packages/airflow/example_dags/example_latest_only.py
[2024-10-13T09:51:16.082+0000] {logging_mixin.py:149} INFO - [2024-10-13T09:51:16.082+0000] {dag.py:2726} INFO - Sync 1 DAGs
[2024-10-13T09:51:16.109+0000] {logging_mixin.py:149} INFO - [2024-10-13T09:51:16.109+0000] {dag.py:3490} INFO - Setting next_dagrun for latest_only to 2024-10-13T05:51:16.109341+00:00, run_after=2024-10-13T09:51:16.109341+00:00
[2024-10-13T09:51:16.127+0000] {processor.py:178} INFO - Processing /home/airflow/.local/lib/python3.7/site-packages/airflow/example_dags/example_latest_only.py took 0.081 seconds
[2024-10-13T09:51:46.897+0000] {processor.py:156} INFO - Started process (PID=3027) to work on /home/airflow/.local/lib/python3.7/site-packages/airflow/example_dags/example_latest_only.py
[2024-10-13T09:51:46.897+0000] {processor.py:799} INFO - Processing file /home/airflow/.local/lib/python3.7/site-packages/airflow/example_dags/example_latest_only.py for tasks to queue
[2024-10-13T09:51:46.898+0000] {logging_mixin.py:149} INFO - [2024-10-13T09:51:46.898+0000] {dagbag.py:541} INFO - Filling up the DagBag from /home/airflow/.local/lib/python3.7/site-packages/airflow/example_dags/example_latest_only.py
[2024-10-13T09:51:46.904+0000] {processor.py:809} INFO - DAG(s) dict_keys(['latest_only']) retrieved from /home/airflow/.local/lib/python3.7/site-packages/airflow/example_dags/example_latest_only.py
[2024-10-13T09:51:46.929+0000] {logging_mixin.py:149} INFO - [2024-10-13T09:51:46.929+0000] {dag.py:2726} INFO - Sync 1 DAGs
[2024-10-13T09:51:46.957+0000] {logging_mixin.py:149} INFO - [2024-10-13T09:51:46.957+0000] {dag.py:3490} INFO - Setting next_dagrun for latest_only to 2024-10-13T05:51:46.957048+00:00, run_after=2024-10-13T09:51:46.957048+00:00
[2024-10-13T09:51:46.976+0000] {processor.py:178} INFO - Processing /home/airflow/.local/lib/python3.7/site-packages/airflow/example_dags/example_latest_only.py took 0.083 seconds
[2024-10-13T09:52:17.392+0000] {processor.py:156} INFO - Started process (PID=3088) to work on /home/airflow/.local/lib/python3.7/site-packages/airflow/example_dags/example_latest_only.py
[2024-10-13T09:52:17.393+0000] {processor.py:799} INFO - Processing file /home/airflow/.local/lib/python3.7/site-packages/airflow/example_dags/example_latest_only.py for tasks to queue
[2024-10-13T09:52:17.394+0000] {logging_mixin.py:149} INFO - [2024-10-13T09:52:17.394+0000] {dagbag.py:541} INFO - Filling up the DagBag from /home/airflow/.local/lib/python3.7/site-packages/airflow/example_dags/example_latest_only.py
[2024-10-13T09:52:17.401+0000] {processor.py:809} INFO - DAG(s) dict_keys(['latest_only']) retrieved from /home/airflow/.local/lib/python3.7/site-packages/airflow/example_dags/example_latest_only.py
[2024-10-13T09:52:17.434+0000] {logging_mixin.py:149} INFO - [2024-10-13T09:52:17.434+0000] {dag.py:2726} INFO - Sync 1 DAGs
[2024-10-13T09:52:17.472+0000] {logging_mixin.py:149} INFO - [2024-10-13T09:52:17.472+0000] {dag.py:3490} INFO - Setting next_dagrun for latest_only to 2024-10-13T05:52:17.472472+00:00, run_after=2024-10-13T09:52:17.472472+00:00
[2024-10-13T09:52:17.492+0000] {processor.py:178} INFO - Processing /home/airflow/.local/lib/python3.7/site-packages/airflow/example_dags/example_latest_only.py took 0.103 seconds
[2024-10-13T09:52:47.954+0000] {processor.py:156} INFO - Started process (PID=3149) to work on /home/airflow/.local/lib/python3.7/site-packages/airflow/example_dags/example_latest_only.py
[2024-10-13T09:52:47.955+0000] {processor.py:799} INFO - Processing file /home/airflow/.local/lib/python3.7/site-packages/airflow/example_dags/example_latest_only.py for tasks to queue
[2024-10-13T09:52:47.955+0000] {logging_mixin.py:149} INFO - [2024-10-13T09:52:47.955+0000] {dagbag.py:541} INFO - Filling up the DagBag from /home/airflow/.local/lib/python3.7/site-packages/airflow/example_dags/example_latest_only.py
[2024-10-13T09:52:47.961+0000] {processor.py:809} INFO - DAG(s) dict_keys(['latest_only']) retrieved from /home/airflow/.local/lib/python3.7/site-packages/airflow/example_dags/example_latest_only.py
[2024-10-13T09:52:47.987+0000] {logging_mixin.py:149} INFO - [2024-10-13T09:52:47.987+0000] {dag.py:2726} INFO - Sync 1 DAGs
[2024-10-13T09:52:48.015+0000] {logging_mixin.py:149} INFO - [2024-10-13T09:52:48.015+0000] {dag.py:3490} INFO - Setting next_dagrun for latest_only to 2024-10-13T05:52:48.014976+00:00, run_after=2024-10-13T09:52:48.014976+00:00
[2024-10-13T09:52:48.033+0000] {processor.py:178} INFO - Processing /home/airflow/.local/lib/python3.7/site-packages/airflow/example_dags/example_latest_only.py took 0.083 seconds
[2024-10-13T09:53:18.475+0000] {processor.py:156} INFO - Started process (PID=3210) to work on /home/airflow/.local/lib/python3.7/site-packages/airflow/example_dags/example_latest_only.py
[2024-10-13T09:53:18.476+0000] {processor.py:799} INFO - Processing file /home/airflow/.local/lib/python3.7/site-packages/airflow/example_dags/example_latest_only.py for tasks to queue
[2024-10-13T09:53:18.476+0000] {logging_mixin.py:149} INFO - [2024-10-13T09:53:18.476+0000] {dagbag.py:541} INFO - Filling up the DagBag from /home/airflow/.local/lib/python3.7/site-packages/airflow/example_dags/example_latest_only.py
[2024-10-13T09:53:18.482+0000] {processor.py:809} INFO - DAG(s) dict_keys(['latest_only']) retrieved from /home/airflow/.local/lib/python3.7/site-packages/airflow/example_dags/example_latest_only.py
[2024-10-13T09:53:18.507+0000] {logging_mixin.py:149} INFO - [2024-10-13T09:53:18.507+0000] {dag.py:2726} INFO - Sync 1 DAGs
[2024-10-13T09:53:18.535+0000] {logging_mixin.py:149} INFO - [2024-10-13T09:53:18.535+0000] {dag.py:3490} INFO - Setting next_dagrun for latest_only to 2024-10-13T05:53:18.535031+00:00, run_after=2024-10-13T09:53:18.535031+00:00
[2024-10-13T09:53:18.556+0000] {processor.py:178} INFO - Processing /home/airflow/.local/lib/python3.7/site-packages/airflow/example_dags/example_latest_only.py took 0.085 seconds
[2024-10-13T09:53:49.006+0000] {processor.py:156} INFO - Started process (PID=3271) to work on /home/airflow/.local/lib/python3.7/site-packages/airflow/example_dags/example_latest_only.py
[2024-10-13T09:53:49.006+0000] {processor.py:799} INFO - Processing file /home/airflow/.local/lib/python3.7/site-packages/airflow/example_dags/example_latest_only.py for tasks to queue
[2024-10-13T09:53:49.007+0000] {logging_mixin.py:149} INFO - [2024-10-13T09:53:49.007+0000] {dagbag.py:541} INFO - Filling up the DagBag from /home/airflow/.local/lib/python3.7/site-packages/airflow/example_dags/example_latest_only.py
[2024-10-13T09:53:49.013+0000] {processor.py:809} INFO - DAG(s) dict_keys(['latest_only']) retrieved from /home/airflow/.local/lib/python3.7/site-packages/airflow/example_dags/example_latest_only.py
[2024-10-13T09:53:49.038+0000] {logging_mixin.py:149} INFO - [2024-10-13T09:53:49.037+0000] {dag.py:2726} INFO - Sync 1 DAGs
[2024-10-13T09:53:49.067+0000] {logging_mixin.py:149} INFO - [2024-10-13T09:53:49.067+0000] {dag.py:3490} INFO - Setting next_dagrun for latest_only to 2024-10-13T05:53:49.066983+00:00, run_after=2024-10-13T09:53:49.066983+00:00
[2024-10-13T09:53:49.086+0000] {processor.py:178} INFO - Processing /home/airflow/.local/lib/python3.7/site-packages/airflow/example_dags/example_latest_only.py took 0.084 seconds
[2024-10-13T09:54:20.107+0000] {processor.py:156} INFO - Started process (PID=3332) to work on /home/airflow/.local/lib/python3.7/site-packages/airflow/example_dags/example_latest_only.py
[2024-10-13T09:54:20.108+0000] {processor.py:799} INFO - Processing file /home/airflow/.local/lib/python3.7/site-packages/airflow/example_dags/example_latest_only.py for tasks to queue
[2024-10-13T09:54:20.108+0000] {logging_mixin.py:149} INFO - [2024-10-13T09:54:20.108+0000] {dagbag.py:541} INFO - Filling up the DagBag from /home/airflow/.local/lib/python3.7/site-packages/airflow/example_dags/example_latest_only.py
[2024-10-13T09:54:20.115+0000] {processor.py:809} INFO - DAG(s) dict_keys(['latest_only']) retrieved from /home/airflow/.local/lib/python3.7/site-packages/airflow/example_dags/example_latest_only.py
[2024-10-13T09:54:20.142+0000] {logging_mixin.py:149} INFO - [2024-10-13T09:54:20.142+0000] {dag.py:2726} INFO - Sync 1 DAGs
[2024-10-13T09:54:20.170+0000] {logging_mixin.py:149} INFO - [2024-10-13T09:54:20.170+0000] {dag.py:3490} INFO - Setting next_dagrun for latest_only to 2024-10-13T05:54:20.169924+00:00, run_after=2024-10-13T09:54:20.169924+00:00
[2024-10-13T09:54:20.189+0000] {processor.py:178} INFO - Processing /home/airflow/.local/lib/python3.7/site-packages/airflow/example_dags/example_latest_only.py took 0.086 seconds
[2024-10-13T09:54:51.272+0000] {processor.py:156} INFO - Started process (PID=3393) to work on /home/airflow/.local/lib/python3.7/site-packages/airflow/example_dags/example_latest_only.py
[2024-10-13T09:54:51.273+0000] {processor.py:799} INFO - Processing file /home/airflow/.local/lib/python3.7/site-packages/airflow/example_dags/example_latest_only.py for tasks to queue
[2024-10-13T09:54:51.274+0000] {logging_mixin.py:149} INFO - [2024-10-13T09:54:51.273+0000] {dagbag.py:541} INFO - Filling up the DagBag from /home/airflow/.local/lib/python3.7/site-packages/airflow/example_dags/example_latest_only.py
[2024-10-13T09:54:51.279+0000] {processor.py:809} INFO - DAG(s) dict_keys(['latest_only']) retrieved from /home/airflow/.local/lib/python3.7/site-packages/airflow/example_dags/example_latest_only.py
[2024-10-13T09:54:51.305+0000] {logging_mixin.py:149} INFO - [2024-10-13T09:54:51.305+0000] {dag.py:2726} INFO - Sync 1 DAGs
[2024-10-13T09:54:51.332+0000] {logging_mixin.py:149} INFO - [2024-10-13T09:54:51.332+0000] {dag.py:3490} INFO - Setting next_dagrun for latest_only to 2024-10-13T05:54:51.332307+00:00, run_after=2024-10-13T09:54:51.332307+00:00
[2024-10-13T09:54:51.350+0000] {processor.py:178} INFO - Processing /home/airflow/.local/lib/python3.7/site-packages/airflow/example_dags/example_latest_only.py took 0.081 seconds
[2024-10-13T09:55:21.831+0000] {processor.py:156} INFO - Started process (PID=3454) to work on /home/airflow/.local/lib/python3.7/site-packages/airflow/example_dags/example_latest_only.py
[2024-10-13T09:55:21.832+0000] {processor.py:799} INFO - Processing file /home/airflow/.local/lib/python3.7/site-packages/airflow/example_dags/example_latest_only.py for tasks to queue
[2024-10-13T09:55:21.833+0000] {logging_mixin.py:149} INFO - [2024-10-13T09:55:21.833+0000] {dagbag.py:541} INFO - Filling up the DagBag from /home/airflow/.local/lib/python3.7/site-packages/airflow/example_dags/example_latest_only.py
[2024-10-13T09:55:21.838+0000] {processor.py:809} INFO - DAG(s) dict_keys(['latest_only']) retrieved from /home/airflow/.local/lib/python3.7/site-packages/airflow/example_dags/example_latest_only.py
[2024-10-13T09:55:21.863+0000] {logging_mixin.py:149} INFO - [2024-10-13T09:55:21.863+0000] {dag.py:2726} INFO - Sync 1 DAGs
[2024-10-13T09:55:21.889+0000] {logging_mixin.py:149} INFO - [2024-10-13T09:55:21.888+0000] {dag.py:3490} INFO - Setting next_dagrun for latest_only to 2024-10-13T05:55:21.888731+00:00, run_after=2024-10-13T09:55:21.888731+00:00
[2024-10-13T09:55:21.907+0000] {processor.py:178} INFO - Processing /home/airflow/.local/lib/python3.7/site-packages/airflow/example_dags/example_latest_only.py took 0.079 seconds
[2024-10-13T09:55:52.423+0000] {processor.py:156} INFO - Started process (PID=3515) to work on /home/airflow/.local/lib/python3.7/site-packages/airflow/example_dags/example_latest_only.py
[2024-10-13T09:55:52.424+0000] {processor.py:799} INFO - Processing file /home/airflow/.local/lib/python3.7/site-packages/airflow/example_dags/example_latest_only.py for tasks to queue
[2024-10-13T09:55:52.424+0000] {logging_mixin.py:149} INFO - [2024-10-13T09:55:52.424+0000] {dagbag.py:541} INFO - Filling up the DagBag from /home/airflow/.local/lib/python3.7/site-packages/airflow/example_dags/example_latest_only.py
[2024-10-13T09:55:52.430+0000] {processor.py:809} INFO - DAG(s) dict_keys(['latest_only']) retrieved from /home/airflow/.local/lib/python3.7/site-packages/airflow/example_dags/example_latest_only.py
[2024-10-13T09:55:52.457+0000] {logging_mixin.py:149} INFO - [2024-10-13T09:55:52.456+0000] {dag.py:2726} INFO - Sync 1 DAGs
[2024-10-13T09:55:52.498+0000] {logging_mixin.py:149} INFO - [2024-10-13T09:55:52.498+0000] {dag.py:3490} INFO - Setting next_dagrun for latest_only to 2024-10-13T05:55:52.497960+00:00, run_after=2024-10-13T09:55:52.497960+00:00
[2024-10-13T09:55:52.516+0000] {processor.py:178} INFO - Processing /home/airflow/.local/lib/python3.7/site-packages/airflow/example_dags/example_latest_only.py took 0.096 seconds
[2024-10-13T09:56:22.738+0000] {processor.py:156} INFO - Started process (PID=3576) to work on /home/airflow/.local/lib/python3.7/site-packages/airflow/example_dags/example_latest_only.py
[2024-10-13T09:56:22.739+0000] {processor.py:799} INFO - Processing file /home/airflow/.local/lib/python3.7/site-packages/airflow/example_dags/example_latest_only.py for tasks to queue
[2024-10-13T09:56:22.740+0000] {logging_mixin.py:149} INFO - [2024-10-13T09:56:22.740+0000] {dagbag.py:541} INFO - Filling up the DagBag from /home/airflow/.local/lib/python3.7/site-packages/airflow/example_dags/example_latest_only.py
[2024-10-13T09:56:22.746+0000] {processor.py:809} INFO - DAG(s) dict_keys(['latest_only']) retrieved from /home/airflow/.local/lib/python3.7/site-packages/airflow/example_dags/example_latest_only.py
[2024-10-13T09:56:22.771+0000] {logging_mixin.py:149} INFO - [2024-10-13T09:56:22.771+0000] {dag.py:2726} INFO - Sync 1 DAGs
[2024-10-13T09:56:22.798+0000] {logging_mixin.py:149} INFO - [2024-10-13T09:56:22.798+0000] {dag.py:3490} INFO - Setting next_dagrun for latest_only to 2024-10-13T05:56:22.798112+00:00, run_after=2024-10-13T09:56:22.798112+00:00
[2024-10-13T09:56:22.818+0000] {processor.py:178} INFO - Processing /home/airflow/.local/lib/python3.7/site-packages/airflow/example_dags/example_latest_only.py took 0.083 seconds
[2024-10-13T09:56:53.396+0000] {processor.py:156} INFO - Started process (PID=3637) to work on /home/airflow/.local/lib/python3.7/site-packages/airflow/example_dags/example_latest_only.py
[2024-10-13T09:56:53.397+0000] {processor.py:799} INFO - Processing file /home/airflow/.local/lib/python3.7/site-packages/airflow/example_dags/example_latest_only.py for tasks to queue
[2024-10-13T09:56:53.398+0000] {logging_mixin.py:149} INFO - [2024-10-13T09:56:53.398+0000] {dagbag.py:541} INFO - Filling up the DagBag from /home/airflow/.local/lib/python3.7/site-packages/airflow/example_dags/example_latest_only.py
[2024-10-13T09:56:53.404+0000] {processor.py:809} INFO - DAG(s) dict_keys(['latest_only']) retrieved from /home/airflow/.local/lib/python3.7/site-packages/airflow/example_dags/example_latest_only.py
[2024-10-13T09:56:53.429+0000] {logging_mixin.py:149} INFO - [2024-10-13T09:56:53.428+0000] {dag.py:2726} INFO - Sync 1 DAGs
[2024-10-13T09:56:53.458+0000] {logging_mixin.py:149} INFO - [2024-10-13T09:56:53.458+0000] {dag.py:3490} INFO - Setting next_dagrun for latest_only to 2024-10-13T05:56:53.457820+00:00, run_after=2024-10-13T09:56:53.457820+00:00
[2024-10-13T09:56:53.477+0000] {processor.py:178} INFO - Processing /home/airflow/.local/lib/python3.7/site-packages/airflow/example_dags/example_latest_only.py took 0.084 seconds
[2024-10-13T09:57:24.116+0000] {processor.py:156} INFO - Started process (PID=3698) to work on /home/airflow/.local/lib/python3.7/site-packages/airflow/example_dags/example_latest_only.py
[2024-10-13T09:57:24.117+0000] {processor.py:799} INFO - Processing file /home/airflow/.local/lib/python3.7/site-packages/airflow/example_dags/example_latest_only.py for tasks to queue
[2024-10-13T09:57:24.118+0000] {logging_mixin.py:149} INFO - [2024-10-13T09:57:24.118+0000] {dagbag.py:541} INFO - Filling up the DagBag from /home/airflow/.local/lib/python3.7/site-packages/airflow/example_dags/example_latest_only.py
[2024-10-13T09:57:24.124+0000] {processor.py:809} INFO - DAG(s) dict_keys(['latest_only']) retrieved from /home/airflow/.local/lib/python3.7/site-packages/airflow/example_dags/example_latest_only.py
[2024-10-13T09:57:24.152+0000] {logging_mixin.py:149} INFO - [2024-10-13T09:57:24.152+0000] {dag.py:2726} INFO - Sync 1 DAGs
[2024-10-13T09:57:24.181+0000] {logging_mixin.py:149} INFO - [2024-10-13T09:57:24.181+0000] {dag.py:3490} INFO - Setting next_dagrun for latest_only to 2024-10-13T05:57:24.181328+00:00, run_after=2024-10-13T09:57:24.181328+00:00
[2024-10-13T09:57:24.200+0000] {processor.py:178} INFO - Processing /home/airflow/.local/lib/python3.7/site-packages/airflow/example_dags/example_latest_only.py took 0.087 seconds
[2024-10-13T09:57:54.987+0000] {processor.py:156} INFO - Started process (PID=3759) to work on /home/airflow/.local/lib/python3.7/site-packages/airflow/example_dags/example_latest_only.py
[2024-10-13T09:57:54.988+0000] {processor.py:799} INFO - Processing file /home/airflow/.local/lib/python3.7/site-packages/airflow/example_dags/example_latest_only.py for tasks to queue
[2024-10-13T09:57:54.989+0000] {logging_mixin.py:149} INFO - [2024-10-13T09:57:54.989+0000] {dagbag.py:541} INFO - Filling up the DagBag from /home/airflow/.local/lib/python3.7/site-packages/airflow/example_dags/example_latest_only.py
[2024-10-13T09:57:55.002+0000] {processor.py:809} INFO - DAG(s) dict_keys(['latest_only']) retrieved from /home/airflow/.local/lib/python3.7/site-packages/airflow/example_dags/example_latest_only.py
[2024-10-13T09:57:55.046+0000] {logging_mixin.py:149} INFO - [2024-10-13T09:57:55.045+0000] {dag.py:2726} INFO - Sync 1 DAGs
[2024-10-13T09:57:55.088+0000] {logging_mixin.py:149} INFO - [2024-10-13T09:57:55.087+0000] {dag.py:3490} INFO - Setting next_dagrun for latest_only to 2024-10-13T05:57:55.087401+00:00, run_after=2024-10-13T09:57:55.087401+00:00
[2024-10-13T09:57:55.125+0000] {processor.py:178} INFO - Processing /home/airflow/.local/lib/python3.7/site-packages/airflow/example_dags/example_latest_only.py took 0.144 seconds
[2024-10-13T14:18:53.012+0000] {processor.py:156} INFO - Started process (PID=89) to work on /home/airflow/.local/lib/python3.7/site-packages/airflow/example_dags/example_latest_only.py
[2024-10-13T14:18:53.014+0000] {processor.py:799} INFO - Processing file /home/airflow/.local/lib/python3.7/site-packages/airflow/example_dags/example_latest_only.py for tasks to queue
[2024-10-13T14:18:53.014+0000] {logging_mixin.py:149} INFO - [2024-10-13T14:18:53.014+0000] {dagbag.py:541} INFO - Filling up the DagBag from /home/airflow/.local/lib/python3.7/site-packages/airflow/example_dags/example_latest_only.py
[2024-10-13T14:18:53.022+0000] {processor.py:809} INFO - DAG(s) dict_keys(['latest_only']) retrieved from /home/airflow/.local/lib/python3.7/site-packages/airflow/example_dags/example_latest_only.py
[2024-10-13T14:18:53.040+0000] {logging_mixin.py:149} INFO - [2024-10-13T14:18:53.040+0000] {dag.py:2726} INFO - Sync 1 DAGs
[2024-10-13T14:18:53.077+0000] {logging_mixin.py:149} INFO - [2024-10-13T14:18:53.077+0000] {dag.py:3490} INFO - Setting next_dagrun for latest_only to 2024-10-13T10:18:53.077354+00:00, run_after=2024-10-13T14:18:53.077354+00:00
[2024-10-13T14:18:53.100+0000] {processor.py:178} INFO - Processing /home/airflow/.local/lib/python3.7/site-packages/airflow/example_dags/example_latest_only.py took 0.092 seconds
[2024-10-13T14:19:23.653+0000] {processor.py:156} INFO - Started process (PID=150) to work on /home/airflow/.local/lib/python3.7/site-packages/airflow/example_dags/example_latest_only.py
[2024-10-13T14:19:23.654+0000] {processor.py:799} INFO - Processing file /home/airflow/.local/lib/python3.7/site-packages/airflow/example_dags/example_latest_only.py for tasks to queue
[2024-10-13T14:19:23.655+0000] {logging_mixin.py:149} INFO - [2024-10-13T14:19:23.655+0000] {dagbag.py:541} INFO - Filling up the DagBag from /home/airflow/.local/lib/python3.7/site-packages/airflow/example_dags/example_latest_only.py
[2024-10-13T14:19:23.664+0000] {processor.py:809} INFO - DAG(s) dict_keys(['latest_only']) retrieved from /home/airflow/.local/lib/python3.7/site-packages/airflow/example_dags/example_latest_only.py
[2024-10-13T14:19:23.703+0000] {logging_mixin.py:149} INFO - [2024-10-13T14:19:23.703+0000] {dag.py:2726} INFO - Sync 1 DAGs
[2024-10-13T14:19:23.756+0000] {logging_mixin.py:149} INFO - [2024-10-13T14:19:23.756+0000] {dag.py:3490} INFO - Setting next_dagrun for latest_only to 2024-10-13T10:19:23.755933+00:00, run_after=2024-10-13T14:19:23.755933+00:00
[2024-10-13T14:19:23.786+0000] {processor.py:178} INFO - Processing /home/airflow/.local/lib/python3.7/site-packages/airflow/example_dags/example_latest_only.py took 0.139 seconds
[2024-10-13T14:19:54.161+0000] {processor.py:156} INFO - Started process (PID=211) to work on /home/airflow/.local/lib/python3.7/site-packages/airflow/example_dags/example_latest_only.py
[2024-10-13T14:19:54.162+0000] {processor.py:799} INFO - Processing file /home/airflow/.local/lib/python3.7/site-packages/airflow/example_dags/example_latest_only.py for tasks to queue
[2024-10-13T14:19:54.163+0000] {logging_mixin.py:149} INFO - [2024-10-13T14:19:54.163+0000] {dagbag.py:541} INFO - Filling up the DagBag from /home/airflow/.local/lib/python3.7/site-packages/airflow/example_dags/example_latest_only.py
[2024-10-13T14:19:54.169+0000] {processor.py:809} INFO - DAG(s) dict_keys(['latest_only']) retrieved from /home/airflow/.local/lib/python3.7/site-packages/airflow/example_dags/example_latest_only.py
[2024-10-13T14:19:54.200+0000] {logging_mixin.py:149} INFO - [2024-10-13T14:19:54.200+0000] {dag.py:2726} INFO - Sync 1 DAGs
[2024-10-13T14:19:54.245+0000] {logging_mixin.py:149} INFO - [2024-10-13T14:19:54.245+0000] {dag.py:3490} INFO - Setting next_dagrun for latest_only to 2024-10-13T10:19:54.244819+00:00, run_after=2024-10-13T14:19:54.244819+00:00
[2024-10-13T14:19:54.264+0000] {processor.py:178} INFO - Processing /home/airflow/.local/lib/python3.7/site-packages/airflow/example_dags/example_latest_only.py took 0.107 seconds
[2024-10-13T14:20:24.623+0000] {processor.py:156} INFO - Started process (PID=272) to work on /home/airflow/.local/lib/python3.7/site-packages/airflow/example_dags/example_latest_only.py
[2024-10-13T14:20:24.624+0000] {processor.py:799} INFO - Processing file /home/airflow/.local/lib/python3.7/site-packages/airflow/example_dags/example_latest_only.py for tasks to queue
[2024-10-13T14:20:24.624+0000] {logging_mixin.py:149} INFO - [2024-10-13T14:20:24.624+0000] {dagbag.py:541} INFO - Filling up the DagBag from /home/airflow/.local/lib/python3.7/site-packages/airflow/example_dags/example_latest_only.py
[2024-10-13T14:20:24.631+0000] {processor.py:809} INFO - DAG(s) dict_keys(['latest_only']) retrieved from /home/airflow/.local/lib/python3.7/site-packages/airflow/example_dags/example_latest_only.py
[2024-10-13T14:20:24.660+0000] {logging_mixin.py:149} INFO - [2024-10-13T14:20:24.659+0000] {dag.py:2726} INFO - Sync 1 DAGs
[2024-10-13T14:20:24.688+0000] {logging_mixin.py:149} INFO - [2024-10-13T14:20:24.688+0000] {dag.py:3490} INFO - Setting next_dagrun for latest_only to 2024-10-13T10:20:24.688330+00:00, run_after=2024-10-13T14:20:24.688330+00:00
[2024-10-13T14:20:24.710+0000] {processor.py:178} INFO - Processing /home/airflow/.local/lib/python3.7/site-packages/airflow/example_dags/example_latest_only.py took 0.092 seconds
[2024-10-13T14:20:55.117+0000] {processor.py:156} INFO - Started process (PID=332) to work on /home/airflow/.local/lib/python3.7/site-packages/airflow/example_dags/example_latest_only.py
[2024-10-13T14:20:55.118+0000] {processor.py:799} INFO - Processing file /home/airflow/.local/lib/python3.7/site-packages/airflow/example_dags/example_latest_only.py for tasks to queue
[2024-10-13T14:20:55.118+0000] {logging_mixin.py:149} INFO - [2024-10-13T14:20:55.118+0000] {dagbag.py:541} INFO - Filling up the DagBag from /home/airflow/.local/lib/python3.7/site-packages/airflow/example_dags/example_latest_only.py
[2024-10-13T14:20:55.124+0000] {processor.py:809} INFO - DAG(s) dict_keys(['latest_only']) retrieved from /home/airflow/.local/lib/python3.7/site-packages/airflow/example_dags/example_latest_only.py
[2024-10-13T14:20:55.150+0000] {logging_mixin.py:149} INFO - [2024-10-13T14:20:55.149+0000] {dag.py:2726} INFO - Sync 1 DAGs
[2024-10-13T14:20:55.177+0000] {logging_mixin.py:149} INFO - [2024-10-13T14:20:55.177+0000] {dag.py:3490} INFO - Setting next_dagrun for latest_only to 2024-10-13T10:20:55.176988+00:00, run_after=2024-10-13T14:20:55.176988+00:00
[2024-10-13T14:20:55.195+0000] {processor.py:178} INFO - Processing /home/airflow/.local/lib/python3.7/site-packages/airflow/example_dags/example_latest_only.py took 0.082 seconds
[2024-10-13T14:21:26.407+0000] {processor.py:156} INFO - Started process (PID=393) to work on /home/airflow/.local/lib/python3.7/site-packages/airflow/example_dags/example_latest_only.py
[2024-10-13T14:21:26.408+0000] {processor.py:799} INFO - Processing file /home/airflow/.local/lib/python3.7/site-packages/airflow/example_dags/example_latest_only.py for tasks to queue
[2024-10-13T14:21:26.408+0000] {logging_mixin.py:149} INFO - [2024-10-13T14:21:26.408+0000] {dagbag.py:541} INFO - Filling up the DagBag from /home/airflow/.local/lib/python3.7/site-packages/airflow/example_dags/example_latest_only.py
[2024-10-13T14:21:26.414+0000] {processor.py:809} INFO - DAG(s) dict_keys(['latest_only']) retrieved from /home/airflow/.local/lib/python3.7/site-packages/airflow/example_dags/example_latest_only.py
[2024-10-13T14:21:26.442+0000] {logging_mixin.py:149} INFO - [2024-10-13T14:21:26.442+0000] {dag.py:2726} INFO - Sync 1 DAGs
[2024-10-13T14:21:26.475+0000] {logging_mixin.py:149} INFO - [2024-10-13T14:21:26.474+0000] {dag.py:3490} INFO - Setting next_dagrun for latest_only to 2024-10-13T10:21:26.474443+00:00, run_after=2024-10-13T14:21:26.474443+00:00
[2024-10-13T14:21:26.501+0000] {processor.py:178} INFO - Processing /home/airflow/.local/lib/python3.7/site-packages/airflow/example_dags/example_latest_only.py took 0.098 seconds
[2024-10-13T14:21:57.443+0000] {processor.py:156} INFO - Started process (PID=454) to work on /home/airflow/.local/lib/python3.7/site-packages/airflow/example_dags/example_latest_only.py
[2024-10-13T14:21:57.444+0000] {processor.py:799} INFO - Processing file /home/airflow/.local/lib/python3.7/site-packages/airflow/example_dags/example_latest_only.py for tasks to queue
[2024-10-13T14:21:57.445+0000] {logging_mixin.py:149} INFO - [2024-10-13T14:21:57.445+0000] {dagbag.py:541} INFO - Filling up the DagBag from /home/airflow/.local/lib/python3.7/site-packages/airflow/example_dags/example_latest_only.py
[2024-10-13T14:21:57.451+0000] {processor.py:809} INFO - DAG(s) dict_keys(['latest_only']) retrieved from /home/airflow/.local/lib/python3.7/site-packages/airflow/example_dags/example_latest_only.py
[2024-10-13T14:21:57.484+0000] {logging_mixin.py:149} INFO - [2024-10-13T14:21:57.484+0000] {dag.py:2726} INFO - Sync 1 DAGs
[2024-10-13T14:21:57.518+0000] {logging_mixin.py:149} INFO - [2024-10-13T14:21:57.518+0000] {dag.py:3490} INFO - Setting next_dagrun for latest_only to 2024-10-13T10:21:57.517945+00:00, run_after=2024-10-13T14:21:57.517945+00:00
[2024-10-13T14:21:57.543+0000] {processor.py:178} INFO - Processing /home/airflow/.local/lib/python3.7/site-packages/airflow/example_dags/example_latest_only.py took 0.103 seconds
[2024-10-13T14:22:27.859+0000] {processor.py:156} INFO - Started process (PID=515) to work on /home/airflow/.local/lib/python3.7/site-packages/airflow/example_dags/example_latest_only.py
[2024-10-13T14:22:27.860+0000] {processor.py:799} INFO - Processing file /home/airflow/.local/lib/python3.7/site-packages/airflow/example_dags/example_latest_only.py for tasks to queue
[2024-10-13T14:22:27.861+0000] {logging_mixin.py:149} INFO - [2024-10-13T14:22:27.861+0000] {dagbag.py:541} INFO - Filling up the DagBag from /home/airflow/.local/lib/python3.7/site-packages/airflow/example_dags/example_latest_only.py
[2024-10-13T14:22:27.867+0000] {processor.py:809} INFO - DAG(s) dict_keys(['latest_only']) retrieved from /home/airflow/.local/lib/python3.7/site-packages/airflow/example_dags/example_latest_only.py
[2024-10-13T14:22:27.903+0000] {logging_mixin.py:149} INFO - [2024-10-13T14:22:27.903+0000] {dag.py:2726} INFO - Sync 1 DAGs
[2024-10-13T14:22:27.938+0000] {logging_mixin.py:149} INFO - [2024-10-13T14:22:27.938+0000] {dag.py:3490} INFO - Setting next_dagrun for latest_only to 2024-10-13T10:22:27.937897+00:00, run_after=2024-10-13T14:22:27.937897+00:00
[2024-10-13T14:22:27.965+0000] {processor.py:178} INFO - Processing /home/airflow/.local/lib/python3.7/site-packages/airflow/example_dags/example_latest_only.py took 0.112 seconds
[2024-10-13T14:22:58.730+0000] {processor.py:156} INFO - Started process (PID=576) to work on /home/airflow/.local/lib/python3.7/site-packages/airflow/example_dags/example_latest_only.py
[2024-10-13T14:22:58.730+0000] {processor.py:799} INFO - Processing file /home/airflow/.local/lib/python3.7/site-packages/airflow/example_dags/example_latest_only.py for tasks to queue
[2024-10-13T14:22:58.731+0000] {logging_mixin.py:149} INFO - [2024-10-13T14:22:58.731+0000] {dagbag.py:541} INFO - Filling up the DagBag from /home/airflow/.local/lib/python3.7/site-packages/airflow/example_dags/example_latest_only.py
[2024-10-13T14:22:58.737+0000] {processor.py:809} INFO - DAG(s) dict_keys(['latest_only']) retrieved from /home/airflow/.local/lib/python3.7/site-packages/airflow/example_dags/example_latest_only.py
[2024-10-13T14:22:58.770+0000] {logging_mixin.py:149} INFO - [2024-10-13T14:22:58.769+0000] {dag.py:2726} INFO - Sync 1 DAGs
[2024-10-13T14:22:58.808+0000] {logging_mixin.py:149} INFO - [2024-10-13T14:22:58.808+0000] {dag.py:3490} INFO - Setting next_dagrun for latest_only to 2024-10-13T10:22:58.808197+00:00, run_after=2024-10-13T14:22:58.808197+00:00
[2024-10-13T14:22:58.829+0000] {processor.py:178} INFO - Processing /home/airflow/.local/lib/python3.7/site-packages/airflow/example_dags/example_latest_only.py took 0.102 seconds
[2024-10-13T14:23:29.894+0000] {processor.py:156} INFO - Started process (PID=637) to work on /home/airflow/.local/lib/python3.7/site-packages/airflow/example_dags/example_latest_only.py
[2024-10-13T14:23:29.895+0000] {processor.py:799} INFO - Processing file /home/airflow/.local/lib/python3.7/site-packages/airflow/example_dags/example_latest_only.py for tasks to queue
[2024-10-13T14:23:29.896+0000] {logging_mixin.py:149} INFO - [2024-10-13T14:23:29.896+0000] {dagbag.py:541} INFO - Filling up the DagBag from /home/airflow/.local/lib/python3.7/site-packages/airflow/example_dags/example_latest_only.py
[2024-10-13T14:23:29.903+0000] {processor.py:809} INFO - DAG(s) dict_keys(['latest_only']) retrieved from /home/airflow/.local/lib/python3.7/site-packages/airflow/example_dags/example_latest_only.py
[2024-10-13T14:23:29.931+0000] {logging_mixin.py:149} INFO - [2024-10-13T14:23:29.931+0000] {dag.py:2726} INFO - Sync 1 DAGs
[2024-10-13T14:23:29.963+0000] {logging_mixin.py:149} INFO - [2024-10-13T14:23:29.963+0000] {dag.py:3490} INFO - Setting next_dagrun for latest_only to 2024-10-13T10:23:29.963175+00:00, run_after=2024-10-13T14:23:29.963175+00:00
[2024-10-13T14:23:29.984+0000] {processor.py:178} INFO - Processing /home/airflow/.local/lib/python3.7/site-packages/airflow/example_dags/example_latest_only.py took 0.094 seconds
