[2024-10-13T09:27:09.940+0000] {processor.py:156} INFO - Started process (PID=64) to work on /home/airflow/.local/lib/python3.7/site-packages/airflow/example_dags/tutorial_taskflow_api.py
[2024-10-13T09:27:09.941+0000] {processor.py:799} INFO - Processing file /home/airflow/.local/lib/python3.7/site-packages/airflow/example_dags/tutorial_taskflow_api.py for tasks to queue
[2024-10-13T09:27:09.942+0000] {logging_mixin.py:149} INFO - [2024-10-13T09:27:09.942+0000] {dagbag.py:541} INFO - Filling up the DagBag from /home/airflow/.local/lib/python3.7/site-packages/airflow/example_dags/tutorial_taskflow_api.py
[2024-10-13T09:27:09.955+0000] {processor.py:809} INFO - DAG(s) dict_keys(['tutorial_taskflow_api']) retrieved from /home/airflow/.local/lib/python3.7/site-packages/airflow/example_dags/tutorial_taskflow_api.py
[2024-10-13T09:27:10.178+0000] {logging_mixin.py:149} INFO - [2024-10-13T09:27:10.178+0000] {manager.py:504} INFO - Created Permission View: can edit on DAG:tutorial_taskflow_api
[2024-10-13T09:27:10.195+0000] {logging_mixin.py:149} INFO - [2024-10-13T09:27:10.194+0000] {manager.py:504} INFO - Created Permission View: can read on DAG:tutorial_taskflow_api
[2024-10-13T09:27:10.208+0000] {logging_mixin.py:149} INFO - [2024-10-13T09:27:10.208+0000] {manager.py:504} INFO - Created Permission View: can delete on DAG:tutorial_taskflow_api
[2024-10-13T09:27:10.209+0000] {logging_mixin.py:149} INFO - [2024-10-13T09:27:10.209+0000] {dag.py:2726} INFO - Sync 1 DAGs
[2024-10-13T09:27:10.235+0000] {logging_mixin.py:149} INFO - [2024-10-13T09:27:10.235+0000] {dag.py:2747} INFO - Creating ORM DAG for tutorial_taskflow_api
[2024-10-13T09:27:10.256+0000] {logging_mixin.py:149} INFO - [2024-10-13T09:27:10.256+0000] {dag.py:3490} INFO - Setting next_dagrun for tutorial_taskflow_api to None, run_after=None
[2024-10-13T09:27:10.282+0000] {processor.py:178} INFO - Processing /home/airflow/.local/lib/python3.7/site-packages/airflow/example_dags/tutorial_taskflow_api.py took 0.347 seconds
[2024-10-13T09:27:40.691+0000] {processor.py:156} INFO - Started process (PID=125) to work on /home/airflow/.local/lib/python3.7/site-packages/airflow/example_dags/tutorial_taskflow_api.py
[2024-10-13T09:27:40.692+0000] {processor.py:799} INFO - Processing file /home/airflow/.local/lib/python3.7/site-packages/airflow/example_dags/tutorial_taskflow_api.py for tasks to queue
[2024-10-13T09:27:40.693+0000] {logging_mixin.py:149} INFO - [2024-10-13T09:27:40.693+0000] {dagbag.py:541} INFO - Filling up the DagBag from /home/airflow/.local/lib/python3.7/site-packages/airflow/example_dags/tutorial_taskflow_api.py
[2024-10-13T09:27:40.700+0000] {processor.py:809} INFO - DAG(s) dict_keys(['tutorial_taskflow_api']) retrieved from /home/airflow/.local/lib/python3.7/site-packages/airflow/example_dags/tutorial_taskflow_api.py
[2024-10-13T09:27:40.726+0000] {logging_mixin.py:149} INFO - [2024-10-13T09:27:40.726+0000] {dag.py:2726} INFO - Sync 1 DAGs
[2024-10-13T09:27:40.754+0000] {logging_mixin.py:149} INFO - [2024-10-13T09:27:40.754+0000] {dag.py:3490} INFO - Setting next_dagrun for tutorial_taskflow_api to None, run_after=None
[2024-10-13T09:27:40.773+0000] {processor.py:178} INFO - Processing /home/airflow/.local/lib/python3.7/site-packages/airflow/example_dags/tutorial_taskflow_api.py took 0.086 seconds
[2024-10-13T09:28:11.035+0000] {processor.py:156} INFO - Started process (PID=186) to work on /home/airflow/.local/lib/python3.7/site-packages/airflow/example_dags/tutorial_taskflow_api.py
[2024-10-13T09:28:11.036+0000] {processor.py:799} INFO - Processing file /home/airflow/.local/lib/python3.7/site-packages/airflow/example_dags/tutorial_taskflow_api.py for tasks to queue
[2024-10-13T09:28:11.037+0000] {logging_mixin.py:149} INFO - [2024-10-13T09:28:11.037+0000] {dagbag.py:541} INFO - Filling up the DagBag from /home/airflow/.local/lib/python3.7/site-packages/airflow/example_dags/tutorial_taskflow_api.py
[2024-10-13T09:28:11.044+0000] {processor.py:809} INFO - DAG(s) dict_keys(['tutorial_taskflow_api']) retrieved from /home/airflow/.local/lib/python3.7/site-packages/airflow/example_dags/tutorial_taskflow_api.py
[2024-10-13T09:28:11.073+0000] {logging_mixin.py:149} INFO - [2024-10-13T09:28:11.072+0000] {dag.py:2726} INFO - Sync 1 DAGs
[2024-10-13T09:28:11.100+0000] {logging_mixin.py:149} INFO - [2024-10-13T09:28:11.100+0000] {dag.py:3490} INFO - Setting next_dagrun for tutorial_taskflow_api to None, run_after=None
[2024-10-13T09:28:11.122+0000] {processor.py:178} INFO - Processing /home/airflow/.local/lib/python3.7/site-packages/airflow/example_dags/tutorial_taskflow_api.py took 0.092 seconds
[2024-10-13T09:28:41.384+0000] {processor.py:156} INFO - Started process (PID=247) to work on /home/airflow/.local/lib/python3.7/site-packages/airflow/example_dags/tutorial_taskflow_api.py
[2024-10-13T09:28:41.385+0000] {processor.py:799} INFO - Processing file /home/airflow/.local/lib/python3.7/site-packages/airflow/example_dags/tutorial_taskflow_api.py for tasks to queue
[2024-10-13T09:28:41.386+0000] {logging_mixin.py:149} INFO - [2024-10-13T09:28:41.385+0000] {dagbag.py:541} INFO - Filling up the DagBag from /home/airflow/.local/lib/python3.7/site-packages/airflow/example_dags/tutorial_taskflow_api.py
[2024-10-13T09:28:41.393+0000] {processor.py:809} INFO - DAG(s) dict_keys(['tutorial_taskflow_api']) retrieved from /home/airflow/.local/lib/python3.7/site-packages/airflow/example_dags/tutorial_taskflow_api.py
[2024-10-13T09:28:41.425+0000] {logging_mixin.py:149} INFO - [2024-10-13T09:28:41.425+0000] {dag.py:2726} INFO - Sync 1 DAGs
[2024-10-13T09:28:41.472+0000] {logging_mixin.py:149} INFO - [2024-10-13T09:28:41.472+0000] {dag.py:3490} INFO - Setting next_dagrun for tutorial_taskflow_api to None, run_after=None
[2024-10-13T09:28:41.506+0000] {processor.py:178} INFO - Processing /home/airflow/.local/lib/python3.7/site-packages/airflow/example_dags/tutorial_taskflow_api.py took 0.126 seconds
[2024-10-13T09:29:11.815+0000] {processor.py:156} INFO - Started process (PID=308) to work on /home/airflow/.local/lib/python3.7/site-packages/airflow/example_dags/tutorial_taskflow_api.py
[2024-10-13T09:29:11.816+0000] {processor.py:799} INFO - Processing file /home/airflow/.local/lib/python3.7/site-packages/airflow/example_dags/tutorial_taskflow_api.py for tasks to queue
[2024-10-13T09:29:11.817+0000] {logging_mixin.py:149} INFO - [2024-10-13T09:29:11.817+0000] {dagbag.py:541} INFO - Filling up the DagBag from /home/airflow/.local/lib/python3.7/site-packages/airflow/example_dags/tutorial_taskflow_api.py
[2024-10-13T09:29:11.824+0000] {processor.py:809} INFO - DAG(s) dict_keys(['tutorial_taskflow_api']) retrieved from /home/airflow/.local/lib/python3.7/site-packages/airflow/example_dags/tutorial_taskflow_api.py
[2024-10-13T09:29:11.855+0000] {logging_mixin.py:149} INFO - [2024-10-13T09:29:11.855+0000] {dag.py:2726} INFO - Sync 1 DAGs
[2024-10-13T09:29:11.888+0000] {logging_mixin.py:149} INFO - [2024-10-13T09:29:11.888+0000] {dag.py:3490} INFO - Setting next_dagrun for tutorial_taskflow_api to None, run_after=None
[2024-10-13T09:29:11.910+0000] {processor.py:178} INFO - Processing /home/airflow/.local/lib/python3.7/site-packages/airflow/example_dags/tutorial_taskflow_api.py took 0.099 seconds
[2024-10-13T09:29:42.351+0000] {processor.py:156} INFO - Started process (PID=369) to work on /home/airflow/.local/lib/python3.7/site-packages/airflow/example_dags/tutorial_taskflow_api.py
[2024-10-13T09:29:42.352+0000] {processor.py:799} INFO - Processing file /home/airflow/.local/lib/python3.7/site-packages/airflow/example_dags/tutorial_taskflow_api.py for tasks to queue
[2024-10-13T09:29:42.353+0000] {logging_mixin.py:149} INFO - [2024-10-13T09:29:42.353+0000] {dagbag.py:541} INFO - Filling up the DagBag from /home/airflow/.local/lib/python3.7/site-packages/airflow/example_dags/tutorial_taskflow_api.py
[2024-10-13T09:29:42.360+0000] {processor.py:809} INFO - DAG(s) dict_keys(['tutorial_taskflow_api']) retrieved from /home/airflow/.local/lib/python3.7/site-packages/airflow/example_dags/tutorial_taskflow_api.py
[2024-10-13T09:29:42.391+0000] {logging_mixin.py:149} INFO - [2024-10-13T09:29:42.391+0000] {dag.py:2726} INFO - Sync 1 DAGs
[2024-10-13T09:29:42.430+0000] {logging_mixin.py:149} INFO - [2024-10-13T09:29:42.429+0000] {dag.py:3490} INFO - Setting next_dagrun for tutorial_taskflow_api to None, run_after=None
[2024-10-13T09:29:42.459+0000] {processor.py:178} INFO - Processing /home/airflow/.local/lib/python3.7/site-packages/airflow/example_dags/tutorial_taskflow_api.py took 0.112 seconds
[2024-10-13T09:30:12.545+0000] {processor.py:156} INFO - Started process (PID=430) to work on /home/airflow/.local/lib/python3.7/site-packages/airflow/example_dags/tutorial_taskflow_api.py
[2024-10-13T09:30:12.546+0000] {processor.py:799} INFO - Processing file /home/airflow/.local/lib/python3.7/site-packages/airflow/example_dags/tutorial_taskflow_api.py for tasks to queue
[2024-10-13T09:30:12.546+0000] {logging_mixin.py:149} INFO - [2024-10-13T09:30:12.546+0000] {dagbag.py:541} INFO - Filling up the DagBag from /home/airflow/.local/lib/python3.7/site-packages/airflow/example_dags/tutorial_taskflow_api.py
[2024-10-13T09:30:12.553+0000] {processor.py:809} INFO - DAG(s) dict_keys(['tutorial_taskflow_api']) retrieved from /home/airflow/.local/lib/python3.7/site-packages/airflow/example_dags/tutorial_taskflow_api.py
[2024-10-13T09:30:12.581+0000] {logging_mixin.py:149} INFO - [2024-10-13T09:30:12.580+0000] {dag.py:2726} INFO - Sync 1 DAGs
[2024-10-13T09:30:12.609+0000] {logging_mixin.py:149} INFO - [2024-10-13T09:30:12.608+0000] {dag.py:3490} INFO - Setting next_dagrun for tutorial_taskflow_api to None, run_after=None
[2024-10-13T09:30:12.629+0000] {processor.py:178} INFO - Processing /home/airflow/.local/lib/python3.7/site-packages/airflow/example_dags/tutorial_taskflow_api.py took 0.087 seconds
[2024-10-13T09:30:43.184+0000] {processor.py:156} INFO - Started process (PID=491) to work on /home/airflow/.local/lib/python3.7/site-packages/airflow/example_dags/tutorial_taskflow_api.py
[2024-10-13T09:30:43.185+0000] {processor.py:799} INFO - Processing file /home/airflow/.local/lib/python3.7/site-packages/airflow/example_dags/tutorial_taskflow_api.py for tasks to queue
[2024-10-13T09:30:43.185+0000] {logging_mixin.py:149} INFO - [2024-10-13T09:30:43.185+0000] {dagbag.py:541} INFO - Filling up the DagBag from /home/airflow/.local/lib/python3.7/site-packages/airflow/example_dags/tutorial_taskflow_api.py
[2024-10-13T09:30:43.192+0000] {processor.py:809} INFO - DAG(s) dict_keys(['tutorial_taskflow_api']) retrieved from /home/airflow/.local/lib/python3.7/site-packages/airflow/example_dags/tutorial_taskflow_api.py
[2024-10-13T09:30:43.220+0000] {logging_mixin.py:149} INFO - [2024-10-13T09:30:43.220+0000] {dag.py:2726} INFO - Sync 1 DAGs
[2024-10-13T09:30:43.249+0000] {logging_mixin.py:149} INFO - [2024-10-13T09:30:43.249+0000] {dag.py:3490} INFO - Setting next_dagrun for tutorial_taskflow_api to None, run_after=None
[2024-10-13T09:30:43.271+0000] {processor.py:178} INFO - Processing /home/airflow/.local/lib/python3.7/site-packages/airflow/example_dags/tutorial_taskflow_api.py took 0.092 seconds
[2024-10-13T09:31:13.783+0000] {processor.py:156} INFO - Started process (PID=552) to work on /home/airflow/.local/lib/python3.7/site-packages/airflow/example_dags/tutorial_taskflow_api.py
[2024-10-13T09:31:13.784+0000] {processor.py:799} INFO - Processing file /home/airflow/.local/lib/python3.7/site-packages/airflow/example_dags/tutorial_taskflow_api.py for tasks to queue
[2024-10-13T09:31:13.785+0000] {logging_mixin.py:149} INFO - [2024-10-13T09:31:13.785+0000] {dagbag.py:541} INFO - Filling up the DagBag from /home/airflow/.local/lib/python3.7/site-packages/airflow/example_dags/tutorial_taskflow_api.py
[2024-10-13T09:31:13.796+0000] {processor.py:809} INFO - DAG(s) dict_keys(['tutorial_taskflow_api']) retrieved from /home/airflow/.local/lib/python3.7/site-packages/airflow/example_dags/tutorial_taskflow_api.py
[2024-10-13T09:31:13.841+0000] {logging_mixin.py:149} INFO - [2024-10-13T09:31:13.841+0000] {dag.py:2726} INFO - Sync 1 DAGs
[2024-10-13T09:31:13.886+0000] {logging_mixin.py:149} INFO - [2024-10-13T09:31:13.886+0000] {dag.py:3490} INFO - Setting next_dagrun for tutorial_taskflow_api to None, run_after=None
[2024-10-13T09:31:13.918+0000] {processor.py:178} INFO - Processing /home/airflow/.local/lib/python3.7/site-packages/airflow/example_dags/tutorial_taskflow_api.py took 0.142 seconds
[2024-10-13T09:31:44.229+0000] {processor.py:156} INFO - Started process (PID=613) to work on /home/airflow/.local/lib/python3.7/site-packages/airflow/example_dags/tutorial_taskflow_api.py
[2024-10-13T09:31:44.230+0000] {processor.py:799} INFO - Processing file /home/airflow/.local/lib/python3.7/site-packages/airflow/example_dags/tutorial_taskflow_api.py for tasks to queue
[2024-10-13T09:31:44.231+0000] {logging_mixin.py:149} INFO - [2024-10-13T09:31:44.231+0000] {dagbag.py:541} INFO - Filling up the DagBag from /home/airflow/.local/lib/python3.7/site-packages/airflow/example_dags/tutorial_taskflow_api.py
[2024-10-13T09:31:44.238+0000] {processor.py:809} INFO - DAG(s) dict_keys(['tutorial_taskflow_api']) retrieved from /home/airflow/.local/lib/python3.7/site-packages/airflow/example_dags/tutorial_taskflow_api.py
[2024-10-13T09:31:44.266+0000] {logging_mixin.py:149} INFO - [2024-10-13T09:31:44.266+0000] {dag.py:2726} INFO - Sync 1 DAGs
[2024-10-13T09:31:44.298+0000] {logging_mixin.py:149} INFO - [2024-10-13T09:31:44.298+0000] {dag.py:3490} INFO - Setting next_dagrun for tutorial_taskflow_api to None, run_after=None
[2024-10-13T09:31:44.320+0000] {processor.py:178} INFO - Processing /home/airflow/.local/lib/python3.7/site-packages/airflow/example_dags/tutorial_taskflow_api.py took 0.095 seconds
[2024-10-13T09:32:14.637+0000] {processor.py:156} INFO - Started process (PID=674) to work on /home/airflow/.local/lib/python3.7/site-packages/airflow/example_dags/tutorial_taskflow_api.py
[2024-10-13T09:32:14.638+0000] {processor.py:799} INFO - Processing file /home/airflow/.local/lib/python3.7/site-packages/airflow/example_dags/tutorial_taskflow_api.py for tasks to queue
[2024-10-13T09:32:14.638+0000] {logging_mixin.py:149} INFO - [2024-10-13T09:32:14.638+0000] {dagbag.py:541} INFO - Filling up the DagBag from /home/airflow/.local/lib/python3.7/site-packages/airflow/example_dags/tutorial_taskflow_api.py
[2024-10-13T09:32:14.645+0000] {processor.py:809} INFO - DAG(s) dict_keys(['tutorial_taskflow_api']) retrieved from /home/airflow/.local/lib/python3.7/site-packages/airflow/example_dags/tutorial_taskflow_api.py
[2024-10-13T09:32:14.672+0000] {logging_mixin.py:149} INFO - [2024-10-13T09:32:14.672+0000] {dag.py:2726} INFO - Sync 1 DAGs
[2024-10-13T09:32:14.700+0000] {logging_mixin.py:149} INFO - [2024-10-13T09:32:14.700+0000] {dag.py:3490} INFO - Setting next_dagrun for tutorial_taskflow_api to None, run_after=None
[2024-10-13T09:32:14.720+0000] {processor.py:178} INFO - Processing /home/airflow/.local/lib/python3.7/site-packages/airflow/example_dags/tutorial_taskflow_api.py took 0.087 seconds
[2024-10-13T09:32:44.771+0000] {processor.py:156} INFO - Started process (PID=735) to work on /home/airflow/.local/lib/python3.7/site-packages/airflow/example_dags/tutorial_taskflow_api.py
[2024-10-13T09:32:44.773+0000] {processor.py:799} INFO - Processing file /home/airflow/.local/lib/python3.7/site-packages/airflow/example_dags/tutorial_taskflow_api.py for tasks to queue
[2024-10-13T09:32:44.774+0000] {logging_mixin.py:149} INFO - [2024-10-13T09:32:44.773+0000] {dagbag.py:541} INFO - Filling up the DagBag from /home/airflow/.local/lib/python3.7/site-packages/airflow/example_dags/tutorial_taskflow_api.py
[2024-10-13T09:32:44.783+0000] {processor.py:809} INFO - DAG(s) dict_keys(['tutorial_taskflow_api']) retrieved from /home/airflow/.local/lib/python3.7/site-packages/airflow/example_dags/tutorial_taskflow_api.py
[2024-10-13T09:32:44.816+0000] {logging_mixin.py:149} INFO - [2024-10-13T09:32:44.816+0000] {dag.py:2726} INFO - Sync 1 DAGs
[2024-10-13T09:32:44.845+0000] {logging_mixin.py:149} INFO - [2024-10-13T09:32:44.845+0000] {dag.py:3490} INFO - Setting next_dagrun for tutorial_taskflow_api to None, run_after=None
[2024-10-13T09:32:44.870+0000] {processor.py:178} INFO - Processing /home/airflow/.local/lib/python3.7/site-packages/airflow/example_dags/tutorial_taskflow_api.py took 0.103 seconds
[2024-10-13T09:33:15.505+0000] {processor.py:156} INFO - Started process (PID=796) to work on /home/airflow/.local/lib/python3.7/site-packages/airflow/example_dags/tutorial_taskflow_api.py
[2024-10-13T09:33:15.506+0000] {processor.py:799} INFO - Processing file /home/airflow/.local/lib/python3.7/site-packages/airflow/example_dags/tutorial_taskflow_api.py for tasks to queue
[2024-10-13T09:33:15.507+0000] {logging_mixin.py:149} INFO - [2024-10-13T09:33:15.507+0000] {dagbag.py:541} INFO - Filling up the DagBag from /home/airflow/.local/lib/python3.7/site-packages/airflow/example_dags/tutorial_taskflow_api.py
[2024-10-13T09:33:15.514+0000] {processor.py:809} INFO - DAG(s) dict_keys(['tutorial_taskflow_api']) retrieved from /home/airflow/.local/lib/python3.7/site-packages/airflow/example_dags/tutorial_taskflow_api.py
[2024-10-13T09:33:15.550+0000] {logging_mixin.py:149} INFO - [2024-10-13T09:33:15.550+0000] {dag.py:2726} INFO - Sync 1 DAGs
[2024-10-13T09:33:15.613+0000] {logging_mixin.py:149} INFO - [2024-10-13T09:33:15.613+0000] {dag.py:3490} INFO - Setting next_dagrun for tutorial_taskflow_api to None, run_after=None
[2024-10-13T09:33:15.657+0000] {processor.py:178} INFO - Processing /home/airflow/.local/lib/python3.7/site-packages/airflow/example_dags/tutorial_taskflow_api.py took 0.157 seconds
[2024-10-13T09:33:46.526+0000] {processor.py:156} INFO - Started process (PID=858) to work on /home/airflow/.local/lib/python3.7/site-packages/airflow/example_dags/tutorial_taskflow_api.py
[2024-10-13T09:33:46.527+0000] {processor.py:799} INFO - Processing file /home/airflow/.local/lib/python3.7/site-packages/airflow/example_dags/tutorial_taskflow_api.py for tasks to queue
[2024-10-13T09:33:46.528+0000] {logging_mixin.py:149} INFO - [2024-10-13T09:33:46.527+0000] {dagbag.py:541} INFO - Filling up the DagBag from /home/airflow/.local/lib/python3.7/site-packages/airflow/example_dags/tutorial_taskflow_api.py
[2024-10-13T09:33:46.534+0000] {processor.py:809} INFO - DAG(s) dict_keys(['tutorial_taskflow_api']) retrieved from /home/airflow/.local/lib/python3.7/site-packages/airflow/example_dags/tutorial_taskflow_api.py
[2024-10-13T09:33:46.564+0000] {logging_mixin.py:149} INFO - [2024-10-13T09:33:46.564+0000] {dag.py:2726} INFO - Sync 1 DAGs
[2024-10-13T09:33:46.598+0000] {logging_mixin.py:149} INFO - [2024-10-13T09:33:46.597+0000] {dag.py:3490} INFO - Setting next_dagrun for tutorial_taskflow_api to None, run_after=None
[2024-10-13T09:33:46.619+0000] {processor.py:178} INFO - Processing /home/airflow/.local/lib/python3.7/site-packages/airflow/example_dags/tutorial_taskflow_api.py took 0.098 seconds
[2024-10-13T09:34:17.263+0000] {processor.py:156} INFO - Started process (PID=919) to work on /home/airflow/.local/lib/python3.7/site-packages/airflow/example_dags/tutorial_taskflow_api.py
[2024-10-13T09:34:17.264+0000] {processor.py:799} INFO - Processing file /home/airflow/.local/lib/python3.7/site-packages/airflow/example_dags/tutorial_taskflow_api.py for tasks to queue
[2024-10-13T09:34:17.265+0000] {logging_mixin.py:149} INFO - [2024-10-13T09:34:17.265+0000] {dagbag.py:541} INFO - Filling up the DagBag from /home/airflow/.local/lib/python3.7/site-packages/airflow/example_dags/tutorial_taskflow_api.py
[2024-10-13T09:34:17.273+0000] {processor.py:809} INFO - DAG(s) dict_keys(['tutorial_taskflow_api']) retrieved from /home/airflow/.local/lib/python3.7/site-packages/airflow/example_dags/tutorial_taskflow_api.py
[2024-10-13T09:34:17.310+0000] {logging_mixin.py:149} INFO - [2024-10-13T09:34:17.310+0000] {dag.py:2726} INFO - Sync 1 DAGs
[2024-10-13T09:34:17.339+0000] {logging_mixin.py:149} INFO - [2024-10-13T09:34:17.339+0000] {dag.py:3490} INFO - Setting next_dagrun for tutorial_taskflow_api to None, run_after=None
[2024-10-13T09:34:17.361+0000] {processor.py:178} INFO - Processing /home/airflow/.local/lib/python3.7/site-packages/airflow/example_dags/tutorial_taskflow_api.py took 0.101 seconds
[2024-10-13T09:34:47.668+0000] {processor.py:156} INFO - Started process (PID=980) to work on /home/airflow/.local/lib/python3.7/site-packages/airflow/example_dags/tutorial_taskflow_api.py
[2024-10-13T09:34:47.670+0000] {processor.py:799} INFO - Processing file /home/airflow/.local/lib/python3.7/site-packages/airflow/example_dags/tutorial_taskflow_api.py for tasks to queue
[2024-10-13T09:34:47.671+0000] {logging_mixin.py:149} INFO - [2024-10-13T09:34:47.671+0000] {dagbag.py:541} INFO - Filling up the DagBag from /home/airflow/.local/lib/python3.7/site-packages/airflow/example_dags/tutorial_taskflow_api.py
[2024-10-13T09:34:47.677+0000] {processor.py:809} INFO - DAG(s) dict_keys(['tutorial_taskflow_api']) retrieved from /home/airflow/.local/lib/python3.7/site-packages/airflow/example_dags/tutorial_taskflow_api.py
[2024-10-13T09:34:47.704+0000] {logging_mixin.py:149} INFO - [2024-10-13T09:34:47.703+0000] {dag.py:2726} INFO - Sync 1 DAGs
[2024-10-13T09:34:47.732+0000] {logging_mixin.py:149} INFO - [2024-10-13T09:34:47.732+0000] {dag.py:3490} INFO - Setting next_dagrun for tutorial_taskflow_api to None, run_after=None
[2024-10-13T09:34:47.753+0000] {processor.py:178} INFO - Processing /home/airflow/.local/lib/python3.7/site-packages/airflow/example_dags/tutorial_taskflow_api.py took 0.088 seconds
[2024-10-13T09:35:18.105+0000] {processor.py:156} INFO - Started process (PID=1050) to work on /home/airflow/.local/lib/python3.7/site-packages/airflow/example_dags/tutorial_taskflow_api.py
[2024-10-13T09:35:18.106+0000] {processor.py:799} INFO - Processing file /home/airflow/.local/lib/python3.7/site-packages/airflow/example_dags/tutorial_taskflow_api.py for tasks to queue
[2024-10-13T09:35:18.107+0000] {logging_mixin.py:149} INFO - [2024-10-13T09:35:18.107+0000] {dagbag.py:541} INFO - Filling up the DagBag from /home/airflow/.local/lib/python3.7/site-packages/airflow/example_dags/tutorial_taskflow_api.py
[2024-10-13T09:35:18.113+0000] {processor.py:809} INFO - DAG(s) dict_keys(['tutorial_taskflow_api']) retrieved from /home/airflow/.local/lib/python3.7/site-packages/airflow/example_dags/tutorial_taskflow_api.py
[2024-10-13T09:35:18.140+0000] {logging_mixin.py:149} INFO - [2024-10-13T09:35:18.140+0000] {dag.py:2726} INFO - Sync 1 DAGs
[2024-10-13T09:35:18.172+0000] {logging_mixin.py:149} INFO - [2024-10-13T09:35:18.172+0000] {dag.py:3490} INFO - Setting next_dagrun for tutorial_taskflow_api to None, run_after=None
[2024-10-13T09:35:18.196+0000] {processor.py:178} INFO - Processing /home/airflow/.local/lib/python3.7/site-packages/airflow/example_dags/tutorial_taskflow_api.py took 0.095 seconds
[2024-10-13T09:35:48.230+0000] {processor.py:156} INFO - Started process (PID=1110) to work on /home/airflow/.local/lib/python3.7/site-packages/airflow/example_dags/tutorial_taskflow_api.py
[2024-10-13T09:35:48.231+0000] {processor.py:799} INFO - Processing file /home/airflow/.local/lib/python3.7/site-packages/airflow/example_dags/tutorial_taskflow_api.py for tasks to queue
[2024-10-13T09:35:48.232+0000] {logging_mixin.py:149} INFO - [2024-10-13T09:35:48.232+0000] {dagbag.py:541} INFO - Filling up the DagBag from /home/airflow/.local/lib/python3.7/site-packages/airflow/example_dags/tutorial_taskflow_api.py
[2024-10-13T09:35:48.238+0000] {processor.py:809} INFO - DAG(s) dict_keys(['tutorial_taskflow_api']) retrieved from /home/airflow/.local/lib/python3.7/site-packages/airflow/example_dags/tutorial_taskflow_api.py
[2024-10-13T09:35:48.272+0000] {logging_mixin.py:149} INFO - [2024-10-13T09:35:48.272+0000] {dag.py:2726} INFO - Sync 1 DAGs
[2024-10-13T09:35:48.315+0000] {logging_mixin.py:149} INFO - [2024-10-13T09:35:48.315+0000] {dag.py:3490} INFO - Setting next_dagrun for tutorial_taskflow_api to None, run_after=None
[2024-10-13T09:35:48.353+0000] {processor.py:178} INFO - Processing /home/airflow/.local/lib/python3.7/site-packages/airflow/example_dags/tutorial_taskflow_api.py took 0.126 seconds
[2024-10-13T09:36:18.894+0000] {processor.py:156} INFO - Started process (PID=1173) to work on /home/airflow/.local/lib/python3.7/site-packages/airflow/example_dags/tutorial_taskflow_api.py
[2024-10-13T09:36:18.895+0000] {processor.py:799} INFO - Processing file /home/airflow/.local/lib/python3.7/site-packages/airflow/example_dags/tutorial_taskflow_api.py for tasks to queue
[2024-10-13T09:36:18.896+0000] {logging_mixin.py:149} INFO - [2024-10-13T09:36:18.896+0000] {dagbag.py:541} INFO - Filling up the DagBag from /home/airflow/.local/lib/python3.7/site-packages/airflow/example_dags/tutorial_taskflow_api.py
[2024-10-13T09:36:18.904+0000] {processor.py:809} INFO - DAG(s) dict_keys(['tutorial_taskflow_api']) retrieved from /home/airflow/.local/lib/python3.7/site-packages/airflow/example_dags/tutorial_taskflow_api.py
[2024-10-13T09:36:18.946+0000] {logging_mixin.py:149} INFO - [2024-10-13T09:36:18.946+0000] {dag.py:2726} INFO - Sync 1 DAGs
[2024-10-13T09:36:18.998+0000] {logging_mixin.py:149} INFO - [2024-10-13T09:36:18.998+0000] {dag.py:3490} INFO - Setting next_dagrun for tutorial_taskflow_api to None, run_after=None
[2024-10-13T09:36:19.030+0000] {processor.py:178} INFO - Processing /home/airflow/.local/lib/python3.7/site-packages/airflow/example_dags/tutorial_taskflow_api.py took 0.140 seconds
[2024-10-13T09:36:49.251+0000] {processor.py:156} INFO - Started process (PID=1234) to work on /home/airflow/.local/lib/python3.7/site-packages/airflow/example_dags/tutorial_taskflow_api.py
[2024-10-13T09:36:49.252+0000] {processor.py:799} INFO - Processing file /home/airflow/.local/lib/python3.7/site-packages/airflow/example_dags/tutorial_taskflow_api.py for tasks to queue
[2024-10-13T09:36:49.252+0000] {logging_mixin.py:149} INFO - [2024-10-13T09:36:49.252+0000] {dagbag.py:541} INFO - Filling up the DagBag from /home/airflow/.local/lib/python3.7/site-packages/airflow/example_dags/tutorial_taskflow_api.py
[2024-10-13T09:36:49.258+0000] {processor.py:809} INFO - DAG(s) dict_keys(['tutorial_taskflow_api']) retrieved from /home/airflow/.local/lib/python3.7/site-packages/airflow/example_dags/tutorial_taskflow_api.py
[2024-10-13T09:36:49.284+0000] {logging_mixin.py:149} INFO - [2024-10-13T09:36:49.284+0000] {dag.py:2726} INFO - Sync 1 DAGs
[2024-10-13T09:36:49.310+0000] {logging_mixin.py:149} INFO - [2024-10-13T09:36:49.310+0000] {dag.py:3490} INFO - Setting next_dagrun for tutorial_taskflow_api to None, run_after=None
[2024-10-13T09:36:49.332+0000] {processor.py:178} INFO - Processing /home/airflow/.local/lib/python3.7/site-packages/airflow/example_dags/tutorial_taskflow_api.py took 0.084 seconds
[2024-10-13T09:37:19.394+0000] {processor.py:156} INFO - Started process (PID=1296) to work on /home/airflow/.local/lib/python3.7/site-packages/airflow/example_dags/tutorial_taskflow_api.py
[2024-10-13T09:37:19.395+0000] {processor.py:799} INFO - Processing file /home/airflow/.local/lib/python3.7/site-packages/airflow/example_dags/tutorial_taskflow_api.py for tasks to queue
[2024-10-13T09:37:19.396+0000] {logging_mixin.py:149} INFO - [2024-10-13T09:37:19.396+0000] {dagbag.py:541} INFO - Filling up the DagBag from /home/airflow/.local/lib/python3.7/site-packages/airflow/example_dags/tutorial_taskflow_api.py
[2024-10-13T09:37:19.402+0000] {processor.py:809} INFO - DAG(s) dict_keys(['tutorial_taskflow_api']) retrieved from /home/airflow/.local/lib/python3.7/site-packages/airflow/example_dags/tutorial_taskflow_api.py
[2024-10-13T09:37:19.433+0000] {logging_mixin.py:149} INFO - [2024-10-13T09:37:19.433+0000] {dag.py:2726} INFO - Sync 1 DAGs
[2024-10-13T09:37:19.469+0000] {logging_mixin.py:149} INFO - [2024-10-13T09:37:19.469+0000] {dag.py:3490} INFO - Setting next_dagrun for tutorial_taskflow_api to None, run_after=None
[2024-10-13T09:37:19.492+0000] {processor.py:178} INFO - Processing /home/airflow/.local/lib/python3.7/site-packages/airflow/example_dags/tutorial_taskflow_api.py took 0.102 seconds
[2024-10-13T09:37:50.090+0000] {processor.py:156} INFO - Started process (PID=1356) to work on /home/airflow/.local/lib/python3.7/site-packages/airflow/example_dags/tutorial_taskflow_api.py
[2024-10-13T09:37:50.091+0000] {processor.py:799} INFO - Processing file /home/airflow/.local/lib/python3.7/site-packages/airflow/example_dags/tutorial_taskflow_api.py for tasks to queue
[2024-10-13T09:37:50.092+0000] {logging_mixin.py:149} INFO - [2024-10-13T09:37:50.092+0000] {dagbag.py:541} INFO - Filling up the DagBag from /home/airflow/.local/lib/python3.7/site-packages/airflow/example_dags/tutorial_taskflow_api.py
[2024-10-13T09:37:50.099+0000] {processor.py:809} INFO - DAG(s) dict_keys(['tutorial_taskflow_api']) retrieved from /home/airflow/.local/lib/python3.7/site-packages/airflow/example_dags/tutorial_taskflow_api.py
[2024-10-13T09:37:50.138+0000] {logging_mixin.py:149} INFO - [2024-10-13T09:37:50.138+0000] {dag.py:2726} INFO - Sync 1 DAGs
[2024-10-13T09:37:50.181+0000] {logging_mixin.py:149} INFO - [2024-10-13T09:37:50.181+0000] {dag.py:3490} INFO - Setting next_dagrun for tutorial_taskflow_api to None, run_after=None
[2024-10-13T09:37:50.218+0000] {processor.py:178} INFO - Processing /home/airflow/.local/lib/python3.7/site-packages/airflow/example_dags/tutorial_taskflow_api.py took 0.133 seconds
[2024-10-13T09:38:20.917+0000] {processor.py:156} INFO - Started process (PID=1417) to work on /home/airflow/.local/lib/python3.7/site-packages/airflow/example_dags/tutorial_taskflow_api.py
[2024-10-13T09:38:20.918+0000] {processor.py:799} INFO - Processing file /home/airflow/.local/lib/python3.7/site-packages/airflow/example_dags/tutorial_taskflow_api.py for tasks to queue
[2024-10-13T09:38:20.918+0000] {logging_mixin.py:149} INFO - [2024-10-13T09:38:20.918+0000] {dagbag.py:541} INFO - Filling up the DagBag from /home/airflow/.local/lib/python3.7/site-packages/airflow/example_dags/tutorial_taskflow_api.py
[2024-10-13T09:38:20.925+0000] {processor.py:809} INFO - DAG(s) dict_keys(['tutorial_taskflow_api']) retrieved from /home/airflow/.local/lib/python3.7/site-packages/airflow/example_dags/tutorial_taskflow_api.py
[2024-10-13T09:38:20.953+0000] {logging_mixin.py:149} INFO - [2024-10-13T09:38:20.953+0000] {dag.py:2726} INFO - Sync 1 DAGs
[2024-10-13T09:38:20.991+0000] {logging_mixin.py:149} INFO - [2024-10-13T09:38:20.991+0000] {dag.py:3490} INFO - Setting next_dagrun for tutorial_taskflow_api to None, run_after=None
[2024-10-13T09:38:21.013+0000] {processor.py:178} INFO - Processing /home/airflow/.local/lib/python3.7/site-packages/airflow/example_dags/tutorial_taskflow_api.py took 0.100 seconds
[2024-10-13T09:38:51.529+0000] {processor.py:156} INFO - Started process (PID=1478) to work on /home/airflow/.local/lib/python3.7/site-packages/airflow/example_dags/tutorial_taskflow_api.py
[2024-10-13T09:38:51.530+0000] {processor.py:799} INFO - Processing file /home/airflow/.local/lib/python3.7/site-packages/airflow/example_dags/tutorial_taskflow_api.py for tasks to queue
[2024-10-13T09:38:51.530+0000] {logging_mixin.py:149} INFO - [2024-10-13T09:38:51.530+0000] {dagbag.py:541} INFO - Filling up the DagBag from /home/airflow/.local/lib/python3.7/site-packages/airflow/example_dags/tutorial_taskflow_api.py
[2024-10-13T09:38:51.537+0000] {processor.py:809} INFO - DAG(s) dict_keys(['tutorial_taskflow_api']) retrieved from /home/airflow/.local/lib/python3.7/site-packages/airflow/example_dags/tutorial_taskflow_api.py
[2024-10-13T09:38:51.565+0000] {logging_mixin.py:149} INFO - [2024-10-13T09:38:51.565+0000] {dag.py:2726} INFO - Sync 1 DAGs
[2024-10-13T09:38:51.594+0000] {logging_mixin.py:149} INFO - [2024-10-13T09:38:51.593+0000] {dag.py:3490} INFO - Setting next_dagrun for tutorial_taskflow_api to None, run_after=None
[2024-10-13T09:38:51.620+0000] {processor.py:178} INFO - Processing /home/airflow/.local/lib/python3.7/site-packages/airflow/example_dags/tutorial_taskflow_api.py took 0.095 seconds
[2024-10-13T09:39:22.047+0000] {processor.py:156} INFO - Started process (PID=1539) to work on /home/airflow/.local/lib/python3.7/site-packages/airflow/example_dags/tutorial_taskflow_api.py
[2024-10-13T09:39:22.048+0000] {processor.py:799} INFO - Processing file /home/airflow/.local/lib/python3.7/site-packages/airflow/example_dags/tutorial_taskflow_api.py for tasks to queue
[2024-10-13T09:39:22.049+0000] {logging_mixin.py:149} INFO - [2024-10-13T09:39:22.049+0000] {dagbag.py:541} INFO - Filling up the DagBag from /home/airflow/.local/lib/python3.7/site-packages/airflow/example_dags/tutorial_taskflow_api.py
[2024-10-13T09:39:22.056+0000] {processor.py:809} INFO - DAG(s) dict_keys(['tutorial_taskflow_api']) retrieved from /home/airflow/.local/lib/python3.7/site-packages/airflow/example_dags/tutorial_taskflow_api.py
[2024-10-13T09:39:22.092+0000] {logging_mixin.py:149} INFO - [2024-10-13T09:39:22.092+0000] {dag.py:2726} INFO - Sync 1 DAGs
[2024-10-13T09:39:22.138+0000] {logging_mixin.py:149} INFO - [2024-10-13T09:39:22.138+0000] {dag.py:3490} INFO - Setting next_dagrun for tutorial_taskflow_api to None, run_after=None
[2024-10-13T09:39:22.162+0000] {processor.py:178} INFO - Processing /home/airflow/.local/lib/python3.7/site-packages/airflow/example_dags/tutorial_taskflow_api.py took 0.119 seconds
[2024-10-13T09:39:52.588+0000] {processor.py:156} INFO - Started process (PID=1600) to work on /home/airflow/.local/lib/python3.7/site-packages/airflow/example_dags/tutorial_taskflow_api.py
[2024-10-13T09:39:52.589+0000] {processor.py:799} INFO - Processing file /home/airflow/.local/lib/python3.7/site-packages/airflow/example_dags/tutorial_taskflow_api.py for tasks to queue
[2024-10-13T09:39:52.590+0000] {logging_mixin.py:149} INFO - [2024-10-13T09:39:52.590+0000] {dagbag.py:541} INFO - Filling up the DagBag from /home/airflow/.local/lib/python3.7/site-packages/airflow/example_dags/tutorial_taskflow_api.py
[2024-10-13T09:39:52.596+0000] {processor.py:809} INFO - DAG(s) dict_keys(['tutorial_taskflow_api']) retrieved from /home/airflow/.local/lib/python3.7/site-packages/airflow/example_dags/tutorial_taskflow_api.py
[2024-10-13T09:39:52.623+0000] {logging_mixin.py:149} INFO - [2024-10-13T09:39:52.623+0000] {dag.py:2726} INFO - Sync 1 DAGs
[2024-10-13T09:39:52.651+0000] {logging_mixin.py:149} INFO - [2024-10-13T09:39:52.650+0000] {dag.py:3490} INFO - Setting next_dagrun for tutorial_taskflow_api to None, run_after=None
[2024-10-13T09:39:52.670+0000] {processor.py:178} INFO - Processing /home/airflow/.local/lib/python3.7/site-packages/airflow/example_dags/tutorial_taskflow_api.py took 0.086 seconds
[2024-10-13T09:40:22.845+0000] {processor.py:156} INFO - Started process (PID=1661) to work on /home/airflow/.local/lib/python3.7/site-packages/airflow/example_dags/tutorial_taskflow_api.py
[2024-10-13T09:40:22.846+0000] {processor.py:799} INFO - Processing file /home/airflow/.local/lib/python3.7/site-packages/airflow/example_dags/tutorial_taskflow_api.py for tasks to queue
[2024-10-13T09:40:22.846+0000] {logging_mixin.py:149} INFO - [2024-10-13T09:40:22.846+0000] {dagbag.py:541} INFO - Filling up the DagBag from /home/airflow/.local/lib/python3.7/site-packages/airflow/example_dags/tutorial_taskflow_api.py
[2024-10-13T09:40:22.853+0000] {processor.py:809} INFO - DAG(s) dict_keys(['tutorial_taskflow_api']) retrieved from /home/airflow/.local/lib/python3.7/site-packages/airflow/example_dags/tutorial_taskflow_api.py
[2024-10-13T09:40:22.879+0000] {logging_mixin.py:149} INFO - [2024-10-13T09:40:22.879+0000] {dag.py:2726} INFO - Sync 1 DAGs
[2024-10-13T09:40:22.906+0000] {logging_mixin.py:149} INFO - [2024-10-13T09:40:22.906+0000] {dag.py:3490} INFO - Setting next_dagrun for tutorial_taskflow_api to None, run_after=None
[2024-10-13T09:40:22.925+0000] {processor.py:178} INFO - Processing /home/airflow/.local/lib/python3.7/site-packages/airflow/example_dags/tutorial_taskflow_api.py took 0.084 seconds
[2024-10-13T09:40:53.280+0000] {processor.py:156} INFO - Started process (PID=1722) to work on /home/airflow/.local/lib/python3.7/site-packages/airflow/example_dags/tutorial_taskflow_api.py
[2024-10-13T09:40:53.281+0000] {processor.py:799} INFO - Processing file /home/airflow/.local/lib/python3.7/site-packages/airflow/example_dags/tutorial_taskflow_api.py for tasks to queue
[2024-10-13T09:40:53.282+0000] {logging_mixin.py:149} INFO - [2024-10-13T09:40:53.282+0000] {dagbag.py:541} INFO - Filling up the DagBag from /home/airflow/.local/lib/python3.7/site-packages/airflow/example_dags/tutorial_taskflow_api.py
[2024-10-13T09:40:53.288+0000] {processor.py:809} INFO - DAG(s) dict_keys(['tutorial_taskflow_api']) retrieved from /home/airflow/.local/lib/python3.7/site-packages/airflow/example_dags/tutorial_taskflow_api.py
[2024-10-13T09:40:53.314+0000] {logging_mixin.py:149} INFO - [2024-10-13T09:40:53.314+0000] {dag.py:2726} INFO - Sync 1 DAGs
[2024-10-13T09:40:53.343+0000] {logging_mixin.py:149} INFO - [2024-10-13T09:40:53.343+0000] {dag.py:3490} INFO - Setting next_dagrun for tutorial_taskflow_api to None, run_after=None
[2024-10-13T09:40:53.369+0000] {processor.py:178} INFO - Processing /home/airflow/.local/lib/python3.7/site-packages/airflow/example_dags/tutorial_taskflow_api.py took 0.093 seconds
[2024-10-13T09:41:23.691+0000] {processor.py:156} INFO - Started process (PID=1783) to work on /home/airflow/.local/lib/python3.7/site-packages/airflow/example_dags/tutorial_taskflow_api.py
[2024-10-13T09:41:23.692+0000] {processor.py:799} INFO - Processing file /home/airflow/.local/lib/python3.7/site-packages/airflow/example_dags/tutorial_taskflow_api.py for tasks to queue
[2024-10-13T09:41:23.692+0000] {logging_mixin.py:149} INFO - [2024-10-13T09:41:23.692+0000] {dagbag.py:541} INFO - Filling up the DagBag from /home/airflow/.local/lib/python3.7/site-packages/airflow/example_dags/tutorial_taskflow_api.py
[2024-10-13T09:41:23.699+0000] {processor.py:809} INFO - DAG(s) dict_keys(['tutorial_taskflow_api']) retrieved from /home/airflow/.local/lib/python3.7/site-packages/airflow/example_dags/tutorial_taskflow_api.py
[2024-10-13T09:41:23.724+0000] {logging_mixin.py:149} INFO - [2024-10-13T09:41:23.724+0000] {dag.py:2726} INFO - Sync 1 DAGs
[2024-10-13T09:41:23.752+0000] {logging_mixin.py:149} INFO - [2024-10-13T09:41:23.752+0000] {dag.py:3490} INFO - Setting next_dagrun for tutorial_taskflow_api to None, run_after=None
[2024-10-13T09:41:23.779+0000] {processor.py:178} INFO - Processing /home/airflow/.local/lib/python3.7/site-packages/airflow/example_dags/tutorial_taskflow_api.py took 0.092 seconds
[2024-10-13T09:41:54.393+0000] {processor.py:156} INFO - Started process (PID=1844) to work on /home/airflow/.local/lib/python3.7/site-packages/airflow/example_dags/tutorial_taskflow_api.py
[2024-10-13T09:41:54.394+0000] {processor.py:799} INFO - Processing file /home/airflow/.local/lib/python3.7/site-packages/airflow/example_dags/tutorial_taskflow_api.py for tasks to queue
[2024-10-13T09:41:54.394+0000] {logging_mixin.py:149} INFO - [2024-10-13T09:41:54.394+0000] {dagbag.py:541} INFO - Filling up the DagBag from /home/airflow/.local/lib/python3.7/site-packages/airflow/example_dags/tutorial_taskflow_api.py
[2024-10-13T09:41:54.400+0000] {processor.py:809} INFO - DAG(s) dict_keys(['tutorial_taskflow_api']) retrieved from /home/airflow/.local/lib/python3.7/site-packages/airflow/example_dags/tutorial_taskflow_api.py
[2024-10-13T09:41:54.427+0000] {logging_mixin.py:149} INFO - [2024-10-13T09:41:54.427+0000] {dag.py:2726} INFO - Sync 1 DAGs
[2024-10-13T09:41:54.459+0000] {logging_mixin.py:149} INFO - [2024-10-13T09:41:54.459+0000] {dag.py:3490} INFO - Setting next_dagrun for tutorial_taskflow_api to None, run_after=None
[2024-10-13T09:41:54.479+0000] {processor.py:178} INFO - Processing /home/airflow/.local/lib/python3.7/site-packages/airflow/example_dags/tutorial_taskflow_api.py took 0.089 seconds
[2024-10-13T09:42:24.784+0000] {processor.py:156} INFO - Started process (PID=1905) to work on /home/airflow/.local/lib/python3.7/site-packages/airflow/example_dags/tutorial_taskflow_api.py
[2024-10-13T09:42:24.786+0000] {processor.py:799} INFO - Processing file /home/airflow/.local/lib/python3.7/site-packages/airflow/example_dags/tutorial_taskflow_api.py for tasks to queue
[2024-10-13T09:42:24.786+0000] {logging_mixin.py:149} INFO - [2024-10-13T09:42:24.786+0000] {dagbag.py:541} INFO - Filling up the DagBag from /home/airflow/.local/lib/python3.7/site-packages/airflow/example_dags/tutorial_taskflow_api.py
[2024-10-13T09:42:24.795+0000] {processor.py:809} INFO - DAG(s) dict_keys(['tutorial_taskflow_api']) retrieved from /home/airflow/.local/lib/python3.7/site-packages/airflow/example_dags/tutorial_taskflow_api.py
[2024-10-13T09:42:24.831+0000] {logging_mixin.py:149} INFO - [2024-10-13T09:42:24.831+0000] {dag.py:2726} INFO - Sync 1 DAGs
[2024-10-13T09:42:24.862+0000] {logging_mixin.py:149} INFO - [2024-10-13T09:42:24.861+0000] {dag.py:3490} INFO - Setting next_dagrun for tutorial_taskflow_api to None, run_after=None
[2024-10-13T09:42:24.880+0000] {processor.py:178} INFO - Processing /home/airflow/.local/lib/python3.7/site-packages/airflow/example_dags/tutorial_taskflow_api.py took 0.100 seconds
[2024-10-13T09:42:55.029+0000] {processor.py:156} INFO - Started process (PID=1966) to work on /home/airflow/.local/lib/python3.7/site-packages/airflow/example_dags/tutorial_taskflow_api.py
[2024-10-13T09:42:55.030+0000] {processor.py:799} INFO - Processing file /home/airflow/.local/lib/python3.7/site-packages/airflow/example_dags/tutorial_taskflow_api.py for tasks to queue
[2024-10-13T09:42:55.030+0000] {logging_mixin.py:149} INFO - [2024-10-13T09:42:55.030+0000] {dagbag.py:541} INFO - Filling up the DagBag from /home/airflow/.local/lib/python3.7/site-packages/airflow/example_dags/tutorial_taskflow_api.py
[2024-10-13T09:42:55.036+0000] {processor.py:809} INFO - DAG(s) dict_keys(['tutorial_taskflow_api']) retrieved from /home/airflow/.local/lib/python3.7/site-packages/airflow/example_dags/tutorial_taskflow_api.py
[2024-10-13T09:42:55.068+0000] {logging_mixin.py:149} INFO - [2024-10-13T09:42:55.068+0000] {dag.py:2726} INFO - Sync 1 DAGs
[2024-10-13T09:42:55.096+0000] {logging_mixin.py:149} INFO - [2024-10-13T09:42:55.096+0000] {dag.py:3490} INFO - Setting next_dagrun for tutorial_taskflow_api to None, run_after=None
[2024-10-13T09:42:55.117+0000] {processor.py:178} INFO - Processing /home/airflow/.local/lib/python3.7/site-packages/airflow/example_dags/tutorial_taskflow_api.py took 0.092 seconds
[2024-10-13T09:43:25.341+0000] {processor.py:156} INFO - Started process (PID=2027) to work on /home/airflow/.local/lib/python3.7/site-packages/airflow/example_dags/tutorial_taskflow_api.py
[2024-10-13T09:43:25.342+0000] {processor.py:799} INFO - Processing file /home/airflow/.local/lib/python3.7/site-packages/airflow/example_dags/tutorial_taskflow_api.py for tasks to queue
[2024-10-13T09:43:25.343+0000] {logging_mixin.py:149} INFO - [2024-10-13T09:43:25.343+0000] {dagbag.py:541} INFO - Filling up the DagBag from /home/airflow/.local/lib/python3.7/site-packages/airflow/example_dags/tutorial_taskflow_api.py
[2024-10-13T09:43:25.349+0000] {processor.py:809} INFO - DAG(s) dict_keys(['tutorial_taskflow_api']) retrieved from /home/airflow/.local/lib/python3.7/site-packages/airflow/example_dags/tutorial_taskflow_api.py
[2024-10-13T09:43:25.375+0000] {logging_mixin.py:149} INFO - [2024-10-13T09:43:25.374+0000] {dag.py:2726} INFO - Sync 1 DAGs
[2024-10-13T09:43:25.406+0000] {logging_mixin.py:149} INFO - [2024-10-13T09:43:25.406+0000] {dag.py:3490} INFO - Setting next_dagrun for tutorial_taskflow_api to None, run_after=None
[2024-10-13T09:43:25.424+0000] {processor.py:178} INFO - Processing /home/airflow/.local/lib/python3.7/site-packages/airflow/example_dags/tutorial_taskflow_api.py took 0.086 seconds
[2024-10-13T09:43:55.686+0000] {processor.py:156} INFO - Started process (PID=2088) to work on /home/airflow/.local/lib/python3.7/site-packages/airflow/example_dags/tutorial_taskflow_api.py
[2024-10-13T09:43:55.687+0000] {processor.py:799} INFO - Processing file /home/airflow/.local/lib/python3.7/site-packages/airflow/example_dags/tutorial_taskflow_api.py for tasks to queue
[2024-10-13T09:43:55.688+0000] {logging_mixin.py:149} INFO - [2024-10-13T09:43:55.688+0000] {dagbag.py:541} INFO - Filling up the DagBag from /home/airflow/.local/lib/python3.7/site-packages/airflow/example_dags/tutorial_taskflow_api.py
[2024-10-13T09:43:55.696+0000] {processor.py:809} INFO - DAG(s) dict_keys(['tutorial_taskflow_api']) retrieved from /home/airflow/.local/lib/python3.7/site-packages/airflow/example_dags/tutorial_taskflow_api.py
[2024-10-13T09:43:55.720+0000] {logging_mixin.py:149} INFO - [2024-10-13T09:43:55.720+0000] {dag.py:2726} INFO - Sync 1 DAGs
[2024-10-13T09:43:55.746+0000] {logging_mixin.py:149} INFO - [2024-10-13T09:43:55.746+0000] {dag.py:3490} INFO - Setting next_dagrun for tutorial_taskflow_api to None, run_after=None
[2024-10-13T09:43:55.766+0000] {processor.py:178} INFO - Processing /home/airflow/.local/lib/python3.7/site-packages/airflow/example_dags/tutorial_taskflow_api.py took 0.083 seconds
[2024-10-13T09:44:26.082+0000] {processor.py:156} INFO - Started process (PID=2149) to work on /home/airflow/.local/lib/python3.7/site-packages/airflow/example_dags/tutorial_taskflow_api.py
[2024-10-13T09:44:26.083+0000] {processor.py:799} INFO - Processing file /home/airflow/.local/lib/python3.7/site-packages/airflow/example_dags/tutorial_taskflow_api.py for tasks to queue
[2024-10-13T09:44:26.083+0000] {logging_mixin.py:149} INFO - [2024-10-13T09:44:26.083+0000] {dagbag.py:541} INFO - Filling up the DagBag from /home/airflow/.local/lib/python3.7/site-packages/airflow/example_dags/tutorial_taskflow_api.py
[2024-10-13T09:44:26.092+0000] {processor.py:809} INFO - DAG(s) dict_keys(['tutorial_taskflow_api']) retrieved from /home/airflow/.local/lib/python3.7/site-packages/airflow/example_dags/tutorial_taskflow_api.py
[2024-10-13T09:44:26.128+0000] {logging_mixin.py:149} INFO - [2024-10-13T09:44:26.128+0000] {dag.py:2726} INFO - Sync 1 DAGs
[2024-10-13T09:44:26.159+0000] {logging_mixin.py:149} INFO - [2024-10-13T09:44:26.159+0000] {dag.py:3490} INFO - Setting next_dagrun for tutorial_taskflow_api to None, run_after=None
[2024-10-13T09:44:26.181+0000] {processor.py:178} INFO - Processing /home/airflow/.local/lib/python3.7/site-packages/airflow/example_dags/tutorial_taskflow_api.py took 0.102 seconds
[2024-10-13T09:44:56.456+0000] {processor.py:156} INFO - Started process (PID=2210) to work on /home/airflow/.local/lib/python3.7/site-packages/airflow/example_dags/tutorial_taskflow_api.py
[2024-10-13T09:44:56.457+0000] {processor.py:799} INFO - Processing file /home/airflow/.local/lib/python3.7/site-packages/airflow/example_dags/tutorial_taskflow_api.py for tasks to queue
[2024-10-13T09:44:56.458+0000] {logging_mixin.py:149} INFO - [2024-10-13T09:44:56.457+0000] {dagbag.py:541} INFO - Filling up the DagBag from /home/airflow/.local/lib/python3.7/site-packages/airflow/example_dags/tutorial_taskflow_api.py
[2024-10-13T09:44:56.464+0000] {processor.py:809} INFO - DAG(s) dict_keys(['tutorial_taskflow_api']) retrieved from /home/airflow/.local/lib/python3.7/site-packages/airflow/example_dags/tutorial_taskflow_api.py
[2024-10-13T09:44:56.488+0000] {logging_mixin.py:149} INFO - [2024-10-13T09:44:56.488+0000] {dag.py:2726} INFO - Sync 1 DAGs
[2024-10-13T09:44:56.515+0000] {logging_mixin.py:149} INFO - [2024-10-13T09:44:56.515+0000] {dag.py:3490} INFO - Setting next_dagrun for tutorial_taskflow_api to None, run_after=None
[2024-10-13T09:44:56.535+0000] {processor.py:178} INFO - Processing /home/airflow/.local/lib/python3.7/site-packages/airflow/example_dags/tutorial_taskflow_api.py took 0.082 seconds
[2024-10-13T09:45:26.876+0000] {processor.py:156} INFO - Started process (PID=2271) to work on /home/airflow/.local/lib/python3.7/site-packages/airflow/example_dags/tutorial_taskflow_api.py
[2024-10-13T09:45:26.877+0000] {processor.py:799} INFO - Processing file /home/airflow/.local/lib/python3.7/site-packages/airflow/example_dags/tutorial_taskflow_api.py for tasks to queue
[2024-10-13T09:45:26.878+0000] {logging_mixin.py:149} INFO - [2024-10-13T09:45:26.877+0000] {dagbag.py:541} INFO - Filling up the DagBag from /home/airflow/.local/lib/python3.7/site-packages/airflow/example_dags/tutorial_taskflow_api.py
[2024-10-13T09:45:26.887+0000] {processor.py:809} INFO - DAG(s) dict_keys(['tutorial_taskflow_api']) retrieved from /home/airflow/.local/lib/python3.7/site-packages/airflow/example_dags/tutorial_taskflow_api.py
[2024-10-13T09:45:26.925+0000] {logging_mixin.py:149} INFO - [2024-10-13T09:45:26.924+0000] {dag.py:2726} INFO - Sync 1 DAGs
[2024-10-13T09:45:26.972+0000] {logging_mixin.py:149} INFO - [2024-10-13T09:45:26.972+0000] {dag.py:3490} INFO - Setting next_dagrun for tutorial_taskflow_api to None, run_after=None
[2024-10-13T09:45:26.993+0000] {processor.py:178} INFO - Processing /home/airflow/.local/lib/python3.7/site-packages/airflow/example_dags/tutorial_taskflow_api.py took 0.123 seconds
[2024-10-13T09:45:57.081+0000] {processor.py:156} INFO - Started process (PID=2332) to work on /home/airflow/.local/lib/python3.7/site-packages/airflow/example_dags/tutorial_taskflow_api.py
[2024-10-13T09:45:57.081+0000] {processor.py:799} INFO - Processing file /home/airflow/.local/lib/python3.7/site-packages/airflow/example_dags/tutorial_taskflow_api.py for tasks to queue
[2024-10-13T09:45:57.082+0000] {logging_mixin.py:149} INFO - [2024-10-13T09:45:57.082+0000] {dagbag.py:541} INFO - Filling up the DagBag from /home/airflow/.local/lib/python3.7/site-packages/airflow/example_dags/tutorial_taskflow_api.py
[2024-10-13T09:45:57.088+0000] {processor.py:809} INFO - DAG(s) dict_keys(['tutorial_taskflow_api']) retrieved from /home/airflow/.local/lib/python3.7/site-packages/airflow/example_dags/tutorial_taskflow_api.py
[2024-10-13T09:45:57.114+0000] {logging_mixin.py:149} INFO - [2024-10-13T09:45:57.114+0000] {dag.py:2726} INFO - Sync 1 DAGs
[2024-10-13T09:45:57.140+0000] {logging_mixin.py:149} INFO - [2024-10-13T09:45:57.140+0000] {dag.py:3490} INFO - Setting next_dagrun for tutorial_taskflow_api to None, run_after=None
[2024-10-13T09:45:57.161+0000] {processor.py:178} INFO - Processing /home/airflow/.local/lib/python3.7/site-packages/airflow/example_dags/tutorial_taskflow_api.py took 0.084 seconds
[2024-10-13T09:46:27.418+0000] {processor.py:156} INFO - Started process (PID=2393) to work on /home/airflow/.local/lib/python3.7/site-packages/airflow/example_dags/tutorial_taskflow_api.py
[2024-10-13T09:46:27.419+0000] {processor.py:799} INFO - Processing file /home/airflow/.local/lib/python3.7/site-packages/airflow/example_dags/tutorial_taskflow_api.py for tasks to queue
[2024-10-13T09:46:27.420+0000] {logging_mixin.py:149} INFO - [2024-10-13T09:46:27.420+0000] {dagbag.py:541} INFO - Filling up the DagBag from /home/airflow/.local/lib/python3.7/site-packages/airflow/example_dags/tutorial_taskflow_api.py
[2024-10-13T09:46:27.426+0000] {processor.py:809} INFO - DAG(s) dict_keys(['tutorial_taskflow_api']) retrieved from /home/airflow/.local/lib/python3.7/site-packages/airflow/example_dags/tutorial_taskflow_api.py
[2024-10-13T09:46:27.452+0000] {logging_mixin.py:149} INFO - [2024-10-13T09:46:27.452+0000] {dag.py:2726} INFO - Sync 1 DAGs
[2024-10-13T09:46:27.482+0000] {logging_mixin.py:149} INFO - [2024-10-13T09:46:27.482+0000] {dag.py:3490} INFO - Setting next_dagrun for tutorial_taskflow_api to None, run_after=None
[2024-10-13T09:46:27.501+0000] {processor.py:178} INFO - Processing /home/airflow/.local/lib/python3.7/site-packages/airflow/example_dags/tutorial_taskflow_api.py took 0.086 seconds
[2024-10-13T09:46:58.019+0000] {processor.py:156} INFO - Started process (PID=2454) to work on /home/airflow/.local/lib/python3.7/site-packages/airflow/example_dags/tutorial_taskflow_api.py
[2024-10-13T09:46:58.020+0000] {processor.py:799} INFO - Processing file /home/airflow/.local/lib/python3.7/site-packages/airflow/example_dags/tutorial_taskflow_api.py for tasks to queue
[2024-10-13T09:46:58.020+0000] {logging_mixin.py:149} INFO - [2024-10-13T09:46:58.020+0000] {dagbag.py:541} INFO - Filling up the DagBag from /home/airflow/.local/lib/python3.7/site-packages/airflow/example_dags/tutorial_taskflow_api.py
[2024-10-13T09:46:58.027+0000] {processor.py:809} INFO - DAG(s) dict_keys(['tutorial_taskflow_api']) retrieved from /home/airflow/.local/lib/python3.7/site-packages/airflow/example_dags/tutorial_taskflow_api.py
[2024-10-13T09:46:58.054+0000] {logging_mixin.py:149} INFO - [2024-10-13T09:46:58.053+0000] {dag.py:2726} INFO - Sync 1 DAGs
[2024-10-13T09:46:58.091+0000] {logging_mixin.py:149} INFO - [2024-10-13T09:46:58.091+0000] {dag.py:3490} INFO - Setting next_dagrun for tutorial_taskflow_api to None, run_after=None
[2024-10-13T09:46:58.113+0000] {processor.py:178} INFO - Processing /home/airflow/.local/lib/python3.7/site-packages/airflow/example_dags/tutorial_taskflow_api.py took 0.098 seconds
[2024-10-13T09:47:28.506+0000] {processor.py:156} INFO - Started process (PID=2515) to work on /home/airflow/.local/lib/python3.7/site-packages/airflow/example_dags/tutorial_taskflow_api.py
[2024-10-13T09:47:28.507+0000] {processor.py:799} INFO - Processing file /home/airflow/.local/lib/python3.7/site-packages/airflow/example_dags/tutorial_taskflow_api.py for tasks to queue
[2024-10-13T09:47:28.508+0000] {logging_mixin.py:149} INFO - [2024-10-13T09:47:28.507+0000] {dagbag.py:541} INFO - Filling up the DagBag from /home/airflow/.local/lib/python3.7/site-packages/airflow/example_dags/tutorial_taskflow_api.py
[2024-10-13T09:47:28.514+0000] {processor.py:809} INFO - DAG(s) dict_keys(['tutorial_taskflow_api']) retrieved from /home/airflow/.local/lib/python3.7/site-packages/airflow/example_dags/tutorial_taskflow_api.py
[2024-10-13T09:47:28.541+0000] {logging_mixin.py:149} INFO - [2024-10-13T09:47:28.541+0000] {dag.py:2726} INFO - Sync 1 DAGs
[2024-10-13T09:47:28.574+0000] {logging_mixin.py:149} INFO - [2024-10-13T09:47:28.574+0000] {dag.py:3490} INFO - Setting next_dagrun for tutorial_taskflow_api to None, run_after=None
[2024-10-13T09:47:28.594+0000] {processor.py:178} INFO - Processing /home/airflow/.local/lib/python3.7/site-packages/airflow/example_dags/tutorial_taskflow_api.py took 0.091 seconds
[2024-10-13T09:47:59.073+0000] {processor.py:156} INFO - Started process (PID=2576) to work on /home/airflow/.local/lib/python3.7/site-packages/airflow/example_dags/tutorial_taskflow_api.py
[2024-10-13T09:47:59.073+0000] {processor.py:799} INFO - Processing file /home/airflow/.local/lib/python3.7/site-packages/airflow/example_dags/tutorial_taskflow_api.py for tasks to queue
[2024-10-13T09:47:59.074+0000] {logging_mixin.py:149} INFO - [2024-10-13T09:47:59.074+0000] {dagbag.py:541} INFO - Filling up the DagBag from /home/airflow/.local/lib/python3.7/site-packages/airflow/example_dags/tutorial_taskflow_api.py
[2024-10-13T09:47:59.080+0000] {processor.py:809} INFO - DAG(s) dict_keys(['tutorial_taskflow_api']) retrieved from /home/airflow/.local/lib/python3.7/site-packages/airflow/example_dags/tutorial_taskflow_api.py
[2024-10-13T09:47:59.107+0000] {logging_mixin.py:149} INFO - [2024-10-13T09:47:59.107+0000] {dag.py:2726} INFO - Sync 1 DAGs
[2024-10-13T09:47:59.134+0000] {logging_mixin.py:149} INFO - [2024-10-13T09:47:59.134+0000] {dag.py:3490} INFO - Setting next_dagrun for tutorial_taskflow_api to None, run_after=None
[2024-10-13T09:47:59.152+0000] {processor.py:178} INFO - Processing /home/airflow/.local/lib/python3.7/site-packages/airflow/example_dags/tutorial_taskflow_api.py took 0.083 seconds
[2024-10-13T09:48:29.325+0000] {processor.py:156} INFO - Started process (PID=2637) to work on /home/airflow/.local/lib/python3.7/site-packages/airflow/example_dags/tutorial_taskflow_api.py
[2024-10-13T09:48:29.326+0000] {processor.py:799} INFO - Processing file /home/airflow/.local/lib/python3.7/site-packages/airflow/example_dags/tutorial_taskflow_api.py for tasks to queue
[2024-10-13T09:48:29.326+0000] {logging_mixin.py:149} INFO - [2024-10-13T09:48:29.326+0000] {dagbag.py:541} INFO - Filling up the DagBag from /home/airflow/.local/lib/python3.7/site-packages/airflow/example_dags/tutorial_taskflow_api.py
[2024-10-13T09:48:29.333+0000] {processor.py:809} INFO - DAG(s) dict_keys(['tutorial_taskflow_api']) retrieved from /home/airflow/.local/lib/python3.7/site-packages/airflow/example_dags/tutorial_taskflow_api.py
[2024-10-13T09:48:29.365+0000] {logging_mixin.py:149} INFO - [2024-10-13T09:48:29.365+0000] {dag.py:2726} INFO - Sync 1 DAGs
[2024-10-13T09:48:29.392+0000] {logging_mixin.py:149} INFO - [2024-10-13T09:48:29.392+0000] {dag.py:3490} INFO - Setting next_dagrun for tutorial_taskflow_api to None, run_after=None
[2024-10-13T09:48:29.417+0000] {processor.py:178} INFO - Processing /home/airflow/.local/lib/python3.7/site-packages/airflow/example_dags/tutorial_taskflow_api.py took 0.096 seconds
[2024-10-13T09:48:59.599+0000] {processor.py:156} INFO - Started process (PID=2698) to work on /home/airflow/.local/lib/python3.7/site-packages/airflow/example_dags/tutorial_taskflow_api.py
[2024-10-13T09:48:59.599+0000] {processor.py:799} INFO - Processing file /home/airflow/.local/lib/python3.7/site-packages/airflow/example_dags/tutorial_taskflow_api.py for tasks to queue
[2024-10-13T09:48:59.600+0000] {logging_mixin.py:149} INFO - [2024-10-13T09:48:59.600+0000] {dagbag.py:541} INFO - Filling up the DagBag from /home/airflow/.local/lib/python3.7/site-packages/airflow/example_dags/tutorial_taskflow_api.py
[2024-10-13T09:48:59.606+0000] {processor.py:809} INFO - DAG(s) dict_keys(['tutorial_taskflow_api']) retrieved from /home/airflow/.local/lib/python3.7/site-packages/airflow/example_dags/tutorial_taskflow_api.py
[2024-10-13T09:48:59.632+0000] {logging_mixin.py:149} INFO - [2024-10-13T09:48:59.632+0000] {dag.py:2726} INFO - Sync 1 DAGs
[2024-10-13T09:48:59.658+0000] {logging_mixin.py:149} INFO - [2024-10-13T09:48:59.658+0000] {dag.py:3490} INFO - Setting next_dagrun for tutorial_taskflow_api to None, run_after=None
[2024-10-13T09:48:59.680+0000] {processor.py:178} INFO - Processing /home/airflow/.local/lib/python3.7/site-packages/airflow/example_dags/tutorial_taskflow_api.py took 0.085 seconds
[2024-10-13T09:49:30.085+0000] {processor.py:156} INFO - Started process (PID=2759) to work on /home/airflow/.local/lib/python3.7/site-packages/airflow/example_dags/tutorial_taskflow_api.py
[2024-10-13T09:49:30.085+0000] {processor.py:799} INFO - Processing file /home/airflow/.local/lib/python3.7/site-packages/airflow/example_dags/tutorial_taskflow_api.py for tasks to queue
[2024-10-13T09:49:30.086+0000] {logging_mixin.py:149} INFO - [2024-10-13T09:49:30.086+0000] {dagbag.py:541} INFO - Filling up the DagBag from /home/airflow/.local/lib/python3.7/site-packages/airflow/example_dags/tutorial_taskflow_api.py
[2024-10-13T09:49:30.092+0000] {processor.py:809} INFO - DAG(s) dict_keys(['tutorial_taskflow_api']) retrieved from /home/airflow/.local/lib/python3.7/site-packages/airflow/example_dags/tutorial_taskflow_api.py
[2024-10-13T09:49:30.119+0000] {logging_mixin.py:149} INFO - [2024-10-13T09:49:30.119+0000] {dag.py:2726} INFO - Sync 1 DAGs
[2024-10-13T09:49:30.146+0000] {logging_mixin.py:149} INFO - [2024-10-13T09:49:30.146+0000] {dag.py:3490} INFO - Setting next_dagrun for tutorial_taskflow_api to None, run_after=None
[2024-10-13T09:49:30.165+0000] {processor.py:178} INFO - Processing /home/airflow/.local/lib/python3.7/site-packages/airflow/example_dags/tutorial_taskflow_api.py took 0.084 seconds
[2024-10-13T09:50:00.277+0000] {processor.py:156} INFO - Started process (PID=2820) to work on /home/airflow/.local/lib/python3.7/site-packages/airflow/example_dags/tutorial_taskflow_api.py
[2024-10-13T09:50:00.278+0000] {processor.py:799} INFO - Processing file /home/airflow/.local/lib/python3.7/site-packages/airflow/example_dags/tutorial_taskflow_api.py for tasks to queue
[2024-10-13T09:50:00.278+0000] {logging_mixin.py:149} INFO - [2024-10-13T09:50:00.278+0000] {dagbag.py:541} INFO - Filling up the DagBag from /home/airflow/.local/lib/python3.7/site-packages/airflow/example_dags/tutorial_taskflow_api.py
[2024-10-13T09:50:00.285+0000] {processor.py:809} INFO - DAG(s) dict_keys(['tutorial_taskflow_api']) retrieved from /home/airflow/.local/lib/python3.7/site-packages/airflow/example_dags/tutorial_taskflow_api.py
[2024-10-13T09:50:00.312+0000] {logging_mixin.py:149} INFO - [2024-10-13T09:50:00.312+0000] {dag.py:2726} INFO - Sync 1 DAGs
[2024-10-13T09:50:00.338+0000] {logging_mixin.py:149} INFO - [2024-10-13T09:50:00.337+0000] {dag.py:3490} INFO - Setting next_dagrun for tutorial_taskflow_api to None, run_after=None
[2024-10-13T09:50:00.357+0000] {processor.py:178} INFO - Processing /home/airflow/.local/lib/python3.7/site-packages/airflow/example_dags/tutorial_taskflow_api.py took 0.084 seconds
[2024-10-13T09:50:30.503+0000] {processor.py:156} INFO - Started process (PID=2881) to work on /home/airflow/.local/lib/python3.7/site-packages/airflow/example_dags/tutorial_taskflow_api.py
[2024-10-13T09:50:30.504+0000] {processor.py:799} INFO - Processing file /home/airflow/.local/lib/python3.7/site-packages/airflow/example_dags/tutorial_taskflow_api.py for tasks to queue
[2024-10-13T09:50:30.504+0000] {logging_mixin.py:149} INFO - [2024-10-13T09:50:30.504+0000] {dagbag.py:541} INFO - Filling up the DagBag from /home/airflow/.local/lib/python3.7/site-packages/airflow/example_dags/tutorial_taskflow_api.py
[2024-10-13T09:50:30.511+0000] {processor.py:809} INFO - DAG(s) dict_keys(['tutorial_taskflow_api']) retrieved from /home/airflow/.local/lib/python3.7/site-packages/airflow/example_dags/tutorial_taskflow_api.py
[2024-10-13T09:50:30.537+0000] {logging_mixin.py:149} INFO - [2024-10-13T09:50:30.537+0000] {dag.py:2726} INFO - Sync 1 DAGs
[2024-10-13T09:50:30.563+0000] {logging_mixin.py:149} INFO - [2024-10-13T09:50:30.562+0000] {dag.py:3490} INFO - Setting next_dagrun for tutorial_taskflow_api to None, run_after=None
[2024-10-13T09:50:30.581+0000] {processor.py:178} INFO - Processing /home/airflow/.local/lib/python3.7/site-packages/airflow/example_dags/tutorial_taskflow_api.py took 0.082 seconds
[2024-10-13T09:51:00.890+0000] {processor.py:156} INFO - Started process (PID=2942) to work on /home/airflow/.local/lib/python3.7/site-packages/airflow/example_dags/tutorial_taskflow_api.py
[2024-10-13T09:51:00.891+0000] {processor.py:799} INFO - Processing file /home/airflow/.local/lib/python3.7/site-packages/airflow/example_dags/tutorial_taskflow_api.py for tasks to queue
[2024-10-13T09:51:00.892+0000] {logging_mixin.py:149} INFO - [2024-10-13T09:51:00.892+0000] {dagbag.py:541} INFO - Filling up the DagBag from /home/airflow/.local/lib/python3.7/site-packages/airflow/example_dags/tutorial_taskflow_api.py
[2024-10-13T09:51:00.902+0000] {processor.py:809} INFO - DAG(s) dict_keys(['tutorial_taskflow_api']) retrieved from /home/airflow/.local/lib/python3.7/site-packages/airflow/example_dags/tutorial_taskflow_api.py
[2024-10-13T09:51:00.936+0000] {logging_mixin.py:149} INFO - [2024-10-13T09:51:00.936+0000] {dag.py:2726} INFO - Sync 1 DAGs
[2024-10-13T09:51:00.967+0000] {logging_mixin.py:149} INFO - [2024-10-13T09:51:00.967+0000] {dag.py:3490} INFO - Setting next_dagrun for tutorial_taskflow_api to None, run_after=None
[2024-10-13T09:51:00.985+0000] {processor.py:178} INFO - Processing /home/airflow/.local/lib/python3.7/site-packages/airflow/example_dags/tutorial_taskflow_api.py took 0.099 seconds
[2024-10-13T09:51:31.252+0000] {processor.py:156} INFO - Started process (PID=3003) to work on /home/airflow/.local/lib/python3.7/site-packages/airflow/example_dags/tutorial_taskflow_api.py
[2024-10-13T09:51:31.253+0000] {processor.py:799} INFO - Processing file /home/airflow/.local/lib/python3.7/site-packages/airflow/example_dags/tutorial_taskflow_api.py for tasks to queue
[2024-10-13T09:51:31.254+0000] {logging_mixin.py:149} INFO - [2024-10-13T09:51:31.253+0000] {dagbag.py:541} INFO - Filling up the DagBag from /home/airflow/.local/lib/python3.7/site-packages/airflow/example_dags/tutorial_taskflow_api.py
[2024-10-13T09:51:31.260+0000] {processor.py:809} INFO - DAG(s) dict_keys(['tutorial_taskflow_api']) retrieved from /home/airflow/.local/lib/python3.7/site-packages/airflow/example_dags/tutorial_taskflow_api.py
[2024-10-13T09:51:31.285+0000] {logging_mixin.py:149} INFO - [2024-10-13T09:51:31.285+0000] {dag.py:2726} INFO - Sync 1 DAGs
[2024-10-13T09:51:31.311+0000] {logging_mixin.py:149} INFO - [2024-10-13T09:51:31.311+0000] {dag.py:3490} INFO - Setting next_dagrun for tutorial_taskflow_api to None, run_after=None
[2024-10-13T09:51:31.331+0000] {processor.py:178} INFO - Processing /home/airflow/.local/lib/python3.7/site-packages/airflow/example_dags/tutorial_taskflow_api.py took 0.082 seconds
[2024-10-13T09:52:01.650+0000] {processor.py:156} INFO - Started process (PID=3064) to work on /home/airflow/.local/lib/python3.7/site-packages/airflow/example_dags/tutorial_taskflow_api.py
[2024-10-13T09:52:01.651+0000] {processor.py:799} INFO - Processing file /home/airflow/.local/lib/python3.7/site-packages/airflow/example_dags/tutorial_taskflow_api.py for tasks to queue
[2024-10-13T09:52:01.651+0000] {logging_mixin.py:149} INFO - [2024-10-13T09:52:01.651+0000] {dagbag.py:541} INFO - Filling up the DagBag from /home/airflow/.local/lib/python3.7/site-packages/airflow/example_dags/tutorial_taskflow_api.py
[2024-10-13T09:52:01.658+0000] {processor.py:809} INFO - DAG(s) dict_keys(['tutorial_taskflow_api']) retrieved from /home/airflow/.local/lib/python3.7/site-packages/airflow/example_dags/tutorial_taskflow_api.py
[2024-10-13T09:52:01.684+0000] {logging_mixin.py:149} INFO - [2024-10-13T09:52:01.683+0000] {dag.py:2726} INFO - Sync 1 DAGs
[2024-10-13T09:52:01.711+0000] {logging_mixin.py:149} INFO - [2024-10-13T09:52:01.711+0000] {dag.py:3490} INFO - Setting next_dagrun for tutorial_taskflow_api to None, run_after=None
[2024-10-13T09:52:01.729+0000] {processor.py:178} INFO - Processing /home/airflow/.local/lib/python3.7/site-packages/airflow/example_dags/tutorial_taskflow_api.py took 0.083 seconds
[2024-10-13T09:52:32.303+0000] {processor.py:156} INFO - Started process (PID=3125) to work on /home/airflow/.local/lib/python3.7/site-packages/airflow/example_dags/tutorial_taskflow_api.py
[2024-10-13T09:52:32.304+0000] {processor.py:799} INFO - Processing file /home/airflow/.local/lib/python3.7/site-packages/airflow/example_dags/tutorial_taskflow_api.py for tasks to queue
[2024-10-13T09:52:32.305+0000] {logging_mixin.py:149} INFO - [2024-10-13T09:52:32.305+0000] {dagbag.py:541} INFO - Filling up the DagBag from /home/airflow/.local/lib/python3.7/site-packages/airflow/example_dags/tutorial_taskflow_api.py
[2024-10-13T09:52:32.311+0000] {processor.py:809} INFO - DAG(s) dict_keys(['tutorial_taskflow_api']) retrieved from /home/airflow/.local/lib/python3.7/site-packages/airflow/example_dags/tutorial_taskflow_api.py
[2024-10-13T09:52:32.345+0000] {logging_mixin.py:149} INFO - [2024-10-13T09:52:32.344+0000] {dag.py:2726} INFO - Sync 1 DAGs
[2024-10-13T09:52:32.375+0000] {logging_mixin.py:149} INFO - [2024-10-13T09:52:32.375+0000] {dag.py:3490} INFO - Setting next_dagrun for tutorial_taskflow_api to None, run_after=None
[2024-10-13T09:52:32.393+0000] {processor.py:178} INFO - Processing /home/airflow/.local/lib/python3.7/site-packages/airflow/example_dags/tutorial_taskflow_api.py took 0.093 seconds
[2024-10-13T09:53:02.604+0000] {processor.py:156} INFO - Started process (PID=3186) to work on /home/airflow/.local/lib/python3.7/site-packages/airflow/example_dags/tutorial_taskflow_api.py
[2024-10-13T09:53:02.605+0000] {processor.py:799} INFO - Processing file /home/airflow/.local/lib/python3.7/site-packages/airflow/example_dags/tutorial_taskflow_api.py for tasks to queue
[2024-10-13T09:53:02.606+0000] {logging_mixin.py:149} INFO - [2024-10-13T09:53:02.606+0000] {dagbag.py:541} INFO - Filling up the DagBag from /home/airflow/.local/lib/python3.7/site-packages/airflow/example_dags/tutorial_taskflow_api.py
[2024-10-13T09:53:02.615+0000] {processor.py:809} INFO - DAG(s) dict_keys(['tutorial_taskflow_api']) retrieved from /home/airflow/.local/lib/python3.7/site-packages/airflow/example_dags/tutorial_taskflow_api.py
[2024-10-13T09:53:02.649+0000] {logging_mixin.py:149} INFO - [2024-10-13T09:53:02.649+0000] {dag.py:2726} INFO - Sync 1 DAGs
[2024-10-13T09:53:02.677+0000] {logging_mixin.py:149} INFO - [2024-10-13T09:53:02.676+0000] {dag.py:3490} INFO - Setting next_dagrun for tutorial_taskflow_api to None, run_after=None
[2024-10-13T09:53:02.696+0000] {processor.py:178} INFO - Processing /home/airflow/.local/lib/python3.7/site-packages/airflow/example_dags/tutorial_taskflow_api.py took 0.095 seconds
[2024-10-13T09:53:32.932+0000] {processor.py:156} INFO - Started process (PID=3247) to work on /home/airflow/.local/lib/python3.7/site-packages/airflow/example_dags/tutorial_taskflow_api.py
[2024-10-13T09:53:32.933+0000] {processor.py:799} INFO - Processing file /home/airflow/.local/lib/python3.7/site-packages/airflow/example_dags/tutorial_taskflow_api.py for tasks to queue
[2024-10-13T09:53:32.934+0000] {logging_mixin.py:149} INFO - [2024-10-13T09:53:32.933+0000] {dagbag.py:541} INFO - Filling up the DagBag from /home/airflow/.local/lib/python3.7/site-packages/airflow/example_dags/tutorial_taskflow_api.py
[2024-10-13T09:53:32.940+0000] {processor.py:809} INFO - DAG(s) dict_keys(['tutorial_taskflow_api']) retrieved from /home/airflow/.local/lib/python3.7/site-packages/airflow/example_dags/tutorial_taskflow_api.py
[2024-10-13T09:53:32.968+0000] {logging_mixin.py:149} INFO - [2024-10-13T09:53:32.968+0000] {dag.py:2726} INFO - Sync 1 DAGs
[2024-10-13T09:53:33.000+0000] {logging_mixin.py:149} INFO - [2024-10-13T09:53:33.000+0000] {dag.py:3490} INFO - Setting next_dagrun for tutorial_taskflow_api to None, run_after=None
[2024-10-13T09:53:33.021+0000] {processor.py:178} INFO - Processing /home/airflow/.local/lib/python3.7/site-packages/airflow/example_dags/tutorial_taskflow_api.py took 0.093 seconds
[2024-10-13T09:54:03.151+0000] {processor.py:156} INFO - Started process (PID=3299) to work on /home/airflow/.local/lib/python3.7/site-packages/airflow/example_dags/tutorial_taskflow_api.py
[2024-10-13T09:54:03.152+0000] {processor.py:799} INFO - Processing file /home/airflow/.local/lib/python3.7/site-packages/airflow/example_dags/tutorial_taskflow_api.py for tasks to queue
[2024-10-13T09:54:03.152+0000] {logging_mixin.py:149} INFO - [2024-10-13T09:54:03.152+0000] {dagbag.py:541} INFO - Filling up the DagBag from /home/airflow/.local/lib/python3.7/site-packages/airflow/example_dags/tutorial_taskflow_api.py
[2024-10-13T09:54:03.158+0000] {processor.py:809} INFO - DAG(s) dict_keys(['tutorial_taskflow_api']) retrieved from /home/airflow/.local/lib/python3.7/site-packages/airflow/example_dags/tutorial_taskflow_api.py
[2024-10-13T09:54:03.184+0000] {logging_mixin.py:149} INFO - [2024-10-13T09:54:03.184+0000] {dag.py:2726} INFO - Sync 1 DAGs
[2024-10-13T09:54:03.212+0000] {logging_mixin.py:149} INFO - [2024-10-13T09:54:03.211+0000] {dag.py:3490} INFO - Setting next_dagrun for tutorial_taskflow_api to None, run_after=None
[2024-10-13T09:54:03.243+0000] {processor.py:178} INFO - Processing /home/airflow/.local/lib/python3.7/site-packages/airflow/example_dags/tutorial_taskflow_api.py took 0.095 seconds
[2024-10-13T09:54:33.351+0000] {processor.py:156} INFO - Started process (PID=3361) to work on /home/airflow/.local/lib/python3.7/site-packages/airflow/example_dags/tutorial_taskflow_api.py
[2024-10-13T09:54:33.352+0000] {processor.py:799} INFO - Processing file /home/airflow/.local/lib/python3.7/site-packages/airflow/example_dags/tutorial_taskflow_api.py for tasks to queue
[2024-10-13T09:54:33.352+0000] {logging_mixin.py:149} INFO - [2024-10-13T09:54:33.352+0000] {dagbag.py:541} INFO - Filling up the DagBag from /home/airflow/.local/lib/python3.7/site-packages/airflow/example_dags/tutorial_taskflow_api.py
[2024-10-13T09:54:33.359+0000] {processor.py:809} INFO - DAG(s) dict_keys(['tutorial_taskflow_api']) retrieved from /home/airflow/.local/lib/python3.7/site-packages/airflow/example_dags/tutorial_taskflow_api.py
[2024-10-13T09:54:33.383+0000] {logging_mixin.py:149} INFO - [2024-10-13T09:54:33.383+0000] {dag.py:2726} INFO - Sync 1 DAGs
[2024-10-13T09:54:33.409+0000] {logging_mixin.py:149} INFO - [2024-10-13T09:54:33.409+0000] {dag.py:3490} INFO - Setting next_dagrun for tutorial_taskflow_api to None, run_after=None
[2024-10-13T09:54:33.427+0000] {processor.py:178} INFO - Processing /home/airflow/.local/lib/python3.7/site-packages/airflow/example_dags/tutorial_taskflow_api.py took 0.079 seconds
[2024-10-13T09:55:03.614+0000] {processor.py:156} INFO - Started process (PID=3421) to work on /home/airflow/.local/lib/python3.7/site-packages/airflow/example_dags/tutorial_taskflow_api.py
[2024-10-13T09:55:03.615+0000] {processor.py:799} INFO - Processing file /home/airflow/.local/lib/python3.7/site-packages/airflow/example_dags/tutorial_taskflow_api.py for tasks to queue
[2024-10-13T09:55:03.615+0000] {logging_mixin.py:149} INFO - [2024-10-13T09:55:03.615+0000] {dagbag.py:541} INFO - Filling up the DagBag from /home/airflow/.local/lib/python3.7/site-packages/airflow/example_dags/tutorial_taskflow_api.py
[2024-10-13T09:55:03.621+0000] {processor.py:809} INFO - DAG(s) dict_keys(['tutorial_taskflow_api']) retrieved from /home/airflow/.local/lib/python3.7/site-packages/airflow/example_dags/tutorial_taskflow_api.py
[2024-10-13T09:55:03.646+0000] {logging_mixin.py:149} INFO - [2024-10-13T09:55:03.646+0000] {dag.py:2726} INFO - Sync 1 DAGs
[2024-10-13T09:55:03.673+0000] {logging_mixin.py:149} INFO - [2024-10-13T09:55:03.673+0000] {dag.py:3490} INFO - Setting next_dagrun for tutorial_taskflow_api to None, run_after=None
[2024-10-13T09:55:03.692+0000] {processor.py:178} INFO - Processing /home/airflow/.local/lib/python3.7/site-packages/airflow/example_dags/tutorial_taskflow_api.py took 0.082 seconds
[2024-10-13T09:55:34.142+0000] {processor.py:156} INFO - Started process (PID=3482) to work on /home/airflow/.local/lib/python3.7/site-packages/airflow/example_dags/tutorial_taskflow_api.py
[2024-10-13T09:55:34.143+0000] {processor.py:799} INFO - Processing file /home/airflow/.local/lib/python3.7/site-packages/airflow/example_dags/tutorial_taskflow_api.py for tasks to queue
[2024-10-13T09:55:34.144+0000] {logging_mixin.py:149} INFO - [2024-10-13T09:55:34.143+0000] {dagbag.py:541} INFO - Filling up the DagBag from /home/airflow/.local/lib/python3.7/site-packages/airflow/example_dags/tutorial_taskflow_api.py
[2024-10-13T09:55:34.150+0000] {processor.py:809} INFO - DAG(s) dict_keys(['tutorial_taskflow_api']) retrieved from /home/airflow/.local/lib/python3.7/site-packages/airflow/example_dags/tutorial_taskflow_api.py
[2024-10-13T09:55:34.175+0000] {logging_mixin.py:149} INFO - [2024-10-13T09:55:34.175+0000] {dag.py:2726} INFO - Sync 1 DAGs
[2024-10-13T09:55:34.201+0000] {logging_mixin.py:149} INFO - [2024-10-13T09:55:34.201+0000] {dag.py:3490} INFO - Setting next_dagrun for tutorial_taskflow_api to None, run_after=None
[2024-10-13T09:55:34.218+0000] {processor.py:178} INFO - Processing /home/airflow/.local/lib/python3.7/site-packages/airflow/example_dags/tutorial_taskflow_api.py took 0.080 seconds
[2024-10-13T09:56:04.645+0000] {processor.py:156} INFO - Started process (PID=3543) to work on /home/airflow/.local/lib/python3.7/site-packages/airflow/example_dags/tutorial_taskflow_api.py
[2024-10-13T09:56:04.646+0000] {processor.py:799} INFO - Processing file /home/airflow/.local/lib/python3.7/site-packages/airflow/example_dags/tutorial_taskflow_api.py for tasks to queue
[2024-10-13T09:56:04.646+0000] {logging_mixin.py:149} INFO - [2024-10-13T09:56:04.646+0000] {dagbag.py:541} INFO - Filling up the DagBag from /home/airflow/.local/lib/python3.7/site-packages/airflow/example_dags/tutorial_taskflow_api.py
[2024-10-13T09:56:04.652+0000] {processor.py:809} INFO - DAG(s) dict_keys(['tutorial_taskflow_api']) retrieved from /home/airflow/.local/lib/python3.7/site-packages/airflow/example_dags/tutorial_taskflow_api.py
[2024-10-13T09:56:04.679+0000] {logging_mixin.py:149} INFO - [2024-10-13T09:56:04.679+0000] {dag.py:2726} INFO - Sync 1 DAGs
[2024-10-13T09:56:04.708+0000] {logging_mixin.py:149} INFO - [2024-10-13T09:56:04.708+0000] {dag.py:3490} INFO - Setting next_dagrun for tutorial_taskflow_api to None, run_after=None
[2024-10-13T09:56:04.726+0000] {processor.py:178} INFO - Processing /home/airflow/.local/lib/python3.7/site-packages/airflow/example_dags/tutorial_taskflow_api.py took 0.085 seconds
[2024-10-13T09:56:35.039+0000] {processor.py:156} INFO - Started process (PID=3604) to work on /home/airflow/.local/lib/python3.7/site-packages/airflow/example_dags/tutorial_taskflow_api.py
[2024-10-13T09:56:35.040+0000] {processor.py:799} INFO - Processing file /home/airflow/.local/lib/python3.7/site-packages/airflow/example_dags/tutorial_taskflow_api.py for tasks to queue
[2024-10-13T09:56:35.041+0000] {logging_mixin.py:149} INFO - [2024-10-13T09:56:35.041+0000] {dagbag.py:541} INFO - Filling up the DagBag from /home/airflow/.local/lib/python3.7/site-packages/airflow/example_dags/tutorial_taskflow_api.py
[2024-10-13T09:56:35.047+0000] {processor.py:809} INFO - DAG(s) dict_keys(['tutorial_taskflow_api']) retrieved from /home/airflow/.local/lib/python3.7/site-packages/airflow/example_dags/tutorial_taskflow_api.py
[2024-10-13T09:56:35.074+0000] {logging_mixin.py:149} INFO - [2024-10-13T09:56:35.074+0000] {dag.py:2726} INFO - Sync 1 DAGs
[2024-10-13T09:56:35.103+0000] {logging_mixin.py:149} INFO - [2024-10-13T09:56:35.103+0000] {dag.py:3490} INFO - Setting next_dagrun for tutorial_taskflow_api to None, run_after=None
[2024-10-13T09:56:35.121+0000] {processor.py:178} INFO - Processing /home/airflow/.local/lib/python3.7/site-packages/airflow/example_dags/tutorial_taskflow_api.py took 0.086 seconds
[2024-10-13T09:57:05.657+0000] {processor.py:156} INFO - Started process (PID=3665) to work on /home/airflow/.local/lib/python3.7/site-packages/airflow/example_dags/tutorial_taskflow_api.py
[2024-10-13T09:57:05.658+0000] {processor.py:799} INFO - Processing file /home/airflow/.local/lib/python3.7/site-packages/airflow/example_dags/tutorial_taskflow_api.py for tasks to queue
[2024-10-13T09:57:05.658+0000] {logging_mixin.py:149} INFO - [2024-10-13T09:57:05.658+0000] {dagbag.py:541} INFO - Filling up the DagBag from /home/airflow/.local/lib/python3.7/site-packages/airflow/example_dags/tutorial_taskflow_api.py
[2024-10-13T09:57:05.664+0000] {processor.py:809} INFO - DAG(s) dict_keys(['tutorial_taskflow_api']) retrieved from /home/airflow/.local/lib/python3.7/site-packages/airflow/example_dags/tutorial_taskflow_api.py
[2024-10-13T09:57:05.691+0000] {logging_mixin.py:149} INFO - [2024-10-13T09:57:05.691+0000] {dag.py:2726} INFO - Sync 1 DAGs
[2024-10-13T09:57:05.719+0000] {logging_mixin.py:149} INFO - [2024-10-13T09:57:05.719+0000] {dag.py:3490} INFO - Setting next_dagrun for tutorial_taskflow_api to None, run_after=None
[2024-10-13T09:57:05.737+0000] {processor.py:178} INFO - Processing /home/airflow/.local/lib/python3.7/site-packages/airflow/example_dags/tutorial_taskflow_api.py took 0.084 seconds
[2024-10-13T09:57:36.494+0000] {processor.py:156} INFO - Started process (PID=3726) to work on /home/airflow/.local/lib/python3.7/site-packages/airflow/example_dags/tutorial_taskflow_api.py
[2024-10-13T09:57:36.495+0000] {processor.py:799} INFO - Processing file /home/airflow/.local/lib/python3.7/site-packages/airflow/example_dags/tutorial_taskflow_api.py for tasks to queue
[2024-10-13T09:57:36.496+0000] {logging_mixin.py:149} INFO - [2024-10-13T09:57:36.496+0000] {dagbag.py:541} INFO - Filling up the DagBag from /home/airflow/.local/lib/python3.7/site-packages/airflow/example_dags/tutorial_taskflow_api.py
[2024-10-13T09:57:36.503+0000] {processor.py:809} INFO - DAG(s) dict_keys(['tutorial_taskflow_api']) retrieved from /home/airflow/.local/lib/python3.7/site-packages/airflow/example_dags/tutorial_taskflow_api.py
[2024-10-13T09:57:36.531+0000] {logging_mixin.py:149} INFO - [2024-10-13T09:57:36.531+0000] {dag.py:2726} INFO - Sync 1 DAGs
[2024-10-13T09:57:36.560+0000] {logging_mixin.py:149} INFO - [2024-10-13T09:57:36.560+0000] {dag.py:3490} INFO - Setting next_dagrun for tutorial_taskflow_api to None, run_after=None
[2024-10-13T09:57:36.580+0000] {processor.py:178} INFO - Processing /home/airflow/.local/lib/python3.7/site-packages/airflow/example_dags/tutorial_taskflow_api.py took 0.090 seconds
[2024-10-13T14:18:49.288+0000] {processor.py:156} INFO - Started process (PID=58) to work on /home/airflow/.local/lib/python3.7/site-packages/airflow/example_dags/tutorial_taskflow_api.py
[2024-10-13T14:18:49.290+0000] {processor.py:799} INFO - Processing file /home/airflow/.local/lib/python3.7/site-packages/airflow/example_dags/tutorial_taskflow_api.py for tasks to queue
[2024-10-13T14:18:49.291+0000] {logging_mixin.py:149} INFO - [2024-10-13T14:18:49.291+0000] {dagbag.py:541} INFO - Filling up the DagBag from /home/airflow/.local/lib/python3.7/site-packages/airflow/example_dags/tutorial_taskflow_api.py
[2024-10-13T14:18:49.303+0000] {processor.py:809} INFO - DAG(s) dict_keys(['tutorial_taskflow_api']) retrieved from /home/airflow/.local/lib/python3.7/site-packages/airflow/example_dags/tutorial_taskflow_api.py
[2024-10-13T14:18:49.332+0000] {logging_mixin.py:149} INFO - [2024-10-13T14:18:49.332+0000] {dag.py:2726} INFO - Sync 1 DAGs
[2024-10-13T14:18:49.412+0000] {logging_mixin.py:149} INFO - [2024-10-13T14:18:49.412+0000] {dag.py:3490} INFO - Setting next_dagrun for tutorial_taskflow_api to None, run_after=None
[2024-10-13T14:18:49.473+0000] {processor.py:178} INFO - Processing /home/airflow/.local/lib/python3.7/site-packages/airflow/example_dags/tutorial_taskflow_api.py took 0.190 seconds
[2024-10-13T14:19:19.578+0000] {processor.py:156} INFO - Started process (PID=119) to work on /home/airflow/.local/lib/python3.7/site-packages/airflow/example_dags/tutorial_taskflow_api.py
[2024-10-13T14:19:19.579+0000] {processor.py:799} INFO - Processing file /home/airflow/.local/lib/python3.7/site-packages/airflow/example_dags/tutorial_taskflow_api.py for tasks to queue
[2024-10-13T14:19:19.579+0000] {logging_mixin.py:149} INFO - [2024-10-13T14:19:19.579+0000] {dagbag.py:541} INFO - Filling up the DagBag from /home/airflow/.local/lib/python3.7/site-packages/airflow/example_dags/tutorial_taskflow_api.py
[2024-10-13T14:19:19.586+0000] {processor.py:809} INFO - DAG(s) dict_keys(['tutorial_taskflow_api']) retrieved from /home/airflow/.local/lib/python3.7/site-packages/airflow/example_dags/tutorial_taskflow_api.py
[2024-10-13T14:19:19.611+0000] {logging_mixin.py:149} INFO - [2024-10-13T14:19:19.611+0000] {dag.py:2726} INFO - Sync 1 DAGs
[2024-10-13T14:19:19.638+0000] {logging_mixin.py:149} INFO - [2024-10-13T14:19:19.638+0000] {dag.py:3490} INFO - Setting next_dagrun for tutorial_taskflow_api to None, run_after=None
[2024-10-13T14:19:19.660+0000] {processor.py:178} INFO - Processing /home/airflow/.local/lib/python3.7/site-packages/airflow/example_dags/tutorial_taskflow_api.py took 0.086 seconds
[2024-10-13T14:19:49.762+0000] {processor.py:156} INFO - Started process (PID=180) to work on /home/airflow/.local/lib/python3.7/site-packages/airflow/example_dags/tutorial_taskflow_api.py
[2024-10-13T14:19:49.763+0000] {processor.py:799} INFO - Processing file /home/airflow/.local/lib/python3.7/site-packages/airflow/example_dags/tutorial_taskflow_api.py for tasks to queue
[2024-10-13T14:19:49.763+0000] {logging_mixin.py:149} INFO - [2024-10-13T14:19:49.763+0000] {dagbag.py:541} INFO - Filling up the DagBag from /home/airflow/.local/lib/python3.7/site-packages/airflow/example_dags/tutorial_taskflow_api.py
[2024-10-13T14:19:49.770+0000] {processor.py:809} INFO - DAG(s) dict_keys(['tutorial_taskflow_api']) retrieved from /home/airflow/.local/lib/python3.7/site-packages/airflow/example_dags/tutorial_taskflow_api.py
[2024-10-13T14:19:49.797+0000] {logging_mixin.py:149} INFO - [2024-10-13T14:19:49.796+0000] {dag.py:2726} INFO - Sync 1 DAGs
[2024-10-13T14:19:49.828+0000] {logging_mixin.py:149} INFO - [2024-10-13T14:19:49.828+0000] {dag.py:3490} INFO - Setting next_dagrun for tutorial_taskflow_api to None, run_after=None
[2024-10-13T14:19:49.852+0000] {processor.py:178} INFO - Processing /home/airflow/.local/lib/python3.7/site-packages/airflow/example_dags/tutorial_taskflow_api.py took 0.093 seconds
[2024-10-13T14:20:19.969+0000] {processor.py:156} INFO - Started process (PID=241) to work on /home/airflow/.local/lib/python3.7/site-packages/airflow/example_dags/tutorial_taskflow_api.py
[2024-10-13T14:20:19.970+0000] {processor.py:799} INFO - Processing file /home/airflow/.local/lib/python3.7/site-packages/airflow/example_dags/tutorial_taskflow_api.py for tasks to queue
[2024-10-13T14:20:19.971+0000] {logging_mixin.py:149} INFO - [2024-10-13T14:20:19.971+0000] {dagbag.py:541} INFO - Filling up the DagBag from /home/airflow/.local/lib/python3.7/site-packages/airflow/example_dags/tutorial_taskflow_api.py
[2024-10-13T14:20:19.978+0000] {processor.py:809} INFO - DAG(s) dict_keys(['tutorial_taskflow_api']) retrieved from /home/airflow/.local/lib/python3.7/site-packages/airflow/example_dags/tutorial_taskflow_api.py
[2024-10-13T14:20:20.006+0000] {logging_mixin.py:149} INFO - [2024-10-13T14:20:20.006+0000] {dag.py:2726} INFO - Sync 1 DAGs
[2024-10-13T14:20:20.039+0000] {logging_mixin.py:149} INFO - [2024-10-13T14:20:20.038+0000] {dag.py:3490} INFO - Setting next_dagrun for tutorial_taskflow_api to None, run_after=None
[2024-10-13T14:20:20.060+0000] {processor.py:178} INFO - Processing /home/airflow/.local/lib/python3.7/site-packages/airflow/example_dags/tutorial_taskflow_api.py took 0.094 seconds
[2024-10-13T14:20:50.531+0000] {processor.py:156} INFO - Started process (PID=308) to work on /home/airflow/.local/lib/python3.7/site-packages/airflow/example_dags/tutorial_taskflow_api.py
[2024-10-13T14:20:50.532+0000] {processor.py:799} INFO - Processing file /home/airflow/.local/lib/python3.7/site-packages/airflow/example_dags/tutorial_taskflow_api.py for tasks to queue
[2024-10-13T14:20:50.532+0000] {logging_mixin.py:149} INFO - [2024-10-13T14:20:50.532+0000] {dagbag.py:541} INFO - Filling up the DagBag from /home/airflow/.local/lib/python3.7/site-packages/airflow/example_dags/tutorial_taskflow_api.py
[2024-10-13T14:20:50.539+0000] {processor.py:809} INFO - DAG(s) dict_keys(['tutorial_taskflow_api']) retrieved from /home/airflow/.local/lib/python3.7/site-packages/airflow/example_dags/tutorial_taskflow_api.py
[2024-10-13T14:20:50.572+0000] {logging_mixin.py:149} INFO - [2024-10-13T14:20:50.572+0000] {dag.py:2726} INFO - Sync 1 DAGs
[2024-10-13T14:20:50.604+0000] {logging_mixin.py:149} INFO - [2024-10-13T14:20:50.603+0000] {dag.py:3490} INFO - Setting next_dagrun for tutorial_taskflow_api to None, run_after=None
[2024-10-13T14:20:50.622+0000] {processor.py:178} INFO - Processing /home/airflow/.local/lib/python3.7/site-packages/airflow/example_dags/tutorial_taskflow_api.py took 0.095 seconds
[2024-10-13T14:21:21.184+0000] {processor.py:156} INFO - Started process (PID=369) to work on /home/airflow/.local/lib/python3.7/site-packages/airflow/example_dags/tutorial_taskflow_api.py
[2024-10-13T14:21:21.185+0000] {processor.py:799} INFO - Processing file /home/airflow/.local/lib/python3.7/site-packages/airflow/example_dags/tutorial_taskflow_api.py for tasks to queue
[2024-10-13T14:21:21.186+0000] {logging_mixin.py:149} INFO - [2024-10-13T14:21:21.186+0000] {dagbag.py:541} INFO - Filling up the DagBag from /home/airflow/.local/lib/python3.7/site-packages/airflow/example_dags/tutorial_taskflow_api.py
[2024-10-13T14:21:21.195+0000] {processor.py:809} INFO - DAG(s) dict_keys(['tutorial_taskflow_api']) retrieved from /home/airflow/.local/lib/python3.7/site-packages/airflow/example_dags/tutorial_taskflow_api.py
[2024-10-13T14:21:21.224+0000] {logging_mixin.py:149} INFO - [2024-10-13T14:21:21.224+0000] {dag.py:2726} INFO - Sync 1 DAGs
[2024-10-13T14:21:21.262+0000] {logging_mixin.py:149} INFO - [2024-10-13T14:21:21.262+0000] {dag.py:3490} INFO - Setting next_dagrun for tutorial_taskflow_api to None, run_after=None
[2024-10-13T14:21:21.284+0000] {processor.py:178} INFO - Processing /home/airflow/.local/lib/python3.7/site-packages/airflow/example_dags/tutorial_taskflow_api.py took 0.104 seconds
[2024-10-13T14:21:51.522+0000] {processor.py:156} INFO - Started process (PID=430) to work on /home/airflow/.local/lib/python3.7/site-packages/airflow/example_dags/tutorial_taskflow_api.py
[2024-10-13T14:21:51.523+0000] {processor.py:799} INFO - Processing file /home/airflow/.local/lib/python3.7/site-packages/airflow/example_dags/tutorial_taskflow_api.py for tasks to queue
[2024-10-13T14:21:51.524+0000] {logging_mixin.py:149} INFO - [2024-10-13T14:21:51.524+0000] {dagbag.py:541} INFO - Filling up the DagBag from /home/airflow/.local/lib/python3.7/site-packages/airflow/example_dags/tutorial_taskflow_api.py
[2024-10-13T14:21:51.531+0000] {processor.py:809} INFO - DAG(s) dict_keys(['tutorial_taskflow_api']) retrieved from /home/airflow/.local/lib/python3.7/site-packages/airflow/example_dags/tutorial_taskflow_api.py
[2024-10-13T14:21:51.567+0000] {logging_mixin.py:149} INFO - [2024-10-13T14:21:51.567+0000] {dag.py:2726} INFO - Sync 1 DAGs
[2024-10-13T14:21:51.607+0000] {logging_mixin.py:149} INFO - [2024-10-13T14:21:51.607+0000] {dag.py:3490} INFO - Setting next_dagrun for tutorial_taskflow_api to None, run_after=None
[2024-10-13T14:21:51.626+0000] {processor.py:178} INFO - Processing /home/airflow/.local/lib/python3.7/site-packages/airflow/example_dags/tutorial_taskflow_api.py took 0.107 seconds
[2024-10-13T14:22:22.064+0000] {processor.py:156} INFO - Started process (PID=491) to work on /home/airflow/.local/lib/python3.7/site-packages/airflow/example_dags/tutorial_taskflow_api.py
[2024-10-13T14:22:22.065+0000] {processor.py:799} INFO - Processing file /home/airflow/.local/lib/python3.7/site-packages/airflow/example_dags/tutorial_taskflow_api.py for tasks to queue
[2024-10-13T14:22:22.065+0000] {logging_mixin.py:149} INFO - [2024-10-13T14:22:22.065+0000] {dagbag.py:541} INFO - Filling up the DagBag from /home/airflow/.local/lib/python3.7/site-packages/airflow/example_dags/tutorial_taskflow_api.py
[2024-10-13T14:22:22.072+0000] {processor.py:809} INFO - DAG(s) dict_keys(['tutorial_taskflow_api']) retrieved from /home/airflow/.local/lib/python3.7/site-packages/airflow/example_dags/tutorial_taskflow_api.py
[2024-10-13T14:22:22.098+0000] {logging_mixin.py:149} INFO - [2024-10-13T14:22:22.098+0000] {dag.py:2726} INFO - Sync 1 DAGs
[2024-10-13T14:22:22.126+0000] {logging_mixin.py:149} INFO - [2024-10-13T14:22:22.125+0000] {dag.py:3490} INFO - Setting next_dagrun for tutorial_taskflow_api to None, run_after=None
[2024-10-13T14:22:22.147+0000] {processor.py:178} INFO - Processing /home/airflow/.local/lib/python3.7/site-packages/airflow/example_dags/tutorial_taskflow_api.py took 0.086 seconds
[2024-10-13T14:22:52.602+0000] {processor.py:156} INFO - Started process (PID=552) to work on /home/airflow/.local/lib/python3.7/site-packages/airflow/example_dags/tutorial_taskflow_api.py
[2024-10-13T14:22:52.604+0000] {processor.py:799} INFO - Processing file /home/airflow/.local/lib/python3.7/site-packages/airflow/example_dags/tutorial_taskflow_api.py for tasks to queue
[2024-10-13T14:22:52.605+0000] {logging_mixin.py:149} INFO - [2024-10-13T14:22:52.604+0000] {dagbag.py:541} INFO - Filling up the DagBag from /home/airflow/.local/lib/python3.7/site-packages/airflow/example_dags/tutorial_taskflow_api.py
[2024-10-13T14:22:52.615+0000] {processor.py:809} INFO - DAG(s) dict_keys(['tutorial_taskflow_api']) retrieved from /home/airflow/.local/lib/python3.7/site-packages/airflow/example_dags/tutorial_taskflow_api.py
[2024-10-13T14:22:52.657+0000] {logging_mixin.py:149} INFO - [2024-10-13T14:22:52.656+0000] {dag.py:2726} INFO - Sync 1 DAGs
[2024-10-13T14:22:52.710+0000] {logging_mixin.py:149} INFO - [2024-10-13T14:22:52.709+0000] {dag.py:3490} INFO - Setting next_dagrun for tutorial_taskflow_api to None, run_after=None
[2024-10-13T14:22:52.749+0000] {processor.py:178} INFO - Processing /home/airflow/.local/lib/python3.7/site-packages/airflow/example_dags/tutorial_taskflow_api.py took 0.153 seconds
[2024-10-13T14:23:22.828+0000] {processor.py:156} INFO - Started process (PID=613) to work on /home/airflow/.local/lib/python3.7/site-packages/airflow/example_dags/tutorial_taskflow_api.py
[2024-10-13T14:23:22.829+0000] {processor.py:799} INFO - Processing file /home/airflow/.local/lib/python3.7/site-packages/airflow/example_dags/tutorial_taskflow_api.py for tasks to queue
[2024-10-13T14:23:22.830+0000] {logging_mixin.py:149} INFO - [2024-10-13T14:23:22.830+0000] {dagbag.py:541} INFO - Filling up the DagBag from /home/airflow/.local/lib/python3.7/site-packages/airflow/example_dags/tutorial_taskflow_api.py
[2024-10-13T14:23:22.836+0000] {processor.py:809} INFO - DAG(s) dict_keys(['tutorial_taskflow_api']) retrieved from /home/airflow/.local/lib/python3.7/site-packages/airflow/example_dags/tutorial_taskflow_api.py
[2024-10-13T14:23:22.861+0000] {logging_mixin.py:149} INFO - [2024-10-13T14:23:22.861+0000] {dag.py:2726} INFO - Sync 1 DAGs
[2024-10-13T14:23:22.895+0000] {logging_mixin.py:149} INFO - [2024-10-13T14:23:22.894+0000] {dag.py:3490} INFO - Setting next_dagrun for tutorial_taskflow_api to None, run_after=None
[2024-10-13T14:23:22.921+0000] {processor.py:178} INFO - Processing /home/airflow/.local/lib/python3.7/site-packages/airflow/example_dags/tutorial_taskflow_api.py took 0.096 seconds
