[2024-10-13T09:27:12.058+0000] {processor.py:156} INFO - Started process (PID=73) to work on /home/airflow/.local/lib/python3.7/site-packages/airflow/example_dags/tutorial_dag.py
[2024-10-13T09:27:12.059+0000] {processor.py:799} INFO - Processing file /home/airflow/.local/lib/python3.7/site-packages/airflow/example_dags/tutorial_dag.py for tasks to queue
[2024-10-13T09:27:12.060+0000] {logging_mixin.py:149} INFO - [2024-10-13T09:27:12.060+0000] {dagbag.py:541} INFO - Filling up the DagBag from /home/airflow/.local/lib/python3.7/site-packages/airflow/example_dags/tutorial_dag.py
[2024-10-13T09:27:12.067+0000] {processor.py:809} INFO - DAG(s) dict_keys(['tutorial_dag']) retrieved from /home/airflow/.local/lib/python3.7/site-packages/airflow/example_dags/tutorial_dag.py
[2024-10-13T09:27:12.222+0000] {logging_mixin.py:149} INFO - [2024-10-13T09:27:12.222+0000] {manager.py:504} INFO - Created Permission View: can edit on DAG:tutorial_dag
[2024-10-13T09:27:12.234+0000] {logging_mixin.py:149} INFO - [2024-10-13T09:27:12.234+0000] {manager.py:504} INFO - Created Permission View: can read on DAG:tutorial_dag
[2024-10-13T09:27:12.244+0000] {logging_mixin.py:149} INFO - [2024-10-13T09:27:12.244+0000] {manager.py:504} INFO - Created Permission View: can delete on DAG:tutorial_dag
[2024-10-13T09:27:12.245+0000] {logging_mixin.py:149} INFO - [2024-10-13T09:27:12.244+0000] {dag.py:2726} INFO - Sync 1 DAGs
[2024-10-13T09:27:12.263+0000] {logging_mixin.py:149} INFO - [2024-10-13T09:27:12.263+0000] {dag.py:2747} INFO - Creating ORM DAG for tutorial_dag
[2024-10-13T09:27:12.278+0000] {logging_mixin.py:149} INFO - [2024-10-13T09:27:12.277+0000] {dag.py:3490} INFO - Setting next_dagrun for tutorial_dag to None, run_after=None
[2024-10-13T09:27:12.301+0000] {processor.py:178} INFO - Processing /home/airflow/.local/lib/python3.7/site-packages/airflow/example_dags/tutorial_dag.py took 0.247 seconds
[2024-10-13T09:27:42.359+0000] {processor.py:156} INFO - Started process (PID=134) to work on /home/airflow/.local/lib/python3.7/site-packages/airflow/example_dags/tutorial_dag.py
[2024-10-13T09:27:42.360+0000] {processor.py:799} INFO - Processing file /home/airflow/.local/lib/python3.7/site-packages/airflow/example_dags/tutorial_dag.py for tasks to queue
[2024-10-13T09:27:42.361+0000] {logging_mixin.py:149} INFO - [2024-10-13T09:27:42.360+0000] {dagbag.py:541} INFO - Filling up the DagBag from /home/airflow/.local/lib/python3.7/site-packages/airflow/example_dags/tutorial_dag.py
[2024-10-13T09:27:42.368+0000] {processor.py:809} INFO - DAG(s) dict_keys(['tutorial_dag']) retrieved from /home/airflow/.local/lib/python3.7/site-packages/airflow/example_dags/tutorial_dag.py
[2024-10-13T09:27:42.402+0000] {logging_mixin.py:149} INFO - [2024-10-13T09:27:42.402+0000] {dag.py:2726} INFO - Sync 1 DAGs
[2024-10-13T09:27:42.438+0000] {logging_mixin.py:149} INFO - [2024-10-13T09:27:42.438+0000] {dag.py:3490} INFO - Setting next_dagrun for tutorial_dag to None, run_after=None
[2024-10-13T09:27:42.466+0000] {processor.py:178} INFO - Processing /home/airflow/.local/lib/python3.7/site-packages/airflow/example_dags/tutorial_dag.py took 0.111 seconds
[2024-10-13T09:28:12.727+0000] {processor.py:156} INFO - Started process (PID=195) to work on /home/airflow/.local/lib/python3.7/site-packages/airflow/example_dags/tutorial_dag.py
[2024-10-13T09:28:12.728+0000] {processor.py:799} INFO - Processing file /home/airflow/.local/lib/python3.7/site-packages/airflow/example_dags/tutorial_dag.py for tasks to queue
[2024-10-13T09:28:12.728+0000] {logging_mixin.py:149} INFO - [2024-10-13T09:28:12.728+0000] {dagbag.py:541} INFO - Filling up the DagBag from /home/airflow/.local/lib/python3.7/site-packages/airflow/example_dags/tutorial_dag.py
[2024-10-13T09:28:12.734+0000] {processor.py:809} INFO - DAG(s) dict_keys(['tutorial_dag']) retrieved from /home/airflow/.local/lib/python3.7/site-packages/airflow/example_dags/tutorial_dag.py
[2024-10-13T09:28:12.765+0000] {logging_mixin.py:149} INFO - [2024-10-13T09:28:12.764+0000] {dag.py:2726} INFO - Sync 1 DAGs
[2024-10-13T09:28:12.799+0000] {logging_mixin.py:149} INFO - [2024-10-13T09:28:12.799+0000] {dag.py:3490} INFO - Setting next_dagrun for tutorial_dag to None, run_after=None
[2024-10-13T09:28:12.822+0000] {processor.py:178} INFO - Processing /home/airflow/.local/lib/python3.7/site-packages/airflow/example_dags/tutorial_dag.py took 0.099 seconds
[2024-10-13T09:28:43.104+0000] {processor.py:156} INFO - Started process (PID=256) to work on /home/airflow/.local/lib/python3.7/site-packages/airflow/example_dags/tutorial_dag.py
[2024-10-13T09:28:43.105+0000] {processor.py:799} INFO - Processing file /home/airflow/.local/lib/python3.7/site-packages/airflow/example_dags/tutorial_dag.py for tasks to queue
[2024-10-13T09:28:43.106+0000] {logging_mixin.py:149} INFO - [2024-10-13T09:28:43.106+0000] {dagbag.py:541} INFO - Filling up the DagBag from /home/airflow/.local/lib/python3.7/site-packages/airflow/example_dags/tutorial_dag.py
[2024-10-13T09:28:43.112+0000] {processor.py:809} INFO - DAG(s) dict_keys(['tutorial_dag']) retrieved from /home/airflow/.local/lib/python3.7/site-packages/airflow/example_dags/tutorial_dag.py
[2024-10-13T09:28:43.142+0000] {logging_mixin.py:149} INFO - [2024-10-13T09:28:43.142+0000] {dag.py:2726} INFO - Sync 1 DAGs
[2024-10-13T09:28:43.173+0000] {logging_mixin.py:149} INFO - [2024-10-13T09:28:43.173+0000] {dag.py:3490} INFO - Setting next_dagrun for tutorial_dag to None, run_after=None
[2024-10-13T09:28:43.194+0000] {processor.py:178} INFO - Processing /home/airflow/.local/lib/python3.7/site-packages/airflow/example_dags/tutorial_dag.py took 0.093 seconds
[2024-10-13T09:29:13.419+0000] {processor.py:156} INFO - Started process (PID=317) to work on /home/airflow/.local/lib/python3.7/site-packages/airflow/example_dags/tutorial_dag.py
[2024-10-13T09:29:13.422+0000] {processor.py:799} INFO - Processing file /home/airflow/.local/lib/python3.7/site-packages/airflow/example_dags/tutorial_dag.py for tasks to queue
[2024-10-13T09:29:13.423+0000] {logging_mixin.py:149} INFO - [2024-10-13T09:29:13.422+0000] {dagbag.py:541} INFO - Filling up the DagBag from /home/airflow/.local/lib/python3.7/site-packages/airflow/example_dags/tutorial_dag.py
[2024-10-13T09:29:13.428+0000] {processor.py:809} INFO - DAG(s) dict_keys(['tutorial_dag']) retrieved from /home/airflow/.local/lib/python3.7/site-packages/airflow/example_dags/tutorial_dag.py
[2024-10-13T09:29:13.459+0000] {logging_mixin.py:149} INFO - [2024-10-13T09:29:13.458+0000] {dag.py:2726} INFO - Sync 1 DAGs
[2024-10-13T09:29:13.490+0000] {logging_mixin.py:149} INFO - [2024-10-13T09:29:13.490+0000] {dag.py:3490} INFO - Setting next_dagrun for tutorial_dag to None, run_after=None
[2024-10-13T09:29:13.512+0000] {processor.py:178} INFO - Processing /home/airflow/.local/lib/python3.7/site-packages/airflow/example_dags/tutorial_dag.py took 0.098 seconds
[2024-10-13T09:29:44.037+0000] {processor.py:156} INFO - Started process (PID=378) to work on /home/airflow/.local/lib/python3.7/site-packages/airflow/example_dags/tutorial_dag.py
[2024-10-13T09:29:44.038+0000] {processor.py:799} INFO - Processing file /home/airflow/.local/lib/python3.7/site-packages/airflow/example_dags/tutorial_dag.py for tasks to queue
[2024-10-13T09:29:44.039+0000] {logging_mixin.py:149} INFO - [2024-10-13T09:29:44.038+0000] {dagbag.py:541} INFO - Filling up the DagBag from /home/airflow/.local/lib/python3.7/site-packages/airflow/example_dags/tutorial_dag.py
[2024-10-13T09:29:44.044+0000] {processor.py:809} INFO - DAG(s) dict_keys(['tutorial_dag']) retrieved from /home/airflow/.local/lib/python3.7/site-packages/airflow/example_dags/tutorial_dag.py
[2024-10-13T09:29:44.075+0000] {logging_mixin.py:149} INFO - [2024-10-13T09:29:44.075+0000] {dag.py:2726} INFO - Sync 1 DAGs
[2024-10-13T09:29:44.109+0000] {logging_mixin.py:149} INFO - [2024-10-13T09:29:44.109+0000] {dag.py:3490} INFO - Setting next_dagrun for tutorial_dag to None, run_after=None
[2024-10-13T09:29:44.129+0000] {processor.py:178} INFO - Processing /home/airflow/.local/lib/python3.7/site-packages/airflow/example_dags/tutorial_dag.py took 0.096 seconds
[2024-10-13T09:30:15.401+0000] {processor.py:156} INFO - Started process (PID=439) to work on /home/airflow/.local/lib/python3.7/site-packages/airflow/example_dags/tutorial_dag.py
[2024-10-13T09:30:15.402+0000] {processor.py:799} INFO - Processing file /home/airflow/.local/lib/python3.7/site-packages/airflow/example_dags/tutorial_dag.py for tasks to queue
[2024-10-13T09:30:15.403+0000] {logging_mixin.py:149} INFO - [2024-10-13T09:30:15.403+0000] {dagbag.py:541} INFO - Filling up the DagBag from /home/airflow/.local/lib/python3.7/site-packages/airflow/example_dags/tutorial_dag.py
[2024-10-13T09:30:15.411+0000] {processor.py:809} INFO - DAG(s) dict_keys(['tutorial_dag']) retrieved from /home/airflow/.local/lib/python3.7/site-packages/airflow/example_dags/tutorial_dag.py
[2024-10-13T09:30:15.454+0000] {logging_mixin.py:149} INFO - [2024-10-13T09:30:15.454+0000] {dag.py:2726} INFO - Sync 1 DAGs
[2024-10-13T09:30:15.532+0000] {logging_mixin.py:149} INFO - [2024-10-13T09:30:15.532+0000] {dag.py:3490} INFO - Setting next_dagrun for tutorial_dag to None, run_after=None
[2024-10-13T09:30:15.567+0000] {processor.py:178} INFO - Processing /home/airflow/.local/lib/python3.7/site-packages/airflow/example_dags/tutorial_dag.py took 0.170 seconds
[2024-10-13T09:30:45.831+0000] {processor.py:156} INFO - Started process (PID=500) to work on /home/airflow/.local/lib/python3.7/site-packages/airflow/example_dags/tutorial_dag.py
[2024-10-13T09:30:45.832+0000] {processor.py:799} INFO - Processing file /home/airflow/.local/lib/python3.7/site-packages/airflow/example_dags/tutorial_dag.py for tasks to queue
[2024-10-13T09:30:45.833+0000] {logging_mixin.py:149} INFO - [2024-10-13T09:30:45.833+0000] {dagbag.py:541} INFO - Filling up the DagBag from /home/airflow/.local/lib/python3.7/site-packages/airflow/example_dags/tutorial_dag.py
[2024-10-13T09:30:45.839+0000] {processor.py:809} INFO - DAG(s) dict_keys(['tutorial_dag']) retrieved from /home/airflow/.local/lib/python3.7/site-packages/airflow/example_dags/tutorial_dag.py
[2024-10-13T09:30:45.873+0000] {logging_mixin.py:149} INFO - [2024-10-13T09:30:45.873+0000] {dag.py:2726} INFO - Sync 1 DAGs
[2024-10-13T09:30:45.916+0000] {logging_mixin.py:149} INFO - [2024-10-13T09:30:45.916+0000] {dag.py:3490} INFO - Setting next_dagrun for tutorial_dag to None, run_after=None
[2024-10-13T09:30:45.949+0000] {processor.py:178} INFO - Processing /home/airflow/.local/lib/python3.7/site-packages/airflow/example_dags/tutorial_dag.py took 0.122 seconds
[2024-10-13T09:31:16.515+0000] {processor.py:156} INFO - Started process (PID=561) to work on /home/airflow/.local/lib/python3.7/site-packages/airflow/example_dags/tutorial_dag.py
[2024-10-13T09:31:16.517+0000] {processor.py:799} INFO - Processing file /home/airflow/.local/lib/python3.7/site-packages/airflow/example_dags/tutorial_dag.py for tasks to queue
[2024-10-13T09:31:16.518+0000] {logging_mixin.py:149} INFO - [2024-10-13T09:31:16.518+0000] {dagbag.py:541} INFO - Filling up the DagBag from /home/airflow/.local/lib/python3.7/site-packages/airflow/example_dags/tutorial_dag.py
[2024-10-13T09:31:16.525+0000] {processor.py:809} INFO - DAG(s) dict_keys(['tutorial_dag']) retrieved from /home/airflow/.local/lib/python3.7/site-packages/airflow/example_dags/tutorial_dag.py
[2024-10-13T09:31:16.557+0000] {logging_mixin.py:149} INFO - [2024-10-13T09:31:16.557+0000] {dag.py:2726} INFO - Sync 1 DAGs
[2024-10-13T09:31:16.591+0000] {logging_mixin.py:149} INFO - [2024-10-13T09:31:16.591+0000] {dag.py:3490} INFO - Setting next_dagrun for tutorial_dag to None, run_after=None
[2024-10-13T09:31:16.619+0000] {processor.py:178} INFO - Processing /home/airflow/.local/lib/python3.7/site-packages/airflow/example_dags/tutorial_dag.py took 0.107 seconds
[2024-10-13T09:31:46.812+0000] {processor.py:156} INFO - Started process (PID=622) to work on /home/airflow/.local/lib/python3.7/site-packages/airflow/example_dags/tutorial_dag.py
[2024-10-13T09:31:46.813+0000] {processor.py:799} INFO - Processing file /home/airflow/.local/lib/python3.7/site-packages/airflow/example_dags/tutorial_dag.py for tasks to queue
[2024-10-13T09:31:46.814+0000] {logging_mixin.py:149} INFO - [2024-10-13T09:31:46.814+0000] {dagbag.py:541} INFO - Filling up the DagBag from /home/airflow/.local/lib/python3.7/site-packages/airflow/example_dags/tutorial_dag.py
[2024-10-13T09:31:46.819+0000] {processor.py:809} INFO - DAG(s) dict_keys(['tutorial_dag']) retrieved from /home/airflow/.local/lib/python3.7/site-packages/airflow/example_dags/tutorial_dag.py
[2024-10-13T09:31:46.847+0000] {logging_mixin.py:149} INFO - [2024-10-13T09:31:46.847+0000] {dag.py:2726} INFO - Sync 1 DAGs
[2024-10-13T09:31:46.877+0000] {logging_mixin.py:149} INFO - [2024-10-13T09:31:46.877+0000] {dag.py:3490} INFO - Setting next_dagrun for tutorial_dag to None, run_after=None
[2024-10-13T09:31:46.899+0000] {processor.py:178} INFO - Processing /home/airflow/.local/lib/python3.7/site-packages/airflow/example_dags/tutorial_dag.py took 0.090 seconds
[2024-10-13T09:32:17.161+0000] {processor.py:156} INFO - Started process (PID=683) to work on /home/airflow/.local/lib/python3.7/site-packages/airflow/example_dags/tutorial_dag.py
[2024-10-13T09:32:17.161+0000] {processor.py:799} INFO - Processing file /home/airflow/.local/lib/python3.7/site-packages/airflow/example_dags/tutorial_dag.py for tasks to queue
[2024-10-13T09:32:17.162+0000] {logging_mixin.py:149} INFO - [2024-10-13T09:32:17.162+0000] {dagbag.py:541} INFO - Filling up the DagBag from /home/airflow/.local/lib/python3.7/site-packages/airflow/example_dags/tutorial_dag.py
[2024-10-13T09:32:17.169+0000] {processor.py:809} INFO - DAG(s) dict_keys(['tutorial_dag']) retrieved from /home/airflow/.local/lib/python3.7/site-packages/airflow/example_dags/tutorial_dag.py
[2024-10-13T09:32:17.197+0000] {logging_mixin.py:149} INFO - [2024-10-13T09:32:17.197+0000] {dag.py:2726} INFO - Sync 1 DAGs
[2024-10-13T09:32:17.226+0000] {logging_mixin.py:149} INFO - [2024-10-13T09:32:17.225+0000] {dag.py:3490} INFO - Setting next_dagrun for tutorial_dag to None, run_after=None
[2024-10-13T09:32:17.247+0000] {processor.py:178} INFO - Processing /home/airflow/.local/lib/python3.7/site-packages/airflow/example_dags/tutorial_dag.py took 0.090 seconds
[2024-10-13T09:32:47.470+0000] {processor.py:156} INFO - Started process (PID=744) to work on /home/airflow/.local/lib/python3.7/site-packages/airflow/example_dags/tutorial_dag.py
[2024-10-13T09:32:47.471+0000] {processor.py:799} INFO - Processing file /home/airflow/.local/lib/python3.7/site-packages/airflow/example_dags/tutorial_dag.py for tasks to queue
[2024-10-13T09:32:47.471+0000] {logging_mixin.py:149} INFO - [2024-10-13T09:32:47.471+0000] {dagbag.py:541} INFO - Filling up the DagBag from /home/airflow/.local/lib/python3.7/site-packages/airflow/example_dags/tutorial_dag.py
[2024-10-13T09:32:47.477+0000] {processor.py:809} INFO - DAG(s) dict_keys(['tutorial_dag']) retrieved from /home/airflow/.local/lib/python3.7/site-packages/airflow/example_dags/tutorial_dag.py
[2024-10-13T09:32:47.508+0000] {logging_mixin.py:149} INFO - [2024-10-13T09:32:47.508+0000] {dag.py:2726} INFO - Sync 1 DAGs
[2024-10-13T09:32:47.546+0000] {logging_mixin.py:149} INFO - [2024-10-13T09:32:47.546+0000] {dag.py:3490} INFO - Setting next_dagrun for tutorial_dag to None, run_after=None
[2024-10-13T09:32:47.567+0000] {processor.py:178} INFO - Processing /home/airflow/.local/lib/python3.7/site-packages/airflow/example_dags/tutorial_dag.py took 0.101 seconds
[2024-10-13T09:33:18.445+0000] {processor.py:156} INFO - Started process (PID=805) to work on /home/airflow/.local/lib/python3.7/site-packages/airflow/example_dags/tutorial_dag.py
[2024-10-13T09:33:18.446+0000] {processor.py:799} INFO - Processing file /home/airflow/.local/lib/python3.7/site-packages/airflow/example_dags/tutorial_dag.py for tasks to queue
[2024-10-13T09:33:18.447+0000] {logging_mixin.py:149} INFO - [2024-10-13T09:33:18.447+0000] {dagbag.py:541} INFO - Filling up the DagBag from /home/airflow/.local/lib/python3.7/site-packages/airflow/example_dags/tutorial_dag.py
[2024-10-13T09:33:18.456+0000] {processor.py:809} INFO - DAG(s) dict_keys(['tutorial_dag']) retrieved from /home/airflow/.local/lib/python3.7/site-packages/airflow/example_dags/tutorial_dag.py
[2024-10-13T09:33:18.498+0000] {logging_mixin.py:149} INFO - [2024-10-13T09:33:18.498+0000] {dag.py:2726} INFO - Sync 1 DAGs
[2024-10-13T09:33:18.542+0000] {logging_mixin.py:149} INFO - [2024-10-13T09:33:18.542+0000] {dag.py:3490} INFO - Setting next_dagrun for tutorial_dag to None, run_after=None
[2024-10-13T09:33:18.568+0000] {processor.py:178} INFO - Processing /home/airflow/.local/lib/python3.7/site-packages/airflow/example_dags/tutorial_dag.py took 0.128 seconds
[2024-10-13T09:33:49.192+0000] {processor.py:156} INFO - Started process (PID=867) to work on /home/airflow/.local/lib/python3.7/site-packages/airflow/example_dags/tutorial_dag.py
[2024-10-13T09:33:49.193+0000] {processor.py:799} INFO - Processing file /home/airflow/.local/lib/python3.7/site-packages/airflow/example_dags/tutorial_dag.py for tasks to queue
[2024-10-13T09:33:49.194+0000] {logging_mixin.py:149} INFO - [2024-10-13T09:33:49.194+0000] {dagbag.py:541} INFO - Filling up the DagBag from /home/airflow/.local/lib/python3.7/site-packages/airflow/example_dags/tutorial_dag.py
[2024-10-13T09:33:49.200+0000] {processor.py:809} INFO - DAG(s) dict_keys(['tutorial_dag']) retrieved from /home/airflow/.local/lib/python3.7/site-packages/airflow/example_dags/tutorial_dag.py
[2024-10-13T09:33:49.228+0000] {logging_mixin.py:149} INFO - [2024-10-13T09:33:49.228+0000] {dag.py:2726} INFO - Sync 1 DAGs
[2024-10-13T09:33:49.261+0000] {logging_mixin.py:149} INFO - [2024-10-13T09:33:49.260+0000] {dag.py:3490} INFO - Setting next_dagrun for tutorial_dag to None, run_after=None
[2024-10-13T09:33:49.284+0000] {processor.py:178} INFO - Processing /home/airflow/.local/lib/python3.7/site-packages/airflow/example_dags/tutorial_dag.py took 0.096 seconds
[2024-10-13T09:34:19.829+0000] {processor.py:156} INFO - Started process (PID=928) to work on /home/airflow/.local/lib/python3.7/site-packages/airflow/example_dags/tutorial_dag.py
[2024-10-13T09:34:19.830+0000] {processor.py:799} INFO - Processing file /home/airflow/.local/lib/python3.7/site-packages/airflow/example_dags/tutorial_dag.py for tasks to queue
[2024-10-13T09:34:19.831+0000] {logging_mixin.py:149} INFO - [2024-10-13T09:34:19.831+0000] {dagbag.py:541} INFO - Filling up the DagBag from /home/airflow/.local/lib/python3.7/site-packages/airflow/example_dags/tutorial_dag.py
[2024-10-13T09:34:19.836+0000] {processor.py:809} INFO - DAG(s) dict_keys(['tutorial_dag']) retrieved from /home/airflow/.local/lib/python3.7/site-packages/airflow/example_dags/tutorial_dag.py
[2024-10-13T09:34:19.865+0000] {logging_mixin.py:149} INFO - [2024-10-13T09:34:19.865+0000] {dag.py:2726} INFO - Sync 1 DAGs
[2024-10-13T09:34:19.896+0000] {logging_mixin.py:149} INFO - [2024-10-13T09:34:19.896+0000] {dag.py:3490} INFO - Setting next_dagrun for tutorial_dag to None, run_after=None
[2024-10-13T09:34:19.917+0000] {processor.py:178} INFO - Processing /home/airflow/.local/lib/python3.7/site-packages/airflow/example_dags/tutorial_dag.py took 0.092 seconds
[2024-10-13T09:34:50.236+0000] {processor.py:156} INFO - Started process (PID=989) to work on /home/airflow/.local/lib/python3.7/site-packages/airflow/example_dags/tutorial_dag.py
[2024-10-13T09:34:50.237+0000] {processor.py:799} INFO - Processing file /home/airflow/.local/lib/python3.7/site-packages/airflow/example_dags/tutorial_dag.py for tasks to queue
[2024-10-13T09:34:50.238+0000] {logging_mixin.py:149} INFO - [2024-10-13T09:34:50.238+0000] {dagbag.py:541} INFO - Filling up the DagBag from /home/airflow/.local/lib/python3.7/site-packages/airflow/example_dags/tutorial_dag.py
[2024-10-13T09:34:50.244+0000] {processor.py:809} INFO - DAG(s) dict_keys(['tutorial_dag']) retrieved from /home/airflow/.local/lib/python3.7/site-packages/airflow/example_dags/tutorial_dag.py
[2024-10-13T09:34:50.279+0000] {logging_mixin.py:149} INFO - [2024-10-13T09:34:50.278+0000] {dag.py:2726} INFO - Sync 1 DAGs
[2024-10-13T09:34:50.310+0000] {logging_mixin.py:149} INFO - [2024-10-13T09:34:50.310+0000] {dag.py:3490} INFO - Setting next_dagrun for tutorial_dag to None, run_after=None
[2024-10-13T09:34:50.330+0000] {processor.py:178} INFO - Processing /home/airflow/.local/lib/python3.7/site-packages/airflow/example_dags/tutorial_dag.py took 0.098 seconds
[2024-10-13T09:35:20.676+0000] {processor.py:156} INFO - Started process (PID=1059) to work on /home/airflow/.local/lib/python3.7/site-packages/airflow/example_dags/tutorial_dag.py
[2024-10-13T09:35:20.677+0000] {processor.py:799} INFO - Processing file /home/airflow/.local/lib/python3.7/site-packages/airflow/example_dags/tutorial_dag.py for tasks to queue
[2024-10-13T09:35:20.678+0000] {logging_mixin.py:149} INFO - [2024-10-13T09:35:20.678+0000] {dagbag.py:541} INFO - Filling up the DagBag from /home/airflow/.local/lib/python3.7/site-packages/airflow/example_dags/tutorial_dag.py
[2024-10-13T09:35:20.683+0000] {processor.py:809} INFO - DAG(s) dict_keys(['tutorial_dag']) retrieved from /home/airflow/.local/lib/python3.7/site-packages/airflow/example_dags/tutorial_dag.py
[2024-10-13T09:35:20.717+0000] {logging_mixin.py:149} INFO - [2024-10-13T09:35:20.717+0000] {dag.py:2726} INFO - Sync 1 DAGs
[2024-10-13T09:35:20.757+0000] {logging_mixin.py:149} INFO - [2024-10-13T09:35:20.757+0000] {dag.py:3490} INFO - Setting next_dagrun for tutorial_dag to None, run_after=None
[2024-10-13T09:35:20.777+0000] {processor.py:178} INFO - Processing /home/airflow/.local/lib/python3.7/site-packages/airflow/example_dags/tutorial_dag.py took 0.105 seconds
[2024-10-13T09:35:51.078+0000] {processor.py:156} INFO - Started process (PID=1120) to work on /home/airflow/.local/lib/python3.7/site-packages/airflow/example_dags/tutorial_dag.py
[2024-10-13T09:35:51.079+0000] {processor.py:799} INFO - Processing file /home/airflow/.local/lib/python3.7/site-packages/airflow/example_dags/tutorial_dag.py for tasks to queue
[2024-10-13T09:35:51.080+0000] {logging_mixin.py:149} INFO - [2024-10-13T09:35:51.079+0000] {dagbag.py:541} INFO - Filling up the DagBag from /home/airflow/.local/lib/python3.7/site-packages/airflow/example_dags/tutorial_dag.py
[2024-10-13T09:35:51.085+0000] {processor.py:809} INFO - DAG(s) dict_keys(['tutorial_dag']) retrieved from /home/airflow/.local/lib/python3.7/site-packages/airflow/example_dags/tutorial_dag.py
[2024-10-13T09:35:51.114+0000] {logging_mixin.py:149} INFO - [2024-10-13T09:35:51.114+0000] {dag.py:2726} INFO - Sync 1 DAGs
[2024-10-13T09:35:51.144+0000] {logging_mixin.py:149} INFO - [2024-10-13T09:35:51.144+0000] {dag.py:3490} INFO - Setting next_dagrun for tutorial_dag to None, run_after=None
[2024-10-13T09:35:51.164+0000] {processor.py:178} INFO - Processing /home/airflow/.local/lib/python3.7/site-packages/airflow/example_dags/tutorial_dag.py took 0.091 seconds
[2024-10-13T09:36:21.690+0000] {processor.py:156} INFO - Started process (PID=1182) to work on /home/airflow/.local/lib/python3.7/site-packages/airflow/example_dags/tutorial_dag.py
[2024-10-13T09:36:21.691+0000] {processor.py:799} INFO - Processing file /home/airflow/.local/lib/python3.7/site-packages/airflow/example_dags/tutorial_dag.py for tasks to queue
[2024-10-13T09:36:21.692+0000] {logging_mixin.py:149} INFO - [2024-10-13T09:36:21.692+0000] {dagbag.py:541} INFO - Filling up the DagBag from /home/airflow/.local/lib/python3.7/site-packages/airflow/example_dags/tutorial_dag.py
[2024-10-13T09:36:21.699+0000] {processor.py:809} INFO - DAG(s) dict_keys(['tutorial_dag']) retrieved from /home/airflow/.local/lib/python3.7/site-packages/airflow/example_dags/tutorial_dag.py
[2024-10-13T09:36:21.740+0000] {logging_mixin.py:149} INFO - [2024-10-13T09:36:21.740+0000] {dag.py:2726} INFO - Sync 1 DAGs
[2024-10-13T09:36:21.792+0000] {logging_mixin.py:149} INFO - [2024-10-13T09:36:21.792+0000] {dag.py:3490} INFO - Setting next_dagrun for tutorial_dag to None, run_after=None
[2024-10-13T09:36:21.821+0000] {processor.py:178} INFO - Processing /home/airflow/.local/lib/python3.7/site-packages/airflow/example_dags/tutorial_dag.py took 0.136 seconds
[2024-10-13T09:36:51.928+0000] {processor.py:156} INFO - Started process (PID=1243) to work on /home/airflow/.local/lib/python3.7/site-packages/airflow/example_dags/tutorial_dag.py
[2024-10-13T09:36:51.929+0000] {processor.py:799} INFO - Processing file /home/airflow/.local/lib/python3.7/site-packages/airflow/example_dags/tutorial_dag.py for tasks to queue
[2024-10-13T09:36:51.930+0000] {logging_mixin.py:149} INFO - [2024-10-13T09:36:51.929+0000] {dagbag.py:541} INFO - Filling up the DagBag from /home/airflow/.local/lib/python3.7/site-packages/airflow/example_dags/tutorial_dag.py
[2024-10-13T09:36:51.935+0000] {processor.py:809} INFO - DAG(s) dict_keys(['tutorial_dag']) retrieved from /home/airflow/.local/lib/python3.7/site-packages/airflow/example_dags/tutorial_dag.py
[2024-10-13T09:36:51.962+0000] {logging_mixin.py:149} INFO - [2024-10-13T09:36:51.962+0000] {dag.py:2726} INFO - Sync 1 DAGs
[2024-10-13T09:36:51.989+0000] {logging_mixin.py:149} INFO - [2024-10-13T09:36:51.989+0000] {dag.py:3490} INFO - Setting next_dagrun for tutorial_dag to None, run_after=None
[2024-10-13T09:36:52.013+0000] {processor.py:178} INFO - Processing /home/airflow/.local/lib/python3.7/site-packages/airflow/example_dags/tutorial_dag.py took 0.088 seconds
[2024-10-13T09:37:22.171+0000] {processor.py:156} INFO - Started process (PID=1305) to work on /home/airflow/.local/lib/python3.7/site-packages/airflow/example_dags/tutorial_dag.py
[2024-10-13T09:37:22.172+0000] {processor.py:799} INFO - Processing file /home/airflow/.local/lib/python3.7/site-packages/airflow/example_dags/tutorial_dag.py for tasks to queue
[2024-10-13T09:37:22.173+0000] {logging_mixin.py:149} INFO - [2024-10-13T09:37:22.173+0000] {dagbag.py:541} INFO - Filling up the DagBag from /home/airflow/.local/lib/python3.7/site-packages/airflow/example_dags/tutorial_dag.py
[2024-10-13T09:37:22.179+0000] {processor.py:809} INFO - DAG(s) dict_keys(['tutorial_dag']) retrieved from /home/airflow/.local/lib/python3.7/site-packages/airflow/example_dags/tutorial_dag.py
[2024-10-13T09:37:22.214+0000] {logging_mixin.py:149} INFO - [2024-10-13T09:37:22.214+0000] {dag.py:2726} INFO - Sync 1 DAGs
[2024-10-13T09:37:22.248+0000] {logging_mixin.py:149} INFO - [2024-10-13T09:37:22.248+0000] {dag.py:3490} INFO - Setting next_dagrun for tutorial_dag to None, run_after=None
[2024-10-13T09:37:22.270+0000] {processor.py:178} INFO - Processing /home/airflow/.local/lib/python3.7/site-packages/airflow/example_dags/tutorial_dag.py took 0.103 seconds
[2024-10-13T09:37:52.702+0000] {processor.py:156} INFO - Started process (PID=1365) to work on /home/airflow/.local/lib/python3.7/site-packages/airflow/example_dags/tutorial_dag.py
[2024-10-13T09:37:52.703+0000] {processor.py:799} INFO - Processing file /home/airflow/.local/lib/python3.7/site-packages/airflow/example_dags/tutorial_dag.py for tasks to queue
[2024-10-13T09:37:52.704+0000] {logging_mixin.py:149} INFO - [2024-10-13T09:37:52.704+0000] {dagbag.py:541} INFO - Filling up the DagBag from /home/airflow/.local/lib/python3.7/site-packages/airflow/example_dags/tutorial_dag.py
[2024-10-13T09:37:52.710+0000] {processor.py:809} INFO - DAG(s) dict_keys(['tutorial_dag']) retrieved from /home/airflow/.local/lib/python3.7/site-packages/airflow/example_dags/tutorial_dag.py
[2024-10-13T09:37:52.737+0000] {logging_mixin.py:149} INFO - [2024-10-13T09:37:52.737+0000] {dag.py:2726} INFO - Sync 1 DAGs
[2024-10-13T09:37:52.778+0000] {logging_mixin.py:149} INFO - [2024-10-13T09:37:52.778+0000] {dag.py:3490} INFO - Setting next_dagrun for tutorial_dag to None, run_after=None
[2024-10-13T09:37:52.799+0000] {processor.py:178} INFO - Processing /home/airflow/.local/lib/python3.7/site-packages/airflow/example_dags/tutorial_dag.py took 0.100 seconds
[2024-10-13T09:38:23.550+0000] {processor.py:156} INFO - Started process (PID=1426) to work on /home/airflow/.local/lib/python3.7/site-packages/airflow/example_dags/tutorial_dag.py
[2024-10-13T09:38:23.551+0000] {processor.py:799} INFO - Processing file /home/airflow/.local/lib/python3.7/site-packages/airflow/example_dags/tutorial_dag.py for tasks to queue
[2024-10-13T09:38:23.552+0000] {logging_mixin.py:149} INFO - [2024-10-13T09:38:23.552+0000] {dagbag.py:541} INFO - Filling up the DagBag from /home/airflow/.local/lib/python3.7/site-packages/airflow/example_dags/tutorial_dag.py
[2024-10-13T09:38:23.558+0000] {processor.py:809} INFO - DAG(s) dict_keys(['tutorial_dag']) retrieved from /home/airflow/.local/lib/python3.7/site-packages/airflow/example_dags/tutorial_dag.py
[2024-10-13T09:38:23.586+0000] {logging_mixin.py:149} INFO - [2024-10-13T09:38:23.586+0000] {dag.py:2726} INFO - Sync 1 DAGs
[2024-10-13T09:38:23.615+0000] {logging_mixin.py:149} INFO - [2024-10-13T09:38:23.615+0000] {dag.py:3490} INFO - Setting next_dagrun for tutorial_dag to None, run_after=None
[2024-10-13T09:38:23.634+0000] {processor.py:178} INFO - Processing /home/airflow/.local/lib/python3.7/site-packages/airflow/example_dags/tutorial_dag.py took 0.087 seconds
[2024-10-13T09:38:54.207+0000] {processor.py:156} INFO - Started process (PID=1487) to work on /home/airflow/.local/lib/python3.7/site-packages/airflow/example_dags/tutorial_dag.py
[2024-10-13T09:38:54.208+0000] {processor.py:799} INFO - Processing file /home/airflow/.local/lib/python3.7/site-packages/airflow/example_dags/tutorial_dag.py for tasks to queue
[2024-10-13T09:38:54.209+0000] {logging_mixin.py:149} INFO - [2024-10-13T09:38:54.209+0000] {dagbag.py:541} INFO - Filling up the DagBag from /home/airflow/.local/lib/python3.7/site-packages/airflow/example_dags/tutorial_dag.py
[2024-10-13T09:38:54.214+0000] {processor.py:809} INFO - DAG(s) dict_keys(['tutorial_dag']) retrieved from /home/airflow/.local/lib/python3.7/site-packages/airflow/example_dags/tutorial_dag.py
[2024-10-13T09:38:54.242+0000] {logging_mixin.py:149} INFO - [2024-10-13T09:38:54.242+0000] {dag.py:2726} INFO - Sync 1 DAGs
[2024-10-13T09:38:54.272+0000] {logging_mixin.py:149} INFO - [2024-10-13T09:38:54.272+0000] {dag.py:3490} INFO - Setting next_dagrun for tutorial_dag to None, run_after=None
[2024-10-13T09:38:54.293+0000] {processor.py:178} INFO - Processing /home/airflow/.local/lib/python3.7/site-packages/airflow/example_dags/tutorial_dag.py took 0.089 seconds
[2024-10-13T09:39:24.788+0000] {processor.py:156} INFO - Started process (PID=1548) to work on /home/airflow/.local/lib/python3.7/site-packages/airflow/example_dags/tutorial_dag.py
[2024-10-13T09:39:24.789+0000] {processor.py:799} INFO - Processing file /home/airflow/.local/lib/python3.7/site-packages/airflow/example_dags/tutorial_dag.py for tasks to queue
[2024-10-13T09:39:24.789+0000] {logging_mixin.py:149} INFO - [2024-10-13T09:39:24.789+0000] {dagbag.py:541} INFO - Filling up the DagBag from /home/airflow/.local/lib/python3.7/site-packages/airflow/example_dags/tutorial_dag.py
[2024-10-13T09:39:24.795+0000] {processor.py:809} INFO - DAG(s) dict_keys(['tutorial_dag']) retrieved from /home/airflow/.local/lib/python3.7/site-packages/airflow/example_dags/tutorial_dag.py
[2024-10-13T09:39:24.820+0000] {logging_mixin.py:149} INFO - [2024-10-13T09:39:24.820+0000] {dag.py:2726} INFO - Sync 1 DAGs
[2024-10-13T09:39:24.847+0000] {logging_mixin.py:149} INFO - [2024-10-13T09:39:24.847+0000] {dag.py:3490} INFO - Setting next_dagrun for tutorial_dag to None, run_after=None
[2024-10-13T09:39:24.865+0000] {processor.py:178} INFO - Processing /home/airflow/.local/lib/python3.7/site-packages/airflow/example_dags/tutorial_dag.py took 0.080 seconds
[2024-10-13T09:39:55.153+0000] {processor.py:156} INFO - Started process (PID=1609) to work on /home/airflow/.local/lib/python3.7/site-packages/airflow/example_dags/tutorial_dag.py
[2024-10-13T09:39:55.153+0000] {processor.py:799} INFO - Processing file /home/airflow/.local/lib/python3.7/site-packages/airflow/example_dags/tutorial_dag.py for tasks to queue
[2024-10-13T09:39:55.154+0000] {logging_mixin.py:149} INFO - [2024-10-13T09:39:55.154+0000] {dagbag.py:541} INFO - Filling up the DagBag from /home/airflow/.local/lib/python3.7/site-packages/airflow/example_dags/tutorial_dag.py
[2024-10-13T09:39:55.159+0000] {processor.py:809} INFO - DAG(s) dict_keys(['tutorial_dag']) retrieved from /home/airflow/.local/lib/python3.7/site-packages/airflow/example_dags/tutorial_dag.py
[2024-10-13T09:39:55.186+0000] {logging_mixin.py:149} INFO - [2024-10-13T09:39:55.186+0000] {dag.py:2726} INFO - Sync 1 DAGs
[2024-10-13T09:39:55.214+0000] {logging_mixin.py:149} INFO - [2024-10-13T09:39:55.214+0000] {dag.py:3490} INFO - Setting next_dagrun for tutorial_dag to None, run_after=None
[2024-10-13T09:39:55.233+0000] {processor.py:178} INFO - Processing /home/airflow/.local/lib/python3.7/site-packages/airflow/example_dags/tutorial_dag.py took 0.084 seconds
[2024-10-13T09:40:25.451+0000] {processor.py:156} INFO - Started process (PID=1670) to work on /home/airflow/.local/lib/python3.7/site-packages/airflow/example_dags/tutorial_dag.py
[2024-10-13T09:40:25.452+0000] {processor.py:799} INFO - Processing file /home/airflow/.local/lib/python3.7/site-packages/airflow/example_dags/tutorial_dag.py for tasks to queue
[2024-10-13T09:40:25.453+0000] {logging_mixin.py:149} INFO - [2024-10-13T09:40:25.452+0000] {dagbag.py:541} INFO - Filling up the DagBag from /home/airflow/.local/lib/python3.7/site-packages/airflow/example_dags/tutorial_dag.py
[2024-10-13T09:40:25.458+0000] {processor.py:809} INFO - DAG(s) dict_keys(['tutorial_dag']) retrieved from /home/airflow/.local/lib/python3.7/site-packages/airflow/example_dags/tutorial_dag.py
[2024-10-13T09:40:25.485+0000] {logging_mixin.py:149} INFO - [2024-10-13T09:40:25.485+0000] {dag.py:2726} INFO - Sync 1 DAGs
[2024-10-13T09:40:25.514+0000] {logging_mixin.py:149} INFO - [2024-10-13T09:40:25.513+0000] {dag.py:3490} INFO - Setting next_dagrun for tutorial_dag to None, run_after=None
[2024-10-13T09:40:25.532+0000] {processor.py:178} INFO - Processing /home/airflow/.local/lib/python3.7/site-packages/airflow/example_dags/tutorial_dag.py took 0.085 seconds
[2024-10-13T09:40:55.898+0000] {processor.py:156} INFO - Started process (PID=1731) to work on /home/airflow/.local/lib/python3.7/site-packages/airflow/example_dags/tutorial_dag.py
[2024-10-13T09:40:55.899+0000] {processor.py:799} INFO - Processing file /home/airflow/.local/lib/python3.7/site-packages/airflow/example_dags/tutorial_dag.py for tasks to queue
[2024-10-13T09:40:55.900+0000] {logging_mixin.py:149} INFO - [2024-10-13T09:40:55.900+0000] {dagbag.py:541} INFO - Filling up the DagBag from /home/airflow/.local/lib/python3.7/site-packages/airflow/example_dags/tutorial_dag.py
[2024-10-13T09:40:55.905+0000] {processor.py:809} INFO - DAG(s) dict_keys(['tutorial_dag']) retrieved from /home/airflow/.local/lib/python3.7/site-packages/airflow/example_dags/tutorial_dag.py
[2024-10-13T09:40:55.932+0000] {logging_mixin.py:149} INFO - [2024-10-13T09:40:55.932+0000] {dag.py:2726} INFO - Sync 1 DAGs
[2024-10-13T09:40:55.959+0000] {logging_mixin.py:149} INFO - [2024-10-13T09:40:55.959+0000] {dag.py:3490} INFO - Setting next_dagrun for tutorial_dag to None, run_after=None
[2024-10-13T09:40:55.979+0000] {processor.py:178} INFO - Processing /home/airflow/.local/lib/python3.7/site-packages/airflow/example_dags/tutorial_dag.py took 0.084 seconds
[2024-10-13T09:41:26.249+0000] {processor.py:156} INFO - Started process (PID=1792) to work on /home/airflow/.local/lib/python3.7/site-packages/airflow/example_dags/tutorial_dag.py
[2024-10-13T09:41:26.249+0000] {processor.py:799} INFO - Processing file /home/airflow/.local/lib/python3.7/site-packages/airflow/example_dags/tutorial_dag.py for tasks to queue
[2024-10-13T09:41:26.250+0000] {logging_mixin.py:149} INFO - [2024-10-13T09:41:26.250+0000] {dagbag.py:541} INFO - Filling up the DagBag from /home/airflow/.local/lib/python3.7/site-packages/airflow/example_dags/tutorial_dag.py
[2024-10-13T09:41:26.255+0000] {processor.py:809} INFO - DAG(s) dict_keys(['tutorial_dag']) retrieved from /home/airflow/.local/lib/python3.7/site-packages/airflow/example_dags/tutorial_dag.py
[2024-10-13T09:41:26.288+0000] {logging_mixin.py:149} INFO - [2024-10-13T09:41:26.287+0000] {dag.py:2726} INFO - Sync 1 DAGs
[2024-10-13T09:41:26.325+0000] {logging_mixin.py:149} INFO - [2024-10-13T09:41:26.325+0000] {dag.py:3490} INFO - Setting next_dagrun for tutorial_dag to None, run_after=None
[2024-10-13T09:41:26.344+0000] {processor.py:178} INFO - Processing /home/airflow/.local/lib/python3.7/site-packages/airflow/example_dags/tutorial_dag.py took 0.099 seconds
[2024-10-13T09:41:56.946+0000] {processor.py:156} INFO - Started process (PID=1853) to work on /home/airflow/.local/lib/python3.7/site-packages/airflow/example_dags/tutorial_dag.py
[2024-10-13T09:41:56.947+0000] {processor.py:799} INFO - Processing file /home/airflow/.local/lib/python3.7/site-packages/airflow/example_dags/tutorial_dag.py for tasks to queue
[2024-10-13T09:41:56.947+0000] {logging_mixin.py:149} INFO - [2024-10-13T09:41:56.947+0000] {dagbag.py:541} INFO - Filling up the DagBag from /home/airflow/.local/lib/python3.7/site-packages/airflow/example_dags/tutorial_dag.py
[2024-10-13T09:41:56.952+0000] {processor.py:809} INFO - DAG(s) dict_keys(['tutorial_dag']) retrieved from /home/airflow/.local/lib/python3.7/site-packages/airflow/example_dags/tutorial_dag.py
[2024-10-13T09:41:56.979+0000] {logging_mixin.py:149} INFO - [2024-10-13T09:41:56.979+0000] {dag.py:2726} INFO - Sync 1 DAGs
[2024-10-13T09:41:57.006+0000] {logging_mixin.py:149} INFO - [2024-10-13T09:41:57.006+0000] {dag.py:3490} INFO - Setting next_dagrun for tutorial_dag to None, run_after=None
[2024-10-13T09:41:57.025+0000] {processor.py:178} INFO - Processing /home/airflow/.local/lib/python3.7/site-packages/airflow/example_dags/tutorial_dag.py took 0.083 seconds
[2024-10-13T09:42:27.498+0000] {processor.py:156} INFO - Started process (PID=1914) to work on /home/airflow/.local/lib/python3.7/site-packages/airflow/example_dags/tutorial_dag.py
[2024-10-13T09:42:27.499+0000] {processor.py:799} INFO - Processing file /home/airflow/.local/lib/python3.7/site-packages/airflow/example_dags/tutorial_dag.py for tasks to queue
[2024-10-13T09:42:27.500+0000] {logging_mixin.py:149} INFO - [2024-10-13T09:42:27.499+0000] {dagbag.py:541} INFO - Filling up the DagBag from /home/airflow/.local/lib/python3.7/site-packages/airflow/example_dags/tutorial_dag.py
[2024-10-13T09:42:27.505+0000] {processor.py:809} INFO - DAG(s) dict_keys(['tutorial_dag']) retrieved from /home/airflow/.local/lib/python3.7/site-packages/airflow/example_dags/tutorial_dag.py
[2024-10-13T09:42:27.531+0000] {logging_mixin.py:149} INFO - [2024-10-13T09:42:27.531+0000] {dag.py:2726} INFO - Sync 1 DAGs
[2024-10-13T09:42:27.556+0000] {logging_mixin.py:149} INFO - [2024-10-13T09:42:27.556+0000] {dag.py:3490} INFO - Setting next_dagrun for tutorial_dag to None, run_after=None
[2024-10-13T09:42:27.574+0000] {processor.py:178} INFO - Processing /home/airflow/.local/lib/python3.7/site-packages/airflow/example_dags/tutorial_dag.py took 0.080 seconds
[2024-10-13T09:42:57.685+0000] {processor.py:156} INFO - Started process (PID=1975) to work on /home/airflow/.local/lib/python3.7/site-packages/airflow/example_dags/tutorial_dag.py
[2024-10-13T09:42:57.686+0000] {processor.py:799} INFO - Processing file /home/airflow/.local/lib/python3.7/site-packages/airflow/example_dags/tutorial_dag.py for tasks to queue
[2024-10-13T09:42:57.686+0000] {logging_mixin.py:149} INFO - [2024-10-13T09:42:57.686+0000] {dagbag.py:541} INFO - Filling up the DagBag from /home/airflow/.local/lib/python3.7/site-packages/airflow/example_dags/tutorial_dag.py
[2024-10-13T09:42:57.691+0000] {processor.py:809} INFO - DAG(s) dict_keys(['tutorial_dag']) retrieved from /home/airflow/.local/lib/python3.7/site-packages/airflow/example_dags/tutorial_dag.py
[2024-10-13T09:42:57.716+0000] {logging_mixin.py:149} INFO - [2024-10-13T09:42:57.716+0000] {dag.py:2726} INFO - Sync 1 DAGs
[2024-10-13T09:42:57.744+0000] {logging_mixin.py:149} INFO - [2024-10-13T09:42:57.744+0000] {dag.py:3490} INFO - Setting next_dagrun for tutorial_dag to None, run_after=None
[2024-10-13T09:42:57.763+0000] {processor.py:178} INFO - Processing /home/airflow/.local/lib/python3.7/site-packages/airflow/example_dags/tutorial_dag.py took 0.082 seconds
[2024-10-13T09:43:27.867+0000] {processor.py:156} INFO - Started process (PID=2036) to work on /home/airflow/.local/lib/python3.7/site-packages/airflow/example_dags/tutorial_dag.py
[2024-10-13T09:43:27.868+0000] {processor.py:799} INFO - Processing file /home/airflow/.local/lib/python3.7/site-packages/airflow/example_dags/tutorial_dag.py for tasks to queue
[2024-10-13T09:43:27.868+0000] {logging_mixin.py:149} INFO - [2024-10-13T09:43:27.868+0000] {dagbag.py:541} INFO - Filling up the DagBag from /home/airflow/.local/lib/python3.7/site-packages/airflow/example_dags/tutorial_dag.py
[2024-10-13T09:43:27.873+0000] {processor.py:809} INFO - DAG(s) dict_keys(['tutorial_dag']) retrieved from /home/airflow/.local/lib/python3.7/site-packages/airflow/example_dags/tutorial_dag.py
[2024-10-13T09:43:27.901+0000] {logging_mixin.py:149} INFO - [2024-10-13T09:43:27.900+0000] {dag.py:2726} INFO - Sync 1 DAGs
[2024-10-13T09:43:27.933+0000] {logging_mixin.py:149} INFO - [2024-10-13T09:43:27.933+0000] {dag.py:3490} INFO - Setting next_dagrun for tutorial_dag to None, run_after=None
[2024-10-13T09:43:27.953+0000] {processor.py:178} INFO - Processing /home/airflow/.local/lib/python3.7/site-packages/airflow/example_dags/tutorial_dag.py took 0.090 seconds
[2024-10-13T09:43:58.184+0000] {processor.py:156} INFO - Started process (PID=2097) to work on /home/airflow/.local/lib/python3.7/site-packages/airflow/example_dags/tutorial_dag.py
[2024-10-13T09:43:58.185+0000] {processor.py:799} INFO - Processing file /home/airflow/.local/lib/python3.7/site-packages/airflow/example_dags/tutorial_dag.py for tasks to queue
[2024-10-13T09:43:58.185+0000] {logging_mixin.py:149} INFO - [2024-10-13T09:43:58.185+0000] {dagbag.py:541} INFO - Filling up the DagBag from /home/airflow/.local/lib/python3.7/site-packages/airflow/example_dags/tutorial_dag.py
[2024-10-13T09:43:58.190+0000] {processor.py:809} INFO - DAG(s) dict_keys(['tutorial_dag']) retrieved from /home/airflow/.local/lib/python3.7/site-packages/airflow/example_dags/tutorial_dag.py
[2024-10-13T09:43:58.216+0000] {logging_mixin.py:149} INFO - [2024-10-13T09:43:58.216+0000] {dag.py:2726} INFO - Sync 1 DAGs
[2024-10-13T09:43:58.245+0000] {logging_mixin.py:149} INFO - [2024-10-13T09:43:58.245+0000] {dag.py:3490} INFO - Setting next_dagrun for tutorial_dag to None, run_after=None
[2024-10-13T09:43:58.265+0000] {processor.py:178} INFO - Processing /home/airflow/.local/lib/python3.7/site-packages/airflow/example_dags/tutorial_dag.py took 0.085 seconds
[2024-10-13T09:44:28.712+0000] {processor.py:156} INFO - Started process (PID=2158) to work on /home/airflow/.local/lib/python3.7/site-packages/airflow/example_dags/tutorial_dag.py
[2024-10-13T09:44:28.712+0000] {processor.py:799} INFO - Processing file /home/airflow/.local/lib/python3.7/site-packages/airflow/example_dags/tutorial_dag.py for tasks to queue
[2024-10-13T09:44:28.713+0000] {logging_mixin.py:149} INFO - [2024-10-13T09:44:28.713+0000] {dagbag.py:541} INFO - Filling up the DagBag from /home/airflow/.local/lib/python3.7/site-packages/airflow/example_dags/tutorial_dag.py
[2024-10-13T09:44:28.718+0000] {processor.py:809} INFO - DAG(s) dict_keys(['tutorial_dag']) retrieved from /home/airflow/.local/lib/python3.7/site-packages/airflow/example_dags/tutorial_dag.py
[2024-10-13T09:44:28.744+0000] {logging_mixin.py:149} INFO - [2024-10-13T09:44:28.743+0000] {dag.py:2726} INFO - Sync 1 DAGs
[2024-10-13T09:44:28.770+0000] {logging_mixin.py:149} INFO - [2024-10-13T09:44:28.770+0000] {dag.py:3490} INFO - Setting next_dagrun for tutorial_dag to None, run_after=None
[2024-10-13T09:44:28.788+0000] {processor.py:178} INFO - Processing /home/airflow/.local/lib/python3.7/site-packages/airflow/example_dags/tutorial_dag.py took 0.080 seconds
[2024-10-13T09:44:59.046+0000] {processor.py:156} INFO - Started process (PID=2219) to work on /home/airflow/.local/lib/python3.7/site-packages/airflow/example_dags/tutorial_dag.py
[2024-10-13T09:44:59.047+0000] {processor.py:799} INFO - Processing file /home/airflow/.local/lib/python3.7/site-packages/airflow/example_dags/tutorial_dag.py for tasks to queue
[2024-10-13T09:44:59.048+0000] {logging_mixin.py:149} INFO - [2024-10-13T09:44:59.048+0000] {dagbag.py:541} INFO - Filling up the DagBag from /home/airflow/.local/lib/python3.7/site-packages/airflow/example_dags/tutorial_dag.py
[2024-10-13T09:44:59.053+0000] {processor.py:809} INFO - DAG(s) dict_keys(['tutorial_dag']) retrieved from /home/airflow/.local/lib/python3.7/site-packages/airflow/example_dags/tutorial_dag.py
[2024-10-13T09:44:59.081+0000] {logging_mixin.py:149} INFO - [2024-10-13T09:44:59.080+0000] {dag.py:2726} INFO - Sync 1 DAGs
[2024-10-13T09:44:59.109+0000] {logging_mixin.py:149} INFO - [2024-10-13T09:44:59.108+0000] {dag.py:3490} INFO - Setting next_dagrun for tutorial_dag to None, run_after=None
[2024-10-13T09:44:59.128+0000] {processor.py:178} INFO - Processing /home/airflow/.local/lib/python3.7/site-packages/airflow/example_dags/tutorial_dag.py took 0.086 seconds
[2024-10-13T09:45:29.502+0000] {processor.py:156} INFO - Started process (PID=2280) to work on /home/airflow/.local/lib/python3.7/site-packages/airflow/example_dags/tutorial_dag.py
[2024-10-13T09:45:29.503+0000] {processor.py:799} INFO - Processing file /home/airflow/.local/lib/python3.7/site-packages/airflow/example_dags/tutorial_dag.py for tasks to queue
[2024-10-13T09:45:29.504+0000] {logging_mixin.py:149} INFO - [2024-10-13T09:45:29.504+0000] {dagbag.py:541} INFO - Filling up the DagBag from /home/airflow/.local/lib/python3.7/site-packages/airflow/example_dags/tutorial_dag.py
[2024-10-13T09:45:29.509+0000] {processor.py:809} INFO - DAG(s) dict_keys(['tutorial_dag']) retrieved from /home/airflow/.local/lib/python3.7/site-packages/airflow/example_dags/tutorial_dag.py
[2024-10-13T09:45:29.534+0000] {logging_mixin.py:149} INFO - [2024-10-13T09:45:29.534+0000] {dag.py:2726} INFO - Sync 1 DAGs
[2024-10-13T09:45:29.560+0000] {logging_mixin.py:149} INFO - [2024-10-13T09:45:29.560+0000] {dag.py:3490} INFO - Setting next_dagrun for tutorial_dag to None, run_after=None
[2024-10-13T09:45:29.579+0000] {processor.py:178} INFO - Processing /home/airflow/.local/lib/python3.7/site-packages/airflow/example_dags/tutorial_dag.py took 0.081 seconds
[2024-10-13T09:45:59.727+0000] {processor.py:156} INFO - Started process (PID=2341) to work on /home/airflow/.local/lib/python3.7/site-packages/airflow/example_dags/tutorial_dag.py
[2024-10-13T09:45:59.728+0000] {processor.py:799} INFO - Processing file /home/airflow/.local/lib/python3.7/site-packages/airflow/example_dags/tutorial_dag.py for tasks to queue
[2024-10-13T09:45:59.728+0000] {logging_mixin.py:149} INFO - [2024-10-13T09:45:59.728+0000] {dagbag.py:541} INFO - Filling up the DagBag from /home/airflow/.local/lib/python3.7/site-packages/airflow/example_dags/tutorial_dag.py
[2024-10-13T09:45:59.733+0000] {processor.py:809} INFO - DAG(s) dict_keys(['tutorial_dag']) retrieved from /home/airflow/.local/lib/python3.7/site-packages/airflow/example_dags/tutorial_dag.py
[2024-10-13T09:45:59.759+0000] {logging_mixin.py:149} INFO - [2024-10-13T09:45:59.759+0000] {dag.py:2726} INFO - Sync 1 DAGs
[2024-10-13T09:45:59.785+0000] {logging_mixin.py:149} INFO - [2024-10-13T09:45:59.785+0000] {dag.py:3490} INFO - Setting next_dagrun for tutorial_dag to None, run_after=None
[2024-10-13T09:45:59.802+0000] {processor.py:178} INFO - Processing /home/airflow/.local/lib/python3.7/site-packages/airflow/example_dags/tutorial_dag.py took 0.079 seconds
[2024-10-13T09:46:30.062+0000] {processor.py:156} INFO - Started process (PID=2402) to work on /home/airflow/.local/lib/python3.7/site-packages/airflow/example_dags/tutorial_dag.py
[2024-10-13T09:46:30.063+0000] {processor.py:799} INFO - Processing file /home/airflow/.local/lib/python3.7/site-packages/airflow/example_dags/tutorial_dag.py for tasks to queue
[2024-10-13T09:46:30.063+0000] {logging_mixin.py:149} INFO - [2024-10-13T09:46:30.063+0000] {dagbag.py:541} INFO - Filling up the DagBag from /home/airflow/.local/lib/python3.7/site-packages/airflow/example_dags/tutorial_dag.py
[2024-10-13T09:46:30.068+0000] {processor.py:809} INFO - DAG(s) dict_keys(['tutorial_dag']) retrieved from /home/airflow/.local/lib/python3.7/site-packages/airflow/example_dags/tutorial_dag.py
[2024-10-13T09:46:30.092+0000] {logging_mixin.py:149} INFO - [2024-10-13T09:46:30.092+0000] {dag.py:2726} INFO - Sync 1 DAGs
[2024-10-13T09:46:30.117+0000] {logging_mixin.py:149} INFO - [2024-10-13T09:46:30.117+0000] {dag.py:3490} INFO - Setting next_dagrun for tutorial_dag to None, run_after=None
[2024-10-13T09:46:30.136+0000] {processor.py:178} INFO - Processing /home/airflow/.local/lib/python3.7/site-packages/airflow/example_dags/tutorial_dag.py took 0.077 seconds
[2024-10-13T09:47:00.553+0000] {processor.py:156} INFO - Started process (PID=2463) to work on /home/airflow/.local/lib/python3.7/site-packages/airflow/example_dags/tutorial_dag.py
[2024-10-13T09:47:00.554+0000] {processor.py:799} INFO - Processing file /home/airflow/.local/lib/python3.7/site-packages/airflow/example_dags/tutorial_dag.py for tasks to queue
[2024-10-13T09:47:00.554+0000] {logging_mixin.py:149} INFO - [2024-10-13T09:47:00.554+0000] {dagbag.py:541} INFO - Filling up the DagBag from /home/airflow/.local/lib/python3.7/site-packages/airflow/example_dags/tutorial_dag.py
[2024-10-13T09:47:00.559+0000] {processor.py:809} INFO - DAG(s) dict_keys(['tutorial_dag']) retrieved from /home/airflow/.local/lib/python3.7/site-packages/airflow/example_dags/tutorial_dag.py
[2024-10-13T09:47:00.584+0000] {logging_mixin.py:149} INFO - [2024-10-13T09:47:00.584+0000] {dag.py:2726} INFO - Sync 1 DAGs
[2024-10-13T09:47:00.612+0000] {logging_mixin.py:149} INFO - [2024-10-13T09:47:00.611+0000] {dag.py:3490} INFO - Setting next_dagrun for tutorial_dag to None, run_after=None
[2024-10-13T09:47:00.632+0000] {processor.py:178} INFO - Processing /home/airflow/.local/lib/python3.7/site-packages/airflow/example_dags/tutorial_dag.py took 0.082 seconds
[2024-10-13T09:47:31.138+0000] {processor.py:156} INFO - Started process (PID=2524) to work on /home/airflow/.local/lib/python3.7/site-packages/airflow/example_dags/tutorial_dag.py
[2024-10-13T09:47:31.139+0000] {processor.py:799} INFO - Processing file /home/airflow/.local/lib/python3.7/site-packages/airflow/example_dags/tutorial_dag.py for tasks to queue
[2024-10-13T09:47:31.139+0000] {logging_mixin.py:149} INFO - [2024-10-13T09:47:31.139+0000] {dagbag.py:541} INFO - Filling up the DagBag from /home/airflow/.local/lib/python3.7/site-packages/airflow/example_dags/tutorial_dag.py
[2024-10-13T09:47:31.144+0000] {processor.py:809} INFO - DAG(s) dict_keys(['tutorial_dag']) retrieved from /home/airflow/.local/lib/python3.7/site-packages/airflow/example_dags/tutorial_dag.py
[2024-10-13T09:47:31.171+0000] {logging_mixin.py:149} INFO - [2024-10-13T09:47:31.171+0000] {dag.py:2726} INFO - Sync 1 DAGs
[2024-10-13T09:47:31.198+0000] {logging_mixin.py:149} INFO - [2024-10-13T09:47:31.198+0000] {dag.py:3490} INFO - Setting next_dagrun for tutorial_dag to None, run_after=None
[2024-10-13T09:47:31.215+0000] {processor.py:178} INFO - Processing /home/airflow/.local/lib/python3.7/site-packages/airflow/example_dags/tutorial_dag.py took 0.081 seconds
[2024-10-13T09:48:01.711+0000] {processor.py:156} INFO - Started process (PID=2585) to work on /home/airflow/.local/lib/python3.7/site-packages/airflow/example_dags/tutorial_dag.py
[2024-10-13T09:48:01.711+0000] {processor.py:799} INFO - Processing file /home/airflow/.local/lib/python3.7/site-packages/airflow/example_dags/tutorial_dag.py for tasks to queue
[2024-10-13T09:48:01.712+0000] {logging_mixin.py:149} INFO - [2024-10-13T09:48:01.712+0000] {dagbag.py:541} INFO - Filling up the DagBag from /home/airflow/.local/lib/python3.7/site-packages/airflow/example_dags/tutorial_dag.py
[2024-10-13T09:48:01.717+0000] {processor.py:809} INFO - DAG(s) dict_keys(['tutorial_dag']) retrieved from /home/airflow/.local/lib/python3.7/site-packages/airflow/example_dags/tutorial_dag.py
[2024-10-13T09:48:01.743+0000] {logging_mixin.py:149} INFO - [2024-10-13T09:48:01.743+0000] {dag.py:2726} INFO - Sync 1 DAGs
[2024-10-13T09:48:01.772+0000] {logging_mixin.py:149} INFO - [2024-10-13T09:48:01.772+0000] {dag.py:3490} INFO - Setting next_dagrun for tutorial_dag to None, run_after=None
[2024-10-13T09:48:01.791+0000] {processor.py:178} INFO - Processing /home/airflow/.local/lib/python3.7/site-packages/airflow/example_dags/tutorial_dag.py took 0.084 seconds
[2024-10-13T09:48:31.940+0000] {processor.py:156} INFO - Started process (PID=2646) to work on /home/airflow/.local/lib/python3.7/site-packages/airflow/example_dags/tutorial_dag.py
[2024-10-13T09:48:31.940+0000] {processor.py:799} INFO - Processing file /home/airflow/.local/lib/python3.7/site-packages/airflow/example_dags/tutorial_dag.py for tasks to queue
[2024-10-13T09:48:31.941+0000] {logging_mixin.py:149} INFO - [2024-10-13T09:48:31.941+0000] {dagbag.py:541} INFO - Filling up the DagBag from /home/airflow/.local/lib/python3.7/site-packages/airflow/example_dags/tutorial_dag.py
[2024-10-13T09:48:31.946+0000] {processor.py:809} INFO - DAG(s) dict_keys(['tutorial_dag']) retrieved from /home/airflow/.local/lib/python3.7/site-packages/airflow/example_dags/tutorial_dag.py
[2024-10-13T09:48:31.972+0000] {logging_mixin.py:149} INFO - [2024-10-13T09:48:31.972+0000] {dag.py:2726} INFO - Sync 1 DAGs
[2024-10-13T09:48:31.998+0000] {logging_mixin.py:149} INFO - [2024-10-13T09:48:31.998+0000] {dag.py:3490} INFO - Setting next_dagrun for tutorial_dag to None, run_after=None
[2024-10-13T09:48:32.018+0000] {processor.py:178} INFO - Processing /home/airflow/.local/lib/python3.7/site-packages/airflow/example_dags/tutorial_dag.py took 0.082 seconds
[2024-10-13T09:49:02.220+0000] {processor.py:156} INFO - Started process (PID=2707) to work on /home/airflow/.local/lib/python3.7/site-packages/airflow/example_dags/tutorial_dag.py
[2024-10-13T09:49:02.221+0000] {processor.py:799} INFO - Processing file /home/airflow/.local/lib/python3.7/site-packages/airflow/example_dags/tutorial_dag.py for tasks to queue
[2024-10-13T09:49:02.222+0000] {logging_mixin.py:149} INFO - [2024-10-13T09:49:02.222+0000] {dagbag.py:541} INFO - Filling up the DagBag from /home/airflow/.local/lib/python3.7/site-packages/airflow/example_dags/tutorial_dag.py
[2024-10-13T09:49:02.227+0000] {processor.py:809} INFO - DAG(s) dict_keys(['tutorial_dag']) retrieved from /home/airflow/.local/lib/python3.7/site-packages/airflow/example_dags/tutorial_dag.py
[2024-10-13T09:49:02.254+0000] {logging_mixin.py:149} INFO - [2024-10-13T09:49:02.254+0000] {dag.py:2726} INFO - Sync 1 DAGs
[2024-10-13T09:49:02.284+0000] {logging_mixin.py:149} INFO - [2024-10-13T09:49:02.284+0000] {dag.py:3490} INFO - Setting next_dagrun for tutorial_dag to None, run_after=None
[2024-10-13T09:49:02.304+0000] {processor.py:178} INFO - Processing /home/airflow/.local/lib/python3.7/site-packages/airflow/example_dags/tutorial_dag.py took 0.088 seconds
[2024-10-13T09:49:32.732+0000] {processor.py:156} INFO - Started process (PID=2768) to work on /home/airflow/.local/lib/python3.7/site-packages/airflow/example_dags/tutorial_dag.py
[2024-10-13T09:49:32.733+0000] {processor.py:799} INFO - Processing file /home/airflow/.local/lib/python3.7/site-packages/airflow/example_dags/tutorial_dag.py for tasks to queue
[2024-10-13T09:49:32.734+0000] {logging_mixin.py:149} INFO - [2024-10-13T09:49:32.734+0000] {dagbag.py:541} INFO - Filling up the DagBag from /home/airflow/.local/lib/python3.7/site-packages/airflow/example_dags/tutorial_dag.py
[2024-10-13T09:49:32.739+0000] {processor.py:809} INFO - DAG(s) dict_keys(['tutorial_dag']) retrieved from /home/airflow/.local/lib/python3.7/site-packages/airflow/example_dags/tutorial_dag.py
[2024-10-13T09:49:32.765+0000] {logging_mixin.py:149} INFO - [2024-10-13T09:49:32.765+0000] {dag.py:2726} INFO - Sync 1 DAGs
[2024-10-13T09:49:32.790+0000] {logging_mixin.py:149} INFO - [2024-10-13T09:49:32.790+0000] {dag.py:3490} INFO - Setting next_dagrun for tutorial_dag to None, run_after=None
[2024-10-13T09:49:32.807+0000] {processor.py:178} INFO - Processing /home/airflow/.local/lib/python3.7/site-packages/airflow/example_dags/tutorial_dag.py took 0.079 seconds
[2024-10-13T09:50:02.893+0000] {processor.py:156} INFO - Started process (PID=2829) to work on /home/airflow/.local/lib/python3.7/site-packages/airflow/example_dags/tutorial_dag.py
[2024-10-13T09:50:02.894+0000] {processor.py:799} INFO - Processing file /home/airflow/.local/lib/python3.7/site-packages/airflow/example_dags/tutorial_dag.py for tasks to queue
[2024-10-13T09:50:02.894+0000] {logging_mixin.py:149} INFO - [2024-10-13T09:50:02.894+0000] {dagbag.py:541} INFO - Filling up the DagBag from /home/airflow/.local/lib/python3.7/site-packages/airflow/example_dags/tutorial_dag.py
[2024-10-13T09:50:02.900+0000] {processor.py:809} INFO - DAG(s) dict_keys(['tutorial_dag']) retrieved from /home/airflow/.local/lib/python3.7/site-packages/airflow/example_dags/tutorial_dag.py
[2024-10-13T09:50:02.927+0000] {logging_mixin.py:149} INFO - [2024-10-13T09:50:02.927+0000] {dag.py:2726} INFO - Sync 1 DAGs
[2024-10-13T09:50:02.959+0000] {logging_mixin.py:149} INFO - [2024-10-13T09:50:02.959+0000] {dag.py:3490} INFO - Setting next_dagrun for tutorial_dag to None, run_after=None
[2024-10-13T09:50:02.978+0000] {processor.py:178} INFO - Processing /home/airflow/.local/lib/python3.7/site-packages/airflow/example_dags/tutorial_dag.py took 0.089 seconds
[2024-10-13T09:50:33.110+0000] {processor.py:156} INFO - Started process (PID=2890) to work on /home/airflow/.local/lib/python3.7/site-packages/airflow/example_dags/tutorial_dag.py
[2024-10-13T09:50:33.111+0000] {processor.py:799} INFO - Processing file /home/airflow/.local/lib/python3.7/site-packages/airflow/example_dags/tutorial_dag.py for tasks to queue
[2024-10-13T09:50:33.112+0000] {logging_mixin.py:149} INFO - [2024-10-13T09:50:33.112+0000] {dagbag.py:541} INFO - Filling up the DagBag from /home/airflow/.local/lib/python3.7/site-packages/airflow/example_dags/tutorial_dag.py
[2024-10-13T09:50:33.117+0000] {processor.py:809} INFO - DAG(s) dict_keys(['tutorial_dag']) retrieved from /home/airflow/.local/lib/python3.7/site-packages/airflow/example_dags/tutorial_dag.py
[2024-10-13T09:50:33.142+0000] {logging_mixin.py:149} INFO - [2024-10-13T09:50:33.142+0000] {dag.py:2726} INFO - Sync 1 DAGs
[2024-10-13T09:50:33.172+0000] {logging_mixin.py:149} INFO - [2024-10-13T09:50:33.172+0000] {dag.py:3490} INFO - Setting next_dagrun for tutorial_dag to None, run_after=None
[2024-10-13T09:50:33.190+0000] {processor.py:178} INFO - Processing /home/airflow/.local/lib/python3.7/site-packages/airflow/example_dags/tutorial_dag.py took 0.083 seconds
[2024-10-13T09:51:03.515+0000] {processor.py:156} INFO - Started process (PID=2951) to work on /home/airflow/.local/lib/python3.7/site-packages/airflow/example_dags/tutorial_dag.py
[2024-10-13T09:51:03.516+0000] {processor.py:799} INFO - Processing file /home/airflow/.local/lib/python3.7/site-packages/airflow/example_dags/tutorial_dag.py for tasks to queue
[2024-10-13T09:51:03.517+0000] {logging_mixin.py:149} INFO - [2024-10-13T09:51:03.517+0000] {dagbag.py:541} INFO - Filling up the DagBag from /home/airflow/.local/lib/python3.7/site-packages/airflow/example_dags/tutorial_dag.py
[2024-10-13T09:51:03.522+0000] {processor.py:809} INFO - DAG(s) dict_keys(['tutorial_dag']) retrieved from /home/airflow/.local/lib/python3.7/site-packages/airflow/example_dags/tutorial_dag.py
[2024-10-13T09:51:03.547+0000] {logging_mixin.py:149} INFO - [2024-10-13T09:51:03.547+0000] {dag.py:2726} INFO - Sync 1 DAGs
[2024-10-13T09:51:03.573+0000] {logging_mixin.py:149} INFO - [2024-10-13T09:51:03.573+0000] {dag.py:3490} INFO - Setting next_dagrun for tutorial_dag to None, run_after=None
[2024-10-13T09:51:03.593+0000] {processor.py:178} INFO - Processing /home/airflow/.local/lib/python3.7/site-packages/airflow/example_dags/tutorial_dag.py took 0.081 seconds
[2024-10-13T09:51:33.767+0000] {processor.py:156} INFO - Started process (PID=3012) to work on /home/airflow/.local/lib/python3.7/site-packages/airflow/example_dags/tutorial_dag.py
[2024-10-13T09:51:33.768+0000] {processor.py:799} INFO - Processing file /home/airflow/.local/lib/python3.7/site-packages/airflow/example_dags/tutorial_dag.py for tasks to queue
[2024-10-13T09:51:33.769+0000] {logging_mixin.py:149} INFO - [2024-10-13T09:51:33.769+0000] {dagbag.py:541} INFO - Filling up the DagBag from /home/airflow/.local/lib/python3.7/site-packages/airflow/example_dags/tutorial_dag.py
[2024-10-13T09:51:33.774+0000] {processor.py:809} INFO - DAG(s) dict_keys(['tutorial_dag']) retrieved from /home/airflow/.local/lib/python3.7/site-packages/airflow/example_dags/tutorial_dag.py
[2024-10-13T09:51:33.799+0000] {logging_mixin.py:149} INFO - [2024-10-13T09:51:33.799+0000] {dag.py:2726} INFO - Sync 1 DAGs
[2024-10-13T09:51:33.826+0000] {logging_mixin.py:149} INFO - [2024-10-13T09:51:33.826+0000] {dag.py:3490} INFO - Setting next_dagrun for tutorial_dag to None, run_after=None
[2024-10-13T09:51:33.846+0000] {processor.py:178} INFO - Processing /home/airflow/.local/lib/python3.7/site-packages/airflow/example_dags/tutorial_dag.py took 0.082 seconds
[2024-10-13T09:52:04.146+0000] {processor.py:156} INFO - Started process (PID=3073) to work on /home/airflow/.local/lib/python3.7/site-packages/airflow/example_dags/tutorial_dag.py
[2024-10-13T09:52:04.147+0000] {processor.py:799} INFO - Processing file /home/airflow/.local/lib/python3.7/site-packages/airflow/example_dags/tutorial_dag.py for tasks to queue
[2024-10-13T09:52:04.148+0000] {logging_mixin.py:149} INFO - [2024-10-13T09:52:04.148+0000] {dagbag.py:541} INFO - Filling up the DagBag from /home/airflow/.local/lib/python3.7/site-packages/airflow/example_dags/tutorial_dag.py
[2024-10-13T09:52:04.153+0000] {processor.py:809} INFO - DAG(s) dict_keys(['tutorial_dag']) retrieved from /home/airflow/.local/lib/python3.7/site-packages/airflow/example_dags/tutorial_dag.py
[2024-10-13T09:52:04.178+0000] {logging_mixin.py:149} INFO - [2024-10-13T09:52:04.178+0000] {dag.py:2726} INFO - Sync 1 DAGs
[2024-10-13T09:52:04.205+0000] {logging_mixin.py:149} INFO - [2024-10-13T09:52:04.204+0000] {dag.py:3490} INFO - Setting next_dagrun for tutorial_dag to None, run_after=None
[2024-10-13T09:52:04.224+0000] {processor.py:178} INFO - Processing /home/airflow/.local/lib/python3.7/site-packages/airflow/example_dags/tutorial_dag.py took 0.081 seconds
[2024-10-13T09:52:34.775+0000] {processor.py:156} INFO - Started process (PID=3134) to work on /home/airflow/.local/lib/python3.7/site-packages/airflow/example_dags/tutorial_dag.py
[2024-10-13T09:52:34.776+0000] {processor.py:799} INFO - Processing file /home/airflow/.local/lib/python3.7/site-packages/airflow/example_dags/tutorial_dag.py for tasks to queue
[2024-10-13T09:52:34.776+0000] {logging_mixin.py:149} INFO - [2024-10-13T09:52:34.776+0000] {dagbag.py:541} INFO - Filling up the DagBag from /home/airflow/.local/lib/python3.7/site-packages/airflow/example_dags/tutorial_dag.py
[2024-10-13T09:52:34.782+0000] {processor.py:809} INFO - DAG(s) dict_keys(['tutorial_dag']) retrieved from /home/airflow/.local/lib/python3.7/site-packages/airflow/example_dags/tutorial_dag.py
[2024-10-13T09:52:34.807+0000] {logging_mixin.py:149} INFO - [2024-10-13T09:52:34.807+0000] {dag.py:2726} INFO - Sync 1 DAGs
[2024-10-13T09:52:34.834+0000] {logging_mixin.py:149} INFO - [2024-10-13T09:52:34.834+0000] {dag.py:3490} INFO - Setting next_dagrun for tutorial_dag to None, run_after=None
[2024-10-13T09:52:34.853+0000] {processor.py:178} INFO - Processing /home/airflow/.local/lib/python3.7/site-packages/airflow/example_dags/tutorial_dag.py took 0.082 seconds
[2024-10-13T09:53:05.211+0000] {processor.py:156} INFO - Started process (PID=3195) to work on /home/airflow/.local/lib/python3.7/site-packages/airflow/example_dags/tutorial_dag.py
[2024-10-13T09:53:05.212+0000] {processor.py:799} INFO - Processing file /home/airflow/.local/lib/python3.7/site-packages/airflow/example_dags/tutorial_dag.py for tasks to queue
[2024-10-13T09:53:05.213+0000] {logging_mixin.py:149} INFO - [2024-10-13T09:53:05.212+0000] {dagbag.py:541} INFO - Filling up the DagBag from /home/airflow/.local/lib/python3.7/site-packages/airflow/example_dags/tutorial_dag.py
[2024-10-13T09:53:05.217+0000] {processor.py:809} INFO - DAG(s) dict_keys(['tutorial_dag']) retrieved from /home/airflow/.local/lib/python3.7/site-packages/airflow/example_dags/tutorial_dag.py
[2024-10-13T09:53:05.242+0000] {logging_mixin.py:149} INFO - [2024-10-13T09:53:05.242+0000] {dag.py:2726} INFO - Sync 1 DAGs
[2024-10-13T09:53:05.268+0000] {logging_mixin.py:149} INFO - [2024-10-13T09:53:05.268+0000] {dag.py:3490} INFO - Setting next_dagrun for tutorial_dag to None, run_after=None
[2024-10-13T09:53:05.286+0000] {processor.py:178} INFO - Processing /home/airflow/.local/lib/python3.7/site-packages/airflow/example_dags/tutorial_dag.py took 0.078 seconds
[2024-10-13T09:53:35.554+0000] {processor.py:156} INFO - Started process (PID=3256) to work on /home/airflow/.local/lib/python3.7/site-packages/airflow/example_dags/tutorial_dag.py
[2024-10-13T09:53:35.555+0000] {processor.py:799} INFO - Processing file /home/airflow/.local/lib/python3.7/site-packages/airflow/example_dags/tutorial_dag.py for tasks to queue
[2024-10-13T09:53:35.556+0000] {logging_mixin.py:149} INFO - [2024-10-13T09:53:35.555+0000] {dagbag.py:541} INFO - Filling up the DagBag from /home/airflow/.local/lib/python3.7/site-packages/airflow/example_dags/tutorial_dag.py
[2024-10-13T09:53:35.561+0000] {processor.py:809} INFO - DAG(s) dict_keys(['tutorial_dag']) retrieved from /home/airflow/.local/lib/python3.7/site-packages/airflow/example_dags/tutorial_dag.py
[2024-10-13T09:53:35.597+0000] {logging_mixin.py:149} INFO - [2024-10-13T09:53:35.597+0000] {dag.py:2726} INFO - Sync 1 DAGs
[2024-10-13T09:53:35.633+0000] {logging_mixin.py:149} INFO - [2024-10-13T09:53:35.633+0000] {dag.py:3490} INFO - Setting next_dagrun for tutorial_dag to None, run_after=None
[2024-10-13T09:53:35.652+0000] {processor.py:178} INFO - Processing /home/airflow/.local/lib/python3.7/site-packages/airflow/example_dags/tutorial_dag.py took 0.102 seconds
[2024-10-13T09:54:05.913+0000] {processor.py:156} INFO - Started process (PID=3317) to work on /home/airflow/.local/lib/python3.7/site-packages/airflow/example_dags/tutorial_dag.py
[2024-10-13T09:54:05.914+0000] {processor.py:799} INFO - Processing file /home/airflow/.local/lib/python3.7/site-packages/airflow/example_dags/tutorial_dag.py for tasks to queue
[2024-10-13T09:54:05.914+0000] {logging_mixin.py:149} INFO - [2024-10-13T09:54:05.914+0000] {dagbag.py:541} INFO - Filling up the DagBag from /home/airflow/.local/lib/python3.7/site-packages/airflow/example_dags/tutorial_dag.py
[2024-10-13T09:54:05.919+0000] {processor.py:809} INFO - DAG(s) dict_keys(['tutorial_dag']) retrieved from /home/airflow/.local/lib/python3.7/site-packages/airflow/example_dags/tutorial_dag.py
[2024-10-13T09:54:05.946+0000] {logging_mixin.py:149} INFO - [2024-10-13T09:54:05.946+0000] {dag.py:2726} INFO - Sync 1 DAGs
[2024-10-13T09:54:05.972+0000] {logging_mixin.py:149} INFO - [2024-10-13T09:54:05.972+0000] {dag.py:3490} INFO - Setting next_dagrun for tutorial_dag to None, run_after=None
[2024-10-13T09:54:05.990+0000] {processor.py:178} INFO - Processing /home/airflow/.local/lib/python3.7/site-packages/airflow/example_dags/tutorial_dag.py took 0.080 seconds
[2024-10-13T09:54:36.069+0000] {processor.py:156} INFO - Started process (PID=3378) to work on /home/airflow/.local/lib/python3.7/site-packages/airflow/example_dags/tutorial_dag.py
[2024-10-13T09:54:36.070+0000] {processor.py:799} INFO - Processing file /home/airflow/.local/lib/python3.7/site-packages/airflow/example_dags/tutorial_dag.py for tasks to queue
[2024-10-13T09:54:36.070+0000] {logging_mixin.py:149} INFO - [2024-10-13T09:54:36.070+0000] {dagbag.py:541} INFO - Filling up the DagBag from /home/airflow/.local/lib/python3.7/site-packages/airflow/example_dags/tutorial_dag.py
[2024-10-13T09:54:36.076+0000] {processor.py:809} INFO - DAG(s) dict_keys(['tutorial_dag']) retrieved from /home/airflow/.local/lib/python3.7/site-packages/airflow/example_dags/tutorial_dag.py
[2024-10-13T09:54:36.103+0000] {logging_mixin.py:149} INFO - [2024-10-13T09:54:36.103+0000] {dag.py:2726} INFO - Sync 1 DAGs
[2024-10-13T09:54:36.128+0000] {logging_mixin.py:149} INFO - [2024-10-13T09:54:36.128+0000] {dag.py:3490} INFO - Setting next_dagrun for tutorial_dag to None, run_after=None
[2024-10-13T09:54:36.146+0000] {processor.py:178} INFO - Processing /home/airflow/.local/lib/python3.7/site-packages/airflow/example_dags/tutorial_dag.py took 0.081 seconds
[2024-10-13T09:55:06.419+0000] {processor.py:156} INFO - Started process (PID=3439) to work on /home/airflow/.local/lib/python3.7/site-packages/airflow/example_dags/tutorial_dag.py
[2024-10-13T09:55:06.420+0000] {processor.py:799} INFO - Processing file /home/airflow/.local/lib/python3.7/site-packages/airflow/example_dags/tutorial_dag.py for tasks to queue
[2024-10-13T09:55:06.420+0000] {logging_mixin.py:149} INFO - [2024-10-13T09:55:06.420+0000] {dagbag.py:541} INFO - Filling up the DagBag from /home/airflow/.local/lib/python3.7/site-packages/airflow/example_dags/tutorial_dag.py
[2024-10-13T09:55:06.426+0000] {processor.py:809} INFO - DAG(s) dict_keys(['tutorial_dag']) retrieved from /home/airflow/.local/lib/python3.7/site-packages/airflow/example_dags/tutorial_dag.py
[2024-10-13T09:55:06.455+0000] {logging_mixin.py:149} INFO - [2024-10-13T09:55:06.455+0000] {dag.py:2726} INFO - Sync 1 DAGs
[2024-10-13T09:55:06.483+0000] {logging_mixin.py:149} INFO - [2024-10-13T09:55:06.483+0000] {dag.py:3490} INFO - Setting next_dagrun for tutorial_dag to None, run_after=None
[2024-10-13T09:55:06.503+0000] {processor.py:178} INFO - Processing /home/airflow/.local/lib/python3.7/site-packages/airflow/example_dags/tutorial_dag.py took 0.087 seconds
[2024-10-13T09:55:36.780+0000] {processor.py:156} INFO - Started process (PID=3500) to work on /home/airflow/.local/lib/python3.7/site-packages/airflow/example_dags/tutorial_dag.py
[2024-10-13T09:55:36.781+0000] {processor.py:799} INFO - Processing file /home/airflow/.local/lib/python3.7/site-packages/airflow/example_dags/tutorial_dag.py for tasks to queue
[2024-10-13T09:55:36.781+0000] {logging_mixin.py:149} INFO - [2024-10-13T09:55:36.781+0000] {dagbag.py:541} INFO - Filling up the DagBag from /home/airflow/.local/lib/python3.7/site-packages/airflow/example_dags/tutorial_dag.py
[2024-10-13T09:55:36.786+0000] {processor.py:809} INFO - DAG(s) dict_keys(['tutorial_dag']) retrieved from /home/airflow/.local/lib/python3.7/site-packages/airflow/example_dags/tutorial_dag.py
[2024-10-13T09:55:36.824+0000] {logging_mixin.py:149} INFO - [2024-10-13T09:55:36.824+0000] {dag.py:2726} INFO - Sync 1 DAGs
[2024-10-13T09:55:36.855+0000] {logging_mixin.py:149} INFO - [2024-10-13T09:55:36.855+0000] {dag.py:3490} INFO - Setting next_dagrun for tutorial_dag to None, run_after=None
[2024-10-13T09:55:36.874+0000] {processor.py:178} INFO - Processing /home/airflow/.local/lib/python3.7/site-packages/airflow/example_dags/tutorial_dag.py took 0.098 seconds
[2024-10-13T09:56:07.290+0000] {processor.py:156} INFO - Started process (PID=3552) to work on /home/airflow/.local/lib/python3.7/site-packages/airflow/example_dags/tutorial_dag.py
[2024-10-13T09:56:07.291+0000] {processor.py:799} INFO - Processing file /home/airflow/.local/lib/python3.7/site-packages/airflow/example_dags/tutorial_dag.py for tasks to queue
[2024-10-13T09:56:07.292+0000] {logging_mixin.py:149} INFO - [2024-10-13T09:56:07.292+0000] {dagbag.py:541} INFO - Filling up the DagBag from /home/airflow/.local/lib/python3.7/site-packages/airflow/example_dags/tutorial_dag.py
[2024-10-13T09:56:07.297+0000] {processor.py:809} INFO - DAG(s) dict_keys(['tutorial_dag']) retrieved from /home/airflow/.local/lib/python3.7/site-packages/airflow/example_dags/tutorial_dag.py
[2024-10-13T09:56:07.323+0000] {logging_mixin.py:149} INFO - [2024-10-13T09:56:07.323+0000] {dag.py:2726} INFO - Sync 1 DAGs
[2024-10-13T09:56:07.353+0000] {logging_mixin.py:149} INFO - [2024-10-13T09:56:07.353+0000] {dag.py:3490} INFO - Setting next_dagrun for tutorial_dag to None, run_after=None
[2024-10-13T09:56:07.373+0000] {processor.py:178} INFO - Processing /home/airflow/.local/lib/python3.7/site-packages/airflow/example_dags/tutorial_dag.py took 0.087 seconds
[2024-10-13T09:56:37.515+0000] {processor.py:156} INFO - Started process (PID=3613) to work on /home/airflow/.local/lib/python3.7/site-packages/airflow/example_dags/tutorial_dag.py
[2024-10-13T09:56:37.516+0000] {processor.py:799} INFO - Processing file /home/airflow/.local/lib/python3.7/site-packages/airflow/example_dags/tutorial_dag.py for tasks to queue
[2024-10-13T09:56:37.517+0000] {logging_mixin.py:149} INFO - [2024-10-13T09:56:37.517+0000] {dagbag.py:541} INFO - Filling up the DagBag from /home/airflow/.local/lib/python3.7/site-packages/airflow/example_dags/tutorial_dag.py
[2024-10-13T09:56:37.526+0000] {processor.py:809} INFO - DAG(s) dict_keys(['tutorial_dag']) retrieved from /home/airflow/.local/lib/python3.7/site-packages/airflow/example_dags/tutorial_dag.py
[2024-10-13T09:56:37.573+0000] {logging_mixin.py:149} INFO - [2024-10-13T09:56:37.573+0000] {dag.py:2726} INFO - Sync 1 DAGs
[2024-10-13T09:56:37.626+0000] {logging_mixin.py:149} INFO - [2024-10-13T09:56:37.626+0000] {dag.py:3490} INFO - Setting next_dagrun for tutorial_dag to None, run_after=None
[2024-10-13T09:56:37.661+0000] {processor.py:178} INFO - Processing /home/airflow/.local/lib/python3.7/site-packages/airflow/example_dags/tutorial_dag.py took 0.150 seconds
[2024-10-13T09:57:08.133+0000] {processor.py:156} INFO - Started process (PID=3674) to work on /home/airflow/.local/lib/python3.7/site-packages/airflow/example_dags/tutorial_dag.py
[2024-10-13T09:57:08.134+0000] {processor.py:799} INFO - Processing file /home/airflow/.local/lib/python3.7/site-packages/airflow/example_dags/tutorial_dag.py for tasks to queue
[2024-10-13T09:57:08.134+0000] {logging_mixin.py:149} INFO - [2024-10-13T09:57:08.134+0000] {dagbag.py:541} INFO - Filling up the DagBag from /home/airflow/.local/lib/python3.7/site-packages/airflow/example_dags/tutorial_dag.py
[2024-10-13T09:57:08.139+0000] {processor.py:809} INFO - DAG(s) dict_keys(['tutorial_dag']) retrieved from /home/airflow/.local/lib/python3.7/site-packages/airflow/example_dags/tutorial_dag.py
[2024-10-13T09:57:08.173+0000] {logging_mixin.py:149} INFO - [2024-10-13T09:57:08.173+0000] {dag.py:2726} INFO - Sync 1 DAGs
[2024-10-13T09:57:08.204+0000] {logging_mixin.py:149} INFO - [2024-10-13T09:57:08.204+0000] {dag.py:3490} INFO - Setting next_dagrun for tutorial_dag to None, run_after=None
[2024-10-13T09:57:08.226+0000] {processor.py:178} INFO - Processing /home/airflow/.local/lib/python3.7/site-packages/airflow/example_dags/tutorial_dag.py took 0.097 seconds
[2024-10-13T09:57:39.156+0000] {processor.py:156} INFO - Started process (PID=3735) to work on /home/airflow/.local/lib/python3.7/site-packages/airflow/example_dags/tutorial_dag.py
[2024-10-13T09:57:39.157+0000] {processor.py:799} INFO - Processing file /home/airflow/.local/lib/python3.7/site-packages/airflow/example_dags/tutorial_dag.py for tasks to queue
[2024-10-13T09:57:39.158+0000] {logging_mixin.py:149} INFO - [2024-10-13T09:57:39.158+0000] {dagbag.py:541} INFO - Filling up the DagBag from /home/airflow/.local/lib/python3.7/site-packages/airflow/example_dags/tutorial_dag.py
[2024-10-13T09:57:39.164+0000] {processor.py:809} INFO - DAG(s) dict_keys(['tutorial_dag']) retrieved from /home/airflow/.local/lib/python3.7/site-packages/airflow/example_dags/tutorial_dag.py
[2024-10-13T09:57:39.197+0000] {logging_mixin.py:149} INFO - [2024-10-13T09:57:39.196+0000] {dag.py:2726} INFO - Sync 1 DAGs
[2024-10-13T09:57:39.257+0000] {logging_mixin.py:149} INFO - [2024-10-13T09:57:39.257+0000] {dag.py:3490} INFO - Setting next_dagrun for tutorial_dag to None, run_after=None
[2024-10-13T09:57:39.289+0000] {processor.py:178} INFO - Processing /home/airflow/.local/lib/python3.7/site-packages/airflow/example_dags/tutorial_dag.py took 0.138 seconds
[2024-10-13T14:18:50.445+0000] {processor.py:156} INFO - Started process (PID=74) to work on /home/airflow/.local/lib/python3.7/site-packages/airflow/example_dags/tutorial_dag.py
[2024-10-13T14:18:50.450+0000] {processor.py:799} INFO - Processing file /home/airflow/.local/lib/python3.7/site-packages/airflow/example_dags/tutorial_dag.py for tasks to queue
[2024-10-13T14:18:50.451+0000] {logging_mixin.py:149} INFO - [2024-10-13T14:18:50.451+0000] {dagbag.py:541} INFO - Filling up the DagBag from /home/airflow/.local/lib/python3.7/site-packages/airflow/example_dags/tutorial_dag.py
[2024-10-13T14:18:50.473+0000] {processor.py:809} INFO - DAG(s) dict_keys(['tutorial_dag']) retrieved from /home/airflow/.local/lib/python3.7/site-packages/airflow/example_dags/tutorial_dag.py
[2024-10-13T14:18:50.503+0000] {logging_mixin.py:149} INFO - [2024-10-13T14:18:50.503+0000] {dag.py:2726} INFO - Sync 1 DAGs
[2024-10-13T14:18:50.561+0000] {logging_mixin.py:149} INFO - [2024-10-13T14:18:50.561+0000] {dag.py:3490} INFO - Setting next_dagrun for tutorial_dag to None, run_after=None
[2024-10-13T14:18:50.593+0000] {processor.py:178} INFO - Processing /home/airflow/.local/lib/python3.7/site-packages/airflow/example_dags/tutorial_dag.py took 0.158 seconds
[2024-10-13T14:19:21.211+0000] {processor.py:156} INFO - Started process (PID=135) to work on /home/airflow/.local/lib/python3.7/site-packages/airflow/example_dags/tutorial_dag.py
[2024-10-13T14:19:21.213+0000] {processor.py:799} INFO - Processing file /home/airflow/.local/lib/python3.7/site-packages/airflow/example_dags/tutorial_dag.py for tasks to queue
[2024-10-13T14:19:21.214+0000] {logging_mixin.py:149} INFO - [2024-10-13T14:19:21.213+0000] {dagbag.py:541} INFO - Filling up the DagBag from /home/airflow/.local/lib/python3.7/site-packages/airflow/example_dags/tutorial_dag.py
[2024-10-13T14:19:21.220+0000] {processor.py:809} INFO - DAG(s) dict_keys(['tutorial_dag']) retrieved from /home/airflow/.local/lib/python3.7/site-packages/airflow/example_dags/tutorial_dag.py
[2024-10-13T14:19:21.248+0000] {logging_mixin.py:149} INFO - [2024-10-13T14:19:21.247+0000] {dag.py:2726} INFO - Sync 1 DAGs
[2024-10-13T14:19:21.276+0000] {logging_mixin.py:149} INFO - [2024-10-13T14:19:21.276+0000] {dag.py:3490} INFO - Setting next_dagrun for tutorial_dag to None, run_after=None
[2024-10-13T14:19:21.296+0000] {processor.py:178} INFO - Processing /home/airflow/.local/lib/python3.7/site-packages/airflow/example_dags/tutorial_dag.py took 0.088 seconds
[2024-10-13T14:19:51.547+0000] {processor.py:156} INFO - Started process (PID=196) to work on /home/airflow/.local/lib/python3.7/site-packages/airflow/example_dags/tutorial_dag.py
[2024-10-13T14:19:51.551+0000] {processor.py:799} INFO - Processing file /home/airflow/.local/lib/python3.7/site-packages/airflow/example_dags/tutorial_dag.py for tasks to queue
[2024-10-13T14:19:51.554+0000] {logging_mixin.py:149} INFO - [2024-10-13T14:19:51.553+0000] {dagbag.py:541} INFO - Filling up the DagBag from /home/airflow/.local/lib/python3.7/site-packages/airflow/example_dags/tutorial_dag.py
[2024-10-13T14:19:51.564+0000] {processor.py:809} INFO - DAG(s) dict_keys(['tutorial_dag']) retrieved from /home/airflow/.local/lib/python3.7/site-packages/airflow/example_dags/tutorial_dag.py
[2024-10-13T14:19:51.611+0000] {logging_mixin.py:149} INFO - [2024-10-13T14:19:51.611+0000] {dag.py:2726} INFO - Sync 1 DAGs
[2024-10-13T14:19:51.656+0000] {logging_mixin.py:149} INFO - [2024-10-13T14:19:51.656+0000] {dag.py:3490} INFO - Setting next_dagrun for tutorial_dag to None, run_after=None
[2024-10-13T14:19:51.681+0000] {processor.py:178} INFO - Processing /home/airflow/.local/lib/python3.7/site-packages/airflow/example_dags/tutorial_dag.py took 0.139 seconds
[2024-10-13T14:20:22.438+0000] {processor.py:156} INFO - Started process (PID=257) to work on /home/airflow/.local/lib/python3.7/site-packages/airflow/example_dags/tutorial_dag.py
[2024-10-13T14:20:22.439+0000] {processor.py:799} INFO - Processing file /home/airflow/.local/lib/python3.7/site-packages/airflow/example_dags/tutorial_dag.py for tasks to queue
[2024-10-13T14:20:22.439+0000] {logging_mixin.py:149} INFO - [2024-10-13T14:20:22.439+0000] {dagbag.py:541} INFO - Filling up the DagBag from /home/airflow/.local/lib/python3.7/site-packages/airflow/example_dags/tutorial_dag.py
[2024-10-13T14:20:22.444+0000] {processor.py:809} INFO - DAG(s) dict_keys(['tutorial_dag']) retrieved from /home/airflow/.local/lib/python3.7/site-packages/airflow/example_dags/tutorial_dag.py
[2024-10-13T14:20:22.470+0000] {logging_mixin.py:149} INFO - [2024-10-13T14:20:22.469+0000] {dag.py:2726} INFO - Sync 1 DAGs
[2024-10-13T14:20:22.498+0000] {logging_mixin.py:149} INFO - [2024-10-13T14:20:22.498+0000] {dag.py:3490} INFO - Setting next_dagrun for tutorial_dag to None, run_after=None
[2024-10-13T14:20:22.517+0000] {processor.py:178} INFO - Processing /home/airflow/.local/lib/python3.7/site-packages/airflow/example_dags/tutorial_dag.py took 0.082 seconds
[2024-10-13T14:20:53.009+0000] {processor.py:156} INFO - Started process (PID=317) to work on /home/airflow/.local/lib/python3.7/site-packages/airflow/example_dags/tutorial_dag.py
[2024-10-13T14:20:53.010+0000] {processor.py:799} INFO - Processing file /home/airflow/.local/lib/python3.7/site-packages/airflow/example_dags/tutorial_dag.py for tasks to queue
[2024-10-13T14:20:53.011+0000] {logging_mixin.py:149} INFO - [2024-10-13T14:20:53.010+0000] {dagbag.py:541} INFO - Filling up the DagBag from /home/airflow/.local/lib/python3.7/site-packages/airflow/example_dags/tutorial_dag.py
[2024-10-13T14:20:53.018+0000] {processor.py:809} INFO - DAG(s) dict_keys(['tutorial_dag']) retrieved from /home/airflow/.local/lib/python3.7/site-packages/airflow/example_dags/tutorial_dag.py
[2024-10-13T14:20:53.045+0000] {logging_mixin.py:149} INFO - [2024-10-13T14:20:53.045+0000] {dag.py:2726} INFO - Sync 1 DAGs
[2024-10-13T14:20:53.078+0000] {logging_mixin.py:149} INFO - [2024-10-13T14:20:53.078+0000] {dag.py:3490} INFO - Setting next_dagrun for tutorial_dag to None, run_after=None
[2024-10-13T14:20:53.098+0000] {processor.py:178} INFO - Processing /home/airflow/.local/lib/python3.7/site-packages/airflow/example_dags/tutorial_dag.py took 0.094 seconds
[2024-10-13T14:21:23.700+0000] {processor.py:156} INFO - Started process (PID=378) to work on /home/airflow/.local/lib/python3.7/site-packages/airflow/example_dags/tutorial_dag.py
[2024-10-13T14:21:23.701+0000] {processor.py:799} INFO - Processing file /home/airflow/.local/lib/python3.7/site-packages/airflow/example_dags/tutorial_dag.py for tasks to queue
[2024-10-13T14:21:23.702+0000] {logging_mixin.py:149} INFO - [2024-10-13T14:21:23.701+0000] {dagbag.py:541} INFO - Filling up the DagBag from /home/airflow/.local/lib/python3.7/site-packages/airflow/example_dags/tutorial_dag.py
[2024-10-13T14:21:23.707+0000] {processor.py:809} INFO - DAG(s) dict_keys(['tutorial_dag']) retrieved from /home/airflow/.local/lib/python3.7/site-packages/airflow/example_dags/tutorial_dag.py
[2024-10-13T14:21:23.737+0000] {logging_mixin.py:149} INFO - [2024-10-13T14:21:23.737+0000] {dag.py:2726} INFO - Sync 1 DAGs
[2024-10-13T14:21:23.771+0000] {logging_mixin.py:149} INFO - [2024-10-13T14:21:23.770+0000] {dag.py:3490} INFO - Setting next_dagrun for tutorial_dag to None, run_after=None
[2024-10-13T14:21:23.800+0000] {processor.py:178} INFO - Processing /home/airflow/.local/lib/python3.7/site-packages/airflow/example_dags/tutorial_dag.py took 0.104 seconds
[2024-10-13T14:21:54.102+0000] {processor.py:156} INFO - Started process (PID=439) to work on /home/airflow/.local/lib/python3.7/site-packages/airflow/example_dags/tutorial_dag.py
[2024-10-13T14:21:54.103+0000] {processor.py:799} INFO - Processing file /home/airflow/.local/lib/python3.7/site-packages/airflow/example_dags/tutorial_dag.py for tasks to queue
[2024-10-13T14:21:54.105+0000] {logging_mixin.py:149} INFO - [2024-10-13T14:21:54.104+0000] {dagbag.py:541} INFO - Filling up the DagBag from /home/airflow/.local/lib/python3.7/site-packages/airflow/example_dags/tutorial_dag.py
[2024-10-13T14:21:54.111+0000] {processor.py:809} INFO - DAG(s) dict_keys(['tutorial_dag']) retrieved from /home/airflow/.local/lib/python3.7/site-packages/airflow/example_dags/tutorial_dag.py
[2024-10-13T14:21:54.149+0000] {logging_mixin.py:149} INFO - [2024-10-13T14:21:54.149+0000] {dag.py:2726} INFO - Sync 1 DAGs
[2024-10-13T14:21:54.198+0000] {logging_mixin.py:149} INFO - [2024-10-13T14:21:54.198+0000] {dag.py:3490} INFO - Setting next_dagrun for tutorial_dag to None, run_after=None
[2024-10-13T14:21:54.229+0000] {processor.py:178} INFO - Processing /home/airflow/.local/lib/python3.7/site-packages/airflow/example_dags/tutorial_dag.py took 0.131 seconds
[2024-10-13T14:22:24.541+0000] {processor.py:156} INFO - Started process (PID=500) to work on /home/airflow/.local/lib/python3.7/site-packages/airflow/example_dags/tutorial_dag.py
[2024-10-13T14:22:24.542+0000] {processor.py:799} INFO - Processing file /home/airflow/.local/lib/python3.7/site-packages/airflow/example_dags/tutorial_dag.py for tasks to queue
[2024-10-13T14:22:24.542+0000] {logging_mixin.py:149} INFO - [2024-10-13T14:22:24.542+0000] {dagbag.py:541} INFO - Filling up the DagBag from /home/airflow/.local/lib/python3.7/site-packages/airflow/example_dags/tutorial_dag.py
[2024-10-13T14:22:24.548+0000] {processor.py:809} INFO - DAG(s) dict_keys(['tutorial_dag']) retrieved from /home/airflow/.local/lib/python3.7/site-packages/airflow/example_dags/tutorial_dag.py
[2024-10-13T14:22:24.581+0000] {logging_mixin.py:149} INFO - [2024-10-13T14:22:24.580+0000] {dag.py:2726} INFO - Sync 1 DAGs
[2024-10-13T14:22:24.627+0000] {logging_mixin.py:149} INFO - [2024-10-13T14:22:24.626+0000] {dag.py:3490} INFO - Setting next_dagrun for tutorial_dag to None, run_after=None
[2024-10-13T14:22:24.654+0000] {processor.py:178} INFO - Processing /home/airflow/.local/lib/python3.7/site-packages/airflow/example_dags/tutorial_dag.py took 0.116 seconds
[2024-10-13T14:22:55.207+0000] {processor.py:156} INFO - Started process (PID=561) to work on /home/airflow/.local/lib/python3.7/site-packages/airflow/example_dags/tutorial_dag.py
[2024-10-13T14:22:55.208+0000] {processor.py:799} INFO - Processing file /home/airflow/.local/lib/python3.7/site-packages/airflow/example_dags/tutorial_dag.py for tasks to queue
[2024-10-13T14:22:55.209+0000] {logging_mixin.py:149} INFO - [2024-10-13T14:22:55.209+0000] {dagbag.py:541} INFO - Filling up the DagBag from /home/airflow/.local/lib/python3.7/site-packages/airflow/example_dags/tutorial_dag.py
[2024-10-13T14:22:55.215+0000] {processor.py:809} INFO - DAG(s) dict_keys(['tutorial_dag']) retrieved from /home/airflow/.local/lib/python3.7/site-packages/airflow/example_dags/tutorial_dag.py
[2024-10-13T14:22:55.247+0000] {logging_mixin.py:149} INFO - [2024-10-13T14:22:55.246+0000] {dag.py:2726} INFO - Sync 1 DAGs
[2024-10-13T14:22:55.289+0000] {logging_mixin.py:149} INFO - [2024-10-13T14:22:55.288+0000] {dag.py:3490} INFO - Setting next_dagrun for tutorial_dag to None, run_after=None
[2024-10-13T14:22:55.327+0000] {processor.py:178} INFO - Processing /home/airflow/.local/lib/python3.7/site-packages/airflow/example_dags/tutorial_dag.py took 0.125 seconds
[2024-10-13T14:23:25.419+0000] {processor.py:156} INFO - Started process (PID=622) to work on /home/airflow/.local/lib/python3.7/site-packages/airflow/example_dags/tutorial_dag.py
[2024-10-13T14:23:25.420+0000] {processor.py:799} INFO - Processing file /home/airflow/.local/lib/python3.7/site-packages/airflow/example_dags/tutorial_dag.py for tasks to queue
[2024-10-13T14:23:25.421+0000] {logging_mixin.py:149} INFO - [2024-10-13T14:23:25.421+0000] {dagbag.py:541} INFO - Filling up the DagBag from /home/airflow/.local/lib/python3.7/site-packages/airflow/example_dags/tutorial_dag.py
[2024-10-13T14:23:25.427+0000] {processor.py:809} INFO - DAG(s) dict_keys(['tutorial_dag']) retrieved from /home/airflow/.local/lib/python3.7/site-packages/airflow/example_dags/tutorial_dag.py
[2024-10-13T14:23:25.468+0000] {logging_mixin.py:149} INFO - [2024-10-13T14:23:25.468+0000] {dag.py:2726} INFO - Sync 1 DAGs
[2024-10-13T14:23:25.519+0000] {logging_mixin.py:149} INFO - [2024-10-13T14:23:25.518+0000] {dag.py:3490} INFO - Setting next_dagrun for tutorial_dag to None, run_after=None
[2024-10-13T14:23:25.558+0000] {processor.py:178} INFO - Processing /home/airflow/.local/lib/python3.7/site-packages/airflow/example_dags/tutorial_dag.py took 0.142 seconds
