[2024-10-13T09:27:13.040+0000] {processor.py:156} INFO - Started process (PID=78) to work on /home/airflow/.local/lib/python3.7/site-packages/airflow/example_dags/tutorial.py
[2024-10-13T09:27:13.041+0000] {processor.py:799} INFO - Processing file /home/airflow/.local/lib/python3.7/site-packages/airflow/example_dags/tutorial.py for tasks to queue
[2024-10-13T09:27:13.042+0000] {logging_mixin.py:149} INFO - [2024-10-13T09:27:13.042+0000] {dagbag.py:541} INFO - Filling up the DagBag from /home/airflow/.local/lib/python3.7/site-packages/airflow/example_dags/tutorial.py
[2024-10-13T09:27:13.054+0000] {processor.py:809} INFO - DAG(s) dict_keys(['tutorial']) retrieved from /home/airflow/.local/lib/python3.7/site-packages/airflow/example_dags/tutorial.py
[2024-10-13T09:27:13.227+0000] {logging_mixin.py:149} INFO - [2024-10-13T09:27:13.227+0000] {manager.py:504} INFO - Created Permission View: can edit on DAG:tutorial
[2024-10-13T09:27:13.237+0000] {logging_mixin.py:149} INFO - [2024-10-13T09:27:13.237+0000] {manager.py:504} INFO - Created Permission View: can read on DAG:tutorial
[2024-10-13T09:27:13.244+0000] {logging_mixin.py:149} INFO - [2024-10-13T09:27:13.244+0000] {manager.py:504} INFO - Created Permission View: can delete on DAG:tutorial
[2024-10-13T09:27:13.244+0000] {logging_mixin.py:149} INFO - [2024-10-13T09:27:13.244+0000] {dag.py:2726} INFO - Sync 1 DAGs
[2024-10-13T09:27:13.259+0000] {logging_mixin.py:149} INFO - [2024-10-13T09:27:13.259+0000] {dag.py:2747} INFO - Creating ORM DAG for tutorial
[2024-10-13T09:27:13.272+0000] {logging_mixin.py:149} INFO - [2024-10-13T09:27:13.272+0000] {dag.py:3490} INFO - Setting next_dagrun for tutorial to 2024-10-12T09:27:13.271761+00:00, run_after=2024-10-13T09:27:13.271761+00:00
[2024-10-13T09:27:13.293+0000] {processor.py:178} INFO - Processing /home/airflow/.local/lib/python3.7/site-packages/airflow/example_dags/tutorial.py took 0.259 seconds
[2024-10-13T09:27:43.598+0000] {processor.py:156} INFO - Started process (PID=139) to work on /home/airflow/.local/lib/python3.7/site-packages/airflow/example_dags/tutorial.py
[2024-10-13T09:27:43.599+0000] {processor.py:799} INFO - Processing file /home/airflow/.local/lib/python3.7/site-packages/airflow/example_dags/tutorial.py for tasks to queue
[2024-10-13T09:27:43.600+0000] {logging_mixin.py:149} INFO - [2024-10-13T09:27:43.600+0000] {dagbag.py:541} INFO - Filling up the DagBag from /home/airflow/.local/lib/python3.7/site-packages/airflow/example_dags/tutorial.py
[2024-10-13T09:27:43.606+0000] {processor.py:809} INFO - DAG(s) dict_keys(['tutorial']) retrieved from /home/airflow/.local/lib/python3.7/site-packages/airflow/example_dags/tutorial.py
[2024-10-13T09:27:43.638+0000] {logging_mixin.py:149} INFO - [2024-10-13T09:27:43.638+0000] {dag.py:2726} INFO - Sync 1 DAGs
[2024-10-13T09:27:43.665+0000] {logging_mixin.py:149} INFO - [2024-10-13T09:27:43.665+0000] {dag.py:3490} INFO - Setting next_dagrun for tutorial to 2024-10-12T09:27:43.664893+00:00, run_after=2024-10-13T09:27:43.664893+00:00
[2024-10-13T09:27:43.688+0000] {processor.py:178} INFO - Processing /home/airflow/.local/lib/python3.7/site-packages/airflow/example_dags/tutorial.py took 0.094 seconds
[2024-10-13T09:28:14.119+0000] {processor.py:156} INFO - Started process (PID=200) to work on /home/airflow/.local/lib/python3.7/site-packages/airflow/example_dags/tutorial.py
[2024-10-13T09:28:14.120+0000] {processor.py:799} INFO - Processing file /home/airflow/.local/lib/python3.7/site-packages/airflow/example_dags/tutorial.py for tasks to queue
[2024-10-13T09:28:14.121+0000] {logging_mixin.py:149} INFO - [2024-10-13T09:28:14.121+0000] {dagbag.py:541} INFO - Filling up the DagBag from /home/airflow/.local/lib/python3.7/site-packages/airflow/example_dags/tutorial.py
[2024-10-13T09:28:14.128+0000] {processor.py:809} INFO - DAG(s) dict_keys(['tutorial']) retrieved from /home/airflow/.local/lib/python3.7/site-packages/airflow/example_dags/tutorial.py
[2024-10-13T09:28:14.155+0000] {logging_mixin.py:149} INFO - [2024-10-13T09:28:14.155+0000] {dag.py:2726} INFO - Sync 1 DAGs
[2024-10-13T09:28:14.183+0000] {logging_mixin.py:149} INFO - [2024-10-13T09:28:14.182+0000] {dag.py:3490} INFO - Setting next_dagrun for tutorial to 2024-10-12T09:28:14.182683+00:00, run_after=2024-10-13T09:28:14.182683+00:00
[2024-10-13T09:28:14.201+0000] {processor.py:178} INFO - Processing /home/airflow/.local/lib/python3.7/site-packages/airflow/example_dags/tutorial.py took 0.085 seconds
[2024-10-13T09:28:44.407+0000] {processor.py:156} INFO - Started process (PID=261) to work on /home/airflow/.local/lib/python3.7/site-packages/airflow/example_dags/tutorial.py
[2024-10-13T09:28:44.408+0000] {processor.py:799} INFO - Processing file /home/airflow/.local/lib/python3.7/site-packages/airflow/example_dags/tutorial.py for tasks to queue
[2024-10-13T09:28:44.409+0000] {logging_mixin.py:149} INFO - [2024-10-13T09:28:44.408+0000] {dagbag.py:541} INFO - Filling up the DagBag from /home/airflow/.local/lib/python3.7/site-packages/airflow/example_dags/tutorial.py
[2024-10-13T09:28:44.415+0000] {processor.py:809} INFO - DAG(s) dict_keys(['tutorial']) retrieved from /home/airflow/.local/lib/python3.7/site-packages/airflow/example_dags/tutorial.py
[2024-10-13T09:28:44.443+0000] {logging_mixin.py:149} INFO - [2024-10-13T09:28:44.443+0000] {dag.py:2726} INFO - Sync 1 DAGs
[2024-10-13T09:28:44.472+0000] {logging_mixin.py:149} INFO - [2024-10-13T09:28:44.471+0000] {dag.py:3490} INFO - Setting next_dagrun for tutorial to 2024-10-12T09:28:44.471704+00:00, run_after=2024-10-13T09:28:44.471704+00:00
[2024-10-13T09:28:44.490+0000] {processor.py:178} INFO - Processing /home/airflow/.local/lib/python3.7/site-packages/airflow/example_dags/tutorial.py took 0.087 seconds
[2024-10-13T09:29:14.734+0000] {processor.py:156} INFO - Started process (PID=322) to work on /home/airflow/.local/lib/python3.7/site-packages/airflow/example_dags/tutorial.py
[2024-10-13T09:29:14.735+0000] {processor.py:799} INFO - Processing file /home/airflow/.local/lib/python3.7/site-packages/airflow/example_dags/tutorial.py for tasks to queue
[2024-10-13T09:29:14.735+0000] {logging_mixin.py:149} INFO - [2024-10-13T09:29:14.735+0000] {dagbag.py:541} INFO - Filling up the DagBag from /home/airflow/.local/lib/python3.7/site-packages/airflow/example_dags/tutorial.py
[2024-10-13T09:29:14.743+0000] {processor.py:809} INFO - DAG(s) dict_keys(['tutorial']) retrieved from /home/airflow/.local/lib/python3.7/site-packages/airflow/example_dags/tutorial.py
[2024-10-13T09:29:14.771+0000] {logging_mixin.py:149} INFO - [2024-10-13T09:29:14.771+0000] {dag.py:2726} INFO - Sync 1 DAGs
[2024-10-13T09:29:14.803+0000] {logging_mixin.py:149} INFO - [2024-10-13T09:29:14.803+0000] {dag.py:3490} INFO - Setting next_dagrun for tutorial to 2024-10-12T09:29:14.803129+00:00, run_after=2024-10-13T09:29:14.803129+00:00
[2024-10-13T09:29:14.824+0000] {processor.py:178} INFO - Processing /home/airflow/.local/lib/python3.7/site-packages/airflow/example_dags/tutorial.py took 0.094 seconds
[2024-10-13T09:29:45.370+0000] {processor.py:156} INFO - Started process (PID=383) to work on /home/airflow/.local/lib/python3.7/site-packages/airflow/example_dags/tutorial.py
[2024-10-13T09:29:45.371+0000] {processor.py:799} INFO - Processing file /home/airflow/.local/lib/python3.7/site-packages/airflow/example_dags/tutorial.py for tasks to queue
[2024-10-13T09:29:45.372+0000] {logging_mixin.py:149} INFO - [2024-10-13T09:29:45.372+0000] {dagbag.py:541} INFO - Filling up the DagBag from /home/airflow/.local/lib/python3.7/site-packages/airflow/example_dags/tutorial.py
[2024-10-13T09:29:45.380+0000] {processor.py:809} INFO - DAG(s) dict_keys(['tutorial']) retrieved from /home/airflow/.local/lib/python3.7/site-packages/airflow/example_dags/tutorial.py
[2024-10-13T09:29:45.407+0000] {logging_mixin.py:149} INFO - [2024-10-13T09:29:45.407+0000] {dag.py:2726} INFO - Sync 1 DAGs
[2024-10-13T09:29:45.435+0000] {logging_mixin.py:149} INFO - [2024-10-13T09:29:45.435+0000] {dag.py:3490} INFO - Setting next_dagrun for tutorial to 2024-10-12T09:29:45.435230+00:00, run_after=2024-10-13T09:29:45.435230+00:00
[2024-10-13T09:29:45.453+0000] {processor.py:178} INFO - Processing /home/airflow/.local/lib/python3.7/site-packages/airflow/example_dags/tutorial.py took 0.086 seconds
[2024-10-13T09:30:15.913+0000] {processor.py:156} INFO - Started process (PID=444) to work on /home/airflow/.local/lib/python3.7/site-packages/airflow/example_dags/tutorial.py
[2024-10-13T09:30:15.914+0000] {processor.py:799} INFO - Processing file /home/airflow/.local/lib/python3.7/site-packages/airflow/example_dags/tutorial.py for tasks to queue
[2024-10-13T09:30:15.915+0000] {logging_mixin.py:149} INFO - [2024-10-13T09:30:15.914+0000] {dagbag.py:541} INFO - Filling up the DagBag from /home/airflow/.local/lib/python3.7/site-packages/airflow/example_dags/tutorial.py
[2024-10-13T09:30:15.925+0000] {processor.py:809} INFO - DAG(s) dict_keys(['tutorial']) retrieved from /home/airflow/.local/lib/python3.7/site-packages/airflow/example_dags/tutorial.py
[2024-10-13T09:30:15.957+0000] {logging_mixin.py:149} INFO - [2024-10-13T09:30:15.957+0000] {dag.py:2726} INFO - Sync 1 DAGs
[2024-10-13T09:30:16.002+0000] {logging_mixin.py:149} INFO - [2024-10-13T09:30:16.002+0000] {dag.py:3490} INFO - Setting next_dagrun for tutorial to 2024-10-12T09:30:16.002150+00:00, run_after=2024-10-13T09:30:16.002150+00:00
[2024-10-13T09:30:16.034+0000] {processor.py:178} INFO - Processing /home/airflow/.local/lib/python3.7/site-packages/airflow/example_dags/tutorial.py took 0.125 seconds
[2024-10-13T09:30:46.322+0000] {processor.py:156} INFO - Started process (PID=505) to work on /home/airflow/.local/lib/python3.7/site-packages/airflow/example_dags/tutorial.py
[2024-10-13T09:30:46.323+0000] {processor.py:799} INFO - Processing file /home/airflow/.local/lib/python3.7/site-packages/airflow/example_dags/tutorial.py for tasks to queue
[2024-10-13T09:30:46.324+0000] {logging_mixin.py:149} INFO - [2024-10-13T09:30:46.324+0000] {dagbag.py:541} INFO - Filling up the DagBag from /home/airflow/.local/lib/python3.7/site-packages/airflow/example_dags/tutorial.py
[2024-10-13T09:30:46.334+0000] {processor.py:809} INFO - DAG(s) dict_keys(['tutorial']) retrieved from /home/airflow/.local/lib/python3.7/site-packages/airflow/example_dags/tutorial.py
[2024-10-13T09:30:46.374+0000] {logging_mixin.py:149} INFO - [2024-10-13T09:30:46.374+0000] {dag.py:2726} INFO - Sync 1 DAGs
[2024-10-13T09:30:46.425+0000] {logging_mixin.py:149} INFO - [2024-10-13T09:30:46.424+0000] {dag.py:3490} INFO - Setting next_dagrun for tutorial to 2024-10-12T09:30:46.424692+00:00, run_after=2024-10-13T09:30:46.424692+00:00
[2024-10-13T09:30:46.455+0000] {processor.py:178} INFO - Processing /home/airflow/.local/lib/python3.7/site-packages/airflow/example_dags/tutorial.py took 0.139 seconds
[2024-10-13T09:31:16.920+0000] {processor.py:156} INFO - Started process (PID=566) to work on /home/airflow/.local/lib/python3.7/site-packages/airflow/example_dags/tutorial.py
[2024-10-13T09:31:16.921+0000] {processor.py:799} INFO - Processing file /home/airflow/.local/lib/python3.7/site-packages/airflow/example_dags/tutorial.py for tasks to queue
[2024-10-13T09:31:16.921+0000] {logging_mixin.py:149} INFO - [2024-10-13T09:31:16.921+0000] {dagbag.py:541} INFO - Filling up the DagBag from /home/airflow/.local/lib/python3.7/site-packages/airflow/example_dags/tutorial.py
[2024-10-13T09:31:16.929+0000] {processor.py:809} INFO - DAG(s) dict_keys(['tutorial']) retrieved from /home/airflow/.local/lib/python3.7/site-packages/airflow/example_dags/tutorial.py
[2024-10-13T09:31:16.961+0000] {logging_mixin.py:149} INFO - [2024-10-13T09:31:16.961+0000] {dag.py:2726} INFO - Sync 1 DAGs
[2024-10-13T09:31:17.015+0000] {logging_mixin.py:149} INFO - [2024-10-13T09:31:17.015+0000] {dag.py:3490} INFO - Setting next_dagrun for tutorial to 2024-10-12T09:31:17.014753+00:00, run_after=2024-10-13T09:31:17.014753+00:00
[2024-10-13T09:31:17.052+0000] {processor.py:178} INFO - Processing /home/airflow/.local/lib/python3.7/site-packages/airflow/example_dags/tutorial.py took 0.137 seconds
[2024-10-13T09:31:47.105+0000] {processor.py:156} INFO - Started process (PID=626) to work on /home/airflow/.local/lib/python3.7/site-packages/airflow/example_dags/tutorial.py
[2024-10-13T09:31:47.106+0000] {processor.py:799} INFO - Processing file /home/airflow/.local/lib/python3.7/site-packages/airflow/example_dags/tutorial.py for tasks to queue
[2024-10-13T09:31:47.106+0000] {logging_mixin.py:149} INFO - [2024-10-13T09:31:47.106+0000] {dagbag.py:541} INFO - Filling up the DagBag from /home/airflow/.local/lib/python3.7/site-packages/airflow/example_dags/tutorial.py
[2024-10-13T09:31:47.113+0000] {processor.py:809} INFO - DAG(s) dict_keys(['tutorial']) retrieved from /home/airflow/.local/lib/python3.7/site-packages/airflow/example_dags/tutorial.py
[2024-10-13T09:31:47.139+0000] {logging_mixin.py:149} INFO - [2024-10-13T09:31:47.139+0000] {dag.py:2726} INFO - Sync 1 DAGs
[2024-10-13T09:31:47.167+0000] {logging_mixin.py:149} INFO - [2024-10-13T09:31:47.166+0000] {dag.py:3490} INFO - Setting next_dagrun for tutorial to 2024-10-12T09:31:47.166651+00:00, run_after=2024-10-13T09:31:47.166651+00:00
[2024-10-13T09:31:47.185+0000] {processor.py:178} INFO - Processing /home/airflow/.local/lib/python3.7/site-packages/airflow/example_dags/tutorial.py took 0.084 seconds
[2024-10-13T09:32:17.434+0000] {processor.py:156} INFO - Started process (PID=687) to work on /home/airflow/.local/lib/python3.7/site-packages/airflow/example_dags/tutorial.py
[2024-10-13T09:32:17.435+0000] {processor.py:799} INFO - Processing file /home/airflow/.local/lib/python3.7/site-packages/airflow/example_dags/tutorial.py for tasks to queue
[2024-10-13T09:32:17.436+0000] {logging_mixin.py:149} INFO - [2024-10-13T09:32:17.436+0000] {dagbag.py:541} INFO - Filling up the DagBag from /home/airflow/.local/lib/python3.7/site-packages/airflow/example_dags/tutorial.py
[2024-10-13T09:32:17.446+0000] {processor.py:809} INFO - DAG(s) dict_keys(['tutorial']) retrieved from /home/airflow/.local/lib/python3.7/site-packages/airflow/example_dags/tutorial.py
[2024-10-13T09:32:17.476+0000] {logging_mixin.py:149} INFO - [2024-10-13T09:32:17.476+0000] {dag.py:2726} INFO - Sync 1 DAGs
[2024-10-13T09:32:17.512+0000] {logging_mixin.py:149} INFO - [2024-10-13T09:32:17.511+0000] {dag.py:3490} INFO - Setting next_dagrun for tutorial to 2024-10-12T09:32:17.511675+00:00, run_after=2024-10-13T09:32:17.511675+00:00
[2024-10-13T09:32:17.531+0000] {processor.py:178} INFO - Processing /home/airflow/.local/lib/python3.7/site-packages/airflow/example_dags/tutorial.py took 0.100 seconds
[2024-10-13T09:32:47.959+0000] {processor.py:156} INFO - Started process (PID=748) to work on /home/airflow/.local/lib/python3.7/site-packages/airflow/example_dags/tutorial.py
[2024-10-13T09:32:47.960+0000] {processor.py:799} INFO - Processing file /home/airflow/.local/lib/python3.7/site-packages/airflow/example_dags/tutorial.py for tasks to queue
[2024-10-13T09:32:47.961+0000] {logging_mixin.py:149} INFO - [2024-10-13T09:32:47.961+0000] {dagbag.py:541} INFO - Filling up the DagBag from /home/airflow/.local/lib/python3.7/site-packages/airflow/example_dags/tutorial.py
[2024-10-13T09:32:47.969+0000] {processor.py:809} INFO - DAG(s) dict_keys(['tutorial']) retrieved from /home/airflow/.local/lib/python3.7/site-packages/airflow/example_dags/tutorial.py
[2024-10-13T09:32:48.003+0000] {logging_mixin.py:149} INFO - [2024-10-13T09:32:48.003+0000] {dag.py:2726} INFO - Sync 1 DAGs
[2024-10-13T09:32:48.045+0000] {logging_mixin.py:149} INFO - [2024-10-13T09:32:48.045+0000] {dag.py:3490} INFO - Setting next_dagrun for tutorial to 2024-10-12T09:32:48.045403+00:00, run_after=2024-10-13T09:32:48.045403+00:00
[2024-10-13T09:32:48.069+0000] {processor.py:178} INFO - Processing /home/airflow/.local/lib/python3.7/site-packages/airflow/example_dags/tutorial.py took 0.114 seconds
[2024-10-13T09:33:19.015+0000] {processor.py:156} INFO - Started process (PID=809) to work on /home/airflow/.local/lib/python3.7/site-packages/airflow/example_dags/tutorial.py
[2024-10-13T09:33:19.015+0000] {processor.py:799} INFO - Processing file /home/airflow/.local/lib/python3.7/site-packages/airflow/example_dags/tutorial.py for tasks to queue
[2024-10-13T09:33:19.016+0000] {logging_mixin.py:149} INFO - [2024-10-13T09:33:19.016+0000] {dagbag.py:541} INFO - Filling up the DagBag from /home/airflow/.local/lib/python3.7/site-packages/airflow/example_dags/tutorial.py
[2024-10-13T09:33:19.024+0000] {processor.py:809} INFO - DAG(s) dict_keys(['tutorial']) retrieved from /home/airflow/.local/lib/python3.7/site-packages/airflow/example_dags/tutorial.py
[2024-10-13T09:33:19.054+0000] {logging_mixin.py:149} INFO - [2024-10-13T09:33:19.054+0000] {dag.py:2726} INFO - Sync 1 DAGs
[2024-10-13T09:33:19.090+0000] {logging_mixin.py:149} INFO - [2024-10-13T09:33:19.090+0000] {dag.py:3490} INFO - Setting next_dagrun for tutorial to 2024-10-12T09:33:19.090565+00:00, run_after=2024-10-13T09:33:19.090565+00:00
[2024-10-13T09:33:19.116+0000] {processor.py:178} INFO - Processing /home/airflow/.local/lib/python3.7/site-packages/airflow/example_dags/tutorial.py took 0.107 seconds
[2024-10-13T09:33:49.491+0000] {processor.py:156} INFO - Started process (PID=871) to work on /home/airflow/.local/lib/python3.7/site-packages/airflow/example_dags/tutorial.py
[2024-10-13T09:33:49.492+0000] {processor.py:799} INFO - Processing file /home/airflow/.local/lib/python3.7/site-packages/airflow/example_dags/tutorial.py for tasks to queue
[2024-10-13T09:33:49.492+0000] {logging_mixin.py:149} INFO - [2024-10-13T09:33:49.492+0000] {dagbag.py:541} INFO - Filling up the DagBag from /home/airflow/.local/lib/python3.7/site-packages/airflow/example_dags/tutorial.py
[2024-10-13T09:33:49.500+0000] {processor.py:809} INFO - DAG(s) dict_keys(['tutorial']) retrieved from /home/airflow/.local/lib/python3.7/site-packages/airflow/example_dags/tutorial.py
[2024-10-13T09:33:49.531+0000] {logging_mixin.py:149} INFO - [2024-10-13T09:33:49.531+0000] {dag.py:2726} INFO - Sync 1 DAGs
[2024-10-13T09:33:49.563+0000] {logging_mixin.py:149} INFO - [2024-10-13T09:33:49.563+0000] {dag.py:3490} INFO - Setting next_dagrun for tutorial to 2024-10-12T09:33:49.563092+00:00, run_after=2024-10-13T09:33:49.563092+00:00
[2024-10-13T09:33:49.584+0000] {processor.py:178} INFO - Processing /home/airflow/.local/lib/python3.7/site-packages/airflow/example_dags/tutorial.py took 0.097 seconds
[2024-10-13T09:34:20.137+0000] {processor.py:156} INFO - Started process (PID=932) to work on /home/airflow/.local/lib/python3.7/site-packages/airflow/example_dags/tutorial.py
[2024-10-13T09:34:20.138+0000] {processor.py:799} INFO - Processing file /home/airflow/.local/lib/python3.7/site-packages/airflow/example_dags/tutorial.py for tasks to queue
[2024-10-13T09:34:20.139+0000] {logging_mixin.py:149} INFO - [2024-10-13T09:34:20.139+0000] {dagbag.py:541} INFO - Filling up the DagBag from /home/airflow/.local/lib/python3.7/site-packages/airflow/example_dags/tutorial.py
[2024-10-13T09:34:20.148+0000] {processor.py:809} INFO - DAG(s) dict_keys(['tutorial']) retrieved from /home/airflow/.local/lib/python3.7/site-packages/airflow/example_dags/tutorial.py
[2024-10-13T09:34:20.178+0000] {logging_mixin.py:149} INFO - [2024-10-13T09:34:20.178+0000] {dag.py:2726} INFO - Sync 1 DAGs
[2024-10-13T09:34:20.213+0000] {logging_mixin.py:149} INFO - [2024-10-13T09:34:20.213+0000] {dag.py:3490} INFO - Setting next_dagrun for tutorial to 2024-10-12T09:34:20.212941+00:00, run_after=2024-10-13T09:34:20.212941+00:00
[2024-10-13T09:34:20.236+0000] {processor.py:178} INFO - Processing /home/airflow/.local/lib/python3.7/site-packages/airflow/example_dags/tutorial.py took 0.102 seconds
[2024-10-13T09:34:50.536+0000] {processor.py:156} INFO - Started process (PID=993) to work on /home/airflow/.local/lib/python3.7/site-packages/airflow/example_dags/tutorial.py
[2024-10-13T09:34:50.537+0000] {processor.py:799} INFO - Processing file /home/airflow/.local/lib/python3.7/site-packages/airflow/example_dags/tutorial.py for tasks to queue
[2024-10-13T09:34:50.538+0000] {logging_mixin.py:149} INFO - [2024-10-13T09:34:50.538+0000] {dagbag.py:541} INFO - Filling up the DagBag from /home/airflow/.local/lib/python3.7/site-packages/airflow/example_dags/tutorial.py
[2024-10-13T09:34:50.546+0000] {processor.py:809} INFO - DAG(s) dict_keys(['tutorial']) retrieved from /home/airflow/.local/lib/python3.7/site-packages/airflow/example_dags/tutorial.py
[2024-10-13T09:34:50.575+0000] {logging_mixin.py:149} INFO - [2024-10-13T09:34:50.575+0000] {dag.py:2726} INFO - Sync 1 DAGs
[2024-10-13T09:34:50.613+0000] {logging_mixin.py:149} INFO - [2024-10-13T09:34:50.613+0000] {dag.py:3490} INFO - Setting next_dagrun for tutorial to 2024-10-12T09:34:50.613174+00:00, run_after=2024-10-13T09:34:50.613174+00:00
[2024-10-13T09:34:50.635+0000] {processor.py:178} INFO - Processing /home/airflow/.local/lib/python3.7/site-packages/airflow/example_dags/tutorial.py took 0.102 seconds
[2024-10-13T09:35:20.944+0000] {processor.py:156} INFO - Started process (PID=1063) to work on /home/airflow/.local/lib/python3.7/site-packages/airflow/example_dags/tutorial.py
[2024-10-13T09:35:20.945+0000] {processor.py:799} INFO - Processing file /home/airflow/.local/lib/python3.7/site-packages/airflow/example_dags/tutorial.py for tasks to queue
[2024-10-13T09:35:20.946+0000] {logging_mixin.py:149} INFO - [2024-10-13T09:35:20.946+0000] {dagbag.py:541} INFO - Filling up the DagBag from /home/airflow/.local/lib/python3.7/site-packages/airflow/example_dags/tutorial.py
[2024-10-13T09:35:20.952+0000] {processor.py:809} INFO - DAG(s) dict_keys(['tutorial']) retrieved from /home/airflow/.local/lib/python3.7/site-packages/airflow/example_dags/tutorial.py
[2024-10-13T09:35:20.985+0000] {logging_mixin.py:149} INFO - [2024-10-13T09:35:20.985+0000] {dag.py:2726} INFO - Sync 1 DAGs
[2024-10-13T09:35:21.017+0000] {logging_mixin.py:149} INFO - [2024-10-13T09:35:21.017+0000] {dag.py:3490} INFO - Setting next_dagrun for tutorial to 2024-10-12T09:35:21.017289+00:00, run_after=2024-10-13T09:35:21.017289+00:00
[2024-10-13T09:35:21.040+0000] {processor.py:178} INFO - Processing /home/airflow/.local/lib/python3.7/site-packages/airflow/example_dags/tutorial.py took 0.099 seconds
[2024-10-13T09:35:51.507+0000] {processor.py:156} INFO - Started process (PID=1124) to work on /home/airflow/.local/lib/python3.7/site-packages/airflow/example_dags/tutorial.py
[2024-10-13T09:35:51.508+0000] {processor.py:799} INFO - Processing file /home/airflow/.local/lib/python3.7/site-packages/airflow/example_dags/tutorial.py for tasks to queue
[2024-10-13T09:35:51.509+0000] {logging_mixin.py:149} INFO - [2024-10-13T09:35:51.509+0000] {dagbag.py:541} INFO - Filling up the DagBag from /home/airflow/.local/lib/python3.7/site-packages/airflow/example_dags/tutorial.py
[2024-10-13T09:35:51.516+0000] {processor.py:809} INFO - DAG(s) dict_keys(['tutorial']) retrieved from /home/airflow/.local/lib/python3.7/site-packages/airflow/example_dags/tutorial.py
[2024-10-13T09:35:51.546+0000] {logging_mixin.py:149} INFO - [2024-10-13T09:35:51.546+0000] {dag.py:2726} INFO - Sync 1 DAGs
[2024-10-13T09:35:51.577+0000] {logging_mixin.py:149} INFO - [2024-10-13T09:35:51.577+0000] {dag.py:3490} INFO - Setting next_dagrun for tutorial to 2024-10-12T09:35:51.576982+00:00, run_after=2024-10-13T09:35:51.576982+00:00
[2024-10-13T09:35:51.605+0000] {processor.py:178} INFO - Processing /home/airflow/.local/lib/python3.7/site-packages/airflow/example_dags/tutorial.py took 0.102 seconds
[2024-10-13T09:36:21.994+0000] {processor.py:156} INFO - Started process (PID=1186) to work on /home/airflow/.local/lib/python3.7/site-packages/airflow/example_dags/tutorial.py
[2024-10-13T09:36:21.995+0000] {processor.py:799} INFO - Processing file /home/airflow/.local/lib/python3.7/site-packages/airflow/example_dags/tutorial.py for tasks to queue
[2024-10-13T09:36:21.996+0000] {logging_mixin.py:149} INFO - [2024-10-13T09:36:21.996+0000] {dagbag.py:541} INFO - Filling up the DagBag from /home/airflow/.local/lib/python3.7/site-packages/airflow/example_dags/tutorial.py
[2024-10-13T09:36:22.003+0000] {processor.py:809} INFO - DAG(s) dict_keys(['tutorial']) retrieved from /home/airflow/.local/lib/python3.7/site-packages/airflow/example_dags/tutorial.py
[2024-10-13T09:36:22.033+0000] {logging_mixin.py:149} INFO - [2024-10-13T09:36:22.033+0000] {dag.py:2726} INFO - Sync 1 DAGs
[2024-10-13T09:36:22.068+0000] {logging_mixin.py:149} INFO - [2024-10-13T09:36:22.068+0000] {dag.py:3490} INFO - Setting next_dagrun for tutorial to 2024-10-12T09:36:22.068180+00:00, run_after=2024-10-13T09:36:22.068180+00:00
[2024-10-13T09:36:22.093+0000] {processor.py:178} INFO - Processing /home/airflow/.local/lib/python3.7/site-packages/airflow/example_dags/tutorial.py took 0.104 seconds
[2024-10-13T09:36:52.231+0000] {processor.py:156} INFO - Started process (PID=1247) to work on /home/airflow/.local/lib/python3.7/site-packages/airflow/example_dags/tutorial.py
[2024-10-13T09:36:52.232+0000] {processor.py:799} INFO - Processing file /home/airflow/.local/lib/python3.7/site-packages/airflow/example_dags/tutorial.py for tasks to queue
[2024-10-13T09:36:52.232+0000] {logging_mixin.py:149} INFO - [2024-10-13T09:36:52.232+0000] {dagbag.py:541} INFO - Filling up the DagBag from /home/airflow/.local/lib/python3.7/site-packages/airflow/example_dags/tutorial.py
[2024-10-13T09:36:52.240+0000] {processor.py:809} INFO - DAG(s) dict_keys(['tutorial']) retrieved from /home/airflow/.local/lib/python3.7/site-packages/airflow/example_dags/tutorial.py
[2024-10-13T09:36:52.266+0000] {logging_mixin.py:149} INFO - [2024-10-13T09:36:52.266+0000] {dag.py:2726} INFO - Sync 1 DAGs
[2024-10-13T09:36:52.293+0000] {logging_mixin.py:149} INFO - [2024-10-13T09:36:52.293+0000] {dag.py:3490} INFO - Setting next_dagrun for tutorial to 2024-10-12T09:36:52.293379+00:00, run_after=2024-10-13T09:36:52.293379+00:00
[2024-10-13T09:36:52.312+0000] {processor.py:178} INFO - Processing /home/airflow/.local/lib/python3.7/site-packages/airflow/example_dags/tutorial.py took 0.085 seconds
[2024-10-13T09:37:22.568+0000] {processor.py:156} INFO - Started process (PID=1309) to work on /home/airflow/.local/lib/python3.7/site-packages/airflow/example_dags/tutorial.py
[2024-10-13T09:37:22.569+0000] {processor.py:799} INFO - Processing file /home/airflow/.local/lib/python3.7/site-packages/airflow/example_dags/tutorial.py for tasks to queue
[2024-10-13T09:37:22.570+0000] {logging_mixin.py:149} INFO - [2024-10-13T09:37:22.570+0000] {dagbag.py:541} INFO - Filling up the DagBag from /home/airflow/.local/lib/python3.7/site-packages/airflow/example_dags/tutorial.py
[2024-10-13T09:37:22.578+0000] {processor.py:809} INFO - DAG(s) dict_keys(['tutorial']) retrieved from /home/airflow/.local/lib/python3.7/site-packages/airflow/example_dags/tutorial.py
[2024-10-13T09:37:22.613+0000] {logging_mixin.py:149} INFO - [2024-10-13T09:37:22.613+0000] {dag.py:2726} INFO - Sync 1 DAGs
[2024-10-13T09:37:22.663+0000] {logging_mixin.py:149} INFO - [2024-10-13T09:37:22.663+0000] {dag.py:3490} INFO - Setting next_dagrun for tutorial to 2024-10-12T09:37:22.663019+00:00, run_after=2024-10-13T09:37:22.663019+00:00
[2024-10-13T09:37:22.693+0000] {processor.py:178} INFO - Processing /home/airflow/.local/lib/python3.7/site-packages/airflow/example_dags/tutorial.py took 0.129 seconds
[2024-10-13T09:37:52.969+0000] {processor.py:156} INFO - Started process (PID=1369) to work on /home/airflow/.local/lib/python3.7/site-packages/airflow/example_dags/tutorial.py
[2024-10-13T09:37:52.970+0000] {processor.py:799} INFO - Processing file /home/airflow/.local/lib/python3.7/site-packages/airflow/example_dags/tutorial.py for tasks to queue
[2024-10-13T09:37:52.971+0000] {logging_mixin.py:149} INFO - [2024-10-13T09:37:52.971+0000] {dagbag.py:541} INFO - Filling up the DagBag from /home/airflow/.local/lib/python3.7/site-packages/airflow/example_dags/tutorial.py
[2024-10-13T09:37:52.978+0000] {processor.py:809} INFO - DAG(s) dict_keys(['tutorial']) retrieved from /home/airflow/.local/lib/python3.7/site-packages/airflow/example_dags/tutorial.py
[2024-10-13T09:37:53.006+0000] {logging_mixin.py:149} INFO - [2024-10-13T09:37:53.006+0000] {dag.py:2726} INFO - Sync 1 DAGs
[2024-10-13T09:37:53.036+0000] {logging_mixin.py:149} INFO - [2024-10-13T09:37:53.036+0000] {dag.py:3490} INFO - Setting next_dagrun for tutorial to 2024-10-12T09:37:53.036251+00:00, run_after=2024-10-13T09:37:53.036251+00:00
[2024-10-13T09:37:53.055+0000] {processor.py:178} INFO - Processing /home/airflow/.local/lib/python3.7/site-packages/airflow/example_dags/tutorial.py took 0.090 seconds
[2024-10-13T09:38:23.863+0000] {processor.py:156} INFO - Started process (PID=1430) to work on /home/airflow/.local/lib/python3.7/site-packages/airflow/example_dags/tutorial.py
[2024-10-13T09:38:23.864+0000] {processor.py:799} INFO - Processing file /home/airflow/.local/lib/python3.7/site-packages/airflow/example_dags/tutorial.py for tasks to queue
[2024-10-13T09:38:23.864+0000] {logging_mixin.py:149} INFO - [2024-10-13T09:38:23.864+0000] {dagbag.py:541} INFO - Filling up the DagBag from /home/airflow/.local/lib/python3.7/site-packages/airflow/example_dags/tutorial.py
[2024-10-13T09:38:23.872+0000] {processor.py:809} INFO - DAG(s) dict_keys(['tutorial']) retrieved from /home/airflow/.local/lib/python3.7/site-packages/airflow/example_dags/tutorial.py
[2024-10-13T09:38:23.901+0000] {logging_mixin.py:149} INFO - [2024-10-13T09:38:23.901+0000] {dag.py:2726} INFO - Sync 1 DAGs
[2024-10-13T09:38:23.928+0000] {logging_mixin.py:149} INFO - [2024-10-13T09:38:23.928+0000] {dag.py:3490} INFO - Setting next_dagrun for tutorial to 2024-10-12T09:38:23.928492+00:00, run_after=2024-10-13T09:38:23.928492+00:00
[2024-10-13T09:38:23.948+0000] {processor.py:178} INFO - Processing /home/airflow/.local/lib/python3.7/site-packages/airflow/example_dags/tutorial.py took 0.088 seconds
[2024-10-13T09:38:54.514+0000] {processor.py:156} INFO - Started process (PID=1491) to work on /home/airflow/.local/lib/python3.7/site-packages/airflow/example_dags/tutorial.py
[2024-10-13T09:38:54.515+0000] {processor.py:799} INFO - Processing file /home/airflow/.local/lib/python3.7/site-packages/airflow/example_dags/tutorial.py for tasks to queue
[2024-10-13T09:38:54.516+0000] {logging_mixin.py:149} INFO - [2024-10-13T09:38:54.515+0000] {dagbag.py:541} INFO - Filling up the DagBag from /home/airflow/.local/lib/python3.7/site-packages/airflow/example_dags/tutorial.py
[2024-10-13T09:38:54.522+0000] {processor.py:809} INFO - DAG(s) dict_keys(['tutorial']) retrieved from /home/airflow/.local/lib/python3.7/site-packages/airflow/example_dags/tutorial.py
[2024-10-13T09:38:54.548+0000] {logging_mixin.py:149} INFO - [2024-10-13T09:38:54.548+0000] {dag.py:2726} INFO - Sync 1 DAGs
[2024-10-13T09:38:54.576+0000] {logging_mixin.py:149} INFO - [2024-10-13T09:38:54.575+0000] {dag.py:3490} INFO - Setting next_dagrun for tutorial to 2024-10-12T09:38:54.575656+00:00, run_after=2024-10-13T09:38:54.575656+00:00
[2024-10-13T09:38:54.594+0000] {processor.py:178} INFO - Processing /home/airflow/.local/lib/python3.7/site-packages/airflow/example_dags/tutorial.py took 0.084 seconds
[2024-10-13T09:39:25.069+0000] {processor.py:156} INFO - Started process (PID=1552) to work on /home/airflow/.local/lib/python3.7/site-packages/airflow/example_dags/tutorial.py
[2024-10-13T09:39:25.070+0000] {processor.py:799} INFO - Processing file /home/airflow/.local/lib/python3.7/site-packages/airflow/example_dags/tutorial.py for tasks to queue
[2024-10-13T09:39:25.071+0000] {logging_mixin.py:149} INFO - [2024-10-13T09:39:25.070+0000] {dagbag.py:541} INFO - Filling up the DagBag from /home/airflow/.local/lib/python3.7/site-packages/airflow/example_dags/tutorial.py
[2024-10-13T09:39:25.078+0000] {processor.py:809} INFO - DAG(s) dict_keys(['tutorial']) retrieved from /home/airflow/.local/lib/python3.7/site-packages/airflow/example_dags/tutorial.py
[2024-10-13T09:39:25.109+0000] {logging_mixin.py:149} INFO - [2024-10-13T09:39:25.108+0000] {dag.py:2726} INFO - Sync 1 DAGs
[2024-10-13T09:39:25.140+0000] {logging_mixin.py:149} INFO - [2024-10-13T09:39:25.140+0000] {dag.py:3490} INFO - Setting next_dagrun for tutorial to 2024-10-12T09:39:25.140089+00:00, run_after=2024-10-13T09:39:25.140089+00:00
[2024-10-13T09:39:25.162+0000] {processor.py:178} INFO - Processing /home/airflow/.local/lib/python3.7/site-packages/airflow/example_dags/tutorial.py took 0.098 seconds
[2024-10-13T09:39:55.380+0000] {processor.py:156} INFO - Started process (PID=1613) to work on /home/airflow/.local/lib/python3.7/site-packages/airflow/example_dags/tutorial.py
[2024-10-13T09:39:55.381+0000] {processor.py:799} INFO - Processing file /home/airflow/.local/lib/python3.7/site-packages/airflow/example_dags/tutorial.py for tasks to queue
[2024-10-13T09:39:55.382+0000] {logging_mixin.py:149} INFO - [2024-10-13T09:39:55.382+0000] {dagbag.py:541} INFO - Filling up the DagBag from /home/airflow/.local/lib/python3.7/site-packages/airflow/example_dags/tutorial.py
[2024-10-13T09:39:55.388+0000] {processor.py:809} INFO - DAG(s) dict_keys(['tutorial']) retrieved from /home/airflow/.local/lib/python3.7/site-packages/airflow/example_dags/tutorial.py
[2024-10-13T09:39:55.415+0000] {logging_mixin.py:149} INFO - [2024-10-13T09:39:55.415+0000] {dag.py:2726} INFO - Sync 1 DAGs
[2024-10-13T09:39:55.449+0000] {logging_mixin.py:149} INFO - [2024-10-13T09:39:55.449+0000] {dag.py:3490} INFO - Setting next_dagrun for tutorial to 2024-10-12T09:39:55.449265+00:00, run_after=2024-10-13T09:39:55.449265+00:00
[2024-10-13T09:39:55.471+0000] {processor.py:178} INFO - Processing /home/airflow/.local/lib/python3.7/site-packages/airflow/example_dags/tutorial.py took 0.094 seconds
[2024-10-13T09:40:25.677+0000] {processor.py:156} INFO - Started process (PID=1674) to work on /home/airflow/.local/lib/python3.7/site-packages/airflow/example_dags/tutorial.py
[2024-10-13T09:40:25.678+0000] {processor.py:799} INFO - Processing file /home/airflow/.local/lib/python3.7/site-packages/airflow/example_dags/tutorial.py for tasks to queue
[2024-10-13T09:40:25.678+0000] {logging_mixin.py:149} INFO - [2024-10-13T09:40:25.678+0000] {dagbag.py:541} INFO - Filling up the DagBag from /home/airflow/.local/lib/python3.7/site-packages/airflow/example_dags/tutorial.py
[2024-10-13T09:40:25.685+0000] {processor.py:809} INFO - DAG(s) dict_keys(['tutorial']) retrieved from /home/airflow/.local/lib/python3.7/site-packages/airflow/example_dags/tutorial.py
[2024-10-13T09:40:25.711+0000] {logging_mixin.py:149} INFO - [2024-10-13T09:40:25.711+0000] {dag.py:2726} INFO - Sync 1 DAGs
[2024-10-13T09:40:25.739+0000] {logging_mixin.py:149} INFO - [2024-10-13T09:40:25.739+0000] {dag.py:3490} INFO - Setting next_dagrun for tutorial to 2024-10-12T09:40:25.739411+00:00, run_after=2024-10-13T09:40:25.739411+00:00
[2024-10-13T09:40:25.759+0000] {processor.py:178} INFO - Processing /home/airflow/.local/lib/python3.7/site-packages/airflow/example_dags/tutorial.py took 0.085 seconds
[2024-10-13T09:40:56.202+0000] {processor.py:156} INFO - Started process (PID=1735) to work on /home/airflow/.local/lib/python3.7/site-packages/airflow/example_dags/tutorial.py
[2024-10-13T09:40:56.203+0000] {processor.py:799} INFO - Processing file /home/airflow/.local/lib/python3.7/site-packages/airflow/example_dags/tutorial.py for tasks to queue
[2024-10-13T09:40:56.204+0000] {logging_mixin.py:149} INFO - [2024-10-13T09:40:56.203+0000] {dagbag.py:541} INFO - Filling up the DagBag from /home/airflow/.local/lib/python3.7/site-packages/airflow/example_dags/tutorial.py
[2024-10-13T09:40:56.210+0000] {processor.py:809} INFO - DAG(s) dict_keys(['tutorial']) retrieved from /home/airflow/.local/lib/python3.7/site-packages/airflow/example_dags/tutorial.py
[2024-10-13T09:40:56.235+0000] {logging_mixin.py:149} INFO - [2024-10-13T09:40:56.235+0000] {dag.py:2726} INFO - Sync 1 DAGs
[2024-10-13T09:40:56.262+0000] {logging_mixin.py:149} INFO - [2024-10-13T09:40:56.262+0000] {dag.py:3490} INFO - Setting next_dagrun for tutorial to 2024-10-12T09:40:56.261908+00:00, run_after=2024-10-13T09:40:56.261908+00:00
[2024-10-13T09:40:56.283+0000] {processor.py:178} INFO - Processing /home/airflow/.local/lib/python3.7/site-packages/airflow/example_dags/tutorial.py took 0.085 seconds
[2024-10-13T09:41:26.514+0000] {processor.py:156} INFO - Started process (PID=1796) to work on /home/airflow/.local/lib/python3.7/site-packages/airflow/example_dags/tutorial.py
[2024-10-13T09:41:26.515+0000] {processor.py:799} INFO - Processing file /home/airflow/.local/lib/python3.7/site-packages/airflow/example_dags/tutorial.py for tasks to queue
[2024-10-13T09:41:26.515+0000] {logging_mixin.py:149} INFO - [2024-10-13T09:41:26.515+0000] {dagbag.py:541} INFO - Filling up the DagBag from /home/airflow/.local/lib/python3.7/site-packages/airflow/example_dags/tutorial.py
[2024-10-13T09:41:26.522+0000] {processor.py:809} INFO - DAG(s) dict_keys(['tutorial']) retrieved from /home/airflow/.local/lib/python3.7/site-packages/airflow/example_dags/tutorial.py
[2024-10-13T09:41:26.546+0000] {logging_mixin.py:149} INFO - [2024-10-13T09:41:26.546+0000] {dag.py:2726} INFO - Sync 1 DAGs
[2024-10-13T09:41:26.575+0000] {logging_mixin.py:149} INFO - [2024-10-13T09:41:26.575+0000] {dag.py:3490} INFO - Setting next_dagrun for tutorial to 2024-10-12T09:41:26.575389+00:00, run_after=2024-10-13T09:41:26.575389+00:00
[2024-10-13T09:41:26.594+0000] {processor.py:178} INFO - Processing /home/airflow/.local/lib/python3.7/site-packages/airflow/example_dags/tutorial.py took 0.084 seconds
[2024-10-13T09:41:57.238+0000] {processor.py:156} INFO - Started process (PID=1857) to work on /home/airflow/.local/lib/python3.7/site-packages/airflow/example_dags/tutorial.py
[2024-10-13T09:41:57.239+0000] {processor.py:799} INFO - Processing file /home/airflow/.local/lib/python3.7/site-packages/airflow/example_dags/tutorial.py for tasks to queue
[2024-10-13T09:41:57.240+0000] {logging_mixin.py:149} INFO - [2024-10-13T09:41:57.239+0000] {dagbag.py:541} INFO - Filling up the DagBag from /home/airflow/.local/lib/python3.7/site-packages/airflow/example_dags/tutorial.py
[2024-10-13T09:41:57.247+0000] {processor.py:809} INFO - DAG(s) dict_keys(['tutorial']) retrieved from /home/airflow/.local/lib/python3.7/site-packages/airflow/example_dags/tutorial.py
[2024-10-13T09:41:57.275+0000] {logging_mixin.py:149} INFO - [2024-10-13T09:41:57.275+0000] {dag.py:2726} INFO - Sync 1 DAGs
[2024-10-13T09:41:57.304+0000] {logging_mixin.py:149} INFO - [2024-10-13T09:41:57.304+0000] {dag.py:3490} INFO - Setting next_dagrun for tutorial to 2024-10-12T09:41:57.304383+00:00, run_after=2024-10-13T09:41:57.304383+00:00
[2024-10-13T09:41:57.331+0000] {processor.py:178} INFO - Processing /home/airflow/.local/lib/python3.7/site-packages/airflow/example_dags/tutorial.py took 0.097 seconds
[2024-10-13T09:42:27.791+0000] {processor.py:156} INFO - Started process (PID=1918) to work on /home/airflow/.local/lib/python3.7/site-packages/airflow/example_dags/tutorial.py
[2024-10-13T09:42:27.792+0000] {processor.py:799} INFO - Processing file /home/airflow/.local/lib/python3.7/site-packages/airflow/example_dags/tutorial.py for tasks to queue
[2024-10-13T09:42:27.792+0000] {logging_mixin.py:149} INFO - [2024-10-13T09:42:27.792+0000] {dagbag.py:541} INFO - Filling up the DagBag from /home/airflow/.local/lib/python3.7/site-packages/airflow/example_dags/tutorial.py
[2024-10-13T09:42:27.798+0000] {processor.py:809} INFO - DAG(s) dict_keys(['tutorial']) retrieved from /home/airflow/.local/lib/python3.7/site-packages/airflow/example_dags/tutorial.py
[2024-10-13T09:42:27.822+0000] {logging_mixin.py:149} INFO - [2024-10-13T09:42:27.822+0000] {dag.py:2726} INFO - Sync 1 DAGs
[2024-10-13T09:42:27.848+0000] {logging_mixin.py:149} INFO - [2024-10-13T09:42:27.847+0000] {dag.py:3490} INFO - Setting next_dagrun for tutorial to 2024-10-12T09:42:27.847770+00:00, run_after=2024-10-13T09:42:27.847770+00:00
[2024-10-13T09:42:27.867+0000] {processor.py:178} INFO - Processing /home/airflow/.local/lib/python3.7/site-packages/airflow/example_dags/tutorial.py took 0.080 seconds
[2024-10-13T09:42:58.007+0000] {processor.py:156} INFO - Started process (PID=1979) to work on /home/airflow/.local/lib/python3.7/site-packages/airflow/example_dags/tutorial.py
[2024-10-13T09:42:58.008+0000] {processor.py:799} INFO - Processing file /home/airflow/.local/lib/python3.7/site-packages/airflow/example_dags/tutorial.py for tasks to queue
[2024-10-13T09:42:58.008+0000] {logging_mixin.py:149} INFO - [2024-10-13T09:42:58.008+0000] {dagbag.py:541} INFO - Filling up the DagBag from /home/airflow/.local/lib/python3.7/site-packages/airflow/example_dags/tutorial.py
[2024-10-13T09:42:58.015+0000] {processor.py:809} INFO - DAG(s) dict_keys(['tutorial']) retrieved from /home/airflow/.local/lib/python3.7/site-packages/airflow/example_dags/tutorial.py
[2024-10-13T09:42:58.039+0000] {logging_mixin.py:149} INFO - [2024-10-13T09:42:58.038+0000] {dag.py:2726} INFO - Sync 1 DAGs
[2024-10-13T09:42:58.064+0000] {logging_mixin.py:149} INFO - [2024-10-13T09:42:58.064+0000] {dag.py:3490} INFO - Setting next_dagrun for tutorial to 2024-10-12T09:42:58.064434+00:00, run_after=2024-10-13T09:42:58.064434+00:00
[2024-10-13T09:42:58.082+0000] {processor.py:178} INFO - Processing /home/airflow/.local/lib/python3.7/site-packages/airflow/example_dags/tutorial.py took 0.079 seconds
[2024-10-13T09:43:28.120+0000] {processor.py:156} INFO - Started process (PID=2040) to work on /home/airflow/.local/lib/python3.7/site-packages/airflow/example_dags/tutorial.py
[2024-10-13T09:43:28.121+0000] {processor.py:799} INFO - Processing file /home/airflow/.local/lib/python3.7/site-packages/airflow/example_dags/tutorial.py for tasks to queue
[2024-10-13T09:43:28.121+0000] {logging_mixin.py:149} INFO - [2024-10-13T09:43:28.121+0000] {dagbag.py:541} INFO - Filling up the DagBag from /home/airflow/.local/lib/python3.7/site-packages/airflow/example_dags/tutorial.py
[2024-10-13T09:43:28.128+0000] {processor.py:809} INFO - DAG(s) dict_keys(['tutorial']) retrieved from /home/airflow/.local/lib/python3.7/site-packages/airflow/example_dags/tutorial.py
[2024-10-13T09:43:28.154+0000] {logging_mixin.py:149} INFO - [2024-10-13T09:43:28.154+0000] {dag.py:2726} INFO - Sync 1 DAGs
[2024-10-13T09:43:28.186+0000] {logging_mixin.py:149} INFO - [2024-10-13T09:43:28.186+0000] {dag.py:3490} INFO - Setting next_dagrun for tutorial to 2024-10-12T09:43:28.186233+00:00, run_after=2024-10-13T09:43:28.186233+00:00
[2024-10-13T09:43:28.204+0000] {processor.py:178} INFO - Processing /home/airflow/.local/lib/python3.7/site-packages/airflow/example_dags/tutorial.py took 0.088 seconds
[2024-10-13T09:43:58.439+0000] {processor.py:156} INFO - Started process (PID=2101) to work on /home/airflow/.local/lib/python3.7/site-packages/airflow/example_dags/tutorial.py
[2024-10-13T09:43:58.440+0000] {processor.py:799} INFO - Processing file /home/airflow/.local/lib/python3.7/site-packages/airflow/example_dags/tutorial.py for tasks to queue
[2024-10-13T09:43:58.441+0000] {logging_mixin.py:149} INFO - [2024-10-13T09:43:58.441+0000] {dagbag.py:541} INFO - Filling up the DagBag from /home/airflow/.local/lib/python3.7/site-packages/airflow/example_dags/tutorial.py
[2024-10-13T09:43:58.447+0000] {processor.py:809} INFO - DAG(s) dict_keys(['tutorial']) retrieved from /home/airflow/.local/lib/python3.7/site-packages/airflow/example_dags/tutorial.py
[2024-10-13T09:43:58.473+0000] {logging_mixin.py:149} INFO - [2024-10-13T09:43:58.473+0000] {dag.py:2726} INFO - Sync 1 DAGs
[2024-10-13T09:43:58.500+0000] {logging_mixin.py:149} INFO - [2024-10-13T09:43:58.499+0000] {dag.py:3490} INFO - Setting next_dagrun for tutorial to 2024-10-12T09:43:58.499651+00:00, run_after=2024-10-13T09:43:58.499651+00:00
[2024-10-13T09:43:58.518+0000] {processor.py:178} INFO - Processing /home/airflow/.local/lib/python3.7/site-packages/airflow/example_dags/tutorial.py took 0.082 seconds
[2024-10-13T09:44:29.013+0000] {processor.py:156} INFO - Started process (PID=2162) to work on /home/airflow/.local/lib/python3.7/site-packages/airflow/example_dags/tutorial.py
[2024-10-13T09:44:29.013+0000] {processor.py:799} INFO - Processing file /home/airflow/.local/lib/python3.7/site-packages/airflow/example_dags/tutorial.py for tasks to queue
[2024-10-13T09:44:29.014+0000] {logging_mixin.py:149} INFO - [2024-10-13T09:44:29.014+0000] {dagbag.py:541} INFO - Filling up the DagBag from /home/airflow/.local/lib/python3.7/site-packages/airflow/example_dags/tutorial.py
[2024-10-13T09:44:29.020+0000] {processor.py:809} INFO - DAG(s) dict_keys(['tutorial']) retrieved from /home/airflow/.local/lib/python3.7/site-packages/airflow/example_dags/tutorial.py
[2024-10-13T09:44:29.046+0000] {logging_mixin.py:149} INFO - [2024-10-13T09:44:29.046+0000] {dag.py:2726} INFO - Sync 1 DAGs
[2024-10-13T09:44:29.073+0000] {logging_mixin.py:149} INFO - [2024-10-13T09:44:29.073+0000] {dag.py:3490} INFO - Setting next_dagrun for tutorial to 2024-10-12T09:44:29.072821+00:00, run_after=2024-10-13T09:44:29.072821+00:00
[2024-10-13T09:44:29.090+0000] {processor.py:178} INFO - Processing /home/airflow/.local/lib/python3.7/site-packages/airflow/example_dags/tutorial.py took 0.082 seconds
[2024-10-13T09:44:59.341+0000] {processor.py:156} INFO - Started process (PID=2223) to work on /home/airflow/.local/lib/python3.7/site-packages/airflow/example_dags/tutorial.py
[2024-10-13T09:44:59.342+0000] {processor.py:799} INFO - Processing file /home/airflow/.local/lib/python3.7/site-packages/airflow/example_dags/tutorial.py for tasks to queue
[2024-10-13T09:44:59.343+0000] {logging_mixin.py:149} INFO - [2024-10-13T09:44:59.343+0000] {dagbag.py:541} INFO - Filling up the DagBag from /home/airflow/.local/lib/python3.7/site-packages/airflow/example_dags/tutorial.py
[2024-10-13T09:44:59.349+0000] {processor.py:809} INFO - DAG(s) dict_keys(['tutorial']) retrieved from /home/airflow/.local/lib/python3.7/site-packages/airflow/example_dags/tutorial.py
[2024-10-13T09:44:59.373+0000] {logging_mixin.py:149} INFO - [2024-10-13T09:44:59.372+0000] {dag.py:2726} INFO - Sync 1 DAGs
[2024-10-13T09:44:59.399+0000] {logging_mixin.py:149} INFO - [2024-10-13T09:44:59.399+0000] {dag.py:3490} INFO - Setting next_dagrun for tutorial to 2024-10-12T09:44:59.399373+00:00, run_after=2024-10-13T09:44:59.399373+00:00
[2024-10-13T09:44:59.417+0000] {processor.py:178} INFO - Processing /home/airflow/.local/lib/python3.7/site-packages/airflow/example_dags/tutorial.py took 0.079 seconds
[2024-10-13T09:45:29.798+0000] {processor.py:156} INFO - Started process (PID=2284) to work on /home/airflow/.local/lib/python3.7/site-packages/airflow/example_dags/tutorial.py
[2024-10-13T09:45:29.799+0000] {processor.py:799} INFO - Processing file /home/airflow/.local/lib/python3.7/site-packages/airflow/example_dags/tutorial.py for tasks to queue
[2024-10-13T09:45:29.799+0000] {logging_mixin.py:149} INFO - [2024-10-13T09:45:29.799+0000] {dagbag.py:541} INFO - Filling up the DagBag from /home/airflow/.local/lib/python3.7/site-packages/airflow/example_dags/tutorial.py
[2024-10-13T09:45:29.805+0000] {processor.py:809} INFO - DAG(s) dict_keys(['tutorial']) retrieved from /home/airflow/.local/lib/python3.7/site-packages/airflow/example_dags/tutorial.py
[2024-10-13T09:45:29.829+0000] {logging_mixin.py:149} INFO - [2024-10-13T09:45:29.828+0000] {dag.py:2726} INFO - Sync 1 DAGs
[2024-10-13T09:45:29.860+0000] {logging_mixin.py:149} INFO - [2024-10-13T09:45:29.860+0000] {dag.py:3490} INFO - Setting next_dagrun for tutorial to 2024-10-12T09:45:29.859906+00:00, run_after=2024-10-13T09:45:29.859906+00:00
[2024-10-13T09:45:29.878+0000] {processor.py:178} INFO - Processing /home/airflow/.local/lib/python3.7/site-packages/airflow/example_dags/tutorial.py took 0.084 seconds
[2024-10-13T09:45:59.928+0000] {processor.py:156} INFO - Started process (PID=2345) to work on /home/airflow/.local/lib/python3.7/site-packages/airflow/example_dags/tutorial.py
[2024-10-13T09:45:59.929+0000] {processor.py:799} INFO - Processing file /home/airflow/.local/lib/python3.7/site-packages/airflow/example_dags/tutorial.py for tasks to queue
[2024-10-13T09:45:59.930+0000] {logging_mixin.py:149} INFO - [2024-10-13T09:45:59.929+0000] {dagbag.py:541} INFO - Filling up the DagBag from /home/airflow/.local/lib/python3.7/site-packages/airflow/example_dags/tutorial.py
[2024-10-13T09:45:59.936+0000] {processor.py:809} INFO - DAG(s) dict_keys(['tutorial']) retrieved from /home/airflow/.local/lib/python3.7/site-packages/airflow/example_dags/tutorial.py
[2024-10-13T09:45:59.963+0000] {logging_mixin.py:149} INFO - [2024-10-13T09:45:59.963+0000] {dag.py:2726} INFO - Sync 1 DAGs
[2024-10-13T09:45:59.991+0000] {logging_mixin.py:149} INFO - [2024-10-13T09:45:59.990+0000] {dag.py:3490} INFO - Setting next_dagrun for tutorial to 2024-10-12T09:45:59.990637+00:00, run_after=2024-10-13T09:45:59.990637+00:00
[2024-10-13T09:46:00.010+0000] {processor.py:178} INFO - Processing /home/airflow/.local/lib/python3.7/site-packages/airflow/example_dags/tutorial.py took 0.085 seconds
[2024-10-13T09:46:30.338+0000] {processor.py:156} INFO - Started process (PID=2406) to work on /home/airflow/.local/lib/python3.7/site-packages/airflow/example_dags/tutorial.py
[2024-10-13T09:46:30.339+0000] {processor.py:799} INFO - Processing file /home/airflow/.local/lib/python3.7/site-packages/airflow/example_dags/tutorial.py for tasks to queue
[2024-10-13T09:46:30.340+0000] {logging_mixin.py:149} INFO - [2024-10-13T09:46:30.340+0000] {dagbag.py:541} INFO - Filling up the DagBag from /home/airflow/.local/lib/python3.7/site-packages/airflow/example_dags/tutorial.py
[2024-10-13T09:46:30.346+0000] {processor.py:809} INFO - DAG(s) dict_keys(['tutorial']) retrieved from /home/airflow/.local/lib/python3.7/site-packages/airflow/example_dags/tutorial.py
[2024-10-13T09:46:30.374+0000] {logging_mixin.py:149} INFO - [2024-10-13T09:46:30.373+0000] {dag.py:2726} INFO - Sync 1 DAGs
[2024-10-13T09:46:30.401+0000] {logging_mixin.py:149} INFO - [2024-10-13T09:46:30.401+0000] {dag.py:3490} INFO - Setting next_dagrun for tutorial to 2024-10-12T09:46:30.401537+00:00, run_after=2024-10-13T09:46:30.401537+00:00
[2024-10-13T09:46:30.423+0000] {processor.py:178} INFO - Processing /home/airflow/.local/lib/python3.7/site-packages/airflow/example_dags/tutorial.py took 0.088 seconds
[2024-10-13T09:47:00.832+0000] {processor.py:156} INFO - Started process (PID=2467) to work on /home/airflow/.local/lib/python3.7/site-packages/airflow/example_dags/tutorial.py
[2024-10-13T09:47:00.833+0000] {processor.py:799} INFO - Processing file /home/airflow/.local/lib/python3.7/site-packages/airflow/example_dags/tutorial.py for tasks to queue
[2024-10-13T09:47:00.833+0000] {logging_mixin.py:149} INFO - [2024-10-13T09:47:00.833+0000] {dagbag.py:541} INFO - Filling up the DagBag from /home/airflow/.local/lib/python3.7/site-packages/airflow/example_dags/tutorial.py
[2024-10-13T09:47:00.840+0000] {processor.py:809} INFO - DAG(s) dict_keys(['tutorial']) retrieved from /home/airflow/.local/lib/python3.7/site-packages/airflow/example_dags/tutorial.py
[2024-10-13T09:47:00.864+0000] {logging_mixin.py:149} INFO - [2024-10-13T09:47:00.864+0000] {dag.py:2726} INFO - Sync 1 DAGs
[2024-10-13T09:47:00.890+0000] {logging_mixin.py:149} INFO - [2024-10-13T09:47:00.890+0000] {dag.py:3490} INFO - Setting next_dagrun for tutorial to 2024-10-12T09:47:00.889840+00:00, run_after=2024-10-13T09:47:00.889840+00:00
[2024-10-13T09:47:00.908+0000] {processor.py:178} INFO - Processing /home/airflow/.local/lib/python3.7/site-packages/airflow/example_dags/tutorial.py took 0.079 seconds
[2024-10-13T09:47:31.380+0000] {processor.py:156} INFO - Started process (PID=2528) to work on /home/airflow/.local/lib/python3.7/site-packages/airflow/example_dags/tutorial.py
[2024-10-13T09:47:31.381+0000] {processor.py:799} INFO - Processing file /home/airflow/.local/lib/python3.7/site-packages/airflow/example_dags/tutorial.py for tasks to queue
[2024-10-13T09:47:31.381+0000] {logging_mixin.py:149} INFO - [2024-10-13T09:47:31.381+0000] {dagbag.py:541} INFO - Filling up the DagBag from /home/airflow/.local/lib/python3.7/site-packages/airflow/example_dags/tutorial.py
[2024-10-13T09:47:31.387+0000] {processor.py:809} INFO - DAG(s) dict_keys(['tutorial']) retrieved from /home/airflow/.local/lib/python3.7/site-packages/airflow/example_dags/tutorial.py
[2024-10-13T09:47:31.411+0000] {logging_mixin.py:149} INFO - [2024-10-13T09:47:31.411+0000] {dag.py:2726} INFO - Sync 1 DAGs
[2024-10-13T09:47:31.439+0000] {logging_mixin.py:149} INFO - [2024-10-13T09:47:31.439+0000] {dag.py:3490} INFO - Setting next_dagrun for tutorial to 2024-10-12T09:47:31.439366+00:00, run_after=2024-10-13T09:47:31.439366+00:00
[2024-10-13T09:47:31.459+0000] {processor.py:178} INFO - Processing /home/airflow/.local/lib/python3.7/site-packages/airflow/example_dags/tutorial.py took 0.082 seconds
[2024-10-13T09:48:02.031+0000] {processor.py:156} INFO - Started process (PID=2589) to work on /home/airflow/.local/lib/python3.7/site-packages/airflow/example_dags/tutorial.py
[2024-10-13T09:48:02.032+0000] {processor.py:799} INFO - Processing file /home/airflow/.local/lib/python3.7/site-packages/airflow/example_dags/tutorial.py for tasks to queue
[2024-10-13T09:48:02.032+0000] {logging_mixin.py:149} INFO - [2024-10-13T09:48:02.032+0000] {dagbag.py:541} INFO - Filling up the DagBag from /home/airflow/.local/lib/python3.7/site-packages/airflow/example_dags/tutorial.py
[2024-10-13T09:48:02.038+0000] {processor.py:809} INFO - DAG(s) dict_keys(['tutorial']) retrieved from /home/airflow/.local/lib/python3.7/site-packages/airflow/example_dags/tutorial.py
[2024-10-13T09:48:02.062+0000] {logging_mixin.py:149} INFO - [2024-10-13T09:48:02.062+0000] {dag.py:2726} INFO - Sync 1 DAGs
[2024-10-13T09:48:02.088+0000] {logging_mixin.py:149} INFO - [2024-10-13T09:48:02.088+0000] {dag.py:3490} INFO - Setting next_dagrun for tutorial to 2024-10-12T09:48:02.087781+00:00, run_after=2024-10-13T09:48:02.087781+00:00
[2024-10-13T09:48:02.106+0000] {processor.py:178} INFO - Processing /home/airflow/.local/lib/python3.7/site-packages/airflow/example_dags/tutorial.py took 0.078 seconds
[2024-10-13T09:48:32.309+0000] {processor.py:156} INFO - Started process (PID=2650) to work on /home/airflow/.local/lib/python3.7/site-packages/airflow/example_dags/tutorial.py
[2024-10-13T09:48:32.310+0000] {processor.py:799} INFO - Processing file /home/airflow/.local/lib/python3.7/site-packages/airflow/example_dags/tutorial.py for tasks to queue
[2024-10-13T09:48:32.310+0000] {logging_mixin.py:149} INFO - [2024-10-13T09:48:32.310+0000] {dagbag.py:541} INFO - Filling up the DagBag from /home/airflow/.local/lib/python3.7/site-packages/airflow/example_dags/tutorial.py
[2024-10-13T09:48:32.316+0000] {processor.py:809} INFO - DAG(s) dict_keys(['tutorial']) retrieved from /home/airflow/.local/lib/python3.7/site-packages/airflow/example_dags/tutorial.py
[2024-10-13T09:48:32.341+0000] {logging_mixin.py:149} INFO - [2024-10-13T09:48:32.341+0000] {dag.py:2726} INFO - Sync 1 DAGs
[2024-10-13T09:48:32.372+0000] {logging_mixin.py:149} INFO - [2024-10-13T09:48:32.371+0000] {dag.py:3490} INFO - Setting next_dagrun for tutorial to 2024-10-12T09:48:32.370906+00:00, run_after=2024-10-13T09:48:32.370906+00:00
[2024-10-13T09:48:32.389+0000] {processor.py:178} INFO - Processing /home/airflow/.local/lib/python3.7/site-packages/airflow/example_dags/tutorial.py took 0.083 seconds
[2024-10-13T09:49:02.448+0000] {processor.py:156} INFO - Started process (PID=2711) to work on /home/airflow/.local/lib/python3.7/site-packages/airflow/example_dags/tutorial.py
[2024-10-13T09:49:02.449+0000] {processor.py:799} INFO - Processing file /home/airflow/.local/lib/python3.7/site-packages/airflow/example_dags/tutorial.py for tasks to queue
[2024-10-13T09:49:02.450+0000] {logging_mixin.py:149} INFO - [2024-10-13T09:49:02.449+0000] {dagbag.py:541} INFO - Filling up the DagBag from /home/airflow/.local/lib/python3.7/site-packages/airflow/example_dags/tutorial.py
[2024-10-13T09:49:02.457+0000] {processor.py:809} INFO - DAG(s) dict_keys(['tutorial']) retrieved from /home/airflow/.local/lib/python3.7/site-packages/airflow/example_dags/tutorial.py
[2024-10-13T09:49:02.486+0000] {logging_mixin.py:149} INFO - [2024-10-13T09:49:02.486+0000] {dag.py:2726} INFO - Sync 1 DAGs
[2024-10-13T09:49:02.521+0000] {logging_mixin.py:149} INFO - [2024-10-13T09:49:02.520+0000] {dag.py:3490} INFO - Setting next_dagrun for tutorial to 2024-10-12T09:49:02.520633+00:00, run_after=2024-10-13T09:49:02.520633+00:00
[2024-10-13T09:49:02.544+0000] {processor.py:178} INFO - Processing /home/airflow/.local/lib/python3.7/site-packages/airflow/example_dags/tutorial.py took 0.099 seconds
[2024-10-13T09:49:33.049+0000] {processor.py:156} INFO - Started process (PID=2772) to work on /home/airflow/.local/lib/python3.7/site-packages/airflow/example_dags/tutorial.py
[2024-10-13T09:49:33.050+0000] {processor.py:799} INFO - Processing file /home/airflow/.local/lib/python3.7/site-packages/airflow/example_dags/tutorial.py for tasks to queue
[2024-10-13T09:49:33.051+0000] {logging_mixin.py:149} INFO - [2024-10-13T09:49:33.051+0000] {dagbag.py:541} INFO - Filling up the DagBag from /home/airflow/.local/lib/python3.7/site-packages/airflow/example_dags/tutorial.py
[2024-10-13T09:49:33.057+0000] {processor.py:809} INFO - DAG(s) dict_keys(['tutorial']) retrieved from /home/airflow/.local/lib/python3.7/site-packages/airflow/example_dags/tutorial.py
[2024-10-13T09:49:33.080+0000] {logging_mixin.py:149} INFO - [2024-10-13T09:49:33.080+0000] {dag.py:2726} INFO - Sync 1 DAGs
[2024-10-13T09:49:33.106+0000] {logging_mixin.py:149} INFO - [2024-10-13T09:49:33.106+0000] {dag.py:3490} INFO - Setting next_dagrun for tutorial to 2024-10-12T09:49:33.106432+00:00, run_after=2024-10-13T09:49:33.106432+00:00
[2024-10-13T09:49:33.124+0000] {processor.py:178} INFO - Processing /home/airflow/.local/lib/python3.7/site-packages/airflow/example_dags/tutorial.py took 0.078 seconds
[2024-10-13T09:50:03.207+0000] {processor.py:156} INFO - Started process (PID=2833) to work on /home/airflow/.local/lib/python3.7/site-packages/airflow/example_dags/tutorial.py
[2024-10-13T09:50:03.207+0000] {processor.py:799} INFO - Processing file /home/airflow/.local/lib/python3.7/site-packages/airflow/example_dags/tutorial.py for tasks to queue
[2024-10-13T09:50:03.208+0000] {logging_mixin.py:149} INFO - [2024-10-13T09:50:03.208+0000] {dagbag.py:541} INFO - Filling up the DagBag from /home/airflow/.local/lib/python3.7/site-packages/airflow/example_dags/tutorial.py
[2024-10-13T09:50:03.214+0000] {processor.py:809} INFO - DAG(s) dict_keys(['tutorial']) retrieved from /home/airflow/.local/lib/python3.7/site-packages/airflow/example_dags/tutorial.py
[2024-10-13T09:50:03.237+0000] {logging_mixin.py:149} INFO - [2024-10-13T09:50:03.237+0000] {dag.py:2726} INFO - Sync 1 DAGs
[2024-10-13T09:50:03.263+0000] {logging_mixin.py:149} INFO - [2024-10-13T09:50:03.263+0000] {dag.py:3490} INFO - Setting next_dagrun for tutorial to 2024-10-12T09:50:03.262974+00:00, run_after=2024-10-13T09:50:03.262974+00:00
[2024-10-13T09:50:03.282+0000] {processor.py:178} INFO - Processing /home/airflow/.local/lib/python3.7/site-packages/airflow/example_dags/tutorial.py took 0.079 seconds
[2024-10-13T09:50:33.333+0000] {processor.py:156} INFO - Started process (PID=2894) to work on /home/airflow/.local/lib/python3.7/site-packages/airflow/example_dags/tutorial.py
[2024-10-13T09:50:33.334+0000] {processor.py:799} INFO - Processing file /home/airflow/.local/lib/python3.7/site-packages/airflow/example_dags/tutorial.py for tasks to queue
[2024-10-13T09:50:33.335+0000] {logging_mixin.py:149} INFO - [2024-10-13T09:50:33.334+0000] {dagbag.py:541} INFO - Filling up the DagBag from /home/airflow/.local/lib/python3.7/site-packages/airflow/example_dags/tutorial.py
[2024-10-13T09:50:33.341+0000] {processor.py:809} INFO - DAG(s) dict_keys(['tutorial']) retrieved from /home/airflow/.local/lib/python3.7/site-packages/airflow/example_dags/tutorial.py
[2024-10-13T09:50:33.366+0000] {logging_mixin.py:149} INFO - [2024-10-13T09:50:33.366+0000] {dag.py:2726} INFO - Sync 1 DAGs
[2024-10-13T09:50:33.391+0000] {logging_mixin.py:149} INFO - [2024-10-13T09:50:33.391+0000] {dag.py:3490} INFO - Setting next_dagrun for tutorial to 2024-10-12T09:50:33.391087+00:00, run_after=2024-10-13T09:50:33.391087+00:00
[2024-10-13T09:50:33.409+0000] {processor.py:178} INFO - Processing /home/airflow/.local/lib/python3.7/site-packages/airflow/example_dags/tutorial.py took 0.080 seconds
[2024-10-13T09:51:03.813+0000] {processor.py:156} INFO - Started process (PID=2955) to work on /home/airflow/.local/lib/python3.7/site-packages/airflow/example_dags/tutorial.py
[2024-10-13T09:51:03.813+0000] {processor.py:799} INFO - Processing file /home/airflow/.local/lib/python3.7/site-packages/airflow/example_dags/tutorial.py for tasks to queue
[2024-10-13T09:51:03.814+0000] {logging_mixin.py:149} INFO - [2024-10-13T09:51:03.814+0000] {dagbag.py:541} INFO - Filling up the DagBag from /home/airflow/.local/lib/python3.7/site-packages/airflow/example_dags/tutorial.py
[2024-10-13T09:51:03.820+0000] {processor.py:809} INFO - DAG(s) dict_keys(['tutorial']) retrieved from /home/airflow/.local/lib/python3.7/site-packages/airflow/example_dags/tutorial.py
[2024-10-13T09:51:03.845+0000] {logging_mixin.py:149} INFO - [2024-10-13T09:51:03.845+0000] {dag.py:2726} INFO - Sync 1 DAGs
[2024-10-13T09:51:03.870+0000] {logging_mixin.py:149} INFO - [2024-10-13T09:51:03.870+0000] {dag.py:3490} INFO - Setting next_dagrun for tutorial to 2024-10-12T09:51:03.869899+00:00, run_after=2024-10-13T09:51:03.869899+00:00
[2024-10-13T09:51:03.887+0000] {processor.py:178} INFO - Processing /home/airflow/.local/lib/python3.7/site-packages/airflow/example_dags/tutorial.py took 0.078 seconds
[2024-10-13T09:51:34.030+0000] {processor.py:156} INFO - Started process (PID=3016) to work on /home/airflow/.local/lib/python3.7/site-packages/airflow/example_dags/tutorial.py
[2024-10-13T09:51:34.031+0000] {processor.py:799} INFO - Processing file /home/airflow/.local/lib/python3.7/site-packages/airflow/example_dags/tutorial.py for tasks to queue
[2024-10-13T09:51:34.031+0000] {logging_mixin.py:149} INFO - [2024-10-13T09:51:34.031+0000] {dagbag.py:541} INFO - Filling up the DagBag from /home/airflow/.local/lib/python3.7/site-packages/airflow/example_dags/tutorial.py
[2024-10-13T09:51:34.038+0000] {processor.py:809} INFO - DAG(s) dict_keys(['tutorial']) retrieved from /home/airflow/.local/lib/python3.7/site-packages/airflow/example_dags/tutorial.py
[2024-10-13T09:51:34.063+0000] {logging_mixin.py:149} INFO - [2024-10-13T09:51:34.063+0000] {dag.py:2726} INFO - Sync 1 DAGs
[2024-10-13T09:51:34.092+0000] {logging_mixin.py:149} INFO - [2024-10-13T09:51:34.091+0000] {dag.py:3490} INFO - Setting next_dagrun for tutorial to 2024-10-12T09:51:34.091761+00:00, run_after=2024-10-13T09:51:34.091761+00:00
[2024-10-13T09:51:34.110+0000] {processor.py:178} INFO - Processing /home/airflow/.local/lib/python3.7/site-packages/airflow/example_dags/tutorial.py took 0.084 seconds
[2024-10-13T09:52:04.408+0000] {processor.py:156} INFO - Started process (PID=3077) to work on /home/airflow/.local/lib/python3.7/site-packages/airflow/example_dags/tutorial.py
[2024-10-13T09:52:04.408+0000] {processor.py:799} INFO - Processing file /home/airflow/.local/lib/python3.7/site-packages/airflow/example_dags/tutorial.py for tasks to queue
[2024-10-13T09:52:04.409+0000] {logging_mixin.py:149} INFO - [2024-10-13T09:52:04.409+0000] {dagbag.py:541} INFO - Filling up the DagBag from /home/airflow/.local/lib/python3.7/site-packages/airflow/example_dags/tutorial.py
[2024-10-13T09:52:04.415+0000] {processor.py:809} INFO - DAG(s) dict_keys(['tutorial']) retrieved from /home/airflow/.local/lib/python3.7/site-packages/airflow/example_dags/tutorial.py
[2024-10-13T09:52:04.441+0000] {logging_mixin.py:149} INFO - [2024-10-13T09:52:04.440+0000] {dag.py:2726} INFO - Sync 1 DAGs
[2024-10-13T09:52:04.468+0000] {logging_mixin.py:149} INFO - [2024-10-13T09:52:04.467+0000] {dag.py:3490} INFO - Setting next_dagrun for tutorial to 2024-10-12T09:52:04.467757+00:00, run_after=2024-10-13T09:52:04.467757+00:00
[2024-10-13T09:52:04.485+0000] {processor.py:178} INFO - Processing /home/airflow/.local/lib/python3.7/site-packages/airflow/example_dags/tutorial.py took 0.081 seconds
[2024-10-13T09:52:35.033+0000] {processor.py:156} INFO - Started process (PID=3138) to work on /home/airflow/.local/lib/python3.7/site-packages/airflow/example_dags/tutorial.py
[2024-10-13T09:52:35.034+0000] {processor.py:799} INFO - Processing file /home/airflow/.local/lib/python3.7/site-packages/airflow/example_dags/tutorial.py for tasks to queue
[2024-10-13T09:52:35.035+0000] {logging_mixin.py:149} INFO - [2024-10-13T09:52:35.035+0000] {dagbag.py:541} INFO - Filling up the DagBag from /home/airflow/.local/lib/python3.7/site-packages/airflow/example_dags/tutorial.py
[2024-10-13T09:52:35.042+0000] {processor.py:809} INFO - DAG(s) dict_keys(['tutorial']) retrieved from /home/airflow/.local/lib/python3.7/site-packages/airflow/example_dags/tutorial.py
[2024-10-13T09:52:35.067+0000] {logging_mixin.py:149} INFO - [2024-10-13T09:52:35.067+0000] {dag.py:2726} INFO - Sync 1 DAGs
[2024-10-13T09:52:35.094+0000] {logging_mixin.py:149} INFO - [2024-10-13T09:52:35.093+0000] {dag.py:3490} INFO - Setting next_dagrun for tutorial to 2024-10-12T09:52:35.093618+00:00, run_after=2024-10-13T09:52:35.093618+00:00
[2024-10-13T09:52:35.112+0000] {processor.py:178} INFO - Processing /home/airflow/.local/lib/python3.7/site-packages/airflow/example_dags/tutorial.py took 0.082 seconds
[2024-10-13T09:53:05.572+0000] {processor.py:156} INFO - Started process (PID=3199) to work on /home/airflow/.local/lib/python3.7/site-packages/airflow/example_dags/tutorial.py
[2024-10-13T09:53:05.572+0000] {processor.py:799} INFO - Processing file /home/airflow/.local/lib/python3.7/site-packages/airflow/example_dags/tutorial.py for tasks to queue
[2024-10-13T09:53:05.573+0000] {logging_mixin.py:149} INFO - [2024-10-13T09:53:05.573+0000] {dagbag.py:541} INFO - Filling up the DagBag from /home/airflow/.local/lib/python3.7/site-packages/airflow/example_dags/tutorial.py
[2024-10-13T09:53:05.579+0000] {processor.py:809} INFO - DAG(s) dict_keys(['tutorial']) retrieved from /home/airflow/.local/lib/python3.7/site-packages/airflow/example_dags/tutorial.py
[2024-10-13T09:53:05.603+0000] {logging_mixin.py:149} INFO - [2024-10-13T09:53:05.603+0000] {dag.py:2726} INFO - Sync 1 DAGs
[2024-10-13T09:53:05.628+0000] {logging_mixin.py:149} INFO - [2024-10-13T09:53:05.628+0000] {dag.py:3490} INFO - Setting next_dagrun for tutorial to 2024-10-12T09:53:05.627995+00:00, run_after=2024-10-13T09:53:05.627995+00:00
[2024-10-13T09:53:05.645+0000] {processor.py:178} INFO - Processing /home/airflow/.local/lib/python3.7/site-packages/airflow/example_dags/tutorial.py took 0.077 seconds
[2024-10-13T09:53:35.877+0000] {processor.py:156} INFO - Started process (PID=3260) to work on /home/airflow/.local/lib/python3.7/site-packages/airflow/example_dags/tutorial.py
[2024-10-13T09:53:35.878+0000] {processor.py:799} INFO - Processing file /home/airflow/.local/lib/python3.7/site-packages/airflow/example_dags/tutorial.py for tasks to queue
[2024-10-13T09:53:35.878+0000] {logging_mixin.py:149} INFO - [2024-10-13T09:53:35.878+0000] {dagbag.py:541} INFO - Filling up the DagBag from /home/airflow/.local/lib/python3.7/site-packages/airflow/example_dags/tutorial.py
[2024-10-13T09:53:35.884+0000] {processor.py:809} INFO - DAG(s) dict_keys(['tutorial']) retrieved from /home/airflow/.local/lib/python3.7/site-packages/airflow/example_dags/tutorial.py
[2024-10-13T09:53:35.908+0000] {logging_mixin.py:149} INFO - [2024-10-13T09:53:35.908+0000] {dag.py:2726} INFO - Sync 1 DAGs
[2024-10-13T09:53:35.934+0000] {logging_mixin.py:149} INFO - [2024-10-13T09:53:35.934+0000] {dag.py:3490} INFO - Setting next_dagrun for tutorial to 2024-10-12T09:53:35.934582+00:00, run_after=2024-10-13T09:53:35.934582+00:00
[2024-10-13T09:53:35.955+0000] {processor.py:178} INFO - Processing /home/airflow/.local/lib/python3.7/site-packages/airflow/example_dags/tutorial.py took 0.082 seconds
[2024-10-13T09:54:06.211+0000] {processor.py:156} INFO - Started process (PID=3321) to work on /home/airflow/.local/lib/python3.7/site-packages/airflow/example_dags/tutorial.py
[2024-10-13T09:54:06.212+0000] {processor.py:799} INFO - Processing file /home/airflow/.local/lib/python3.7/site-packages/airflow/example_dags/tutorial.py for tasks to queue
[2024-10-13T09:54:06.213+0000] {logging_mixin.py:149} INFO - [2024-10-13T09:54:06.212+0000] {dagbag.py:541} INFO - Filling up the DagBag from /home/airflow/.local/lib/python3.7/site-packages/airflow/example_dags/tutorial.py
[2024-10-13T09:54:06.219+0000] {processor.py:809} INFO - DAG(s) dict_keys(['tutorial']) retrieved from /home/airflow/.local/lib/python3.7/site-packages/airflow/example_dags/tutorial.py
[2024-10-13T09:54:06.245+0000] {logging_mixin.py:149} INFO - [2024-10-13T09:54:06.245+0000] {dag.py:2726} INFO - Sync 1 DAGs
[2024-10-13T09:54:06.271+0000] {logging_mixin.py:149} INFO - [2024-10-13T09:54:06.271+0000] {dag.py:3490} INFO - Setting next_dagrun for tutorial to 2024-10-12T09:54:06.271249+00:00, run_after=2024-10-13T09:54:06.271249+00:00
[2024-10-13T09:54:06.288+0000] {processor.py:178} INFO - Processing /home/airflow/.local/lib/python3.7/site-packages/airflow/example_dags/tutorial.py took 0.080 seconds
[2024-10-13T09:54:36.343+0000] {processor.py:156} INFO - Started process (PID=3382) to work on /home/airflow/.local/lib/python3.7/site-packages/airflow/example_dags/tutorial.py
[2024-10-13T09:54:36.343+0000] {processor.py:799} INFO - Processing file /home/airflow/.local/lib/python3.7/site-packages/airflow/example_dags/tutorial.py for tasks to queue
[2024-10-13T09:54:36.344+0000] {logging_mixin.py:149} INFO - [2024-10-13T09:54:36.344+0000] {dagbag.py:541} INFO - Filling up the DagBag from /home/airflow/.local/lib/python3.7/site-packages/airflow/example_dags/tutorial.py
[2024-10-13T09:54:36.350+0000] {processor.py:809} INFO - DAG(s) dict_keys(['tutorial']) retrieved from /home/airflow/.local/lib/python3.7/site-packages/airflow/example_dags/tutorial.py
[2024-10-13T09:54:36.375+0000] {logging_mixin.py:149} INFO - [2024-10-13T09:54:36.375+0000] {dag.py:2726} INFO - Sync 1 DAGs
[2024-10-13T09:54:36.403+0000] {logging_mixin.py:149} INFO - [2024-10-13T09:54:36.403+0000] {dag.py:3490} INFO - Setting next_dagrun for tutorial to 2024-10-12T09:54:36.403501+00:00, run_after=2024-10-13T09:54:36.403501+00:00
[2024-10-13T09:54:36.422+0000] {processor.py:178} INFO - Processing /home/airflow/.local/lib/python3.7/site-packages/airflow/example_dags/tutorial.py took 0.083 seconds
[2024-10-13T09:55:06.669+0000] {processor.py:156} INFO - Started process (PID=3443) to work on /home/airflow/.local/lib/python3.7/site-packages/airflow/example_dags/tutorial.py
[2024-10-13T09:55:06.670+0000] {processor.py:799} INFO - Processing file /home/airflow/.local/lib/python3.7/site-packages/airflow/example_dags/tutorial.py for tasks to queue
[2024-10-13T09:55:06.670+0000] {logging_mixin.py:149} INFO - [2024-10-13T09:55:06.670+0000] {dagbag.py:541} INFO - Filling up the DagBag from /home/airflow/.local/lib/python3.7/site-packages/airflow/example_dags/tutorial.py
[2024-10-13T09:55:06.676+0000] {processor.py:809} INFO - DAG(s) dict_keys(['tutorial']) retrieved from /home/airflow/.local/lib/python3.7/site-packages/airflow/example_dags/tutorial.py
[2024-10-13T09:55:06.701+0000] {logging_mixin.py:149} INFO - [2024-10-13T09:55:06.701+0000] {dag.py:2726} INFO - Sync 1 DAGs
[2024-10-13T09:55:06.728+0000] {logging_mixin.py:149} INFO - [2024-10-13T09:55:06.727+0000] {dag.py:3490} INFO - Setting next_dagrun for tutorial to 2024-10-12T09:55:06.727725+00:00, run_after=2024-10-13T09:55:06.727725+00:00
[2024-10-13T09:55:06.745+0000] {processor.py:178} INFO - Processing /home/airflow/.local/lib/python3.7/site-packages/airflow/example_dags/tutorial.py took 0.080 seconds
[2024-10-13T09:55:37.209+0000] {processor.py:156} INFO - Started process (PID=3504) to work on /home/airflow/.local/lib/python3.7/site-packages/airflow/example_dags/tutorial.py
[2024-10-13T09:55:37.210+0000] {processor.py:799} INFO - Processing file /home/airflow/.local/lib/python3.7/site-packages/airflow/example_dags/tutorial.py for tasks to queue
[2024-10-13T09:55:37.210+0000] {logging_mixin.py:149} INFO - [2024-10-13T09:55:37.210+0000] {dagbag.py:541} INFO - Filling up the DagBag from /home/airflow/.local/lib/python3.7/site-packages/airflow/example_dags/tutorial.py
[2024-10-13T09:55:37.217+0000] {processor.py:809} INFO - DAG(s) dict_keys(['tutorial']) retrieved from /home/airflow/.local/lib/python3.7/site-packages/airflow/example_dags/tutorial.py
[2024-10-13T09:55:37.243+0000] {logging_mixin.py:149} INFO - [2024-10-13T09:55:37.243+0000] {dag.py:2726} INFO - Sync 1 DAGs
[2024-10-13T09:55:37.270+0000] {logging_mixin.py:149} INFO - [2024-10-13T09:55:37.270+0000] {dag.py:3490} INFO - Setting next_dagrun for tutorial to 2024-10-12T09:55:37.270193+00:00, run_after=2024-10-13T09:55:37.270193+00:00
[2024-10-13T09:55:37.290+0000] {processor.py:178} INFO - Processing /home/airflow/.local/lib/python3.7/site-packages/airflow/example_dags/tutorial.py took 0.084 seconds
[2024-10-13T09:56:07.765+0000] {processor.py:156} INFO - Started process (PID=3565) to work on /home/airflow/.local/lib/python3.7/site-packages/airflow/example_dags/tutorial.py
[2024-10-13T09:56:07.766+0000] {processor.py:799} INFO - Processing file /home/airflow/.local/lib/python3.7/site-packages/airflow/example_dags/tutorial.py for tasks to queue
[2024-10-13T09:56:07.766+0000] {logging_mixin.py:149} INFO - [2024-10-13T09:56:07.766+0000] {dagbag.py:541} INFO - Filling up the DagBag from /home/airflow/.local/lib/python3.7/site-packages/airflow/example_dags/tutorial.py
[2024-10-13T09:56:07.773+0000] {processor.py:809} INFO - DAG(s) dict_keys(['tutorial']) retrieved from /home/airflow/.local/lib/python3.7/site-packages/airflow/example_dags/tutorial.py
[2024-10-13T09:56:07.797+0000] {logging_mixin.py:149} INFO - [2024-10-13T09:56:07.797+0000] {dag.py:2726} INFO - Sync 1 DAGs
[2024-10-13T09:56:07.830+0000] {logging_mixin.py:149} INFO - [2024-10-13T09:56:07.830+0000] {dag.py:3490} INFO - Setting next_dagrun for tutorial to 2024-10-12T09:56:07.830128+00:00, run_after=2024-10-13T09:56:07.830128+00:00
[2024-10-13T09:56:07.848+0000] {processor.py:178} INFO - Processing /home/airflow/.local/lib/python3.7/site-packages/airflow/example_dags/tutorial.py took 0.086 seconds
[2024-10-13T09:56:37.893+0000] {processor.py:156} INFO - Started process (PID=3617) to work on /home/airflow/.local/lib/python3.7/site-packages/airflow/example_dags/tutorial.py
[2024-10-13T09:56:37.894+0000] {processor.py:799} INFO - Processing file /home/airflow/.local/lib/python3.7/site-packages/airflow/example_dags/tutorial.py for tasks to queue
[2024-10-13T09:56:37.895+0000] {logging_mixin.py:149} INFO - [2024-10-13T09:56:37.895+0000] {dagbag.py:541} INFO - Filling up the DagBag from /home/airflow/.local/lib/python3.7/site-packages/airflow/example_dags/tutorial.py
[2024-10-13T09:56:37.902+0000] {processor.py:809} INFO - DAG(s) dict_keys(['tutorial']) retrieved from /home/airflow/.local/lib/python3.7/site-packages/airflow/example_dags/tutorial.py
[2024-10-13T09:56:37.926+0000] {logging_mixin.py:149} INFO - [2024-10-13T09:56:37.926+0000] {dag.py:2726} INFO - Sync 1 DAGs
[2024-10-13T09:56:37.953+0000] {logging_mixin.py:149} INFO - [2024-10-13T09:56:37.952+0000] {dag.py:3490} INFO - Setting next_dagrun for tutorial to 2024-10-12T09:56:37.952707+00:00, run_after=2024-10-13T09:56:37.952707+00:00
[2024-10-13T09:56:37.971+0000] {processor.py:178} INFO - Processing /home/airflow/.local/lib/python3.7/site-packages/airflow/example_dags/tutorial.py took 0.083 seconds
[2024-10-13T09:57:08.441+0000] {processor.py:156} INFO - Started process (PID=3678) to work on /home/airflow/.local/lib/python3.7/site-packages/airflow/example_dags/tutorial.py
[2024-10-13T09:57:08.442+0000] {processor.py:799} INFO - Processing file /home/airflow/.local/lib/python3.7/site-packages/airflow/example_dags/tutorial.py for tasks to queue
[2024-10-13T09:57:08.443+0000] {logging_mixin.py:149} INFO - [2024-10-13T09:57:08.443+0000] {dagbag.py:541} INFO - Filling up the DagBag from /home/airflow/.local/lib/python3.7/site-packages/airflow/example_dags/tutorial.py
[2024-10-13T09:57:08.450+0000] {processor.py:809} INFO - DAG(s) dict_keys(['tutorial']) retrieved from /home/airflow/.local/lib/python3.7/site-packages/airflow/example_dags/tutorial.py
[2024-10-13T09:57:08.475+0000] {logging_mixin.py:149} INFO - [2024-10-13T09:57:08.475+0000] {dag.py:2726} INFO - Sync 1 DAGs
[2024-10-13T09:57:08.504+0000] {logging_mixin.py:149} INFO - [2024-10-13T09:57:08.504+0000] {dag.py:3490} INFO - Setting next_dagrun for tutorial to 2024-10-12T09:57:08.504486+00:00, run_after=2024-10-13T09:57:08.504486+00:00
[2024-10-13T09:57:08.523+0000] {processor.py:178} INFO - Processing /home/airflow/.local/lib/python3.7/site-packages/airflow/example_dags/tutorial.py took 0.086 seconds
[2024-10-13T09:57:39.475+0000] {processor.py:156} INFO - Started process (PID=3739) to work on /home/airflow/.local/lib/python3.7/site-packages/airflow/example_dags/tutorial.py
[2024-10-13T09:57:39.476+0000] {processor.py:799} INFO - Processing file /home/airflow/.local/lib/python3.7/site-packages/airflow/example_dags/tutorial.py for tasks to queue
[2024-10-13T09:57:39.478+0000] {logging_mixin.py:149} INFO - [2024-10-13T09:57:39.477+0000] {dagbag.py:541} INFO - Filling up the DagBag from /home/airflow/.local/lib/python3.7/site-packages/airflow/example_dags/tutorial.py
[2024-10-13T09:57:39.487+0000] {processor.py:809} INFO - DAG(s) dict_keys(['tutorial']) retrieved from /home/airflow/.local/lib/python3.7/site-packages/airflow/example_dags/tutorial.py
[2024-10-13T09:57:39.521+0000] {logging_mixin.py:149} INFO - [2024-10-13T09:57:39.521+0000] {dag.py:2726} INFO - Sync 1 DAGs
[2024-10-13T09:57:39.564+0000] {logging_mixin.py:149} INFO - [2024-10-13T09:57:39.563+0000] {dag.py:3490} INFO - Setting next_dagrun for tutorial to 2024-10-12T09:57:39.563648+00:00, run_after=2024-10-13T09:57:39.563648+00:00
[2024-10-13T09:57:39.589+0000] {processor.py:178} INFO - Processing /home/airflow/.local/lib/python3.7/site-packages/airflow/example_dags/tutorial.py took 0.119 seconds
[2024-10-13T14:18:50.885+0000] {processor.py:156} INFO - Started process (PID=79) to work on /home/airflow/.local/lib/python3.7/site-packages/airflow/example_dags/tutorial.py
[2024-10-13T14:18:50.887+0000] {processor.py:799} INFO - Processing file /home/airflow/.local/lib/python3.7/site-packages/airflow/example_dags/tutorial.py for tasks to queue
[2024-10-13T14:18:50.888+0000] {logging_mixin.py:149} INFO - [2024-10-13T14:18:50.888+0000] {dagbag.py:541} INFO - Filling up the DagBag from /home/airflow/.local/lib/python3.7/site-packages/airflow/example_dags/tutorial.py
[2024-10-13T14:18:50.897+0000] {processor.py:809} INFO - DAG(s) dict_keys(['tutorial']) retrieved from /home/airflow/.local/lib/python3.7/site-packages/airflow/example_dags/tutorial.py
[2024-10-13T14:18:50.917+0000] {logging_mixin.py:149} INFO - [2024-10-13T14:18:50.917+0000] {dag.py:2726} INFO - Sync 1 DAGs
[2024-10-13T14:18:50.968+0000] {logging_mixin.py:149} INFO - [2024-10-13T14:18:50.968+0000] {dag.py:3490} INFO - Setting next_dagrun for tutorial to 2024-10-12T14:18:50.968115+00:00, run_after=2024-10-13T14:18:50.968115+00:00
[2024-10-13T14:18:50.992+0000] {processor.py:178} INFO - Processing /home/airflow/.local/lib/python3.7/site-packages/airflow/example_dags/tutorial.py took 0.111 seconds
[2024-10-13T14:19:21.569+0000] {processor.py:156} INFO - Started process (PID=140) to work on /home/airflow/.local/lib/python3.7/site-packages/airflow/example_dags/tutorial.py
[2024-10-13T14:19:21.570+0000] {processor.py:799} INFO - Processing file /home/airflow/.local/lib/python3.7/site-packages/airflow/example_dags/tutorial.py for tasks to queue
[2024-10-13T14:19:21.571+0000] {logging_mixin.py:149} INFO - [2024-10-13T14:19:21.571+0000] {dagbag.py:541} INFO - Filling up the DagBag from /home/airflow/.local/lib/python3.7/site-packages/airflow/example_dags/tutorial.py
[2024-10-13T14:19:21.577+0000] {processor.py:809} INFO - DAG(s) dict_keys(['tutorial']) retrieved from /home/airflow/.local/lib/python3.7/site-packages/airflow/example_dags/tutorial.py
[2024-10-13T14:19:21.601+0000] {logging_mixin.py:149} INFO - [2024-10-13T14:19:21.601+0000] {dag.py:2726} INFO - Sync 1 DAGs
[2024-10-13T14:19:21.626+0000] {logging_mixin.py:149} INFO - [2024-10-13T14:19:21.626+0000] {dag.py:3490} INFO - Setting next_dagrun for tutorial to 2024-10-12T14:19:21.626553+00:00, run_after=2024-10-13T14:19:21.626553+00:00
[2024-10-13T14:19:21.646+0000] {processor.py:178} INFO - Processing /home/airflow/.local/lib/python3.7/site-packages/airflow/example_dags/tutorial.py took 0.080 seconds
[2024-10-13T14:19:52.043+0000] {processor.py:156} INFO - Started process (PID=201) to work on /home/airflow/.local/lib/python3.7/site-packages/airflow/example_dags/tutorial.py
[2024-10-13T14:19:52.044+0000] {processor.py:799} INFO - Processing file /home/airflow/.local/lib/python3.7/site-packages/airflow/example_dags/tutorial.py for tasks to queue
[2024-10-13T14:19:52.046+0000] {logging_mixin.py:149} INFO - [2024-10-13T14:19:52.045+0000] {dagbag.py:541} INFO - Filling up the DagBag from /home/airflow/.local/lib/python3.7/site-packages/airflow/example_dags/tutorial.py
[2024-10-13T14:19:52.057+0000] {processor.py:809} INFO - DAG(s) dict_keys(['tutorial']) retrieved from /home/airflow/.local/lib/python3.7/site-packages/airflow/example_dags/tutorial.py
[2024-10-13T14:19:52.099+0000] {logging_mixin.py:149} INFO - [2024-10-13T14:19:52.099+0000] {dag.py:2726} INFO - Sync 1 DAGs
[2024-10-13T14:19:52.152+0000] {logging_mixin.py:149} INFO - [2024-10-13T14:19:52.152+0000] {dag.py:3490} INFO - Setting next_dagrun for tutorial to 2024-10-12T14:19:52.151591+00:00, run_after=2024-10-13T14:19:52.151591+00:00
[2024-10-13T14:19:52.188+0000] {processor.py:178} INFO - Processing /home/airflow/.local/lib/python3.7/site-packages/airflow/example_dags/tutorial.py took 0.151 seconds
[2024-10-13T14:20:22.681+0000] {processor.py:156} INFO - Started process (PID=261) to work on /home/airflow/.local/lib/python3.7/site-packages/airflow/example_dags/tutorial.py
[2024-10-13T14:20:22.686+0000] {processor.py:799} INFO - Processing file /home/airflow/.local/lib/python3.7/site-packages/airflow/example_dags/tutorial.py for tasks to queue
[2024-10-13T14:20:22.687+0000] {logging_mixin.py:149} INFO - [2024-10-13T14:20:22.687+0000] {dagbag.py:541} INFO - Filling up the DagBag from /home/airflow/.local/lib/python3.7/site-packages/airflow/example_dags/tutorial.py
[2024-10-13T14:20:22.697+0000] {processor.py:809} INFO - DAG(s) dict_keys(['tutorial']) retrieved from /home/airflow/.local/lib/python3.7/site-packages/airflow/example_dags/tutorial.py
[2024-10-13T14:20:22.731+0000] {logging_mixin.py:149} INFO - [2024-10-13T14:20:22.731+0000] {dag.py:2726} INFO - Sync 1 DAGs
[2024-10-13T14:20:22.775+0000] {logging_mixin.py:149} INFO - [2024-10-13T14:20:22.774+0000] {dag.py:3490} INFO - Setting next_dagrun for tutorial to 2024-10-12T14:20:22.774588+00:00, run_after=2024-10-13T14:20:22.774588+00:00
[2024-10-13T14:20:22.796+0000] {processor.py:178} INFO - Processing /home/airflow/.local/lib/python3.7/site-packages/airflow/example_dags/tutorial.py took 0.120 seconds
[2024-10-13T14:20:53.270+0000] {processor.py:156} INFO - Started process (PID=321) to work on /home/airflow/.local/lib/python3.7/site-packages/airflow/example_dags/tutorial.py
[2024-10-13T14:20:53.270+0000] {processor.py:799} INFO - Processing file /home/airflow/.local/lib/python3.7/site-packages/airflow/example_dags/tutorial.py for tasks to queue
[2024-10-13T14:20:53.271+0000] {logging_mixin.py:149} INFO - [2024-10-13T14:20:53.271+0000] {dagbag.py:541} INFO - Filling up the DagBag from /home/airflow/.local/lib/python3.7/site-packages/airflow/example_dags/tutorial.py
[2024-10-13T14:20:53.278+0000] {processor.py:809} INFO - DAG(s) dict_keys(['tutorial']) retrieved from /home/airflow/.local/lib/python3.7/site-packages/airflow/example_dags/tutorial.py
[2024-10-13T14:20:53.303+0000] {logging_mixin.py:149} INFO - [2024-10-13T14:20:53.303+0000] {dag.py:2726} INFO - Sync 1 DAGs
[2024-10-13T14:20:53.338+0000] {logging_mixin.py:149} INFO - [2024-10-13T14:20:53.338+0000] {dag.py:3490} INFO - Setting next_dagrun for tutorial to 2024-10-12T14:20:53.338560+00:00, run_after=2024-10-13T14:20:53.338560+00:00
[2024-10-13T14:20:53.358+0000] {processor.py:178} INFO - Processing /home/airflow/.local/lib/python3.7/site-packages/airflow/example_dags/tutorial.py took 0.092 seconds
[2024-10-13T14:21:24.132+0000] {processor.py:156} INFO - Started process (PID=383) to work on /home/airflow/.local/lib/python3.7/site-packages/airflow/example_dags/tutorial.py
[2024-10-13T14:21:24.133+0000] {processor.py:799} INFO - Processing file /home/airflow/.local/lib/python3.7/site-packages/airflow/example_dags/tutorial.py for tasks to queue
[2024-10-13T14:21:24.134+0000] {logging_mixin.py:149} INFO - [2024-10-13T14:21:24.134+0000] {dagbag.py:541} INFO - Filling up the DagBag from /home/airflow/.local/lib/python3.7/site-packages/airflow/example_dags/tutorial.py
[2024-10-13T14:21:24.143+0000] {processor.py:809} INFO - DAG(s) dict_keys(['tutorial']) retrieved from /home/airflow/.local/lib/python3.7/site-packages/airflow/example_dags/tutorial.py
[2024-10-13T14:21:24.182+0000] {logging_mixin.py:149} INFO - [2024-10-13T14:21:24.181+0000] {dag.py:2726} INFO - Sync 1 DAGs
[2024-10-13T14:21:24.234+0000] {logging_mixin.py:149} INFO - [2024-10-13T14:21:24.233+0000] {dag.py:3490} INFO - Setting next_dagrun for tutorial to 2024-10-12T14:21:24.233495+00:00, run_after=2024-10-13T14:21:24.233495+00:00
[2024-10-13T14:21:24.268+0000] {processor.py:178} INFO - Processing /home/airflow/.local/lib/python3.7/site-packages/airflow/example_dags/tutorial.py took 0.142 seconds
[2024-10-13T14:21:54.486+0000] {processor.py:156} INFO - Started process (PID=444) to work on /home/airflow/.local/lib/python3.7/site-packages/airflow/example_dags/tutorial.py
[2024-10-13T14:21:54.487+0000] {processor.py:799} INFO - Processing file /home/airflow/.local/lib/python3.7/site-packages/airflow/example_dags/tutorial.py for tasks to queue
[2024-10-13T14:21:54.487+0000] {logging_mixin.py:149} INFO - [2024-10-13T14:21:54.487+0000] {dagbag.py:541} INFO - Filling up the DagBag from /home/airflow/.local/lib/python3.7/site-packages/airflow/example_dags/tutorial.py
[2024-10-13T14:21:54.494+0000] {processor.py:809} INFO - DAG(s) dict_keys(['tutorial']) retrieved from /home/airflow/.local/lib/python3.7/site-packages/airflow/example_dags/tutorial.py
[2024-10-13T14:21:54.519+0000] {logging_mixin.py:149} INFO - [2024-10-13T14:21:54.519+0000] {dag.py:2726} INFO - Sync 1 DAGs
[2024-10-13T14:21:54.547+0000] {logging_mixin.py:149} INFO - [2024-10-13T14:21:54.546+0000] {dag.py:3490} INFO - Setting next_dagrun for tutorial to 2024-10-12T14:21:54.546581+00:00, run_after=2024-10-13T14:21:54.546581+00:00
[2024-10-13T14:21:54.565+0000] {processor.py:178} INFO - Processing /home/airflow/.local/lib/python3.7/site-packages/airflow/example_dags/tutorial.py took 0.083 seconds
[2024-10-13T14:22:24.908+0000] {processor.py:156} INFO - Started process (PID=505) to work on /home/airflow/.local/lib/python3.7/site-packages/airflow/example_dags/tutorial.py
[2024-10-13T14:22:24.909+0000] {processor.py:799} INFO - Processing file /home/airflow/.local/lib/python3.7/site-packages/airflow/example_dags/tutorial.py for tasks to queue
[2024-10-13T14:22:24.910+0000] {logging_mixin.py:149} INFO - [2024-10-13T14:22:24.910+0000] {dagbag.py:541} INFO - Filling up the DagBag from /home/airflow/.local/lib/python3.7/site-packages/airflow/example_dags/tutorial.py
[2024-10-13T14:22:24.918+0000] {processor.py:809} INFO - DAG(s) dict_keys(['tutorial']) retrieved from /home/airflow/.local/lib/python3.7/site-packages/airflow/example_dags/tutorial.py
[2024-10-13T14:22:24.947+0000] {logging_mixin.py:149} INFO - [2024-10-13T14:22:24.947+0000] {dag.py:2726} INFO - Sync 1 DAGs
[2024-10-13T14:22:24.979+0000] {logging_mixin.py:149} INFO - [2024-10-13T14:22:24.978+0000] {dag.py:3490} INFO - Setting next_dagrun for tutorial to 2024-10-12T14:22:24.978713+00:00, run_after=2024-10-13T14:22:24.978713+00:00
[2024-10-13T14:22:25.001+0000] {processor.py:178} INFO - Processing /home/airflow/.local/lib/python3.7/site-packages/airflow/example_dags/tutorial.py took 0.097 seconds
[2024-10-13T14:22:55.709+0000] {processor.py:156} INFO - Started process (PID=566) to work on /home/airflow/.local/lib/python3.7/site-packages/airflow/example_dags/tutorial.py
[2024-10-13T14:22:55.710+0000] {processor.py:799} INFO - Processing file /home/airflow/.local/lib/python3.7/site-packages/airflow/example_dags/tutorial.py for tasks to queue
[2024-10-13T14:22:55.711+0000] {logging_mixin.py:149} INFO - [2024-10-13T14:22:55.711+0000] {dagbag.py:541} INFO - Filling up the DagBag from /home/airflow/.local/lib/python3.7/site-packages/airflow/example_dags/tutorial.py
[2024-10-13T14:22:55.722+0000] {processor.py:809} INFO - DAG(s) dict_keys(['tutorial']) retrieved from /home/airflow/.local/lib/python3.7/site-packages/airflow/example_dags/tutorial.py
[2024-10-13T14:22:55.762+0000] {logging_mixin.py:149} INFO - [2024-10-13T14:22:55.762+0000] {dag.py:2726} INFO - Sync 1 DAGs
[2024-10-13T14:22:55.811+0000] {logging_mixin.py:149} INFO - [2024-10-13T14:22:55.810+0000] {dag.py:3490} INFO - Setting next_dagrun for tutorial to 2024-10-12T14:22:55.810589+00:00, run_after=2024-10-13T14:22:55.810589+00:00
[2024-10-13T14:22:55.842+0000] {processor.py:178} INFO - Processing /home/airflow/.local/lib/python3.7/site-packages/airflow/example_dags/tutorial.py took 0.139 seconds
[2024-10-13T14:23:25.945+0000] {processor.py:156} INFO - Started process (PID=627) to work on /home/airflow/.local/lib/python3.7/site-packages/airflow/example_dags/tutorial.py
[2024-10-13T14:23:25.946+0000] {processor.py:799} INFO - Processing file /home/airflow/.local/lib/python3.7/site-packages/airflow/example_dags/tutorial.py for tasks to queue
[2024-10-13T14:23:25.947+0000] {logging_mixin.py:149} INFO - [2024-10-13T14:23:25.947+0000] {dagbag.py:541} INFO - Filling up the DagBag from /home/airflow/.local/lib/python3.7/site-packages/airflow/example_dags/tutorial.py
[2024-10-13T14:23:25.954+0000] {processor.py:809} INFO - DAG(s) dict_keys(['tutorial']) retrieved from /home/airflow/.local/lib/python3.7/site-packages/airflow/example_dags/tutorial.py
[2024-10-13T14:23:25.983+0000] {logging_mixin.py:149} INFO - [2024-10-13T14:23:25.983+0000] {dag.py:2726} INFO - Sync 1 DAGs
[2024-10-13T14:23:26.018+0000] {logging_mixin.py:149} INFO - [2024-10-13T14:23:26.018+0000] {dag.py:3490} INFO - Setting next_dagrun for tutorial to 2024-10-12T14:23:26.017925+00:00, run_after=2024-10-13T14:23:26.017925+00:00
[2024-10-13T14:23:26.043+0000] {processor.py:178} INFO - Processing /home/airflow/.local/lib/python3.7/site-packages/airflow/example_dags/tutorial.py took 0.102 seconds
