[2024-10-13T09:27:14.720+0000] {processor.py:156} INFO - Started process (PID=81) to work on /home/airflow/.local/lib/python3.7/site-packages/airflow/example_dags/tutorial_taskflow_api_virtualenv.py
[2024-10-13T09:27:14.720+0000] {processor.py:799} INFO - Processing file /home/airflow/.local/lib/python3.7/site-packages/airflow/example_dags/tutorial_taskflow_api_virtualenv.py for tasks to queue
[2024-10-13T09:27:14.721+0000] {logging_mixin.py:149} INFO - [2024-10-13T09:27:14.721+0000] {dagbag.py:541} INFO - Filling up the DagBag from /home/airflow/.local/lib/python3.7/site-packages/airflow/example_dags/tutorial_taskflow_api_virtualenv.py
[2024-10-13T09:27:14.730+0000] {processor.py:809} INFO - DAG(s) dict_keys(['tutorial_taskflow_api_virtualenv']) retrieved from /home/airflow/.local/lib/python3.7/site-packages/airflow/example_dags/tutorial_taskflow_api_virtualenv.py
[2024-10-13T09:27:14.861+0000] {logging_mixin.py:149} INFO - [2024-10-13T09:27:14.861+0000] {manager.py:504} INFO - Created Permission View: can edit on DAG:tutorial_taskflow_api_virtualenv
[2024-10-13T09:27:14.871+0000] {logging_mixin.py:149} INFO - [2024-10-13T09:27:14.870+0000] {manager.py:504} INFO - Created Permission View: can read on DAG:tutorial_taskflow_api_virtualenv
[2024-10-13T09:27:14.878+0000] {logging_mixin.py:149} INFO - [2024-10-13T09:27:14.878+0000] {manager.py:504} INFO - Created Permission View: can delete on DAG:tutorial_taskflow_api_virtualenv
[2024-10-13T09:27:14.878+0000] {logging_mixin.py:149} INFO - [2024-10-13T09:27:14.878+0000] {dag.py:2726} INFO - Sync 1 DAGs
[2024-10-13T09:27:14.891+0000] {logging_mixin.py:149} INFO - [2024-10-13T09:27:14.891+0000] {dag.py:2747} INFO - Creating ORM DAG for tutorial_taskflow_api_virtualenv
[2024-10-13T09:27:14.902+0000] {logging_mixin.py:149} INFO - [2024-10-13T09:27:14.902+0000] {dag.py:3490} INFO - Setting next_dagrun for tutorial_taskflow_api_virtualenv to None, run_after=None
[2024-10-13T09:27:14.920+0000] {processor.py:178} INFO - Processing /home/airflow/.local/lib/python3.7/site-packages/airflow/example_dags/tutorial_taskflow_api_virtualenv.py took 0.204 seconds
[2024-10-13T09:27:45.209+0000] {processor.py:156} INFO - Started process (PID=142) to work on /home/airflow/.local/lib/python3.7/site-packages/airflow/example_dags/tutorial_taskflow_api_virtualenv.py
[2024-10-13T09:27:45.210+0000] {processor.py:799} INFO - Processing file /home/airflow/.local/lib/python3.7/site-packages/airflow/example_dags/tutorial_taskflow_api_virtualenv.py for tasks to queue
[2024-10-13T09:27:45.211+0000] {logging_mixin.py:149} INFO - [2024-10-13T09:27:45.211+0000] {dagbag.py:541} INFO - Filling up the DagBag from /home/airflow/.local/lib/python3.7/site-packages/airflow/example_dags/tutorial_taskflow_api_virtualenv.py
[2024-10-13T09:27:45.217+0000] {processor.py:809} INFO - DAG(s) dict_keys(['tutorial_taskflow_api_virtualenv']) retrieved from /home/airflow/.local/lib/python3.7/site-packages/airflow/example_dags/tutorial_taskflow_api_virtualenv.py
[2024-10-13T09:27:45.244+0000] {logging_mixin.py:149} INFO - [2024-10-13T09:27:45.243+0000] {dag.py:2726} INFO - Sync 1 DAGs
[2024-10-13T09:27:45.273+0000] {logging_mixin.py:149} INFO - [2024-10-13T09:27:45.273+0000] {dag.py:3490} INFO - Setting next_dagrun for tutorial_taskflow_api_virtualenv to None, run_after=None
[2024-10-13T09:27:45.296+0000] {processor.py:178} INFO - Processing /home/airflow/.local/lib/python3.7/site-packages/airflow/example_dags/tutorial_taskflow_api_virtualenv.py took 0.090 seconds
[2024-10-13T09:28:15.612+0000] {processor.py:156} INFO - Started process (PID=203) to work on /home/airflow/.local/lib/python3.7/site-packages/airflow/example_dags/tutorial_taskflow_api_virtualenv.py
[2024-10-13T09:28:15.613+0000] {processor.py:799} INFO - Processing file /home/airflow/.local/lib/python3.7/site-packages/airflow/example_dags/tutorial_taskflow_api_virtualenv.py for tasks to queue
[2024-10-13T09:28:15.614+0000] {logging_mixin.py:149} INFO - [2024-10-13T09:28:15.614+0000] {dagbag.py:541} INFO - Filling up the DagBag from /home/airflow/.local/lib/python3.7/site-packages/airflow/example_dags/tutorial_taskflow_api_virtualenv.py
[2024-10-13T09:28:15.622+0000] {processor.py:809} INFO - DAG(s) dict_keys(['tutorial_taskflow_api_virtualenv']) retrieved from /home/airflow/.local/lib/python3.7/site-packages/airflow/example_dags/tutorial_taskflow_api_virtualenv.py
[2024-10-13T09:28:15.648+0000] {logging_mixin.py:149} INFO - [2024-10-13T09:28:15.648+0000] {dag.py:2726} INFO - Sync 1 DAGs
[2024-10-13T09:28:15.677+0000] {logging_mixin.py:149} INFO - [2024-10-13T09:28:15.677+0000] {dag.py:3490} INFO - Setting next_dagrun for tutorial_taskflow_api_virtualenv to None, run_after=None
[2024-10-13T09:28:15.699+0000] {processor.py:178} INFO - Processing /home/airflow/.local/lib/python3.7/site-packages/airflow/example_dags/tutorial_taskflow_api_virtualenv.py took 0.091 seconds
[2024-10-13T09:28:46.899+0000] {processor.py:156} INFO - Started process (PID=264) to work on /home/airflow/.local/lib/python3.7/site-packages/airflow/example_dags/tutorial_taskflow_api_virtualenv.py
[2024-10-13T09:28:46.900+0000] {processor.py:799} INFO - Processing file /home/airflow/.local/lib/python3.7/site-packages/airflow/example_dags/tutorial_taskflow_api_virtualenv.py for tasks to queue
[2024-10-13T09:28:46.901+0000] {logging_mixin.py:149} INFO - [2024-10-13T09:28:46.901+0000] {dagbag.py:541} INFO - Filling up the DagBag from /home/airflow/.local/lib/python3.7/site-packages/airflow/example_dags/tutorial_taskflow_api_virtualenv.py
[2024-10-13T09:28:46.908+0000] {processor.py:809} INFO - DAG(s) dict_keys(['tutorial_taskflow_api_virtualenv']) retrieved from /home/airflow/.local/lib/python3.7/site-packages/airflow/example_dags/tutorial_taskflow_api_virtualenv.py
[2024-10-13T09:28:46.935+0000] {logging_mixin.py:149} INFO - [2024-10-13T09:28:46.935+0000] {dag.py:2726} INFO - Sync 1 DAGs
[2024-10-13T09:28:46.965+0000] {logging_mixin.py:149} INFO - [2024-10-13T09:28:46.965+0000] {dag.py:3490} INFO - Setting next_dagrun for tutorial_taskflow_api_virtualenv to None, run_after=None
[2024-10-13T09:28:46.987+0000] {processor.py:178} INFO - Processing /home/airflow/.local/lib/python3.7/site-packages/airflow/example_dags/tutorial_taskflow_api_virtualenv.py took 0.091 seconds
[2024-10-13T09:29:17.373+0000] {processor.py:156} INFO - Started process (PID=325) to work on /home/airflow/.local/lib/python3.7/site-packages/airflow/example_dags/tutorial_taskflow_api_virtualenv.py
[2024-10-13T09:29:17.375+0000] {processor.py:799} INFO - Processing file /home/airflow/.local/lib/python3.7/site-packages/airflow/example_dags/tutorial_taskflow_api_virtualenv.py for tasks to queue
[2024-10-13T09:29:17.376+0000] {logging_mixin.py:149} INFO - [2024-10-13T09:29:17.375+0000] {dagbag.py:541} INFO - Filling up the DagBag from /home/airflow/.local/lib/python3.7/site-packages/airflow/example_dags/tutorial_taskflow_api_virtualenv.py
[2024-10-13T09:29:17.384+0000] {processor.py:809} INFO - DAG(s) dict_keys(['tutorial_taskflow_api_virtualenv']) retrieved from /home/airflow/.local/lib/python3.7/site-packages/airflow/example_dags/tutorial_taskflow_api_virtualenv.py
[2024-10-13T09:29:17.419+0000] {logging_mixin.py:149} INFO - [2024-10-13T09:29:17.419+0000] {dag.py:2726} INFO - Sync 1 DAGs
[2024-10-13T09:29:17.457+0000] {logging_mixin.py:149} INFO - [2024-10-13T09:29:17.457+0000] {dag.py:3490} INFO - Setting next_dagrun for tutorial_taskflow_api_virtualenv to None, run_after=None
[2024-10-13T09:29:17.486+0000] {processor.py:178} INFO - Processing /home/airflow/.local/lib/python3.7/site-packages/airflow/example_dags/tutorial_taskflow_api_virtualenv.py took 0.117 seconds
[2024-10-13T09:29:47.876+0000] {processor.py:156} INFO - Started process (PID=386) to work on /home/airflow/.local/lib/python3.7/site-packages/airflow/example_dags/tutorial_taskflow_api_virtualenv.py
[2024-10-13T09:29:47.877+0000] {processor.py:799} INFO - Processing file /home/airflow/.local/lib/python3.7/site-packages/airflow/example_dags/tutorial_taskflow_api_virtualenv.py for tasks to queue
[2024-10-13T09:29:47.878+0000] {logging_mixin.py:149} INFO - [2024-10-13T09:29:47.878+0000] {dagbag.py:541} INFO - Filling up the DagBag from /home/airflow/.local/lib/python3.7/site-packages/airflow/example_dags/tutorial_taskflow_api_virtualenv.py
[2024-10-13T09:29:47.885+0000] {processor.py:809} INFO - DAG(s) dict_keys(['tutorial_taskflow_api_virtualenv']) retrieved from /home/airflow/.local/lib/python3.7/site-packages/airflow/example_dags/tutorial_taskflow_api_virtualenv.py
[2024-10-13T09:29:47.913+0000] {logging_mixin.py:149} INFO - [2024-10-13T09:29:47.913+0000] {dag.py:2726} INFO - Sync 1 DAGs
[2024-10-13T09:29:47.942+0000] {logging_mixin.py:149} INFO - [2024-10-13T09:29:47.942+0000] {dag.py:3490} INFO - Setting next_dagrun for tutorial_taskflow_api_virtualenv to None, run_after=None
[2024-10-13T09:29:47.960+0000] {processor.py:178} INFO - Processing /home/airflow/.local/lib/python3.7/site-packages/airflow/example_dags/tutorial_taskflow_api_virtualenv.py took 0.088 seconds
[2024-10-13T09:30:18.346+0000] {processor.py:156} INFO - Started process (PID=447) to work on /home/airflow/.local/lib/python3.7/site-packages/airflow/example_dags/tutorial_taskflow_api_virtualenv.py
[2024-10-13T09:30:18.347+0000] {processor.py:799} INFO - Processing file /home/airflow/.local/lib/python3.7/site-packages/airflow/example_dags/tutorial_taskflow_api_virtualenv.py for tasks to queue
[2024-10-13T09:30:18.347+0000] {logging_mixin.py:149} INFO - [2024-10-13T09:30:18.347+0000] {dagbag.py:541} INFO - Filling up the DagBag from /home/airflow/.local/lib/python3.7/site-packages/airflow/example_dags/tutorial_taskflow_api_virtualenv.py
[2024-10-13T09:30:18.355+0000] {processor.py:809} INFO - DAG(s) dict_keys(['tutorial_taskflow_api_virtualenv']) retrieved from /home/airflow/.local/lib/python3.7/site-packages/airflow/example_dags/tutorial_taskflow_api_virtualenv.py
[2024-10-13T09:30:18.387+0000] {logging_mixin.py:149} INFO - [2024-10-13T09:30:18.387+0000] {dag.py:2726} INFO - Sync 1 DAGs
[2024-10-13T09:30:18.418+0000] {logging_mixin.py:149} INFO - [2024-10-13T09:30:18.418+0000] {dag.py:3490} INFO - Setting next_dagrun for tutorial_taskflow_api_virtualenv to None, run_after=None
[2024-10-13T09:30:18.439+0000] {processor.py:178} INFO - Processing /home/airflow/.local/lib/python3.7/site-packages/airflow/example_dags/tutorial_taskflow_api_virtualenv.py took 0.097 seconds
[2024-10-13T09:30:48.992+0000] {processor.py:156} INFO - Started process (PID=508) to work on /home/airflow/.local/lib/python3.7/site-packages/airflow/example_dags/tutorial_taskflow_api_virtualenv.py
[2024-10-13T09:30:48.994+0000] {processor.py:799} INFO - Processing file /home/airflow/.local/lib/python3.7/site-packages/airflow/example_dags/tutorial_taskflow_api_virtualenv.py for tasks to queue
[2024-10-13T09:30:48.995+0000] {logging_mixin.py:149} INFO - [2024-10-13T09:30:48.995+0000] {dagbag.py:541} INFO - Filling up the DagBag from /home/airflow/.local/lib/python3.7/site-packages/airflow/example_dags/tutorial_taskflow_api_virtualenv.py
[2024-10-13T09:30:49.006+0000] {processor.py:809} INFO - DAG(s) dict_keys(['tutorial_taskflow_api_virtualenv']) retrieved from /home/airflow/.local/lib/python3.7/site-packages/airflow/example_dags/tutorial_taskflow_api_virtualenv.py
[2024-10-13T09:30:49.061+0000] {logging_mixin.py:149} INFO - [2024-10-13T09:30:49.060+0000] {dag.py:2726} INFO - Sync 1 DAGs
[2024-10-13T09:30:49.114+0000] {logging_mixin.py:149} INFO - [2024-10-13T09:30:49.113+0000] {dag.py:3490} INFO - Setting next_dagrun for tutorial_taskflow_api_virtualenv to None, run_after=None
[2024-10-13T09:30:49.147+0000] {processor.py:178} INFO - Processing /home/airflow/.local/lib/python3.7/site-packages/airflow/example_dags/tutorial_taskflow_api_virtualenv.py took 0.161 seconds
[2024-10-13T09:31:19.686+0000] {processor.py:156} INFO - Started process (PID=569) to work on /home/airflow/.local/lib/python3.7/site-packages/airflow/example_dags/tutorial_taskflow_api_virtualenv.py
[2024-10-13T09:31:19.687+0000] {processor.py:799} INFO - Processing file /home/airflow/.local/lib/python3.7/site-packages/airflow/example_dags/tutorial_taskflow_api_virtualenv.py for tasks to queue
[2024-10-13T09:31:19.688+0000] {logging_mixin.py:149} INFO - [2024-10-13T09:31:19.688+0000] {dagbag.py:541} INFO - Filling up the DagBag from /home/airflow/.local/lib/python3.7/site-packages/airflow/example_dags/tutorial_taskflow_api_virtualenv.py
[2024-10-13T09:31:19.696+0000] {processor.py:809} INFO - DAG(s) dict_keys(['tutorial_taskflow_api_virtualenv']) retrieved from /home/airflow/.local/lib/python3.7/site-packages/airflow/example_dags/tutorial_taskflow_api_virtualenv.py
[2024-10-13T09:31:19.727+0000] {logging_mixin.py:149} INFO - [2024-10-13T09:31:19.727+0000] {dag.py:2726} INFO - Sync 1 DAGs
[2024-10-13T09:31:19.761+0000] {logging_mixin.py:149} INFO - [2024-10-13T09:31:19.761+0000] {dag.py:3490} INFO - Setting next_dagrun for tutorial_taskflow_api_virtualenv to None, run_after=None
[2024-10-13T09:31:19.786+0000] {processor.py:178} INFO - Processing /home/airflow/.local/lib/python3.7/site-packages/airflow/example_dags/tutorial_taskflow_api_virtualenv.py took 0.104 seconds
[2024-10-13T09:31:50.606+0000] {processor.py:156} INFO - Started process (PID=630) to work on /home/airflow/.local/lib/python3.7/site-packages/airflow/example_dags/tutorial_taskflow_api_virtualenv.py
[2024-10-13T09:31:50.607+0000] {processor.py:799} INFO - Processing file /home/airflow/.local/lib/python3.7/site-packages/airflow/example_dags/tutorial_taskflow_api_virtualenv.py for tasks to queue
[2024-10-13T09:31:50.608+0000] {logging_mixin.py:149} INFO - [2024-10-13T09:31:50.608+0000] {dagbag.py:541} INFO - Filling up the DagBag from /home/airflow/.local/lib/python3.7/site-packages/airflow/example_dags/tutorial_taskflow_api_virtualenv.py
[2024-10-13T09:31:50.615+0000] {processor.py:809} INFO - DAG(s) dict_keys(['tutorial_taskflow_api_virtualenv']) retrieved from /home/airflow/.local/lib/python3.7/site-packages/airflow/example_dags/tutorial_taskflow_api_virtualenv.py
[2024-10-13T09:31:50.644+0000] {logging_mixin.py:149} INFO - [2024-10-13T09:31:50.644+0000] {dag.py:2726} INFO - Sync 1 DAGs
[2024-10-13T09:31:50.675+0000] {logging_mixin.py:149} INFO - [2024-10-13T09:31:50.674+0000] {dag.py:3490} INFO - Setting next_dagrun for tutorial_taskflow_api_virtualenv to None, run_after=None
[2024-10-13T09:31:50.695+0000] {processor.py:178} INFO - Processing /home/airflow/.local/lib/python3.7/site-packages/airflow/example_dags/tutorial_taskflow_api_virtualenv.py took 0.094 seconds
[2024-10-13T09:32:21.095+0000] {processor.py:156} INFO - Started process (PID=691) to work on /home/airflow/.local/lib/python3.7/site-packages/airflow/example_dags/tutorial_taskflow_api_virtualenv.py
[2024-10-13T09:32:21.096+0000] {processor.py:799} INFO - Processing file /home/airflow/.local/lib/python3.7/site-packages/airflow/example_dags/tutorial_taskflow_api_virtualenv.py for tasks to queue
[2024-10-13T09:32:21.096+0000] {logging_mixin.py:149} INFO - [2024-10-13T09:32:21.096+0000] {dagbag.py:541} INFO - Filling up the DagBag from /home/airflow/.local/lib/python3.7/site-packages/airflow/example_dags/tutorial_taskflow_api_virtualenv.py
[2024-10-13T09:32:21.104+0000] {processor.py:809} INFO - DAG(s) dict_keys(['tutorial_taskflow_api_virtualenv']) retrieved from /home/airflow/.local/lib/python3.7/site-packages/airflow/example_dags/tutorial_taskflow_api_virtualenv.py
[2024-10-13T09:32:21.133+0000] {logging_mixin.py:149} INFO - [2024-10-13T09:32:21.133+0000] {dag.py:2726} INFO - Sync 1 DAGs
[2024-10-13T09:32:21.163+0000] {logging_mixin.py:149} INFO - [2024-10-13T09:32:21.163+0000] {dag.py:3490} INFO - Setting next_dagrun for tutorial_taskflow_api_virtualenv to None, run_after=None
[2024-10-13T09:32:21.182+0000] {processor.py:178} INFO - Processing /home/airflow/.local/lib/python3.7/site-packages/airflow/example_dags/tutorial_taskflow_api_virtualenv.py took 0.091 seconds
[2024-10-13T09:32:51.574+0000] {processor.py:156} INFO - Started process (PID=752) to work on /home/airflow/.local/lib/python3.7/site-packages/airflow/example_dags/tutorial_taskflow_api_virtualenv.py
[2024-10-13T09:32:51.575+0000] {processor.py:799} INFO - Processing file /home/airflow/.local/lib/python3.7/site-packages/airflow/example_dags/tutorial_taskflow_api_virtualenv.py for tasks to queue
[2024-10-13T09:32:51.576+0000] {logging_mixin.py:149} INFO - [2024-10-13T09:32:51.576+0000] {dagbag.py:541} INFO - Filling up the DagBag from /home/airflow/.local/lib/python3.7/site-packages/airflow/example_dags/tutorial_taskflow_api_virtualenv.py
[2024-10-13T09:32:51.582+0000] {processor.py:809} INFO - DAG(s) dict_keys(['tutorial_taskflow_api_virtualenv']) retrieved from /home/airflow/.local/lib/python3.7/site-packages/airflow/example_dags/tutorial_taskflow_api_virtualenv.py
[2024-10-13T09:32:51.609+0000] {logging_mixin.py:149} INFO - [2024-10-13T09:32:51.609+0000] {dag.py:2726} INFO - Sync 1 DAGs
[2024-10-13T09:32:51.638+0000] {logging_mixin.py:149} INFO - [2024-10-13T09:32:51.638+0000] {dag.py:3490} INFO - Setting next_dagrun for tutorial_taskflow_api_virtualenv to None, run_after=None
[2024-10-13T09:32:51.660+0000] {processor.py:178} INFO - Processing /home/airflow/.local/lib/python3.7/site-packages/airflow/example_dags/tutorial_taskflow_api_virtualenv.py took 0.090 seconds
[2024-10-13T09:33:22.602+0000] {processor.py:156} INFO - Started process (PID=813) to work on /home/airflow/.local/lib/python3.7/site-packages/airflow/example_dags/tutorial_taskflow_api_virtualenv.py
[2024-10-13T09:33:22.602+0000] {processor.py:799} INFO - Processing file /home/airflow/.local/lib/python3.7/site-packages/airflow/example_dags/tutorial_taskflow_api_virtualenv.py for tasks to queue
[2024-10-13T09:33:22.603+0000] {logging_mixin.py:149} INFO - [2024-10-13T09:33:22.603+0000] {dagbag.py:541} INFO - Filling up the DagBag from /home/airflow/.local/lib/python3.7/site-packages/airflow/example_dags/tutorial_taskflow_api_virtualenv.py
[2024-10-13T09:33:22.610+0000] {processor.py:809} INFO - DAG(s) dict_keys(['tutorial_taskflow_api_virtualenv']) retrieved from /home/airflow/.local/lib/python3.7/site-packages/airflow/example_dags/tutorial_taskflow_api_virtualenv.py
[2024-10-13T09:33:22.650+0000] {logging_mixin.py:149} INFO - [2024-10-13T09:33:22.649+0000] {dag.py:2726} INFO - Sync 1 DAGs
[2024-10-13T09:33:22.694+0000] {logging_mixin.py:149} INFO - [2024-10-13T09:33:22.693+0000] {dag.py:3490} INFO - Setting next_dagrun for tutorial_taskflow_api_virtualenv to None, run_after=None
[2024-10-13T09:33:22.717+0000] {processor.py:178} INFO - Processing /home/airflow/.local/lib/python3.7/site-packages/airflow/example_dags/tutorial_taskflow_api_virtualenv.py took 0.119 seconds
[2024-10-13T09:33:53.034+0000] {processor.py:156} INFO - Started process (PID=875) to work on /home/airflow/.local/lib/python3.7/site-packages/airflow/example_dags/tutorial_taskflow_api_virtualenv.py
[2024-10-13T09:33:53.035+0000] {processor.py:799} INFO - Processing file /home/airflow/.local/lib/python3.7/site-packages/airflow/example_dags/tutorial_taskflow_api_virtualenv.py for tasks to queue
[2024-10-13T09:33:53.036+0000] {logging_mixin.py:149} INFO - [2024-10-13T09:33:53.036+0000] {dagbag.py:541} INFO - Filling up the DagBag from /home/airflow/.local/lib/python3.7/site-packages/airflow/example_dags/tutorial_taskflow_api_virtualenv.py
[2024-10-13T09:33:53.044+0000] {processor.py:809} INFO - DAG(s) dict_keys(['tutorial_taskflow_api_virtualenv']) retrieved from /home/airflow/.local/lib/python3.7/site-packages/airflow/example_dags/tutorial_taskflow_api_virtualenv.py
[2024-10-13T09:33:53.075+0000] {logging_mixin.py:149} INFO - [2024-10-13T09:33:53.075+0000] {dag.py:2726} INFO - Sync 1 DAGs
[2024-10-13T09:33:53.116+0000] {logging_mixin.py:149} INFO - [2024-10-13T09:33:53.116+0000] {dag.py:3490} INFO - Setting next_dagrun for tutorial_taskflow_api_virtualenv to None, run_after=None
[2024-10-13T09:33:53.141+0000] {processor.py:178} INFO - Processing /home/airflow/.local/lib/python3.7/site-packages/airflow/example_dags/tutorial_taskflow_api_virtualenv.py took 0.110 seconds
[2024-10-13T09:34:23.704+0000] {processor.py:156} INFO - Started process (PID=936) to work on /home/airflow/.local/lib/python3.7/site-packages/airflow/example_dags/tutorial_taskflow_api_virtualenv.py
[2024-10-13T09:34:23.705+0000] {processor.py:799} INFO - Processing file /home/airflow/.local/lib/python3.7/site-packages/airflow/example_dags/tutorial_taskflow_api_virtualenv.py for tasks to queue
[2024-10-13T09:34:23.705+0000] {logging_mixin.py:149} INFO - [2024-10-13T09:34:23.705+0000] {dagbag.py:541} INFO - Filling up the DagBag from /home/airflow/.local/lib/python3.7/site-packages/airflow/example_dags/tutorial_taskflow_api_virtualenv.py
[2024-10-13T09:34:23.714+0000] {processor.py:809} INFO - DAG(s) dict_keys(['tutorial_taskflow_api_virtualenv']) retrieved from /home/airflow/.local/lib/python3.7/site-packages/airflow/example_dags/tutorial_taskflow_api_virtualenv.py
[2024-10-13T09:34:23.754+0000] {logging_mixin.py:149} INFO - [2024-10-13T09:34:23.753+0000] {dag.py:2726} INFO - Sync 1 DAGs
[2024-10-13T09:34:23.796+0000] {logging_mixin.py:149} INFO - [2024-10-13T09:34:23.795+0000] {dag.py:3490} INFO - Setting next_dagrun for tutorial_taskflow_api_virtualenv to None, run_after=None
[2024-10-13T09:34:23.821+0000] {processor.py:178} INFO - Processing /home/airflow/.local/lib/python3.7/site-packages/airflow/example_dags/tutorial_taskflow_api_virtualenv.py took 0.122 seconds
[2024-10-13T09:34:54.285+0000] {processor.py:156} INFO - Started process (PID=997) to work on /home/airflow/.local/lib/python3.7/site-packages/airflow/example_dags/tutorial_taskflow_api_virtualenv.py
[2024-10-13T09:34:54.287+0000] {processor.py:799} INFO - Processing file /home/airflow/.local/lib/python3.7/site-packages/airflow/example_dags/tutorial_taskflow_api_virtualenv.py for tasks to queue
[2024-10-13T09:34:54.287+0000] {logging_mixin.py:149} INFO - [2024-10-13T09:34:54.287+0000] {dagbag.py:541} INFO - Filling up the DagBag from /home/airflow/.local/lib/python3.7/site-packages/airflow/example_dags/tutorial_taskflow_api_virtualenv.py
[2024-10-13T09:34:54.295+0000] {processor.py:809} INFO - DAG(s) dict_keys(['tutorial_taskflow_api_virtualenv']) retrieved from /home/airflow/.local/lib/python3.7/site-packages/airflow/example_dags/tutorial_taskflow_api_virtualenv.py
[2024-10-13T09:34:54.328+0000] {logging_mixin.py:149} INFO - [2024-10-13T09:34:54.328+0000] {dag.py:2726} INFO - Sync 1 DAGs
[2024-10-13T09:34:54.361+0000] {logging_mixin.py:149} INFO - [2024-10-13T09:34:54.360+0000] {dag.py:3490} INFO - Setting next_dagrun for tutorial_taskflow_api_virtualenv to None, run_after=None
[2024-10-13T09:34:54.383+0000] {processor.py:178} INFO - Processing /home/airflow/.local/lib/python3.7/site-packages/airflow/example_dags/tutorial_taskflow_api_virtualenv.py took 0.101 seconds
[2024-10-13T09:35:25.442+0000] {processor.py:156} INFO - Started process (PID=1067) to work on /home/airflow/.local/lib/python3.7/site-packages/airflow/example_dags/tutorial_taskflow_api_virtualenv.py
[2024-10-13T09:35:25.443+0000] {processor.py:799} INFO - Processing file /home/airflow/.local/lib/python3.7/site-packages/airflow/example_dags/tutorial_taskflow_api_virtualenv.py for tasks to queue
[2024-10-13T09:35:25.444+0000] {logging_mixin.py:149} INFO - [2024-10-13T09:35:25.443+0000] {dagbag.py:541} INFO - Filling up the DagBag from /home/airflow/.local/lib/python3.7/site-packages/airflow/example_dags/tutorial_taskflow_api_virtualenv.py
[2024-10-13T09:35:25.451+0000] {processor.py:809} INFO - DAG(s) dict_keys(['tutorial_taskflow_api_virtualenv']) retrieved from /home/airflow/.local/lib/python3.7/site-packages/airflow/example_dags/tutorial_taskflow_api_virtualenv.py
[2024-10-13T09:35:25.478+0000] {logging_mixin.py:149} INFO - [2024-10-13T09:35:25.478+0000] {dag.py:2726} INFO - Sync 1 DAGs
[2024-10-13T09:35:25.508+0000] {logging_mixin.py:149} INFO - [2024-10-13T09:35:25.508+0000] {dag.py:3490} INFO - Setting next_dagrun for tutorial_taskflow_api_virtualenv to None, run_after=None
[2024-10-13T09:35:25.529+0000] {processor.py:178} INFO - Processing /home/airflow/.local/lib/python3.7/site-packages/airflow/example_dags/tutorial_taskflow_api_virtualenv.py took 0.091 seconds
[2024-10-13T09:35:56.244+0000] {processor.py:156} INFO - Started process (PID=1128) to work on /home/airflow/.local/lib/python3.7/site-packages/airflow/example_dags/tutorial_taskflow_api_virtualenv.py
[2024-10-13T09:35:56.245+0000] {processor.py:799} INFO - Processing file /home/airflow/.local/lib/python3.7/site-packages/airflow/example_dags/tutorial_taskflow_api_virtualenv.py for tasks to queue
[2024-10-13T09:35:56.247+0000] {logging_mixin.py:149} INFO - [2024-10-13T09:35:56.246+0000] {dagbag.py:541} INFO - Filling up the DagBag from /home/airflow/.local/lib/python3.7/site-packages/airflow/example_dags/tutorial_taskflow_api_virtualenv.py
[2024-10-13T09:35:56.255+0000] {processor.py:809} INFO - DAG(s) dict_keys(['tutorial_taskflow_api_virtualenv']) retrieved from /home/airflow/.local/lib/python3.7/site-packages/airflow/example_dags/tutorial_taskflow_api_virtualenv.py
[2024-10-13T09:35:56.296+0000] {logging_mixin.py:149} INFO - [2024-10-13T09:35:56.296+0000] {dag.py:2726} INFO - Sync 1 DAGs
[2024-10-13T09:35:56.361+0000] {logging_mixin.py:149} INFO - [2024-10-13T09:35:56.361+0000] {dag.py:3490} INFO - Setting next_dagrun for tutorial_taskflow_api_virtualenv to None, run_after=None
[2024-10-13T09:35:56.390+0000] {processor.py:178} INFO - Processing /home/airflow/.local/lib/python3.7/site-packages/airflow/example_dags/tutorial_taskflow_api_virtualenv.py took 0.150 seconds
[2024-10-13T09:36:26.780+0000] {processor.py:156} INFO - Started process (PID=1190) to work on /home/airflow/.local/lib/python3.7/site-packages/airflow/example_dags/tutorial_taskflow_api_virtualenv.py
[2024-10-13T09:36:26.781+0000] {processor.py:799} INFO - Processing file /home/airflow/.local/lib/python3.7/site-packages/airflow/example_dags/tutorial_taskflow_api_virtualenv.py for tasks to queue
[2024-10-13T09:36:26.782+0000] {logging_mixin.py:149} INFO - [2024-10-13T09:36:26.782+0000] {dagbag.py:541} INFO - Filling up the DagBag from /home/airflow/.local/lib/python3.7/site-packages/airflow/example_dags/tutorial_taskflow_api_virtualenv.py
[2024-10-13T09:36:26.789+0000] {processor.py:809} INFO - DAG(s) dict_keys(['tutorial_taskflow_api_virtualenv']) retrieved from /home/airflow/.local/lib/python3.7/site-packages/airflow/example_dags/tutorial_taskflow_api_virtualenv.py
[2024-10-13T09:36:26.817+0000] {logging_mixin.py:149} INFO - [2024-10-13T09:36:26.817+0000] {dag.py:2726} INFO - Sync 1 DAGs
[2024-10-13T09:36:26.855+0000] {logging_mixin.py:149} INFO - [2024-10-13T09:36:26.855+0000] {dag.py:3490} INFO - Setting next_dagrun for tutorial_taskflow_api_virtualenv to None, run_after=None
[2024-10-13T09:36:26.878+0000] {processor.py:178} INFO - Processing /home/airflow/.local/lib/python3.7/site-packages/airflow/example_dags/tutorial_taskflow_api_virtualenv.py took 0.102 seconds
[2024-10-13T09:36:57.724+0000] {processor.py:156} INFO - Started process (PID=1251) to work on /home/airflow/.local/lib/python3.7/site-packages/airflow/example_dags/tutorial_taskflow_api_virtualenv.py
[2024-10-13T09:36:57.725+0000] {processor.py:799} INFO - Processing file /home/airflow/.local/lib/python3.7/site-packages/airflow/example_dags/tutorial_taskflow_api_virtualenv.py for tasks to queue
[2024-10-13T09:36:57.725+0000] {logging_mixin.py:149} INFO - [2024-10-13T09:36:57.725+0000] {dagbag.py:541} INFO - Filling up the DagBag from /home/airflow/.local/lib/python3.7/site-packages/airflow/example_dags/tutorial_taskflow_api_virtualenv.py
[2024-10-13T09:36:57.733+0000] {processor.py:809} INFO - DAG(s) dict_keys(['tutorial_taskflow_api_virtualenv']) retrieved from /home/airflow/.local/lib/python3.7/site-packages/airflow/example_dags/tutorial_taskflow_api_virtualenv.py
[2024-10-13T09:36:57.760+0000] {logging_mixin.py:149} INFO - [2024-10-13T09:36:57.760+0000] {dag.py:2726} INFO - Sync 1 DAGs
[2024-10-13T09:36:57.792+0000] {logging_mixin.py:149} INFO - [2024-10-13T09:36:57.792+0000] {dag.py:3490} INFO - Setting next_dagrun for tutorial_taskflow_api_virtualenv to None, run_after=None
[2024-10-13T09:36:57.811+0000] {processor.py:178} INFO - Processing /home/airflow/.local/lib/python3.7/site-packages/airflow/example_dags/tutorial_taskflow_api_virtualenv.py took 0.091 seconds
[2024-10-13T09:37:28.113+0000] {processor.py:156} INFO - Started process (PID=1313) to work on /home/airflow/.local/lib/python3.7/site-packages/airflow/example_dags/tutorial_taskflow_api_virtualenv.py
[2024-10-13T09:37:28.114+0000] {processor.py:799} INFO - Processing file /home/airflow/.local/lib/python3.7/site-packages/airflow/example_dags/tutorial_taskflow_api_virtualenv.py for tasks to queue
[2024-10-13T09:37:28.115+0000] {logging_mixin.py:149} INFO - [2024-10-13T09:37:28.115+0000] {dagbag.py:541} INFO - Filling up the DagBag from /home/airflow/.local/lib/python3.7/site-packages/airflow/example_dags/tutorial_taskflow_api_virtualenv.py
[2024-10-13T09:37:28.121+0000] {processor.py:809} INFO - DAG(s) dict_keys(['tutorial_taskflow_api_virtualenv']) retrieved from /home/airflow/.local/lib/python3.7/site-packages/airflow/example_dags/tutorial_taskflow_api_virtualenv.py
[2024-10-13T09:37:28.146+0000] {logging_mixin.py:149} INFO - [2024-10-13T09:37:28.146+0000] {dag.py:2726} INFO - Sync 1 DAGs
[2024-10-13T09:37:28.177+0000] {logging_mixin.py:149} INFO - [2024-10-13T09:37:28.177+0000] {dag.py:3490} INFO - Setting next_dagrun for tutorial_taskflow_api_virtualenv to None, run_after=None
[2024-10-13T09:37:28.198+0000] {processor.py:178} INFO - Processing /home/airflow/.local/lib/python3.7/site-packages/airflow/example_dags/tutorial_taskflow_api_virtualenv.py took 0.088 seconds
[2024-10-13T09:37:58.284+0000] {processor.py:156} INFO - Started process (PID=1372) to work on /home/airflow/.local/lib/python3.7/site-packages/airflow/example_dags/tutorial_taskflow_api_virtualenv.py
[2024-10-13T09:37:58.285+0000] {processor.py:799} INFO - Processing file /home/airflow/.local/lib/python3.7/site-packages/airflow/example_dags/tutorial_taskflow_api_virtualenv.py for tasks to queue
[2024-10-13T09:37:58.286+0000] {logging_mixin.py:149} INFO - [2024-10-13T09:37:58.286+0000] {dagbag.py:541} INFO - Filling up the DagBag from /home/airflow/.local/lib/python3.7/site-packages/airflow/example_dags/tutorial_taskflow_api_virtualenv.py
[2024-10-13T09:37:58.297+0000] {processor.py:809} INFO - DAG(s) dict_keys(['tutorial_taskflow_api_virtualenv']) retrieved from /home/airflow/.local/lib/python3.7/site-packages/airflow/example_dags/tutorial_taskflow_api_virtualenv.py
[2024-10-13T09:37:58.342+0000] {logging_mixin.py:149} INFO - [2024-10-13T09:37:58.342+0000] {dag.py:2726} INFO - Sync 1 DAGs
[2024-10-13T09:37:58.395+0000] {logging_mixin.py:149} INFO - [2024-10-13T09:37:58.394+0000] {dag.py:3490} INFO - Setting next_dagrun for tutorial_taskflow_api_virtualenv to None, run_after=None
[2024-10-13T09:37:58.425+0000] {processor.py:178} INFO - Processing /home/airflow/.local/lib/python3.7/site-packages/airflow/example_dags/tutorial_taskflow_api_virtualenv.py took 0.145 seconds
[2024-10-13T09:38:29.453+0000] {processor.py:156} INFO - Started process (PID=1434) to work on /home/airflow/.local/lib/python3.7/site-packages/airflow/example_dags/tutorial_taskflow_api_virtualenv.py
[2024-10-13T09:38:29.454+0000] {processor.py:799} INFO - Processing file /home/airflow/.local/lib/python3.7/site-packages/airflow/example_dags/tutorial_taskflow_api_virtualenv.py for tasks to queue
[2024-10-13T09:38:29.455+0000] {logging_mixin.py:149} INFO - [2024-10-13T09:38:29.455+0000] {dagbag.py:541} INFO - Filling up the DagBag from /home/airflow/.local/lib/python3.7/site-packages/airflow/example_dags/tutorial_taskflow_api_virtualenv.py
[2024-10-13T09:38:29.462+0000] {processor.py:809} INFO - DAG(s) dict_keys(['tutorial_taskflow_api_virtualenv']) retrieved from /home/airflow/.local/lib/python3.7/site-packages/airflow/example_dags/tutorial_taskflow_api_virtualenv.py
[2024-10-13T09:38:29.490+0000] {logging_mixin.py:149} INFO - [2024-10-13T09:38:29.490+0000] {dag.py:2726} INFO - Sync 1 DAGs
[2024-10-13T09:38:29.523+0000] {logging_mixin.py:149} INFO - [2024-10-13T09:38:29.523+0000] {dag.py:3490} INFO - Setting next_dagrun for tutorial_taskflow_api_virtualenv to None, run_after=None
[2024-10-13T09:38:29.549+0000] {processor.py:178} INFO - Processing /home/airflow/.local/lib/python3.7/site-packages/airflow/example_dags/tutorial_taskflow_api_virtualenv.py took 0.100 seconds
[2024-10-13T09:39:00.068+0000] {processor.py:156} INFO - Started process (PID=1495) to work on /home/airflow/.local/lib/python3.7/site-packages/airflow/example_dags/tutorial_taskflow_api_virtualenv.py
[2024-10-13T09:39:00.069+0000] {processor.py:799} INFO - Processing file /home/airflow/.local/lib/python3.7/site-packages/airflow/example_dags/tutorial_taskflow_api_virtualenv.py for tasks to queue
[2024-10-13T09:39:00.070+0000] {logging_mixin.py:149} INFO - [2024-10-13T09:39:00.070+0000] {dagbag.py:541} INFO - Filling up the DagBag from /home/airflow/.local/lib/python3.7/site-packages/airflow/example_dags/tutorial_taskflow_api_virtualenv.py
[2024-10-13T09:39:00.079+0000] {processor.py:809} INFO - DAG(s) dict_keys(['tutorial_taskflow_api_virtualenv']) retrieved from /home/airflow/.local/lib/python3.7/site-packages/airflow/example_dags/tutorial_taskflow_api_virtualenv.py
[2024-10-13T09:39:00.107+0000] {logging_mixin.py:149} INFO - [2024-10-13T09:39:00.106+0000] {dag.py:2726} INFO - Sync 1 DAGs
[2024-10-13T09:39:00.134+0000] {logging_mixin.py:149} INFO - [2024-10-13T09:39:00.134+0000] {dag.py:3490} INFO - Setting next_dagrun for tutorial_taskflow_api_virtualenv to None, run_after=None
[2024-10-13T09:39:00.153+0000] {processor.py:178} INFO - Processing /home/airflow/.local/lib/python3.7/site-packages/airflow/example_dags/tutorial_taskflow_api_virtualenv.py took 0.091 seconds
[2024-10-13T09:39:30.651+0000] {processor.py:156} INFO - Started process (PID=1556) to work on /home/airflow/.local/lib/python3.7/site-packages/airflow/example_dags/tutorial_taskflow_api_virtualenv.py
[2024-10-13T09:39:30.652+0000] {processor.py:799} INFO - Processing file /home/airflow/.local/lib/python3.7/site-packages/airflow/example_dags/tutorial_taskflow_api_virtualenv.py for tasks to queue
[2024-10-13T09:39:30.653+0000] {logging_mixin.py:149} INFO - [2024-10-13T09:39:30.653+0000] {dagbag.py:541} INFO - Filling up the DagBag from /home/airflow/.local/lib/python3.7/site-packages/airflow/example_dags/tutorial_taskflow_api_virtualenv.py
[2024-10-13T09:39:30.661+0000] {processor.py:809} INFO - DAG(s) dict_keys(['tutorial_taskflow_api_virtualenv']) retrieved from /home/airflow/.local/lib/python3.7/site-packages/airflow/example_dags/tutorial_taskflow_api_virtualenv.py
[2024-10-13T09:39:30.699+0000] {logging_mixin.py:149} INFO - [2024-10-13T09:39:30.699+0000] {dag.py:2726} INFO - Sync 1 DAGs
[2024-10-13T09:39:30.730+0000] {logging_mixin.py:149} INFO - [2024-10-13T09:39:30.730+0000] {dag.py:3490} INFO - Setting next_dagrun for tutorial_taskflow_api_virtualenv to None, run_after=None
[2024-10-13T09:39:30.751+0000] {processor.py:178} INFO - Processing /home/airflow/.local/lib/python3.7/site-packages/airflow/example_dags/tutorial_taskflow_api_virtualenv.py took 0.103 seconds
[2024-10-13T09:40:01.100+0000] {processor.py:156} INFO - Started process (PID=1617) to work on /home/airflow/.local/lib/python3.7/site-packages/airflow/example_dags/tutorial_taskflow_api_virtualenv.py
[2024-10-13T09:40:01.101+0000] {processor.py:799} INFO - Processing file /home/airflow/.local/lib/python3.7/site-packages/airflow/example_dags/tutorial_taskflow_api_virtualenv.py for tasks to queue
[2024-10-13T09:40:01.102+0000] {logging_mixin.py:149} INFO - [2024-10-13T09:40:01.102+0000] {dagbag.py:541} INFO - Filling up the DagBag from /home/airflow/.local/lib/python3.7/site-packages/airflow/example_dags/tutorial_taskflow_api_virtualenv.py
[2024-10-13T09:40:01.109+0000] {processor.py:809} INFO - DAG(s) dict_keys(['tutorial_taskflow_api_virtualenv']) retrieved from /home/airflow/.local/lib/python3.7/site-packages/airflow/example_dags/tutorial_taskflow_api_virtualenv.py
[2024-10-13T09:40:01.145+0000] {logging_mixin.py:149} INFO - [2024-10-13T09:40:01.144+0000] {dag.py:2726} INFO - Sync 1 DAGs
[2024-10-13T09:40:01.181+0000] {logging_mixin.py:149} INFO - [2024-10-13T09:40:01.181+0000] {dag.py:3490} INFO - Setting next_dagrun for tutorial_taskflow_api_virtualenv to None, run_after=None
[2024-10-13T09:40:01.202+0000] {processor.py:178} INFO - Processing /home/airflow/.local/lib/python3.7/site-packages/airflow/example_dags/tutorial_taskflow_api_virtualenv.py took 0.105 seconds
[2024-10-13T09:40:32.192+0000] {processor.py:156} INFO - Started process (PID=1678) to work on /home/airflow/.local/lib/python3.7/site-packages/airflow/example_dags/tutorial_taskflow_api_virtualenv.py
[2024-10-13T09:40:32.193+0000] {processor.py:799} INFO - Processing file /home/airflow/.local/lib/python3.7/site-packages/airflow/example_dags/tutorial_taskflow_api_virtualenv.py for tasks to queue
[2024-10-13T09:40:32.194+0000] {logging_mixin.py:149} INFO - [2024-10-13T09:40:32.194+0000] {dagbag.py:541} INFO - Filling up the DagBag from /home/airflow/.local/lib/python3.7/site-packages/airflow/example_dags/tutorial_taskflow_api_virtualenv.py
[2024-10-13T09:40:32.201+0000] {processor.py:809} INFO - DAG(s) dict_keys(['tutorial_taskflow_api_virtualenv']) retrieved from /home/airflow/.local/lib/python3.7/site-packages/airflow/example_dags/tutorial_taskflow_api_virtualenv.py
[2024-10-13T09:40:32.229+0000] {logging_mixin.py:149} INFO - [2024-10-13T09:40:32.229+0000] {dag.py:2726} INFO - Sync 1 DAGs
[2024-10-13T09:40:32.259+0000] {logging_mixin.py:149} INFO - [2024-10-13T09:40:32.259+0000] {dag.py:3490} INFO - Setting next_dagrun for tutorial_taskflow_api_virtualenv to None, run_after=None
[2024-10-13T09:40:32.280+0000] {processor.py:178} INFO - Processing /home/airflow/.local/lib/python3.7/site-packages/airflow/example_dags/tutorial_taskflow_api_virtualenv.py took 0.091 seconds
[2024-10-13T09:41:02.731+0000] {processor.py:156} INFO - Started process (PID=1739) to work on /home/airflow/.local/lib/python3.7/site-packages/airflow/example_dags/tutorial_taskflow_api_virtualenv.py
[2024-10-13T09:41:02.732+0000] {processor.py:799} INFO - Processing file /home/airflow/.local/lib/python3.7/site-packages/airflow/example_dags/tutorial_taskflow_api_virtualenv.py for tasks to queue
[2024-10-13T09:41:02.733+0000] {logging_mixin.py:149} INFO - [2024-10-13T09:41:02.733+0000] {dagbag.py:541} INFO - Filling up the DagBag from /home/airflow/.local/lib/python3.7/site-packages/airflow/example_dags/tutorial_taskflow_api_virtualenv.py
[2024-10-13T09:41:02.740+0000] {processor.py:809} INFO - DAG(s) dict_keys(['tutorial_taskflow_api_virtualenv']) retrieved from /home/airflow/.local/lib/python3.7/site-packages/airflow/example_dags/tutorial_taskflow_api_virtualenv.py
[2024-10-13T09:41:02.768+0000] {logging_mixin.py:149} INFO - [2024-10-13T09:41:02.768+0000] {dag.py:2726} INFO - Sync 1 DAGs
[2024-10-13T09:41:02.796+0000] {logging_mixin.py:149} INFO - [2024-10-13T09:41:02.796+0000] {dag.py:3490} INFO - Setting next_dagrun for tutorial_taskflow_api_virtualenv to None, run_after=None
[2024-10-13T09:41:02.815+0000] {processor.py:178} INFO - Processing /home/airflow/.local/lib/python3.7/site-packages/airflow/example_dags/tutorial_taskflow_api_virtualenv.py took 0.088 seconds
[2024-10-13T09:41:33.204+0000] {processor.py:156} INFO - Started process (PID=1800) to work on /home/airflow/.local/lib/python3.7/site-packages/airflow/example_dags/tutorial_taskflow_api_virtualenv.py
[2024-10-13T09:41:33.205+0000] {processor.py:799} INFO - Processing file /home/airflow/.local/lib/python3.7/site-packages/airflow/example_dags/tutorial_taskflow_api_virtualenv.py for tasks to queue
[2024-10-13T09:41:33.206+0000] {logging_mixin.py:149} INFO - [2024-10-13T09:41:33.205+0000] {dagbag.py:541} INFO - Filling up the DagBag from /home/airflow/.local/lib/python3.7/site-packages/airflow/example_dags/tutorial_taskflow_api_virtualenv.py
[2024-10-13T09:41:33.212+0000] {processor.py:809} INFO - DAG(s) dict_keys(['tutorial_taskflow_api_virtualenv']) retrieved from /home/airflow/.local/lib/python3.7/site-packages/airflow/example_dags/tutorial_taskflow_api_virtualenv.py
[2024-10-13T09:41:33.239+0000] {logging_mixin.py:149} INFO - [2024-10-13T09:41:33.238+0000] {dag.py:2726} INFO - Sync 1 DAGs
[2024-10-13T09:41:33.264+0000] {logging_mixin.py:149} INFO - [2024-10-13T09:41:33.264+0000] {dag.py:3490} INFO - Setting next_dagrun for tutorial_taskflow_api_virtualenv to None, run_after=None
[2024-10-13T09:41:33.282+0000] {processor.py:178} INFO - Processing /home/airflow/.local/lib/python3.7/site-packages/airflow/example_dags/tutorial_taskflow_api_virtualenv.py took 0.082 seconds
[2024-10-13T09:42:03.735+0000] {processor.py:156} INFO - Started process (PID=1861) to work on /home/airflow/.local/lib/python3.7/site-packages/airflow/example_dags/tutorial_taskflow_api_virtualenv.py
[2024-10-13T09:42:03.736+0000] {processor.py:799} INFO - Processing file /home/airflow/.local/lib/python3.7/site-packages/airflow/example_dags/tutorial_taskflow_api_virtualenv.py for tasks to queue
[2024-10-13T09:42:03.737+0000] {logging_mixin.py:149} INFO - [2024-10-13T09:42:03.737+0000] {dagbag.py:541} INFO - Filling up the DagBag from /home/airflow/.local/lib/python3.7/site-packages/airflow/example_dags/tutorial_taskflow_api_virtualenv.py
[2024-10-13T09:42:03.744+0000] {processor.py:809} INFO - DAG(s) dict_keys(['tutorial_taskflow_api_virtualenv']) retrieved from /home/airflow/.local/lib/python3.7/site-packages/airflow/example_dags/tutorial_taskflow_api_virtualenv.py
[2024-10-13T09:42:03.772+0000] {logging_mixin.py:149} INFO - [2024-10-13T09:42:03.772+0000] {dag.py:2726} INFO - Sync 1 DAGs
[2024-10-13T09:42:03.800+0000] {logging_mixin.py:149} INFO - [2024-10-13T09:42:03.799+0000] {dag.py:3490} INFO - Setting next_dagrun for tutorial_taskflow_api_virtualenv to None, run_after=None
[2024-10-13T09:42:03.819+0000] {processor.py:178} INFO - Processing /home/airflow/.local/lib/python3.7/site-packages/airflow/example_dags/tutorial_taskflow_api_virtualenv.py took 0.087 seconds
[2024-10-13T09:42:34.292+0000] {processor.py:156} INFO - Started process (PID=1922) to work on /home/airflow/.local/lib/python3.7/site-packages/airflow/example_dags/tutorial_taskflow_api_virtualenv.py
[2024-10-13T09:42:34.293+0000] {processor.py:799} INFO - Processing file /home/airflow/.local/lib/python3.7/site-packages/airflow/example_dags/tutorial_taskflow_api_virtualenv.py for tasks to queue
[2024-10-13T09:42:34.294+0000] {logging_mixin.py:149} INFO - [2024-10-13T09:42:34.293+0000] {dagbag.py:541} INFO - Filling up the DagBag from /home/airflow/.local/lib/python3.7/site-packages/airflow/example_dags/tutorial_taskflow_api_virtualenv.py
[2024-10-13T09:42:34.300+0000] {processor.py:809} INFO - DAG(s) dict_keys(['tutorial_taskflow_api_virtualenv']) retrieved from /home/airflow/.local/lib/python3.7/site-packages/airflow/example_dags/tutorial_taskflow_api_virtualenv.py
[2024-10-13T09:42:34.326+0000] {logging_mixin.py:149} INFO - [2024-10-13T09:42:34.326+0000] {dag.py:2726} INFO - Sync 1 DAGs
[2024-10-13T09:42:34.352+0000] {logging_mixin.py:149} INFO - [2024-10-13T09:42:34.352+0000] {dag.py:3490} INFO - Setting next_dagrun for tutorial_taskflow_api_virtualenv to None, run_after=None
[2024-10-13T09:42:34.370+0000] {processor.py:178} INFO - Processing /home/airflow/.local/lib/python3.7/site-packages/airflow/example_dags/tutorial_taskflow_api_virtualenv.py took 0.081 seconds
[2024-10-13T09:43:05.501+0000] {processor.py:156} INFO - Started process (PID=1983) to work on /home/airflow/.local/lib/python3.7/site-packages/airflow/example_dags/tutorial_taskflow_api_virtualenv.py
[2024-10-13T09:43:05.501+0000] {processor.py:799} INFO - Processing file /home/airflow/.local/lib/python3.7/site-packages/airflow/example_dags/tutorial_taskflow_api_virtualenv.py for tasks to queue
[2024-10-13T09:43:05.502+0000] {logging_mixin.py:149} INFO - [2024-10-13T09:43:05.502+0000] {dagbag.py:541} INFO - Filling up the DagBag from /home/airflow/.local/lib/python3.7/site-packages/airflow/example_dags/tutorial_taskflow_api_virtualenv.py
[2024-10-13T09:43:05.509+0000] {processor.py:809} INFO - DAG(s) dict_keys(['tutorial_taskflow_api_virtualenv']) retrieved from /home/airflow/.local/lib/python3.7/site-packages/airflow/example_dags/tutorial_taskflow_api_virtualenv.py
[2024-10-13T09:43:05.535+0000] {logging_mixin.py:149} INFO - [2024-10-13T09:43:05.535+0000] {dag.py:2726} INFO - Sync 1 DAGs
[2024-10-13T09:43:05.563+0000] {logging_mixin.py:149} INFO - [2024-10-13T09:43:05.562+0000] {dag.py:3490} INFO - Setting next_dagrun for tutorial_taskflow_api_virtualenv to None, run_after=None
[2024-10-13T09:43:05.581+0000] {processor.py:178} INFO - Processing /home/airflow/.local/lib/python3.7/site-packages/airflow/example_dags/tutorial_taskflow_api_virtualenv.py took 0.084 seconds
[2024-10-13T09:43:36.641+0000] {processor.py:156} INFO - Started process (PID=2044) to work on /home/airflow/.local/lib/python3.7/site-packages/airflow/example_dags/tutorial_taskflow_api_virtualenv.py
[2024-10-13T09:43:36.642+0000] {processor.py:799} INFO - Processing file /home/airflow/.local/lib/python3.7/site-packages/airflow/example_dags/tutorial_taskflow_api_virtualenv.py for tasks to queue
[2024-10-13T09:43:36.642+0000] {logging_mixin.py:149} INFO - [2024-10-13T09:43:36.642+0000] {dagbag.py:541} INFO - Filling up the DagBag from /home/airflow/.local/lib/python3.7/site-packages/airflow/example_dags/tutorial_taskflow_api_virtualenv.py
[2024-10-13T09:43:36.649+0000] {processor.py:809} INFO - DAG(s) dict_keys(['tutorial_taskflow_api_virtualenv']) retrieved from /home/airflow/.local/lib/python3.7/site-packages/airflow/example_dags/tutorial_taskflow_api_virtualenv.py
[2024-10-13T09:43:36.676+0000] {logging_mixin.py:149} INFO - [2024-10-13T09:43:36.675+0000] {dag.py:2726} INFO - Sync 1 DAGs
[2024-10-13T09:43:36.703+0000] {logging_mixin.py:149} INFO - [2024-10-13T09:43:36.702+0000] {dag.py:3490} INFO - Setting next_dagrun for tutorial_taskflow_api_virtualenv to None, run_after=None
[2024-10-13T09:43:36.723+0000] {processor.py:178} INFO - Processing /home/airflow/.local/lib/python3.7/site-packages/airflow/example_dags/tutorial_taskflow_api_virtualenv.py took 0.086 seconds
[2024-10-13T09:44:07.086+0000] {processor.py:156} INFO - Started process (PID=2105) to work on /home/airflow/.local/lib/python3.7/site-packages/airflow/example_dags/tutorial_taskflow_api_virtualenv.py
[2024-10-13T09:44:07.087+0000] {processor.py:799} INFO - Processing file /home/airflow/.local/lib/python3.7/site-packages/airflow/example_dags/tutorial_taskflow_api_virtualenv.py for tasks to queue
[2024-10-13T09:44:07.088+0000] {logging_mixin.py:149} INFO - [2024-10-13T09:44:07.088+0000] {dagbag.py:541} INFO - Filling up the DagBag from /home/airflow/.local/lib/python3.7/site-packages/airflow/example_dags/tutorial_taskflow_api_virtualenv.py
[2024-10-13T09:44:07.099+0000] {processor.py:809} INFO - DAG(s) dict_keys(['tutorial_taskflow_api_virtualenv']) retrieved from /home/airflow/.local/lib/python3.7/site-packages/airflow/example_dags/tutorial_taskflow_api_virtualenv.py
[2024-10-13T09:44:07.127+0000] {logging_mixin.py:149} INFO - [2024-10-13T09:44:07.127+0000] {dag.py:2726} INFO - Sync 1 DAGs
[2024-10-13T09:44:07.154+0000] {logging_mixin.py:149} INFO - [2024-10-13T09:44:07.154+0000] {dag.py:3490} INFO - Setting next_dagrun for tutorial_taskflow_api_virtualenv to None, run_after=None
[2024-10-13T09:44:07.173+0000] {processor.py:178} INFO - Processing /home/airflow/.local/lib/python3.7/site-packages/airflow/example_dags/tutorial_taskflow_api_virtualenv.py took 0.091 seconds
[2024-10-13T09:44:37.504+0000] {processor.py:156} INFO - Started process (PID=2166) to work on /home/airflow/.local/lib/python3.7/site-packages/airflow/example_dags/tutorial_taskflow_api_virtualenv.py
[2024-10-13T09:44:37.505+0000] {processor.py:799} INFO - Processing file /home/airflow/.local/lib/python3.7/site-packages/airflow/example_dags/tutorial_taskflow_api_virtualenv.py for tasks to queue
[2024-10-13T09:44:37.505+0000] {logging_mixin.py:149} INFO - [2024-10-13T09:44:37.505+0000] {dagbag.py:541} INFO - Filling up the DagBag from /home/airflow/.local/lib/python3.7/site-packages/airflow/example_dags/tutorial_taskflow_api_virtualenv.py
[2024-10-13T09:44:37.512+0000] {processor.py:809} INFO - DAG(s) dict_keys(['tutorial_taskflow_api_virtualenv']) retrieved from /home/airflow/.local/lib/python3.7/site-packages/airflow/example_dags/tutorial_taskflow_api_virtualenv.py
[2024-10-13T09:44:37.540+0000] {logging_mixin.py:149} INFO - [2024-10-13T09:44:37.540+0000] {dag.py:2726} INFO - Sync 1 DAGs
[2024-10-13T09:44:37.570+0000] {logging_mixin.py:149} INFO - [2024-10-13T09:44:37.569+0000] {dag.py:3490} INFO - Setting next_dagrun for tutorial_taskflow_api_virtualenv to None, run_after=None
[2024-10-13T09:44:37.593+0000] {processor.py:178} INFO - Processing /home/airflow/.local/lib/python3.7/site-packages/airflow/example_dags/tutorial_taskflow_api_virtualenv.py took 0.092 seconds
[2024-10-13T09:45:07.936+0000] {processor.py:156} INFO - Started process (PID=2227) to work on /home/airflow/.local/lib/python3.7/site-packages/airflow/example_dags/tutorial_taskflow_api_virtualenv.py
[2024-10-13T09:45:07.936+0000] {processor.py:799} INFO - Processing file /home/airflow/.local/lib/python3.7/site-packages/airflow/example_dags/tutorial_taskflow_api_virtualenv.py for tasks to queue
[2024-10-13T09:45:07.937+0000] {logging_mixin.py:149} INFO - [2024-10-13T09:45:07.937+0000] {dagbag.py:541} INFO - Filling up the DagBag from /home/airflow/.local/lib/python3.7/site-packages/airflow/example_dags/tutorial_taskflow_api_virtualenv.py
[2024-10-13T09:45:07.944+0000] {processor.py:809} INFO - DAG(s) dict_keys(['tutorial_taskflow_api_virtualenv']) retrieved from /home/airflow/.local/lib/python3.7/site-packages/airflow/example_dags/tutorial_taskflow_api_virtualenv.py
[2024-10-13T09:45:07.971+0000] {logging_mixin.py:149} INFO - [2024-10-13T09:45:07.970+0000] {dag.py:2726} INFO - Sync 1 DAGs
[2024-10-13T09:45:07.999+0000] {logging_mixin.py:149} INFO - [2024-10-13T09:45:07.999+0000] {dag.py:3490} INFO - Setting next_dagrun for tutorial_taskflow_api_virtualenv to None, run_after=None
[2024-10-13T09:45:08.017+0000] {processor.py:178} INFO - Processing /home/airflow/.local/lib/python3.7/site-packages/airflow/example_dags/tutorial_taskflow_api_virtualenv.py took 0.085 seconds
[2024-10-13T09:45:38.292+0000] {processor.py:156} INFO - Started process (PID=2288) to work on /home/airflow/.local/lib/python3.7/site-packages/airflow/example_dags/tutorial_taskflow_api_virtualenv.py
[2024-10-13T09:45:38.293+0000] {processor.py:799} INFO - Processing file /home/airflow/.local/lib/python3.7/site-packages/airflow/example_dags/tutorial_taskflow_api_virtualenv.py for tasks to queue
[2024-10-13T09:45:38.293+0000] {logging_mixin.py:149} INFO - [2024-10-13T09:45:38.293+0000] {dagbag.py:541} INFO - Filling up the DagBag from /home/airflow/.local/lib/python3.7/site-packages/airflow/example_dags/tutorial_taskflow_api_virtualenv.py
[2024-10-13T09:45:38.300+0000] {processor.py:809} INFO - DAG(s) dict_keys(['tutorial_taskflow_api_virtualenv']) retrieved from /home/airflow/.local/lib/python3.7/site-packages/airflow/example_dags/tutorial_taskflow_api_virtualenv.py
[2024-10-13T09:45:38.325+0000] {logging_mixin.py:149} INFO - [2024-10-13T09:45:38.325+0000] {dag.py:2726} INFO - Sync 1 DAGs
[2024-10-13T09:45:38.351+0000] {logging_mixin.py:149} INFO - [2024-10-13T09:45:38.350+0000] {dag.py:3490} INFO - Setting next_dagrun for tutorial_taskflow_api_virtualenv to None, run_after=None
[2024-10-13T09:45:38.370+0000] {processor.py:178} INFO - Processing /home/airflow/.local/lib/python3.7/site-packages/airflow/example_dags/tutorial_taskflow_api_virtualenv.py took 0.081 seconds
[2024-10-13T09:46:09.434+0000] {processor.py:156} INFO - Started process (PID=2349) to work on /home/airflow/.local/lib/python3.7/site-packages/airflow/example_dags/tutorial_taskflow_api_virtualenv.py
[2024-10-13T09:46:09.435+0000] {processor.py:799} INFO - Processing file /home/airflow/.local/lib/python3.7/site-packages/airflow/example_dags/tutorial_taskflow_api_virtualenv.py for tasks to queue
[2024-10-13T09:46:09.435+0000] {logging_mixin.py:149} INFO - [2024-10-13T09:46:09.435+0000] {dagbag.py:541} INFO - Filling up the DagBag from /home/airflow/.local/lib/python3.7/site-packages/airflow/example_dags/tutorial_taskflow_api_virtualenv.py
[2024-10-13T09:46:09.442+0000] {processor.py:809} INFO - DAG(s) dict_keys(['tutorial_taskflow_api_virtualenv']) retrieved from /home/airflow/.local/lib/python3.7/site-packages/airflow/example_dags/tutorial_taskflow_api_virtualenv.py
[2024-10-13T09:46:09.469+0000] {logging_mixin.py:149} INFO - [2024-10-13T09:46:09.469+0000] {dag.py:2726} INFO - Sync 1 DAGs
[2024-10-13T09:46:09.498+0000] {logging_mixin.py:149} INFO - [2024-10-13T09:46:09.498+0000] {dag.py:3490} INFO - Setting next_dagrun for tutorial_taskflow_api_virtualenv to None, run_after=None
[2024-10-13T09:46:09.517+0000] {processor.py:178} INFO - Processing /home/airflow/.local/lib/python3.7/site-packages/airflow/example_dags/tutorial_taskflow_api_virtualenv.py took 0.087 seconds
[2024-10-13T09:46:39.858+0000] {processor.py:156} INFO - Started process (PID=2410) to work on /home/airflow/.local/lib/python3.7/site-packages/airflow/example_dags/tutorial_taskflow_api_virtualenv.py
[2024-10-13T09:46:39.859+0000] {processor.py:799} INFO - Processing file /home/airflow/.local/lib/python3.7/site-packages/airflow/example_dags/tutorial_taskflow_api_virtualenv.py for tasks to queue
[2024-10-13T09:46:39.860+0000] {logging_mixin.py:149} INFO - [2024-10-13T09:46:39.860+0000] {dagbag.py:541} INFO - Filling up the DagBag from /home/airflow/.local/lib/python3.7/site-packages/airflow/example_dags/tutorial_taskflow_api_virtualenv.py
[2024-10-13T09:46:39.870+0000] {processor.py:809} INFO - DAG(s) dict_keys(['tutorial_taskflow_api_virtualenv']) retrieved from /home/airflow/.local/lib/python3.7/site-packages/airflow/example_dags/tutorial_taskflow_api_virtualenv.py
[2024-10-13T09:46:39.903+0000] {logging_mixin.py:149} INFO - [2024-10-13T09:46:39.902+0000] {dag.py:2726} INFO - Sync 1 DAGs
[2024-10-13T09:46:39.954+0000] {logging_mixin.py:149} INFO - [2024-10-13T09:46:39.954+0000] {dag.py:3490} INFO - Setting next_dagrun for tutorial_taskflow_api_virtualenv to None, run_after=None
[2024-10-13T09:46:39.983+0000] {processor.py:178} INFO - Processing /home/airflow/.local/lib/python3.7/site-packages/airflow/example_dags/tutorial_taskflow_api_virtualenv.py took 0.128 seconds
[2024-10-13T09:47:10.359+0000] {processor.py:156} INFO - Started process (PID=2471) to work on /home/airflow/.local/lib/python3.7/site-packages/airflow/example_dags/tutorial_taskflow_api_virtualenv.py
[2024-10-13T09:47:10.360+0000] {processor.py:799} INFO - Processing file /home/airflow/.local/lib/python3.7/site-packages/airflow/example_dags/tutorial_taskflow_api_virtualenv.py for tasks to queue
[2024-10-13T09:47:10.361+0000] {logging_mixin.py:149} INFO - [2024-10-13T09:47:10.361+0000] {dagbag.py:541} INFO - Filling up the DagBag from /home/airflow/.local/lib/python3.7/site-packages/airflow/example_dags/tutorial_taskflow_api_virtualenv.py
[2024-10-13T09:47:10.370+0000] {processor.py:809} INFO - DAG(s) dict_keys(['tutorial_taskflow_api_virtualenv']) retrieved from /home/airflow/.local/lib/python3.7/site-packages/airflow/example_dags/tutorial_taskflow_api_virtualenv.py
[2024-10-13T09:47:10.403+0000] {logging_mixin.py:149} INFO - [2024-10-13T09:47:10.403+0000] {dag.py:2726} INFO - Sync 1 DAGs
[2024-10-13T09:47:10.449+0000] {logging_mixin.py:149} INFO - [2024-10-13T09:47:10.449+0000] {dag.py:3490} INFO - Setting next_dagrun for tutorial_taskflow_api_virtualenv to None, run_after=None
[2024-10-13T09:47:10.470+0000] {processor.py:178} INFO - Processing /home/airflow/.local/lib/python3.7/site-packages/airflow/example_dags/tutorial_taskflow_api_virtualenv.py took 0.115 seconds
[2024-10-13T09:47:40.911+0000] {processor.py:156} INFO - Started process (PID=2532) to work on /home/airflow/.local/lib/python3.7/site-packages/airflow/example_dags/tutorial_taskflow_api_virtualenv.py
[2024-10-13T09:47:40.911+0000] {processor.py:799} INFO - Processing file /home/airflow/.local/lib/python3.7/site-packages/airflow/example_dags/tutorial_taskflow_api_virtualenv.py for tasks to queue
[2024-10-13T09:47:40.912+0000] {logging_mixin.py:149} INFO - [2024-10-13T09:47:40.912+0000] {dagbag.py:541} INFO - Filling up the DagBag from /home/airflow/.local/lib/python3.7/site-packages/airflow/example_dags/tutorial_taskflow_api_virtualenv.py
[2024-10-13T09:47:40.919+0000] {processor.py:809} INFO - DAG(s) dict_keys(['tutorial_taskflow_api_virtualenv']) retrieved from /home/airflow/.local/lib/python3.7/site-packages/airflow/example_dags/tutorial_taskflow_api_virtualenv.py
[2024-10-13T09:47:40.946+0000] {logging_mixin.py:149} INFO - [2024-10-13T09:47:40.945+0000] {dag.py:2726} INFO - Sync 1 DAGs
[2024-10-13T09:47:40.974+0000] {logging_mixin.py:149} INFO - [2024-10-13T09:47:40.974+0000] {dag.py:3490} INFO - Setting next_dagrun for tutorial_taskflow_api_virtualenv to None, run_after=None
[2024-10-13T09:47:40.992+0000] {processor.py:178} INFO - Processing /home/airflow/.local/lib/python3.7/site-packages/airflow/example_dags/tutorial_taskflow_api_virtualenv.py took 0.085 seconds
[2024-10-13T09:48:11.562+0000] {processor.py:156} INFO - Started process (PID=2593) to work on /home/airflow/.local/lib/python3.7/site-packages/airflow/example_dags/tutorial_taskflow_api_virtualenv.py
[2024-10-13T09:48:11.563+0000] {processor.py:799} INFO - Processing file /home/airflow/.local/lib/python3.7/site-packages/airflow/example_dags/tutorial_taskflow_api_virtualenv.py for tasks to queue
[2024-10-13T09:48:11.564+0000] {logging_mixin.py:149} INFO - [2024-10-13T09:48:11.563+0000] {dagbag.py:541} INFO - Filling up the DagBag from /home/airflow/.local/lib/python3.7/site-packages/airflow/example_dags/tutorial_taskflow_api_virtualenv.py
[2024-10-13T09:48:11.574+0000] {processor.py:809} INFO - DAG(s) dict_keys(['tutorial_taskflow_api_virtualenv']) retrieved from /home/airflow/.local/lib/python3.7/site-packages/airflow/example_dags/tutorial_taskflow_api_virtualenv.py
[2024-10-13T09:48:11.612+0000] {logging_mixin.py:149} INFO - [2024-10-13T09:48:11.612+0000] {dag.py:2726} INFO - Sync 1 DAGs
[2024-10-13T09:48:11.654+0000] {logging_mixin.py:149} INFO - [2024-10-13T09:48:11.653+0000] {dag.py:3490} INFO - Setting next_dagrun for tutorial_taskflow_api_virtualenv to None, run_after=None
[2024-10-13T09:48:11.671+0000] {processor.py:178} INFO - Processing /home/airflow/.local/lib/python3.7/site-packages/airflow/example_dags/tutorial_taskflow_api_virtualenv.py took 0.115 seconds
[2024-10-13T09:48:41.917+0000] {processor.py:156} INFO - Started process (PID=2654) to work on /home/airflow/.local/lib/python3.7/site-packages/airflow/example_dags/tutorial_taskflow_api_virtualenv.py
[2024-10-13T09:48:41.918+0000] {processor.py:799} INFO - Processing file /home/airflow/.local/lib/python3.7/site-packages/airflow/example_dags/tutorial_taskflow_api_virtualenv.py for tasks to queue
[2024-10-13T09:48:41.919+0000] {logging_mixin.py:149} INFO - [2024-10-13T09:48:41.919+0000] {dagbag.py:541} INFO - Filling up the DagBag from /home/airflow/.local/lib/python3.7/site-packages/airflow/example_dags/tutorial_taskflow_api_virtualenv.py
[2024-10-13T09:48:41.925+0000] {processor.py:809} INFO - DAG(s) dict_keys(['tutorial_taskflow_api_virtualenv']) retrieved from /home/airflow/.local/lib/python3.7/site-packages/airflow/example_dags/tutorial_taskflow_api_virtualenv.py
[2024-10-13T09:48:41.950+0000] {logging_mixin.py:149} INFO - [2024-10-13T09:48:41.950+0000] {dag.py:2726} INFO - Sync 1 DAGs
[2024-10-13T09:48:41.976+0000] {logging_mixin.py:149} INFO - [2024-10-13T09:48:41.976+0000] {dag.py:3490} INFO - Setting next_dagrun for tutorial_taskflow_api_virtualenv to None, run_after=None
[2024-10-13T09:48:41.996+0000] {processor.py:178} INFO - Processing /home/airflow/.local/lib/python3.7/site-packages/airflow/example_dags/tutorial_taskflow_api_virtualenv.py took 0.082 seconds
[2024-10-13T09:49:12.993+0000] {processor.py:156} INFO - Started process (PID=2715) to work on /home/airflow/.local/lib/python3.7/site-packages/airflow/example_dags/tutorial_taskflow_api_virtualenv.py
[2024-10-13T09:49:12.994+0000] {processor.py:799} INFO - Processing file /home/airflow/.local/lib/python3.7/site-packages/airflow/example_dags/tutorial_taskflow_api_virtualenv.py for tasks to queue
[2024-10-13T09:49:12.995+0000] {logging_mixin.py:149} INFO - [2024-10-13T09:49:12.995+0000] {dagbag.py:541} INFO - Filling up the DagBag from /home/airflow/.local/lib/python3.7/site-packages/airflow/example_dags/tutorial_taskflow_api_virtualenv.py
[2024-10-13T09:49:13.002+0000] {processor.py:809} INFO - DAG(s) dict_keys(['tutorial_taskflow_api_virtualenv']) retrieved from /home/airflow/.local/lib/python3.7/site-packages/airflow/example_dags/tutorial_taskflow_api_virtualenv.py
[2024-10-13T09:49:13.029+0000] {logging_mixin.py:149} INFO - [2024-10-13T09:49:13.029+0000] {dag.py:2726} INFO - Sync 1 DAGs
[2024-10-13T09:49:13.056+0000] {logging_mixin.py:149} INFO - [2024-10-13T09:49:13.056+0000] {dag.py:3490} INFO - Setting next_dagrun for tutorial_taskflow_api_virtualenv to None, run_after=None
[2024-10-13T09:49:13.076+0000] {processor.py:178} INFO - Processing /home/airflow/.local/lib/python3.7/site-packages/airflow/example_dags/tutorial_taskflow_api_virtualenv.py took 0.086 seconds
[2024-10-13T09:49:43.558+0000] {processor.py:156} INFO - Started process (PID=2776) to work on /home/airflow/.local/lib/python3.7/site-packages/airflow/example_dags/tutorial_taskflow_api_virtualenv.py
[2024-10-13T09:49:43.559+0000] {processor.py:799} INFO - Processing file /home/airflow/.local/lib/python3.7/site-packages/airflow/example_dags/tutorial_taskflow_api_virtualenv.py for tasks to queue
[2024-10-13T09:49:43.559+0000] {logging_mixin.py:149} INFO - [2024-10-13T09:49:43.559+0000] {dagbag.py:541} INFO - Filling up the DagBag from /home/airflow/.local/lib/python3.7/site-packages/airflow/example_dags/tutorial_taskflow_api_virtualenv.py
[2024-10-13T09:49:43.566+0000] {processor.py:809} INFO - DAG(s) dict_keys(['tutorial_taskflow_api_virtualenv']) retrieved from /home/airflow/.local/lib/python3.7/site-packages/airflow/example_dags/tutorial_taskflow_api_virtualenv.py
[2024-10-13T09:49:43.593+0000] {logging_mixin.py:149} INFO - [2024-10-13T09:49:43.593+0000] {dag.py:2726} INFO - Sync 1 DAGs
[2024-10-13T09:49:43.621+0000] {logging_mixin.py:149} INFO - [2024-10-13T09:49:43.621+0000] {dag.py:3490} INFO - Setting next_dagrun for tutorial_taskflow_api_virtualenv to None, run_after=None
[2024-10-13T09:49:43.639+0000] {processor.py:178} INFO - Processing /home/airflow/.local/lib/python3.7/site-packages/airflow/example_dags/tutorial_taskflow_api_virtualenv.py took 0.085 seconds
[2024-10-13T09:50:14.748+0000] {processor.py:156} INFO - Started process (PID=2837) to work on /home/airflow/.local/lib/python3.7/site-packages/airflow/example_dags/tutorial_taskflow_api_virtualenv.py
[2024-10-13T09:50:14.749+0000] {processor.py:799} INFO - Processing file /home/airflow/.local/lib/python3.7/site-packages/airflow/example_dags/tutorial_taskflow_api_virtualenv.py for tasks to queue
[2024-10-13T09:50:14.750+0000] {logging_mixin.py:149} INFO - [2024-10-13T09:50:14.750+0000] {dagbag.py:541} INFO - Filling up the DagBag from /home/airflow/.local/lib/python3.7/site-packages/airflow/example_dags/tutorial_taskflow_api_virtualenv.py
[2024-10-13T09:50:14.757+0000] {processor.py:809} INFO - DAG(s) dict_keys(['tutorial_taskflow_api_virtualenv']) retrieved from /home/airflow/.local/lib/python3.7/site-packages/airflow/example_dags/tutorial_taskflow_api_virtualenv.py
[2024-10-13T09:50:14.790+0000] {logging_mixin.py:149} INFO - [2024-10-13T09:50:14.790+0000] {dag.py:2726} INFO - Sync 1 DAGs
[2024-10-13T09:50:14.820+0000] {logging_mixin.py:149} INFO - [2024-10-13T09:50:14.820+0000] {dag.py:3490} INFO - Setting next_dagrun for tutorial_taskflow_api_virtualenv to None, run_after=None
[2024-10-13T09:50:14.838+0000] {processor.py:178} INFO - Processing /home/airflow/.local/lib/python3.7/site-packages/airflow/example_dags/tutorial_taskflow_api_virtualenv.py took 0.094 seconds
[2024-10-13T09:50:45.090+0000] {processor.py:156} INFO - Started process (PID=2898) to work on /home/airflow/.local/lib/python3.7/site-packages/airflow/example_dags/tutorial_taskflow_api_virtualenv.py
[2024-10-13T09:50:45.090+0000] {processor.py:799} INFO - Processing file /home/airflow/.local/lib/python3.7/site-packages/airflow/example_dags/tutorial_taskflow_api_virtualenv.py for tasks to queue
[2024-10-13T09:50:45.091+0000] {logging_mixin.py:149} INFO - [2024-10-13T09:50:45.091+0000] {dagbag.py:541} INFO - Filling up the DagBag from /home/airflow/.local/lib/python3.7/site-packages/airflow/example_dags/tutorial_taskflow_api_virtualenv.py
[2024-10-13T09:50:45.101+0000] {processor.py:809} INFO - DAG(s) dict_keys(['tutorial_taskflow_api_virtualenv']) retrieved from /home/airflow/.local/lib/python3.7/site-packages/airflow/example_dags/tutorial_taskflow_api_virtualenv.py
[2024-10-13T09:50:45.139+0000] {logging_mixin.py:149} INFO - [2024-10-13T09:50:45.139+0000] {dag.py:2726} INFO - Sync 1 DAGs
[2024-10-13T09:50:45.177+0000] {logging_mixin.py:149} INFO - [2024-10-13T09:50:45.177+0000] {dag.py:3490} INFO - Setting next_dagrun for tutorial_taskflow_api_virtualenv to None, run_after=None
[2024-10-13T09:50:45.203+0000] {processor.py:178} INFO - Processing /home/airflow/.local/lib/python3.7/site-packages/airflow/example_dags/tutorial_taskflow_api_virtualenv.py took 0.117 seconds
[2024-10-13T09:51:15.502+0000] {processor.py:156} INFO - Started process (PID=2959) to work on /home/airflow/.local/lib/python3.7/site-packages/airflow/example_dags/tutorial_taskflow_api_virtualenv.py
[2024-10-13T09:51:15.503+0000] {processor.py:799} INFO - Processing file /home/airflow/.local/lib/python3.7/site-packages/airflow/example_dags/tutorial_taskflow_api_virtualenv.py for tasks to queue
[2024-10-13T09:51:15.504+0000] {logging_mixin.py:149} INFO - [2024-10-13T09:51:15.503+0000] {dagbag.py:541} INFO - Filling up the DagBag from /home/airflow/.local/lib/python3.7/site-packages/airflow/example_dags/tutorial_taskflow_api_virtualenv.py
[2024-10-13T09:51:15.510+0000] {processor.py:809} INFO - DAG(s) dict_keys(['tutorial_taskflow_api_virtualenv']) retrieved from /home/airflow/.local/lib/python3.7/site-packages/airflow/example_dags/tutorial_taskflow_api_virtualenv.py
[2024-10-13T09:51:15.536+0000] {logging_mixin.py:149} INFO - [2024-10-13T09:51:15.536+0000] {dag.py:2726} INFO - Sync 1 DAGs
[2024-10-13T09:51:15.561+0000] {logging_mixin.py:149} INFO - [2024-10-13T09:51:15.561+0000] {dag.py:3490} INFO - Setting next_dagrun for tutorial_taskflow_api_virtualenv to None, run_after=None
[2024-10-13T09:51:15.578+0000] {processor.py:178} INFO - Processing /home/airflow/.local/lib/python3.7/site-packages/airflow/example_dags/tutorial_taskflow_api_virtualenv.py took 0.080 seconds
[2024-10-13T09:51:46.553+0000] {processor.py:156} INFO - Started process (PID=3020) to work on /home/airflow/.local/lib/python3.7/site-packages/airflow/example_dags/tutorial_taskflow_api_virtualenv.py
[2024-10-13T09:51:46.554+0000] {processor.py:799} INFO - Processing file /home/airflow/.local/lib/python3.7/site-packages/airflow/example_dags/tutorial_taskflow_api_virtualenv.py for tasks to queue
[2024-10-13T09:51:46.554+0000] {logging_mixin.py:149} INFO - [2024-10-13T09:51:46.554+0000] {dagbag.py:541} INFO - Filling up the DagBag from /home/airflow/.local/lib/python3.7/site-packages/airflow/example_dags/tutorial_taskflow_api_virtualenv.py
[2024-10-13T09:51:46.561+0000] {processor.py:809} INFO - DAG(s) dict_keys(['tutorial_taskflow_api_virtualenv']) retrieved from /home/airflow/.local/lib/python3.7/site-packages/airflow/example_dags/tutorial_taskflow_api_virtualenv.py
[2024-10-13T09:51:46.589+0000] {logging_mixin.py:149} INFO - [2024-10-13T09:51:46.588+0000] {dag.py:2726} INFO - Sync 1 DAGs
[2024-10-13T09:51:46.617+0000] {logging_mixin.py:149} INFO - [2024-10-13T09:51:46.617+0000] {dag.py:3490} INFO - Setting next_dagrun for tutorial_taskflow_api_virtualenv to None, run_after=None
[2024-10-13T09:51:46.636+0000] {processor.py:178} INFO - Processing /home/airflow/.local/lib/python3.7/site-packages/airflow/example_dags/tutorial_taskflow_api_virtualenv.py took 0.087 seconds
[2024-10-13T09:52:17.014+0000] {processor.py:156} INFO - Started process (PID=3081) to work on /home/airflow/.local/lib/python3.7/site-packages/airflow/example_dags/tutorial_taskflow_api_virtualenv.py
[2024-10-13T09:52:17.015+0000] {processor.py:799} INFO - Processing file /home/airflow/.local/lib/python3.7/site-packages/airflow/example_dags/tutorial_taskflow_api_virtualenv.py for tasks to queue
[2024-10-13T09:52:17.015+0000] {logging_mixin.py:149} INFO - [2024-10-13T09:52:17.015+0000] {dagbag.py:541} INFO - Filling up the DagBag from /home/airflow/.local/lib/python3.7/site-packages/airflow/example_dags/tutorial_taskflow_api_virtualenv.py
[2024-10-13T09:52:17.022+0000] {processor.py:809} INFO - DAG(s) dict_keys(['tutorial_taskflow_api_virtualenv']) retrieved from /home/airflow/.local/lib/python3.7/site-packages/airflow/example_dags/tutorial_taskflow_api_virtualenv.py
[2024-10-13T09:52:17.049+0000] {logging_mixin.py:149} INFO - [2024-10-13T09:52:17.049+0000] {dag.py:2726} INFO - Sync 1 DAGs
[2024-10-13T09:52:17.079+0000] {logging_mixin.py:149} INFO - [2024-10-13T09:52:17.079+0000] {dag.py:3490} INFO - Setting next_dagrun for tutorial_taskflow_api_virtualenv to None, run_after=None
[2024-10-13T09:52:17.099+0000] {processor.py:178} INFO - Processing /home/airflow/.local/lib/python3.7/site-packages/airflow/example_dags/tutorial_taskflow_api_virtualenv.py took 0.089 seconds
[2024-10-13T09:52:47.591+0000] {processor.py:156} INFO - Started process (PID=3142) to work on /home/airflow/.local/lib/python3.7/site-packages/airflow/example_dags/tutorial_taskflow_api_virtualenv.py
[2024-10-13T09:52:47.592+0000] {processor.py:799} INFO - Processing file /home/airflow/.local/lib/python3.7/site-packages/airflow/example_dags/tutorial_taskflow_api_virtualenv.py for tasks to queue
[2024-10-13T09:52:47.592+0000] {logging_mixin.py:149} INFO - [2024-10-13T09:52:47.592+0000] {dagbag.py:541} INFO - Filling up the DagBag from /home/airflow/.local/lib/python3.7/site-packages/airflow/example_dags/tutorial_taskflow_api_virtualenv.py
[2024-10-13T09:52:47.599+0000] {processor.py:809} INFO - DAG(s) dict_keys(['tutorial_taskflow_api_virtualenv']) retrieved from /home/airflow/.local/lib/python3.7/site-packages/airflow/example_dags/tutorial_taskflow_api_virtualenv.py
[2024-10-13T09:52:47.625+0000] {logging_mixin.py:149} INFO - [2024-10-13T09:52:47.625+0000] {dag.py:2726} INFO - Sync 1 DAGs
[2024-10-13T09:52:47.653+0000] {logging_mixin.py:149} INFO - [2024-10-13T09:52:47.652+0000] {dag.py:3490} INFO - Setting next_dagrun for tutorial_taskflow_api_virtualenv to None, run_after=None
[2024-10-13T09:52:47.671+0000] {processor.py:178} INFO - Processing /home/airflow/.local/lib/python3.7/site-packages/airflow/example_dags/tutorial_taskflow_api_virtualenv.py took 0.083 seconds
[2024-10-13T09:53:18.127+0000] {processor.py:156} INFO - Started process (PID=3203) to work on /home/airflow/.local/lib/python3.7/site-packages/airflow/example_dags/tutorial_taskflow_api_virtualenv.py
[2024-10-13T09:53:18.128+0000] {processor.py:799} INFO - Processing file /home/airflow/.local/lib/python3.7/site-packages/airflow/example_dags/tutorial_taskflow_api_virtualenv.py for tasks to queue
[2024-10-13T09:53:18.128+0000] {logging_mixin.py:149} INFO - [2024-10-13T09:53:18.128+0000] {dagbag.py:541} INFO - Filling up the DagBag from /home/airflow/.local/lib/python3.7/site-packages/airflow/example_dags/tutorial_taskflow_api_virtualenv.py
[2024-10-13T09:53:18.135+0000] {processor.py:809} INFO - DAG(s) dict_keys(['tutorial_taskflow_api_virtualenv']) retrieved from /home/airflow/.local/lib/python3.7/site-packages/airflow/example_dags/tutorial_taskflow_api_virtualenv.py
[2024-10-13T09:53:18.162+0000] {logging_mixin.py:149} INFO - [2024-10-13T09:53:18.162+0000] {dag.py:2726} INFO - Sync 1 DAGs
[2024-10-13T09:53:18.188+0000] {logging_mixin.py:149} INFO - [2024-10-13T09:53:18.188+0000] {dag.py:3490} INFO - Setting next_dagrun for tutorial_taskflow_api_virtualenv to None, run_after=None
[2024-10-13T09:53:18.206+0000] {processor.py:178} INFO - Processing /home/airflow/.local/lib/python3.7/site-packages/airflow/example_dags/tutorial_taskflow_api_virtualenv.py took 0.083 seconds
[2024-10-13T09:53:48.665+0000] {processor.py:156} INFO - Started process (PID=3264) to work on /home/airflow/.local/lib/python3.7/site-packages/airflow/example_dags/tutorial_taskflow_api_virtualenv.py
[2024-10-13T09:53:48.666+0000] {processor.py:799} INFO - Processing file /home/airflow/.local/lib/python3.7/site-packages/airflow/example_dags/tutorial_taskflow_api_virtualenv.py for tasks to queue
[2024-10-13T09:53:48.666+0000] {logging_mixin.py:149} INFO - [2024-10-13T09:53:48.666+0000] {dagbag.py:541} INFO - Filling up the DagBag from /home/airflow/.local/lib/python3.7/site-packages/airflow/example_dags/tutorial_taskflow_api_virtualenv.py
[2024-10-13T09:53:48.673+0000] {processor.py:809} INFO - DAG(s) dict_keys(['tutorial_taskflow_api_virtualenv']) retrieved from /home/airflow/.local/lib/python3.7/site-packages/airflow/example_dags/tutorial_taskflow_api_virtualenv.py
[2024-10-13T09:53:48.700+0000] {logging_mixin.py:149} INFO - [2024-10-13T09:53:48.700+0000] {dag.py:2726} INFO - Sync 1 DAGs
[2024-10-13T09:53:48.730+0000] {logging_mixin.py:149} INFO - [2024-10-13T09:53:48.729+0000] {dag.py:3490} INFO - Setting next_dagrun for tutorial_taskflow_api_virtualenv to None, run_after=None
[2024-10-13T09:53:48.748+0000] {processor.py:178} INFO - Processing /home/airflow/.local/lib/python3.7/site-packages/airflow/example_dags/tutorial_taskflow_api_virtualenv.py took 0.087 seconds
[2024-10-13T09:54:19.754+0000] {processor.py:156} INFO - Started process (PID=3325) to work on /home/airflow/.local/lib/python3.7/site-packages/airflow/example_dags/tutorial_taskflow_api_virtualenv.py
[2024-10-13T09:54:19.755+0000] {processor.py:799} INFO - Processing file /home/airflow/.local/lib/python3.7/site-packages/airflow/example_dags/tutorial_taskflow_api_virtualenv.py for tasks to queue
[2024-10-13T09:54:19.756+0000] {logging_mixin.py:149} INFO - [2024-10-13T09:54:19.756+0000] {dagbag.py:541} INFO - Filling up the DagBag from /home/airflow/.local/lib/python3.7/site-packages/airflow/example_dags/tutorial_taskflow_api_virtualenv.py
[2024-10-13T09:54:19.763+0000] {processor.py:809} INFO - DAG(s) dict_keys(['tutorial_taskflow_api_virtualenv']) retrieved from /home/airflow/.local/lib/python3.7/site-packages/airflow/example_dags/tutorial_taskflow_api_virtualenv.py
[2024-10-13T09:54:19.789+0000] {logging_mixin.py:149} INFO - [2024-10-13T09:54:19.789+0000] {dag.py:2726} INFO - Sync 1 DAGs
[2024-10-13T09:54:19.816+0000] {logging_mixin.py:149} INFO - [2024-10-13T09:54:19.816+0000] {dag.py:3490} INFO - Setting next_dagrun for tutorial_taskflow_api_virtualenv to None, run_after=None
[2024-10-13T09:54:19.836+0000] {processor.py:178} INFO - Processing /home/airflow/.local/lib/python3.7/site-packages/airflow/example_dags/tutorial_taskflow_api_virtualenv.py took 0.085 seconds
[2024-10-13T09:54:50.909+0000] {processor.py:156} INFO - Started process (PID=3386) to work on /home/airflow/.local/lib/python3.7/site-packages/airflow/example_dags/tutorial_taskflow_api_virtualenv.py
[2024-10-13T09:54:50.910+0000] {processor.py:799} INFO - Processing file /home/airflow/.local/lib/python3.7/site-packages/airflow/example_dags/tutorial_taskflow_api_virtualenv.py for tasks to queue
[2024-10-13T09:54:50.911+0000] {logging_mixin.py:149} INFO - [2024-10-13T09:54:50.911+0000] {dagbag.py:541} INFO - Filling up the DagBag from /home/airflow/.local/lib/python3.7/site-packages/airflow/example_dags/tutorial_taskflow_api_virtualenv.py
[2024-10-13T09:54:50.918+0000] {processor.py:809} INFO - DAG(s) dict_keys(['tutorial_taskflow_api_virtualenv']) retrieved from /home/airflow/.local/lib/python3.7/site-packages/airflow/example_dags/tutorial_taskflow_api_virtualenv.py
[2024-10-13T09:54:50.944+0000] {logging_mixin.py:149} INFO - [2024-10-13T09:54:50.944+0000] {dag.py:2726} INFO - Sync 1 DAGs
[2024-10-13T09:54:50.972+0000] {logging_mixin.py:149} INFO - [2024-10-13T09:54:50.972+0000] {dag.py:3490} INFO - Setting next_dagrun for tutorial_taskflow_api_virtualenv to None, run_after=None
[2024-10-13T09:54:50.991+0000] {processor.py:178} INFO - Processing /home/airflow/.local/lib/python3.7/site-packages/airflow/example_dags/tutorial_taskflow_api_virtualenv.py took 0.085 seconds
[2024-10-13T09:55:21.382+0000] {processor.py:156} INFO - Started process (PID=3447) to work on /home/airflow/.local/lib/python3.7/site-packages/airflow/example_dags/tutorial_taskflow_api_virtualenv.py
[2024-10-13T09:55:21.383+0000] {processor.py:799} INFO - Processing file /home/airflow/.local/lib/python3.7/site-packages/airflow/example_dags/tutorial_taskflow_api_virtualenv.py for tasks to queue
[2024-10-13T09:55:21.384+0000] {logging_mixin.py:149} INFO - [2024-10-13T09:55:21.383+0000] {dagbag.py:541} INFO - Filling up the DagBag from /home/airflow/.local/lib/python3.7/site-packages/airflow/example_dags/tutorial_taskflow_api_virtualenv.py
[2024-10-13T09:55:21.391+0000] {processor.py:809} INFO - DAG(s) dict_keys(['tutorial_taskflow_api_virtualenv']) retrieved from /home/airflow/.local/lib/python3.7/site-packages/airflow/example_dags/tutorial_taskflow_api_virtualenv.py
[2024-10-13T09:55:21.420+0000] {logging_mixin.py:149} INFO - [2024-10-13T09:55:21.420+0000] {dag.py:2726} INFO - Sync 1 DAGs
[2024-10-13T09:55:21.450+0000] {logging_mixin.py:149} INFO - [2024-10-13T09:55:21.450+0000] {dag.py:3490} INFO - Setting next_dagrun for tutorial_taskflow_api_virtualenv to None, run_after=None
[2024-10-13T09:55:21.470+0000] {processor.py:178} INFO - Processing /home/airflow/.local/lib/python3.7/site-packages/airflow/example_dags/tutorial_taskflow_api_virtualenv.py took 0.092 seconds
[2024-10-13T09:55:51.947+0000] {processor.py:156} INFO - Started process (PID=3508) to work on /home/airflow/.local/lib/python3.7/site-packages/airflow/example_dags/tutorial_taskflow_api_virtualenv.py
[2024-10-13T09:55:51.948+0000] {processor.py:799} INFO - Processing file /home/airflow/.local/lib/python3.7/site-packages/airflow/example_dags/tutorial_taskflow_api_virtualenv.py for tasks to queue
[2024-10-13T09:55:51.949+0000] {logging_mixin.py:149} INFO - [2024-10-13T09:55:51.949+0000] {dagbag.py:541} INFO - Filling up the DagBag from /home/airflow/.local/lib/python3.7/site-packages/airflow/example_dags/tutorial_taskflow_api_virtualenv.py
[2024-10-13T09:55:51.956+0000] {processor.py:809} INFO - DAG(s) dict_keys(['tutorial_taskflow_api_virtualenv']) retrieved from /home/airflow/.local/lib/python3.7/site-packages/airflow/example_dags/tutorial_taskflow_api_virtualenv.py
[2024-10-13T09:55:51.987+0000] {logging_mixin.py:149} INFO - [2024-10-13T09:55:51.987+0000] {dag.py:2726} INFO - Sync 1 DAGs
[2024-10-13T09:55:52.018+0000] {logging_mixin.py:149} INFO - [2024-10-13T09:55:52.018+0000] {dag.py:3490} INFO - Setting next_dagrun for tutorial_taskflow_api_virtualenv to None, run_after=None
[2024-10-13T09:55:52.041+0000] {processor.py:178} INFO - Processing /home/airflow/.local/lib/python3.7/site-packages/airflow/example_dags/tutorial_taskflow_api_virtualenv.py took 0.097 seconds
[2024-10-13T09:56:22.358+0000] {processor.py:156} INFO - Started process (PID=3569) to work on /home/airflow/.local/lib/python3.7/site-packages/airflow/example_dags/tutorial_taskflow_api_virtualenv.py
[2024-10-13T09:56:22.359+0000] {processor.py:799} INFO - Processing file /home/airflow/.local/lib/python3.7/site-packages/airflow/example_dags/tutorial_taskflow_api_virtualenv.py for tasks to queue
[2024-10-13T09:56:22.359+0000] {logging_mixin.py:149} INFO - [2024-10-13T09:56:22.359+0000] {dagbag.py:541} INFO - Filling up the DagBag from /home/airflow/.local/lib/python3.7/site-packages/airflow/example_dags/tutorial_taskflow_api_virtualenv.py
[2024-10-13T09:56:22.366+0000] {processor.py:809} INFO - DAG(s) dict_keys(['tutorial_taskflow_api_virtualenv']) retrieved from /home/airflow/.local/lib/python3.7/site-packages/airflow/example_dags/tutorial_taskflow_api_virtualenv.py
[2024-10-13T09:56:22.391+0000] {logging_mixin.py:149} INFO - [2024-10-13T09:56:22.391+0000] {dag.py:2726} INFO - Sync 1 DAGs
[2024-10-13T09:56:22.419+0000] {logging_mixin.py:149} INFO - [2024-10-13T09:56:22.418+0000] {dag.py:3490} INFO - Setting next_dagrun for tutorial_taskflow_api_virtualenv to None, run_after=None
[2024-10-13T09:56:22.437+0000] {processor.py:178} INFO - Processing /home/airflow/.local/lib/python3.7/site-packages/airflow/example_dags/tutorial_taskflow_api_virtualenv.py took 0.083 seconds
[2024-10-13T09:56:53.056+0000] {processor.py:156} INFO - Started process (PID=3630) to work on /home/airflow/.local/lib/python3.7/site-packages/airflow/example_dags/tutorial_taskflow_api_virtualenv.py
[2024-10-13T09:56:53.057+0000] {processor.py:799} INFO - Processing file /home/airflow/.local/lib/python3.7/site-packages/airflow/example_dags/tutorial_taskflow_api_virtualenv.py for tasks to queue
[2024-10-13T09:56:53.057+0000] {logging_mixin.py:149} INFO - [2024-10-13T09:56:53.057+0000] {dagbag.py:541} INFO - Filling up the DagBag from /home/airflow/.local/lib/python3.7/site-packages/airflow/example_dags/tutorial_taskflow_api_virtualenv.py
[2024-10-13T09:56:53.064+0000] {processor.py:809} INFO - DAG(s) dict_keys(['tutorial_taskflow_api_virtualenv']) retrieved from /home/airflow/.local/lib/python3.7/site-packages/airflow/example_dags/tutorial_taskflow_api_virtualenv.py
[2024-10-13T09:56:53.091+0000] {logging_mixin.py:149} INFO - [2024-10-13T09:56:53.091+0000] {dag.py:2726} INFO - Sync 1 DAGs
[2024-10-13T09:56:53.119+0000] {logging_mixin.py:149} INFO - [2024-10-13T09:56:53.119+0000] {dag.py:3490} INFO - Setting next_dagrun for tutorial_taskflow_api_virtualenv to None, run_after=None
[2024-10-13T09:56:53.138+0000] {processor.py:178} INFO - Processing /home/airflow/.local/lib/python3.7/site-packages/airflow/example_dags/tutorial_taskflow_api_virtualenv.py took 0.085 seconds
[2024-10-13T09:57:23.732+0000] {processor.py:156} INFO - Started process (PID=3691) to work on /home/airflow/.local/lib/python3.7/site-packages/airflow/example_dags/tutorial_taskflow_api_virtualenv.py
[2024-10-13T09:57:23.733+0000] {processor.py:799} INFO - Processing file /home/airflow/.local/lib/python3.7/site-packages/airflow/example_dags/tutorial_taskflow_api_virtualenv.py for tasks to queue
[2024-10-13T09:57:23.734+0000] {logging_mixin.py:149} INFO - [2024-10-13T09:57:23.733+0000] {dagbag.py:541} INFO - Filling up the DagBag from /home/airflow/.local/lib/python3.7/site-packages/airflow/example_dags/tutorial_taskflow_api_virtualenv.py
[2024-10-13T09:57:23.741+0000] {processor.py:809} INFO - DAG(s) dict_keys(['tutorial_taskflow_api_virtualenv']) retrieved from /home/airflow/.local/lib/python3.7/site-packages/airflow/example_dags/tutorial_taskflow_api_virtualenv.py
[2024-10-13T09:57:23.769+0000] {logging_mixin.py:149} INFO - [2024-10-13T09:57:23.769+0000] {dag.py:2726} INFO - Sync 1 DAGs
[2024-10-13T09:57:23.798+0000] {logging_mixin.py:149} INFO - [2024-10-13T09:57:23.798+0000] {dag.py:3490} INFO - Setting next_dagrun for tutorial_taskflow_api_virtualenv to None, run_after=None
[2024-10-13T09:57:23.817+0000] {processor.py:178} INFO - Processing /home/airflow/.local/lib/python3.7/site-packages/airflow/example_dags/tutorial_taskflow_api_virtualenv.py took 0.090 seconds
[2024-10-13T09:57:54.266+0000] {processor.py:156} INFO - Started process (PID=3752) to work on /home/airflow/.local/lib/python3.7/site-packages/airflow/example_dags/tutorial_taskflow_api_virtualenv.py
[2024-10-13T09:57:54.267+0000] {processor.py:799} INFO - Processing file /home/airflow/.local/lib/python3.7/site-packages/airflow/example_dags/tutorial_taskflow_api_virtualenv.py for tasks to queue
[2024-10-13T09:57:54.268+0000] {logging_mixin.py:149} INFO - [2024-10-13T09:57:54.268+0000] {dagbag.py:541} INFO - Filling up the DagBag from /home/airflow/.local/lib/python3.7/site-packages/airflow/example_dags/tutorial_taskflow_api_virtualenv.py
[2024-10-13T09:57:54.277+0000] {processor.py:809} INFO - DAG(s) dict_keys(['tutorial_taskflow_api_virtualenv']) retrieved from /home/airflow/.local/lib/python3.7/site-packages/airflow/example_dags/tutorial_taskflow_api_virtualenv.py
[2024-10-13T09:57:54.319+0000] {logging_mixin.py:149} INFO - [2024-10-13T09:57:54.319+0000] {dag.py:2726} INFO - Sync 1 DAGs
[2024-10-13T09:57:54.382+0000] {logging_mixin.py:149} INFO - [2024-10-13T09:57:54.382+0000] {dag.py:3490} INFO - Setting next_dagrun for tutorial_taskflow_api_virtualenv to None, run_after=None
[2024-10-13T09:57:54.416+0000] {processor.py:178} INFO - Processing /home/airflow/.local/lib/python3.7/site-packages/airflow/example_dags/tutorial_taskflow_api_virtualenv.py took 0.154 seconds
[2024-10-13T14:18:52.642+0000] {processor.py:156} INFO - Started process (PID=82) to work on /home/airflow/.local/lib/python3.7/site-packages/airflow/example_dags/tutorial_taskflow_api_virtualenv.py
[2024-10-13T14:18:52.644+0000] {processor.py:799} INFO - Processing file /home/airflow/.local/lib/python3.7/site-packages/airflow/example_dags/tutorial_taskflow_api_virtualenv.py for tasks to queue
[2024-10-13T14:18:52.645+0000] {logging_mixin.py:149} INFO - [2024-10-13T14:18:52.645+0000] {dagbag.py:541} INFO - Filling up the DagBag from /home/airflow/.local/lib/python3.7/site-packages/airflow/example_dags/tutorial_taskflow_api_virtualenv.py
[2024-10-13T14:18:52.658+0000] {processor.py:809} INFO - DAG(s) dict_keys(['tutorial_taskflow_api_virtualenv']) retrieved from /home/airflow/.local/lib/python3.7/site-packages/airflow/example_dags/tutorial_taskflow_api_virtualenv.py
[2024-10-13T14:18:52.677+0000] {logging_mixin.py:149} INFO - [2024-10-13T14:18:52.676+0000] {dag.py:2726} INFO - Sync 1 DAGs
[2024-10-13T14:18:52.716+0000] {logging_mixin.py:149} INFO - [2024-10-13T14:18:52.715+0000] {dag.py:3490} INFO - Setting next_dagrun for tutorial_taskflow_api_virtualenv to None, run_after=None
[2024-10-13T14:18:52.741+0000] {processor.py:178} INFO - Processing /home/airflow/.local/lib/python3.7/site-packages/airflow/example_dags/tutorial_taskflow_api_virtualenv.py took 0.103 seconds
[2024-10-13T14:19:23.093+0000] {processor.py:156} INFO - Started process (PID=143) to work on /home/airflow/.local/lib/python3.7/site-packages/airflow/example_dags/tutorial_taskflow_api_virtualenv.py
[2024-10-13T14:19:23.094+0000] {processor.py:799} INFO - Processing file /home/airflow/.local/lib/python3.7/site-packages/airflow/example_dags/tutorial_taskflow_api_virtualenv.py for tasks to queue
[2024-10-13T14:19:23.095+0000] {logging_mixin.py:149} INFO - [2024-10-13T14:19:23.095+0000] {dagbag.py:541} INFO - Filling up the DagBag from /home/airflow/.local/lib/python3.7/site-packages/airflow/example_dags/tutorial_taskflow_api_virtualenv.py
[2024-10-13T14:19:23.103+0000] {processor.py:809} INFO - DAG(s) dict_keys(['tutorial_taskflow_api_virtualenv']) retrieved from /home/airflow/.local/lib/python3.7/site-packages/airflow/example_dags/tutorial_taskflow_api_virtualenv.py
[2024-10-13T14:19:23.135+0000] {logging_mixin.py:149} INFO - [2024-10-13T14:19:23.135+0000] {dag.py:2726} INFO - Sync 1 DAGs
[2024-10-13T14:19:23.176+0000] {logging_mixin.py:149} INFO - [2024-10-13T14:19:23.175+0000] {dag.py:3490} INFO - Setting next_dagrun for tutorial_taskflow_api_virtualenv to None, run_after=None
[2024-10-13T14:19:23.203+0000] {processor.py:178} INFO - Processing /home/airflow/.local/lib/python3.7/site-packages/airflow/example_dags/tutorial_taskflow_api_virtualenv.py took 0.113 seconds
[2024-10-13T14:19:53.704+0000] {processor.py:156} INFO - Started process (PID=204) to work on /home/airflow/.local/lib/python3.7/site-packages/airflow/example_dags/tutorial_taskflow_api_virtualenv.py
[2024-10-13T14:19:53.705+0000] {processor.py:799} INFO - Processing file /home/airflow/.local/lib/python3.7/site-packages/airflow/example_dags/tutorial_taskflow_api_virtualenv.py for tasks to queue
[2024-10-13T14:19:53.706+0000] {logging_mixin.py:149} INFO - [2024-10-13T14:19:53.706+0000] {dagbag.py:541} INFO - Filling up the DagBag from /home/airflow/.local/lib/python3.7/site-packages/airflow/example_dags/tutorial_taskflow_api_virtualenv.py
[2024-10-13T14:19:53.714+0000] {processor.py:809} INFO - DAG(s) dict_keys(['tutorial_taskflow_api_virtualenv']) retrieved from /home/airflow/.local/lib/python3.7/site-packages/airflow/example_dags/tutorial_taskflow_api_virtualenv.py
[2024-10-13T14:19:53.746+0000] {logging_mixin.py:149} INFO - [2024-10-13T14:19:53.746+0000] {dag.py:2726} INFO - Sync 1 DAGs
[2024-10-13T14:19:53.788+0000] {logging_mixin.py:149} INFO - [2024-10-13T14:19:53.788+0000] {dag.py:3490} INFO - Setting next_dagrun for tutorial_taskflow_api_virtualenv to None, run_after=None
[2024-10-13T14:19:53.810+0000] {processor.py:178} INFO - Processing /home/airflow/.local/lib/python3.7/site-packages/airflow/example_dags/tutorial_taskflow_api_virtualenv.py took 0.110 seconds
[2024-10-13T14:20:24.189+0000] {processor.py:156} INFO - Started process (PID=265) to work on /home/airflow/.local/lib/python3.7/site-packages/airflow/example_dags/tutorial_taskflow_api_virtualenv.py
[2024-10-13T14:20:24.190+0000] {processor.py:799} INFO - Processing file /home/airflow/.local/lib/python3.7/site-packages/airflow/example_dags/tutorial_taskflow_api_virtualenv.py for tasks to queue
[2024-10-13T14:20:24.191+0000] {logging_mixin.py:149} INFO - [2024-10-13T14:20:24.191+0000] {dagbag.py:541} INFO - Filling up the DagBag from /home/airflow/.local/lib/python3.7/site-packages/airflow/example_dags/tutorial_taskflow_api_virtualenv.py
[2024-10-13T14:20:24.198+0000] {processor.py:809} INFO - DAG(s) dict_keys(['tutorial_taskflow_api_virtualenv']) retrieved from /home/airflow/.local/lib/python3.7/site-packages/airflow/example_dags/tutorial_taskflow_api_virtualenv.py
[2024-10-13T14:20:24.233+0000] {logging_mixin.py:149} INFO - [2024-10-13T14:20:24.233+0000] {dag.py:2726} INFO - Sync 1 DAGs
[2024-10-13T14:20:24.278+0000] {logging_mixin.py:149} INFO - [2024-10-13T14:20:24.278+0000] {dag.py:3490} INFO - Setting next_dagrun for tutorial_taskflow_api_virtualenv to None, run_after=None
[2024-10-13T14:20:24.304+0000] {processor.py:178} INFO - Processing /home/airflow/.local/lib/python3.7/site-packages/airflow/example_dags/tutorial_taskflow_api_virtualenv.py took 0.118 seconds
[2024-10-13T14:20:54.735+0000] {processor.py:156} INFO - Started process (PID=325) to work on /home/airflow/.local/lib/python3.7/site-packages/airflow/example_dags/tutorial_taskflow_api_virtualenv.py
[2024-10-13T14:20:54.736+0000] {processor.py:799} INFO - Processing file /home/airflow/.local/lib/python3.7/site-packages/airflow/example_dags/tutorial_taskflow_api_virtualenv.py for tasks to queue
[2024-10-13T14:20:54.737+0000] {logging_mixin.py:149} INFO - [2024-10-13T14:20:54.737+0000] {dagbag.py:541} INFO - Filling up the DagBag from /home/airflow/.local/lib/python3.7/site-packages/airflow/example_dags/tutorial_taskflow_api_virtualenv.py
[2024-10-13T14:20:54.744+0000] {processor.py:809} INFO - DAG(s) dict_keys(['tutorial_taskflow_api_virtualenv']) retrieved from /home/airflow/.local/lib/python3.7/site-packages/airflow/example_dags/tutorial_taskflow_api_virtualenv.py
[2024-10-13T14:20:54.779+0000] {logging_mixin.py:149} INFO - [2024-10-13T14:20:54.778+0000] {dag.py:2726} INFO - Sync 1 DAGs
[2024-10-13T14:20:54.812+0000] {logging_mixin.py:149} INFO - [2024-10-13T14:20:54.811+0000] {dag.py:3490} INFO - Setting next_dagrun for tutorial_taskflow_api_virtualenv to None, run_after=None
[2024-10-13T14:20:54.832+0000] {processor.py:178} INFO - Processing /home/airflow/.local/lib/python3.7/site-packages/airflow/example_dags/tutorial_taskflow_api_virtualenv.py took 0.100 seconds
[2024-10-13T14:21:25.801+0000] {processor.py:156} INFO - Started process (PID=386) to work on /home/airflow/.local/lib/python3.7/site-packages/airflow/example_dags/tutorial_taskflow_api_virtualenv.py
[2024-10-13T14:21:25.803+0000] {processor.py:799} INFO - Processing file /home/airflow/.local/lib/python3.7/site-packages/airflow/example_dags/tutorial_taskflow_api_virtualenv.py for tasks to queue
[2024-10-13T14:21:25.804+0000] {logging_mixin.py:149} INFO - [2024-10-13T14:21:25.804+0000] {dagbag.py:541} INFO - Filling up the DagBag from /home/airflow/.local/lib/python3.7/site-packages/airflow/example_dags/tutorial_taskflow_api_virtualenv.py
[2024-10-13T14:21:25.817+0000] {processor.py:809} INFO - DAG(s) dict_keys(['tutorial_taskflow_api_virtualenv']) retrieved from /home/airflow/.local/lib/python3.7/site-packages/airflow/example_dags/tutorial_taskflow_api_virtualenv.py
[2024-10-13T14:21:25.863+0000] {logging_mixin.py:149} INFO - [2024-10-13T14:21:25.862+0000] {dag.py:2726} INFO - Sync 1 DAGs
[2024-10-13T14:21:25.913+0000] {logging_mixin.py:149} INFO - [2024-10-13T14:21:25.913+0000] {dag.py:3490} INFO - Setting next_dagrun for tutorial_taskflow_api_virtualenv to None, run_after=None
[2024-10-13T14:21:25.950+0000] {processor.py:178} INFO - Processing /home/airflow/.local/lib/python3.7/site-packages/airflow/example_dags/tutorial_taskflow_api_virtualenv.py took 0.154 seconds
[2024-10-13T14:21:57.015+0000] {processor.py:156} INFO - Started process (PID=447) to work on /home/airflow/.local/lib/python3.7/site-packages/airflow/example_dags/tutorial_taskflow_api_virtualenv.py
[2024-10-13T14:21:57.016+0000] {processor.py:799} INFO - Processing file /home/airflow/.local/lib/python3.7/site-packages/airflow/example_dags/tutorial_taskflow_api_virtualenv.py for tasks to queue
[2024-10-13T14:21:57.017+0000] {logging_mixin.py:149} INFO - [2024-10-13T14:21:57.017+0000] {dagbag.py:541} INFO - Filling up the DagBag from /home/airflow/.local/lib/python3.7/site-packages/airflow/example_dags/tutorial_taskflow_api_virtualenv.py
[2024-10-13T14:21:57.026+0000] {processor.py:809} INFO - DAG(s) dict_keys(['tutorial_taskflow_api_virtualenv']) retrieved from /home/airflow/.local/lib/python3.7/site-packages/airflow/example_dags/tutorial_taskflow_api_virtualenv.py
[2024-10-13T14:21:57.058+0000] {logging_mixin.py:149} INFO - [2024-10-13T14:21:57.058+0000] {dag.py:2726} INFO - Sync 1 DAGs
[2024-10-13T14:21:57.095+0000] {logging_mixin.py:149} INFO - [2024-10-13T14:21:57.094+0000] {dag.py:3490} INFO - Setting next_dagrun for tutorial_taskflow_api_virtualenv to None, run_after=None
[2024-10-13T14:21:57.117+0000] {processor.py:178} INFO - Processing /home/airflow/.local/lib/python3.7/site-packages/airflow/example_dags/tutorial_taskflow_api_virtualenv.py took 0.105 seconds
[2024-10-13T14:22:27.422+0000] {processor.py:156} INFO - Started process (PID=508) to work on /home/airflow/.local/lib/python3.7/site-packages/airflow/example_dags/tutorial_taskflow_api_virtualenv.py
[2024-10-13T14:22:27.423+0000] {processor.py:799} INFO - Processing file /home/airflow/.local/lib/python3.7/site-packages/airflow/example_dags/tutorial_taskflow_api_virtualenv.py for tasks to queue
[2024-10-13T14:22:27.424+0000] {logging_mixin.py:149} INFO - [2024-10-13T14:22:27.423+0000] {dagbag.py:541} INFO - Filling up the DagBag from /home/airflow/.local/lib/python3.7/site-packages/airflow/example_dags/tutorial_taskflow_api_virtualenv.py
[2024-10-13T14:22:27.431+0000] {processor.py:809} INFO - DAG(s) dict_keys(['tutorial_taskflow_api_virtualenv']) retrieved from /home/airflow/.local/lib/python3.7/site-packages/airflow/example_dags/tutorial_taskflow_api_virtualenv.py
[2024-10-13T14:22:27.464+0000] {logging_mixin.py:149} INFO - [2024-10-13T14:22:27.464+0000] {dag.py:2726} INFO - Sync 1 DAGs
[2024-10-13T14:22:27.499+0000] {logging_mixin.py:149} INFO - [2024-10-13T14:22:27.499+0000] {dag.py:3490} INFO - Setting next_dagrun for tutorial_taskflow_api_virtualenv to None, run_after=None
[2024-10-13T14:22:27.523+0000] {processor.py:178} INFO - Processing /home/airflow/.local/lib/python3.7/site-packages/airflow/example_dags/tutorial_taskflow_api_virtualenv.py took 0.105 seconds
[2024-10-13T14:22:58.274+0000] {processor.py:156} INFO - Started process (PID=569) to work on /home/airflow/.local/lib/python3.7/site-packages/airflow/example_dags/tutorial_taskflow_api_virtualenv.py
[2024-10-13T14:22:58.275+0000] {processor.py:799} INFO - Processing file /home/airflow/.local/lib/python3.7/site-packages/airflow/example_dags/tutorial_taskflow_api_virtualenv.py for tasks to queue
[2024-10-13T14:22:58.275+0000] {logging_mixin.py:149} INFO - [2024-10-13T14:22:58.275+0000] {dagbag.py:541} INFO - Filling up the DagBag from /home/airflow/.local/lib/python3.7/site-packages/airflow/example_dags/tutorial_taskflow_api_virtualenv.py
[2024-10-13T14:22:58.282+0000] {processor.py:809} INFO - DAG(s) dict_keys(['tutorial_taskflow_api_virtualenv']) retrieved from /home/airflow/.local/lib/python3.7/site-packages/airflow/example_dags/tutorial_taskflow_api_virtualenv.py
[2024-10-13T14:22:58.317+0000] {logging_mixin.py:149} INFO - [2024-10-13T14:22:58.317+0000] {dag.py:2726} INFO - Sync 1 DAGs
[2024-10-13T14:22:58.348+0000] {logging_mixin.py:149} INFO - [2024-10-13T14:22:58.348+0000] {dag.py:3490} INFO - Setting next_dagrun for tutorial_taskflow_api_virtualenv to None, run_after=None
[2024-10-13T14:22:58.370+0000] {processor.py:178} INFO - Processing /home/airflow/.local/lib/python3.7/site-packages/airflow/example_dags/tutorial_taskflow_api_virtualenv.py took 0.100 seconds
[2024-10-13T14:23:29.464+0000] {processor.py:156} INFO - Started process (PID=630) to work on /home/airflow/.local/lib/python3.7/site-packages/airflow/example_dags/tutorial_taskflow_api_virtualenv.py
[2024-10-13T14:23:29.465+0000] {processor.py:799} INFO - Processing file /home/airflow/.local/lib/python3.7/site-packages/airflow/example_dags/tutorial_taskflow_api_virtualenv.py for tasks to queue
[2024-10-13T14:23:29.466+0000] {logging_mixin.py:149} INFO - [2024-10-13T14:23:29.466+0000] {dagbag.py:541} INFO - Filling up the DagBag from /home/airflow/.local/lib/python3.7/site-packages/airflow/example_dags/tutorial_taskflow_api_virtualenv.py
[2024-10-13T14:23:29.473+0000] {processor.py:809} INFO - DAG(s) dict_keys(['tutorial_taskflow_api_virtualenv']) retrieved from /home/airflow/.local/lib/python3.7/site-packages/airflow/example_dags/tutorial_taskflow_api_virtualenv.py
[2024-10-13T14:23:29.503+0000] {logging_mixin.py:149} INFO - [2024-10-13T14:23:29.503+0000] {dag.py:2726} INFO - Sync 1 DAGs
[2024-10-13T14:23:29.540+0000] {logging_mixin.py:149} INFO - [2024-10-13T14:23:29.539+0000] {dag.py:3490} INFO - Setting next_dagrun for tutorial_taskflow_api_virtualenv to None, run_after=None
[2024-10-13T14:23:29.574+0000] {processor.py:178} INFO - Processing /home/airflow/.local/lib/python3.7/site-packages/airflow/example_dags/tutorial_taskflow_api_virtualenv.py took 0.113 seconds
