[2024-10-13T09:27:06.862+0000] {processor.py:156} INFO - Started process (PID=44) to work on /opt/airflow/dags/final_project.py
[2024-10-13T09:27:06.863+0000] {processor.py:799} INFO - Processing file /opt/airflow/dags/final_project.py for tasks to queue
[2024-10-13T09:27:06.864+0000] {logging_mixin.py:149} INFO - [2024-10-13T09:27:06.864+0000] {dagbag.py:541} INFO - Filling up the DagBag from /opt/airflow/dags/final_project.py
[2024-10-13T09:27:07.066+0000] {processor.py:809} INFO - DAG(s) dict_keys(['final_project']) retrieved from /opt/airflow/dags/final_project.py
[2024-10-13T09:27:07.364+0000] {logging_mixin.py:149} INFO - [2024-10-13T09:27:07.364+0000] {manager.py:504} INFO - Created Permission View: can edit on DAG:final_project
[2024-10-13T09:27:07.379+0000] {logging_mixin.py:149} INFO - [2024-10-13T09:27:07.379+0000] {manager.py:504} INFO - Created Permission View: can read on DAG:final_project
[2024-10-13T09:27:07.392+0000] {logging_mixin.py:149} INFO - [2024-10-13T09:27:07.391+0000] {manager.py:504} INFO - Created Permission View: can delete on DAG:final_project
[2024-10-13T09:27:07.392+0000] {logging_mixin.py:149} INFO - [2024-10-13T09:27:07.392+0000] {dag.py:2726} INFO - Sync 1 DAGs
[2024-10-13T09:27:07.410+0000] {logging_mixin.py:149} INFO - [2024-10-13T09:27:07.410+0000] {dag.py:2747} INFO - Creating ORM DAG for final_project
[2024-10-13T09:27:07.426+0000] {logging_mixin.py:149} INFO - [2024-10-13T09:27:07.426+0000] {dag.py:3490} INFO - Setting next_dagrun for final_project to 2024-10-13T10:00:00+00:00, run_after=2024-10-13T11:00:00+00:00
[2024-10-13T09:27:07.446+0000] {processor.py:178} INFO - Processing /opt/airflow/dags/final_project.py took 0.590 seconds
[2024-10-13T09:27:37.795+0000] {processor.py:156} INFO - Started process (PID=105) to work on /opt/airflow/dags/final_project.py
[2024-10-13T09:27:37.801+0000] {processor.py:799} INFO - Processing file /opt/airflow/dags/final_project.py for tasks to queue
[2024-10-13T09:27:37.801+0000] {logging_mixin.py:149} INFO - [2024-10-13T09:27:37.801+0000] {dagbag.py:541} INFO - Filling up the DagBag from /opt/airflow/dags/final_project.py
[2024-10-13T09:27:37.812+0000] {processor.py:809} INFO - DAG(s) dict_keys(['final_project']) retrieved from /opt/airflow/dags/final_project.py
[2024-10-13T09:27:37.901+0000] {logging_mixin.py:149} INFO - [2024-10-13T09:27:37.901+0000] {dag.py:2726} INFO - Sync 1 DAGs
[2024-10-13T09:27:37.946+0000] {logging_mixin.py:149} INFO - [2024-10-13T09:27:37.946+0000] {dag.py:3490} INFO - Setting next_dagrun for final_project to 2024-10-13T10:00:00+00:00, run_after=2024-10-13T11:00:00+00:00
[2024-10-13T09:27:37.980+0000] {processor.py:178} INFO - Processing /opt/airflow/dags/final_project.py took 0.188 seconds
[2024-10-13T09:28:08.217+0000] {processor.py:156} INFO - Started process (PID=166) to work on /opt/airflow/dags/final_project.py
[2024-10-13T09:28:08.218+0000] {processor.py:799} INFO - Processing file /opt/airflow/dags/final_project.py for tasks to queue
[2024-10-13T09:28:08.219+0000] {logging_mixin.py:149} INFO - [2024-10-13T09:28:08.218+0000] {dagbag.py:541} INFO - Filling up the DagBag from /opt/airflow/dags/final_project.py
[2024-10-13T09:28:08.230+0000] {processor.py:809} INFO - DAG(s) dict_keys(['final_project']) retrieved from /opt/airflow/dags/final_project.py
[2024-10-13T09:28:08.337+0000] {logging_mixin.py:149} INFO - [2024-10-13T09:28:08.337+0000] {dag.py:2726} INFO - Sync 1 DAGs
[2024-10-13T09:28:08.375+0000] {logging_mixin.py:149} INFO - [2024-10-13T09:28:08.375+0000] {dag.py:3490} INFO - Setting next_dagrun for final_project to 2024-10-13T10:00:00+00:00, run_after=2024-10-13T11:00:00+00:00
[2024-10-13T09:28:08.406+0000] {processor.py:178} INFO - Processing /opt/airflow/dags/final_project.py took 0.192 seconds
[2024-10-13T09:28:38.557+0000] {processor.py:156} INFO - Started process (PID=227) to work on /opt/airflow/dags/final_project.py
[2024-10-13T09:28:38.558+0000] {processor.py:799} INFO - Processing file /opt/airflow/dags/final_project.py for tasks to queue
[2024-10-13T09:28:38.559+0000] {logging_mixin.py:149} INFO - [2024-10-13T09:28:38.559+0000] {dagbag.py:541} INFO - Filling up the DagBag from /opt/airflow/dags/final_project.py
[2024-10-13T09:28:38.568+0000] {processor.py:809} INFO - DAG(s) dict_keys(['final_project']) retrieved from /opt/airflow/dags/final_project.py
[2024-10-13T09:28:38.643+0000] {logging_mixin.py:149} INFO - [2024-10-13T09:28:38.643+0000] {dag.py:2726} INFO - Sync 1 DAGs
[2024-10-13T09:28:38.670+0000] {logging_mixin.py:149} INFO - [2024-10-13T09:28:38.670+0000] {dag.py:3490} INFO - Setting next_dagrun for final_project to 2024-10-13T10:00:00+00:00, run_after=2024-10-13T11:00:00+00:00
[2024-10-13T09:28:38.690+0000] {processor.py:178} INFO - Processing /opt/airflow/dags/final_project.py took 0.136 seconds
[2024-10-13T09:29:08.871+0000] {processor.py:156} INFO - Started process (PID=288) to work on /opt/airflow/dags/final_project.py
[2024-10-13T09:29:08.872+0000] {processor.py:799} INFO - Processing file /opt/airflow/dags/final_project.py for tasks to queue
[2024-10-13T09:29:08.873+0000] {logging_mixin.py:149} INFO - [2024-10-13T09:29:08.872+0000] {dagbag.py:541} INFO - Filling up the DagBag from /opt/airflow/dags/final_project.py
[2024-10-13T09:29:08.885+0000] {processor.py:809} INFO - DAG(s) dict_keys(['final_project']) retrieved from /opt/airflow/dags/final_project.py
[2024-10-13T09:29:08.963+0000] {logging_mixin.py:149} INFO - [2024-10-13T09:29:08.963+0000] {dag.py:2726} INFO - Sync 1 DAGs
[2024-10-13T09:29:08.997+0000] {logging_mixin.py:149} INFO - [2024-10-13T09:29:08.997+0000] {dag.py:3490} INFO - Setting next_dagrun for final_project to 2024-10-13T10:00:00+00:00, run_after=2024-10-13T11:00:00+00:00
[2024-10-13T09:29:09.026+0000] {processor.py:178} INFO - Processing /opt/airflow/dags/final_project.py took 0.158 seconds
[2024-10-13T09:29:39.440+0000] {processor.py:156} INFO - Started process (PID=349) to work on /opt/airflow/dags/final_project.py
[2024-10-13T09:29:39.446+0000] {processor.py:799} INFO - Processing file /opt/airflow/dags/final_project.py for tasks to queue
[2024-10-13T09:29:39.447+0000] {logging_mixin.py:149} INFO - [2024-10-13T09:29:39.447+0000] {dagbag.py:541} INFO - Filling up the DagBag from /opt/airflow/dags/final_project.py
[2024-10-13T09:29:39.459+0000] {processor.py:809} INFO - DAG(s) dict_keys(['final_project']) retrieved from /opt/airflow/dags/final_project.py
[2024-10-13T09:29:39.555+0000] {logging_mixin.py:149} INFO - [2024-10-13T09:29:39.554+0000] {dag.py:2726} INFO - Sync 1 DAGs
[2024-10-13T09:29:39.595+0000] {logging_mixin.py:149} INFO - [2024-10-13T09:29:39.594+0000] {dag.py:3490} INFO - Setting next_dagrun for final_project to 2024-10-13T10:00:00+00:00, run_after=2024-10-13T11:00:00+00:00
[2024-10-13T09:29:39.623+0000] {processor.py:178} INFO - Processing /opt/airflow/dags/final_project.py took 0.187 seconds
[2024-10-13T09:30:09.808+0000] {processor.py:156} INFO - Started process (PID=410) to work on /opt/airflow/dags/final_project.py
[2024-10-13T09:30:09.810+0000] {processor.py:799} INFO - Processing file /opt/airflow/dags/final_project.py for tasks to queue
[2024-10-13T09:30:09.811+0000] {logging_mixin.py:149} INFO - [2024-10-13T09:30:09.810+0000] {dagbag.py:541} INFO - Filling up the DagBag from /opt/airflow/dags/final_project.py
[2024-10-13T09:30:09.824+0000] {processor.py:809} INFO - DAG(s) dict_keys(['final_project']) retrieved from /opt/airflow/dags/final_project.py
[2024-10-13T09:30:09.899+0000] {logging_mixin.py:149} INFO - [2024-10-13T09:30:09.898+0000] {dag.py:2726} INFO - Sync 1 DAGs
[2024-10-13T09:30:09.930+0000] {logging_mixin.py:149} INFO - [2024-10-13T09:30:09.930+0000] {dag.py:3490} INFO - Setting next_dagrun for final_project to 2024-10-13T10:00:00+00:00, run_after=2024-10-13T11:00:00+00:00
[2024-10-13T09:30:09.954+0000] {processor.py:178} INFO - Processing /opt/airflow/dags/final_project.py took 0.153 seconds
[2024-10-13T09:30:40.371+0000] {processor.py:156} INFO - Started process (PID=477) to work on /opt/airflow/dags/final_project.py
[2024-10-13T09:30:40.372+0000] {processor.py:799} INFO - Processing file /opt/airflow/dags/final_project.py for tasks to queue
[2024-10-13T09:30:40.372+0000] {logging_mixin.py:149} INFO - [2024-10-13T09:30:40.372+0000] {dagbag.py:541} INFO - Filling up the DagBag from /opt/airflow/dags/final_project.py
[2024-10-13T09:30:40.382+0000] {processor.py:809} INFO - DAG(s) dict_keys(['final_project']) retrieved from /opt/airflow/dags/final_project.py
[2024-10-13T09:30:40.464+0000] {logging_mixin.py:149} INFO - [2024-10-13T09:30:40.464+0000] {dag.py:2726} INFO - Sync 1 DAGs
[2024-10-13T09:30:40.493+0000] {logging_mixin.py:149} INFO - [2024-10-13T09:30:40.493+0000] {dag.py:3490} INFO - Setting next_dagrun for final_project to 2024-10-13T10:00:00+00:00, run_after=2024-10-13T11:00:00+00:00
[2024-10-13T09:30:40.519+0000] {processor.py:178} INFO - Processing /opt/airflow/dags/final_project.py took 0.153 seconds
[2024-10-13T09:31:10.817+0000] {processor.py:156} INFO - Started process (PID=539) to work on /opt/airflow/dags/final_project.py
[2024-10-13T09:31:10.819+0000] {processor.py:799} INFO - Processing file /opt/airflow/dags/final_project.py for tasks to queue
[2024-10-13T09:31:10.820+0000] {logging_mixin.py:149} INFO - [2024-10-13T09:31:10.820+0000] {dagbag.py:541} INFO - Filling up the DagBag from /opt/airflow/dags/final_project.py
[2024-10-13T09:31:10.840+0000] {processor.py:809} INFO - DAG(s) dict_keys(['final_project']) retrieved from /opt/airflow/dags/final_project.py
[2024-10-13T09:31:10.960+0000] {logging_mixin.py:149} INFO - [2024-10-13T09:31:10.959+0000] {dag.py:2726} INFO - Sync 1 DAGs
[2024-10-13T09:31:11.008+0000] {logging_mixin.py:149} INFO - [2024-10-13T09:31:11.007+0000] {dag.py:3490} INFO - Setting next_dagrun for final_project to 2024-10-13T10:00:00+00:00, run_after=2024-10-13T11:00:00+00:00
[2024-10-13T09:31:11.038+0000] {processor.py:178} INFO - Processing /opt/airflow/dags/final_project.py took 0.229 seconds
[2024-10-13T09:31:41.306+0000] {processor.py:156} INFO - Started process (PID=600) to work on /opt/airflow/dags/final_project.py
[2024-10-13T09:31:41.307+0000] {processor.py:799} INFO - Processing file /opt/airflow/dags/final_project.py for tasks to queue
[2024-10-13T09:31:41.308+0000] {logging_mixin.py:149} INFO - [2024-10-13T09:31:41.308+0000] {dagbag.py:541} INFO - Filling up the DagBag from /opt/airflow/dags/final_project.py
[2024-10-13T09:31:41.322+0000] {processor.py:809} INFO - DAG(s) dict_keys(['final_project']) retrieved from /opt/airflow/dags/final_project.py
[2024-10-13T09:31:41.425+0000] {logging_mixin.py:149} INFO - [2024-10-13T09:31:41.425+0000] {dag.py:2726} INFO - Sync 1 DAGs
[2024-10-13T09:31:41.458+0000] {logging_mixin.py:149} INFO - [2024-10-13T09:31:41.457+0000] {dag.py:3490} INFO - Setting next_dagrun for final_project to 2024-10-13T10:00:00+00:00, run_after=2024-10-13T11:00:00+00:00
[2024-10-13T09:31:41.482+0000] {processor.py:178} INFO - Processing /opt/airflow/dags/final_project.py took 0.182 seconds
[2024-10-13T09:32:11.665+0000] {processor.py:156} INFO - Started process (PID=661) to work on /opt/airflow/dags/final_project.py
[2024-10-13T09:32:11.666+0000] {processor.py:799} INFO - Processing file /opt/airflow/dags/final_project.py for tasks to queue
[2024-10-13T09:32:11.666+0000] {logging_mixin.py:149} INFO - [2024-10-13T09:32:11.666+0000] {dagbag.py:541} INFO - Filling up the DagBag from /opt/airflow/dags/final_project.py
[2024-10-13T09:32:11.679+0000] {processor.py:809} INFO - DAG(s) dict_keys(['final_project']) retrieved from /opt/airflow/dags/final_project.py
[2024-10-13T09:32:11.765+0000] {logging_mixin.py:149} INFO - [2024-10-13T09:32:11.765+0000] {dag.py:2726} INFO - Sync 1 DAGs
[2024-10-13T09:32:11.794+0000] {logging_mixin.py:149} INFO - [2024-10-13T09:32:11.794+0000] {dag.py:3490} INFO - Setting next_dagrun for final_project to 2024-10-13T10:00:00+00:00, run_after=2024-10-13T11:00:00+00:00
[2024-10-13T09:32:11.815+0000] {processor.py:178} INFO - Processing /opt/airflow/dags/final_project.py took 0.153 seconds
[2024-10-13T09:32:41.969+0000] {processor.py:156} INFO - Started process (PID=722) to work on /opt/airflow/dags/final_project.py
[2024-10-13T09:32:41.971+0000] {processor.py:799} INFO - Processing file /opt/airflow/dags/final_project.py for tasks to queue
[2024-10-13T09:32:41.972+0000] {logging_mixin.py:149} INFO - [2024-10-13T09:32:41.972+0000] {dagbag.py:541} INFO - Filling up the DagBag from /opt/airflow/dags/final_project.py
[2024-10-13T09:32:41.984+0000] {processor.py:809} INFO - DAG(s) dict_keys(['final_project']) retrieved from /opt/airflow/dags/final_project.py
[2024-10-13T09:32:42.076+0000] {logging_mixin.py:149} INFO - [2024-10-13T09:32:42.076+0000] {dag.py:2726} INFO - Sync 1 DAGs
[2024-10-13T09:32:42.112+0000] {logging_mixin.py:149} INFO - [2024-10-13T09:32:42.112+0000] {dag.py:3490} INFO - Setting next_dagrun for final_project to 2024-10-13T10:00:00+00:00, run_after=2024-10-13T11:00:00+00:00
[2024-10-13T09:32:42.140+0000] {processor.py:178} INFO - Processing /opt/airflow/dags/final_project.py took 0.179 seconds
[2024-10-13T09:33:12.391+0000] {processor.py:156} INFO - Started process (PID=783) to work on /opt/airflow/dags/final_project.py
[2024-10-13T09:33:12.393+0000] {processor.py:799} INFO - Processing file /opt/airflow/dags/final_project.py for tasks to queue
[2024-10-13T09:33:12.394+0000] {logging_mixin.py:149} INFO - [2024-10-13T09:33:12.394+0000] {dagbag.py:541} INFO - Filling up the DagBag from /opt/airflow/dags/final_project.py
[2024-10-13T09:33:12.413+0000] {processor.py:809} INFO - DAG(s) dict_keys(['final_project']) retrieved from /opt/airflow/dags/final_project.py
[2024-10-13T09:33:12.522+0000] {logging_mixin.py:149} INFO - [2024-10-13T09:33:12.522+0000] {dag.py:2726} INFO - Sync 1 DAGs
[2024-10-13T09:33:12.556+0000] {logging_mixin.py:149} INFO - [2024-10-13T09:33:12.556+0000] {dag.py:3490} INFO - Setting next_dagrun for final_project to 2024-10-13T10:00:00+00:00, run_after=2024-10-13T11:00:00+00:00
[2024-10-13T09:33:12.581+0000] {processor.py:178} INFO - Processing /opt/airflow/dags/final_project.py took 0.196 seconds
[2024-10-13T09:33:42.648+0000] {processor.py:156} INFO - Started process (PID=845) to work on /opt/airflow/dags/final_project.py
[2024-10-13T09:33:42.649+0000] {processor.py:799} INFO - Processing file /opt/airflow/dags/final_project.py for tasks to queue
[2024-10-13T09:33:42.650+0000] {logging_mixin.py:149} INFO - [2024-10-13T09:33:42.650+0000] {dagbag.py:541} INFO - Filling up the DagBag from /opt/airflow/dags/final_project.py
[2024-10-13T09:33:42.660+0000] {processor.py:809} INFO - DAG(s) dict_keys(['final_project']) retrieved from /opt/airflow/dags/final_project.py
[2024-10-13T09:33:42.747+0000] {logging_mixin.py:149} INFO - [2024-10-13T09:33:42.747+0000] {dag.py:2726} INFO - Sync 1 DAGs
[2024-10-13T09:33:42.784+0000] {logging_mixin.py:149} INFO - [2024-10-13T09:33:42.784+0000] {dag.py:3490} INFO - Setting next_dagrun for final_project to 2024-10-13T10:00:00+00:00, run_after=2024-10-13T11:00:00+00:00
[2024-10-13T09:33:42.809+0000] {processor.py:178} INFO - Processing /opt/airflow/dags/final_project.py took 0.166 seconds
[2024-10-13T09:34:13.214+0000] {processor.py:156} INFO - Started process (PID=906) to work on /opt/airflow/dags/final_project.py
[2024-10-13T09:34:13.215+0000] {processor.py:799} INFO - Processing file /opt/airflow/dags/final_project.py for tasks to queue
[2024-10-13T09:34:13.216+0000] {logging_mixin.py:149} INFO - [2024-10-13T09:34:13.216+0000] {dagbag.py:541} INFO - Filling up the DagBag from /opt/airflow/dags/final_project.py
[2024-10-13T09:34:13.227+0000] {processor.py:809} INFO - DAG(s) dict_keys(['final_project']) retrieved from /opt/airflow/dags/final_project.py
[2024-10-13T09:34:13.337+0000] {logging_mixin.py:149} INFO - [2024-10-13T09:34:13.337+0000] {dag.py:2726} INFO - Sync 1 DAGs
[2024-10-13T09:34:13.377+0000] {logging_mixin.py:149} INFO - [2024-10-13T09:34:13.377+0000] {dag.py:3490} INFO - Setting next_dagrun for final_project to 2024-10-13T10:00:00+00:00, run_after=2024-10-13T11:00:00+00:00
[2024-10-13T09:34:13.406+0000] {processor.py:178} INFO - Processing /opt/airflow/dags/final_project.py took 0.196 seconds
[2024-10-13T09:34:43.818+0000] {processor.py:156} INFO - Started process (PID=967) to work on /opt/airflow/dags/final_project.py
[2024-10-13T09:34:43.819+0000] {processor.py:799} INFO - Processing file /opt/airflow/dags/final_project.py for tasks to queue
[2024-10-13T09:34:43.820+0000] {logging_mixin.py:149} INFO - [2024-10-13T09:34:43.820+0000] {dagbag.py:541} INFO - Filling up the DagBag from /opt/airflow/dags/final_project.py
[2024-10-13T09:34:43.830+0000] {processor.py:809} INFO - DAG(s) dict_keys(['final_project']) retrieved from /opt/airflow/dags/final_project.py
[2024-10-13T09:34:43.939+0000] {logging_mixin.py:149} INFO - [2024-10-13T09:34:43.939+0000] {dag.py:2726} INFO - Sync 1 DAGs
[2024-10-13T09:34:43.980+0000] {logging_mixin.py:149} INFO - [2024-10-13T09:34:43.980+0000] {dag.py:3490} INFO - Setting next_dagrun for final_project to 2024-10-13T10:00:00+00:00, run_after=2024-10-13T11:00:00+00:00
[2024-10-13T09:34:44.002+0000] {processor.py:178} INFO - Processing /opt/airflow/dags/final_project.py took 0.188 seconds
[2024-10-13T09:35:14.258+0000] {processor.py:156} INFO - Started process (PID=1037) to work on /opt/airflow/dags/final_project.py
[2024-10-13T09:35:14.259+0000] {processor.py:799} INFO - Processing file /opt/airflow/dags/final_project.py for tasks to queue
[2024-10-13T09:35:14.260+0000] {logging_mixin.py:149} INFO - [2024-10-13T09:35:14.260+0000] {dagbag.py:541} INFO - Filling up the DagBag from /opt/airflow/dags/final_project.py
[2024-10-13T09:35:14.272+0000] {processor.py:809} INFO - DAG(s) dict_keys(['final_project']) retrieved from /opt/airflow/dags/final_project.py
[2024-10-13T09:35:14.361+0000] {logging_mixin.py:149} INFO - [2024-10-13T09:35:14.361+0000] {dag.py:2726} INFO - Sync 1 DAGs
[2024-10-13T09:35:14.387+0000] {logging_mixin.py:149} INFO - [2024-10-13T09:35:14.387+0000] {dag.py:3490} INFO - Setting next_dagrun for final_project to 2024-10-13T10:00:00+00:00, run_after=2024-10-13T11:00:00+00:00
[2024-10-13T09:35:14.405+0000] {processor.py:178} INFO - Processing /opt/airflow/dags/final_project.py took 0.153 seconds
[2024-10-13T09:35:44.461+0000] {processor.py:156} INFO - Started process (PID=1098) to work on /opt/airflow/dags/final_project.py
[2024-10-13T09:35:44.467+0000] {processor.py:799} INFO - Processing file /opt/airflow/dags/final_project.py for tasks to queue
[2024-10-13T09:35:44.468+0000] {logging_mixin.py:149} INFO - [2024-10-13T09:35:44.467+0000] {dagbag.py:541} INFO - Filling up the DagBag from /opt/airflow/dags/final_project.py
[2024-10-13T09:35:44.477+0000] {processor.py:809} INFO - DAG(s) dict_keys(['final_project']) retrieved from /opt/airflow/dags/final_project.py
[2024-10-13T09:35:44.596+0000] {logging_mixin.py:149} INFO - [2024-10-13T09:35:44.596+0000] {dag.py:2726} INFO - Sync 1 DAGs
[2024-10-13T09:35:44.626+0000] {logging_mixin.py:149} INFO - [2024-10-13T09:35:44.626+0000] {dag.py:3490} INFO - Setting next_dagrun for final_project to 2024-10-13T10:00:00+00:00, run_after=2024-10-13T11:00:00+00:00
[2024-10-13T09:35:44.647+0000] {processor.py:178} INFO - Processing /opt/airflow/dags/final_project.py took 0.190 seconds
[2024-10-13T09:36:15.059+0000] {processor.py:156} INFO - Started process (PID=1160) to work on /opt/airflow/dags/final_project.py
[2024-10-13T09:36:15.060+0000] {processor.py:799} INFO - Processing file /opt/airflow/dags/final_project.py for tasks to queue
[2024-10-13T09:36:15.062+0000] {logging_mixin.py:149} INFO - [2024-10-13T09:36:15.061+0000] {dagbag.py:541} INFO - Filling up the DagBag from /opt/airflow/dags/final_project.py
[2024-10-13T09:36:15.077+0000] {processor.py:809} INFO - DAG(s) dict_keys(['final_project']) retrieved from /opt/airflow/dags/final_project.py
[2024-10-13T09:36:15.164+0000] {logging_mixin.py:149} INFO - [2024-10-13T09:36:15.164+0000] {dag.py:2726} INFO - Sync 1 DAGs
[2024-10-13T09:36:15.195+0000] {logging_mixin.py:149} INFO - [2024-10-13T09:36:15.195+0000] {dag.py:3490} INFO - Setting next_dagrun for final_project to 2024-10-13T10:00:00+00:00, run_after=2024-10-13T11:00:00+00:00
[2024-10-13T09:36:15.216+0000] {processor.py:178} INFO - Processing /opt/airflow/dags/final_project.py took 0.162 seconds
[2024-10-13T09:36:45.372+0000] {processor.py:156} INFO - Started process (PID=1221) to work on /opt/airflow/dags/final_project.py
[2024-10-13T09:36:45.373+0000] {processor.py:799} INFO - Processing file /opt/airflow/dags/final_project.py for tasks to queue
[2024-10-13T09:36:45.373+0000] {logging_mixin.py:149} INFO - [2024-10-13T09:36:45.373+0000] {dagbag.py:541} INFO - Filling up the DagBag from /opt/airflow/dags/final_project.py
[2024-10-13T09:36:45.389+0000] {processor.py:809} INFO - DAG(s) dict_keys(['final_project']) retrieved from /opt/airflow/dags/final_project.py
[2024-10-13T09:36:45.469+0000] {logging_mixin.py:149} INFO - [2024-10-13T09:36:45.469+0000] {dag.py:2726} INFO - Sync 1 DAGs
[2024-10-13T09:36:45.500+0000] {logging_mixin.py:149} INFO - [2024-10-13T09:36:45.499+0000] {dag.py:3490} INFO - Setting next_dagrun for final_project to 2024-10-13T10:00:00+00:00, run_after=2024-10-13T11:00:00+00:00
[2024-10-13T09:36:45.520+0000] {processor.py:178} INFO - Processing /opt/airflow/dags/final_project.py took 0.154 seconds
[2024-10-13T09:37:15.666+0000] {processor.py:156} INFO - Started process (PID=1283) to work on /opt/airflow/dags/final_project.py
[2024-10-13T09:37:15.672+0000] {processor.py:799} INFO - Processing file /opt/airflow/dags/final_project.py for tasks to queue
[2024-10-13T09:37:15.672+0000] {logging_mixin.py:149} INFO - [2024-10-13T09:37:15.672+0000] {dagbag.py:541} INFO - Filling up the DagBag from /opt/airflow/dags/final_project.py
[2024-10-13T09:37:15.685+0000] {processor.py:809} INFO - DAG(s) dict_keys(['final_project']) retrieved from /opt/airflow/dags/final_project.py
[2024-10-13T09:37:15.763+0000] {logging_mixin.py:149} INFO - [2024-10-13T09:37:15.763+0000] {dag.py:2726} INFO - Sync 1 DAGs
[2024-10-13T09:37:15.790+0000] {logging_mixin.py:149} INFO - [2024-10-13T09:37:15.790+0000] {dag.py:3490} INFO - Setting next_dagrun for final_project to 2024-10-13T10:00:00+00:00, run_after=2024-10-13T11:00:00+00:00
[2024-10-13T09:37:15.811+0000] {processor.py:178} INFO - Processing /opt/airflow/dags/final_project.py took 0.149 seconds
[2024-10-13T09:37:46.210+0000] {processor.py:156} INFO - Started process (PID=1343) to work on /opt/airflow/dags/final_project.py
[2024-10-13T09:37:46.212+0000] {processor.py:799} INFO - Processing file /opt/airflow/dags/final_project.py for tasks to queue
[2024-10-13T09:37:46.213+0000] {logging_mixin.py:149} INFO - [2024-10-13T09:37:46.213+0000] {dagbag.py:541} INFO - Filling up the DagBag from /opt/airflow/dags/final_project.py
[2024-10-13T09:37:46.224+0000] {processor.py:809} INFO - DAG(s) dict_keys(['final_project']) retrieved from /opt/airflow/dags/final_project.py
[2024-10-13T09:37:46.325+0000] {logging_mixin.py:149} INFO - [2024-10-13T09:37:46.325+0000] {dag.py:2726} INFO - Sync 1 DAGs
[2024-10-13T09:37:46.352+0000] {logging_mixin.py:149} INFO - [2024-10-13T09:37:46.352+0000] {dag.py:3490} INFO - Setting next_dagrun for final_project to 2024-10-13T10:00:00+00:00, run_after=2024-10-13T11:00:00+00:00
[2024-10-13T09:37:46.371+0000] {processor.py:178} INFO - Processing /opt/airflow/dags/final_project.py took 0.165 seconds
[2024-10-13T09:38:16.929+0000] {processor.py:156} INFO - Started process (PID=1404) to work on /opt/airflow/dags/final_project.py
[2024-10-13T09:38:16.930+0000] {processor.py:799} INFO - Processing file /opt/airflow/dags/final_project.py for tasks to queue
[2024-10-13T09:38:16.931+0000] {logging_mixin.py:149} INFO - [2024-10-13T09:38:16.931+0000] {dagbag.py:541} INFO - Filling up the DagBag from /opt/airflow/dags/final_project.py
[2024-10-13T09:38:16.944+0000] {processor.py:809} INFO - DAG(s) dict_keys(['final_project']) retrieved from /opt/airflow/dags/final_project.py
[2024-10-13T09:38:17.028+0000] {logging_mixin.py:149} INFO - [2024-10-13T09:38:17.028+0000] {dag.py:2726} INFO - Sync 1 DAGs
[2024-10-13T09:38:17.057+0000] {logging_mixin.py:149} INFO - [2024-10-13T09:38:17.057+0000] {dag.py:3490} INFO - Setting next_dagrun for final_project to 2024-10-13T10:00:00+00:00, run_after=2024-10-13T11:00:00+00:00
[2024-10-13T09:38:17.082+0000] {processor.py:178} INFO - Processing /opt/airflow/dags/final_project.py took 0.161 seconds
[2024-10-13T09:38:47.600+0000] {processor.py:156} INFO - Started process (PID=1465) to work on /opt/airflow/dags/final_project.py
[2024-10-13T09:38:47.606+0000] {processor.py:799} INFO - Processing file /opt/airflow/dags/final_project.py for tasks to queue
[2024-10-13T09:38:47.607+0000] {logging_mixin.py:149} INFO - [2024-10-13T09:38:47.607+0000] {dagbag.py:541} INFO - Filling up the DagBag from /opt/airflow/dags/final_project.py
[2024-10-13T09:38:47.620+0000] {processor.py:809} INFO - DAG(s) dict_keys(['final_project']) retrieved from /opt/airflow/dags/final_project.py
[2024-10-13T09:38:47.704+0000] {logging_mixin.py:149} INFO - [2024-10-13T09:38:47.704+0000] {dag.py:2726} INFO - Sync 1 DAGs
[2024-10-13T09:38:47.733+0000] {logging_mixin.py:149} INFO - [2024-10-13T09:38:47.733+0000] {dag.py:3490} INFO - Setting next_dagrun for final_project to 2024-10-13T10:00:00+00:00, run_after=2024-10-13T11:00:00+00:00
[2024-10-13T09:38:47.755+0000] {processor.py:178} INFO - Processing /opt/airflow/dags/final_project.py took 0.162 seconds
[2024-10-13T09:39:18.087+0000] {processor.py:156} INFO - Started process (PID=1526) to work on /opt/airflow/dags/final_project.py
[2024-10-13T09:39:18.088+0000] {processor.py:799} INFO - Processing file /opt/airflow/dags/final_project.py for tasks to queue
[2024-10-13T09:39:18.089+0000] {logging_mixin.py:149} INFO - [2024-10-13T09:39:18.089+0000] {dagbag.py:541} INFO - Filling up the DagBag from /opt/airflow/dags/final_project.py
[2024-10-13T09:39:18.102+0000] {processor.py:809} INFO - DAG(s) dict_keys(['final_project']) retrieved from /opt/airflow/dags/final_project.py
[2024-10-13T09:39:18.220+0000] {logging_mixin.py:149} INFO - [2024-10-13T09:39:18.220+0000] {dag.py:2726} INFO - Sync 1 DAGs
[2024-10-13T09:39:18.258+0000] {logging_mixin.py:149} INFO - [2024-10-13T09:39:18.258+0000] {dag.py:3490} INFO - Setting next_dagrun for final_project to 2024-10-13T10:00:00+00:00, run_after=2024-10-13T11:00:00+00:00
[2024-10-13T09:39:18.288+0000] {processor.py:178} INFO - Processing /opt/airflow/dags/final_project.py took 0.207 seconds
[2024-10-13T09:39:48.718+0000] {processor.py:156} INFO - Started process (PID=1587) to work on /opt/airflow/dags/final_project.py
[2024-10-13T09:39:48.720+0000] {processor.py:799} INFO - Processing file /opt/airflow/dags/final_project.py for tasks to queue
[2024-10-13T09:39:48.721+0000] {logging_mixin.py:149} INFO - [2024-10-13T09:39:48.721+0000] {dagbag.py:541} INFO - Filling up the DagBag from /opt/airflow/dags/final_project.py
[2024-10-13T09:39:48.736+0000] {processor.py:809} INFO - DAG(s) dict_keys(['final_project']) retrieved from /opt/airflow/dags/final_project.py
[2024-10-13T09:39:48.808+0000] {logging_mixin.py:149} INFO - [2024-10-13T09:39:48.808+0000] {dag.py:2726} INFO - Sync 1 DAGs
[2024-10-13T09:39:48.834+0000] {logging_mixin.py:149} INFO - [2024-10-13T09:39:48.834+0000] {dag.py:3490} INFO - Setting next_dagrun for final_project to 2024-10-13T10:00:00+00:00, run_after=2024-10-13T11:00:00+00:00
[2024-10-13T09:39:48.852+0000] {processor.py:178} INFO - Processing /opt/airflow/dags/final_project.py took 0.144 seconds
[2024-10-13T09:40:19.031+0000] {processor.py:156} INFO - Started process (PID=1648) to work on /opt/airflow/dags/final_project.py
[2024-10-13T09:40:19.032+0000] {processor.py:799} INFO - Processing file /opt/airflow/dags/final_project.py for tasks to queue
[2024-10-13T09:40:19.032+0000] {logging_mixin.py:149} INFO - [2024-10-13T09:40:19.032+0000] {dagbag.py:541} INFO - Filling up the DagBag from /opt/airflow/dags/final_project.py
[2024-10-13T09:40:19.047+0000] {processor.py:809} INFO - DAG(s) dict_keys(['final_project']) retrieved from /opt/airflow/dags/final_project.py
[2024-10-13T09:40:19.128+0000] {logging_mixin.py:149} INFO - [2024-10-13T09:40:19.128+0000] {dag.py:2726} INFO - Sync 1 DAGs
[2024-10-13T09:40:19.158+0000] {logging_mixin.py:149} INFO - [2024-10-13T09:40:19.157+0000] {dag.py:3490} INFO - Setting next_dagrun for final_project to 2024-10-13T10:00:00+00:00, run_after=2024-10-13T11:00:00+00:00
[2024-10-13T09:40:19.179+0000] {processor.py:178} INFO - Processing /opt/airflow/dags/final_project.py took 0.152 seconds
[2024-10-13T09:40:49.551+0000] {processor.py:156} INFO - Started process (PID=1709) to work on /opt/airflow/dags/final_project.py
[2024-10-13T09:40:49.553+0000] {processor.py:799} INFO - Processing file /opt/airflow/dags/final_project.py for tasks to queue
[2024-10-13T09:40:49.554+0000] {logging_mixin.py:149} INFO - [2024-10-13T09:40:49.553+0000] {dagbag.py:541} INFO - Filling up the DagBag from /opt/airflow/dags/final_project.py
[2024-10-13T09:40:49.567+0000] {processor.py:809} INFO - DAG(s) dict_keys(['final_project']) retrieved from /opt/airflow/dags/final_project.py
[2024-10-13T09:40:49.653+0000] {logging_mixin.py:149} INFO - [2024-10-13T09:40:49.653+0000] {dag.py:2726} INFO - Sync 1 DAGs
[2024-10-13T09:40:49.681+0000] {logging_mixin.py:149} INFO - [2024-10-13T09:40:49.681+0000] {dag.py:3490} INFO - Setting next_dagrun for final_project to 2024-10-13T10:00:00+00:00, run_after=2024-10-13T11:00:00+00:00
[2024-10-13T09:40:49.702+0000] {processor.py:178} INFO - Processing /opt/airflow/dags/final_project.py took 0.158 seconds
[2024-10-13T09:41:19.998+0000] {processor.py:156} INFO - Started process (PID=1770) to work on /opt/airflow/dags/final_project.py
[2024-10-13T09:41:19.999+0000] {processor.py:799} INFO - Processing file /opt/airflow/dags/final_project.py for tasks to queue
[2024-10-13T09:41:20.000+0000] {logging_mixin.py:149} INFO - [2024-10-13T09:41:20.000+0000] {dagbag.py:541} INFO - Filling up the DagBag from /opt/airflow/dags/final_project.py
[2024-10-13T09:41:20.014+0000] {processor.py:809} INFO - DAG(s) dict_keys(['final_project']) retrieved from /opt/airflow/dags/final_project.py
[2024-10-13T09:41:20.090+0000] {logging_mixin.py:149} INFO - [2024-10-13T09:41:20.090+0000] {dag.py:2726} INFO - Sync 1 DAGs
[2024-10-13T09:41:20.124+0000] {logging_mixin.py:149} INFO - [2024-10-13T09:41:20.124+0000] {dag.py:3490} INFO - Setting next_dagrun for final_project to 2024-10-13T10:00:00+00:00, run_after=2024-10-13T11:00:00+00:00
[2024-10-13T09:41:20.147+0000] {processor.py:178} INFO - Processing /opt/airflow/dags/final_project.py took 0.159 seconds
[2024-10-13T09:41:50.556+0000] {processor.py:156} INFO - Started process (PID=1831) to work on /opt/airflow/dags/final_project.py
[2024-10-13T09:41:50.557+0000] {processor.py:799} INFO - Processing file /opt/airflow/dags/final_project.py for tasks to queue
[2024-10-13T09:41:50.558+0000] {logging_mixin.py:149} INFO - [2024-10-13T09:41:50.558+0000] {dagbag.py:541} INFO - Filling up the DagBag from /opt/airflow/dags/final_project.py
[2024-10-13T09:41:50.571+0000] {processor.py:809} INFO - DAG(s) dict_keys(['final_project']) retrieved from /opt/airflow/dags/final_project.py
[2024-10-13T09:41:50.661+0000] {logging_mixin.py:149} INFO - [2024-10-13T09:41:50.661+0000] {dag.py:2726} INFO - Sync 1 DAGs
[2024-10-13T09:41:50.686+0000] {logging_mixin.py:149} INFO - [2024-10-13T09:41:50.686+0000] {dag.py:3490} INFO - Setting next_dagrun for final_project to 2024-10-13T10:00:00+00:00, run_after=2024-10-13T11:00:00+00:00
[2024-10-13T09:41:50.706+0000] {processor.py:178} INFO - Processing /opt/airflow/dags/final_project.py took 0.159 seconds
[2024-10-13T09:42:21.060+0000] {processor.py:156} INFO - Started process (PID=1892) to work on /opt/airflow/dags/final_project.py
[2024-10-13T09:42:21.061+0000] {processor.py:799} INFO - Processing file /opt/airflow/dags/final_project.py for tasks to queue
[2024-10-13T09:42:21.061+0000] {logging_mixin.py:149} INFO - [2024-10-13T09:42:21.061+0000] {dagbag.py:541} INFO - Filling up the DagBag from /opt/airflow/dags/final_project.py
[2024-10-13T09:42:21.072+0000] {processor.py:809} INFO - DAG(s) dict_keys(['final_project']) retrieved from /opt/airflow/dags/final_project.py
[2024-10-13T09:42:21.145+0000] {logging_mixin.py:149} INFO - [2024-10-13T09:42:21.145+0000] {dag.py:2726} INFO - Sync 1 DAGs
[2024-10-13T09:42:21.174+0000] {logging_mixin.py:149} INFO - [2024-10-13T09:42:21.174+0000] {dag.py:3490} INFO - Setting next_dagrun for final_project to 2024-10-13T10:00:00+00:00, run_after=2024-10-13T11:00:00+00:00
[2024-10-13T09:42:21.193+0000] {processor.py:178} INFO - Processing /opt/airflow/dags/final_project.py took 0.137 seconds
[2024-10-13T09:42:51.235+0000] {processor.py:156} INFO - Started process (PID=1953) to work on /opt/airflow/dags/final_project.py
[2024-10-13T09:42:51.236+0000] {processor.py:799} INFO - Processing file /opt/airflow/dags/final_project.py for tasks to queue
[2024-10-13T09:42:51.236+0000] {logging_mixin.py:149} INFO - [2024-10-13T09:42:51.236+0000] {dagbag.py:541} INFO - Filling up the DagBag from /opt/airflow/dags/final_project.py
[2024-10-13T09:42:51.245+0000] {processor.py:809} INFO - DAG(s) dict_keys(['final_project']) retrieved from /opt/airflow/dags/final_project.py
[2024-10-13T09:42:51.312+0000] {logging_mixin.py:149} INFO - [2024-10-13T09:42:51.312+0000] {dag.py:2726} INFO - Sync 1 DAGs
[2024-10-13T09:42:51.337+0000] {logging_mixin.py:149} INFO - [2024-10-13T09:42:51.337+0000] {dag.py:3490} INFO - Setting next_dagrun for final_project to 2024-10-13T10:00:00+00:00, run_after=2024-10-13T11:00:00+00:00
[2024-10-13T09:42:51.355+0000] {processor.py:178} INFO - Processing /opt/airflow/dags/final_project.py took 0.124 seconds
[2024-10-13T09:43:21.483+0000] {processor.py:156} INFO - Started process (PID=2014) to work on /opt/airflow/dags/final_project.py
[2024-10-13T09:43:21.489+0000] {processor.py:799} INFO - Processing file /opt/airflow/dags/final_project.py for tasks to queue
[2024-10-13T09:43:21.489+0000] {logging_mixin.py:149} INFO - [2024-10-13T09:43:21.489+0000] {dagbag.py:541} INFO - Filling up the DagBag from /opt/airflow/dags/final_project.py
[2024-10-13T09:43:21.498+0000] {processor.py:809} INFO - DAG(s) dict_keys(['final_project']) retrieved from /opt/airflow/dags/final_project.py
[2024-10-13T09:43:21.590+0000] {logging_mixin.py:149} INFO - [2024-10-13T09:43:21.589+0000] {dag.py:2726} INFO - Sync 1 DAGs
[2024-10-13T09:43:21.626+0000] {logging_mixin.py:149} INFO - [2024-10-13T09:43:21.626+0000] {dag.py:3490} INFO - Setting next_dagrun for final_project to 2024-10-13T10:00:00+00:00, run_after=2024-10-13T11:00:00+00:00
[2024-10-13T09:43:21.652+0000] {processor.py:178} INFO - Processing /opt/airflow/dags/final_project.py took 0.172 seconds
[2024-10-13T09:43:51.952+0000] {processor.py:156} INFO - Started process (PID=2075) to work on /opt/airflow/dags/final_project.py
[2024-10-13T09:43:51.953+0000] {processor.py:799} INFO - Processing file /opt/airflow/dags/final_project.py for tasks to queue
[2024-10-13T09:43:51.953+0000] {logging_mixin.py:149} INFO - [2024-10-13T09:43:51.953+0000] {dagbag.py:541} INFO - Filling up the DagBag from /opt/airflow/dags/final_project.py
[2024-10-13T09:43:51.962+0000] {processor.py:809} INFO - DAG(s) dict_keys(['final_project']) retrieved from /opt/airflow/dags/final_project.py
[2024-10-13T09:43:52.046+0000] {logging_mixin.py:149} INFO - [2024-10-13T09:43:52.045+0000] {dag.py:2726} INFO - Sync 1 DAGs
[2024-10-13T09:43:52.073+0000] {logging_mixin.py:149} INFO - [2024-10-13T09:43:52.073+0000] {dag.py:3490} INFO - Setting next_dagrun for final_project to 2024-10-13T10:00:00+00:00, run_after=2024-10-13T11:00:00+00:00
[2024-10-13T09:43:52.095+0000] {processor.py:178} INFO - Processing /opt/airflow/dags/final_project.py took 0.146 seconds
[2024-10-13T09:44:22.365+0000] {processor.py:156} INFO - Started process (PID=2136) to work on /opt/airflow/dags/final_project.py
[2024-10-13T09:44:22.366+0000] {processor.py:799} INFO - Processing file /opt/airflow/dags/final_project.py for tasks to queue
[2024-10-13T09:44:22.366+0000] {logging_mixin.py:149} INFO - [2024-10-13T09:44:22.366+0000] {dagbag.py:541} INFO - Filling up the DagBag from /opt/airflow/dags/final_project.py
[2024-10-13T09:44:22.375+0000] {processor.py:809} INFO - DAG(s) dict_keys(['final_project']) retrieved from /opt/airflow/dags/final_project.py
[2024-10-13T09:44:22.442+0000] {logging_mixin.py:149} INFO - [2024-10-13T09:44:22.442+0000] {dag.py:2726} INFO - Sync 1 DAGs
[2024-10-13T09:44:22.468+0000] {logging_mixin.py:149} INFO - [2024-10-13T09:44:22.468+0000] {dag.py:3490} INFO - Setting next_dagrun for final_project to 2024-10-13T10:00:00+00:00, run_after=2024-10-13T11:00:00+00:00
[2024-10-13T09:44:22.488+0000] {processor.py:178} INFO - Processing /opt/airflow/dags/final_project.py took 0.126 seconds
[2024-10-13T09:44:52.728+0000] {processor.py:156} INFO - Started process (PID=2197) to work on /opt/airflow/dags/final_project.py
[2024-10-13T09:44:52.728+0000] {processor.py:799} INFO - Processing file /opt/airflow/dags/final_project.py for tasks to queue
[2024-10-13T09:44:52.729+0000] {logging_mixin.py:149} INFO - [2024-10-13T09:44:52.729+0000] {dagbag.py:541} INFO - Filling up the DagBag from /opt/airflow/dags/final_project.py
[2024-10-13T09:44:52.739+0000] {processor.py:809} INFO - DAG(s) dict_keys(['final_project']) retrieved from /opt/airflow/dags/final_project.py
[2024-10-13T09:44:52.811+0000] {logging_mixin.py:149} INFO - [2024-10-13T09:44:52.810+0000] {dag.py:2726} INFO - Sync 1 DAGs
[2024-10-13T09:44:52.834+0000] {logging_mixin.py:149} INFO - [2024-10-13T09:44:52.834+0000] {dag.py:3490} INFO - Setting next_dagrun for final_project to 2024-10-13T10:00:00+00:00, run_after=2024-10-13T11:00:00+00:00
[2024-10-13T09:44:52.853+0000] {processor.py:178} INFO - Processing /opt/airflow/dags/final_project.py took 0.129 seconds
[2024-10-13T09:45:23.110+0000] {processor.py:156} INFO - Started process (PID=2258) to work on /opt/airflow/dags/final_project.py
[2024-10-13T09:45:23.111+0000] {processor.py:799} INFO - Processing file /opt/airflow/dags/final_project.py for tasks to queue
[2024-10-13T09:45:23.112+0000] {logging_mixin.py:149} INFO - [2024-10-13T09:45:23.112+0000] {dagbag.py:541} INFO - Filling up the DagBag from /opt/airflow/dags/final_project.py
[2024-10-13T09:45:23.122+0000] {processor.py:809} INFO - DAG(s) dict_keys(['final_project']) retrieved from /opt/airflow/dags/final_project.py
[2024-10-13T09:45:23.189+0000] {logging_mixin.py:149} INFO - [2024-10-13T09:45:23.189+0000] {dag.py:2726} INFO - Sync 1 DAGs
[2024-10-13T09:45:23.214+0000] {logging_mixin.py:149} INFO - [2024-10-13T09:45:23.214+0000] {dag.py:3490} INFO - Setting next_dagrun for final_project to 2024-10-13T10:00:00+00:00, run_after=2024-10-13T11:00:00+00:00
[2024-10-13T09:45:23.234+0000] {processor.py:178} INFO - Processing /opt/airflow/dags/final_project.py took 0.127 seconds
[2024-10-13T09:45:53.321+0000] {processor.py:156} INFO - Started process (PID=2319) to work on /opt/airflow/dags/final_project.py
[2024-10-13T09:45:53.322+0000] {processor.py:799} INFO - Processing file /opt/airflow/dags/final_project.py for tasks to queue
[2024-10-13T09:45:53.322+0000] {logging_mixin.py:149} INFO - [2024-10-13T09:45:53.322+0000] {dagbag.py:541} INFO - Filling up the DagBag from /opt/airflow/dags/final_project.py
[2024-10-13T09:45:53.335+0000] {processor.py:809} INFO - DAG(s) dict_keys(['final_project']) retrieved from /opt/airflow/dags/final_project.py
[2024-10-13T09:45:53.415+0000] {logging_mixin.py:149} INFO - [2024-10-13T09:45:53.415+0000] {dag.py:2726} INFO - Sync 1 DAGs
[2024-10-13T09:45:53.441+0000] {logging_mixin.py:149} INFO - [2024-10-13T09:45:53.441+0000] {dag.py:3490} INFO - Setting next_dagrun for final_project to 2024-10-13T10:00:00+00:00, run_after=2024-10-13T11:00:00+00:00
[2024-10-13T09:45:53.460+0000] {processor.py:178} INFO - Processing /opt/airflow/dags/final_project.py took 0.142 seconds
[2024-10-13T09:46:23.669+0000] {processor.py:156} INFO - Started process (PID=2380) to work on /opt/airflow/dags/final_project.py
[2024-10-13T09:46:23.671+0000] {processor.py:799} INFO - Processing file /opt/airflow/dags/final_project.py for tasks to queue
[2024-10-13T09:46:23.672+0000] {logging_mixin.py:149} INFO - [2024-10-13T09:46:23.672+0000] {dagbag.py:541} INFO - Filling up the DagBag from /opt/airflow/dags/final_project.py
[2024-10-13T09:46:23.687+0000] {processor.py:809} INFO - DAG(s) dict_keys(['final_project']) retrieved from /opt/airflow/dags/final_project.py
[2024-10-13T09:46:23.757+0000] {logging_mixin.py:149} INFO - [2024-10-13T09:46:23.757+0000] {dag.py:2726} INFO - Sync 1 DAGs
[2024-10-13T09:46:23.782+0000] {logging_mixin.py:149} INFO - [2024-10-13T09:46:23.782+0000] {dag.py:3490} INFO - Setting next_dagrun for final_project to 2024-10-13T10:00:00+00:00, run_after=2024-10-13T11:00:00+00:00
[2024-10-13T09:46:23.802+0000] {processor.py:178} INFO - Processing /opt/airflow/dags/final_project.py took 0.142 seconds
[2024-10-13T09:46:54.273+0000] {processor.py:156} INFO - Started process (PID=2441) to work on /opt/airflow/dags/final_project.py
[2024-10-13T09:46:54.274+0000] {processor.py:799} INFO - Processing file /opt/airflow/dags/final_project.py for tasks to queue
[2024-10-13T09:46:54.275+0000] {logging_mixin.py:149} INFO - [2024-10-13T09:46:54.275+0000] {dagbag.py:541} INFO - Filling up the DagBag from /opt/airflow/dags/final_project.py
[2024-10-13T09:46:54.285+0000] {processor.py:809} INFO - DAG(s) dict_keys(['final_project']) retrieved from /opt/airflow/dags/final_project.py
[2024-10-13T09:46:54.356+0000] {logging_mixin.py:149} INFO - [2024-10-13T09:46:54.355+0000] {dag.py:2726} INFO - Sync 1 DAGs
[2024-10-13T09:46:54.380+0000] {logging_mixin.py:149} INFO - [2024-10-13T09:46:54.380+0000] {dag.py:3490} INFO - Setting next_dagrun for final_project to 2024-10-13T10:00:00+00:00, run_after=2024-10-13T11:00:00+00:00
[2024-10-13T09:46:54.399+0000] {processor.py:178} INFO - Processing /opt/airflow/dags/final_project.py took 0.129 seconds
[2024-10-13T09:47:24.751+0000] {processor.py:156} INFO - Started process (PID=2502) to work on /opt/airflow/dags/final_project.py
[2024-10-13T09:47:24.756+0000] {processor.py:799} INFO - Processing file /opt/airflow/dags/final_project.py for tasks to queue
[2024-10-13T09:47:24.757+0000] {logging_mixin.py:149} INFO - [2024-10-13T09:47:24.757+0000] {dagbag.py:541} INFO - Filling up the DagBag from /opt/airflow/dags/final_project.py
[2024-10-13T09:47:24.767+0000] {processor.py:809} INFO - DAG(s) dict_keys(['final_project']) retrieved from /opt/airflow/dags/final_project.py
[2024-10-13T09:47:24.877+0000] {logging_mixin.py:149} INFO - [2024-10-13T09:47:24.877+0000] {dag.py:2726} INFO - Sync 1 DAGs
[2024-10-13T09:47:24.913+0000] {logging_mixin.py:149} INFO - [2024-10-13T09:47:24.912+0000] {dag.py:3490} INFO - Setting next_dagrun for final_project to 2024-10-13T10:00:00+00:00, run_after=2024-10-13T11:00:00+00:00
[2024-10-13T09:47:24.936+0000] {processor.py:178} INFO - Processing /opt/airflow/dags/final_project.py took 0.189 seconds
[2024-10-13T09:47:55.312+0000] {processor.py:156} INFO - Started process (PID=2563) to work on /opt/airflow/dags/final_project.py
[2024-10-13T09:47:55.312+0000] {processor.py:799} INFO - Processing file /opt/airflow/dags/final_project.py for tasks to queue
[2024-10-13T09:47:55.313+0000] {logging_mixin.py:149} INFO - [2024-10-13T09:47:55.313+0000] {dagbag.py:541} INFO - Filling up the DagBag from /opt/airflow/dags/final_project.py
[2024-10-13T09:47:55.322+0000] {processor.py:809} INFO - DAG(s) dict_keys(['final_project']) retrieved from /opt/airflow/dags/final_project.py
[2024-10-13T09:47:55.390+0000] {logging_mixin.py:149} INFO - [2024-10-13T09:47:55.389+0000] {dag.py:2726} INFO - Sync 1 DAGs
[2024-10-13T09:47:55.415+0000] {logging_mixin.py:149} INFO - [2024-10-13T09:47:55.415+0000] {dag.py:3490} INFO - Setting next_dagrun for final_project to 2024-10-13T10:00:00+00:00, run_after=2024-10-13T11:00:00+00:00
[2024-10-13T09:47:55.435+0000] {processor.py:178} INFO - Processing /opt/airflow/dags/final_project.py took 0.127 seconds
[2024-10-13T09:48:25.485+0000] {processor.py:156} INFO - Started process (PID=2624) to work on /opt/airflow/dags/final_project.py
[2024-10-13T09:48:25.488+0000] {processor.py:799} INFO - Processing file /opt/airflow/dags/final_project.py for tasks to queue
[2024-10-13T09:48:25.490+0000] {logging_mixin.py:149} INFO - [2024-10-13T09:48:25.489+0000] {dagbag.py:541} INFO - Filling up the DagBag from /opt/airflow/dags/final_project.py
[2024-10-13T09:48:25.507+0000] {processor.py:809} INFO - DAG(s) dict_keys(['final_project']) retrieved from /opt/airflow/dags/final_project.py
[2024-10-13T09:48:25.577+0000] {logging_mixin.py:149} INFO - [2024-10-13T09:48:25.576+0000] {dag.py:2726} INFO - Sync 1 DAGs
[2024-10-13T09:48:25.600+0000] {logging_mixin.py:149} INFO - [2024-10-13T09:48:25.600+0000] {dag.py:3490} INFO - Setting next_dagrun for final_project to 2024-10-13T10:00:00+00:00, run_after=2024-10-13T11:00:00+00:00
[2024-10-13T09:48:25.619+0000] {processor.py:178} INFO - Processing /opt/airflow/dags/final_project.py took 0.146 seconds
[2024-10-13T09:48:55.932+0000] {processor.py:156} INFO - Started process (PID=2685) to work on /opt/airflow/dags/final_project.py
[2024-10-13T09:48:55.933+0000] {processor.py:799} INFO - Processing file /opt/airflow/dags/final_project.py for tasks to queue
[2024-10-13T09:48:55.934+0000] {logging_mixin.py:149} INFO - [2024-10-13T09:48:55.934+0000] {dagbag.py:541} INFO - Filling up the DagBag from /opt/airflow/dags/final_project.py
[2024-10-13T09:48:55.945+0000] {processor.py:809} INFO - DAG(s) dict_keys(['final_project']) retrieved from /opt/airflow/dags/final_project.py
[2024-10-13T09:48:56.019+0000] {logging_mixin.py:149} INFO - [2024-10-13T09:48:56.019+0000] {dag.py:2726} INFO - Sync 1 DAGs
[2024-10-13T09:48:56.046+0000] {logging_mixin.py:149} INFO - [2024-10-13T09:48:56.046+0000] {dag.py:3490} INFO - Setting next_dagrun for final_project to 2024-10-13T10:00:00+00:00, run_after=2024-10-13T11:00:00+00:00
[2024-10-13T09:48:56.071+0000] {processor.py:178} INFO - Processing /opt/airflow/dags/final_project.py took 0.142 seconds
[2024-10-13T09:49:26.342+0000] {processor.py:156} INFO - Started process (PID=2746) to work on /opt/airflow/dags/final_project.py
[2024-10-13T09:49:26.347+0000] {processor.py:799} INFO - Processing file /opt/airflow/dags/final_project.py for tasks to queue
[2024-10-13T09:49:26.348+0000] {logging_mixin.py:149} INFO - [2024-10-13T09:49:26.348+0000] {dagbag.py:541} INFO - Filling up the DagBag from /opt/airflow/dags/final_project.py
[2024-10-13T09:49:26.358+0000] {processor.py:809} INFO - DAG(s) dict_keys(['final_project']) retrieved from /opt/airflow/dags/final_project.py
[2024-10-13T09:49:26.433+0000] {logging_mixin.py:149} INFO - [2024-10-13T09:49:26.432+0000] {dag.py:2726} INFO - Sync 1 DAGs
[2024-10-13T09:49:26.458+0000] {logging_mixin.py:149} INFO - [2024-10-13T09:49:26.457+0000] {dag.py:3490} INFO - Setting next_dagrun for final_project to 2024-10-13T10:00:00+00:00, run_after=2024-10-13T11:00:00+00:00
[2024-10-13T09:49:26.476+0000] {processor.py:178} INFO - Processing /opt/airflow/dags/final_project.py took 0.138 seconds
[2024-10-13T09:49:56.633+0000] {processor.py:156} INFO - Started process (PID=2808) to work on /opt/airflow/dags/final_project.py
[2024-10-13T09:49:56.634+0000] {processor.py:799} INFO - Processing file /opt/airflow/dags/final_project.py for tasks to queue
[2024-10-13T09:49:56.635+0000] {logging_mixin.py:149} INFO - [2024-10-13T09:49:56.635+0000] {dagbag.py:541} INFO - Filling up the DagBag from /opt/airflow/dags/final_project.py
[2024-10-13T09:49:56.644+0000] {processor.py:809} INFO - DAG(s) dict_keys(['final_project']) retrieved from /opt/airflow/dags/final_project.py
[2024-10-13T09:49:56.713+0000] {logging_mixin.py:149} INFO - [2024-10-13T09:49:56.713+0000] {dag.py:2726} INFO - Sync 1 DAGs
[2024-10-13T09:49:56.741+0000] {logging_mixin.py:149} INFO - [2024-10-13T09:49:56.740+0000] {dag.py:3490} INFO - Setting next_dagrun for final_project to 2024-10-13T10:00:00+00:00, run_after=2024-10-13T11:00:00+00:00
[2024-10-13T09:49:56.760+0000] {processor.py:178} INFO - Processing /opt/airflow/dags/final_project.py took 0.130 seconds
[2024-10-13T09:50:26.808+0000] {processor.py:156} INFO - Started process (PID=2869) to work on /opt/airflow/dags/final_project.py
[2024-10-13T09:50:26.809+0000] {processor.py:799} INFO - Processing file /opt/airflow/dags/final_project.py for tasks to queue
[2024-10-13T09:50:26.810+0000] {logging_mixin.py:149} INFO - [2024-10-13T09:50:26.810+0000] {dagbag.py:541} INFO - Filling up the DagBag from /opt/airflow/dags/final_project.py
[2024-10-13T09:50:26.820+0000] {processor.py:809} INFO - DAG(s) dict_keys(['final_project']) retrieved from /opt/airflow/dags/final_project.py
[2024-10-13T09:50:26.888+0000] {logging_mixin.py:149} INFO - [2024-10-13T09:50:26.888+0000] {dag.py:2726} INFO - Sync 1 DAGs
[2024-10-13T09:50:26.913+0000] {logging_mixin.py:149} INFO - [2024-10-13T09:50:26.912+0000] {dag.py:3490} INFO - Setting next_dagrun for final_project to 2024-10-13T10:00:00+00:00, run_after=2024-10-13T11:00:00+00:00
[2024-10-13T09:50:26.930+0000] {processor.py:178} INFO - Processing /opt/airflow/dags/final_project.py took 0.125 seconds
[2024-10-13T09:50:57.184+0000] {processor.py:156} INFO - Started process (PID=2929) to work on /opt/airflow/dags/final_project.py
[2024-10-13T09:50:57.185+0000] {processor.py:799} INFO - Processing file /opt/airflow/dags/final_project.py for tasks to queue
[2024-10-13T09:50:57.186+0000] {logging_mixin.py:149} INFO - [2024-10-13T09:50:57.186+0000] {dagbag.py:541} INFO - Filling up the DagBag from /opt/airflow/dags/final_project.py
[2024-10-13T09:50:57.196+0000] {processor.py:809} INFO - DAG(s) dict_keys(['final_project']) retrieved from /opt/airflow/dags/final_project.py
[2024-10-13T09:50:57.269+0000] {logging_mixin.py:149} INFO - [2024-10-13T09:50:57.269+0000] {dag.py:2726} INFO - Sync 1 DAGs
[2024-10-13T09:50:57.295+0000] {logging_mixin.py:149} INFO - [2024-10-13T09:50:57.294+0000] {dag.py:3490} INFO - Setting next_dagrun for final_project to 2024-10-13T10:00:00+00:00, run_after=2024-10-13T11:00:00+00:00
[2024-10-13T09:50:57.313+0000] {processor.py:178} INFO - Processing /opt/airflow/dags/final_project.py took 0.132 seconds
[2024-10-13T09:51:27.454+0000] {processor.py:156} INFO - Started process (PID=2981) to work on /opt/airflow/dags/final_project.py
[2024-10-13T09:51:27.455+0000] {processor.py:799} INFO - Processing file /opt/airflow/dags/final_project.py for tasks to queue
[2024-10-13T09:51:27.456+0000] {logging_mixin.py:149} INFO - [2024-10-13T09:51:27.456+0000] {dagbag.py:541} INFO - Filling up the DagBag from /opt/airflow/dags/final_project.py
[2024-10-13T09:51:27.466+0000] {processor.py:809} INFO - DAG(s) dict_keys(['final_project']) retrieved from /opt/airflow/dags/final_project.py
[2024-10-13T09:51:27.534+0000] {logging_mixin.py:149} INFO - [2024-10-13T09:51:27.534+0000] {dag.py:2726} INFO - Sync 1 DAGs
[2024-10-13T09:51:27.560+0000] {logging_mixin.py:149} INFO - [2024-10-13T09:51:27.560+0000] {dag.py:3490} INFO - Setting next_dagrun for final_project to 2024-10-13T10:00:00+00:00, run_after=2024-10-13T11:00:00+00:00
[2024-10-13T09:51:27.578+0000] {processor.py:178} INFO - Processing /opt/airflow/dags/final_project.py took 0.127 seconds
[2024-10-13T09:51:58.295+0000] {processor.py:156} INFO - Started process (PID=3042) to work on /opt/airflow/dags/final_project.py
[2024-10-13T09:51:58.296+0000] {processor.py:799} INFO - Processing file /opt/airflow/dags/final_project.py for tasks to queue
[2024-10-13T09:51:58.296+0000] {logging_mixin.py:149} INFO - [2024-10-13T09:51:58.296+0000] {dagbag.py:541} INFO - Filling up the DagBag from /opt/airflow/dags/final_project.py
[2024-10-13T09:51:58.306+0000] {processor.py:809} INFO - DAG(s) dict_keys(['final_project']) retrieved from /opt/airflow/dags/final_project.py
[2024-10-13T09:51:58.374+0000] {logging_mixin.py:149} INFO - [2024-10-13T09:51:58.374+0000] {dag.py:2726} INFO - Sync 1 DAGs
[2024-10-13T09:51:58.399+0000] {logging_mixin.py:149} INFO - [2024-10-13T09:51:58.399+0000] {dag.py:3490} INFO - Setting next_dagrun for final_project to 2024-10-13T10:00:00+00:00, run_after=2024-10-13T11:00:00+00:00
[2024-10-13T09:51:58.418+0000] {processor.py:178} INFO - Processing /opt/airflow/dags/final_project.py took 0.126 seconds
[2024-10-13T09:52:28.835+0000] {processor.py:156} INFO - Started process (PID=3103) to work on /opt/airflow/dags/final_project.py
[2024-10-13T09:52:28.836+0000] {processor.py:799} INFO - Processing file /opt/airflow/dags/final_project.py for tasks to queue
[2024-10-13T09:52:28.836+0000] {logging_mixin.py:149} INFO - [2024-10-13T09:52:28.836+0000] {dagbag.py:541} INFO - Filling up the DagBag from /opt/airflow/dags/final_project.py
[2024-10-13T09:52:28.847+0000] {processor.py:809} INFO - DAG(s) dict_keys(['final_project']) retrieved from /opt/airflow/dags/final_project.py
[2024-10-13T09:52:28.939+0000] {logging_mixin.py:149} INFO - [2024-10-13T09:52:28.939+0000] {dag.py:2726} INFO - Sync 1 DAGs
[2024-10-13T09:52:28.964+0000] {logging_mixin.py:149} INFO - [2024-10-13T09:52:28.964+0000] {dag.py:3490} INFO - Setting next_dagrun for final_project to 2024-10-13T10:00:00+00:00, run_after=2024-10-13T11:00:00+00:00
[2024-10-13T09:52:28.987+0000] {processor.py:178} INFO - Processing /opt/airflow/dags/final_project.py took 0.156 seconds
[2024-10-13T09:52:59.382+0000] {processor.py:156} INFO - Started process (PID=3164) to work on /opt/airflow/dags/final_project.py
[2024-10-13T09:52:59.383+0000] {processor.py:799} INFO - Processing file /opt/airflow/dags/final_project.py for tasks to queue
[2024-10-13T09:52:59.384+0000] {logging_mixin.py:149} INFO - [2024-10-13T09:52:59.383+0000] {dagbag.py:541} INFO - Filling up the DagBag from /opt/airflow/dags/final_project.py
[2024-10-13T09:52:59.396+0000] {processor.py:809} INFO - DAG(s) dict_keys(['final_project']) retrieved from /opt/airflow/dags/final_project.py
[2024-10-13T09:52:59.477+0000] {logging_mixin.py:149} INFO - [2024-10-13T09:52:59.477+0000] {dag.py:2726} INFO - Sync 1 DAGs
[2024-10-13T09:52:59.503+0000] {logging_mixin.py:149} INFO - [2024-10-13T09:52:59.503+0000] {dag.py:3490} INFO - Setting next_dagrun for final_project to 2024-10-13T10:00:00+00:00, run_after=2024-10-13T11:00:00+00:00
[2024-10-13T09:52:59.521+0000] {processor.py:178} INFO - Processing /opt/airflow/dags/final_project.py took 0.143 seconds
[2024-10-13T09:53:29.948+0000] {processor.py:156} INFO - Started process (PID=3225) to work on /opt/airflow/dags/final_project.py
[2024-10-13T09:53:29.949+0000] {processor.py:799} INFO - Processing file /opt/airflow/dags/final_project.py for tasks to queue
[2024-10-13T09:53:29.950+0000] {logging_mixin.py:149} INFO - [2024-10-13T09:53:29.950+0000] {dagbag.py:541} INFO - Filling up the DagBag from /opt/airflow/dags/final_project.py
[2024-10-13T09:53:29.959+0000] {processor.py:809} INFO - DAG(s) dict_keys(['final_project']) retrieved from /opt/airflow/dags/final_project.py
[2024-10-13T09:53:30.032+0000] {logging_mixin.py:149} INFO - [2024-10-13T09:53:30.032+0000] {dag.py:2726} INFO - Sync 1 DAGs
[2024-10-13T09:53:30.060+0000] {logging_mixin.py:149} INFO - [2024-10-13T09:53:30.060+0000] {dag.py:3490} INFO - Setting next_dagrun for final_project to 2024-10-13T10:00:00+00:00, run_after=2024-10-13T11:00:00+00:00
[2024-10-13T09:53:30.080+0000] {processor.py:178} INFO - Processing /opt/airflow/dags/final_project.py took 0.134 seconds
[2024-10-13T09:54:00.411+0000] {processor.py:156} INFO - Started process (PID=3286) to work on /opt/airflow/dags/final_project.py
[2024-10-13T09:54:00.411+0000] {processor.py:799} INFO - Processing file /opt/airflow/dags/final_project.py for tasks to queue
[2024-10-13T09:54:00.412+0000] {logging_mixin.py:149} INFO - [2024-10-13T09:54:00.412+0000] {dagbag.py:541} INFO - Filling up the DagBag from /opt/airflow/dags/final_project.py
[2024-10-13T09:54:00.422+0000] {processor.py:809} INFO - DAG(s) dict_keys(['final_project']) retrieved from /opt/airflow/dags/final_project.py
[2024-10-13T09:54:00.493+0000] {logging_mixin.py:149} INFO - [2024-10-13T09:54:00.493+0000] {dag.py:2726} INFO - Sync 1 DAGs
[2024-10-13T09:54:00.518+0000] {logging_mixin.py:149} INFO - [2024-10-13T09:54:00.518+0000] {dag.py:3490} INFO - Setting next_dagrun for final_project to 2024-10-13T10:00:00+00:00, run_after=2024-10-13T11:00:00+00:00
[2024-10-13T09:54:00.536+0000] {processor.py:178} INFO - Processing /opt/airflow/dags/final_project.py took 0.129 seconds
[2024-10-13T09:54:31.512+0000] {processor.py:156} INFO - Started process (PID=3347) to work on /opt/airflow/dags/final_project.py
[2024-10-13T09:54:31.518+0000] {processor.py:799} INFO - Processing file /opt/airflow/dags/final_project.py for tasks to queue
[2024-10-13T09:54:31.519+0000] {logging_mixin.py:149} INFO - [2024-10-13T09:54:31.519+0000] {dagbag.py:541} INFO - Filling up the DagBag from /opt/airflow/dags/final_project.py
[2024-10-13T09:54:31.529+0000] {processor.py:809} INFO - DAG(s) dict_keys(['final_project']) retrieved from /opt/airflow/dags/final_project.py
[2024-10-13T09:54:31.598+0000] {logging_mixin.py:149} INFO - [2024-10-13T09:54:31.598+0000] {dag.py:2726} INFO - Sync 1 DAGs
[2024-10-13T09:54:31.622+0000] {logging_mixin.py:149} INFO - [2024-10-13T09:54:31.622+0000] {dag.py:3490} INFO - Setting next_dagrun for final_project to 2024-10-13T10:00:00+00:00, run_after=2024-10-13T11:00:00+00:00
[2024-10-13T09:54:31.641+0000] {processor.py:178} INFO - Processing /opt/airflow/dags/final_project.py took 0.132 seconds
[2024-10-13T09:55:01.670+0000] {processor.py:156} INFO - Started process (PID=3408) to work on /opt/airflow/dags/final_project.py
[2024-10-13T09:55:01.671+0000] {processor.py:799} INFO - Processing file /opt/airflow/dags/final_project.py for tasks to queue
[2024-10-13T09:55:01.672+0000] {logging_mixin.py:149} INFO - [2024-10-13T09:55:01.672+0000] {dagbag.py:541} INFO - Filling up the DagBag from /opt/airflow/dags/final_project.py
[2024-10-13T09:55:01.682+0000] {processor.py:809} INFO - DAG(s) dict_keys(['final_project']) retrieved from /opt/airflow/dags/final_project.py
[2024-10-13T09:55:01.754+0000] {logging_mixin.py:149} INFO - [2024-10-13T09:55:01.753+0000] {dag.py:2726} INFO - Sync 1 DAGs
[2024-10-13T09:55:01.779+0000] {logging_mixin.py:149} INFO - [2024-10-13T09:55:01.778+0000] {dag.py:3490} INFO - Setting next_dagrun for final_project to 2024-10-13T10:00:00+00:00, run_after=2024-10-13T11:00:00+00:00
[2024-10-13T09:55:01.797+0000] {processor.py:178} INFO - Processing /opt/airflow/dags/final_project.py took 0.131 seconds
[2024-10-13T09:55:32.312+0000] {processor.py:156} INFO - Started process (PID=3469) to work on /opt/airflow/dags/final_project.py
[2024-10-13T09:55:32.318+0000] {processor.py:799} INFO - Processing file /opt/airflow/dags/final_project.py for tasks to queue
[2024-10-13T09:55:32.318+0000] {logging_mixin.py:149} INFO - [2024-10-13T09:55:32.318+0000] {dagbag.py:541} INFO - Filling up the DagBag from /opt/airflow/dags/final_project.py
[2024-10-13T09:55:32.328+0000] {processor.py:809} INFO - DAG(s) dict_keys(['final_project']) retrieved from /opt/airflow/dags/final_project.py
[2024-10-13T09:55:32.426+0000] {logging_mixin.py:149} INFO - [2024-10-13T09:55:32.426+0000] {dag.py:2726} INFO - Sync 1 DAGs
[2024-10-13T09:55:32.463+0000] {logging_mixin.py:149} INFO - [2024-10-13T09:55:32.462+0000] {dag.py:3490} INFO - Setting next_dagrun for final_project to 2024-10-13T10:00:00+00:00, run_after=2024-10-13T11:00:00+00:00
[2024-10-13T09:55:32.485+0000] {processor.py:178} INFO - Processing /opt/airflow/dags/final_project.py took 0.175 seconds
[2024-10-13T09:56:02.865+0000] {processor.py:156} INFO - Started process (PID=3530) to work on /opt/airflow/dags/final_project.py
[2024-10-13T09:56:02.870+0000] {processor.py:799} INFO - Processing file /opt/airflow/dags/final_project.py for tasks to queue
[2024-10-13T09:56:02.871+0000] {logging_mixin.py:149} INFO - [2024-10-13T09:56:02.871+0000] {dagbag.py:541} INFO - Filling up the DagBag from /opt/airflow/dags/final_project.py
[2024-10-13T09:56:02.881+0000] {processor.py:809} INFO - DAG(s) dict_keys(['final_project']) retrieved from /opt/airflow/dags/final_project.py
[2024-10-13T09:56:02.955+0000] {logging_mixin.py:149} INFO - [2024-10-13T09:56:02.954+0000] {dag.py:2726} INFO - Sync 1 DAGs
[2024-10-13T09:56:02.987+0000] {logging_mixin.py:149} INFO - [2024-10-13T09:56:02.986+0000] {dag.py:3490} INFO - Setting next_dagrun for final_project to 2024-10-13T10:00:00+00:00, run_after=2024-10-13T11:00:00+00:00
[2024-10-13T09:56:03.011+0000] {processor.py:178} INFO - Processing /opt/airflow/dags/final_project.py took 0.150 seconds
[2024-10-13T09:56:33.168+0000] {processor.py:156} INFO - Started process (PID=3591) to work on /opt/airflow/dags/final_project.py
[2024-10-13T09:56:33.173+0000] {processor.py:799} INFO - Processing file /opt/airflow/dags/final_project.py for tasks to queue
[2024-10-13T09:56:33.175+0000] {logging_mixin.py:149} INFO - [2024-10-13T09:56:33.175+0000] {dagbag.py:541} INFO - Filling up the DagBag from /opt/airflow/dags/final_project.py
[2024-10-13T09:56:33.185+0000] {processor.py:809} INFO - DAG(s) dict_keys(['final_project']) retrieved from /opt/airflow/dags/final_project.py
[2024-10-13T09:56:33.268+0000] {logging_mixin.py:149} INFO - [2024-10-13T09:56:33.268+0000] {dag.py:2726} INFO - Sync 1 DAGs
[2024-10-13T09:56:33.292+0000] {logging_mixin.py:149} INFO - [2024-10-13T09:56:33.292+0000] {dag.py:3490} INFO - Setting next_dagrun for final_project to 2024-10-13T10:00:00+00:00, run_after=2024-10-13T11:00:00+00:00
[2024-10-13T09:56:33.311+0000] {processor.py:178} INFO - Processing /opt/airflow/dags/final_project.py took 0.147 seconds
[2024-10-13T09:57:03.822+0000] {processor.py:156} INFO - Started process (PID=3652) to work on /opt/airflow/dags/final_project.py
[2024-10-13T09:57:03.823+0000] {processor.py:799} INFO - Processing file /opt/airflow/dags/final_project.py for tasks to queue
[2024-10-13T09:57:03.824+0000] {logging_mixin.py:149} INFO - [2024-10-13T09:57:03.823+0000] {dagbag.py:541} INFO - Filling up the DagBag from /opt/airflow/dags/final_project.py
[2024-10-13T09:57:03.834+0000] {processor.py:809} INFO - DAG(s) dict_keys(['final_project']) retrieved from /opt/airflow/dags/final_project.py
[2024-10-13T09:57:03.915+0000] {logging_mixin.py:149} INFO - [2024-10-13T09:57:03.915+0000] {dag.py:2726} INFO - Sync 1 DAGs
[2024-10-13T09:57:03.941+0000] {logging_mixin.py:149} INFO - [2024-10-13T09:57:03.941+0000] {dag.py:3490} INFO - Setting next_dagrun for final_project to 2024-10-13T10:00:00+00:00, run_after=2024-10-13T11:00:00+00:00
[2024-10-13T09:57:03.960+0000] {processor.py:178} INFO - Processing /opt/airflow/dags/final_project.py took 0.141 seconds
[2024-10-13T09:57:34.560+0000] {processor.py:156} INFO - Started process (PID=3713) to work on /opt/airflow/dags/final_project.py
[2024-10-13T09:57:34.561+0000] {processor.py:799} INFO - Processing file /opt/airflow/dags/final_project.py for tasks to queue
[2024-10-13T09:57:34.563+0000] {logging_mixin.py:149} INFO - [2024-10-13T09:57:34.563+0000] {dagbag.py:541} INFO - Filling up the DagBag from /opt/airflow/dags/final_project.py
[2024-10-13T09:57:34.574+0000] {processor.py:809} INFO - DAG(s) dict_keys(['final_project']) retrieved from /opt/airflow/dags/final_project.py
[2024-10-13T09:57:34.670+0000] {logging_mixin.py:149} INFO - [2024-10-13T09:57:34.670+0000] {dag.py:2726} INFO - Sync 1 DAGs
[2024-10-13T09:57:34.709+0000] {logging_mixin.py:149} INFO - [2024-10-13T09:57:34.709+0000] {dag.py:3490} INFO - Setting next_dagrun for final_project to 2024-10-13T10:00:00+00:00, run_after=2024-10-13T11:00:00+00:00
[2024-10-13T09:57:34.739+0000] {processor.py:178} INFO - Processing /opt/airflow/dags/final_project.py took 0.185 seconds
[2024-10-13T14:18:47.741+0000] {processor.py:156} INFO - Started process (PID=45) to work on /opt/airflow/dags/final_project.py
[2024-10-13T14:18:47.746+0000] {processor.py:799} INFO - Processing file /opt/airflow/dags/final_project.py for tasks to queue
[2024-10-13T14:18:47.749+0000] {logging_mixin.py:149} INFO - [2024-10-13T14:18:47.749+0000] {dagbag.py:541} INFO - Filling up the DagBag from /opt/airflow/dags/final_project.py
[2024-10-13T14:18:47.945+0000] {processor.py:809} INFO - DAG(s) dict_keys(['final_project']) retrieved from /opt/airflow/dags/final_project.py
[2024-10-13T14:18:48.117+0000] {logging_mixin.py:149} INFO - [2024-10-13T14:18:48.117+0000] {dag.py:2726} INFO - Sync 1 DAGs
[2024-10-13T14:18:48.163+0000] {logging_mixin.py:149} INFO - [2024-10-13T14:18:48.163+0000] {dag.py:3490} INFO - Setting next_dagrun for final_project to 2024-10-13T15:00:00+00:00, run_after=2024-10-13T16:00:00+00:00
[2024-10-13T14:18:48.195+0000] {processor.py:178} INFO - Processing /opt/airflow/dags/final_project.py took 0.466 seconds
[2024-10-13T14:19:18.615+0000] {processor.py:156} INFO - Started process (PID=106) to work on /opt/airflow/dags/final_project.py
[2024-10-13T14:19:18.620+0000] {processor.py:799} INFO - Processing file /opt/airflow/dags/final_project.py for tasks to queue
[2024-10-13T14:19:18.621+0000] {logging_mixin.py:149} INFO - [2024-10-13T14:19:18.621+0000] {dagbag.py:541} INFO - Filling up the DagBag from /opt/airflow/dags/final_project.py
[2024-10-13T14:19:18.630+0000] {processor.py:809} INFO - DAG(s) dict_keys(['final_project']) retrieved from /opt/airflow/dags/final_project.py
[2024-10-13T14:19:18.707+0000] {logging_mixin.py:149} INFO - [2024-10-13T14:19:18.707+0000] {dag.py:2726} INFO - Sync 1 DAGs
[2024-10-13T14:19:18.743+0000] {logging_mixin.py:149} INFO - [2024-10-13T14:19:18.742+0000] {dag.py:3490} INFO - Setting next_dagrun for final_project to 2024-10-13T15:00:00+00:00, run_after=2024-10-13T16:00:00+00:00
[2024-10-13T14:19:18.773+0000] {processor.py:178} INFO - Processing /opt/airflow/dags/final_project.py took 0.162 seconds
[2024-10-13T14:19:48.824+0000] {processor.py:156} INFO - Started process (PID=167) to work on /opt/airflow/dags/final_project.py
[2024-10-13T14:19:48.829+0000] {processor.py:799} INFO - Processing file /opt/airflow/dags/final_project.py for tasks to queue
[2024-10-13T14:19:48.830+0000] {logging_mixin.py:149} INFO - [2024-10-13T14:19:48.830+0000] {dagbag.py:541} INFO - Filling up the DagBag from /opt/airflow/dags/final_project.py
[2024-10-13T14:19:48.839+0000] {processor.py:809} INFO - DAG(s) dict_keys(['final_project']) retrieved from /opt/airflow/dags/final_project.py
[2024-10-13T14:19:48.905+0000] {logging_mixin.py:149} INFO - [2024-10-13T14:19:48.905+0000] {dag.py:2726} INFO - Sync 1 DAGs
[2024-10-13T14:19:48.932+0000] {logging_mixin.py:149} INFO - [2024-10-13T14:19:48.932+0000] {dag.py:3490} INFO - Setting next_dagrun for final_project to 2024-10-13T15:00:00+00:00, run_after=2024-10-13T16:00:00+00:00
[2024-10-13T14:19:48.954+0000] {processor.py:178} INFO - Processing /opt/airflow/dags/final_project.py took 0.134 seconds
[2024-10-13T14:20:19.113+0000] {processor.py:156} INFO - Started process (PID=228) to work on /opt/airflow/dags/final_project.py
[2024-10-13T14:20:19.119+0000] {processor.py:799} INFO - Processing file /opt/airflow/dags/final_project.py for tasks to queue
[2024-10-13T14:20:19.120+0000] {logging_mixin.py:149} INFO - [2024-10-13T14:20:19.120+0000] {dagbag.py:541} INFO - Filling up the DagBag from /opt/airflow/dags/final_project.py
[2024-10-13T14:20:19.130+0000] {processor.py:809} INFO - DAG(s) dict_keys(['final_project']) retrieved from /opt/airflow/dags/final_project.py
[2024-10-13T14:20:19.199+0000] {logging_mixin.py:149} INFO - [2024-10-13T14:20:19.199+0000] {dag.py:2726} INFO - Sync 1 DAGs
[2024-10-13T14:20:19.224+0000] {logging_mixin.py:149} INFO - [2024-10-13T14:20:19.224+0000] {dag.py:3490} INFO - Setting next_dagrun for final_project to 2024-10-13T15:00:00+00:00, run_after=2024-10-13T16:00:00+00:00
[2024-10-13T14:20:19.243+0000] {processor.py:178} INFO - Processing /opt/airflow/dags/final_project.py took 0.133 seconds
[2024-10-13T14:20:49.630+0000] {processor.py:156} INFO - Started process (PID=289) to work on /opt/airflow/dags/final_project.py
[2024-10-13T14:20:49.630+0000] {processor.py:799} INFO - Processing file /opt/airflow/dags/final_project.py for tasks to queue
[2024-10-13T14:20:49.631+0000] {logging_mixin.py:149} INFO - [2024-10-13T14:20:49.631+0000] {dagbag.py:541} INFO - Filling up the DagBag from /opt/airflow/dags/final_project.py
[2024-10-13T14:20:49.640+0000] {processor.py:809} INFO - DAG(s) dict_keys(['final_project']) retrieved from /opt/airflow/dags/final_project.py
[2024-10-13T14:20:49.721+0000] {logging_mixin.py:149} INFO - [2024-10-13T14:20:49.721+0000] {dag.py:2726} INFO - Sync 1 DAGs
[2024-10-13T14:20:49.749+0000] {logging_mixin.py:149} INFO - [2024-10-13T14:20:49.749+0000] {dag.py:3490} INFO - Setting next_dagrun for final_project to 2024-10-13T15:00:00+00:00, run_after=2024-10-13T16:00:00+00:00
[2024-10-13T14:20:49.770+0000] {processor.py:178} INFO - Processing /opt/airflow/dags/final_project.py took 0.143 seconds
[2024-10-13T14:21:20.121+0000] {processor.py:156} INFO - Started process (PID=349) to work on /opt/airflow/dags/final_project.py
[2024-10-13T14:21:20.122+0000] {processor.py:799} INFO - Processing file /opt/airflow/dags/final_project.py for tasks to queue
[2024-10-13T14:21:20.122+0000] {logging_mixin.py:149} INFO - [2024-10-13T14:21:20.122+0000] {dagbag.py:541} INFO - Filling up the DagBag from /opt/airflow/dags/final_project.py
[2024-10-13T14:21:20.132+0000] {processor.py:809} INFO - DAG(s) dict_keys(['final_project']) retrieved from /opt/airflow/dags/final_project.py
[2024-10-13T14:21:20.221+0000] {logging_mixin.py:149} INFO - [2024-10-13T14:21:20.221+0000] {dag.py:2726} INFO - Sync 1 DAGs
[2024-10-13T14:21:20.251+0000] {logging_mixin.py:149} INFO - [2024-10-13T14:21:20.250+0000] {dag.py:3490} INFO - Setting next_dagrun for final_project to 2024-10-13T15:00:00+00:00, run_after=2024-10-13T16:00:00+00:00
[2024-10-13T14:21:20.271+0000] {processor.py:178} INFO - Processing /opt/airflow/dags/final_project.py took 0.153 seconds
[2024-10-13T14:21:50.517+0000] {processor.py:156} INFO - Started process (PID=417) to work on /opt/airflow/dags/final_project.py
[2024-10-13T14:21:50.519+0000] {processor.py:799} INFO - Processing file /opt/airflow/dags/final_project.py for tasks to queue
[2024-10-13T14:21:50.520+0000] {logging_mixin.py:149} INFO - [2024-10-13T14:21:50.520+0000] {dagbag.py:541} INFO - Filling up the DagBag from /opt/airflow/dags/final_project.py
[2024-10-13T14:21:50.538+0000] {processor.py:809} INFO - DAG(s) dict_keys(['final_project']) retrieved from /opt/airflow/dags/final_project.py
[2024-10-13T14:21:50.677+0000] {logging_mixin.py:149} INFO - [2024-10-13T14:21:50.677+0000] {dag.py:2726} INFO - Sync 1 DAGs
[2024-10-13T14:21:50.710+0000] {logging_mixin.py:149} INFO - [2024-10-13T14:21:50.709+0000] {dag.py:3490} INFO - Setting next_dagrun for final_project to 2024-10-13T15:00:00+00:00, run_after=2024-10-13T16:00:00+00:00
[2024-10-13T14:21:50.732+0000] {processor.py:178} INFO - Processing /opt/airflow/dags/final_project.py took 0.221 seconds
[2024-10-13T14:22:21.069+0000] {processor.py:156} INFO - Started process (PID=478) to work on /opt/airflow/dags/final_project.py
[2024-10-13T14:22:21.070+0000] {processor.py:799} INFO - Processing file /opt/airflow/dags/final_project.py for tasks to queue
[2024-10-13T14:22:21.072+0000] {logging_mixin.py:149} INFO - [2024-10-13T14:22:21.071+0000] {dagbag.py:541} INFO - Filling up the DagBag from /opt/airflow/dags/final_project.py
[2024-10-13T14:22:21.085+0000] {processor.py:809} INFO - DAG(s) dict_keys(['final_project']) retrieved from /opt/airflow/dags/final_project.py
[2024-10-13T14:22:21.164+0000] {logging_mixin.py:149} INFO - [2024-10-13T14:22:21.164+0000] {dag.py:2726} INFO - Sync 1 DAGs
[2024-10-13T14:22:21.208+0000] {logging_mixin.py:149} INFO - [2024-10-13T14:22:21.208+0000] {dag.py:3490} INFO - Setting next_dagrun for final_project to 2024-10-13T15:00:00+00:00, run_after=2024-10-13T16:00:00+00:00
[2024-10-13T14:22:21.234+0000] {processor.py:178} INFO - Processing /opt/airflow/dags/final_project.py took 0.173 seconds
[2024-10-13T14:22:51.430+0000] {processor.py:156} INFO - Started process (PID=539) to work on /opt/airflow/dags/final_project.py
[2024-10-13T14:22:51.431+0000] {processor.py:799} INFO - Processing file /opt/airflow/dags/final_project.py for tasks to queue
[2024-10-13T14:22:51.432+0000] {logging_mixin.py:149} INFO - [2024-10-13T14:22:51.432+0000] {dagbag.py:541} INFO - Filling up the DagBag from /opt/airflow/dags/final_project.py
[2024-10-13T14:22:51.441+0000] {processor.py:809} INFO - DAG(s) dict_keys(['final_project']) retrieved from /opt/airflow/dags/final_project.py
[2024-10-13T14:22:51.525+0000] {logging_mixin.py:149} INFO - [2024-10-13T14:22:51.524+0000] {dag.py:2726} INFO - Sync 1 DAGs
[2024-10-13T14:22:51.556+0000] {logging_mixin.py:149} INFO - [2024-10-13T14:22:51.556+0000] {dag.py:3490} INFO - Setting next_dagrun for final_project to 2024-10-13T15:00:00+00:00, run_after=2024-10-13T16:00:00+00:00
[2024-10-13T14:22:51.577+0000] {processor.py:178} INFO - Processing /opt/airflow/dags/final_project.py took 0.150 seconds
[2024-10-13T14:23:21.668+0000] {processor.py:156} INFO - Started process (PID=600) to work on /opt/airflow/dags/final_project.py
[2024-10-13T14:23:21.670+0000] {processor.py:799} INFO - Processing file /opt/airflow/dags/final_project.py for tasks to queue
[2024-10-13T14:23:21.671+0000] {logging_mixin.py:149} INFO - [2024-10-13T14:23:21.670+0000] {dagbag.py:541} INFO - Filling up the DagBag from /opt/airflow/dags/final_project.py
[2024-10-13T14:23:21.684+0000] {processor.py:809} INFO - DAG(s) dict_keys(['final_project']) retrieved from /opt/airflow/dags/final_project.py
[2024-10-13T14:23:21.761+0000] {logging_mixin.py:149} INFO - [2024-10-13T14:23:21.761+0000] {dag.py:2726} INFO - Sync 1 DAGs
[2024-10-13T14:23:21.787+0000] {logging_mixin.py:149} INFO - [2024-10-13T14:23:21.786+0000] {dag.py:3490} INFO - Setting next_dagrun for final_project to 2024-10-13T15:00:00+00:00, run_after=2024-10-13T16:00:00+00:00
[2024-10-13T14:23:21.807+0000] {processor.py:178} INFO - Processing /opt/airflow/dags/final_project.py took 0.147 seconds
